[2023-08-28T00:02:04.704+0000] {processor.py:157} INFO - Started process (PID=64) to work on /home/airflow/.local/lib/python3.8/site-packages/airflow/example_dags/example_short_circuit_decorator.py
[2023-08-28T00:02:04.709+0000] {processor.py:829} INFO - Processing file /home/airflow/.local/lib/python3.8/site-packages/airflow/example_dags/example_short_circuit_decorator.py for tasks to queue
[2023-08-28T00:02:04.717+0000] {logging_mixin.py:151} INFO - [2023-08-28T00:02:04.716+0000] {dagbag.py:539} INFO - Filling up the DagBag from /home/airflow/.local/lib/python3.8/site-packages/airflow/example_dags/example_short_circuit_decorator.py
[2023-08-28T00:02:04.745+0000] {processor.py:839} INFO - DAG(s) dict_keys(['example_short_circuit_decorator']) retrieved from /home/airflow/.local/lib/python3.8/site-packages/airflow/example_dags/example_short_circuit_decorator.py
[2023-08-28T00:02:05.324+0000] {logging_mixin.py:151} INFO - [2023-08-28T00:02:05.316+0000] {manager.py:501} INFO - Created Permission View: can edit on DAG:example_short_circuit_decorator
[2023-08-28T00:02:05.362+0000] {logging_mixin.py:151} INFO - [2023-08-28T00:02:05.362+0000] {manager.py:501} INFO - Created Permission View: can delete on DAG:example_short_circuit_decorator
[2023-08-28T00:02:05.375+0000] {logging_mixin.py:151} INFO - [2023-08-28T00:02:05.375+0000] {manager.py:501} INFO - Created Permission View: can read on DAG:example_short_circuit_decorator
[2023-08-28T00:02:05.397+0000] {logging_mixin.py:151} INFO - [2023-08-28T00:02:05.397+0000] {dag.py:2907} INFO - Sync 1 DAGs
[2023-08-28T00:02:05.409+0000] {logging_mixin.py:151} INFO - [2023-08-28T00:02:05.409+0000] {dag.py:2929} INFO - Creating ORM DAG for example_short_circuit_decorator
[2023-08-28T00:02:05.429+0000] {logging_mixin.py:151} INFO - [2023-08-28T00:02:05.429+0000] {dag.py:3677} INFO - Setting next_dagrun for example_short_circuit_decorator to 2023-08-27T00:02:05.428675+00:00, run_after=2023-08-28T00:02:05.428675+00:00
[2023-08-28T00:02:05.446+0000] {processor.py:179} INFO - Processing /home/airflow/.local/lib/python3.8/site-packages/airflow/example_dags/example_short_circuit_decorator.py took 0.751 seconds
[2023-08-28T00:02:35.851+0000] {processor.py:157} INFO - Started process (PID=119) to work on /home/airflow/.local/lib/python3.8/site-packages/airflow/example_dags/example_short_circuit_decorator.py
[2023-08-28T00:02:35.853+0000] {processor.py:829} INFO - Processing file /home/airflow/.local/lib/python3.8/site-packages/airflow/example_dags/example_short_circuit_decorator.py for tasks to queue
[2023-08-28T00:02:35.856+0000] {logging_mixin.py:151} INFO - [2023-08-28T00:02:35.855+0000] {dagbag.py:539} INFO - Filling up the DagBag from /home/airflow/.local/lib/python3.8/site-packages/airflow/example_dags/example_short_circuit_decorator.py
[2023-08-28T00:02:35.994+0000] {processor.py:839} INFO - DAG(s) dict_keys(['example_short_circuit_decorator']) retrieved from /home/airflow/.local/lib/python3.8/site-packages/airflow/example_dags/example_short_circuit_decorator.py
[2023-08-28T00:02:36.099+0000] {logging_mixin.py:151} INFO - [2023-08-28T00:02:36.098+0000] {dag.py:2907} INFO - Sync 1 DAGs
[2023-08-28T00:02:36.137+0000] {logging_mixin.py:151} INFO - [2023-08-28T00:02:36.137+0000] {dag.py:3677} INFO - Setting next_dagrun for example_short_circuit_decorator to 2023-08-27T00:02:36.136517+00:00, run_after=2023-08-28T00:02:36.136517+00:00
[2023-08-28T00:02:36.172+0000] {processor.py:179} INFO - Processing /home/airflow/.local/lib/python3.8/site-packages/airflow/example_dags/example_short_circuit_decorator.py took 0.328 seconds
[2023-08-28T00:03:06.627+0000] {processor.py:157} INFO - Started process (PID=174) to work on /home/airflow/.local/lib/python3.8/site-packages/airflow/example_dags/example_short_circuit_decorator.py
[2023-08-28T00:03:06.631+0000] {processor.py:829} INFO - Processing file /home/airflow/.local/lib/python3.8/site-packages/airflow/example_dags/example_short_circuit_decorator.py for tasks to queue
[2023-08-28T00:03:06.639+0000] {logging_mixin.py:151} INFO - [2023-08-28T00:03:06.637+0000] {dagbag.py:539} INFO - Filling up the DagBag from /home/airflow/.local/lib/python3.8/site-packages/airflow/example_dags/example_short_circuit_decorator.py
[2023-08-28T00:03:06.692+0000] {processor.py:839} INFO - DAG(s) dict_keys(['example_short_circuit_decorator']) retrieved from /home/airflow/.local/lib/python3.8/site-packages/airflow/example_dags/example_short_circuit_decorator.py
[2023-08-28T00:03:06.828+0000] {logging_mixin.py:151} INFO - [2023-08-28T00:03:06.827+0000] {dag.py:2907} INFO - Sync 1 DAGs
[2023-08-28T00:03:06.894+0000] {logging_mixin.py:151} INFO - [2023-08-28T00:03:06.894+0000] {dag.py:3677} INFO - Setting next_dagrun for example_short_circuit_decorator to 2023-08-27T00:03:06.893309+00:00, run_after=2023-08-28T00:03:06.893309+00:00
[2023-08-28T00:03:06.979+0000] {processor.py:179} INFO - Processing /home/airflow/.local/lib/python3.8/site-packages/airflow/example_dags/example_short_circuit_decorator.py took 0.361 seconds
[2023-08-28T00:03:37.068+0000] {processor.py:157} INFO - Started process (PID=228) to work on /home/airflow/.local/lib/python3.8/site-packages/airflow/example_dags/example_short_circuit_decorator.py
[2023-08-28T00:03:37.072+0000] {processor.py:829} INFO - Processing file /home/airflow/.local/lib/python3.8/site-packages/airflow/example_dags/example_short_circuit_decorator.py for tasks to queue
[2023-08-28T00:03:37.080+0000] {logging_mixin.py:151} INFO - [2023-08-28T00:03:37.079+0000] {dagbag.py:539} INFO - Filling up the DagBag from /home/airflow/.local/lib/python3.8/site-packages/airflow/example_dags/example_short_circuit_decorator.py
[2023-08-28T00:03:37.108+0000] {processor.py:839} INFO - DAG(s) dict_keys(['example_short_circuit_decorator']) retrieved from /home/airflow/.local/lib/python3.8/site-packages/airflow/example_dags/example_short_circuit_decorator.py
[2023-08-28T00:03:37.277+0000] {logging_mixin.py:151} INFO - [2023-08-28T00:03:37.277+0000] {dag.py:2907} INFO - Sync 1 DAGs
[2023-08-28T00:03:37.340+0000] {logging_mixin.py:151} INFO - [2023-08-28T00:03:37.340+0000] {dag.py:3677} INFO - Setting next_dagrun for example_short_circuit_decorator to 2023-08-27T00:03:37.338932+00:00, run_after=2023-08-28T00:03:37.338932+00:00
[2023-08-28T00:03:37.396+0000] {processor.py:179} INFO - Processing /home/airflow/.local/lib/python3.8/site-packages/airflow/example_dags/example_short_circuit_decorator.py took 0.332 seconds
[2023-08-28T00:04:07.894+0000] {processor.py:157} INFO - Started process (PID=283) to work on /home/airflow/.local/lib/python3.8/site-packages/airflow/example_dags/example_short_circuit_decorator.py
[2023-08-28T00:04:07.895+0000] {processor.py:829} INFO - Processing file /home/airflow/.local/lib/python3.8/site-packages/airflow/example_dags/example_short_circuit_decorator.py for tasks to queue
[2023-08-28T00:04:07.898+0000] {logging_mixin.py:151} INFO - [2023-08-28T00:04:07.898+0000] {dagbag.py:539} INFO - Filling up the DagBag from /home/airflow/.local/lib/python3.8/site-packages/airflow/example_dags/example_short_circuit_decorator.py
[2023-08-28T00:04:07.912+0000] {processor.py:839} INFO - DAG(s) dict_keys(['example_short_circuit_decorator']) retrieved from /home/airflow/.local/lib/python3.8/site-packages/airflow/example_dags/example_short_circuit_decorator.py
[2023-08-28T00:04:07.990+0000] {logging_mixin.py:151} INFO - [2023-08-28T00:04:07.990+0000] {dag.py:2907} INFO - Sync 1 DAGs
[2023-08-28T00:04:08.025+0000] {logging_mixin.py:151} INFO - [2023-08-28T00:04:08.025+0000] {dag.py:3677} INFO - Setting next_dagrun for example_short_circuit_decorator to 2023-08-27T00:04:08.024650+00:00, run_after=2023-08-28T00:04:08.024650+00:00
[2023-08-28T00:04:08.053+0000] {processor.py:179} INFO - Processing /home/airflow/.local/lib/python3.8/site-packages/airflow/example_dags/example_short_circuit_decorator.py took 0.164 seconds
[2023-08-28T00:04:38.351+0000] {processor.py:157} INFO - Started process (PID=338) to work on /home/airflow/.local/lib/python3.8/site-packages/airflow/example_dags/example_short_circuit_decorator.py
[2023-08-28T00:04:38.352+0000] {processor.py:829} INFO - Processing file /home/airflow/.local/lib/python3.8/site-packages/airflow/example_dags/example_short_circuit_decorator.py for tasks to queue
[2023-08-28T00:04:38.356+0000] {logging_mixin.py:151} INFO - [2023-08-28T00:04:38.356+0000] {dagbag.py:539} INFO - Filling up the DagBag from /home/airflow/.local/lib/python3.8/site-packages/airflow/example_dags/example_short_circuit_decorator.py
[2023-08-28T00:04:38.371+0000] {processor.py:839} INFO - DAG(s) dict_keys(['example_short_circuit_decorator']) retrieved from /home/airflow/.local/lib/python3.8/site-packages/airflow/example_dags/example_short_circuit_decorator.py
[2023-08-28T00:04:38.451+0000] {logging_mixin.py:151} INFO - [2023-08-28T00:04:38.450+0000] {dag.py:2907} INFO - Sync 1 DAGs
[2023-08-28T00:04:38.489+0000] {logging_mixin.py:151} INFO - [2023-08-28T00:04:38.489+0000] {dag.py:3677} INFO - Setting next_dagrun for example_short_circuit_decorator to 2023-08-27T00:04:38.488204+00:00, run_after=2023-08-28T00:04:38.488204+00:00
[2023-08-28T00:04:38.522+0000] {processor.py:179} INFO - Processing /home/airflow/.local/lib/python3.8/site-packages/airflow/example_dags/example_short_circuit_decorator.py took 0.174 seconds
[2023-08-28T00:05:08.666+0000] {processor.py:157} INFO - Started process (PID=393) to work on /home/airflow/.local/lib/python3.8/site-packages/airflow/example_dags/example_short_circuit_decorator.py
[2023-08-28T00:05:08.668+0000] {processor.py:829} INFO - Processing file /home/airflow/.local/lib/python3.8/site-packages/airflow/example_dags/example_short_circuit_decorator.py for tasks to queue
[2023-08-28T00:05:08.671+0000] {logging_mixin.py:151} INFO - [2023-08-28T00:05:08.670+0000] {dagbag.py:539} INFO - Filling up the DagBag from /home/airflow/.local/lib/python3.8/site-packages/airflow/example_dags/example_short_circuit_decorator.py
[2023-08-28T00:05:08.682+0000] {processor.py:839} INFO - DAG(s) dict_keys(['example_short_circuit_decorator']) retrieved from /home/airflow/.local/lib/python3.8/site-packages/airflow/example_dags/example_short_circuit_decorator.py
[2023-08-28T00:05:08.760+0000] {logging_mixin.py:151} INFO - [2023-08-28T00:05:08.760+0000] {dag.py:2907} INFO - Sync 1 DAGs
[2023-08-28T00:05:08.798+0000] {logging_mixin.py:151} INFO - [2023-08-28T00:05:08.798+0000] {dag.py:3677} INFO - Setting next_dagrun for example_short_circuit_decorator to 2023-08-27T00:05:08.797258+00:00, run_after=2023-08-28T00:05:08.797258+00:00
[2023-08-28T00:05:08.837+0000] {processor.py:179} INFO - Processing /home/airflow/.local/lib/python3.8/site-packages/airflow/example_dags/example_short_circuit_decorator.py took 0.173 seconds
[2023-08-28T00:08:51.964+0000] {processor.py:157} INFO - Started process (PID=72) to work on /home/airflow/.local/lib/python3.8/site-packages/airflow/example_dags/example_short_circuit_decorator.py
[2023-08-28T00:08:51.966+0000] {processor.py:829} INFO - Processing file /home/airflow/.local/lib/python3.8/site-packages/airflow/example_dags/example_short_circuit_decorator.py for tasks to queue
[2023-08-28T00:08:51.973+0000] {logging_mixin.py:151} INFO - [2023-08-28T00:08:51.973+0000] {dagbag.py:539} INFO - Filling up the DagBag from /home/airflow/.local/lib/python3.8/site-packages/airflow/example_dags/example_short_circuit_decorator.py
[2023-08-28T00:08:52.008+0000] {processor.py:839} INFO - DAG(s) dict_keys(['example_short_circuit_decorator']) retrieved from /home/airflow/.local/lib/python3.8/site-packages/airflow/example_dags/example_short_circuit_decorator.py
[2023-08-28T00:08:52.149+0000] {logging_mixin.py:151} INFO - [2023-08-28T00:08:52.149+0000] {dag.py:2907} INFO - Sync 1 DAGs
[2023-08-28T00:08:52.208+0000] {logging_mixin.py:151} INFO - [2023-08-28T00:08:52.208+0000] {dag.py:3677} INFO - Setting next_dagrun for example_short_circuit_decorator to 2023-08-27T00:08:52.207246+00:00, run_after=2023-08-28T00:08:52.207246+00:00
[2023-08-28T00:08:52.419+0000] {processor.py:179} INFO - Processing /home/airflow/.local/lib/python3.8/site-packages/airflow/example_dags/example_short_circuit_decorator.py took 0.463 seconds
[2023-08-28T00:09:26.247+0000] {processor.py:157} INFO - Started process (PID=127) to work on /home/airflow/.local/lib/python3.8/site-packages/airflow/example_dags/example_short_circuit_decorator.py
[2023-08-28T00:09:26.262+0000] {processor.py:829} INFO - Processing file /home/airflow/.local/lib/python3.8/site-packages/airflow/example_dags/example_short_circuit_decorator.py for tasks to queue
[2023-08-28T00:09:26.488+0000] {logging_mixin.py:151} INFO - [2023-08-28T00:09:26.269+0000] {dagbag.py:539} INFO - Filling up the DagBag from /home/airflow/.local/lib/python3.8/site-packages/airflow/example_dags/example_short_circuit_decorator.py
[2023-08-28T00:09:26.517+0000] {processor.py:839} INFO - DAG(s) dict_keys(['example_short_circuit_decorator']) retrieved from /home/airflow/.local/lib/python3.8/site-packages/airflow/example_dags/example_short_circuit_decorator.py
[2023-08-28T00:09:26.845+0000] {logging_mixin.py:151} INFO - [2023-08-28T00:09:26.843+0000] {dag.py:2907} INFO - Sync 1 DAGs
[2023-08-28T00:09:27.047+0000] {logging_mixin.py:151} INFO - [2023-08-28T00:09:27.045+0000] {dag.py:3677} INFO - Setting next_dagrun for example_short_circuit_decorator to 2023-08-27T00:09:27.040539+00:00, run_after=2023-08-28T00:09:27.040539+00:00
[2023-08-28T00:09:27.131+0000] {processor.py:179} INFO - Processing /home/airflow/.local/lib/python3.8/site-packages/airflow/example_dags/example_short_circuit_decorator.py took 0.928 seconds
[2023-08-28T00:09:57.387+0000] {processor.py:157} INFO - Started process (PID=182) to work on /home/airflow/.local/lib/python3.8/site-packages/airflow/example_dags/example_short_circuit_decorator.py
[2023-08-28T00:09:57.389+0000] {processor.py:829} INFO - Processing file /home/airflow/.local/lib/python3.8/site-packages/airflow/example_dags/example_short_circuit_decorator.py for tasks to queue
[2023-08-28T00:09:57.394+0000] {logging_mixin.py:151} INFO - [2023-08-28T00:09:57.393+0000] {dagbag.py:539} INFO - Filling up the DagBag from /home/airflow/.local/lib/python3.8/site-packages/airflow/example_dags/example_short_circuit_decorator.py
[2023-08-28T00:09:57.422+0000] {processor.py:839} INFO - DAG(s) dict_keys(['example_short_circuit_decorator']) retrieved from /home/airflow/.local/lib/python3.8/site-packages/airflow/example_dags/example_short_circuit_decorator.py
[2023-08-28T00:09:57.593+0000] {logging_mixin.py:151} INFO - [2023-08-28T00:09:57.593+0000] {dag.py:2907} INFO - Sync 1 DAGs
[2023-08-28T00:09:57.665+0000] {logging_mixin.py:151} INFO - [2023-08-28T00:09:57.665+0000] {dag.py:3677} INFO - Setting next_dagrun for example_short_circuit_decorator to 2023-08-27T00:09:57.663607+00:00, run_after=2023-08-28T00:09:57.663607+00:00
[2023-08-28T00:09:57.703+0000] {processor.py:179} INFO - Processing /home/airflow/.local/lib/python3.8/site-packages/airflow/example_dags/example_short_circuit_decorator.py took 0.322 seconds
[2023-08-28T00:10:28.098+0000] {processor.py:157} INFO - Started process (PID=237) to work on /home/airflow/.local/lib/python3.8/site-packages/airflow/example_dags/example_short_circuit_decorator.py
[2023-08-28T00:10:28.100+0000] {processor.py:829} INFO - Processing file /home/airflow/.local/lib/python3.8/site-packages/airflow/example_dags/example_short_circuit_decorator.py for tasks to queue
[2023-08-28T00:10:28.104+0000] {logging_mixin.py:151} INFO - [2023-08-28T00:10:28.103+0000] {dagbag.py:539} INFO - Filling up the DagBag from /home/airflow/.local/lib/python3.8/site-packages/airflow/example_dags/example_short_circuit_decorator.py
[2023-08-28T00:10:28.121+0000] {processor.py:839} INFO - DAG(s) dict_keys(['example_short_circuit_decorator']) retrieved from /home/airflow/.local/lib/python3.8/site-packages/airflow/example_dags/example_short_circuit_decorator.py
[2023-08-28T00:10:28.200+0000] {logging_mixin.py:151} INFO - [2023-08-28T00:10:28.199+0000] {dag.py:2907} INFO - Sync 1 DAGs
[2023-08-28T00:10:28.236+0000] {logging_mixin.py:151} INFO - [2023-08-28T00:10:28.236+0000] {dag.py:3677} INFO - Setting next_dagrun for example_short_circuit_decorator to 2023-08-27T00:10:28.235761+00:00, run_after=2023-08-28T00:10:28.235761+00:00
[2023-08-28T00:10:28.263+0000] {processor.py:179} INFO - Processing /home/airflow/.local/lib/python3.8/site-packages/airflow/example_dags/example_short_circuit_decorator.py took 0.171 seconds
[2023-08-28T00:10:58.363+0000] {processor.py:157} INFO - Started process (PID=292) to work on /home/airflow/.local/lib/python3.8/site-packages/airflow/example_dags/example_short_circuit_decorator.py
[2023-08-28T00:10:58.364+0000] {processor.py:829} INFO - Processing file /home/airflow/.local/lib/python3.8/site-packages/airflow/example_dags/example_short_circuit_decorator.py for tasks to queue
[2023-08-28T00:10:58.367+0000] {logging_mixin.py:151} INFO - [2023-08-28T00:10:58.367+0000] {dagbag.py:539} INFO - Filling up the DagBag from /home/airflow/.local/lib/python3.8/site-packages/airflow/example_dags/example_short_circuit_decorator.py
[2023-08-28T00:10:58.384+0000] {processor.py:839} INFO - DAG(s) dict_keys(['example_short_circuit_decorator']) retrieved from /home/airflow/.local/lib/python3.8/site-packages/airflow/example_dags/example_short_circuit_decorator.py
[2023-08-28T00:10:58.464+0000] {logging_mixin.py:151} INFO - [2023-08-28T00:10:58.463+0000] {dag.py:2907} INFO - Sync 1 DAGs
[2023-08-28T00:10:58.500+0000] {logging_mixin.py:151} INFO - [2023-08-28T00:10:58.500+0000] {dag.py:3677} INFO - Setting next_dagrun for example_short_circuit_decorator to 2023-08-27T00:10:58.499887+00:00, run_after=2023-08-28T00:10:58.499887+00:00
[2023-08-28T00:10:58.526+0000] {processor.py:179} INFO - Processing /home/airflow/.local/lib/python3.8/site-packages/airflow/example_dags/example_short_circuit_decorator.py took 0.168 seconds
[2023-08-28T00:11:28.701+0000] {processor.py:157} INFO - Started process (PID=346) to work on /home/airflow/.local/lib/python3.8/site-packages/airflow/example_dags/example_short_circuit_decorator.py
[2023-08-28T00:11:28.703+0000] {processor.py:829} INFO - Processing file /home/airflow/.local/lib/python3.8/site-packages/airflow/example_dags/example_short_circuit_decorator.py for tasks to queue
[2023-08-28T00:11:28.706+0000] {logging_mixin.py:151} INFO - [2023-08-28T00:11:28.705+0000] {dagbag.py:539} INFO - Filling up the DagBag from /home/airflow/.local/lib/python3.8/site-packages/airflow/example_dags/example_short_circuit_decorator.py
[2023-08-28T00:11:28.720+0000] {processor.py:839} INFO - DAG(s) dict_keys(['example_short_circuit_decorator']) retrieved from /home/airflow/.local/lib/python3.8/site-packages/airflow/example_dags/example_short_circuit_decorator.py
[2023-08-28T00:11:28.797+0000] {logging_mixin.py:151} INFO - [2023-08-28T00:11:28.797+0000] {dag.py:2907} INFO - Sync 1 DAGs
[2023-08-28T00:11:28.833+0000] {logging_mixin.py:151} INFO - [2023-08-28T00:11:28.833+0000] {dag.py:3677} INFO - Setting next_dagrun for example_short_circuit_decorator to 2023-08-27T00:11:28.832561+00:00, run_after=2023-08-28T00:11:28.832561+00:00
[2023-08-28T00:11:28.859+0000] {processor.py:179} INFO - Processing /home/airflow/.local/lib/python3.8/site-packages/airflow/example_dags/example_short_circuit_decorator.py took 0.162 seconds
[2023-08-28T00:11:58.948+0000] {processor.py:157} INFO - Started process (PID=400) to work on /home/airflow/.local/lib/python3.8/site-packages/airflow/example_dags/example_short_circuit_decorator.py
[2023-08-28T00:11:58.950+0000] {processor.py:829} INFO - Processing file /home/airflow/.local/lib/python3.8/site-packages/airflow/example_dags/example_short_circuit_decorator.py for tasks to queue
[2023-08-28T00:11:58.953+0000] {logging_mixin.py:151} INFO - [2023-08-28T00:11:58.952+0000] {dagbag.py:539} INFO - Filling up the DagBag from /home/airflow/.local/lib/python3.8/site-packages/airflow/example_dags/example_short_circuit_decorator.py
[2023-08-28T00:11:58.968+0000] {processor.py:839} INFO - DAG(s) dict_keys(['example_short_circuit_decorator']) retrieved from /home/airflow/.local/lib/python3.8/site-packages/airflow/example_dags/example_short_circuit_decorator.py
[2023-08-28T00:11:59.046+0000] {logging_mixin.py:151} INFO - [2023-08-28T00:11:59.046+0000] {dag.py:2907} INFO - Sync 1 DAGs
[2023-08-28T00:11:59.081+0000] {logging_mixin.py:151} INFO - [2023-08-28T00:11:59.080+0000] {dag.py:3677} INFO - Setting next_dagrun for example_short_circuit_decorator to 2023-08-27T00:11:59.080237+00:00, run_after=2023-08-28T00:11:59.080237+00:00
[2023-08-28T00:11:59.108+0000] {processor.py:179} INFO - Processing /home/airflow/.local/lib/python3.8/site-packages/airflow/example_dags/example_short_circuit_decorator.py took 0.164 seconds
[2023-08-28T00:12:29.755+0000] {processor.py:157} INFO - Started process (PID=455) to work on /home/airflow/.local/lib/python3.8/site-packages/airflow/example_dags/example_short_circuit_decorator.py
[2023-08-28T00:12:29.757+0000] {processor.py:829} INFO - Processing file /home/airflow/.local/lib/python3.8/site-packages/airflow/example_dags/example_short_circuit_decorator.py for tasks to queue
[2023-08-28T00:12:29.761+0000] {logging_mixin.py:151} INFO - [2023-08-28T00:12:29.760+0000] {dagbag.py:539} INFO - Filling up the DagBag from /home/airflow/.local/lib/python3.8/site-packages/airflow/example_dags/example_short_circuit_decorator.py
[2023-08-28T00:12:29.836+0000] {processor.py:839} INFO - DAG(s) dict_keys(['example_short_circuit_decorator']) retrieved from /home/airflow/.local/lib/python3.8/site-packages/airflow/example_dags/example_short_circuit_decorator.py
[2023-08-28T00:12:30.023+0000] {logging_mixin.py:151} INFO - [2023-08-28T00:12:30.023+0000] {dag.py:2907} INFO - Sync 1 DAGs
[2023-08-28T00:12:30.087+0000] {logging_mixin.py:151} INFO - [2023-08-28T00:12:30.087+0000] {dag.py:3677} INFO - Setting next_dagrun for example_short_circuit_decorator to 2023-08-27T00:12:30.085923+00:00, run_after=2023-08-28T00:12:30.085923+00:00
[2023-08-28T00:12:30.141+0000] {processor.py:179} INFO - Processing /home/airflow/.local/lib/python3.8/site-packages/airflow/example_dags/example_short_circuit_decorator.py took 0.390 seconds
[2023-08-28T00:13:00.253+0000] {processor.py:157} INFO - Started process (PID=510) to work on /home/airflow/.local/lib/python3.8/site-packages/airflow/example_dags/example_short_circuit_decorator.py
[2023-08-28T00:13:00.255+0000] {processor.py:829} INFO - Processing file /home/airflow/.local/lib/python3.8/site-packages/airflow/example_dags/example_short_circuit_decorator.py for tasks to queue
[2023-08-28T00:13:00.258+0000] {logging_mixin.py:151} INFO - [2023-08-28T00:13:00.258+0000] {dagbag.py:539} INFO - Filling up the DagBag from /home/airflow/.local/lib/python3.8/site-packages/airflow/example_dags/example_short_circuit_decorator.py
[2023-08-28T00:13:00.275+0000] {processor.py:839} INFO - DAG(s) dict_keys(['example_short_circuit_decorator']) retrieved from /home/airflow/.local/lib/python3.8/site-packages/airflow/example_dags/example_short_circuit_decorator.py
[2023-08-28T00:13:00.358+0000] {logging_mixin.py:151} INFO - [2023-08-28T00:13:00.357+0000] {dag.py:2907} INFO - Sync 1 DAGs
[2023-08-28T00:13:00.395+0000] {logging_mixin.py:151} INFO - [2023-08-28T00:13:00.395+0000] {dag.py:3677} INFO - Setting next_dagrun for example_short_circuit_decorator to 2023-08-27T00:13:00.394544+00:00, run_after=2023-08-28T00:13:00.394544+00:00
[2023-08-28T00:13:00.423+0000] {processor.py:179} INFO - Processing /home/airflow/.local/lib/python3.8/site-packages/airflow/example_dags/example_short_circuit_decorator.py took 0.175 seconds
[2023-08-28T00:13:31.095+0000] {processor.py:157} INFO - Started process (PID=564) to work on /home/airflow/.local/lib/python3.8/site-packages/airflow/example_dags/example_short_circuit_decorator.py
[2023-08-28T00:13:31.096+0000] {processor.py:829} INFO - Processing file /home/airflow/.local/lib/python3.8/site-packages/airflow/example_dags/example_short_circuit_decorator.py for tasks to queue
[2023-08-28T00:13:31.099+0000] {logging_mixin.py:151} INFO - [2023-08-28T00:13:31.099+0000] {dagbag.py:539} INFO - Filling up the DagBag from /home/airflow/.local/lib/python3.8/site-packages/airflow/example_dags/example_short_circuit_decorator.py
[2023-08-28T00:13:31.112+0000] {processor.py:839} INFO - DAG(s) dict_keys(['example_short_circuit_decorator']) retrieved from /home/airflow/.local/lib/python3.8/site-packages/airflow/example_dags/example_short_circuit_decorator.py
[2023-08-28T00:13:31.186+0000] {logging_mixin.py:151} INFO - [2023-08-28T00:13:31.186+0000] {dag.py:2907} INFO - Sync 1 DAGs
[2023-08-28T00:13:31.221+0000] {logging_mixin.py:151} INFO - [2023-08-28T00:13:31.220+0000] {dag.py:3677} INFO - Setting next_dagrun for example_short_circuit_decorator to 2023-08-27T00:13:31.220022+00:00, run_after=2023-08-28T00:13:31.220022+00:00
[2023-08-28T00:13:31.246+0000] {processor.py:179} INFO - Processing /home/airflow/.local/lib/python3.8/site-packages/airflow/example_dags/example_short_circuit_decorator.py took 0.154 seconds
[2023-08-28T00:14:01.721+0000] {processor.py:157} INFO - Started process (PID=619) to work on /home/airflow/.local/lib/python3.8/site-packages/airflow/example_dags/example_short_circuit_decorator.py
[2023-08-28T00:14:01.723+0000] {processor.py:829} INFO - Processing file /home/airflow/.local/lib/python3.8/site-packages/airflow/example_dags/example_short_circuit_decorator.py for tasks to queue
[2023-08-28T00:14:01.725+0000] {logging_mixin.py:151} INFO - [2023-08-28T00:14:01.725+0000] {dagbag.py:539} INFO - Filling up the DagBag from /home/airflow/.local/lib/python3.8/site-packages/airflow/example_dags/example_short_circuit_decorator.py
[2023-08-28T00:14:01.740+0000] {processor.py:839} INFO - DAG(s) dict_keys(['example_short_circuit_decorator']) retrieved from /home/airflow/.local/lib/python3.8/site-packages/airflow/example_dags/example_short_circuit_decorator.py
[2023-08-28T00:14:01.839+0000] {logging_mixin.py:151} INFO - [2023-08-28T00:14:01.838+0000] {dag.py:2907} INFO - Sync 1 DAGs
[2023-08-28T00:14:01.890+0000] {logging_mixin.py:151} INFO - [2023-08-28T00:14:01.890+0000] {dag.py:3677} INFO - Setting next_dagrun for example_short_circuit_decorator to 2023-08-27T00:14:01.889101+00:00, run_after=2023-08-28T00:14:01.889101+00:00
[2023-08-28T00:14:01.940+0000] {processor.py:179} INFO - Processing /home/airflow/.local/lib/python3.8/site-packages/airflow/example_dags/example_short_circuit_decorator.py took 0.223 seconds
[2023-08-28T00:14:32.063+0000] {processor.py:157} INFO - Started process (PID=674) to work on /home/airflow/.local/lib/python3.8/site-packages/airflow/example_dags/example_short_circuit_decorator.py
[2023-08-28T00:14:32.066+0000] {processor.py:829} INFO - Processing file /home/airflow/.local/lib/python3.8/site-packages/airflow/example_dags/example_short_circuit_decorator.py for tasks to queue
[2023-08-28T00:14:32.070+0000] {logging_mixin.py:151} INFO - [2023-08-28T00:14:32.069+0000] {dagbag.py:539} INFO - Filling up the DagBag from /home/airflow/.local/lib/python3.8/site-packages/airflow/example_dags/example_short_circuit_decorator.py
[2023-08-28T00:14:32.090+0000] {processor.py:839} INFO - DAG(s) dict_keys(['example_short_circuit_decorator']) retrieved from /home/airflow/.local/lib/python3.8/site-packages/airflow/example_dags/example_short_circuit_decorator.py
[2023-08-28T00:14:32.175+0000] {logging_mixin.py:151} INFO - [2023-08-28T00:14:32.175+0000] {dag.py:2907} INFO - Sync 1 DAGs
[2023-08-28T00:14:32.210+0000] {logging_mixin.py:151} INFO - [2023-08-28T00:14:32.209+0000] {dag.py:3677} INFO - Setting next_dagrun for example_short_circuit_decorator to 2023-08-27T00:14:32.208858+00:00, run_after=2023-08-28T00:14:32.208858+00:00
[2023-08-28T00:14:32.245+0000] {processor.py:179} INFO - Processing /home/airflow/.local/lib/python3.8/site-packages/airflow/example_dags/example_short_circuit_decorator.py took 0.190 seconds
[2023-08-28T00:15:03.067+0000] {processor.py:157} INFO - Started process (PID=729) to work on /home/airflow/.local/lib/python3.8/site-packages/airflow/example_dags/example_short_circuit_decorator.py
[2023-08-28T00:15:03.069+0000] {processor.py:829} INFO - Processing file /home/airflow/.local/lib/python3.8/site-packages/airflow/example_dags/example_short_circuit_decorator.py for tasks to queue
[2023-08-28T00:15:03.072+0000] {logging_mixin.py:151} INFO - [2023-08-28T00:15:03.071+0000] {dagbag.py:539} INFO - Filling up the DagBag from /home/airflow/.local/lib/python3.8/site-packages/airflow/example_dags/example_short_circuit_decorator.py
[2023-08-28T00:15:03.087+0000] {processor.py:839} INFO - DAG(s) dict_keys(['example_short_circuit_decorator']) retrieved from /home/airflow/.local/lib/python3.8/site-packages/airflow/example_dags/example_short_circuit_decorator.py
[2023-08-28T00:15:03.166+0000] {logging_mixin.py:151} INFO - [2023-08-28T00:15:03.165+0000] {dag.py:2907} INFO - Sync 1 DAGs
[2023-08-28T00:15:03.200+0000] {logging_mixin.py:151} INFO - [2023-08-28T00:15:03.200+0000] {dag.py:3677} INFO - Setting next_dagrun for example_short_circuit_decorator to 2023-08-27T00:15:03.199466+00:00, run_after=2023-08-28T00:15:03.199466+00:00
[2023-08-28T00:15:03.227+0000] {processor.py:179} INFO - Processing /home/airflow/.local/lib/python3.8/site-packages/airflow/example_dags/example_short_circuit_decorator.py took 0.163 seconds
[2023-08-28T00:15:33.710+0000] {processor.py:157} INFO - Started process (PID=784) to work on /home/airflow/.local/lib/python3.8/site-packages/airflow/example_dags/example_short_circuit_decorator.py
[2023-08-28T00:15:33.712+0000] {processor.py:829} INFO - Processing file /home/airflow/.local/lib/python3.8/site-packages/airflow/example_dags/example_short_circuit_decorator.py for tasks to queue
[2023-08-28T00:15:33.714+0000] {logging_mixin.py:151} INFO - [2023-08-28T00:15:33.714+0000] {dagbag.py:539} INFO - Filling up the DagBag from /home/airflow/.local/lib/python3.8/site-packages/airflow/example_dags/example_short_circuit_decorator.py
[2023-08-28T00:15:33.728+0000] {processor.py:839} INFO - DAG(s) dict_keys(['example_short_circuit_decorator']) retrieved from /home/airflow/.local/lib/python3.8/site-packages/airflow/example_dags/example_short_circuit_decorator.py
[2023-08-28T00:15:33.806+0000] {logging_mixin.py:151} INFO - [2023-08-28T00:15:33.805+0000] {dag.py:2907} INFO - Sync 1 DAGs
[2023-08-28T00:15:33.841+0000] {logging_mixin.py:151} INFO - [2023-08-28T00:15:33.841+0000] {dag.py:3677} INFO - Setting next_dagrun for example_short_circuit_decorator to 2023-08-27T00:15:33.840905+00:00, run_after=2023-08-28T00:15:33.840905+00:00
[2023-08-28T00:15:33.867+0000] {processor.py:179} INFO - Processing /home/airflow/.local/lib/python3.8/site-packages/airflow/example_dags/example_short_circuit_decorator.py took 0.160 seconds
[2023-08-28T00:16:04.575+0000] {processor.py:157} INFO - Started process (PID=839) to work on /home/airflow/.local/lib/python3.8/site-packages/airflow/example_dags/example_short_circuit_decorator.py
[2023-08-28T00:16:04.577+0000] {processor.py:829} INFO - Processing file /home/airflow/.local/lib/python3.8/site-packages/airflow/example_dags/example_short_circuit_decorator.py for tasks to queue
[2023-08-28T00:16:04.581+0000] {logging_mixin.py:151} INFO - [2023-08-28T00:16:04.581+0000] {dagbag.py:539} INFO - Filling up the DagBag from /home/airflow/.local/lib/python3.8/site-packages/airflow/example_dags/example_short_circuit_decorator.py
[2023-08-28T00:16:04.601+0000] {processor.py:839} INFO - DAG(s) dict_keys(['example_short_circuit_decorator']) retrieved from /home/airflow/.local/lib/python3.8/site-packages/airflow/example_dags/example_short_circuit_decorator.py
[2023-08-28T00:16:04.694+0000] {logging_mixin.py:151} INFO - [2023-08-28T00:16:04.694+0000] {dag.py:2907} INFO - Sync 1 DAGs
[2023-08-28T00:16:04.733+0000] {logging_mixin.py:151} INFO - [2023-08-28T00:16:04.733+0000] {dag.py:3677} INFO - Setting next_dagrun for example_short_circuit_decorator to 2023-08-27T00:16:04.732525+00:00, run_after=2023-08-28T00:16:04.732525+00:00
[2023-08-28T00:16:04.762+0000] {processor.py:179} INFO - Processing /home/airflow/.local/lib/python3.8/site-packages/airflow/example_dags/example_short_circuit_decorator.py took 0.191 seconds
[2023-08-28T00:16:35.041+0000] {processor.py:157} INFO - Started process (PID=894) to work on /home/airflow/.local/lib/python3.8/site-packages/airflow/example_dags/example_short_circuit_decorator.py
[2023-08-28T00:16:35.044+0000] {processor.py:829} INFO - Processing file /home/airflow/.local/lib/python3.8/site-packages/airflow/example_dags/example_short_circuit_decorator.py for tasks to queue
[2023-08-28T00:16:35.048+0000] {logging_mixin.py:151} INFO - [2023-08-28T00:16:35.047+0000] {dagbag.py:539} INFO - Filling up the DagBag from /home/airflow/.local/lib/python3.8/site-packages/airflow/example_dags/example_short_circuit_decorator.py
[2023-08-28T00:16:35.063+0000] {processor.py:839} INFO - DAG(s) dict_keys(['example_short_circuit_decorator']) retrieved from /home/airflow/.local/lib/python3.8/site-packages/airflow/example_dags/example_short_circuit_decorator.py
[2023-08-28T00:16:35.161+0000] {logging_mixin.py:151} INFO - [2023-08-28T00:16:35.161+0000] {dag.py:2907} INFO - Sync 1 DAGs
[2023-08-28T00:16:35.209+0000] {logging_mixin.py:151} INFO - [2023-08-28T00:16:35.208+0000] {dag.py:3677} INFO - Setting next_dagrun for example_short_circuit_decorator to 2023-08-27T00:16:35.207567+00:00, run_after=2023-08-28T00:16:35.207567+00:00
[2023-08-28T00:16:35.243+0000] {processor.py:179} INFO - Processing /home/airflow/.local/lib/python3.8/site-packages/airflow/example_dags/example_short_circuit_decorator.py took 0.207 seconds
[2023-08-28T00:17:05.282+0000] {processor.py:157} INFO - Started process (PID=949) to work on /home/airflow/.local/lib/python3.8/site-packages/airflow/example_dags/example_short_circuit_decorator.py
[2023-08-28T00:17:05.284+0000] {processor.py:829} INFO - Processing file /home/airflow/.local/lib/python3.8/site-packages/airflow/example_dags/example_short_circuit_decorator.py for tasks to queue
[2023-08-28T00:17:05.287+0000] {logging_mixin.py:151} INFO - [2023-08-28T00:17:05.287+0000] {dagbag.py:539} INFO - Filling up the DagBag from /home/airflow/.local/lib/python3.8/site-packages/airflow/example_dags/example_short_circuit_decorator.py
[2023-08-28T00:17:05.301+0000] {processor.py:839} INFO - DAG(s) dict_keys(['example_short_circuit_decorator']) retrieved from /home/airflow/.local/lib/python3.8/site-packages/airflow/example_dags/example_short_circuit_decorator.py
[2023-08-28T00:17:05.381+0000] {logging_mixin.py:151} INFO - [2023-08-28T00:17:05.381+0000] {dag.py:2907} INFO - Sync 1 DAGs
[2023-08-28T00:17:05.425+0000] {logging_mixin.py:151} INFO - [2023-08-28T00:17:05.424+0000] {dag.py:3677} INFO - Setting next_dagrun for example_short_circuit_decorator to 2023-08-27T00:17:05.424127+00:00, run_after=2023-08-28T00:17:05.424127+00:00
[2023-08-28T00:17:05.452+0000] {processor.py:179} INFO - Processing /home/airflow/.local/lib/python3.8/site-packages/airflow/example_dags/example_short_circuit_decorator.py took 0.174 seconds
[2023-08-28T00:17:35.838+0000] {processor.py:157} INFO - Started process (PID=1004) to work on /home/airflow/.local/lib/python3.8/site-packages/airflow/example_dags/example_short_circuit_decorator.py
[2023-08-28T00:17:35.841+0000] {processor.py:829} INFO - Processing file /home/airflow/.local/lib/python3.8/site-packages/airflow/example_dags/example_short_circuit_decorator.py for tasks to queue
[2023-08-28T00:17:35.847+0000] {logging_mixin.py:151} INFO - [2023-08-28T00:17:35.846+0000] {dagbag.py:539} INFO - Filling up the DagBag from /home/airflow/.local/lib/python3.8/site-packages/airflow/example_dags/example_short_circuit_decorator.py
[2023-08-28T00:17:35.869+0000] {processor.py:839} INFO - DAG(s) dict_keys(['example_short_circuit_decorator']) retrieved from /home/airflow/.local/lib/python3.8/site-packages/airflow/example_dags/example_short_circuit_decorator.py
[2023-08-28T00:17:35.959+0000] {logging_mixin.py:151} INFO - [2023-08-28T00:17:35.958+0000] {dag.py:2907} INFO - Sync 1 DAGs
[2023-08-28T00:17:36.008+0000] {logging_mixin.py:151} INFO - [2023-08-28T00:17:36.007+0000] {dag.py:3677} INFO - Setting next_dagrun for example_short_circuit_decorator to 2023-08-27T00:17:36.005280+00:00, run_after=2023-08-28T00:17:36.005280+00:00
[2023-08-28T00:17:36.047+0000] {processor.py:179} INFO - Processing /home/airflow/.local/lib/python3.8/site-packages/airflow/example_dags/example_short_circuit_decorator.py took 0.214 seconds
[2023-08-28T00:18:08.070+0000] {processor.py:157} INFO - Started process (PID=1059) to work on /home/airflow/.local/lib/python3.8/site-packages/airflow/example_dags/example_short_circuit_decorator.py
[2023-08-28T00:18:08.073+0000] {processor.py:829} INFO - Processing file /home/airflow/.local/lib/python3.8/site-packages/airflow/example_dags/example_short_circuit_decorator.py for tasks to queue
[2023-08-28T00:18:08.081+0000] {logging_mixin.py:151} INFO - [2023-08-28T00:18:08.080+0000] {dagbag.py:539} INFO - Filling up the DagBag from /home/airflow/.local/lib/python3.8/site-packages/airflow/example_dags/example_short_circuit_decorator.py
[2023-08-28T00:18:08.099+0000] {processor.py:839} INFO - DAG(s) dict_keys(['example_short_circuit_decorator']) retrieved from /home/airflow/.local/lib/python3.8/site-packages/airflow/example_dags/example_short_circuit_decorator.py
[2023-08-28T00:18:08.194+0000] {logging_mixin.py:151} INFO - [2023-08-28T00:18:08.194+0000] {dag.py:2907} INFO - Sync 1 DAGs
[2023-08-28T00:18:08.242+0000] {logging_mixin.py:151} INFO - [2023-08-28T00:18:08.242+0000] {dag.py:3677} INFO - Setting next_dagrun for example_short_circuit_decorator to 2023-08-27T00:18:08.241024+00:00, run_after=2023-08-28T00:18:08.241024+00:00
[2023-08-28T00:18:08.283+0000] {processor.py:179} INFO - Processing /home/airflow/.local/lib/python3.8/site-packages/airflow/example_dags/example_short_circuit_decorator.py took 0.217 seconds
[2023-08-28T00:18:38.487+0000] {processor.py:157} INFO - Started process (PID=1113) to work on /home/airflow/.local/lib/python3.8/site-packages/airflow/example_dags/example_short_circuit_decorator.py
[2023-08-28T00:18:38.489+0000] {processor.py:829} INFO - Processing file /home/airflow/.local/lib/python3.8/site-packages/airflow/example_dags/example_short_circuit_decorator.py for tasks to queue
[2023-08-28T00:18:38.493+0000] {logging_mixin.py:151} INFO - [2023-08-28T00:18:38.492+0000] {dagbag.py:539} INFO - Filling up the DagBag from /home/airflow/.local/lib/python3.8/site-packages/airflow/example_dags/example_short_circuit_decorator.py
[2023-08-28T00:18:38.521+0000] {processor.py:839} INFO - DAG(s) dict_keys(['example_short_circuit_decorator']) retrieved from /home/airflow/.local/lib/python3.8/site-packages/airflow/example_dags/example_short_circuit_decorator.py
[2023-08-28T00:18:38.640+0000] {logging_mixin.py:151} INFO - [2023-08-28T00:18:38.639+0000] {dag.py:2907} INFO - Sync 1 DAGs
[2023-08-28T00:18:38.745+0000] {logging_mixin.py:151} INFO - [2023-08-28T00:18:38.739+0000] {dag.py:3677} INFO - Setting next_dagrun for example_short_circuit_decorator to 2023-08-27T00:18:38.729258+00:00, run_after=2023-08-28T00:18:38.729258+00:00
[2023-08-28T00:18:38.881+0000] {processor.py:179} INFO - Processing /home/airflow/.local/lib/python3.8/site-packages/airflow/example_dags/example_short_circuit_decorator.py took 0.400 seconds
[2023-08-28T00:19:09.705+0000] {processor.py:157} INFO - Started process (PID=1168) to work on /home/airflow/.local/lib/python3.8/site-packages/airflow/example_dags/example_short_circuit_decorator.py
[2023-08-28T00:19:09.707+0000] {processor.py:829} INFO - Processing file /home/airflow/.local/lib/python3.8/site-packages/airflow/example_dags/example_short_circuit_decorator.py for tasks to queue
[2023-08-28T00:19:09.709+0000] {logging_mixin.py:151} INFO - [2023-08-28T00:19:09.709+0000] {dagbag.py:539} INFO - Filling up the DagBag from /home/airflow/.local/lib/python3.8/site-packages/airflow/example_dags/example_short_circuit_decorator.py
[2023-08-28T00:19:09.723+0000] {processor.py:839} INFO - DAG(s) dict_keys(['example_short_circuit_decorator']) retrieved from /home/airflow/.local/lib/python3.8/site-packages/airflow/example_dags/example_short_circuit_decorator.py
[2023-08-28T00:19:09.872+0000] {logging_mixin.py:151} INFO - [2023-08-28T00:19:09.871+0000] {dag.py:2907} INFO - Sync 1 DAGs
[2023-08-28T00:19:09.920+0000] {logging_mixin.py:151} INFO - [2023-08-28T00:19:09.919+0000] {dag.py:3677} INFO - Setting next_dagrun for example_short_circuit_decorator to 2023-08-27T00:19:09.918563+00:00, run_after=2023-08-28T00:19:09.918563+00:00
[2023-08-28T00:19:09.948+0000] {processor.py:179} INFO - Processing /home/airflow/.local/lib/python3.8/site-packages/airflow/example_dags/example_short_circuit_decorator.py took 0.246 seconds
[2023-08-28T00:19:40.179+0000] {processor.py:157} INFO - Started process (PID=1223) to work on /home/airflow/.local/lib/python3.8/site-packages/airflow/example_dags/example_short_circuit_decorator.py
[2023-08-28T00:19:40.181+0000] {processor.py:829} INFO - Processing file /home/airflow/.local/lib/python3.8/site-packages/airflow/example_dags/example_short_circuit_decorator.py for tasks to queue
[2023-08-28T00:19:40.185+0000] {logging_mixin.py:151} INFO - [2023-08-28T00:19:40.184+0000] {dagbag.py:539} INFO - Filling up the DagBag from /home/airflow/.local/lib/python3.8/site-packages/airflow/example_dags/example_short_circuit_decorator.py
[2023-08-28T00:19:40.198+0000] {processor.py:839} INFO - DAG(s) dict_keys(['example_short_circuit_decorator']) retrieved from /home/airflow/.local/lib/python3.8/site-packages/airflow/example_dags/example_short_circuit_decorator.py
[2023-08-28T00:19:40.283+0000] {logging_mixin.py:151} INFO - [2023-08-28T00:19:40.282+0000] {dag.py:2907} INFO - Sync 1 DAGs
[2023-08-28T00:19:40.321+0000] {logging_mixin.py:151} INFO - [2023-08-28T00:19:40.321+0000] {dag.py:3677} INFO - Setting next_dagrun for example_short_circuit_decorator to 2023-08-27T00:19:40.320331+00:00, run_after=2023-08-28T00:19:40.320331+00:00
[2023-08-28T00:19:40.349+0000] {processor.py:179} INFO - Processing /home/airflow/.local/lib/python3.8/site-packages/airflow/example_dags/example_short_circuit_decorator.py took 0.174 seconds
[2023-08-28T00:20:11.150+0000] {processor.py:157} INFO - Started process (PID=1278) to work on /home/airflow/.local/lib/python3.8/site-packages/airflow/example_dags/example_short_circuit_decorator.py
[2023-08-28T00:20:11.151+0000] {processor.py:829} INFO - Processing file /home/airflow/.local/lib/python3.8/site-packages/airflow/example_dags/example_short_circuit_decorator.py for tasks to queue
[2023-08-28T00:20:11.154+0000] {logging_mixin.py:151} INFO - [2023-08-28T00:20:11.154+0000] {dagbag.py:539} INFO - Filling up the DagBag from /home/airflow/.local/lib/python3.8/site-packages/airflow/example_dags/example_short_circuit_decorator.py
[2023-08-28T00:20:11.170+0000] {processor.py:839} INFO - DAG(s) dict_keys(['example_short_circuit_decorator']) retrieved from /home/airflow/.local/lib/python3.8/site-packages/airflow/example_dags/example_short_circuit_decorator.py
[2023-08-28T00:20:11.264+0000] {logging_mixin.py:151} INFO - [2023-08-28T00:20:11.263+0000] {dag.py:2907} INFO - Sync 1 DAGs
[2023-08-28T00:20:11.333+0000] {logging_mixin.py:151} INFO - [2023-08-28T00:20:11.333+0000] {dag.py:3677} INFO - Setting next_dagrun for example_short_circuit_decorator to 2023-08-27T00:20:11.332329+00:00, run_after=2023-08-28T00:20:11.332329+00:00
[2023-08-28T00:20:11.389+0000] {processor.py:179} INFO - Processing /home/airflow/.local/lib/python3.8/site-packages/airflow/example_dags/example_short_circuit_decorator.py took 0.243 seconds
[2023-08-28T00:20:41.673+0000] {processor.py:157} INFO - Started process (PID=1333) to work on /home/airflow/.local/lib/python3.8/site-packages/airflow/example_dags/example_short_circuit_decorator.py
[2023-08-28T00:20:41.675+0000] {processor.py:829} INFO - Processing file /home/airflow/.local/lib/python3.8/site-packages/airflow/example_dags/example_short_circuit_decorator.py for tasks to queue
[2023-08-28T00:20:41.677+0000] {logging_mixin.py:151} INFO - [2023-08-28T00:20:41.677+0000] {dagbag.py:539} INFO - Filling up the DagBag from /home/airflow/.local/lib/python3.8/site-packages/airflow/example_dags/example_short_circuit_decorator.py
[2023-08-28T00:20:41.689+0000] {processor.py:839} INFO - DAG(s) dict_keys(['example_short_circuit_decorator']) retrieved from /home/airflow/.local/lib/python3.8/site-packages/airflow/example_dags/example_short_circuit_decorator.py
[2023-08-28T00:20:41.766+0000] {logging_mixin.py:151} INFO - [2023-08-28T00:20:41.765+0000] {dag.py:2907} INFO - Sync 1 DAGs
[2023-08-28T00:20:41.804+0000] {logging_mixin.py:151} INFO - [2023-08-28T00:20:41.804+0000] {dag.py:3677} INFO - Setting next_dagrun for example_short_circuit_decorator to 2023-08-27T00:20:41.803609+00:00, run_after=2023-08-28T00:20:41.803609+00:00
[2023-08-28T00:20:41.841+0000] {processor.py:179} INFO - Processing /home/airflow/.local/lib/python3.8/site-packages/airflow/example_dags/example_short_circuit_decorator.py took 0.171 seconds
[2023-08-28T00:21:12.032+0000] {processor.py:157} INFO - Started process (PID=1388) to work on /home/airflow/.local/lib/python3.8/site-packages/airflow/example_dags/example_short_circuit_decorator.py
[2023-08-28T00:21:12.034+0000] {processor.py:829} INFO - Processing file /home/airflow/.local/lib/python3.8/site-packages/airflow/example_dags/example_short_circuit_decorator.py for tasks to queue
[2023-08-28T00:21:12.036+0000] {logging_mixin.py:151} INFO - [2023-08-28T00:21:12.036+0000] {dagbag.py:539} INFO - Filling up the DagBag from /home/airflow/.local/lib/python3.8/site-packages/airflow/example_dags/example_short_circuit_decorator.py
[2023-08-28T00:21:12.047+0000] {processor.py:839} INFO - DAG(s) dict_keys(['example_short_circuit_decorator']) retrieved from /home/airflow/.local/lib/python3.8/site-packages/airflow/example_dags/example_short_circuit_decorator.py
[2023-08-28T00:21:12.123+0000] {logging_mixin.py:151} INFO - [2023-08-28T00:21:12.122+0000] {dag.py:2907} INFO - Sync 1 DAGs
[2023-08-28T00:21:12.161+0000] {logging_mixin.py:151} INFO - [2023-08-28T00:21:12.161+0000] {dag.py:3677} INFO - Setting next_dagrun for example_short_circuit_decorator to 2023-08-27T00:21:12.160021+00:00, run_after=2023-08-28T00:21:12.160021+00:00
[2023-08-28T00:21:12.194+0000] {processor.py:179} INFO - Processing /home/airflow/.local/lib/python3.8/site-packages/airflow/example_dags/example_short_circuit_decorator.py took 0.164 seconds
[2023-08-28T00:21:43.706+0000] {processor.py:157} INFO - Started process (PID=1443) to work on /home/airflow/.local/lib/python3.8/site-packages/airflow/example_dags/example_short_circuit_decorator.py
[2023-08-28T00:21:43.707+0000] {processor.py:829} INFO - Processing file /home/airflow/.local/lib/python3.8/site-packages/airflow/example_dags/example_short_circuit_decorator.py for tasks to queue
[2023-08-28T00:21:43.710+0000] {logging_mixin.py:151} INFO - [2023-08-28T00:21:43.709+0000] {dagbag.py:539} INFO - Filling up the DagBag from /home/airflow/.local/lib/python3.8/site-packages/airflow/example_dags/example_short_circuit_decorator.py
[2023-08-28T00:21:43.722+0000] {processor.py:839} INFO - DAG(s) dict_keys(['example_short_circuit_decorator']) retrieved from /home/airflow/.local/lib/python3.8/site-packages/airflow/example_dags/example_short_circuit_decorator.py
[2023-08-28T00:21:43.800+0000] {logging_mixin.py:151} INFO - [2023-08-28T00:21:43.800+0000] {dag.py:2907} INFO - Sync 1 DAGs
[2023-08-28T00:21:43.841+0000] {logging_mixin.py:151} INFO - [2023-08-28T00:21:43.840+0000] {dag.py:3677} INFO - Setting next_dagrun for example_short_circuit_decorator to 2023-08-27T00:21:43.840060+00:00, run_after=2023-08-28T00:21:43.840060+00:00
[2023-08-28T00:21:43.873+0000] {processor.py:179} INFO - Processing /home/airflow/.local/lib/python3.8/site-packages/airflow/example_dags/example_short_circuit_decorator.py took 0.170 seconds
