[2023-08-28T00:01:59.399+0000] {processor.py:157} INFO - Started process (PID=48) to work on /home/airflow/.local/lib/python3.8/site-packages/airflow/example_dags/example_params_trigger_ui.py
[2023-08-28T00:01:59.402+0000] {processor.py:829} INFO - Processing file /home/airflow/.local/lib/python3.8/site-packages/airflow/example_dags/example_params_trigger_ui.py for tasks to queue
[2023-08-28T00:01:59.411+0000] {logging_mixin.py:151} INFO - [2023-08-28T00:01:59.410+0000] {dagbag.py:539} INFO - Filling up the DagBag from /home/airflow/.local/lib/python3.8/site-packages/airflow/example_dags/example_params_trigger_ui.py
[2023-08-28T00:01:59.528+0000] {processor.py:839} INFO - DAG(s) dict_keys(['example_params_trigger_ui']) retrieved from /home/airflow/.local/lib/python3.8/site-packages/airflow/example_dags/example_params_trigger_ui.py
[2023-08-28T00:02:00.443+0000] {logging_mixin.py:151} INFO - [2023-08-28T00:02:00.442+0000] {manager.py:501} INFO - Created Permission View: can edit on DAG:example_params_trigger_ui
[2023-08-28T00:02:00.503+0000] {logging_mixin.py:151} INFO - [2023-08-28T00:02:00.501+0000] {manager.py:501} INFO - Created Permission View: can delete on DAG:example_params_trigger_ui
[2023-08-28T00:02:00.571+0000] {logging_mixin.py:151} INFO - [2023-08-28T00:02:00.569+0000] {manager.py:501} INFO - Created Permission View: can read on DAG:example_params_trigger_ui
[2023-08-28T00:02:00.675+0000] {logging_mixin.py:151} INFO - [2023-08-28T00:02:00.671+0000] {dag.py:2907} INFO - Sync 1 DAGs
[2023-08-28T00:02:00.811+0000] {logging_mixin.py:151} INFO - [2023-08-28T00:02:00.810+0000] {dag.py:2929} INFO - Creating ORM DAG for example_params_trigger_ui
[2023-08-28T00:02:00.823+0000] {logging_mixin.py:151} INFO - [2023-08-28T00:02:00.821+0000] {dag.py:3677} INFO - Setting next_dagrun for example_params_trigger_ui to None, run_after=None
[2023-08-28T00:02:00.931+0000] {processor.py:179} INFO - Processing /home/airflow/.local/lib/python3.8/site-packages/airflow/example_dags/example_params_trigger_ui.py took 1.536 seconds
[2023-08-28T00:02:31.244+0000] {processor.py:157} INFO - Started process (PID=103) to work on /home/airflow/.local/lib/python3.8/site-packages/airflow/example_dags/example_params_trigger_ui.py
[2023-08-28T00:02:31.246+0000] {processor.py:829} INFO - Processing file /home/airflow/.local/lib/python3.8/site-packages/airflow/example_dags/example_params_trigger_ui.py for tasks to queue
[2023-08-28T00:02:31.249+0000] {logging_mixin.py:151} INFO - [2023-08-28T00:02:31.248+0000] {dagbag.py:539} INFO - Filling up the DagBag from /home/airflow/.local/lib/python3.8/site-packages/airflow/example_dags/example_params_trigger_ui.py
[2023-08-28T00:02:31.279+0000] {processor.py:839} INFO - DAG(s) dict_keys(['example_params_trigger_ui']) retrieved from /home/airflow/.local/lib/python3.8/site-packages/airflow/example_dags/example_params_trigger_ui.py
[2023-08-28T00:02:31.481+0000] {logging_mixin.py:151} INFO - [2023-08-28T00:02:31.481+0000] {dag.py:2907} INFO - Sync 1 DAGs
[2023-08-28T00:02:31.498+0000] {logging_mixin.py:151} INFO - [2023-08-28T00:02:31.498+0000] {dag.py:3677} INFO - Setting next_dagrun for example_params_trigger_ui to None, run_after=None
[2023-08-28T00:02:31.526+0000] {processor.py:179} INFO - Processing /home/airflow/.local/lib/python3.8/site-packages/airflow/example_dags/example_params_trigger_ui.py took 0.287 seconds
[2023-08-28T00:03:01.961+0000] {processor.py:157} INFO - Started process (PID=158) to work on /home/airflow/.local/lib/python3.8/site-packages/airflow/example_dags/example_params_trigger_ui.py
[2023-08-28T00:03:01.964+0000] {processor.py:829} INFO - Processing file /home/airflow/.local/lib/python3.8/site-packages/airflow/example_dags/example_params_trigger_ui.py for tasks to queue
[2023-08-28T00:03:01.968+0000] {logging_mixin.py:151} INFO - [2023-08-28T00:03:01.967+0000] {dagbag.py:539} INFO - Filling up the DagBag from /home/airflow/.local/lib/python3.8/site-packages/airflow/example_dags/example_params_trigger_ui.py
[2023-08-28T00:03:01.999+0000] {processor.py:839} INFO - DAG(s) dict_keys(['example_params_trigger_ui']) retrieved from /home/airflow/.local/lib/python3.8/site-packages/airflow/example_dags/example_params_trigger_ui.py
[2023-08-28T00:03:02.130+0000] {logging_mixin.py:151} INFO - [2023-08-28T00:03:02.129+0000] {dag.py:2907} INFO - Sync 1 DAGs
[2023-08-28T00:03:02.164+0000] {logging_mixin.py:151} INFO - [2023-08-28T00:03:02.164+0000] {dag.py:3677} INFO - Setting next_dagrun for example_params_trigger_ui to None, run_after=None
[2023-08-28T00:03:02.250+0000] {processor.py:179} INFO - Processing /home/airflow/.local/lib/python3.8/site-packages/airflow/example_dags/example_params_trigger_ui.py took 0.295 seconds
[2023-08-28T00:03:33.141+0000] {processor.py:157} INFO - Started process (PID=212) to work on /home/airflow/.local/lib/python3.8/site-packages/airflow/example_dags/example_params_trigger_ui.py
[2023-08-28T00:03:33.144+0000] {processor.py:829} INFO - Processing file /home/airflow/.local/lib/python3.8/site-packages/airflow/example_dags/example_params_trigger_ui.py for tasks to queue
[2023-08-28T00:03:33.149+0000] {logging_mixin.py:151} INFO - [2023-08-28T00:03:33.149+0000] {dagbag.py:539} INFO - Filling up the DagBag from /home/airflow/.local/lib/python3.8/site-packages/airflow/example_dags/example_params_trigger_ui.py
[2023-08-28T00:03:33.195+0000] {processor.py:839} INFO - DAG(s) dict_keys(['example_params_trigger_ui']) retrieved from /home/airflow/.local/lib/python3.8/site-packages/airflow/example_dags/example_params_trigger_ui.py
[2023-08-28T00:03:33.347+0000] {logging_mixin.py:151} INFO - [2023-08-28T00:03:33.346+0000] {dag.py:2907} INFO - Sync 1 DAGs
[2023-08-28T00:03:33.382+0000] {logging_mixin.py:151} INFO - [2023-08-28T00:03:33.381+0000] {dag.py:3677} INFO - Setting next_dagrun for example_params_trigger_ui to None, run_after=None
[2023-08-28T00:03:33.449+0000] {processor.py:179} INFO - Processing /home/airflow/.local/lib/python3.8/site-packages/airflow/example_dags/example_params_trigger_ui.py took 0.313 seconds
[2023-08-28T00:04:03.997+0000] {processor.py:157} INFO - Started process (PID=267) to work on /home/airflow/.local/lib/python3.8/site-packages/airflow/example_dags/example_params_trigger_ui.py
[2023-08-28T00:04:03.999+0000] {processor.py:829} INFO - Processing file /home/airflow/.local/lib/python3.8/site-packages/airflow/example_dags/example_params_trigger_ui.py for tasks to queue
[2023-08-28T00:04:04.002+0000] {logging_mixin.py:151} INFO - [2023-08-28T00:04:04.002+0000] {dagbag.py:539} INFO - Filling up the DagBag from /home/airflow/.local/lib/python3.8/site-packages/airflow/example_dags/example_params_trigger_ui.py
[2023-08-28T00:04:04.026+0000] {processor.py:839} INFO - DAG(s) dict_keys(['example_params_trigger_ui']) retrieved from /home/airflow/.local/lib/python3.8/site-packages/airflow/example_dags/example_params_trigger_ui.py
[2023-08-28T00:04:04.151+0000] {logging_mixin.py:151} INFO - [2023-08-28T00:04:04.150+0000] {dag.py:2907} INFO - Sync 1 DAGs
[2023-08-28T00:04:04.173+0000] {logging_mixin.py:151} INFO - [2023-08-28T00:04:04.173+0000] {dag.py:3677} INFO - Setting next_dagrun for example_params_trigger_ui to None, run_after=None
[2023-08-28T00:04:04.211+0000] {processor.py:179} INFO - Processing /home/airflow/.local/lib/python3.8/site-packages/airflow/example_dags/example_params_trigger_ui.py took 0.217 seconds
[2023-08-28T00:04:35.147+0000] {processor.py:157} INFO - Started process (PID=322) to work on /home/airflow/.local/lib/python3.8/site-packages/airflow/example_dags/example_params_trigger_ui.py
[2023-08-28T00:04:35.149+0000] {processor.py:829} INFO - Processing file /home/airflow/.local/lib/python3.8/site-packages/airflow/example_dags/example_params_trigger_ui.py for tasks to queue
[2023-08-28T00:04:35.152+0000] {logging_mixin.py:151} INFO - [2023-08-28T00:04:35.151+0000] {dagbag.py:539} INFO - Filling up the DagBag from /home/airflow/.local/lib/python3.8/site-packages/airflow/example_dags/example_params_trigger_ui.py
[2023-08-28T00:04:35.177+0000] {processor.py:839} INFO - DAG(s) dict_keys(['example_params_trigger_ui']) retrieved from /home/airflow/.local/lib/python3.8/site-packages/airflow/example_dags/example_params_trigger_ui.py
[2023-08-28T00:04:35.287+0000] {logging_mixin.py:151} INFO - [2023-08-28T00:04:35.287+0000] {dag.py:2907} INFO - Sync 1 DAGs
[2023-08-28T00:04:35.309+0000] {logging_mixin.py:151} INFO - [2023-08-28T00:04:35.309+0000] {dag.py:3677} INFO - Setting next_dagrun for example_params_trigger_ui to None, run_after=None
[2023-08-28T00:04:35.344+0000] {processor.py:179} INFO - Processing /home/airflow/.local/lib/python3.8/site-packages/airflow/example_dags/example_params_trigger_ui.py took 0.200 seconds
[2023-08-28T00:05:05.558+0000] {processor.py:157} INFO - Started process (PID=376) to work on /home/airflow/.local/lib/python3.8/site-packages/airflow/example_dags/example_params_trigger_ui.py
[2023-08-28T00:05:05.561+0000] {processor.py:829} INFO - Processing file /home/airflow/.local/lib/python3.8/site-packages/airflow/example_dags/example_params_trigger_ui.py for tasks to queue
[2023-08-28T00:05:05.565+0000] {logging_mixin.py:151} INFO - [2023-08-28T00:05:05.565+0000] {dagbag.py:539} INFO - Filling up the DagBag from /home/airflow/.local/lib/python3.8/site-packages/airflow/example_dags/example_params_trigger_ui.py
[2023-08-28T00:05:05.595+0000] {processor.py:839} INFO - DAG(s) dict_keys(['example_params_trigger_ui']) retrieved from /home/airflow/.local/lib/python3.8/site-packages/airflow/example_dags/example_params_trigger_ui.py
[2023-08-28T00:05:05.695+0000] {logging_mixin.py:151} INFO - [2023-08-28T00:05:05.695+0000] {dag.py:2907} INFO - Sync 1 DAGs
[2023-08-28T00:05:05.712+0000] {logging_mixin.py:151} INFO - [2023-08-28T00:05:05.711+0000] {dag.py:3677} INFO - Setting next_dagrun for example_params_trigger_ui to None, run_after=None
[2023-08-28T00:05:05.736+0000] {processor.py:179} INFO - Processing /home/airflow/.local/lib/python3.8/site-packages/airflow/example_dags/example_params_trigger_ui.py took 0.184 seconds
[2023-08-28T00:08:46.385+0000] {processor.py:157} INFO - Started process (PID=56) to work on /home/airflow/.local/lib/python3.8/site-packages/airflow/example_dags/example_params_trigger_ui.py
[2023-08-28T00:08:46.398+0000] {processor.py:829} INFO - Processing file /home/airflow/.local/lib/python3.8/site-packages/airflow/example_dags/example_params_trigger_ui.py for tasks to queue
[2023-08-28T00:08:46.407+0000] {logging_mixin.py:151} INFO - [2023-08-28T00:08:46.405+0000] {dagbag.py:539} INFO - Filling up the DagBag from /home/airflow/.local/lib/python3.8/site-packages/airflow/example_dags/example_params_trigger_ui.py
[2023-08-28T00:08:46.548+0000] {processor.py:839} INFO - DAG(s) dict_keys(['example_params_trigger_ui']) retrieved from /home/airflow/.local/lib/python3.8/site-packages/airflow/example_dags/example_params_trigger_ui.py
[2023-08-28T00:08:46.806+0000] {logging_mixin.py:151} INFO - [2023-08-28T00:08:46.802+0000] {dag.py:2907} INFO - Sync 1 DAGs
[2023-08-28T00:08:46.840+0000] {logging_mixin.py:151} INFO - [2023-08-28T00:08:46.839+0000] {dag.py:3677} INFO - Setting next_dagrun for example_params_trigger_ui to None, run_after=None
[2023-08-28T00:08:46.987+0000] {processor.py:179} INFO - Processing /home/airflow/.local/lib/python3.8/site-packages/airflow/example_dags/example_params_trigger_ui.py took 0.606 seconds
[2023-08-28T00:09:17.147+0000] {processor.py:157} INFO - Started process (PID=111) to work on /home/airflow/.local/lib/python3.8/site-packages/airflow/example_dags/example_params_trigger_ui.py
[2023-08-28T00:09:17.149+0000] {processor.py:829} INFO - Processing file /home/airflow/.local/lib/python3.8/site-packages/airflow/example_dags/example_params_trigger_ui.py for tasks to queue
[2023-08-28T00:09:17.151+0000] {logging_mixin.py:151} INFO - [2023-08-28T00:09:17.151+0000] {dagbag.py:539} INFO - Filling up the DagBag from /home/airflow/.local/lib/python3.8/site-packages/airflow/example_dags/example_params_trigger_ui.py
[2023-08-28T00:09:17.267+0000] {processor.py:839} INFO - DAG(s) dict_keys(['example_params_trigger_ui']) retrieved from /home/airflow/.local/lib/python3.8/site-packages/airflow/example_dags/example_params_trigger_ui.py
[2023-08-28T00:09:17.359+0000] {logging_mixin.py:151} INFO - [2023-08-28T00:09:17.358+0000] {dag.py:2907} INFO - Sync 1 DAGs
[2023-08-28T00:09:17.374+0000] {logging_mixin.py:151} INFO - [2023-08-28T00:09:17.373+0000] {dag.py:3677} INFO - Setting next_dagrun for example_params_trigger_ui to None, run_after=None
[2023-08-28T00:09:17.398+0000] {processor.py:179} INFO - Processing /home/airflow/.local/lib/python3.8/site-packages/airflow/example_dags/example_params_trigger_ui.py took 0.254 seconds
[2023-08-28T00:09:47.689+0000] {processor.py:157} INFO - Started process (PID=166) to work on /home/airflow/.local/lib/python3.8/site-packages/airflow/example_dags/example_params_trigger_ui.py
[2023-08-28T00:09:47.693+0000] {processor.py:829} INFO - Processing file /home/airflow/.local/lib/python3.8/site-packages/airflow/example_dags/example_params_trigger_ui.py for tasks to queue
[2023-08-28T00:09:47.697+0000] {logging_mixin.py:151} INFO - [2023-08-28T00:09:47.697+0000] {dagbag.py:539} INFO - Filling up the DagBag from /home/airflow/.local/lib/python3.8/site-packages/airflow/example_dags/example_params_trigger_ui.py
[2023-08-28T00:09:47.728+0000] {processor.py:839} INFO - DAG(s) dict_keys(['example_params_trigger_ui']) retrieved from /home/airflow/.local/lib/python3.8/site-packages/airflow/example_dags/example_params_trigger_ui.py
[2023-08-28T00:09:47.829+0000] {logging_mixin.py:151} INFO - [2023-08-28T00:09:47.829+0000] {dag.py:2907} INFO - Sync 1 DAGs
[2023-08-28T00:09:47.848+0000] {logging_mixin.py:151} INFO - [2023-08-28T00:09:47.848+0000] {dag.py:3677} INFO - Setting next_dagrun for example_params_trigger_ui to None, run_after=None
[2023-08-28T00:09:47.873+0000] {processor.py:179} INFO - Processing /home/airflow/.local/lib/python3.8/site-packages/airflow/example_dags/example_params_trigger_ui.py took 0.188 seconds
[2023-08-28T00:10:18.864+0000] {processor.py:157} INFO - Started process (PID=221) to work on /home/airflow/.local/lib/python3.8/site-packages/airflow/example_dags/example_params_trigger_ui.py
[2023-08-28T00:10:18.866+0000] {processor.py:829} INFO - Processing file /home/airflow/.local/lib/python3.8/site-packages/airflow/example_dags/example_params_trigger_ui.py for tasks to queue
[2023-08-28T00:10:18.868+0000] {logging_mixin.py:151} INFO - [2023-08-28T00:10:18.868+0000] {dagbag.py:539} INFO - Filling up the DagBag from /home/airflow/.local/lib/python3.8/site-packages/airflow/example_dags/example_params_trigger_ui.py
[2023-08-28T00:10:18.890+0000] {processor.py:839} INFO - DAG(s) dict_keys(['example_params_trigger_ui']) retrieved from /home/airflow/.local/lib/python3.8/site-packages/airflow/example_dags/example_params_trigger_ui.py
[2023-08-28T00:10:19.001+0000] {logging_mixin.py:151} INFO - [2023-08-28T00:10:19.001+0000] {dag.py:2907} INFO - Sync 1 DAGs
[2023-08-28T00:10:19.020+0000] {logging_mixin.py:151} INFO - [2023-08-28T00:10:19.019+0000] {dag.py:3677} INFO - Setting next_dagrun for example_params_trigger_ui to None, run_after=None
[2023-08-28T00:10:19.050+0000] {processor.py:179} INFO - Processing /home/airflow/.local/lib/python3.8/site-packages/airflow/example_dags/example_params_trigger_ui.py took 0.189 seconds
[2023-08-28T00:10:49.534+0000] {processor.py:157} INFO - Started process (PID=276) to work on /home/airflow/.local/lib/python3.8/site-packages/airflow/example_dags/example_params_trigger_ui.py
[2023-08-28T00:10:49.537+0000] {processor.py:829} INFO - Processing file /home/airflow/.local/lib/python3.8/site-packages/airflow/example_dags/example_params_trigger_ui.py for tasks to queue
[2023-08-28T00:10:49.540+0000] {logging_mixin.py:151} INFO - [2023-08-28T00:10:49.539+0000] {dagbag.py:539} INFO - Filling up the DagBag from /home/airflow/.local/lib/python3.8/site-packages/airflow/example_dags/example_params_trigger_ui.py
[2023-08-28T00:10:49.605+0000] {processor.py:839} INFO - DAG(s) dict_keys(['example_params_trigger_ui']) retrieved from /home/airflow/.local/lib/python3.8/site-packages/airflow/example_dags/example_params_trigger_ui.py
[2023-08-28T00:10:49.727+0000] {logging_mixin.py:151} INFO - [2023-08-28T00:10:49.727+0000] {dag.py:2907} INFO - Sync 1 DAGs
[2023-08-28T00:10:49.750+0000] {logging_mixin.py:151} INFO - [2023-08-28T00:10:49.749+0000] {dag.py:3677} INFO - Setting next_dagrun for example_params_trigger_ui to None, run_after=None
[2023-08-28T00:10:49.794+0000] {processor.py:179} INFO - Processing /home/airflow/.local/lib/python3.8/site-packages/airflow/example_dags/example_params_trigger_ui.py took 0.265 seconds
[2023-08-28T00:11:20.349+0000] {processor.py:157} INFO - Started process (PID=330) to work on /home/airflow/.local/lib/python3.8/site-packages/airflow/example_dags/example_params_trigger_ui.py
[2023-08-28T00:11:20.351+0000] {processor.py:829} INFO - Processing file /home/airflow/.local/lib/python3.8/site-packages/airflow/example_dags/example_params_trigger_ui.py for tasks to queue
[2023-08-28T00:11:20.354+0000] {logging_mixin.py:151} INFO - [2023-08-28T00:11:20.353+0000] {dagbag.py:539} INFO - Filling up the DagBag from /home/airflow/.local/lib/python3.8/site-packages/airflow/example_dags/example_params_trigger_ui.py
[2023-08-28T00:11:20.376+0000] {processor.py:839} INFO - DAG(s) dict_keys(['example_params_trigger_ui']) retrieved from /home/airflow/.local/lib/python3.8/site-packages/airflow/example_dags/example_params_trigger_ui.py
[2023-08-28T00:11:20.480+0000] {logging_mixin.py:151} INFO - [2023-08-28T00:11:20.479+0000] {dag.py:2907} INFO - Sync 1 DAGs
[2023-08-28T00:11:20.497+0000] {logging_mixin.py:151} INFO - [2023-08-28T00:11:20.497+0000] {dag.py:3677} INFO - Setting next_dagrun for example_params_trigger_ui to None, run_after=None
[2023-08-28T00:11:20.523+0000] {processor.py:179} INFO - Processing /home/airflow/.local/lib/python3.8/site-packages/airflow/example_dags/example_params_trigger_ui.py took 0.178 seconds
[2023-08-28T00:11:51.026+0000] {processor.py:157} INFO - Started process (PID=384) to work on /home/airflow/.local/lib/python3.8/site-packages/airflow/example_dags/example_params_trigger_ui.py
[2023-08-28T00:11:51.028+0000] {processor.py:829} INFO - Processing file /home/airflow/.local/lib/python3.8/site-packages/airflow/example_dags/example_params_trigger_ui.py for tasks to queue
[2023-08-28T00:11:51.032+0000] {logging_mixin.py:151} INFO - [2023-08-28T00:11:51.031+0000] {dagbag.py:539} INFO - Filling up the DagBag from /home/airflow/.local/lib/python3.8/site-packages/airflow/example_dags/example_params_trigger_ui.py
[2023-08-28T00:11:51.054+0000] {processor.py:839} INFO - DAG(s) dict_keys(['example_params_trigger_ui']) retrieved from /home/airflow/.local/lib/python3.8/site-packages/airflow/example_dags/example_params_trigger_ui.py
[2023-08-28T00:11:51.159+0000] {logging_mixin.py:151} INFO - [2023-08-28T00:11:51.158+0000] {dag.py:2907} INFO - Sync 1 DAGs
[2023-08-28T00:11:51.179+0000] {logging_mixin.py:151} INFO - [2023-08-28T00:11:51.179+0000] {dag.py:3677} INFO - Setting next_dagrun for example_params_trigger_ui to None, run_after=None
[2023-08-28T00:11:51.209+0000] {processor.py:179} INFO - Processing /home/airflow/.local/lib/python3.8/site-packages/airflow/example_dags/example_params_trigger_ui.py took 0.185 seconds
[2023-08-28T00:12:21.489+0000] {processor.py:157} INFO - Started process (PID=439) to work on /home/airflow/.local/lib/python3.8/site-packages/airflow/example_dags/example_params_trigger_ui.py
[2023-08-28T00:12:21.491+0000] {processor.py:829} INFO - Processing file /home/airflow/.local/lib/python3.8/site-packages/airflow/example_dags/example_params_trigger_ui.py for tasks to queue
[2023-08-28T00:12:21.497+0000] {logging_mixin.py:151} INFO - [2023-08-28T00:12:21.496+0000] {dagbag.py:539} INFO - Filling up the DagBag from /home/airflow/.local/lib/python3.8/site-packages/airflow/example_dags/example_params_trigger_ui.py
[2023-08-28T00:12:21.544+0000] {processor.py:839} INFO - DAG(s) dict_keys(['example_params_trigger_ui']) retrieved from /home/airflow/.local/lib/python3.8/site-packages/airflow/example_dags/example_params_trigger_ui.py
[2023-08-28T00:12:21.656+0000] {logging_mixin.py:151} INFO - [2023-08-28T00:12:21.655+0000] {dag.py:2907} INFO - Sync 1 DAGs
[2023-08-28T00:12:21.679+0000] {logging_mixin.py:151} INFO - [2023-08-28T00:12:21.679+0000] {dag.py:3677} INFO - Setting next_dagrun for example_params_trigger_ui to None, run_after=None
[2023-08-28T00:12:21.745+0000] {processor.py:179} INFO - Processing /home/airflow/.local/lib/python3.8/site-packages/airflow/example_dags/example_params_trigger_ui.py took 0.261 seconds
[2023-08-28T00:12:51.943+0000] {processor.py:157} INFO - Started process (PID=493) to work on /home/airflow/.local/lib/python3.8/site-packages/airflow/example_dags/example_params_trigger_ui.py
[2023-08-28T00:12:51.945+0000] {processor.py:829} INFO - Processing file /home/airflow/.local/lib/python3.8/site-packages/airflow/example_dags/example_params_trigger_ui.py for tasks to queue
[2023-08-28T00:12:51.947+0000] {logging_mixin.py:151} INFO - [2023-08-28T00:12:51.947+0000] {dagbag.py:539} INFO - Filling up the DagBag from /home/airflow/.local/lib/python3.8/site-packages/airflow/example_dags/example_params_trigger_ui.py
[2023-08-28T00:12:51.966+0000] {processor.py:839} INFO - DAG(s) dict_keys(['example_params_trigger_ui']) retrieved from /home/airflow/.local/lib/python3.8/site-packages/airflow/example_dags/example_params_trigger_ui.py
[2023-08-28T00:12:52.079+0000] {logging_mixin.py:151} INFO - [2023-08-28T00:12:52.079+0000] {dag.py:2907} INFO - Sync 1 DAGs
[2023-08-28T00:12:52.104+0000] {logging_mixin.py:151} INFO - [2023-08-28T00:12:52.104+0000] {dag.py:3677} INFO - Setting next_dagrun for example_params_trigger_ui to None, run_after=None
[2023-08-28T00:12:52.134+0000] {processor.py:179} INFO - Processing /home/airflow/.local/lib/python3.8/site-packages/airflow/example_dags/example_params_trigger_ui.py took 0.194 seconds
[2023-08-28T00:13:23.087+0000] {processor.py:157} INFO - Started process (PID=547) to work on /home/airflow/.local/lib/python3.8/site-packages/airflow/example_dags/example_params_trigger_ui.py
[2023-08-28T00:13:23.091+0000] {processor.py:829} INFO - Processing file /home/airflow/.local/lib/python3.8/site-packages/airflow/example_dags/example_params_trigger_ui.py for tasks to queue
[2023-08-28T00:13:23.096+0000] {logging_mixin.py:151} INFO - [2023-08-28T00:13:23.095+0000] {dagbag.py:539} INFO - Filling up the DagBag from /home/airflow/.local/lib/python3.8/site-packages/airflow/example_dags/example_params_trigger_ui.py
[2023-08-28T00:13:23.130+0000] {processor.py:839} INFO - DAG(s) dict_keys(['example_params_trigger_ui']) retrieved from /home/airflow/.local/lib/python3.8/site-packages/airflow/example_dags/example_params_trigger_ui.py
[2023-08-28T00:13:23.266+0000] {logging_mixin.py:151} INFO - [2023-08-28T00:13:23.266+0000] {dag.py:2907} INFO - Sync 1 DAGs
[2023-08-28T00:13:23.296+0000] {logging_mixin.py:151} INFO - [2023-08-28T00:13:23.296+0000] {dag.py:3677} INFO - Setting next_dagrun for example_params_trigger_ui to None, run_after=None
[2023-08-28T00:13:23.343+0000] {processor.py:179} INFO - Processing /home/airflow/.local/lib/python3.8/site-packages/airflow/example_dags/example_params_trigger_ui.py took 0.261 seconds
[2023-08-28T00:13:53.454+0000] {processor.py:157} INFO - Started process (PID=602) to work on /home/airflow/.local/lib/python3.8/site-packages/airflow/example_dags/example_params_trigger_ui.py
[2023-08-28T00:13:53.456+0000] {processor.py:829} INFO - Processing file /home/airflow/.local/lib/python3.8/site-packages/airflow/example_dags/example_params_trigger_ui.py for tasks to queue
[2023-08-28T00:13:53.459+0000] {logging_mixin.py:151} INFO - [2023-08-28T00:13:53.459+0000] {dagbag.py:539} INFO - Filling up the DagBag from /home/airflow/.local/lib/python3.8/site-packages/airflow/example_dags/example_params_trigger_ui.py
[2023-08-28T00:13:53.487+0000] {processor.py:839} INFO - DAG(s) dict_keys(['example_params_trigger_ui']) retrieved from /home/airflow/.local/lib/python3.8/site-packages/airflow/example_dags/example_params_trigger_ui.py
[2023-08-28T00:13:53.587+0000] {logging_mixin.py:151} INFO - [2023-08-28T00:13:53.586+0000] {dag.py:2907} INFO - Sync 1 DAGs
[2023-08-28T00:13:53.604+0000] {logging_mixin.py:151} INFO - [2023-08-28T00:13:53.604+0000] {dag.py:3677} INFO - Setting next_dagrun for example_params_trigger_ui to None, run_after=None
[2023-08-28T00:13:53.631+0000] {processor.py:179} INFO - Processing /home/airflow/.local/lib/python3.8/site-packages/airflow/example_dags/example_params_trigger_ui.py took 0.182 seconds
[2023-08-28T00:14:23.725+0000] {processor.py:157} INFO - Started process (PID=657) to work on /home/airflow/.local/lib/python3.8/site-packages/airflow/example_dags/example_params_trigger_ui.py
[2023-08-28T00:14:23.727+0000] {processor.py:829} INFO - Processing file /home/airflow/.local/lib/python3.8/site-packages/airflow/example_dags/example_params_trigger_ui.py for tasks to queue
[2023-08-28T00:14:23.729+0000] {logging_mixin.py:151} INFO - [2023-08-28T00:14:23.729+0000] {dagbag.py:539} INFO - Filling up the DagBag from /home/airflow/.local/lib/python3.8/site-packages/airflow/example_dags/example_params_trigger_ui.py
[2023-08-28T00:14:23.751+0000] {processor.py:839} INFO - DAG(s) dict_keys(['example_params_trigger_ui']) retrieved from /home/airflow/.local/lib/python3.8/site-packages/airflow/example_dags/example_params_trigger_ui.py
[2023-08-28T00:14:23.859+0000] {logging_mixin.py:151} INFO - [2023-08-28T00:14:23.859+0000] {dag.py:2907} INFO - Sync 1 DAGs
[2023-08-28T00:14:23.877+0000] {logging_mixin.py:151} INFO - [2023-08-28T00:14:23.876+0000] {dag.py:3677} INFO - Setting next_dagrun for example_params_trigger_ui to None, run_after=None
[2023-08-28T00:14:24.014+0000] {processor.py:179} INFO - Processing /home/airflow/.local/lib/python3.8/site-packages/airflow/example_dags/example_params_trigger_ui.py took 0.284 seconds
[2023-08-28T00:14:55.022+0000] {processor.py:157} INFO - Started process (PID=712) to work on /home/airflow/.local/lib/python3.8/site-packages/airflow/example_dags/example_params_trigger_ui.py
[2023-08-28T00:14:55.024+0000] {processor.py:829} INFO - Processing file /home/airflow/.local/lib/python3.8/site-packages/airflow/example_dags/example_params_trigger_ui.py for tasks to queue
[2023-08-28T00:14:55.027+0000] {logging_mixin.py:151} INFO - [2023-08-28T00:14:55.026+0000] {dagbag.py:539} INFO - Filling up the DagBag from /home/airflow/.local/lib/python3.8/site-packages/airflow/example_dags/example_params_trigger_ui.py
[2023-08-28T00:14:55.051+0000] {processor.py:839} INFO - DAG(s) dict_keys(['example_params_trigger_ui']) retrieved from /home/airflow/.local/lib/python3.8/site-packages/airflow/example_dags/example_params_trigger_ui.py
[2023-08-28T00:14:55.159+0000] {logging_mixin.py:151} INFO - [2023-08-28T00:14:55.159+0000] {dag.py:2907} INFO - Sync 1 DAGs
[2023-08-28T00:14:55.176+0000] {logging_mixin.py:151} INFO - [2023-08-28T00:14:55.176+0000] {dag.py:3677} INFO - Setting next_dagrun for example_params_trigger_ui to None, run_after=None
[2023-08-28T00:14:55.201+0000] {processor.py:179} INFO - Processing /home/airflow/.local/lib/python3.8/site-packages/airflow/example_dags/example_params_trigger_ui.py took 0.183 seconds
[2023-08-28T00:15:25.744+0000] {processor.py:157} INFO - Started process (PID=767) to work on /home/airflow/.local/lib/python3.8/site-packages/airflow/example_dags/example_params_trigger_ui.py
[2023-08-28T00:15:25.745+0000] {processor.py:829} INFO - Processing file /home/airflow/.local/lib/python3.8/site-packages/airflow/example_dags/example_params_trigger_ui.py for tasks to queue
[2023-08-28T00:15:25.748+0000] {logging_mixin.py:151} INFO - [2023-08-28T00:15:25.747+0000] {dagbag.py:539} INFO - Filling up the DagBag from /home/airflow/.local/lib/python3.8/site-packages/airflow/example_dags/example_params_trigger_ui.py
[2023-08-28T00:15:25.767+0000] {processor.py:839} INFO - DAG(s) dict_keys(['example_params_trigger_ui']) retrieved from /home/airflow/.local/lib/python3.8/site-packages/airflow/example_dags/example_params_trigger_ui.py
[2023-08-28T00:15:25.859+0000] {logging_mixin.py:151} INFO - [2023-08-28T00:15:25.859+0000] {dag.py:2907} INFO - Sync 1 DAGs
[2023-08-28T00:15:25.875+0000] {logging_mixin.py:151} INFO - [2023-08-28T00:15:25.875+0000] {dag.py:3677} INFO - Setting next_dagrun for example_params_trigger_ui to None, run_after=None
[2023-08-28T00:15:25.899+0000] {processor.py:179} INFO - Processing /home/airflow/.local/lib/python3.8/site-packages/airflow/example_dags/example_params_trigger_ui.py took 0.158 seconds
[2023-08-28T00:15:56.514+0000] {processor.py:157} INFO - Started process (PID=822) to work on /home/airflow/.local/lib/python3.8/site-packages/airflow/example_dags/example_params_trigger_ui.py
[2023-08-28T00:15:56.515+0000] {processor.py:829} INFO - Processing file /home/airflow/.local/lib/python3.8/site-packages/airflow/example_dags/example_params_trigger_ui.py for tasks to queue
[2023-08-28T00:15:56.518+0000] {logging_mixin.py:151} INFO - [2023-08-28T00:15:56.518+0000] {dagbag.py:539} INFO - Filling up the DagBag from /home/airflow/.local/lib/python3.8/site-packages/airflow/example_dags/example_params_trigger_ui.py
[2023-08-28T00:15:56.543+0000] {processor.py:839} INFO - DAG(s) dict_keys(['example_params_trigger_ui']) retrieved from /home/airflow/.local/lib/python3.8/site-packages/airflow/example_dags/example_params_trigger_ui.py
[2023-08-28T00:15:56.654+0000] {logging_mixin.py:151} INFO - [2023-08-28T00:15:56.654+0000] {dag.py:2907} INFO - Sync 1 DAGs
[2023-08-28T00:15:56.672+0000] {logging_mixin.py:151} INFO - [2023-08-28T00:15:56.672+0000] {dag.py:3677} INFO - Setting next_dagrun for example_params_trigger_ui to None, run_after=None
[2023-08-28T00:15:56.699+0000] {processor.py:179} INFO - Processing /home/airflow/.local/lib/python3.8/site-packages/airflow/example_dags/example_params_trigger_ui.py took 0.189 seconds
[2023-08-28T00:16:27.297+0000] {processor.py:157} INFO - Started process (PID=877) to work on /home/airflow/.local/lib/python3.8/site-packages/airflow/example_dags/example_params_trigger_ui.py
[2023-08-28T00:16:27.299+0000] {processor.py:829} INFO - Processing file /home/airflow/.local/lib/python3.8/site-packages/airflow/example_dags/example_params_trigger_ui.py for tasks to queue
[2023-08-28T00:16:27.301+0000] {logging_mixin.py:151} INFO - [2023-08-28T00:16:27.301+0000] {dagbag.py:539} INFO - Filling up the DagBag from /home/airflow/.local/lib/python3.8/site-packages/airflow/example_dags/example_params_trigger_ui.py
[2023-08-28T00:16:27.321+0000] {processor.py:839} INFO - DAG(s) dict_keys(['example_params_trigger_ui']) retrieved from /home/airflow/.local/lib/python3.8/site-packages/airflow/example_dags/example_params_trigger_ui.py
[2023-08-28T00:16:27.421+0000] {logging_mixin.py:151} INFO - [2023-08-28T00:16:27.420+0000] {dag.py:2907} INFO - Sync 1 DAGs
[2023-08-28T00:16:27.440+0000] {logging_mixin.py:151} INFO - [2023-08-28T00:16:27.440+0000] {dag.py:3677} INFO - Setting next_dagrun for example_params_trigger_ui to None, run_after=None
[2023-08-28T00:16:27.469+0000] {processor.py:179} INFO - Processing /home/airflow/.local/lib/python3.8/site-packages/airflow/example_dags/example_params_trigger_ui.py took 0.174 seconds
[2023-08-28T00:16:58.469+0000] {processor.py:157} INFO - Started process (PID=932) to work on /home/airflow/.local/lib/python3.8/site-packages/airflow/example_dags/example_params_trigger_ui.py
[2023-08-28T00:16:58.470+0000] {processor.py:829} INFO - Processing file /home/airflow/.local/lib/python3.8/site-packages/airflow/example_dags/example_params_trigger_ui.py for tasks to queue
[2023-08-28T00:16:58.472+0000] {logging_mixin.py:151} INFO - [2023-08-28T00:16:58.472+0000] {dagbag.py:539} INFO - Filling up the DagBag from /home/airflow/.local/lib/python3.8/site-packages/airflow/example_dags/example_params_trigger_ui.py
[2023-08-28T00:16:58.492+0000] {processor.py:839} INFO - DAG(s) dict_keys(['example_params_trigger_ui']) retrieved from /home/airflow/.local/lib/python3.8/site-packages/airflow/example_dags/example_params_trigger_ui.py
[2023-08-28T00:16:58.588+0000] {logging_mixin.py:151} INFO - [2023-08-28T00:16:58.588+0000] {dag.py:2907} INFO - Sync 1 DAGs
[2023-08-28T00:16:58.604+0000] {logging_mixin.py:151} INFO - [2023-08-28T00:16:58.604+0000] {dag.py:3677} INFO - Setting next_dagrun for example_params_trigger_ui to None, run_after=None
[2023-08-28T00:16:58.630+0000] {processor.py:179} INFO - Processing /home/airflow/.local/lib/python3.8/site-packages/airflow/example_dags/example_params_trigger_ui.py took 0.164 seconds
[2023-08-28T00:17:28.793+0000] {processor.py:157} INFO - Started process (PID=987) to work on /home/airflow/.local/lib/python3.8/site-packages/airflow/example_dags/example_params_trigger_ui.py
[2023-08-28T00:17:28.795+0000] {processor.py:829} INFO - Processing file /home/airflow/.local/lib/python3.8/site-packages/airflow/example_dags/example_params_trigger_ui.py for tasks to queue
[2023-08-28T00:17:28.797+0000] {logging_mixin.py:151} INFO - [2023-08-28T00:17:28.797+0000] {dagbag.py:539} INFO - Filling up the DagBag from /home/airflow/.local/lib/python3.8/site-packages/airflow/example_dags/example_params_trigger_ui.py
[2023-08-28T00:17:28.818+0000] {processor.py:839} INFO - DAG(s) dict_keys(['example_params_trigger_ui']) retrieved from /home/airflow/.local/lib/python3.8/site-packages/airflow/example_dags/example_params_trigger_ui.py
[2023-08-28T00:17:28.912+0000] {logging_mixin.py:151} INFO - [2023-08-28T00:17:28.912+0000] {dag.py:2907} INFO - Sync 1 DAGs
[2023-08-28T00:17:28.931+0000] {logging_mixin.py:151} INFO - [2023-08-28T00:17:28.931+0000] {dag.py:3677} INFO - Setting next_dagrun for example_params_trigger_ui to None, run_after=None
[2023-08-28T00:17:28.964+0000] {processor.py:179} INFO - Processing /home/airflow/.local/lib/python3.8/site-packages/airflow/example_dags/example_params_trigger_ui.py took 0.174 seconds
[2023-08-28T00:18:04.475+0000] {processor.py:157} INFO - Started process (PID=1042) to work on /home/airflow/.local/lib/python3.8/site-packages/airflow/example_dags/example_params_trigger_ui.py
[2023-08-28T00:18:04.480+0000] {processor.py:829} INFO - Processing file /home/airflow/.local/lib/python3.8/site-packages/airflow/example_dags/example_params_trigger_ui.py for tasks to queue
[2023-08-28T00:18:04.489+0000] {logging_mixin.py:151} INFO - [2023-08-28T00:18:04.486+0000] {dagbag.py:539} INFO - Filling up the DagBag from /home/airflow/.local/lib/python3.8/site-packages/airflow/example_dags/example_params_trigger_ui.py
[2023-08-28T00:18:04.642+0000] {processor.py:839} INFO - DAG(s) dict_keys(['example_params_trigger_ui']) retrieved from /home/airflow/.local/lib/python3.8/site-packages/airflow/example_dags/example_params_trigger_ui.py
[2023-08-28T00:18:05.004+0000] {logging_mixin.py:151} INFO - [2023-08-28T00:18:05.003+0000] {dag.py:2907} INFO - Sync 1 DAGs
[2023-08-28T00:18:05.053+0000] {logging_mixin.py:151} INFO - [2023-08-28T00:18:05.052+0000] {dag.py:3677} INFO - Setting next_dagrun for example_params_trigger_ui to None, run_after=None
[2023-08-28T00:18:05.120+0000] {processor.py:179} INFO - Processing /home/airflow/.local/lib/python3.8/site-packages/airflow/example_dags/example_params_trigger_ui.py took 0.653 seconds
[2023-08-28T00:18:35.326+0000] {processor.py:157} INFO - Started process (PID=1096) to work on /home/airflow/.local/lib/python3.8/site-packages/airflow/example_dags/example_params_trigger_ui.py
[2023-08-28T00:18:35.331+0000] {processor.py:829} INFO - Processing file /home/airflow/.local/lib/python3.8/site-packages/airflow/example_dags/example_params_trigger_ui.py for tasks to queue
[2023-08-28T00:18:35.337+0000] {logging_mixin.py:151} INFO - [2023-08-28T00:18:35.337+0000] {dagbag.py:539} INFO - Filling up the DagBag from /home/airflow/.local/lib/python3.8/site-packages/airflow/example_dags/example_params_trigger_ui.py
[2023-08-28T00:18:35.389+0000] {processor.py:839} INFO - DAG(s) dict_keys(['example_params_trigger_ui']) retrieved from /home/airflow/.local/lib/python3.8/site-packages/airflow/example_dags/example_params_trigger_ui.py
[2023-08-28T00:18:35.508+0000] {logging_mixin.py:151} INFO - [2023-08-28T00:18:35.508+0000] {dag.py:2907} INFO - Sync 1 DAGs
[2023-08-28T00:18:35.526+0000] {logging_mixin.py:151} INFO - [2023-08-28T00:18:35.525+0000] {dag.py:3677} INFO - Setting next_dagrun for example_params_trigger_ui to None, run_after=None
[2023-08-28T00:18:35.559+0000] {processor.py:179} INFO - Processing /home/airflow/.local/lib/python3.8/site-packages/airflow/example_dags/example_params_trigger_ui.py took 0.237 seconds
[2023-08-28T00:19:06.633+0000] {processor.py:157} INFO - Started process (PID=1151) to work on /home/airflow/.local/lib/python3.8/site-packages/airflow/example_dags/example_params_trigger_ui.py
[2023-08-28T00:19:06.635+0000] {processor.py:829} INFO - Processing file /home/airflow/.local/lib/python3.8/site-packages/airflow/example_dags/example_params_trigger_ui.py for tasks to queue
[2023-08-28T00:19:06.638+0000] {logging_mixin.py:151} INFO - [2023-08-28T00:19:06.638+0000] {dagbag.py:539} INFO - Filling up the DagBag from /home/airflow/.local/lib/python3.8/site-packages/airflow/example_dags/example_params_trigger_ui.py
[2023-08-28T00:19:06.665+0000] {processor.py:839} INFO - DAG(s) dict_keys(['example_params_trigger_ui']) retrieved from /home/airflow/.local/lib/python3.8/site-packages/airflow/example_dags/example_params_trigger_ui.py
[2023-08-28T00:19:06.797+0000] {logging_mixin.py:151} INFO - [2023-08-28T00:19:06.797+0000] {dag.py:2907} INFO - Sync 1 DAGs
[2023-08-28T00:19:06.824+0000] {logging_mixin.py:151} INFO - [2023-08-28T00:19:06.824+0000] {dag.py:3677} INFO - Setting next_dagrun for example_params_trigger_ui to None, run_after=None
[2023-08-28T00:19:06.864+0000] {processor.py:179} INFO - Processing /home/airflow/.local/lib/python3.8/site-packages/airflow/example_dags/example_params_trigger_ui.py took 0.236 seconds
[2023-08-28T00:19:36.976+0000] {processor.py:157} INFO - Started process (PID=1206) to work on /home/airflow/.local/lib/python3.8/site-packages/airflow/example_dags/example_params_trigger_ui.py
[2023-08-28T00:19:36.978+0000] {processor.py:829} INFO - Processing file /home/airflow/.local/lib/python3.8/site-packages/airflow/example_dags/example_params_trigger_ui.py for tasks to queue
[2023-08-28T00:19:36.982+0000] {logging_mixin.py:151} INFO - [2023-08-28T00:19:36.981+0000] {dagbag.py:539} INFO - Filling up the DagBag from /home/airflow/.local/lib/python3.8/site-packages/airflow/example_dags/example_params_trigger_ui.py
[2023-08-28T00:19:37.007+0000] {processor.py:839} INFO - DAG(s) dict_keys(['example_params_trigger_ui']) retrieved from /home/airflow/.local/lib/python3.8/site-packages/airflow/example_dags/example_params_trigger_ui.py
[2023-08-28T00:19:37.103+0000] {logging_mixin.py:151} INFO - [2023-08-28T00:19:37.103+0000] {dag.py:2907} INFO - Sync 1 DAGs
[2023-08-28T00:19:37.120+0000] {logging_mixin.py:151} INFO - [2023-08-28T00:19:37.120+0000] {dag.py:3677} INFO - Setting next_dagrun for example_params_trigger_ui to None, run_after=None
[2023-08-28T00:19:37.147+0000] {processor.py:179} INFO - Processing /home/airflow/.local/lib/python3.8/site-packages/airflow/example_dags/example_params_trigger_ui.py took 0.175 seconds
[2023-08-28T00:20:07.605+0000] {processor.py:157} INFO - Started process (PID=1261) to work on /home/airflow/.local/lib/python3.8/site-packages/airflow/example_dags/example_params_trigger_ui.py
[2023-08-28T00:20:07.606+0000] {processor.py:829} INFO - Processing file /home/airflow/.local/lib/python3.8/site-packages/airflow/example_dags/example_params_trigger_ui.py for tasks to queue
[2023-08-28T00:20:07.610+0000] {logging_mixin.py:151} INFO - [2023-08-28T00:20:07.609+0000] {dagbag.py:539} INFO - Filling up the DagBag from /home/airflow/.local/lib/python3.8/site-packages/airflow/example_dags/example_params_trigger_ui.py
[2023-08-28T00:20:07.636+0000] {processor.py:839} INFO - DAG(s) dict_keys(['example_params_trigger_ui']) retrieved from /home/airflow/.local/lib/python3.8/site-packages/airflow/example_dags/example_params_trigger_ui.py
[2023-08-28T00:20:07.750+0000] {logging_mixin.py:151} INFO - [2023-08-28T00:20:07.750+0000] {dag.py:2907} INFO - Sync 1 DAGs
[2023-08-28T00:20:07.769+0000] {logging_mixin.py:151} INFO - [2023-08-28T00:20:07.769+0000] {dag.py:3677} INFO - Setting next_dagrun for example_params_trigger_ui to None, run_after=None
[2023-08-28T00:20:07.801+0000] {processor.py:179} INFO - Processing /home/airflow/.local/lib/python3.8/site-packages/airflow/example_dags/example_params_trigger_ui.py took 0.200 seconds
[2023-08-28T00:20:38.414+0000] {processor.py:157} INFO - Started process (PID=1316) to work on /home/airflow/.local/lib/python3.8/site-packages/airflow/example_dags/example_params_trigger_ui.py
[2023-08-28T00:20:38.418+0000] {processor.py:829} INFO - Processing file /home/airflow/.local/lib/python3.8/site-packages/airflow/example_dags/example_params_trigger_ui.py for tasks to queue
[2023-08-28T00:20:38.421+0000] {logging_mixin.py:151} INFO - [2023-08-28T00:20:38.421+0000] {dagbag.py:539} INFO - Filling up the DagBag from /home/airflow/.local/lib/python3.8/site-packages/airflow/example_dags/example_params_trigger_ui.py
[2023-08-28T00:20:38.447+0000] {processor.py:839} INFO - DAG(s) dict_keys(['example_params_trigger_ui']) retrieved from /home/airflow/.local/lib/python3.8/site-packages/airflow/example_dags/example_params_trigger_ui.py
[2023-08-28T00:20:38.545+0000] {logging_mixin.py:151} INFO - [2023-08-28T00:20:38.545+0000] {dag.py:2907} INFO - Sync 1 DAGs
[2023-08-28T00:20:38.562+0000] {logging_mixin.py:151} INFO - [2023-08-28T00:20:38.562+0000] {dag.py:3677} INFO - Setting next_dagrun for example_params_trigger_ui to None, run_after=None
[2023-08-28T00:20:38.589+0000] {processor.py:179} INFO - Processing /home/airflow/.local/lib/python3.8/site-packages/airflow/example_dags/example_params_trigger_ui.py took 0.181 seconds
[2023-08-28T00:21:08.989+0000] {processor.py:157} INFO - Started process (PID=1371) to work on /home/airflow/.local/lib/python3.8/site-packages/airflow/example_dags/example_params_trigger_ui.py
[2023-08-28T00:21:08.992+0000] {processor.py:829} INFO - Processing file /home/airflow/.local/lib/python3.8/site-packages/airflow/example_dags/example_params_trigger_ui.py for tasks to queue
[2023-08-28T00:21:08.996+0000] {logging_mixin.py:151} INFO - [2023-08-28T00:21:08.995+0000] {dagbag.py:539} INFO - Filling up the DagBag from /home/airflow/.local/lib/python3.8/site-packages/airflow/example_dags/example_params_trigger_ui.py
[2023-08-28T00:21:09.034+0000] {processor.py:839} INFO - DAG(s) dict_keys(['example_params_trigger_ui']) retrieved from /home/airflow/.local/lib/python3.8/site-packages/airflow/example_dags/example_params_trigger_ui.py
[2023-08-28T00:21:09.154+0000] {logging_mixin.py:151} INFO - [2023-08-28T00:21:09.154+0000] {dag.py:2907} INFO - Sync 1 DAGs
[2023-08-28T00:21:09.171+0000] {logging_mixin.py:151} INFO - [2023-08-28T00:21:09.171+0000] {dag.py:3677} INFO - Setting next_dagrun for example_params_trigger_ui to None, run_after=None
[2023-08-28T00:21:09.200+0000] {processor.py:179} INFO - Processing /home/airflow/.local/lib/python3.8/site-packages/airflow/example_dags/example_params_trigger_ui.py took 0.216 seconds
[2023-08-28T00:21:40.497+0000] {processor.py:157} INFO - Started process (PID=1426) to work on /home/airflow/.local/lib/python3.8/site-packages/airflow/example_dags/example_params_trigger_ui.py
[2023-08-28T00:21:40.499+0000] {processor.py:829} INFO - Processing file /home/airflow/.local/lib/python3.8/site-packages/airflow/example_dags/example_params_trigger_ui.py for tasks to queue
[2023-08-28T00:21:40.502+0000] {logging_mixin.py:151} INFO - [2023-08-28T00:21:40.502+0000] {dagbag.py:539} INFO - Filling up the DagBag from /home/airflow/.local/lib/python3.8/site-packages/airflow/example_dags/example_params_trigger_ui.py
[2023-08-28T00:21:40.532+0000] {processor.py:839} INFO - DAG(s) dict_keys(['example_params_trigger_ui']) retrieved from /home/airflow/.local/lib/python3.8/site-packages/airflow/example_dags/example_params_trigger_ui.py
[2023-08-28T00:21:40.636+0000] {logging_mixin.py:151} INFO - [2023-08-28T00:21:40.636+0000] {dag.py:2907} INFO - Sync 1 DAGs
[2023-08-28T00:21:40.654+0000] {logging_mixin.py:151} INFO - [2023-08-28T00:21:40.653+0000] {dag.py:3677} INFO - Setting next_dagrun for example_params_trigger_ui to None, run_after=None
[2023-08-28T00:21:40.684+0000] {processor.py:179} INFO - Processing /home/airflow/.local/lib/python3.8/site-packages/airflow/example_dags/example_params_trigger_ui.py took 0.191 seconds
