[2023-08-28T00:02:04.259+0000] {processor.py:157} INFO - Started process (PID=62) to work on /home/airflow/.local/lib/python3.8/site-packages/airflow/example_dags/example_dynamic_task_mapping.py
[2023-08-28T00:02:04.260+0000] {processor.py:829} INFO - Processing file /home/airflow/.local/lib/python3.8/site-packages/airflow/example_dags/example_dynamic_task_mapping.py for tasks to queue
[2023-08-28T00:02:04.263+0000] {logging_mixin.py:151} INFO - [2023-08-28T00:02:04.262+0000] {dagbag.py:539} INFO - Filling up the DagBag from /home/airflow/.local/lib/python3.8/site-packages/airflow/example_dags/example_dynamic_task_mapping.py
[2023-08-28T00:02:04.272+0000] {processor.py:839} INFO - DAG(s) dict_keys(['example_dynamic_task_mapping']) retrieved from /home/airflow/.local/lib/python3.8/site-packages/airflow/example_dags/example_dynamic_task_mapping.py
[2023-08-28T00:02:04.545+0000] {logging_mixin.py:151} INFO - [2023-08-28T00:02:04.544+0000] {manager.py:501} INFO - Created Permission View: can edit on DAG:example_dynamic_task_mapping
[2023-08-28T00:02:04.555+0000] {logging_mixin.py:151} INFO - [2023-08-28T00:02:04.555+0000] {manager.py:501} INFO - Created Permission View: can delete on DAG:example_dynamic_task_mapping
[2023-08-28T00:02:04.562+0000] {logging_mixin.py:151} INFO - [2023-08-28T00:02:04.561+0000] {manager.py:501} INFO - Created Permission View: can read on DAG:example_dynamic_task_mapping
[2023-08-28T00:02:04.578+0000] {logging_mixin.py:151} INFO - [2023-08-28T00:02:04.578+0000] {dag.py:2907} INFO - Sync 1 DAGs
[2023-08-28T00:02:04.589+0000] {logging_mixin.py:151} INFO - [2023-08-28T00:02:04.588+0000] {dag.py:2929} INFO - Creating ORM DAG for example_dynamic_task_mapping
[2023-08-28T00:02:04.609+0000] {logging_mixin.py:151} INFO - [2023-08-28T00:02:04.609+0000] {dag.py:3677} INFO - Setting next_dagrun for example_dynamic_task_mapping to 2022-03-04T00:00:00+00:00, run_after=2022-03-05T00:00:00+00:00
[2023-08-28T00:02:04.628+0000] {processor.py:179} INFO - Processing /home/airflow/.local/lib/python3.8/site-packages/airflow/example_dags/example_dynamic_task_mapping.py took 0.372 seconds
[2023-08-28T00:02:34.697+0000] {processor.py:157} INFO - Started process (PID=117) to work on /home/airflow/.local/lib/python3.8/site-packages/airflow/example_dags/example_dynamic_task_mapping.py
[2023-08-28T00:02:34.698+0000] {processor.py:829} INFO - Processing file /home/airflow/.local/lib/python3.8/site-packages/airflow/example_dags/example_dynamic_task_mapping.py for tasks to queue
[2023-08-28T00:02:34.701+0000] {logging_mixin.py:151} INFO - [2023-08-28T00:02:34.701+0000] {dagbag.py:539} INFO - Filling up the DagBag from /home/airflow/.local/lib/python3.8/site-packages/airflow/example_dags/example_dynamic_task_mapping.py
[2023-08-28T00:02:34.798+0000] {processor.py:839} INFO - DAG(s) dict_keys(['example_dynamic_task_mapping']) retrieved from /home/airflow/.local/lib/python3.8/site-packages/airflow/example_dags/example_dynamic_task_mapping.py
[2023-08-28T00:02:34.863+0000] {logging_mixin.py:151} INFO - [2023-08-28T00:02:34.862+0000] {dag.py:2907} INFO - Sync 1 DAGs
[2023-08-28T00:02:34.898+0000] {logging_mixin.py:151} INFO - [2023-08-28T00:02:34.898+0000] {dag.py:3677} INFO - Setting next_dagrun for example_dynamic_task_mapping to 2022-03-04T00:00:00+00:00, run_after=2022-03-05T00:00:00+00:00
[2023-08-28T00:02:34.951+0000] {processor.py:179} INFO - Processing /home/airflow/.local/lib/python3.8/site-packages/airflow/example_dags/example_dynamic_task_mapping.py took 0.257 seconds
[2023-08-28T00:03:05.362+0000] {processor.py:157} INFO - Started process (PID=172) to work on /home/airflow/.local/lib/python3.8/site-packages/airflow/example_dags/example_dynamic_task_mapping.py
[2023-08-28T00:03:05.363+0000] {processor.py:829} INFO - Processing file /home/airflow/.local/lib/python3.8/site-packages/airflow/example_dags/example_dynamic_task_mapping.py for tasks to queue
[2023-08-28T00:03:05.366+0000] {logging_mixin.py:151} INFO - [2023-08-28T00:03:05.365+0000] {dagbag.py:539} INFO - Filling up the DagBag from /home/airflow/.local/lib/python3.8/site-packages/airflow/example_dags/example_dynamic_task_mapping.py
[2023-08-28T00:03:05.375+0000] {processor.py:839} INFO - DAG(s) dict_keys(['example_dynamic_task_mapping']) retrieved from /home/airflow/.local/lib/python3.8/site-packages/airflow/example_dags/example_dynamic_task_mapping.py
[2023-08-28T00:03:05.447+0000] {logging_mixin.py:151} INFO - [2023-08-28T00:03:05.446+0000] {dag.py:2907} INFO - Sync 1 DAGs
[2023-08-28T00:03:05.480+0000] {logging_mixin.py:151} INFO - [2023-08-28T00:03:05.479+0000] {dag.py:3677} INFO - Setting next_dagrun for example_dynamic_task_mapping to 2022-03-04T00:00:00+00:00, run_after=2022-03-05T00:00:00+00:00
[2023-08-28T00:03:05.503+0000] {processor.py:179} INFO - Processing /home/airflow/.local/lib/python3.8/site-packages/airflow/example_dags/example_dynamic_task_mapping.py took 0.144 seconds
[2023-08-28T00:03:35.869+0000] {processor.py:157} INFO - Started process (PID=226) to work on /home/airflow/.local/lib/python3.8/site-packages/airflow/example_dags/example_dynamic_task_mapping.py
[2023-08-28T00:03:35.871+0000] {processor.py:829} INFO - Processing file /home/airflow/.local/lib/python3.8/site-packages/airflow/example_dags/example_dynamic_task_mapping.py for tasks to queue
[2023-08-28T00:03:35.873+0000] {logging_mixin.py:151} INFO - [2023-08-28T00:03:35.873+0000] {dagbag.py:539} INFO - Filling up the DagBag from /home/airflow/.local/lib/python3.8/site-packages/airflow/example_dags/example_dynamic_task_mapping.py
[2023-08-28T00:03:35.883+0000] {processor.py:839} INFO - DAG(s) dict_keys(['example_dynamic_task_mapping']) retrieved from /home/airflow/.local/lib/python3.8/site-packages/airflow/example_dags/example_dynamic_task_mapping.py
[2023-08-28T00:03:35.956+0000] {logging_mixin.py:151} INFO - [2023-08-28T00:03:35.956+0000] {dag.py:2907} INFO - Sync 1 DAGs
[2023-08-28T00:03:35.993+0000] {logging_mixin.py:151} INFO - [2023-08-28T00:03:35.993+0000] {dag.py:3677} INFO - Setting next_dagrun for example_dynamic_task_mapping to 2022-03-04T00:00:00+00:00, run_after=2022-03-05T00:00:00+00:00
[2023-08-28T00:03:36.015+0000] {processor.py:179} INFO - Processing /home/airflow/.local/lib/python3.8/site-packages/airflow/example_dags/example_dynamic_task_mapping.py took 0.149 seconds
[2023-08-28T00:04:06.736+0000] {processor.py:157} INFO - Started process (PID=281) to work on /home/airflow/.local/lib/python3.8/site-packages/airflow/example_dags/example_dynamic_task_mapping.py
[2023-08-28T00:04:06.738+0000] {processor.py:829} INFO - Processing file /home/airflow/.local/lib/python3.8/site-packages/airflow/example_dags/example_dynamic_task_mapping.py for tasks to queue
[2023-08-28T00:04:06.740+0000] {logging_mixin.py:151} INFO - [2023-08-28T00:04:06.739+0000] {dagbag.py:539} INFO - Filling up the DagBag from /home/airflow/.local/lib/python3.8/site-packages/airflow/example_dags/example_dynamic_task_mapping.py
[2023-08-28T00:04:06.748+0000] {processor.py:839} INFO - DAG(s) dict_keys(['example_dynamic_task_mapping']) retrieved from /home/airflow/.local/lib/python3.8/site-packages/airflow/example_dags/example_dynamic_task_mapping.py
[2023-08-28T00:04:06.820+0000] {logging_mixin.py:151} INFO - [2023-08-28T00:04:06.820+0000] {dag.py:2907} INFO - Sync 1 DAGs
[2023-08-28T00:04:06.857+0000] {logging_mixin.py:151} INFO - [2023-08-28T00:04:06.856+0000] {dag.py:3677} INFO - Setting next_dagrun for example_dynamic_task_mapping to 2022-03-04T00:00:00+00:00, run_after=2022-03-05T00:00:00+00:00
[2023-08-28T00:04:06.879+0000] {processor.py:179} INFO - Processing /home/airflow/.local/lib/python3.8/site-packages/airflow/example_dags/example_dynamic_task_mapping.py took 0.146 seconds
[2023-08-28T00:04:37.233+0000] {processor.py:157} INFO - Started process (PID=336) to work on /home/airflow/.local/lib/python3.8/site-packages/airflow/example_dags/example_dynamic_task_mapping.py
[2023-08-28T00:04:37.239+0000] {processor.py:829} INFO - Processing file /home/airflow/.local/lib/python3.8/site-packages/airflow/example_dags/example_dynamic_task_mapping.py for tasks to queue
[2023-08-28T00:04:37.242+0000] {logging_mixin.py:151} INFO - [2023-08-28T00:04:37.242+0000] {dagbag.py:539} INFO - Filling up the DagBag from /home/airflow/.local/lib/python3.8/site-packages/airflow/example_dags/example_dynamic_task_mapping.py
[2023-08-28T00:04:37.253+0000] {processor.py:839} INFO - DAG(s) dict_keys(['example_dynamic_task_mapping']) retrieved from /home/airflow/.local/lib/python3.8/site-packages/airflow/example_dags/example_dynamic_task_mapping.py
[2023-08-28T00:04:37.330+0000] {logging_mixin.py:151} INFO - [2023-08-28T00:04:37.330+0000] {dag.py:2907} INFO - Sync 1 DAGs
[2023-08-28T00:04:37.366+0000] {logging_mixin.py:151} INFO - [2023-08-28T00:04:37.366+0000] {dag.py:3677} INFO - Setting next_dagrun for example_dynamic_task_mapping to 2022-03-04T00:00:00+00:00, run_after=2022-03-05T00:00:00+00:00
[2023-08-28T00:04:37.390+0000] {processor.py:179} INFO - Processing /home/airflow/.local/lib/python3.8/site-packages/airflow/example_dags/example_dynamic_task_mapping.py took 0.162 seconds
[2023-08-28T00:05:08.472+0000] {processor.py:157} INFO - Started process (PID=391) to work on /home/airflow/.local/lib/python3.8/site-packages/airflow/example_dags/example_dynamic_task_mapping.py
[2023-08-28T00:05:08.473+0000] {processor.py:829} INFO - Processing file /home/airflow/.local/lib/python3.8/site-packages/airflow/example_dags/example_dynamic_task_mapping.py for tasks to queue
[2023-08-28T00:05:08.476+0000] {logging_mixin.py:151} INFO - [2023-08-28T00:05:08.476+0000] {dagbag.py:539} INFO - Filling up the DagBag from /home/airflow/.local/lib/python3.8/site-packages/airflow/example_dags/example_dynamic_task_mapping.py
[2023-08-28T00:05:08.485+0000] {processor.py:839} INFO - DAG(s) dict_keys(['example_dynamic_task_mapping']) retrieved from /home/airflow/.local/lib/python3.8/site-packages/airflow/example_dags/example_dynamic_task_mapping.py
[2023-08-28T00:05:08.561+0000] {logging_mixin.py:151} INFO - [2023-08-28T00:05:08.560+0000] {dag.py:2907} INFO - Sync 1 DAGs
[2023-08-28T00:05:08.600+0000] {logging_mixin.py:151} INFO - [2023-08-28T00:05:08.599+0000] {dag.py:3677} INFO - Setting next_dagrun for example_dynamic_task_mapping to 2022-03-04T00:00:00+00:00, run_after=2022-03-05T00:00:00+00:00
[2023-08-28T00:05:08.636+0000] {processor.py:179} INFO - Processing /home/airflow/.local/lib/python3.8/site-packages/airflow/example_dags/example_dynamic_task_mapping.py took 0.167 seconds
[2023-08-28T00:08:51.263+0000] {processor.py:157} INFO - Started process (PID=70) to work on /home/airflow/.local/lib/python3.8/site-packages/airflow/example_dags/example_dynamic_task_mapping.py
[2023-08-28T00:08:51.265+0000] {processor.py:829} INFO - Processing file /home/airflow/.local/lib/python3.8/site-packages/airflow/example_dags/example_dynamic_task_mapping.py for tasks to queue
[2023-08-28T00:08:51.271+0000] {logging_mixin.py:151} INFO - [2023-08-28T00:08:51.270+0000] {dagbag.py:539} INFO - Filling up the DagBag from /home/airflow/.local/lib/python3.8/site-packages/airflow/example_dags/example_dynamic_task_mapping.py
[2023-08-28T00:08:51.287+0000] {processor.py:839} INFO - DAG(s) dict_keys(['example_dynamic_task_mapping']) retrieved from /home/airflow/.local/lib/python3.8/site-packages/airflow/example_dags/example_dynamic_task_mapping.py
[2023-08-28T00:08:51.457+0000] {logging_mixin.py:151} INFO - [2023-08-28T00:08:51.457+0000] {dag.py:2907} INFO - Sync 1 DAGs
[2023-08-28T00:08:51.594+0000] {logging_mixin.py:151} INFO - [2023-08-28T00:08:51.594+0000] {dag.py:3677} INFO - Setting next_dagrun for example_dynamic_task_mapping to 2022-03-04T00:00:00+00:00, run_after=2022-03-05T00:00:00+00:00
[2023-08-28T00:08:51.889+0000] {processor.py:179} INFO - Processing /home/airflow/.local/lib/python3.8/site-packages/airflow/example_dags/example_dynamic_task_mapping.py took 0.630 seconds
[2023-08-28T00:09:23.802+0000] {processor.py:157} INFO - Started process (PID=125) to work on /home/airflow/.local/lib/python3.8/site-packages/airflow/example_dags/example_dynamic_task_mapping.py
[2023-08-28T00:09:23.805+0000] {processor.py:829} INFO - Processing file /home/airflow/.local/lib/python3.8/site-packages/airflow/example_dags/example_dynamic_task_mapping.py for tasks to queue
[2023-08-28T00:09:23.813+0000] {logging_mixin.py:151} INFO - [2023-08-28T00:09:23.812+0000] {dagbag.py:539} INFO - Filling up the DagBag from /home/airflow/.local/lib/python3.8/site-packages/airflow/example_dags/example_dynamic_task_mapping.py
[2023-08-28T00:09:24.873+0000] {processor.py:839} INFO - DAG(s) dict_keys(['example_dynamic_task_mapping']) retrieved from /home/airflow/.local/lib/python3.8/site-packages/airflow/example_dags/example_dynamic_task_mapping.py
[2023-08-28T00:09:25.074+0000] {logging_mixin.py:151} INFO - [2023-08-28T00:09:25.074+0000] {dag.py:2907} INFO - Sync 1 DAGs
[2023-08-28T00:09:25.188+0000] {logging_mixin.py:151} INFO - [2023-08-28T00:09:25.187+0000] {dag.py:3677} INFO - Setting next_dagrun for example_dynamic_task_mapping to 2022-03-04T00:00:00+00:00, run_after=2022-03-05T00:00:00+00:00
[2023-08-28T00:09:25.669+0000] {processor.py:179} INFO - Processing /home/airflow/.local/lib/python3.8/site-packages/airflow/example_dags/example_dynamic_task_mapping.py took 1.871 seconds
[2023-08-28T00:09:56.162+0000] {processor.py:157} INFO - Started process (PID=180) to work on /home/airflow/.local/lib/python3.8/site-packages/airflow/example_dags/example_dynamic_task_mapping.py
[2023-08-28T00:09:56.164+0000] {processor.py:829} INFO - Processing file /home/airflow/.local/lib/python3.8/site-packages/airflow/example_dags/example_dynamic_task_mapping.py for tasks to queue
[2023-08-28T00:09:56.167+0000] {logging_mixin.py:151} INFO - [2023-08-28T00:09:56.166+0000] {dagbag.py:539} INFO - Filling up the DagBag from /home/airflow/.local/lib/python3.8/site-packages/airflow/example_dags/example_dynamic_task_mapping.py
[2023-08-28T00:09:56.180+0000] {processor.py:839} INFO - DAG(s) dict_keys(['example_dynamic_task_mapping']) retrieved from /home/airflow/.local/lib/python3.8/site-packages/airflow/example_dags/example_dynamic_task_mapping.py
[2023-08-28T00:09:56.261+0000] {logging_mixin.py:151} INFO - [2023-08-28T00:09:56.261+0000] {dag.py:2907} INFO - Sync 1 DAGs
[2023-08-28T00:09:56.298+0000] {logging_mixin.py:151} INFO - [2023-08-28T00:09:56.298+0000] {dag.py:3677} INFO - Setting next_dagrun for example_dynamic_task_mapping to 2022-03-04T00:00:00+00:00, run_after=2022-03-05T00:00:00+00:00
[2023-08-28T00:09:56.324+0000] {processor.py:179} INFO - Processing /home/airflow/.local/lib/python3.8/site-packages/airflow/example_dags/example_dynamic_task_mapping.py took 0.166 seconds
[2023-08-28T00:10:26.365+0000] {processor.py:157} INFO - Started process (PID=234) to work on /home/airflow/.local/lib/python3.8/site-packages/airflow/example_dags/example_dynamic_task_mapping.py
[2023-08-28T00:10:26.368+0000] {processor.py:829} INFO - Processing file /home/airflow/.local/lib/python3.8/site-packages/airflow/example_dags/example_dynamic_task_mapping.py for tasks to queue
[2023-08-28T00:10:26.371+0000] {logging_mixin.py:151} INFO - [2023-08-28T00:10:26.371+0000] {dagbag.py:539} INFO - Filling up the DagBag from /home/airflow/.local/lib/python3.8/site-packages/airflow/example_dags/example_dynamic_task_mapping.py
[2023-08-28T00:10:26.383+0000] {processor.py:839} INFO - DAG(s) dict_keys(['example_dynamic_task_mapping']) retrieved from /home/airflow/.local/lib/python3.8/site-packages/airflow/example_dags/example_dynamic_task_mapping.py
[2023-08-28T00:10:26.464+0000] {logging_mixin.py:151} INFO - [2023-08-28T00:10:26.463+0000] {dag.py:2907} INFO - Sync 1 DAGs
[2023-08-28T00:10:26.513+0000] {logging_mixin.py:151} INFO - [2023-08-28T00:10:26.512+0000] {dag.py:3677} INFO - Setting next_dagrun for example_dynamic_task_mapping to 2022-03-04T00:00:00+00:00, run_after=2022-03-05T00:00:00+00:00
[2023-08-28T00:10:26.541+0000] {processor.py:179} INFO - Processing /home/airflow/.local/lib/python3.8/site-packages/airflow/example_dags/example_dynamic_task_mapping.py took 0.179 seconds
[2023-08-28T00:10:57.003+0000] {processor.py:157} INFO - Started process (PID=289) to work on /home/airflow/.local/lib/python3.8/site-packages/airflow/example_dags/example_dynamic_task_mapping.py
[2023-08-28T00:10:57.006+0000] {processor.py:829} INFO - Processing file /home/airflow/.local/lib/python3.8/site-packages/airflow/example_dags/example_dynamic_task_mapping.py for tasks to queue
[2023-08-28T00:10:57.014+0000] {logging_mixin.py:151} INFO - [2023-08-28T00:10:57.013+0000] {dagbag.py:539} INFO - Filling up the DagBag from /home/airflow/.local/lib/python3.8/site-packages/airflow/example_dags/example_dynamic_task_mapping.py
[2023-08-28T00:10:57.031+0000] {processor.py:839} INFO - DAG(s) dict_keys(['example_dynamic_task_mapping']) retrieved from /home/airflow/.local/lib/python3.8/site-packages/airflow/example_dags/example_dynamic_task_mapping.py
[2023-08-28T00:10:57.157+0000] {logging_mixin.py:151} INFO - [2023-08-28T00:10:57.156+0000] {dag.py:2907} INFO - Sync 1 DAGs
[2023-08-28T00:10:57.226+0000] {logging_mixin.py:151} INFO - [2023-08-28T00:10:57.226+0000] {dag.py:3677} INFO - Setting next_dagrun for example_dynamic_task_mapping to 2022-03-04T00:00:00+00:00, run_after=2022-03-05T00:00:00+00:00
[2023-08-28T00:10:57.283+0000] {processor.py:179} INFO - Processing /home/airflow/.local/lib/python3.8/site-packages/airflow/example_dags/example_dynamic_task_mapping.py took 0.285 seconds
[2023-08-28T00:11:27.381+0000] {processor.py:157} INFO - Started process (PID=343) to work on /home/airflow/.local/lib/python3.8/site-packages/airflow/example_dags/example_dynamic_task_mapping.py
[2023-08-28T00:11:27.383+0000] {processor.py:829} INFO - Processing file /home/airflow/.local/lib/python3.8/site-packages/airflow/example_dags/example_dynamic_task_mapping.py for tasks to queue
[2023-08-28T00:11:27.386+0000] {logging_mixin.py:151} INFO - [2023-08-28T00:11:27.385+0000] {dagbag.py:539} INFO - Filling up the DagBag from /home/airflow/.local/lib/python3.8/site-packages/airflow/example_dags/example_dynamic_task_mapping.py
[2023-08-28T00:11:27.396+0000] {processor.py:839} INFO - DAG(s) dict_keys(['example_dynamic_task_mapping']) retrieved from /home/airflow/.local/lib/python3.8/site-packages/airflow/example_dags/example_dynamic_task_mapping.py
[2023-08-28T00:11:27.497+0000] {logging_mixin.py:151} INFO - [2023-08-28T00:11:27.496+0000] {dag.py:2907} INFO - Sync 1 DAGs
[2023-08-28T00:11:27.553+0000] {logging_mixin.py:151} INFO - [2023-08-28T00:11:27.552+0000] {dag.py:3677} INFO - Setting next_dagrun for example_dynamic_task_mapping to 2022-03-04T00:00:00+00:00, run_after=2022-03-05T00:00:00+00:00
[2023-08-28T00:11:27.631+0000] {processor.py:179} INFO - Processing /home/airflow/.local/lib/python3.8/site-packages/airflow/example_dags/example_dynamic_task_mapping.py took 0.253 seconds
[2023-08-28T00:11:57.686+0000] {processor.py:157} INFO - Started process (PID=397) to work on /home/airflow/.local/lib/python3.8/site-packages/airflow/example_dags/example_dynamic_task_mapping.py
[2023-08-28T00:11:57.689+0000] {processor.py:829} INFO - Processing file /home/airflow/.local/lib/python3.8/site-packages/airflow/example_dags/example_dynamic_task_mapping.py for tasks to queue
[2023-08-28T00:11:57.691+0000] {logging_mixin.py:151} INFO - [2023-08-28T00:11:57.691+0000] {dagbag.py:539} INFO - Filling up the DagBag from /home/airflow/.local/lib/python3.8/site-packages/airflow/example_dags/example_dynamic_task_mapping.py
[2023-08-28T00:11:57.702+0000] {processor.py:839} INFO - DAG(s) dict_keys(['example_dynamic_task_mapping']) retrieved from /home/airflow/.local/lib/python3.8/site-packages/airflow/example_dags/example_dynamic_task_mapping.py
[2023-08-28T00:11:57.780+0000] {logging_mixin.py:151} INFO - [2023-08-28T00:11:57.780+0000] {dag.py:2907} INFO - Sync 1 DAGs
[2023-08-28T00:11:57.823+0000] {logging_mixin.py:151} INFO - [2023-08-28T00:11:57.823+0000] {dag.py:3677} INFO - Setting next_dagrun for example_dynamic_task_mapping to 2022-03-04T00:00:00+00:00, run_after=2022-03-05T00:00:00+00:00
[2023-08-28T00:11:57.869+0000] {processor.py:179} INFO - Processing /home/airflow/.local/lib/python3.8/site-packages/airflow/example_dags/example_dynamic_task_mapping.py took 0.185 seconds
[2023-08-28T00:12:28.509+0000] {processor.py:157} INFO - Started process (PID=453) to work on /home/airflow/.local/lib/python3.8/site-packages/airflow/example_dags/example_dynamic_task_mapping.py
[2023-08-28T00:12:28.512+0000] {processor.py:829} INFO - Processing file /home/airflow/.local/lib/python3.8/site-packages/airflow/example_dags/example_dynamic_task_mapping.py for tasks to queue
[2023-08-28T00:12:28.516+0000] {logging_mixin.py:151} INFO - [2023-08-28T00:12:28.515+0000] {dagbag.py:539} INFO - Filling up the DagBag from /home/airflow/.local/lib/python3.8/site-packages/airflow/example_dags/example_dynamic_task_mapping.py
[2023-08-28T00:12:28.529+0000] {processor.py:839} INFO - DAG(s) dict_keys(['example_dynamic_task_mapping']) retrieved from /home/airflow/.local/lib/python3.8/site-packages/airflow/example_dags/example_dynamic_task_mapping.py
[2023-08-28T00:12:28.611+0000] {logging_mixin.py:151} INFO - [2023-08-28T00:12:28.611+0000] {dag.py:2907} INFO - Sync 1 DAGs
[2023-08-28T00:12:28.651+0000] {logging_mixin.py:151} INFO - [2023-08-28T00:12:28.650+0000] {dag.py:3677} INFO - Setting next_dagrun for example_dynamic_task_mapping to 2022-03-04T00:00:00+00:00, run_after=2022-03-05T00:00:00+00:00
[2023-08-28T00:12:28.678+0000] {processor.py:179} INFO - Processing /home/airflow/.local/lib/python3.8/site-packages/airflow/example_dags/example_dynamic_task_mapping.py took 0.175 seconds
[2023-08-28T00:12:58.854+0000] {processor.py:157} INFO - Started process (PID=508) to work on /home/airflow/.local/lib/python3.8/site-packages/airflow/example_dags/example_dynamic_task_mapping.py
[2023-08-28T00:12:58.856+0000] {processor.py:829} INFO - Processing file /home/airflow/.local/lib/python3.8/site-packages/airflow/example_dags/example_dynamic_task_mapping.py for tasks to queue
[2023-08-28T00:12:58.860+0000] {logging_mixin.py:151} INFO - [2023-08-28T00:12:58.860+0000] {dagbag.py:539} INFO - Filling up the DagBag from /home/airflow/.local/lib/python3.8/site-packages/airflow/example_dags/example_dynamic_task_mapping.py
[2023-08-28T00:12:58.875+0000] {processor.py:839} INFO - DAG(s) dict_keys(['example_dynamic_task_mapping']) retrieved from /home/airflow/.local/lib/python3.8/site-packages/airflow/example_dags/example_dynamic_task_mapping.py
[2023-08-28T00:12:58.982+0000] {logging_mixin.py:151} INFO - [2023-08-28T00:12:58.981+0000] {dag.py:2907} INFO - Sync 1 DAGs
[2023-08-28T00:12:59.027+0000] {logging_mixin.py:151} INFO - [2023-08-28T00:12:59.026+0000] {dag.py:3677} INFO - Setting next_dagrun for example_dynamic_task_mapping to 2022-03-04T00:00:00+00:00, run_after=2022-03-05T00:00:00+00:00
[2023-08-28T00:12:59.103+0000] {processor.py:179} INFO - Processing /home/airflow/.local/lib/python3.8/site-packages/airflow/example_dags/example_dynamic_task_mapping.py took 0.251 seconds
[2023-08-28T00:13:29.875+0000] {processor.py:157} INFO - Started process (PID=562) to work on /home/airflow/.local/lib/python3.8/site-packages/airflow/example_dags/example_dynamic_task_mapping.py
[2023-08-28T00:13:29.876+0000] {processor.py:829} INFO - Processing file /home/airflow/.local/lib/python3.8/site-packages/airflow/example_dags/example_dynamic_task_mapping.py for tasks to queue
[2023-08-28T00:13:29.879+0000] {logging_mixin.py:151} INFO - [2023-08-28T00:13:29.879+0000] {dagbag.py:539} INFO - Filling up the DagBag from /home/airflow/.local/lib/python3.8/site-packages/airflow/example_dags/example_dynamic_task_mapping.py
[2023-08-28T00:13:29.894+0000] {processor.py:839} INFO - DAG(s) dict_keys(['example_dynamic_task_mapping']) retrieved from /home/airflow/.local/lib/python3.8/site-packages/airflow/example_dags/example_dynamic_task_mapping.py
[2023-08-28T00:13:29.981+0000] {logging_mixin.py:151} INFO - [2023-08-28T00:13:29.981+0000] {dag.py:2907} INFO - Sync 1 DAGs
[2023-08-28T00:13:30.018+0000] {logging_mixin.py:151} INFO - [2023-08-28T00:13:30.018+0000] {dag.py:3677} INFO - Setting next_dagrun for example_dynamic_task_mapping to 2022-03-04T00:00:00+00:00, run_after=2022-03-05T00:00:00+00:00
[2023-08-28T00:13:30.043+0000] {processor.py:179} INFO - Processing /home/airflow/.local/lib/python3.8/site-packages/airflow/example_dags/example_dynamic_task_mapping.py took 0.172 seconds
[2023-08-28T00:14:00.476+0000] {processor.py:157} INFO - Started process (PID=617) to work on /home/airflow/.local/lib/python3.8/site-packages/airflow/example_dags/example_dynamic_task_mapping.py
[2023-08-28T00:14:00.477+0000] {processor.py:829} INFO - Processing file /home/airflow/.local/lib/python3.8/site-packages/airflow/example_dags/example_dynamic_task_mapping.py for tasks to queue
[2023-08-28T00:14:00.481+0000] {logging_mixin.py:151} INFO - [2023-08-28T00:14:00.480+0000] {dagbag.py:539} INFO - Filling up the DagBag from /home/airflow/.local/lib/python3.8/site-packages/airflow/example_dags/example_dynamic_task_mapping.py
[2023-08-28T00:14:00.497+0000] {processor.py:839} INFO - DAG(s) dict_keys(['example_dynamic_task_mapping']) retrieved from /home/airflow/.local/lib/python3.8/site-packages/airflow/example_dags/example_dynamic_task_mapping.py
[2023-08-28T00:14:00.593+0000] {logging_mixin.py:151} INFO - [2023-08-28T00:14:00.592+0000] {dag.py:2907} INFO - Sync 1 DAGs
[2023-08-28T00:14:00.632+0000] {logging_mixin.py:151} INFO - [2023-08-28T00:14:00.632+0000] {dag.py:3677} INFO - Setting next_dagrun for example_dynamic_task_mapping to 2022-03-04T00:00:00+00:00, run_after=2022-03-05T00:00:00+00:00
[2023-08-28T00:14:00.657+0000] {processor.py:179} INFO - Processing /home/airflow/.local/lib/python3.8/site-packages/airflow/example_dags/example_dynamic_task_mapping.py took 0.186 seconds
[2023-08-28T00:14:30.824+0000] {processor.py:157} INFO - Started process (PID=672) to work on /home/airflow/.local/lib/python3.8/site-packages/airflow/example_dags/example_dynamic_task_mapping.py
[2023-08-28T00:14:30.826+0000] {processor.py:829} INFO - Processing file /home/airflow/.local/lib/python3.8/site-packages/airflow/example_dags/example_dynamic_task_mapping.py for tasks to queue
[2023-08-28T00:14:30.829+0000] {logging_mixin.py:151} INFO - [2023-08-28T00:14:30.829+0000] {dagbag.py:539} INFO - Filling up the DagBag from /home/airflow/.local/lib/python3.8/site-packages/airflow/example_dags/example_dynamic_task_mapping.py
[2023-08-28T00:14:30.851+0000] {processor.py:839} INFO - DAG(s) dict_keys(['example_dynamic_task_mapping']) retrieved from /home/airflow/.local/lib/python3.8/site-packages/airflow/example_dags/example_dynamic_task_mapping.py
[2023-08-28T00:14:30.933+0000] {logging_mixin.py:151} INFO - [2023-08-28T00:14:30.932+0000] {dag.py:2907} INFO - Sync 1 DAGs
[2023-08-28T00:14:30.970+0000] {logging_mixin.py:151} INFO - [2023-08-28T00:14:30.969+0000] {dag.py:3677} INFO - Setting next_dagrun for example_dynamic_task_mapping to 2022-03-04T00:00:00+00:00, run_after=2022-03-05T00:00:00+00:00
[2023-08-28T00:14:30.995+0000] {processor.py:179} INFO - Processing /home/airflow/.local/lib/python3.8/site-packages/airflow/example_dags/example_dynamic_task_mapping.py took 0.176 seconds
[2023-08-28T00:15:01.745+0000] {processor.py:157} INFO - Started process (PID=727) to work on /home/airflow/.local/lib/python3.8/site-packages/airflow/example_dags/example_dynamic_task_mapping.py
[2023-08-28T00:15:01.748+0000] {processor.py:829} INFO - Processing file /home/airflow/.local/lib/python3.8/site-packages/airflow/example_dags/example_dynamic_task_mapping.py for tasks to queue
[2023-08-28T00:15:01.752+0000] {logging_mixin.py:151} INFO - [2023-08-28T00:15:01.752+0000] {dagbag.py:539} INFO - Filling up the DagBag from /home/airflow/.local/lib/python3.8/site-packages/airflow/example_dags/example_dynamic_task_mapping.py
[2023-08-28T00:15:01.772+0000] {processor.py:839} INFO - DAG(s) dict_keys(['example_dynamic_task_mapping']) retrieved from /home/airflow/.local/lib/python3.8/site-packages/airflow/example_dags/example_dynamic_task_mapping.py
[2023-08-28T00:15:01.920+0000] {logging_mixin.py:151} INFO - [2023-08-28T00:15:01.919+0000] {dag.py:2907} INFO - Sync 1 DAGs
[2023-08-28T00:15:01.976+0000] {logging_mixin.py:151} INFO - [2023-08-28T00:15:01.975+0000] {dag.py:3677} INFO - Setting next_dagrun for example_dynamic_task_mapping to 2022-03-04T00:00:00+00:00, run_after=2022-03-05T00:00:00+00:00
[2023-08-28T00:15:02.004+0000] {processor.py:179} INFO - Processing /home/airflow/.local/lib/python3.8/site-packages/airflow/example_dags/example_dynamic_task_mapping.py took 0.266 seconds
[2023-08-28T00:15:32.501+0000] {processor.py:157} INFO - Started process (PID=782) to work on /home/airflow/.local/lib/python3.8/site-packages/airflow/example_dags/example_dynamic_task_mapping.py
[2023-08-28T00:15:32.502+0000] {processor.py:829} INFO - Processing file /home/airflow/.local/lib/python3.8/site-packages/airflow/example_dags/example_dynamic_task_mapping.py for tasks to queue
[2023-08-28T00:15:32.505+0000] {logging_mixin.py:151} INFO - [2023-08-28T00:15:32.504+0000] {dagbag.py:539} INFO - Filling up the DagBag from /home/airflow/.local/lib/python3.8/site-packages/airflow/example_dags/example_dynamic_task_mapping.py
[2023-08-28T00:15:32.514+0000] {processor.py:839} INFO - DAG(s) dict_keys(['example_dynamic_task_mapping']) retrieved from /home/airflow/.local/lib/python3.8/site-packages/airflow/example_dags/example_dynamic_task_mapping.py
[2023-08-28T00:15:32.585+0000] {logging_mixin.py:151} INFO - [2023-08-28T00:15:32.585+0000] {dag.py:2907} INFO - Sync 1 DAGs
[2023-08-28T00:15:32.621+0000] {logging_mixin.py:151} INFO - [2023-08-28T00:15:32.621+0000] {dag.py:3677} INFO - Setting next_dagrun for example_dynamic_task_mapping to 2022-03-04T00:00:00+00:00, run_after=2022-03-05T00:00:00+00:00
[2023-08-28T00:15:32.645+0000] {processor.py:179} INFO - Processing /home/airflow/.local/lib/python3.8/site-packages/airflow/example_dags/example_dynamic_task_mapping.py took 0.148 seconds
[2023-08-28T00:16:03.249+0000] {processor.py:157} INFO - Started process (PID=837) to work on /home/airflow/.local/lib/python3.8/site-packages/airflow/example_dags/example_dynamic_task_mapping.py
[2023-08-28T00:16:03.252+0000] {processor.py:829} INFO - Processing file /home/airflow/.local/lib/python3.8/site-packages/airflow/example_dags/example_dynamic_task_mapping.py for tasks to queue
[2023-08-28T00:16:03.257+0000] {logging_mixin.py:151} INFO - [2023-08-28T00:16:03.256+0000] {dagbag.py:539} INFO - Filling up the DagBag from /home/airflow/.local/lib/python3.8/site-packages/airflow/example_dags/example_dynamic_task_mapping.py
[2023-08-28T00:16:03.275+0000] {processor.py:839} INFO - DAG(s) dict_keys(['example_dynamic_task_mapping']) retrieved from /home/airflow/.local/lib/python3.8/site-packages/airflow/example_dags/example_dynamic_task_mapping.py
[2023-08-28T00:16:03.395+0000] {logging_mixin.py:151} INFO - [2023-08-28T00:16:03.394+0000] {dag.py:2907} INFO - Sync 1 DAGs
[2023-08-28T00:16:03.483+0000] {logging_mixin.py:151} INFO - [2023-08-28T00:16:03.482+0000] {dag.py:3677} INFO - Setting next_dagrun for example_dynamic_task_mapping to 2022-03-04T00:00:00+00:00, run_after=2022-03-05T00:00:00+00:00
[2023-08-28T00:16:03.517+0000] {processor.py:179} INFO - Processing /home/airflow/.local/lib/python3.8/site-packages/airflow/example_dags/example_dynamic_task_mapping.py took 0.274 seconds
[2023-08-28T00:16:33.723+0000] {processor.py:157} INFO - Started process (PID=892) to work on /home/airflow/.local/lib/python3.8/site-packages/airflow/example_dags/example_dynamic_task_mapping.py
[2023-08-28T00:16:33.727+0000] {processor.py:829} INFO - Processing file /home/airflow/.local/lib/python3.8/site-packages/airflow/example_dags/example_dynamic_task_mapping.py for tasks to queue
[2023-08-28T00:16:33.733+0000] {logging_mixin.py:151} INFO - [2023-08-28T00:16:33.732+0000] {dagbag.py:539} INFO - Filling up the DagBag from /home/airflow/.local/lib/python3.8/site-packages/airflow/example_dags/example_dynamic_task_mapping.py
[2023-08-28T00:16:33.756+0000] {processor.py:839} INFO - DAG(s) dict_keys(['example_dynamic_task_mapping']) retrieved from /home/airflow/.local/lib/python3.8/site-packages/airflow/example_dags/example_dynamic_task_mapping.py
[2023-08-28T00:16:33.861+0000] {logging_mixin.py:151} INFO - [2023-08-28T00:16:33.861+0000] {dag.py:2907} INFO - Sync 1 DAGs
[2023-08-28T00:16:33.936+0000] {logging_mixin.py:151} INFO - [2023-08-28T00:16:33.936+0000] {dag.py:3677} INFO - Setting next_dagrun for example_dynamic_task_mapping to 2022-03-04T00:00:00+00:00, run_after=2022-03-05T00:00:00+00:00
[2023-08-28T00:16:33.987+0000] {processor.py:179} INFO - Processing /home/airflow/.local/lib/python3.8/site-packages/airflow/example_dags/example_dynamic_task_mapping.py took 0.272 seconds
[2023-08-28T00:17:04.043+0000] {processor.py:157} INFO - Started process (PID=946) to work on /home/airflow/.local/lib/python3.8/site-packages/airflow/example_dags/example_dynamic_task_mapping.py
[2023-08-28T00:17:04.046+0000] {processor.py:829} INFO - Processing file /home/airflow/.local/lib/python3.8/site-packages/airflow/example_dags/example_dynamic_task_mapping.py for tasks to queue
[2023-08-28T00:17:04.051+0000] {logging_mixin.py:151} INFO - [2023-08-28T00:17:04.050+0000] {dagbag.py:539} INFO - Filling up the DagBag from /home/airflow/.local/lib/python3.8/site-packages/airflow/example_dags/example_dynamic_task_mapping.py
[2023-08-28T00:17:04.068+0000] {processor.py:839} INFO - DAG(s) dict_keys(['example_dynamic_task_mapping']) retrieved from /home/airflow/.local/lib/python3.8/site-packages/airflow/example_dags/example_dynamic_task_mapping.py
[2023-08-28T00:17:04.169+0000] {logging_mixin.py:151} INFO - [2023-08-28T00:17:04.169+0000] {dag.py:2907} INFO - Sync 1 DAGs
[2023-08-28T00:17:04.211+0000] {logging_mixin.py:151} INFO - [2023-08-28T00:17:04.211+0000] {dag.py:3677} INFO - Setting next_dagrun for example_dynamic_task_mapping to 2022-03-04T00:00:00+00:00, run_after=2022-03-05T00:00:00+00:00
[2023-08-28T00:17:04.238+0000] {processor.py:179} INFO - Processing /home/airflow/.local/lib/python3.8/site-packages/airflow/example_dags/example_dynamic_task_mapping.py took 0.201 seconds
[2023-08-28T00:17:35.030+0000] {processor.py:157} INFO - Started process (PID=1002) to work on /home/airflow/.local/lib/python3.8/site-packages/airflow/example_dags/example_dynamic_task_mapping.py
[2023-08-28T00:17:35.036+0000] {processor.py:829} INFO - Processing file /home/airflow/.local/lib/python3.8/site-packages/airflow/example_dags/example_dynamic_task_mapping.py for tasks to queue
[2023-08-28T00:17:35.042+0000] {logging_mixin.py:151} INFO - [2023-08-28T00:17:35.041+0000] {dagbag.py:539} INFO - Filling up the DagBag from /home/airflow/.local/lib/python3.8/site-packages/airflow/example_dags/example_dynamic_task_mapping.py
[2023-08-28T00:17:35.057+0000] {processor.py:839} INFO - DAG(s) dict_keys(['example_dynamic_task_mapping']) retrieved from /home/airflow/.local/lib/python3.8/site-packages/airflow/example_dags/example_dynamic_task_mapping.py
[2023-08-28T00:17:35.276+0000] {logging_mixin.py:151} INFO - [2023-08-28T00:17:35.275+0000] {dag.py:2907} INFO - Sync 1 DAGs
[2023-08-28T00:17:35.428+0000] {logging_mixin.py:151} INFO - [2023-08-28T00:17:35.427+0000] {dag.py:3677} INFO - Setting next_dagrun for example_dynamic_task_mapping to 2022-03-04T00:00:00+00:00, run_after=2022-03-05T00:00:00+00:00
[2023-08-28T00:17:35.488+0000] {processor.py:179} INFO - Processing /home/airflow/.local/lib/python3.8/site-packages/airflow/example_dags/example_dynamic_task_mapping.py took 0.475 seconds
[2023-08-28T00:18:07.805+0000] {processor.py:157} INFO - Started process (PID=1057) to work on /home/airflow/.local/lib/python3.8/site-packages/airflow/example_dags/example_dynamic_task_mapping.py
[2023-08-28T00:18:07.807+0000] {processor.py:829} INFO - Processing file /home/airflow/.local/lib/python3.8/site-packages/airflow/example_dags/example_dynamic_task_mapping.py for tasks to queue
[2023-08-28T00:18:07.812+0000] {logging_mixin.py:151} INFO - [2023-08-28T00:18:07.811+0000] {dagbag.py:539} INFO - Filling up the DagBag from /home/airflow/.local/lib/python3.8/site-packages/airflow/example_dags/example_dynamic_task_mapping.py
[2023-08-28T00:18:07.824+0000] {processor.py:839} INFO - DAG(s) dict_keys(['example_dynamic_task_mapping']) retrieved from /home/airflow/.local/lib/python3.8/site-packages/airflow/example_dags/example_dynamic_task_mapping.py
[2023-08-28T00:18:07.923+0000] {logging_mixin.py:151} INFO - [2023-08-28T00:18:07.923+0000] {dag.py:2907} INFO - Sync 1 DAGs
[2023-08-28T00:18:07.986+0000] {logging_mixin.py:151} INFO - [2023-08-28T00:18:07.984+0000] {dag.py:3677} INFO - Setting next_dagrun for example_dynamic_task_mapping to 2022-03-04T00:00:00+00:00, run_after=2022-03-05T00:00:00+00:00
[2023-08-28T00:18:08.030+0000] {processor.py:179} INFO - Processing /home/airflow/.local/lib/python3.8/site-packages/airflow/example_dags/example_dynamic_task_mapping.py took 0.228 seconds
[2023-08-28T00:18:38.218+0000] {processor.py:157} INFO - Started process (PID=1111) to work on /home/airflow/.local/lib/python3.8/site-packages/airflow/example_dags/example_dynamic_task_mapping.py
[2023-08-28T00:18:38.220+0000] {processor.py:829} INFO - Processing file /home/airflow/.local/lib/python3.8/site-packages/airflow/example_dags/example_dynamic_task_mapping.py for tasks to queue
[2023-08-28T00:18:38.222+0000] {logging_mixin.py:151} INFO - [2023-08-28T00:18:38.222+0000] {dagbag.py:539} INFO - Filling up the DagBag from /home/airflow/.local/lib/python3.8/site-packages/airflow/example_dags/example_dynamic_task_mapping.py
[2023-08-28T00:18:38.232+0000] {processor.py:839} INFO - DAG(s) dict_keys(['example_dynamic_task_mapping']) retrieved from /home/airflow/.local/lib/python3.8/site-packages/airflow/example_dags/example_dynamic_task_mapping.py
[2023-08-28T00:18:38.306+0000] {logging_mixin.py:151} INFO - [2023-08-28T00:18:38.306+0000] {dag.py:2907} INFO - Sync 1 DAGs
[2023-08-28T00:18:38.347+0000] {logging_mixin.py:151} INFO - [2023-08-28T00:18:38.346+0000] {dag.py:3677} INFO - Setting next_dagrun for example_dynamic_task_mapping to 2022-03-04T00:00:00+00:00, run_after=2022-03-05T00:00:00+00:00
[2023-08-28T00:18:38.432+0000] {processor.py:179} INFO - Processing /home/airflow/.local/lib/python3.8/site-packages/airflow/example_dags/example_dynamic_task_mapping.py took 0.216 seconds
[2023-08-28T00:19:09.481+0000] {processor.py:157} INFO - Started process (PID=1166) to work on /home/airflow/.local/lib/python3.8/site-packages/airflow/example_dags/example_dynamic_task_mapping.py
[2023-08-28T00:19:09.483+0000] {processor.py:829} INFO - Processing file /home/airflow/.local/lib/python3.8/site-packages/airflow/example_dags/example_dynamic_task_mapping.py for tasks to queue
[2023-08-28T00:19:09.488+0000] {logging_mixin.py:151} INFO - [2023-08-28T00:19:09.487+0000] {dagbag.py:539} INFO - Filling up the DagBag from /home/airflow/.local/lib/python3.8/site-packages/airflow/example_dags/example_dynamic_task_mapping.py
[2023-08-28T00:19:09.503+0000] {processor.py:839} INFO - DAG(s) dict_keys(['example_dynamic_task_mapping']) retrieved from /home/airflow/.local/lib/python3.8/site-packages/airflow/example_dags/example_dynamic_task_mapping.py
[2023-08-28T00:19:09.590+0000] {logging_mixin.py:151} INFO - [2023-08-28T00:19:09.590+0000] {dag.py:2907} INFO - Sync 1 DAGs
[2023-08-28T00:19:09.634+0000] {logging_mixin.py:151} INFO - [2023-08-28T00:19:09.633+0000] {dag.py:3677} INFO - Setting next_dagrun for example_dynamic_task_mapping to 2022-03-04T00:00:00+00:00, run_after=2022-03-05T00:00:00+00:00
[2023-08-28T00:19:09.674+0000] {processor.py:179} INFO - Processing /home/airflow/.local/lib/python3.8/site-packages/airflow/example_dags/example_dynamic_task_mapping.py took 0.197 seconds
[2023-08-28T00:19:39.755+0000] {processor.py:157} INFO - Started process (PID=1221) to work on /home/airflow/.local/lib/python3.8/site-packages/airflow/example_dags/example_dynamic_task_mapping.py
[2023-08-28T00:19:39.757+0000] {processor.py:829} INFO - Processing file /home/airflow/.local/lib/python3.8/site-packages/airflow/example_dags/example_dynamic_task_mapping.py for tasks to queue
[2023-08-28T00:19:39.759+0000] {logging_mixin.py:151} INFO - [2023-08-28T00:19:39.759+0000] {dagbag.py:539} INFO - Filling up the DagBag from /home/airflow/.local/lib/python3.8/site-packages/airflow/example_dags/example_dynamic_task_mapping.py
[2023-08-28T00:19:39.769+0000] {processor.py:839} INFO - DAG(s) dict_keys(['example_dynamic_task_mapping']) retrieved from /home/airflow/.local/lib/python3.8/site-packages/airflow/example_dags/example_dynamic_task_mapping.py
[2023-08-28T00:19:39.841+0000] {logging_mixin.py:151} INFO - [2023-08-28T00:19:39.841+0000] {dag.py:2907} INFO - Sync 1 DAGs
[2023-08-28T00:19:39.878+0000] {logging_mixin.py:151} INFO - [2023-08-28T00:19:39.877+0000] {dag.py:3677} INFO - Setting next_dagrun for example_dynamic_task_mapping to 2022-03-04T00:00:00+00:00, run_after=2022-03-05T00:00:00+00:00
[2023-08-28T00:19:39.909+0000] {processor.py:179} INFO - Processing /home/airflow/.local/lib/python3.8/site-packages/airflow/example_dags/example_dynamic_task_mapping.py took 0.157 seconds
[2023-08-28T00:20:10.925+0000] {processor.py:157} INFO - Started process (PID=1276) to work on /home/airflow/.local/lib/python3.8/site-packages/airflow/example_dags/example_dynamic_task_mapping.py
[2023-08-28T00:20:10.928+0000] {processor.py:829} INFO - Processing file /home/airflow/.local/lib/python3.8/site-packages/airflow/example_dags/example_dynamic_task_mapping.py for tasks to queue
[2023-08-28T00:20:10.933+0000] {logging_mixin.py:151} INFO - [2023-08-28T00:20:10.932+0000] {dagbag.py:539} INFO - Filling up the DagBag from /home/airflow/.local/lib/python3.8/site-packages/airflow/example_dags/example_dynamic_task_mapping.py
[2023-08-28T00:20:10.948+0000] {processor.py:839} INFO - DAG(s) dict_keys(['example_dynamic_task_mapping']) retrieved from /home/airflow/.local/lib/python3.8/site-packages/airflow/example_dags/example_dynamic_task_mapping.py
[2023-08-28T00:20:11.047+0000] {logging_mixin.py:151} INFO - [2023-08-28T00:20:11.047+0000] {dag.py:2907} INFO - Sync 1 DAGs
[2023-08-28T00:20:11.096+0000] {logging_mixin.py:151} INFO - [2023-08-28T00:20:11.096+0000] {dag.py:3677} INFO - Setting next_dagrun for example_dynamic_task_mapping to 2022-03-04T00:00:00+00:00, run_after=2022-03-05T00:00:00+00:00
[2023-08-28T00:20:11.122+0000] {processor.py:179} INFO - Processing /home/airflow/.local/lib/python3.8/site-packages/airflow/example_dags/example_dynamic_task_mapping.py took 0.203 seconds
[2023-08-28T00:20:41.495+0000] {processor.py:157} INFO - Started process (PID=1331) to work on /home/airflow/.local/lib/python3.8/site-packages/airflow/example_dags/example_dynamic_task_mapping.py
[2023-08-28T00:20:41.497+0000] {processor.py:829} INFO - Processing file /home/airflow/.local/lib/python3.8/site-packages/airflow/example_dags/example_dynamic_task_mapping.py for tasks to queue
[2023-08-28T00:20:41.499+0000] {logging_mixin.py:151} INFO - [2023-08-28T00:20:41.499+0000] {dagbag.py:539} INFO - Filling up the DagBag from /home/airflow/.local/lib/python3.8/site-packages/airflow/example_dags/example_dynamic_task_mapping.py
[2023-08-28T00:20:41.508+0000] {processor.py:839} INFO - DAG(s) dict_keys(['example_dynamic_task_mapping']) retrieved from /home/airflow/.local/lib/python3.8/site-packages/airflow/example_dags/example_dynamic_task_mapping.py
[2023-08-28T00:20:41.584+0000] {logging_mixin.py:151} INFO - [2023-08-28T00:20:41.583+0000] {dag.py:2907} INFO - Sync 1 DAGs
[2023-08-28T00:20:41.624+0000] {logging_mixin.py:151} INFO - [2023-08-28T00:20:41.624+0000] {dag.py:3677} INFO - Setting next_dagrun for example_dynamic_task_mapping to 2022-03-04T00:00:00+00:00, run_after=2022-03-05T00:00:00+00:00
[2023-08-28T00:20:41.648+0000] {processor.py:179} INFO - Processing /home/airflow/.local/lib/python3.8/site-packages/airflow/example_dags/example_dynamic_task_mapping.py took 0.156 seconds
[2023-08-28T00:21:11.851+0000] {processor.py:157} INFO - Started process (PID=1386) to work on /home/airflow/.local/lib/python3.8/site-packages/airflow/example_dags/example_dynamic_task_mapping.py
[2023-08-28T00:21:11.852+0000] {processor.py:829} INFO - Processing file /home/airflow/.local/lib/python3.8/site-packages/airflow/example_dags/example_dynamic_task_mapping.py for tasks to queue
[2023-08-28T00:21:11.855+0000] {logging_mixin.py:151} INFO - [2023-08-28T00:21:11.854+0000] {dagbag.py:539} INFO - Filling up the DagBag from /home/airflow/.local/lib/python3.8/site-packages/airflow/example_dags/example_dynamic_task_mapping.py
[2023-08-28T00:21:11.864+0000] {processor.py:839} INFO - DAG(s) dict_keys(['example_dynamic_task_mapping']) retrieved from /home/airflow/.local/lib/python3.8/site-packages/airflow/example_dags/example_dynamic_task_mapping.py
[2023-08-28T00:21:11.937+0000] {logging_mixin.py:151} INFO - [2023-08-28T00:21:11.937+0000] {dag.py:2907} INFO - Sync 1 DAGs
[2023-08-28T00:21:11.974+0000] {logging_mixin.py:151} INFO - [2023-08-28T00:21:11.974+0000] {dag.py:3677} INFO - Setting next_dagrun for example_dynamic_task_mapping to 2022-03-04T00:00:00+00:00, run_after=2022-03-05T00:00:00+00:00
[2023-08-28T00:21:12.005+0000] {processor.py:179} INFO - Processing /home/airflow/.local/lib/python3.8/site-packages/airflow/example_dags/example_dynamic_task_mapping.py took 0.157 seconds
[2023-08-28T00:21:43.376+0000] {processor.py:157} INFO - Started process (PID=1441) to work on /home/airflow/.local/lib/python3.8/site-packages/airflow/example_dags/example_dynamic_task_mapping.py
[2023-08-28T00:21:43.380+0000] {processor.py:829} INFO - Processing file /home/airflow/.local/lib/python3.8/site-packages/airflow/example_dags/example_dynamic_task_mapping.py for tasks to queue
[2023-08-28T00:21:43.391+0000] {logging_mixin.py:151} INFO - [2023-08-28T00:21:43.389+0000] {dagbag.py:539} INFO - Filling up the DagBag from /home/airflow/.local/lib/python3.8/site-packages/airflow/example_dags/example_dynamic_task_mapping.py
[2023-08-28T00:21:43.421+0000] {processor.py:839} INFO - DAG(s) dict_keys(['example_dynamic_task_mapping']) retrieved from /home/airflow/.local/lib/python3.8/site-packages/airflow/example_dags/example_dynamic_task_mapping.py
[2023-08-28T00:21:43.533+0000] {logging_mixin.py:151} INFO - [2023-08-28T00:21:43.532+0000] {dag.py:2907} INFO - Sync 1 DAGs
[2023-08-28T00:21:43.644+0000] {logging_mixin.py:151} INFO - [2023-08-28T00:21:43.643+0000] {dag.py:3677} INFO - Setting next_dagrun for example_dynamic_task_mapping to 2022-03-04T00:00:00+00:00, run_after=2022-03-05T00:00:00+00:00
[2023-08-28T00:21:43.678+0000] {processor.py:179} INFO - Processing /home/airflow/.local/lib/python3.8/site-packages/airflow/example_dags/example_dynamic_task_mapping.py took 0.310 seconds
