[2023-08-28T00:01:54.663+0000] {processor.py:157} INFO - Started process (PID=36) to work on /home/airflow/.local/lib/python3.8/site-packages/airflow/example_dags/example_time_delta_sensor_async.py
[2023-08-28T00:01:54.665+0000] {processor.py:829} INFO - Processing file /home/airflow/.local/lib/python3.8/site-packages/airflow/example_dags/example_time_delta_sensor_async.py for tasks to queue
[2023-08-28T00:01:54.668+0000] {logging_mixin.py:151} INFO - [2023-08-28T00:01:54.667+0000] {dagbag.py:539} INFO - Filling up the DagBag from /home/airflow/.local/lib/python3.8/site-packages/airflow/example_dags/example_time_delta_sensor_async.py
[2023-08-28T00:01:54.684+0000] {processor.py:839} INFO - DAG(s) dict_keys(['example_time_delta_sensor_async']) retrieved from /home/airflow/.local/lib/python3.8/site-packages/airflow/example_dags/example_time_delta_sensor_async.py
[2023-08-28T00:01:54.986+0000] {logging_mixin.py:151} INFO - [2023-08-28T00:01:54.986+0000] {manager.py:501} INFO - Created Permission View: can edit on DAG:example_time_delta_sensor_async
[2023-08-28T00:01:54.997+0000] {logging_mixin.py:151} INFO - [2023-08-28T00:01:54.997+0000] {manager.py:501} INFO - Created Permission View: can delete on DAG:example_time_delta_sensor_async
[2023-08-28T00:01:55.005+0000] {logging_mixin.py:151} INFO - [2023-08-28T00:01:55.004+0000] {manager.py:501} INFO - Created Permission View: can read on DAG:example_time_delta_sensor_async
[2023-08-28T00:01:55.023+0000] {logging_mixin.py:151} INFO - [2023-08-28T00:01:55.023+0000] {dag.py:2907} INFO - Sync 1 DAGs
[2023-08-28T00:01:55.033+0000] {logging_mixin.py:151} INFO - [2023-08-28T00:01:55.033+0000] {dag.py:2929} INFO - Creating ORM DAG for example_time_delta_sensor_async
[2023-08-28T00:01:55.035+0000] {logging_mixin.py:151} INFO - [2023-08-28T00:01:55.035+0000] {dag.py:3677} INFO - Setting next_dagrun for example_time_delta_sensor_async to None, run_after=None
[2023-08-28T00:01:55.059+0000] {processor.py:179} INFO - Processing /home/airflow/.local/lib/python3.8/site-packages/airflow/example_dags/example_time_delta_sensor_async.py took 0.399 seconds
[2023-08-28T00:02:26.984+0000] {processor.py:157} INFO - Started process (PID=91) to work on /home/airflow/.local/lib/python3.8/site-packages/airflow/example_dags/example_time_delta_sensor_async.py
[2023-08-28T00:02:26.986+0000] {processor.py:829} INFO - Processing file /home/airflow/.local/lib/python3.8/site-packages/airflow/example_dags/example_time_delta_sensor_async.py for tasks to queue
[2023-08-28T00:02:26.989+0000] {logging_mixin.py:151} INFO - [2023-08-28T00:02:26.988+0000] {dagbag.py:539} INFO - Filling up the DagBag from /home/airflow/.local/lib/python3.8/site-packages/airflow/example_dags/example_time_delta_sensor_async.py
[2023-08-28T00:02:26.997+0000] {processor.py:839} INFO - DAG(s) dict_keys(['example_time_delta_sensor_async']) retrieved from /home/airflow/.local/lib/python3.8/site-packages/airflow/example_dags/example_time_delta_sensor_async.py
[2023-08-28T00:02:27.087+0000] {logging_mixin.py:151} INFO - [2023-08-28T00:02:27.087+0000] {dag.py:2907} INFO - Sync 1 DAGs
[2023-08-28T00:02:27.200+0000] {logging_mixin.py:151} INFO - [2023-08-28T00:02:27.200+0000] {dag.py:3677} INFO - Setting next_dagrun for example_time_delta_sensor_async to None, run_after=None
[2023-08-28T00:02:27.234+0000] {processor.py:179} INFO - Processing /home/airflow/.local/lib/python3.8/site-packages/airflow/example_dags/example_time_delta_sensor_async.py took 0.253 seconds
[2023-08-28T00:02:57.934+0000] {processor.py:157} INFO - Started process (PID=146) to work on /home/airflow/.local/lib/python3.8/site-packages/airflow/example_dags/example_time_delta_sensor_async.py
[2023-08-28T00:02:57.936+0000] {processor.py:829} INFO - Processing file /home/airflow/.local/lib/python3.8/site-packages/airflow/example_dags/example_time_delta_sensor_async.py for tasks to queue
[2023-08-28T00:02:57.940+0000] {logging_mixin.py:151} INFO - [2023-08-28T00:02:57.940+0000] {dagbag.py:539} INFO - Filling up the DagBag from /home/airflow/.local/lib/python3.8/site-packages/airflow/example_dags/example_time_delta_sensor_async.py
[2023-08-28T00:02:57.951+0000] {processor.py:839} INFO - DAG(s) dict_keys(['example_time_delta_sensor_async']) retrieved from /home/airflow/.local/lib/python3.8/site-packages/airflow/example_dags/example_time_delta_sensor_async.py
[2023-08-28T00:02:58.038+0000] {logging_mixin.py:151} INFO - [2023-08-28T00:02:58.037+0000] {dag.py:2907} INFO - Sync 1 DAGs
[2023-08-28T00:02:58.058+0000] {logging_mixin.py:151} INFO - [2023-08-28T00:02:58.057+0000] {dag.py:3677} INFO - Setting next_dagrun for example_time_delta_sensor_async to None, run_after=None
[2023-08-28T00:02:58.090+0000] {processor.py:179} INFO - Processing /home/airflow/.local/lib/python3.8/site-packages/airflow/example_dags/example_time_delta_sensor_async.py took 0.159 seconds
[2023-08-28T00:03:29.644+0000] {processor.py:157} INFO - Started process (PID=200) to work on /home/airflow/.local/lib/python3.8/site-packages/airflow/example_dags/example_time_delta_sensor_async.py
[2023-08-28T00:03:29.655+0000] {processor.py:829} INFO - Processing file /home/airflow/.local/lib/python3.8/site-packages/airflow/example_dags/example_time_delta_sensor_async.py for tasks to queue
[2023-08-28T00:03:29.673+0000] {logging_mixin.py:151} INFO - [2023-08-28T00:03:29.670+0000] {dagbag.py:539} INFO - Filling up the DagBag from /home/airflow/.local/lib/python3.8/site-packages/airflow/example_dags/example_time_delta_sensor_async.py
[2023-08-28T00:03:29.741+0000] {processor.py:839} INFO - DAG(s) dict_keys(['example_time_delta_sensor_async']) retrieved from /home/airflow/.local/lib/python3.8/site-packages/airflow/example_dags/example_time_delta_sensor_async.py
[2023-08-28T00:03:30.139+0000] {logging_mixin.py:151} INFO - [2023-08-28T00:03:30.139+0000] {dag.py:2907} INFO - Sync 1 DAGs
[2023-08-28T00:03:30.217+0000] {logging_mixin.py:151} INFO - [2023-08-28T00:03:30.216+0000] {dag.py:3677} INFO - Setting next_dagrun for example_time_delta_sensor_async to None, run_after=None
[2023-08-28T00:03:30.339+0000] {processor.py:179} INFO - Processing /home/airflow/.local/lib/python3.8/site-packages/airflow/example_dags/example_time_delta_sensor_async.py took 0.712 seconds
[2023-08-28T00:04:00.621+0000] {processor.py:157} INFO - Started process (PID=255) to work on /home/airflow/.local/lib/python3.8/site-packages/airflow/example_dags/example_time_delta_sensor_async.py
[2023-08-28T00:04:00.623+0000] {processor.py:829} INFO - Processing file /home/airflow/.local/lib/python3.8/site-packages/airflow/example_dags/example_time_delta_sensor_async.py for tasks to queue
[2023-08-28T00:04:00.626+0000] {logging_mixin.py:151} INFO - [2023-08-28T00:04:00.626+0000] {dagbag.py:539} INFO - Filling up the DagBag from /home/airflow/.local/lib/python3.8/site-packages/airflow/example_dags/example_time_delta_sensor_async.py
[2023-08-28T00:04:00.635+0000] {processor.py:839} INFO - DAG(s) dict_keys(['example_time_delta_sensor_async']) retrieved from /home/airflow/.local/lib/python3.8/site-packages/airflow/example_dags/example_time_delta_sensor_async.py
[2023-08-28T00:04:00.717+0000] {logging_mixin.py:151} INFO - [2023-08-28T00:04:00.716+0000] {dag.py:2907} INFO - Sync 1 DAGs
[2023-08-28T00:04:00.735+0000] {logging_mixin.py:151} INFO - [2023-08-28T00:04:00.735+0000] {dag.py:3677} INFO - Setting next_dagrun for example_time_delta_sensor_async to None, run_after=None
[2023-08-28T00:04:00.760+0000] {processor.py:179} INFO - Processing /home/airflow/.local/lib/python3.8/site-packages/airflow/example_dags/example_time_delta_sensor_async.py took 0.144 seconds
[2023-08-28T00:04:31.055+0000] {processor.py:157} INFO - Started process (PID=310) to work on /home/airflow/.local/lib/python3.8/site-packages/airflow/example_dags/example_time_delta_sensor_async.py
[2023-08-28T00:04:31.057+0000] {processor.py:829} INFO - Processing file /home/airflow/.local/lib/python3.8/site-packages/airflow/example_dags/example_time_delta_sensor_async.py for tasks to queue
[2023-08-28T00:04:31.061+0000] {logging_mixin.py:151} INFO - [2023-08-28T00:04:31.060+0000] {dagbag.py:539} INFO - Filling up the DagBag from /home/airflow/.local/lib/python3.8/site-packages/airflow/example_dags/example_time_delta_sensor_async.py
[2023-08-28T00:04:31.073+0000] {processor.py:839} INFO - DAG(s) dict_keys(['example_time_delta_sensor_async']) retrieved from /home/airflow/.local/lib/python3.8/site-packages/airflow/example_dags/example_time_delta_sensor_async.py
[2023-08-28T00:04:31.150+0000] {logging_mixin.py:151} INFO - [2023-08-28T00:04:31.150+0000] {dag.py:2907} INFO - Sync 1 DAGs
[2023-08-28T00:04:31.172+0000] {logging_mixin.py:151} INFO - [2023-08-28T00:04:31.172+0000] {dag.py:3677} INFO - Setting next_dagrun for example_time_delta_sensor_async to None, run_after=None
[2023-08-28T00:04:31.199+0000] {processor.py:179} INFO - Processing /home/airflow/.local/lib/python3.8/site-packages/airflow/example_dags/example_time_delta_sensor_async.py took 0.149 seconds
[2023-08-28T00:05:01.447+0000] {processor.py:157} INFO - Started process (PID=365) to work on /home/airflow/.local/lib/python3.8/site-packages/airflow/example_dags/example_time_delta_sensor_async.py
[2023-08-28T00:05:01.449+0000] {processor.py:829} INFO - Processing file /home/airflow/.local/lib/python3.8/site-packages/airflow/example_dags/example_time_delta_sensor_async.py for tasks to queue
[2023-08-28T00:05:01.451+0000] {logging_mixin.py:151} INFO - [2023-08-28T00:05:01.451+0000] {dagbag.py:539} INFO - Filling up the DagBag from /home/airflow/.local/lib/python3.8/site-packages/airflow/example_dags/example_time_delta_sensor_async.py
[2023-08-28T00:05:01.460+0000] {processor.py:839} INFO - DAG(s) dict_keys(['example_time_delta_sensor_async']) retrieved from /home/airflow/.local/lib/python3.8/site-packages/airflow/example_dags/example_time_delta_sensor_async.py
[2023-08-28T00:05:01.540+0000] {logging_mixin.py:151} INFO - [2023-08-28T00:05:01.540+0000] {dag.py:2907} INFO - Sync 1 DAGs
[2023-08-28T00:05:01.558+0000] {logging_mixin.py:151} INFO - [2023-08-28T00:05:01.558+0000] {dag.py:3677} INFO - Setting next_dagrun for example_time_delta_sensor_async to None, run_after=None
[2023-08-28T00:05:01.583+0000] {processor.py:179} INFO - Processing /home/airflow/.local/lib/python3.8/site-packages/airflow/example_dags/example_time_delta_sensor_async.py took 0.139 seconds
[2023-08-28T00:08:39.241+0000] {processor.py:157} INFO - Started process (PID=38) to work on /home/airflow/.local/lib/python3.8/site-packages/airflow/example_dags/example_time_delta_sensor_async.py
[2023-08-28T00:08:39.256+0000] {processor.py:829} INFO - Processing file /home/airflow/.local/lib/python3.8/site-packages/airflow/example_dags/example_time_delta_sensor_async.py for tasks to queue
[2023-08-28T00:08:39.270+0000] {logging_mixin.py:151} INFO - [2023-08-28T00:08:39.269+0000] {dagbag.py:539} INFO - Filling up the DagBag from /home/airflow/.local/lib/python3.8/site-packages/airflow/example_dags/example_time_delta_sensor_async.py
[2023-08-28T00:08:39.472+0000] {processor.py:839} INFO - DAG(s) dict_keys(['example_time_delta_sensor_async']) retrieved from /home/airflow/.local/lib/python3.8/site-packages/airflow/example_dags/example_time_delta_sensor_async.py
[2023-08-28T00:08:39.800+0000] {logging_mixin.py:151} INFO - [2023-08-28T00:08:39.799+0000] {dag.py:2907} INFO - Sync 1 DAGs
[2023-08-28T00:08:39.874+0000] {logging_mixin.py:151} INFO - [2023-08-28T00:08:39.873+0000] {dag.py:3677} INFO - Setting next_dagrun for example_time_delta_sensor_async to None, run_after=None
[2023-08-28T00:08:39.969+0000] {processor.py:179} INFO - Processing /home/airflow/.local/lib/python3.8/site-packages/airflow/example_dags/example_time_delta_sensor_async.py took 0.736 seconds
[2023-08-28T00:09:11.132+0000] {processor.py:157} INFO - Started process (PID=92) to work on /home/airflow/.local/lib/python3.8/site-packages/airflow/example_dags/example_time_delta_sensor_async.py
[2023-08-28T00:09:11.135+0000] {processor.py:829} INFO - Processing file /home/airflow/.local/lib/python3.8/site-packages/airflow/example_dags/example_time_delta_sensor_async.py for tasks to queue
[2023-08-28T00:09:11.138+0000] {logging_mixin.py:151} INFO - [2023-08-28T00:09:11.137+0000] {dagbag.py:539} INFO - Filling up the DagBag from /home/airflow/.local/lib/python3.8/site-packages/airflow/example_dags/example_time_delta_sensor_async.py
[2023-08-28T00:09:11.158+0000] {processor.py:839} INFO - DAG(s) dict_keys(['example_time_delta_sensor_async']) retrieved from /home/airflow/.local/lib/python3.8/site-packages/airflow/example_dags/example_time_delta_sensor_async.py
[2023-08-28T00:09:11.264+0000] {logging_mixin.py:151} INFO - [2023-08-28T00:09:11.263+0000] {dag.py:2907} INFO - Sync 1 DAGs
[2023-08-28T00:09:11.392+0000] {logging_mixin.py:151} INFO - [2023-08-28T00:09:11.392+0000] {dag.py:3677} INFO - Setting next_dagrun for example_time_delta_sensor_async to None, run_after=None
[2023-08-28T00:09:11.416+0000] {processor.py:179} INFO - Processing /home/airflow/.local/lib/python3.8/site-packages/airflow/example_dags/example_time_delta_sensor_async.py took 0.287 seconds
[2023-08-28T00:09:42.088+0000] {processor.py:157} INFO - Started process (PID=147) to work on /home/airflow/.local/lib/python3.8/site-packages/airflow/example_dags/example_time_delta_sensor_async.py
[2023-08-28T00:09:42.090+0000] {processor.py:829} INFO - Processing file /home/airflow/.local/lib/python3.8/site-packages/airflow/example_dags/example_time_delta_sensor_async.py for tasks to queue
[2023-08-28T00:09:42.094+0000] {logging_mixin.py:151} INFO - [2023-08-28T00:09:42.094+0000] {dagbag.py:539} INFO - Filling up the DagBag from /home/airflow/.local/lib/python3.8/site-packages/airflow/example_dags/example_time_delta_sensor_async.py
[2023-08-28T00:09:42.104+0000] {processor.py:839} INFO - DAG(s) dict_keys(['example_time_delta_sensor_async']) retrieved from /home/airflow/.local/lib/python3.8/site-packages/airflow/example_dags/example_time_delta_sensor_async.py
[2023-08-28T00:09:42.187+0000] {logging_mixin.py:151} INFO - [2023-08-28T00:09:42.187+0000] {dag.py:2907} INFO - Sync 1 DAGs
[2023-08-28T00:09:42.209+0000] {logging_mixin.py:151} INFO - [2023-08-28T00:09:42.208+0000] {dag.py:3677} INFO - Setting next_dagrun for example_time_delta_sensor_async to None, run_after=None
[2023-08-28T00:09:42.239+0000] {processor.py:179} INFO - Processing /home/airflow/.local/lib/python3.8/site-packages/airflow/example_dags/example_time_delta_sensor_async.py took 0.154 seconds
[2023-08-28T00:10:13.224+0000] {processor.py:157} INFO - Started process (PID=202) to work on /home/airflow/.local/lib/python3.8/site-packages/airflow/example_dags/example_time_delta_sensor_async.py
[2023-08-28T00:10:13.226+0000] {processor.py:829} INFO - Processing file /home/airflow/.local/lib/python3.8/site-packages/airflow/example_dags/example_time_delta_sensor_async.py for tasks to queue
[2023-08-28T00:10:13.229+0000] {logging_mixin.py:151} INFO - [2023-08-28T00:10:13.228+0000] {dagbag.py:539} INFO - Filling up the DagBag from /home/airflow/.local/lib/python3.8/site-packages/airflow/example_dags/example_time_delta_sensor_async.py
[2023-08-28T00:10:13.244+0000] {processor.py:839} INFO - DAG(s) dict_keys(['example_time_delta_sensor_async']) retrieved from /home/airflow/.local/lib/python3.8/site-packages/airflow/example_dags/example_time_delta_sensor_async.py
[2023-08-28T00:10:13.371+0000] {logging_mixin.py:151} INFO - [2023-08-28T00:10:13.370+0000] {dag.py:2907} INFO - Sync 1 DAGs
[2023-08-28T00:10:13.405+0000] {logging_mixin.py:151} INFO - [2023-08-28T00:10:13.404+0000] {dag.py:3677} INFO - Setting next_dagrun for example_time_delta_sensor_async to None, run_after=None
[2023-08-28T00:10:13.462+0000] {processor.py:179} INFO - Processing /home/airflow/.local/lib/python3.8/site-packages/airflow/example_dags/example_time_delta_sensor_async.py took 0.242 seconds
[2023-08-28T00:10:43.633+0000] {processor.py:157} INFO - Started process (PID=257) to work on /home/airflow/.local/lib/python3.8/site-packages/airflow/example_dags/example_time_delta_sensor_async.py
[2023-08-28T00:10:43.634+0000] {processor.py:829} INFO - Processing file /home/airflow/.local/lib/python3.8/site-packages/airflow/example_dags/example_time_delta_sensor_async.py for tasks to queue
[2023-08-28T00:10:43.637+0000] {logging_mixin.py:151} INFO - [2023-08-28T00:10:43.636+0000] {dagbag.py:539} INFO - Filling up the DagBag from /home/airflow/.local/lib/python3.8/site-packages/airflow/example_dags/example_time_delta_sensor_async.py
[2023-08-28T00:10:43.645+0000] {processor.py:839} INFO - DAG(s) dict_keys(['example_time_delta_sensor_async']) retrieved from /home/airflow/.local/lib/python3.8/site-packages/airflow/example_dags/example_time_delta_sensor_async.py
[2023-08-28T00:10:43.718+0000] {logging_mixin.py:151} INFO - [2023-08-28T00:10:43.717+0000] {dag.py:2907} INFO - Sync 1 DAGs
[2023-08-28T00:10:43.734+0000] {logging_mixin.py:151} INFO - [2023-08-28T00:10:43.734+0000] {dag.py:3677} INFO - Setting next_dagrun for example_time_delta_sensor_async to None, run_after=None
[2023-08-28T00:10:43.759+0000] {processor.py:179} INFO - Processing /home/airflow/.local/lib/python3.8/site-packages/airflow/example_dags/example_time_delta_sensor_async.py took 0.130 seconds
[2023-08-28T00:11:14.725+0000] {processor.py:157} INFO - Started process (PID=312) to work on /home/airflow/.local/lib/python3.8/site-packages/airflow/example_dags/example_time_delta_sensor_async.py
[2023-08-28T00:11:14.726+0000] {processor.py:829} INFO - Processing file /home/airflow/.local/lib/python3.8/site-packages/airflow/example_dags/example_time_delta_sensor_async.py for tasks to queue
[2023-08-28T00:11:14.728+0000] {logging_mixin.py:151} INFO - [2023-08-28T00:11:14.728+0000] {dagbag.py:539} INFO - Filling up the DagBag from /home/airflow/.local/lib/python3.8/site-packages/airflow/example_dags/example_time_delta_sensor_async.py
[2023-08-28T00:11:14.736+0000] {processor.py:839} INFO - DAG(s) dict_keys(['example_time_delta_sensor_async']) retrieved from /home/airflow/.local/lib/python3.8/site-packages/airflow/example_dags/example_time_delta_sensor_async.py
[2023-08-28T00:11:14.808+0000] {logging_mixin.py:151} INFO - [2023-08-28T00:11:14.808+0000] {dag.py:2907} INFO - Sync 1 DAGs
[2023-08-28T00:11:14.826+0000] {logging_mixin.py:151} INFO - [2023-08-28T00:11:14.826+0000] {dag.py:3677} INFO - Setting next_dagrun for example_time_delta_sensor_async to None, run_after=None
[2023-08-28T00:11:14.851+0000] {processor.py:179} INFO - Processing /home/airflow/.local/lib/python3.8/site-packages/airflow/example_dags/example_time_delta_sensor_async.py took 0.129 seconds
[2023-08-28T00:11:46.001+0000] {processor.py:157} INFO - Started process (PID=372) to work on /home/airflow/.local/lib/python3.8/site-packages/airflow/example_dags/example_time_delta_sensor_async.py
[2023-08-28T00:11:46.003+0000] {processor.py:829} INFO - Processing file /home/airflow/.local/lib/python3.8/site-packages/airflow/example_dags/example_time_delta_sensor_async.py for tasks to queue
[2023-08-28T00:11:46.005+0000] {logging_mixin.py:151} INFO - [2023-08-28T00:11:46.005+0000] {dagbag.py:539} INFO - Filling up the DagBag from /home/airflow/.local/lib/python3.8/site-packages/airflow/example_dags/example_time_delta_sensor_async.py
[2023-08-28T00:11:46.014+0000] {processor.py:839} INFO - DAG(s) dict_keys(['example_time_delta_sensor_async']) retrieved from /home/airflow/.local/lib/python3.8/site-packages/airflow/example_dags/example_time_delta_sensor_async.py
[2023-08-28T00:11:46.092+0000] {logging_mixin.py:151} INFO - [2023-08-28T00:11:46.092+0000] {dag.py:2907} INFO - Sync 1 DAGs
[2023-08-28T00:11:46.110+0000] {logging_mixin.py:151} INFO - [2023-08-28T00:11:46.109+0000] {dag.py:3677} INFO - Setting next_dagrun for example_time_delta_sensor_async to None, run_after=None
[2023-08-28T00:11:46.137+0000] {processor.py:179} INFO - Processing /home/airflow/.local/lib/python3.8/site-packages/airflow/example_dags/example_time_delta_sensor_async.py took 0.139 seconds
[2023-08-28T00:12:16.596+0000] {processor.py:157} INFO - Started process (PID=427) to work on /home/airflow/.local/lib/python3.8/site-packages/airflow/example_dags/example_time_delta_sensor_async.py
[2023-08-28T00:12:16.599+0000] {processor.py:829} INFO - Processing file /home/airflow/.local/lib/python3.8/site-packages/airflow/example_dags/example_time_delta_sensor_async.py for tasks to queue
[2023-08-28T00:12:16.603+0000] {logging_mixin.py:151} INFO - [2023-08-28T00:12:16.602+0000] {dagbag.py:539} INFO - Filling up the DagBag from /home/airflow/.local/lib/python3.8/site-packages/airflow/example_dags/example_time_delta_sensor_async.py
[2023-08-28T00:12:16.613+0000] {processor.py:839} INFO - DAG(s) dict_keys(['example_time_delta_sensor_async']) retrieved from /home/airflow/.local/lib/python3.8/site-packages/airflow/example_dags/example_time_delta_sensor_async.py
[2023-08-28T00:12:16.705+0000] {logging_mixin.py:151} INFO - [2023-08-28T00:12:16.705+0000] {dag.py:2907} INFO - Sync 1 DAGs
[2023-08-28T00:12:16.746+0000] {logging_mixin.py:151} INFO - [2023-08-28T00:12:16.745+0000] {dag.py:3677} INFO - Setting next_dagrun for example_time_delta_sensor_async to None, run_after=None
[2023-08-28T00:12:16.811+0000] {processor.py:179} INFO - Processing /home/airflow/.local/lib/python3.8/site-packages/airflow/example_dags/example_time_delta_sensor_async.py took 0.218 seconds
[2023-08-28T00:12:47.830+0000] {processor.py:157} INFO - Started process (PID=482) to work on /home/airflow/.local/lib/python3.8/site-packages/airflow/example_dags/example_time_delta_sensor_async.py
[2023-08-28T00:12:47.832+0000] {processor.py:829} INFO - Processing file /home/airflow/.local/lib/python3.8/site-packages/airflow/example_dags/example_time_delta_sensor_async.py for tasks to queue
[2023-08-28T00:12:47.835+0000] {logging_mixin.py:151} INFO - [2023-08-28T00:12:47.834+0000] {dagbag.py:539} INFO - Filling up the DagBag from /home/airflow/.local/lib/python3.8/site-packages/airflow/example_dags/example_time_delta_sensor_async.py
[2023-08-28T00:12:47.844+0000] {processor.py:839} INFO - DAG(s) dict_keys(['example_time_delta_sensor_async']) retrieved from /home/airflow/.local/lib/python3.8/site-packages/airflow/example_dags/example_time_delta_sensor_async.py
[2023-08-28T00:12:47.920+0000] {logging_mixin.py:151} INFO - [2023-08-28T00:12:47.920+0000] {dag.py:2907} INFO - Sync 1 DAGs
[2023-08-28T00:12:47.938+0000] {logging_mixin.py:151} INFO - [2023-08-28T00:12:47.938+0000] {dag.py:3677} INFO - Setting next_dagrun for example_time_delta_sensor_async to None, run_after=None
[2023-08-28T00:12:47.962+0000] {processor.py:179} INFO - Processing /home/airflow/.local/lib/python3.8/site-packages/airflow/example_dags/example_time_delta_sensor_async.py took 0.135 seconds
[2023-08-28T00:13:18.591+0000] {processor.py:157} INFO - Started process (PID=536) to work on /home/airflow/.local/lib/python3.8/site-packages/airflow/example_dags/example_time_delta_sensor_async.py
[2023-08-28T00:13:18.594+0000] {processor.py:829} INFO - Processing file /home/airflow/.local/lib/python3.8/site-packages/airflow/example_dags/example_time_delta_sensor_async.py for tasks to queue
[2023-08-28T00:13:18.599+0000] {logging_mixin.py:151} INFO - [2023-08-28T00:13:18.599+0000] {dagbag.py:539} INFO - Filling up the DagBag from /home/airflow/.local/lib/python3.8/site-packages/airflow/example_dags/example_time_delta_sensor_async.py
[2023-08-28T00:13:18.617+0000] {processor.py:839} INFO - DAG(s) dict_keys(['example_time_delta_sensor_async']) retrieved from /home/airflow/.local/lib/python3.8/site-packages/airflow/example_dags/example_time_delta_sensor_async.py
[2023-08-28T00:13:18.786+0000] {logging_mixin.py:151} INFO - [2023-08-28T00:13:18.785+0000] {dag.py:2907} INFO - Sync 1 DAGs
[2023-08-28T00:13:18.823+0000] {logging_mixin.py:151} INFO - [2023-08-28T00:13:18.822+0000] {dag.py:3677} INFO - Setting next_dagrun for example_time_delta_sensor_async to None, run_after=None
[2023-08-28T00:13:18.857+0000] {processor.py:179} INFO - Processing /home/airflow/.local/lib/python3.8/site-packages/airflow/example_dags/example_time_delta_sensor_async.py took 0.272 seconds
[2023-08-28T00:13:49.294+0000] {processor.py:157} INFO - Started process (PID=591) to work on /home/airflow/.local/lib/python3.8/site-packages/airflow/example_dags/example_time_delta_sensor_async.py
[2023-08-28T00:13:49.295+0000] {processor.py:829} INFO - Processing file /home/airflow/.local/lib/python3.8/site-packages/airflow/example_dags/example_time_delta_sensor_async.py for tasks to queue
[2023-08-28T00:13:49.299+0000] {logging_mixin.py:151} INFO - [2023-08-28T00:13:49.298+0000] {dagbag.py:539} INFO - Filling up the DagBag from /home/airflow/.local/lib/python3.8/site-packages/airflow/example_dags/example_time_delta_sensor_async.py
[2023-08-28T00:13:49.308+0000] {processor.py:839} INFO - DAG(s) dict_keys(['example_time_delta_sensor_async']) retrieved from /home/airflow/.local/lib/python3.8/site-packages/airflow/example_dags/example_time_delta_sensor_async.py
[2023-08-28T00:13:49.385+0000] {logging_mixin.py:151} INFO - [2023-08-28T00:13:49.385+0000] {dag.py:2907} INFO - Sync 1 DAGs
[2023-08-28T00:13:49.403+0000] {logging_mixin.py:151} INFO - [2023-08-28T00:13:49.403+0000] {dag.py:3677} INFO - Setting next_dagrun for example_time_delta_sensor_async to None, run_after=None
[2023-08-28T00:13:49.428+0000] {processor.py:179} INFO - Processing /home/airflow/.local/lib/python3.8/site-packages/airflow/example_dags/example_time_delta_sensor_async.py took 0.138 seconds
[2023-08-28T00:14:19.586+0000] {processor.py:157} INFO - Started process (PID=646) to work on /home/airflow/.local/lib/python3.8/site-packages/airflow/example_dags/example_time_delta_sensor_async.py
[2023-08-28T00:14:19.589+0000] {processor.py:829} INFO - Processing file /home/airflow/.local/lib/python3.8/site-packages/airflow/example_dags/example_time_delta_sensor_async.py for tasks to queue
[2023-08-28T00:14:19.599+0000] {logging_mixin.py:151} INFO - [2023-08-28T00:14:19.598+0000] {dagbag.py:539} INFO - Filling up the DagBag from /home/airflow/.local/lib/python3.8/site-packages/airflow/example_dags/example_time_delta_sensor_async.py
[2023-08-28T00:14:19.615+0000] {processor.py:839} INFO - DAG(s) dict_keys(['example_time_delta_sensor_async']) retrieved from /home/airflow/.local/lib/python3.8/site-packages/airflow/example_dags/example_time_delta_sensor_async.py
[2023-08-28T00:14:19.725+0000] {logging_mixin.py:151} INFO - [2023-08-28T00:14:19.724+0000] {dag.py:2907} INFO - Sync 1 DAGs
[2023-08-28T00:14:19.754+0000] {logging_mixin.py:151} INFO - [2023-08-28T00:14:19.753+0000] {dag.py:3677} INFO - Setting next_dagrun for example_time_delta_sensor_async to None, run_after=None
[2023-08-28T00:14:19.789+0000] {processor.py:179} INFO - Processing /home/airflow/.local/lib/python3.8/site-packages/airflow/example_dags/example_time_delta_sensor_async.py took 0.212 seconds
[2023-08-28T00:14:50.579+0000] {processor.py:157} INFO - Started process (PID=701) to work on /home/airflow/.local/lib/python3.8/site-packages/airflow/example_dags/example_time_delta_sensor_async.py
[2023-08-28T00:14:50.580+0000] {processor.py:829} INFO - Processing file /home/airflow/.local/lib/python3.8/site-packages/airflow/example_dags/example_time_delta_sensor_async.py for tasks to queue
[2023-08-28T00:14:50.583+0000] {logging_mixin.py:151} INFO - [2023-08-28T00:14:50.583+0000] {dagbag.py:539} INFO - Filling up the DagBag from /home/airflow/.local/lib/python3.8/site-packages/airflow/example_dags/example_time_delta_sensor_async.py
[2023-08-28T00:14:50.592+0000] {processor.py:839} INFO - DAG(s) dict_keys(['example_time_delta_sensor_async']) retrieved from /home/airflow/.local/lib/python3.8/site-packages/airflow/example_dags/example_time_delta_sensor_async.py
[2023-08-28T00:14:50.671+0000] {logging_mixin.py:151} INFO - [2023-08-28T00:14:50.671+0000] {dag.py:2907} INFO - Sync 1 DAGs
[2023-08-28T00:14:50.688+0000] {logging_mixin.py:151} INFO - [2023-08-28T00:14:50.688+0000] {dag.py:3677} INFO - Setting next_dagrun for example_time_delta_sensor_async to None, run_after=None
[2023-08-28T00:14:50.721+0000] {processor.py:179} INFO - Processing /home/airflow/.local/lib/python3.8/site-packages/airflow/example_dags/example_time_delta_sensor_async.py took 0.146 seconds
[2023-08-28T00:15:21.446+0000] {processor.py:157} INFO - Started process (PID=756) to work on /home/airflow/.local/lib/python3.8/site-packages/airflow/example_dags/example_time_delta_sensor_async.py
[2023-08-28T00:15:21.447+0000] {processor.py:829} INFO - Processing file /home/airflow/.local/lib/python3.8/site-packages/airflow/example_dags/example_time_delta_sensor_async.py for tasks to queue
[2023-08-28T00:15:21.451+0000] {logging_mixin.py:151} INFO - [2023-08-28T00:15:21.450+0000] {dagbag.py:539} INFO - Filling up the DagBag from /home/airflow/.local/lib/python3.8/site-packages/airflow/example_dags/example_time_delta_sensor_async.py
[2023-08-28T00:15:21.461+0000] {processor.py:839} INFO - DAG(s) dict_keys(['example_time_delta_sensor_async']) retrieved from /home/airflow/.local/lib/python3.8/site-packages/airflow/example_dags/example_time_delta_sensor_async.py
[2023-08-28T00:15:21.560+0000] {logging_mixin.py:151} INFO - [2023-08-28T00:15:21.560+0000] {dag.py:2907} INFO - Sync 1 DAGs
[2023-08-28T00:15:21.581+0000] {logging_mixin.py:151} INFO - [2023-08-28T00:15:21.581+0000] {dag.py:3677} INFO - Setting next_dagrun for example_time_delta_sensor_async to None, run_after=None
[2023-08-28T00:15:21.610+0000] {processor.py:179} INFO - Processing /home/airflow/.local/lib/python3.8/site-packages/airflow/example_dags/example_time_delta_sensor_async.py took 0.168 seconds
[2023-08-28T00:15:52.328+0000] {processor.py:157} INFO - Started process (PID=811) to work on /home/airflow/.local/lib/python3.8/site-packages/airflow/example_dags/example_time_delta_sensor_async.py
[2023-08-28T00:15:52.334+0000] {processor.py:829} INFO - Processing file /home/airflow/.local/lib/python3.8/site-packages/airflow/example_dags/example_time_delta_sensor_async.py for tasks to queue
[2023-08-28T00:15:52.338+0000] {logging_mixin.py:151} INFO - [2023-08-28T00:15:52.338+0000] {dagbag.py:539} INFO - Filling up the DagBag from /home/airflow/.local/lib/python3.8/site-packages/airflow/example_dags/example_time_delta_sensor_async.py
[2023-08-28T00:15:52.350+0000] {processor.py:839} INFO - DAG(s) dict_keys(['example_time_delta_sensor_async']) retrieved from /home/airflow/.local/lib/python3.8/site-packages/airflow/example_dags/example_time_delta_sensor_async.py
[2023-08-28T00:15:52.460+0000] {logging_mixin.py:151} INFO - [2023-08-28T00:15:52.460+0000] {dag.py:2907} INFO - Sync 1 DAGs
[2023-08-28T00:15:52.487+0000] {logging_mixin.py:151} INFO - [2023-08-28T00:15:52.487+0000] {dag.py:3677} INFO - Setting next_dagrun for example_time_delta_sensor_async to None, run_after=None
[2023-08-28T00:15:52.518+0000] {processor.py:179} INFO - Processing /home/airflow/.local/lib/python3.8/site-packages/airflow/example_dags/example_time_delta_sensor_async.py took 0.194 seconds
[2023-08-28T00:16:22.776+0000] {processor.py:157} INFO - Started process (PID=866) to work on /home/airflow/.local/lib/python3.8/site-packages/airflow/example_dags/example_time_delta_sensor_async.py
[2023-08-28T00:16:22.778+0000] {processor.py:829} INFO - Processing file /home/airflow/.local/lib/python3.8/site-packages/airflow/example_dags/example_time_delta_sensor_async.py for tasks to queue
[2023-08-28T00:16:22.781+0000] {logging_mixin.py:151} INFO - [2023-08-28T00:16:22.780+0000] {dagbag.py:539} INFO - Filling up the DagBag from /home/airflow/.local/lib/python3.8/site-packages/airflow/example_dags/example_time_delta_sensor_async.py
[2023-08-28T00:16:22.790+0000] {processor.py:839} INFO - DAG(s) dict_keys(['example_time_delta_sensor_async']) retrieved from /home/airflow/.local/lib/python3.8/site-packages/airflow/example_dags/example_time_delta_sensor_async.py
[2023-08-28T00:16:22.869+0000] {logging_mixin.py:151} INFO - [2023-08-28T00:16:22.869+0000] {dag.py:2907} INFO - Sync 1 DAGs
[2023-08-28T00:16:22.887+0000] {logging_mixin.py:151} INFO - [2023-08-28T00:16:22.887+0000] {dag.py:3677} INFO - Setting next_dagrun for example_time_delta_sensor_async to None, run_after=None
[2023-08-28T00:16:22.914+0000] {processor.py:179} INFO - Processing /home/airflow/.local/lib/python3.8/site-packages/airflow/example_dags/example_time_delta_sensor_async.py took 0.142 seconds
[2023-08-28T00:16:53.076+0000] {processor.py:157} INFO - Started process (PID=921) to work on /home/airflow/.local/lib/python3.8/site-packages/airflow/example_dags/example_time_delta_sensor_async.py
[2023-08-28T00:16:53.078+0000] {processor.py:829} INFO - Processing file /home/airflow/.local/lib/python3.8/site-packages/airflow/example_dags/example_time_delta_sensor_async.py for tasks to queue
[2023-08-28T00:16:53.082+0000] {logging_mixin.py:151} INFO - [2023-08-28T00:16:53.082+0000] {dagbag.py:539} INFO - Filling up the DagBag from /home/airflow/.local/lib/python3.8/site-packages/airflow/example_dags/example_time_delta_sensor_async.py
[2023-08-28T00:16:53.092+0000] {processor.py:839} INFO - DAG(s) dict_keys(['example_time_delta_sensor_async']) retrieved from /home/airflow/.local/lib/python3.8/site-packages/airflow/example_dags/example_time_delta_sensor_async.py
[2023-08-28T00:16:53.168+0000] {logging_mixin.py:151} INFO - [2023-08-28T00:16:53.168+0000] {dag.py:2907} INFO - Sync 1 DAGs
[2023-08-28T00:16:53.186+0000] {logging_mixin.py:151} INFO - [2023-08-28T00:16:53.186+0000] {dag.py:3677} INFO - Setting next_dagrun for example_time_delta_sensor_async to None, run_after=None
[2023-08-28T00:16:53.213+0000] {processor.py:179} INFO - Processing /home/airflow/.local/lib/python3.8/site-packages/airflow/example_dags/example_time_delta_sensor_async.py took 0.142 seconds
[2023-08-28T00:17:23.704+0000] {processor.py:157} INFO - Started process (PID=976) to work on /home/airflow/.local/lib/python3.8/site-packages/airflow/example_dags/example_time_delta_sensor_async.py
[2023-08-28T00:17:23.706+0000] {processor.py:829} INFO - Processing file /home/airflow/.local/lib/python3.8/site-packages/airflow/example_dags/example_time_delta_sensor_async.py for tasks to queue
[2023-08-28T00:17:23.710+0000] {logging_mixin.py:151} INFO - [2023-08-28T00:17:23.709+0000] {dagbag.py:539} INFO - Filling up the DagBag from /home/airflow/.local/lib/python3.8/site-packages/airflow/example_dags/example_time_delta_sensor_async.py
[2023-08-28T00:17:23.721+0000] {processor.py:839} INFO - DAG(s) dict_keys(['example_time_delta_sensor_async']) retrieved from /home/airflow/.local/lib/python3.8/site-packages/airflow/example_dags/example_time_delta_sensor_async.py
[2023-08-28T00:17:23.805+0000] {logging_mixin.py:151} INFO - [2023-08-28T00:17:23.805+0000] {dag.py:2907} INFO - Sync 1 DAGs
[2023-08-28T00:17:23.822+0000] {logging_mixin.py:151} INFO - [2023-08-28T00:17:23.822+0000] {dag.py:3677} INFO - Setting next_dagrun for example_time_delta_sensor_async to None, run_after=None
[2023-08-28T00:17:23.849+0000] {processor.py:179} INFO - Processing /home/airflow/.local/lib/python3.8/site-packages/airflow/example_dags/example_time_delta_sensor_async.py took 0.149 seconds
[2023-08-28T00:17:54.730+0000] {processor.py:157} INFO - Started process (PID=1031) to work on /home/airflow/.local/lib/python3.8/site-packages/airflow/example_dags/example_time_delta_sensor_async.py
[2023-08-28T00:17:54.732+0000] {processor.py:829} INFO - Processing file /home/airflow/.local/lib/python3.8/site-packages/airflow/example_dags/example_time_delta_sensor_async.py for tasks to queue
[2023-08-28T00:17:54.736+0000] {logging_mixin.py:151} INFO - [2023-08-28T00:17:54.735+0000] {dagbag.py:539} INFO - Filling up the DagBag from /home/airflow/.local/lib/python3.8/site-packages/airflow/example_dags/example_time_delta_sensor_async.py
[2023-08-28T00:17:54.745+0000] {processor.py:839} INFO - DAG(s) dict_keys(['example_time_delta_sensor_async']) retrieved from /home/airflow/.local/lib/python3.8/site-packages/airflow/example_dags/example_time_delta_sensor_async.py
[2023-08-28T00:17:54.881+0000] {logging_mixin.py:151} INFO - [2023-08-28T00:17:54.881+0000] {dag.py:2907} INFO - Sync 1 DAGs
[2023-08-28T00:17:54.915+0000] {logging_mixin.py:151} INFO - [2023-08-28T00:17:54.914+0000] {dag.py:3677} INFO - Setting next_dagrun for example_time_delta_sensor_async to None, run_after=None
[2023-08-28T00:17:54.952+0000] {processor.py:179} INFO - Processing /home/airflow/.local/lib/python3.8/site-packages/airflow/example_dags/example_time_delta_sensor_async.py took 0.225 seconds
[2023-08-28T00:18:26.046+0000] {processor.py:157} INFO - Started process (PID=1085) to work on /home/airflow/.local/lib/python3.8/site-packages/airflow/example_dags/example_time_delta_sensor_async.py
[2023-08-28T00:18:26.051+0000] {processor.py:829} INFO - Processing file /home/airflow/.local/lib/python3.8/site-packages/airflow/example_dags/example_time_delta_sensor_async.py for tasks to queue
[2023-08-28T00:18:26.054+0000] {logging_mixin.py:151} INFO - [2023-08-28T00:18:26.053+0000] {dagbag.py:539} INFO - Filling up the DagBag from /home/airflow/.local/lib/python3.8/site-packages/airflow/example_dags/example_time_delta_sensor_async.py
[2023-08-28T00:18:26.071+0000] {processor.py:839} INFO - DAG(s) dict_keys(['example_time_delta_sensor_async']) retrieved from /home/airflow/.local/lib/python3.8/site-packages/airflow/example_dags/example_time_delta_sensor_async.py
[2023-08-28T00:18:26.178+0000] {logging_mixin.py:151} INFO - [2023-08-28T00:18:26.177+0000] {dag.py:2907} INFO - Sync 1 DAGs
[2023-08-28T00:18:26.202+0000] {logging_mixin.py:151} INFO - [2023-08-28T00:18:26.202+0000] {dag.py:3677} INFO - Setting next_dagrun for example_time_delta_sensor_async to None, run_after=None
[2023-08-28T00:18:26.239+0000] {processor.py:179} INFO - Processing /home/airflow/.local/lib/python3.8/site-packages/airflow/example_dags/example_time_delta_sensor_async.py took 0.196 seconds
[2023-08-28T00:18:57.218+0000] {processor.py:157} INFO - Started process (PID=1140) to work on /home/airflow/.local/lib/python3.8/site-packages/airflow/example_dags/example_time_delta_sensor_async.py
[2023-08-28T00:18:57.221+0000] {processor.py:829} INFO - Processing file /home/airflow/.local/lib/python3.8/site-packages/airflow/example_dags/example_time_delta_sensor_async.py for tasks to queue
[2023-08-28T00:18:57.229+0000] {logging_mixin.py:151} INFO - [2023-08-28T00:18:57.228+0000] {dagbag.py:539} INFO - Filling up the DagBag from /home/airflow/.local/lib/python3.8/site-packages/airflow/example_dags/example_time_delta_sensor_async.py
[2023-08-28T00:18:57.241+0000] {processor.py:839} INFO - DAG(s) dict_keys(['example_time_delta_sensor_async']) retrieved from /home/airflow/.local/lib/python3.8/site-packages/airflow/example_dags/example_time_delta_sensor_async.py
[2023-08-28T00:18:57.388+0000] {logging_mixin.py:151} INFO - [2023-08-28T00:18:57.388+0000] {dag.py:2907} INFO - Sync 1 DAGs
[2023-08-28T00:18:57.421+0000] {logging_mixin.py:151} INFO - [2023-08-28T00:18:57.420+0000] {dag.py:3677} INFO - Setting next_dagrun for example_time_delta_sensor_async to None, run_after=None
[2023-08-28T00:18:57.567+0000] {processor.py:179} INFO - Processing /home/airflow/.local/lib/python3.8/site-packages/airflow/example_dags/example_time_delta_sensor_async.py took 0.355 seconds
[2023-08-28T00:19:28.518+0000] {processor.py:157} INFO - Started process (PID=1195) to work on /home/airflow/.local/lib/python3.8/site-packages/airflow/example_dags/example_time_delta_sensor_async.py
[2023-08-28T00:19:28.520+0000] {processor.py:829} INFO - Processing file /home/airflow/.local/lib/python3.8/site-packages/airflow/example_dags/example_time_delta_sensor_async.py for tasks to queue
[2023-08-28T00:19:28.522+0000] {logging_mixin.py:151} INFO - [2023-08-28T00:19:28.522+0000] {dagbag.py:539} INFO - Filling up the DagBag from /home/airflow/.local/lib/python3.8/site-packages/airflow/example_dags/example_time_delta_sensor_async.py
[2023-08-28T00:19:28.530+0000] {processor.py:839} INFO - DAG(s) dict_keys(['example_time_delta_sensor_async']) retrieved from /home/airflow/.local/lib/python3.8/site-packages/airflow/example_dags/example_time_delta_sensor_async.py
[2023-08-28T00:19:28.606+0000] {logging_mixin.py:151} INFO - [2023-08-28T00:19:28.605+0000] {dag.py:2907} INFO - Sync 1 DAGs
[2023-08-28T00:19:28.624+0000] {logging_mixin.py:151} INFO - [2023-08-28T00:19:28.624+0000] {dag.py:3677} INFO - Setting next_dagrun for example_time_delta_sensor_async to None, run_after=None
[2023-08-28T00:19:28.649+0000] {processor.py:179} INFO - Processing /home/airflow/.local/lib/python3.8/site-packages/airflow/example_dags/example_time_delta_sensor_async.py took 0.134 seconds
[2023-08-28T00:19:58.978+0000] {processor.py:157} INFO - Started process (PID=1250) to work on /home/airflow/.local/lib/python3.8/site-packages/airflow/example_dags/example_time_delta_sensor_async.py
[2023-08-28T00:19:58.981+0000] {processor.py:829} INFO - Processing file /home/airflow/.local/lib/python3.8/site-packages/airflow/example_dags/example_time_delta_sensor_async.py for tasks to queue
[2023-08-28T00:19:58.984+0000] {logging_mixin.py:151} INFO - [2023-08-28T00:19:58.984+0000] {dagbag.py:539} INFO - Filling up the DagBag from /home/airflow/.local/lib/python3.8/site-packages/airflow/example_dags/example_time_delta_sensor_async.py
[2023-08-28T00:19:58.995+0000] {processor.py:839} INFO - DAG(s) dict_keys(['example_time_delta_sensor_async']) retrieved from /home/airflow/.local/lib/python3.8/site-packages/airflow/example_dags/example_time_delta_sensor_async.py
[2023-08-28T00:19:59.093+0000] {logging_mixin.py:151} INFO - [2023-08-28T00:19:59.093+0000] {dag.py:2907} INFO - Sync 1 DAGs
[2023-08-28T00:19:59.117+0000] {logging_mixin.py:151} INFO - [2023-08-28T00:19:59.117+0000] {dag.py:3677} INFO - Setting next_dagrun for example_time_delta_sensor_async to None, run_after=None
[2023-08-28T00:19:59.201+0000] {processor.py:179} INFO - Processing /home/airflow/.local/lib/python3.8/site-packages/airflow/example_dags/example_time_delta_sensor_async.py took 0.226 seconds
[2023-08-28T00:20:29.705+0000] {processor.py:157} INFO - Started process (PID=1305) to work on /home/airflow/.local/lib/python3.8/site-packages/airflow/example_dags/example_time_delta_sensor_async.py
[2023-08-28T00:20:29.706+0000] {processor.py:829} INFO - Processing file /home/airflow/.local/lib/python3.8/site-packages/airflow/example_dags/example_time_delta_sensor_async.py for tasks to queue
[2023-08-28T00:20:29.708+0000] {logging_mixin.py:151} INFO - [2023-08-28T00:20:29.708+0000] {dagbag.py:539} INFO - Filling up the DagBag from /home/airflow/.local/lib/python3.8/site-packages/airflow/example_dags/example_time_delta_sensor_async.py
[2023-08-28T00:20:29.716+0000] {processor.py:839} INFO - DAG(s) dict_keys(['example_time_delta_sensor_async']) retrieved from /home/airflow/.local/lib/python3.8/site-packages/airflow/example_dags/example_time_delta_sensor_async.py
[2023-08-28T00:20:29.791+0000] {logging_mixin.py:151} INFO - [2023-08-28T00:20:29.790+0000] {dag.py:2907} INFO - Sync 1 DAGs
[2023-08-28T00:20:29.809+0000] {logging_mixin.py:151} INFO - [2023-08-28T00:20:29.808+0000] {dag.py:3677} INFO - Setting next_dagrun for example_time_delta_sensor_async to None, run_after=None
[2023-08-28T00:20:29.835+0000] {processor.py:179} INFO - Processing /home/airflow/.local/lib/python3.8/site-packages/airflow/example_dags/example_time_delta_sensor_async.py took 0.133 seconds
[2023-08-28T00:21:00.506+0000] {processor.py:157} INFO - Started process (PID=1360) to work on /home/airflow/.local/lib/python3.8/site-packages/airflow/example_dags/example_time_delta_sensor_async.py
[2023-08-28T00:21:00.510+0000] {processor.py:829} INFO - Processing file /home/airflow/.local/lib/python3.8/site-packages/airflow/example_dags/example_time_delta_sensor_async.py for tasks to queue
[2023-08-28T00:21:00.517+0000] {logging_mixin.py:151} INFO - [2023-08-28T00:21:00.516+0000] {dagbag.py:539} INFO - Filling up the DagBag from /home/airflow/.local/lib/python3.8/site-packages/airflow/example_dags/example_time_delta_sensor_async.py
[2023-08-28T00:21:00.531+0000] {processor.py:839} INFO - DAG(s) dict_keys(['example_time_delta_sensor_async']) retrieved from /home/airflow/.local/lib/python3.8/site-packages/airflow/example_dags/example_time_delta_sensor_async.py
[2023-08-28T00:21:00.718+0000] {logging_mixin.py:151} INFO - [2023-08-28T00:21:00.717+0000] {dag.py:2907} INFO - Sync 1 DAGs
[2023-08-28T00:21:00.773+0000] {logging_mixin.py:151} INFO - [2023-08-28T00:21:00.772+0000] {dag.py:3677} INFO - Setting next_dagrun for example_time_delta_sensor_async to None, run_after=None
[2023-08-28T00:21:00.862+0000] {processor.py:179} INFO - Processing /home/airflow/.local/lib/python3.8/site-packages/airflow/example_dags/example_time_delta_sensor_async.py took 0.361 seconds
[2023-08-28T00:21:31.345+0000] {processor.py:157} INFO - Started process (PID=1415) to work on /home/airflow/.local/lib/python3.8/site-packages/airflow/example_dags/example_time_delta_sensor_async.py
[2023-08-28T00:21:31.349+0000] {processor.py:829} INFO - Processing file /home/airflow/.local/lib/python3.8/site-packages/airflow/example_dags/example_time_delta_sensor_async.py for tasks to queue
[2023-08-28T00:21:31.357+0000] {logging_mixin.py:151} INFO - [2023-08-28T00:21:31.356+0000] {dagbag.py:539} INFO - Filling up the DagBag from /home/airflow/.local/lib/python3.8/site-packages/airflow/example_dags/example_time_delta_sensor_async.py
[2023-08-28T00:21:31.444+0000] {processor.py:839} INFO - DAG(s) dict_keys(['example_time_delta_sensor_async']) retrieved from /home/airflow/.local/lib/python3.8/site-packages/airflow/example_dags/example_time_delta_sensor_async.py
[2023-08-28T00:21:31.722+0000] {logging_mixin.py:151} INFO - [2023-08-28T00:21:31.722+0000] {dag.py:2907} INFO - Sync 1 DAGs
[2023-08-28T00:21:31.797+0000] {logging_mixin.py:151} INFO - [2023-08-28T00:21:31.794+0000] {dag.py:3677} INFO - Setting next_dagrun for example_time_delta_sensor_async to None, run_after=None
[2023-08-28T00:21:31.959+0000] {processor.py:179} INFO - Processing /home/airflow/.local/lib/python3.8/site-packages/airflow/example_dags/example_time_delta_sensor_async.py took 0.618 seconds
[2023-08-28T00:22:02.350+0000] {processor.py:157} INFO - Started process (PID=1470) to work on /home/airflow/.local/lib/python3.8/site-packages/airflow/example_dags/example_time_delta_sensor_async.py
[2023-08-28T00:22:02.351+0000] {processor.py:829} INFO - Processing file /home/airflow/.local/lib/python3.8/site-packages/airflow/example_dags/example_time_delta_sensor_async.py for tasks to queue
[2023-08-28T00:22:02.355+0000] {logging_mixin.py:151} INFO - [2023-08-28T00:22:02.355+0000] {dagbag.py:539} INFO - Filling up the DagBag from /home/airflow/.local/lib/python3.8/site-packages/airflow/example_dags/example_time_delta_sensor_async.py
[2023-08-28T00:22:02.373+0000] {processor.py:839} INFO - DAG(s) dict_keys(['example_time_delta_sensor_async']) retrieved from /home/airflow/.local/lib/python3.8/site-packages/airflow/example_dags/example_time_delta_sensor_async.py
[2023-08-28T00:22:02.455+0000] {logging_mixin.py:151} INFO - [2023-08-28T00:22:02.454+0000] {dag.py:2907} INFO - Sync 1 DAGs
[2023-08-28T00:22:02.472+0000] {logging_mixin.py:151} INFO - [2023-08-28T00:22:02.472+0000] {dag.py:3677} INFO - Setting next_dagrun for example_time_delta_sensor_async to None, run_after=None
[2023-08-28T00:22:02.499+0000] {processor.py:179} INFO - Processing /home/airflow/.local/lib/python3.8/site-packages/airflow/example_dags/example_time_delta_sensor_async.py took 0.155 seconds
