[2023-08-28T00:01:53.402+0000] {processor.py:157} INFO - Started process (PID=32) to work on /home/airflow/.local/lib/python3.8/site-packages/airflow/example_dags/example_python_operator.py
[2023-08-28T00:01:53.404+0000] {processor.py:829} INFO - Processing file /home/airflow/.local/lib/python3.8/site-packages/airflow/example_dags/example_python_operator.py for tasks to queue
[2023-08-28T00:01:53.406+0000] {logging_mixin.py:151} INFO - [2023-08-28T00:01:53.406+0000] {dagbag.py:539} INFO - Filling up the DagBag from /home/airflow/.local/lib/python3.8/site-packages/airflow/example_dags/example_python_operator.py
[2023-08-28T00:01:53.423+0000] {processor.py:839} INFO - DAG(s) dict_keys(['example_python_operator']) retrieved from /home/airflow/.local/lib/python3.8/site-packages/airflow/example_dags/example_python_operator.py
[2023-08-28T00:01:54.036+0000] {logging_mixin.py:151} INFO - [2023-08-28T00:01:54.036+0000] {manager.py:501} INFO - Created Permission View: can edit on DAG:example_python_operator
[2023-08-28T00:01:54.056+0000] {logging_mixin.py:151} INFO - [2023-08-28T00:01:54.055+0000] {manager.py:501} INFO - Created Permission View: can delete on DAG:example_python_operator
[2023-08-28T00:01:54.076+0000] {logging_mixin.py:151} INFO - [2023-08-28T00:01:54.075+0000] {manager.py:501} INFO - Created Permission View: can read on DAG:example_python_operator
[2023-08-28T00:01:54.110+0000] {logging_mixin.py:151} INFO - [2023-08-28T00:01:54.110+0000] {dag.py:2907} INFO - Sync 1 DAGs
[2023-08-28T00:01:54.126+0000] {logging_mixin.py:151} INFO - [2023-08-28T00:01:54.125+0000] {dag.py:2929} INFO - Creating ORM DAG for example_python_operator
[2023-08-28T00:01:54.128+0000] {logging_mixin.py:151} INFO - [2023-08-28T00:01:54.128+0000] {dag.py:3677} INFO - Setting next_dagrun for example_python_operator to None, run_after=None
[2023-08-28T00:01:54.193+0000] {processor.py:179} INFO - Processing /home/airflow/.local/lib/python3.8/site-packages/airflow/example_dags/example_python_operator.py took 0.794 seconds
[2023-08-28T00:02:24.737+0000] {processor.py:157} INFO - Started process (PID=87) to work on /home/airflow/.local/lib/python3.8/site-packages/airflow/example_dags/example_python_operator.py
[2023-08-28T00:02:24.745+0000] {processor.py:829} INFO - Processing file /home/airflow/.local/lib/python3.8/site-packages/airflow/example_dags/example_python_operator.py for tasks to queue
[2023-08-28T00:02:24.753+0000] {logging_mixin.py:151} INFO - [2023-08-28T00:02:24.753+0000] {dagbag.py:539} INFO - Filling up the DagBag from /home/airflow/.local/lib/python3.8/site-packages/airflow/example_dags/example_python_operator.py
[2023-08-28T00:02:24.945+0000] {processor.py:839} INFO - DAG(s) dict_keys(['example_python_operator']) retrieved from /home/airflow/.local/lib/python3.8/site-packages/airflow/example_dags/example_python_operator.py
[2023-08-28T00:02:25.373+0000] {logging_mixin.py:151} INFO - [2023-08-28T00:02:25.372+0000] {dag.py:2907} INFO - Sync 1 DAGs
[2023-08-28T00:02:26.283+0000] {logging_mixin.py:151} INFO - [2023-08-28T00:02:26.281+0000] {dag.py:3677} INFO - Setting next_dagrun for example_python_operator to None, run_after=None
[2023-08-28T00:02:26.377+0000] {processor.py:179} INFO - Processing /home/airflow/.local/lib/python3.8/site-packages/airflow/example_dags/example_python_operator.py took 1.660 seconds
[2023-08-28T00:02:56.600+0000] {processor.py:157} INFO - Started process (PID=142) to work on /home/airflow/.local/lib/python3.8/site-packages/airflow/example_dags/example_python_operator.py
[2023-08-28T00:02:56.604+0000] {processor.py:829} INFO - Processing file /home/airflow/.local/lib/python3.8/site-packages/airflow/example_dags/example_python_operator.py for tasks to queue
[2023-08-28T00:02:56.609+0000] {logging_mixin.py:151} INFO - [2023-08-28T00:02:56.607+0000] {dagbag.py:539} INFO - Filling up the DagBag from /home/airflow/.local/lib/python3.8/site-packages/airflow/example_dags/example_python_operator.py
[2023-08-28T00:02:56.639+0000] {processor.py:839} INFO - DAG(s) dict_keys(['example_python_operator']) retrieved from /home/airflow/.local/lib/python3.8/site-packages/airflow/example_dags/example_python_operator.py
[2023-08-28T00:02:56.729+0000] {logging_mixin.py:151} INFO - [2023-08-28T00:02:56.729+0000] {dag.py:2907} INFO - Sync 1 DAGs
[2023-08-28T00:02:56.760+0000] {logging_mixin.py:151} INFO - [2023-08-28T00:02:56.759+0000] {dag.py:3677} INFO - Setting next_dagrun for example_python_operator to None, run_after=None
[2023-08-28T00:02:56.801+0000] {processor.py:179} INFO - Processing /home/airflow/.local/lib/python3.8/site-packages/airflow/example_dags/example_python_operator.py took 0.205 seconds
[2023-08-28T00:03:27.060+0000] {processor.py:157} INFO - Started process (PID=196) to work on /home/airflow/.local/lib/python3.8/site-packages/airflow/example_dags/example_python_operator.py
[2023-08-28T00:03:27.062+0000] {processor.py:829} INFO - Processing file /home/airflow/.local/lib/python3.8/site-packages/airflow/example_dags/example_python_operator.py for tasks to queue
[2023-08-28T00:03:27.068+0000] {logging_mixin.py:151} INFO - [2023-08-28T00:03:27.067+0000] {dagbag.py:539} INFO - Filling up the DagBag from /home/airflow/.local/lib/python3.8/site-packages/airflow/example_dags/example_python_operator.py
[2023-08-28T00:03:27.114+0000] {processor.py:839} INFO - DAG(s) dict_keys(['example_python_operator']) retrieved from /home/airflow/.local/lib/python3.8/site-packages/airflow/example_dags/example_python_operator.py
[2023-08-28T00:03:27.314+0000] {logging_mixin.py:151} INFO - [2023-08-28T00:03:27.314+0000] {dag.py:2907} INFO - Sync 1 DAGs
[2023-08-28T00:03:27.353+0000] {logging_mixin.py:151} INFO - [2023-08-28T00:03:27.352+0000] {dag.py:3677} INFO - Setting next_dagrun for example_python_operator to None, run_after=None
[2023-08-28T00:03:27.394+0000] {processor.py:179} INFO - Processing /home/airflow/.local/lib/python3.8/site-packages/airflow/example_dags/example_python_operator.py took 0.345 seconds
[2023-08-28T00:03:58.188+0000] {processor.py:157} INFO - Started process (PID=251) to work on /home/airflow/.local/lib/python3.8/site-packages/airflow/example_dags/example_python_operator.py
[2023-08-28T00:03:58.189+0000] {processor.py:829} INFO - Processing file /home/airflow/.local/lib/python3.8/site-packages/airflow/example_dags/example_python_operator.py for tasks to queue
[2023-08-28T00:03:58.192+0000] {logging_mixin.py:151} INFO - [2023-08-28T00:03:58.192+0000] {dagbag.py:539} INFO - Filling up the DagBag from /home/airflow/.local/lib/python3.8/site-packages/airflow/example_dags/example_python_operator.py
[2023-08-28T00:03:58.211+0000] {processor.py:839} INFO - DAG(s) dict_keys(['example_python_operator']) retrieved from /home/airflow/.local/lib/python3.8/site-packages/airflow/example_dags/example_python_operator.py
[2023-08-28T00:03:58.291+0000] {logging_mixin.py:151} INFO - [2023-08-28T00:03:58.291+0000] {dag.py:2907} INFO - Sync 1 DAGs
[2023-08-28T00:03:58.309+0000] {logging_mixin.py:151} INFO - [2023-08-28T00:03:58.308+0000] {dag.py:3677} INFO - Setting next_dagrun for example_python_operator to None, run_after=None
[2023-08-28T00:03:58.336+0000] {processor.py:179} INFO - Processing /home/airflow/.local/lib/python3.8/site-packages/airflow/example_dags/example_python_operator.py took 0.152 seconds
[2023-08-28T00:04:28.629+0000] {processor.py:157} INFO - Started process (PID=306) to work on /home/airflow/.local/lib/python3.8/site-packages/airflow/example_dags/example_python_operator.py
[2023-08-28T00:04:28.631+0000] {processor.py:829} INFO - Processing file /home/airflow/.local/lib/python3.8/site-packages/airflow/example_dags/example_python_operator.py for tasks to queue
[2023-08-28T00:04:28.634+0000] {logging_mixin.py:151} INFO - [2023-08-28T00:04:28.633+0000] {dagbag.py:539} INFO - Filling up the DagBag from /home/airflow/.local/lib/python3.8/site-packages/airflow/example_dags/example_python_operator.py
[2023-08-28T00:04:28.651+0000] {processor.py:839} INFO - DAG(s) dict_keys(['example_python_operator']) retrieved from /home/airflow/.local/lib/python3.8/site-packages/airflow/example_dags/example_python_operator.py
[2023-08-28T00:04:28.737+0000] {logging_mixin.py:151} INFO - [2023-08-28T00:04:28.736+0000] {dag.py:2907} INFO - Sync 1 DAGs
[2023-08-28T00:04:28.757+0000] {logging_mixin.py:151} INFO - [2023-08-28T00:04:28.757+0000] {dag.py:3677} INFO - Setting next_dagrun for example_python_operator to None, run_after=None
[2023-08-28T00:04:28.786+0000] {processor.py:179} INFO - Processing /home/airflow/.local/lib/python3.8/site-packages/airflow/example_dags/example_python_operator.py took 0.160 seconds
[2023-08-28T00:04:58.953+0000] {processor.py:157} INFO - Started process (PID=361) to work on /home/airflow/.local/lib/python3.8/site-packages/airflow/example_dags/example_python_operator.py
[2023-08-28T00:04:58.955+0000] {processor.py:829} INFO - Processing file /home/airflow/.local/lib/python3.8/site-packages/airflow/example_dags/example_python_operator.py for tasks to queue
[2023-08-28T00:04:58.958+0000] {logging_mixin.py:151} INFO - [2023-08-28T00:04:58.958+0000] {dagbag.py:539} INFO - Filling up the DagBag from /home/airflow/.local/lib/python3.8/site-packages/airflow/example_dags/example_python_operator.py
[2023-08-28T00:04:58.984+0000] {processor.py:839} INFO - DAG(s) dict_keys(['example_python_operator']) retrieved from /home/airflow/.local/lib/python3.8/site-packages/airflow/example_dags/example_python_operator.py
[2023-08-28T00:04:59.071+0000] {logging_mixin.py:151} INFO - [2023-08-28T00:04:59.071+0000] {dag.py:2907} INFO - Sync 1 DAGs
[2023-08-28T00:04:59.089+0000] {logging_mixin.py:151} INFO - [2023-08-28T00:04:59.089+0000] {dag.py:3677} INFO - Setting next_dagrun for example_python_operator to None, run_after=None
[2023-08-28T00:04:59.117+0000] {processor.py:179} INFO - Processing /home/airflow/.local/lib/python3.8/site-packages/airflow/example_dags/example_python_operator.py took 0.170 seconds
[2023-08-28T00:08:37.762+0000] {processor.py:157} INFO - Started process (PID=34) to work on /home/airflow/.local/lib/python3.8/site-packages/airflow/example_dags/example_python_operator.py
[2023-08-28T00:08:37.775+0000] {processor.py:829} INFO - Processing file /home/airflow/.local/lib/python3.8/site-packages/airflow/example_dags/example_python_operator.py for tasks to queue
[2023-08-28T00:08:37.793+0000] {logging_mixin.py:151} INFO - [2023-08-28T00:08:37.792+0000] {dagbag.py:539} INFO - Filling up the DagBag from /home/airflow/.local/lib/python3.8/site-packages/airflow/example_dags/example_python_operator.py
[2023-08-28T00:08:37.841+0000] {processor.py:839} INFO - DAG(s) dict_keys(['example_python_operator']) retrieved from /home/airflow/.local/lib/python3.8/site-packages/airflow/example_dags/example_python_operator.py
[2023-08-28T00:08:38.764+0000] {logging_mixin.py:151} INFO - [2023-08-28T00:08:38.763+0000] {dag.py:2907} INFO - Sync 1 DAGs
[2023-08-28T00:08:38.791+0000] {logging_mixin.py:151} INFO - [2023-08-28T00:08:38.791+0000] {dag.py:3677} INFO - Setting next_dagrun for example_python_operator to None, run_after=None
[2023-08-28T00:08:38.858+0000] {processor.py:179} INFO - Processing /home/airflow/.local/lib/python3.8/site-packages/airflow/example_dags/example_python_operator.py took 1.129 seconds
[2023-08-28T00:09:09.913+0000] {processor.py:157} INFO - Started process (PID=89) to work on /home/airflow/.local/lib/python3.8/site-packages/airflow/example_dags/example_python_operator.py
[2023-08-28T00:09:09.928+0000] {processor.py:829} INFO - Processing file /home/airflow/.local/lib/python3.8/site-packages/airflow/example_dags/example_python_operator.py for tasks to queue
[2023-08-28T00:09:09.969+0000] {logging_mixin.py:151} INFO - [2023-08-28T00:09:09.958+0000] {dagbag.py:539} INFO - Filling up the DagBag from /home/airflow/.local/lib/python3.8/site-packages/airflow/example_dags/example_python_operator.py
[2023-08-28T00:09:10.126+0000] {processor.py:839} INFO - DAG(s) dict_keys(['example_python_operator']) retrieved from /home/airflow/.local/lib/python3.8/site-packages/airflow/example_dags/example_python_operator.py
[2023-08-28T00:09:10.725+0000] {logging_mixin.py:151} INFO - [2023-08-28T00:09:10.724+0000] {dag.py:2907} INFO - Sync 1 DAGs
[2023-08-28T00:09:10.771+0000] {logging_mixin.py:151} INFO - [2023-08-28T00:09:10.770+0000] {dag.py:3677} INFO - Setting next_dagrun for example_python_operator to None, run_after=None
[2023-08-28T00:09:10.909+0000] {processor.py:179} INFO - Processing /home/airflow/.local/lib/python3.8/site-packages/airflow/example_dags/example_python_operator.py took 1.056 seconds
[2023-08-28T00:09:41.712+0000] {processor.py:157} INFO - Started process (PID=144) to work on /home/airflow/.local/lib/python3.8/site-packages/airflow/example_dags/example_python_operator.py
[2023-08-28T00:09:41.714+0000] {processor.py:829} INFO - Processing file /home/airflow/.local/lib/python3.8/site-packages/airflow/example_dags/example_python_operator.py for tasks to queue
[2023-08-28T00:09:41.718+0000] {logging_mixin.py:151} INFO - [2023-08-28T00:09:41.717+0000] {dagbag.py:539} INFO - Filling up the DagBag from /home/airflow/.local/lib/python3.8/site-packages/airflow/example_dags/example_python_operator.py
[2023-08-28T00:09:41.736+0000] {processor.py:839} INFO - DAG(s) dict_keys(['example_python_operator']) retrieved from /home/airflow/.local/lib/python3.8/site-packages/airflow/example_dags/example_python_operator.py
[2023-08-28T00:09:41.820+0000] {logging_mixin.py:151} INFO - [2023-08-28T00:09:41.820+0000] {dag.py:2907} INFO - Sync 1 DAGs
[2023-08-28T00:09:41.839+0000] {logging_mixin.py:151} INFO - [2023-08-28T00:09:41.839+0000] {dag.py:3677} INFO - Setting next_dagrun for example_python_operator to None, run_after=None
[2023-08-28T00:09:41.867+0000] {processor.py:179} INFO - Processing /home/airflow/.local/lib/python3.8/site-packages/airflow/example_dags/example_python_operator.py took 0.161 seconds
[2023-08-28T00:10:12.811+0000] {processor.py:157} INFO - Started process (PID=199) to work on /home/airflow/.local/lib/python3.8/site-packages/airflow/example_dags/example_python_operator.py
[2023-08-28T00:10:12.814+0000] {processor.py:829} INFO - Processing file /home/airflow/.local/lib/python3.8/site-packages/airflow/example_dags/example_python_operator.py for tasks to queue
[2023-08-28T00:10:12.817+0000] {logging_mixin.py:151} INFO - [2023-08-28T00:10:12.817+0000] {dagbag.py:539} INFO - Filling up the DagBag from /home/airflow/.local/lib/python3.8/site-packages/airflow/example_dags/example_python_operator.py
[2023-08-28T00:10:12.837+0000] {processor.py:839} INFO - DAG(s) dict_keys(['example_python_operator']) retrieved from /home/airflow/.local/lib/python3.8/site-packages/airflow/example_dags/example_python_operator.py
[2023-08-28T00:10:12.939+0000] {logging_mixin.py:151} INFO - [2023-08-28T00:10:12.939+0000] {dag.py:2907} INFO - Sync 1 DAGs
[2023-08-28T00:10:12.960+0000] {logging_mixin.py:151} INFO - [2023-08-28T00:10:12.960+0000] {dag.py:3677} INFO - Setting next_dagrun for example_python_operator to None, run_after=None
[2023-08-28T00:10:12.991+0000] {processor.py:179} INFO - Processing /home/airflow/.local/lib/python3.8/site-packages/airflow/example_dags/example_python_operator.py took 0.186 seconds
[2023-08-28T00:10:43.127+0000] {processor.py:157} INFO - Started process (PID=254) to work on /home/airflow/.local/lib/python3.8/site-packages/airflow/example_dags/example_python_operator.py
[2023-08-28T00:10:43.132+0000] {processor.py:829} INFO - Processing file /home/airflow/.local/lib/python3.8/site-packages/airflow/example_dags/example_python_operator.py for tasks to queue
[2023-08-28T00:10:43.142+0000] {logging_mixin.py:151} INFO - [2023-08-28T00:10:43.141+0000] {dagbag.py:539} INFO - Filling up the DagBag from /home/airflow/.local/lib/python3.8/site-packages/airflow/example_dags/example_python_operator.py
[2023-08-28T00:10:43.213+0000] {processor.py:839} INFO - DAG(s) dict_keys(['example_python_operator']) retrieved from /home/airflow/.local/lib/python3.8/site-packages/airflow/example_dags/example_python_operator.py
[2023-08-28T00:10:43.359+0000] {logging_mixin.py:151} INFO - [2023-08-28T00:10:43.359+0000] {dag.py:2907} INFO - Sync 1 DAGs
[2023-08-28T00:10:43.383+0000] {logging_mixin.py:151} INFO - [2023-08-28T00:10:43.383+0000] {dag.py:3677} INFO - Setting next_dagrun for example_python_operator to None, run_after=None
[2023-08-28T00:10:43.416+0000] {processor.py:179} INFO - Processing /home/airflow/.local/lib/python3.8/site-packages/airflow/example_dags/example_python_operator.py took 0.314 seconds
[2023-08-28T00:11:14.393+0000] {processor.py:157} INFO - Started process (PID=309) to work on /home/airflow/.local/lib/python3.8/site-packages/airflow/example_dags/example_python_operator.py
[2023-08-28T00:11:14.395+0000] {processor.py:829} INFO - Processing file /home/airflow/.local/lib/python3.8/site-packages/airflow/example_dags/example_python_operator.py for tasks to queue
[2023-08-28T00:11:14.399+0000] {logging_mixin.py:151} INFO - [2023-08-28T00:11:14.398+0000] {dagbag.py:539} INFO - Filling up the DagBag from /home/airflow/.local/lib/python3.8/site-packages/airflow/example_dags/example_python_operator.py
[2023-08-28T00:11:14.420+0000] {processor.py:839} INFO - DAG(s) dict_keys(['example_python_operator']) retrieved from /home/airflow/.local/lib/python3.8/site-packages/airflow/example_dags/example_python_operator.py
[2023-08-28T00:11:14.498+0000] {logging_mixin.py:151} INFO - [2023-08-28T00:11:14.498+0000] {dag.py:2907} INFO - Sync 1 DAGs
[2023-08-28T00:11:14.518+0000] {logging_mixin.py:151} INFO - [2023-08-28T00:11:14.518+0000] {dag.py:3677} INFO - Setting next_dagrun for example_python_operator to None, run_after=None
[2023-08-28T00:11:14.544+0000] {processor.py:179} INFO - Processing /home/airflow/.local/lib/python3.8/site-packages/airflow/example_dags/example_python_operator.py took 0.157 seconds
[2023-08-28T00:11:45.458+0000] {processor.py:157} INFO - Started process (PID=363) to work on /home/airflow/.local/lib/python3.8/site-packages/airflow/example_dags/example_python_operator.py
[2023-08-28T00:11:45.461+0000] {processor.py:829} INFO - Processing file /home/airflow/.local/lib/python3.8/site-packages/airflow/example_dags/example_python_operator.py for tasks to queue
[2023-08-28T00:11:45.464+0000] {logging_mixin.py:151} INFO - [2023-08-28T00:11:45.463+0000] {dagbag.py:539} INFO - Filling up the DagBag from /home/airflow/.local/lib/python3.8/site-packages/airflow/example_dags/example_python_operator.py
[2023-08-28T00:11:45.491+0000] {processor.py:839} INFO - DAG(s) dict_keys(['example_python_operator']) retrieved from /home/airflow/.local/lib/python3.8/site-packages/airflow/example_dags/example_python_operator.py
[2023-08-28T00:11:45.606+0000] {logging_mixin.py:151} INFO - [2023-08-28T00:11:45.606+0000] {dag.py:2907} INFO - Sync 1 DAGs
[2023-08-28T00:11:45.627+0000] {logging_mixin.py:151} INFO - [2023-08-28T00:11:45.627+0000] {dag.py:3677} INFO - Setting next_dagrun for example_python_operator to None, run_after=None
[2023-08-28T00:11:45.662+0000] {processor.py:179} INFO - Processing /home/airflow/.local/lib/python3.8/site-packages/airflow/example_dags/example_python_operator.py took 0.208 seconds
[2023-08-28T00:12:16.233+0000] {processor.py:157} INFO - Started process (PID=423) to work on /home/airflow/.local/lib/python3.8/site-packages/airflow/example_dags/example_python_operator.py
[2023-08-28T00:12:16.237+0000] {processor.py:829} INFO - Processing file /home/airflow/.local/lib/python3.8/site-packages/airflow/example_dags/example_python_operator.py for tasks to queue
[2023-08-28T00:12:16.245+0000] {logging_mixin.py:151} INFO - [2023-08-28T00:12:16.244+0000] {dagbag.py:539} INFO - Filling up the DagBag from /home/airflow/.local/lib/python3.8/site-packages/airflow/example_dags/example_python_operator.py
[2023-08-28T00:12:16.299+0000] {processor.py:839} INFO - DAG(s) dict_keys(['example_python_operator']) retrieved from /home/airflow/.local/lib/python3.8/site-packages/airflow/example_dags/example_python_operator.py
[2023-08-28T00:12:16.469+0000] {logging_mixin.py:151} INFO - [2023-08-28T00:12:16.468+0000] {dag.py:2907} INFO - Sync 1 DAGs
[2023-08-28T00:12:16.496+0000] {logging_mixin.py:151} INFO - [2023-08-28T00:12:16.496+0000] {dag.py:3677} INFO - Setting next_dagrun for example_python_operator to None, run_after=None
[2023-08-28T00:12:16.535+0000] {processor.py:179} INFO - Processing /home/airflow/.local/lib/python3.8/site-packages/airflow/example_dags/example_python_operator.py took 0.309 seconds
[2023-08-28T00:12:46.596+0000] {processor.py:157} INFO - Started process (PID=479) to work on /home/airflow/.local/lib/python3.8/site-packages/airflow/example_dags/example_python_operator.py
[2023-08-28T00:12:46.598+0000] {processor.py:829} INFO - Processing file /home/airflow/.local/lib/python3.8/site-packages/airflow/example_dags/example_python_operator.py for tasks to queue
[2023-08-28T00:12:46.602+0000] {logging_mixin.py:151} INFO - [2023-08-28T00:12:46.601+0000] {dagbag.py:539} INFO - Filling up the DagBag from /home/airflow/.local/lib/python3.8/site-packages/airflow/example_dags/example_python_operator.py
[2023-08-28T00:12:46.628+0000] {processor.py:839} INFO - DAG(s) dict_keys(['example_python_operator']) retrieved from /home/airflow/.local/lib/python3.8/site-packages/airflow/example_dags/example_python_operator.py
[2023-08-28T00:12:46.719+0000] {logging_mixin.py:151} INFO - [2023-08-28T00:12:46.719+0000] {dag.py:2907} INFO - Sync 1 DAGs
[2023-08-28T00:12:46.738+0000] {logging_mixin.py:151} INFO - [2023-08-28T00:12:46.738+0000] {dag.py:3677} INFO - Setting next_dagrun for example_python_operator to None, run_after=None
[2023-08-28T00:12:46.765+0000] {processor.py:179} INFO - Processing /home/airflow/.local/lib/python3.8/site-packages/airflow/example_dags/example_python_operator.py took 0.175 seconds
[2023-08-28T00:13:17.530+0000] {processor.py:157} INFO - Started process (PID=533) to work on /home/airflow/.local/lib/python3.8/site-packages/airflow/example_dags/example_python_operator.py
[2023-08-28T00:13:17.534+0000] {processor.py:829} INFO - Processing file /home/airflow/.local/lib/python3.8/site-packages/airflow/example_dags/example_python_operator.py for tasks to queue
[2023-08-28T00:13:17.542+0000] {logging_mixin.py:151} INFO - [2023-08-28T00:13:17.541+0000] {dagbag.py:539} INFO - Filling up the DagBag from /home/airflow/.local/lib/python3.8/site-packages/airflow/example_dags/example_python_operator.py
[2023-08-28T00:13:17.575+0000] {processor.py:839} INFO - DAG(s) dict_keys(['example_python_operator']) retrieved from /home/airflow/.local/lib/python3.8/site-packages/airflow/example_dags/example_python_operator.py
[2023-08-28T00:13:17.789+0000] {logging_mixin.py:151} INFO - [2023-08-28T00:13:17.789+0000] {dag.py:2907} INFO - Sync 1 DAGs
[2023-08-28T00:13:17.873+0000] {logging_mixin.py:151} INFO - [2023-08-28T00:13:17.871+0000] {dag.py:3677} INFO - Setting next_dagrun for example_python_operator to None, run_after=None
[2023-08-28T00:13:17.980+0000] {processor.py:179} INFO - Processing /home/airflow/.local/lib/python3.8/site-packages/airflow/example_dags/example_python_operator.py took 0.473 seconds
[2023-08-28T00:13:48.097+0000] {processor.py:157} INFO - Started process (PID=588) to work on /home/airflow/.local/lib/python3.8/site-packages/airflow/example_dags/example_python_operator.py
[2023-08-28T00:13:48.098+0000] {processor.py:829} INFO - Processing file /home/airflow/.local/lib/python3.8/site-packages/airflow/example_dags/example_python_operator.py for tasks to queue
[2023-08-28T00:13:48.102+0000] {logging_mixin.py:151} INFO - [2023-08-28T00:13:48.101+0000] {dagbag.py:539} INFO - Filling up the DagBag from /home/airflow/.local/lib/python3.8/site-packages/airflow/example_dags/example_python_operator.py
[2023-08-28T00:13:48.120+0000] {processor.py:839} INFO - DAG(s) dict_keys(['example_python_operator']) retrieved from /home/airflow/.local/lib/python3.8/site-packages/airflow/example_dags/example_python_operator.py
[2023-08-28T00:13:48.197+0000] {logging_mixin.py:151} INFO - [2023-08-28T00:13:48.197+0000] {dag.py:2907} INFO - Sync 1 DAGs
[2023-08-28T00:13:48.213+0000] {logging_mixin.py:151} INFO - [2023-08-28T00:13:48.213+0000] {dag.py:3677} INFO - Setting next_dagrun for example_python_operator to None, run_after=None
[2023-08-28T00:13:48.237+0000] {processor.py:179} INFO - Processing /home/airflow/.local/lib/python3.8/site-packages/airflow/example_dags/example_python_operator.py took 0.144 seconds
[2023-08-28T00:14:18.389+0000] {processor.py:157} INFO - Started process (PID=643) to work on /home/airflow/.local/lib/python3.8/site-packages/airflow/example_dags/example_python_operator.py
[2023-08-28T00:14:18.391+0000] {processor.py:829} INFO - Processing file /home/airflow/.local/lib/python3.8/site-packages/airflow/example_dags/example_python_operator.py for tasks to queue
[2023-08-28T00:14:18.394+0000] {logging_mixin.py:151} INFO - [2023-08-28T00:14:18.393+0000] {dagbag.py:539} INFO - Filling up the DagBag from /home/airflow/.local/lib/python3.8/site-packages/airflow/example_dags/example_python_operator.py
[2023-08-28T00:14:18.411+0000] {processor.py:839} INFO - DAG(s) dict_keys(['example_python_operator']) retrieved from /home/airflow/.local/lib/python3.8/site-packages/airflow/example_dags/example_python_operator.py
[2023-08-28T00:14:18.490+0000] {logging_mixin.py:151} INFO - [2023-08-28T00:14:18.490+0000] {dag.py:2907} INFO - Sync 1 DAGs
[2023-08-28T00:14:18.506+0000] {logging_mixin.py:151} INFO - [2023-08-28T00:14:18.506+0000] {dag.py:3677} INFO - Setting next_dagrun for example_python_operator to None, run_after=None
[2023-08-28T00:14:18.531+0000] {processor.py:179} INFO - Processing /home/airflow/.local/lib/python3.8/site-packages/airflow/example_dags/example_python_operator.py took 0.146 seconds
[2023-08-28T00:14:49.339+0000] {processor.py:157} INFO - Started process (PID=698) to work on /home/airflow/.local/lib/python3.8/site-packages/airflow/example_dags/example_python_operator.py
[2023-08-28T00:14:49.341+0000] {processor.py:829} INFO - Processing file /home/airflow/.local/lib/python3.8/site-packages/airflow/example_dags/example_python_operator.py for tasks to queue
[2023-08-28T00:14:49.344+0000] {logging_mixin.py:151} INFO - [2023-08-28T00:14:49.344+0000] {dagbag.py:539} INFO - Filling up the DagBag from /home/airflow/.local/lib/python3.8/site-packages/airflow/example_dags/example_python_operator.py
[2023-08-28T00:14:49.365+0000] {processor.py:839} INFO - DAG(s) dict_keys(['example_python_operator']) retrieved from /home/airflow/.local/lib/python3.8/site-packages/airflow/example_dags/example_python_operator.py
[2023-08-28T00:14:49.459+0000] {logging_mixin.py:151} INFO - [2023-08-28T00:14:49.459+0000] {dag.py:2907} INFO - Sync 1 DAGs
[2023-08-28T00:14:49.480+0000] {logging_mixin.py:151} INFO - [2023-08-28T00:14:49.479+0000] {dag.py:3677} INFO - Setting next_dagrun for example_python_operator to None, run_after=None
[2023-08-28T00:14:49.514+0000] {processor.py:179} INFO - Processing /home/airflow/.local/lib/python3.8/site-packages/airflow/example_dags/example_python_operator.py took 0.180 seconds
[2023-08-28T00:15:20.410+0000] {processor.py:157} INFO - Started process (PID=753) to work on /home/airflow/.local/lib/python3.8/site-packages/airflow/example_dags/example_python_operator.py
[2023-08-28T00:15:20.413+0000] {processor.py:829} INFO - Processing file /home/airflow/.local/lib/python3.8/site-packages/airflow/example_dags/example_python_operator.py for tasks to queue
[2023-08-28T00:15:20.417+0000] {logging_mixin.py:151} INFO - [2023-08-28T00:15:20.416+0000] {dagbag.py:539} INFO - Filling up the DagBag from /home/airflow/.local/lib/python3.8/site-packages/airflow/example_dags/example_python_operator.py
[2023-08-28T00:15:20.436+0000] {processor.py:839} INFO - DAG(s) dict_keys(['example_python_operator']) retrieved from /home/airflow/.local/lib/python3.8/site-packages/airflow/example_dags/example_python_operator.py
[2023-08-28T00:15:20.519+0000] {logging_mixin.py:151} INFO - [2023-08-28T00:15:20.518+0000] {dag.py:2907} INFO - Sync 1 DAGs
[2023-08-28T00:15:20.537+0000] {logging_mixin.py:151} INFO - [2023-08-28T00:15:20.537+0000] {dag.py:3677} INFO - Setting next_dagrun for example_python_operator to None, run_after=None
[2023-08-28T00:15:20.562+0000] {processor.py:179} INFO - Processing /home/airflow/.local/lib/python3.8/site-packages/airflow/example_dags/example_python_operator.py took 0.157 seconds
[2023-08-28T00:15:51.291+0000] {processor.py:157} INFO - Started process (PID=808) to work on /home/airflow/.local/lib/python3.8/site-packages/airflow/example_dags/example_python_operator.py
[2023-08-28T00:15:51.295+0000] {processor.py:829} INFO - Processing file /home/airflow/.local/lib/python3.8/site-packages/airflow/example_dags/example_python_operator.py for tasks to queue
[2023-08-28T00:15:51.298+0000] {logging_mixin.py:151} INFO - [2023-08-28T00:15:51.298+0000] {dagbag.py:539} INFO - Filling up the DagBag from /home/airflow/.local/lib/python3.8/site-packages/airflow/example_dags/example_python_operator.py
[2023-08-28T00:15:51.314+0000] {processor.py:839} INFO - DAG(s) dict_keys(['example_python_operator']) retrieved from /home/airflow/.local/lib/python3.8/site-packages/airflow/example_dags/example_python_operator.py
[2023-08-28T00:15:51.389+0000] {logging_mixin.py:151} INFO - [2023-08-28T00:15:51.389+0000] {dag.py:2907} INFO - Sync 1 DAGs
[2023-08-28T00:15:51.407+0000] {logging_mixin.py:151} INFO - [2023-08-28T00:15:51.406+0000] {dag.py:3677} INFO - Setting next_dagrun for example_python_operator to None, run_after=None
[2023-08-28T00:15:51.432+0000] {processor.py:179} INFO - Processing /home/airflow/.local/lib/python3.8/site-packages/airflow/example_dags/example_python_operator.py took 0.151 seconds
[2023-08-28T00:16:21.725+0000] {processor.py:157} INFO - Started process (PID=863) to work on /home/airflow/.local/lib/python3.8/site-packages/airflow/example_dags/example_python_operator.py
[2023-08-28T00:16:21.726+0000] {processor.py:829} INFO - Processing file /home/airflow/.local/lib/python3.8/site-packages/airflow/example_dags/example_python_operator.py for tasks to queue
[2023-08-28T00:16:21.729+0000] {logging_mixin.py:151} INFO - [2023-08-28T00:16:21.729+0000] {dagbag.py:539} INFO - Filling up the DagBag from /home/airflow/.local/lib/python3.8/site-packages/airflow/example_dags/example_python_operator.py
[2023-08-28T00:16:21.749+0000] {processor.py:839} INFO - DAG(s) dict_keys(['example_python_operator']) retrieved from /home/airflow/.local/lib/python3.8/site-packages/airflow/example_dags/example_python_operator.py
[2023-08-28T00:16:21.835+0000] {logging_mixin.py:151} INFO - [2023-08-28T00:16:21.835+0000] {dag.py:2907} INFO - Sync 1 DAGs
[2023-08-28T00:16:21.854+0000] {logging_mixin.py:151} INFO - [2023-08-28T00:16:21.854+0000] {dag.py:3677} INFO - Setting next_dagrun for example_python_operator to None, run_after=None
[2023-08-28T00:16:21.881+0000] {processor.py:179} INFO - Processing /home/airflow/.local/lib/python3.8/site-packages/airflow/example_dags/example_python_operator.py took 0.160 seconds
[2023-08-28T00:16:52.007+0000] {processor.py:157} INFO - Started process (PID=918) to work on /home/airflow/.local/lib/python3.8/site-packages/airflow/example_dags/example_python_operator.py
[2023-08-28T00:16:52.009+0000] {processor.py:829} INFO - Processing file /home/airflow/.local/lib/python3.8/site-packages/airflow/example_dags/example_python_operator.py for tasks to queue
[2023-08-28T00:16:52.012+0000] {logging_mixin.py:151} INFO - [2023-08-28T00:16:52.012+0000] {dagbag.py:539} INFO - Filling up the DagBag from /home/airflow/.local/lib/python3.8/site-packages/airflow/example_dags/example_python_operator.py
[2023-08-28T00:16:52.027+0000] {processor.py:839} INFO - DAG(s) dict_keys(['example_python_operator']) retrieved from /home/airflow/.local/lib/python3.8/site-packages/airflow/example_dags/example_python_operator.py
[2023-08-28T00:16:52.107+0000] {logging_mixin.py:151} INFO - [2023-08-28T00:16:52.107+0000] {dag.py:2907} INFO - Sync 1 DAGs
[2023-08-28T00:16:52.127+0000] {logging_mixin.py:151} INFO - [2023-08-28T00:16:52.126+0000] {dag.py:3677} INFO - Setting next_dagrun for example_python_operator to None, run_after=None
[2023-08-28T00:16:52.156+0000] {processor.py:179} INFO - Processing /home/airflow/.local/lib/python3.8/site-packages/airflow/example_dags/example_python_operator.py took 0.155 seconds
[2023-08-28T00:17:22.672+0000] {processor.py:157} INFO - Started process (PID=973) to work on /home/airflow/.local/lib/python3.8/site-packages/airflow/example_dags/example_python_operator.py
[2023-08-28T00:17:22.675+0000] {processor.py:829} INFO - Processing file /home/airflow/.local/lib/python3.8/site-packages/airflow/example_dags/example_python_operator.py for tasks to queue
[2023-08-28T00:17:22.680+0000] {logging_mixin.py:151} INFO - [2023-08-28T00:17:22.680+0000] {dagbag.py:539} INFO - Filling up the DagBag from /home/airflow/.local/lib/python3.8/site-packages/airflow/example_dags/example_python_operator.py
[2023-08-28T00:17:22.702+0000] {processor.py:839} INFO - DAG(s) dict_keys(['example_python_operator']) retrieved from /home/airflow/.local/lib/python3.8/site-packages/airflow/example_dags/example_python_operator.py
[2023-08-28T00:17:22.784+0000] {logging_mixin.py:151} INFO - [2023-08-28T00:17:22.784+0000] {dag.py:2907} INFO - Sync 1 DAGs
[2023-08-28T00:17:22.802+0000] {logging_mixin.py:151} INFO - [2023-08-28T00:17:22.802+0000] {dag.py:3677} INFO - Setting next_dagrun for example_python_operator to None, run_after=None
[2023-08-28T00:17:22.827+0000] {processor.py:179} INFO - Processing /home/airflow/.local/lib/python3.8/site-packages/airflow/example_dags/example_python_operator.py took 0.162 seconds
[2023-08-28T00:17:53.911+0000] {processor.py:157} INFO - Started process (PID=1028) to work on /home/airflow/.local/lib/python3.8/site-packages/airflow/example_dags/example_python_operator.py
[2023-08-28T00:17:53.924+0000] {processor.py:829} INFO - Processing file /home/airflow/.local/lib/python3.8/site-packages/airflow/example_dags/example_python_operator.py for tasks to queue
[2023-08-28T00:17:53.932+0000] {logging_mixin.py:151} INFO - [2023-08-28T00:17:53.932+0000] {dagbag.py:539} INFO - Filling up the DagBag from /home/airflow/.local/lib/python3.8/site-packages/airflow/example_dags/example_python_operator.py
[2023-08-28T00:17:53.993+0000] {processor.py:839} INFO - DAG(s) dict_keys(['example_python_operator']) retrieved from /home/airflow/.local/lib/python3.8/site-packages/airflow/example_dags/example_python_operator.py
[2023-08-28T00:17:54.275+0000] {logging_mixin.py:151} INFO - [2023-08-28T00:17:54.274+0000] {dag.py:2907} INFO - Sync 1 DAGs
[2023-08-28T00:17:54.363+0000] {logging_mixin.py:151} INFO - [2023-08-28T00:17:54.362+0000] {dag.py:3677} INFO - Setting next_dagrun for example_python_operator to None, run_after=None
[2023-08-28T00:17:54.402+0000] {processor.py:179} INFO - Processing /home/airflow/.local/lib/python3.8/site-packages/airflow/example_dags/example_python_operator.py took 0.507 seconds
[2023-08-28T00:18:25.340+0000] {processor.py:157} INFO - Started process (PID=1082) to work on /home/airflow/.local/lib/python3.8/site-packages/airflow/example_dags/example_python_operator.py
[2023-08-28T00:18:25.343+0000] {processor.py:829} INFO - Processing file /home/airflow/.local/lib/python3.8/site-packages/airflow/example_dags/example_python_operator.py for tasks to queue
[2023-08-28T00:18:25.357+0000] {logging_mixin.py:151} INFO - [2023-08-28T00:18:25.356+0000] {dagbag.py:539} INFO - Filling up the DagBag from /home/airflow/.local/lib/python3.8/site-packages/airflow/example_dags/example_python_operator.py
[2023-08-28T00:18:25.468+0000] {processor.py:839} INFO - DAG(s) dict_keys(['example_python_operator']) retrieved from /home/airflow/.local/lib/python3.8/site-packages/airflow/example_dags/example_python_operator.py
[2023-08-28T00:18:25.825+0000] {logging_mixin.py:151} INFO - [2023-08-28T00:18:25.825+0000] {dag.py:2907} INFO - Sync 1 DAGs
[2023-08-28T00:18:25.866+0000] {logging_mixin.py:151} INFO - [2023-08-28T00:18:25.866+0000] {dag.py:3677} INFO - Setting next_dagrun for example_python_operator to None, run_after=None
[2023-08-28T00:18:25.978+0000] {processor.py:179} INFO - Processing /home/airflow/.local/lib/python3.8/site-packages/airflow/example_dags/example_python_operator.py took 0.650 seconds
[2023-08-28T00:18:56.574+0000] {processor.py:157} INFO - Started process (PID=1137) to work on /home/airflow/.local/lib/python3.8/site-packages/airflow/example_dags/example_python_operator.py
[2023-08-28T00:18:56.578+0000] {processor.py:829} INFO - Processing file /home/airflow/.local/lib/python3.8/site-packages/airflow/example_dags/example_python_operator.py for tasks to queue
[2023-08-28T00:18:56.605+0000] {logging_mixin.py:151} INFO - [2023-08-28T00:18:56.603+0000] {dagbag.py:539} INFO - Filling up the DagBag from /home/airflow/.local/lib/python3.8/site-packages/airflow/example_dags/example_python_operator.py
[2023-08-28T00:18:56.683+0000] {processor.py:839} INFO - DAG(s) dict_keys(['example_python_operator']) retrieved from /home/airflow/.local/lib/python3.8/site-packages/airflow/example_dags/example_python_operator.py
[2023-08-28T00:18:56.945+0000] {logging_mixin.py:151} INFO - [2023-08-28T00:18:56.944+0000] {dag.py:2907} INFO - Sync 1 DAGs
[2023-08-28T00:18:57.011+0000] {logging_mixin.py:151} INFO - [2023-08-28T00:18:57.010+0000] {dag.py:3677} INFO - Setting next_dagrun for example_python_operator to None, run_after=None
[2023-08-28T00:18:57.143+0000] {processor.py:179} INFO - Processing /home/airflow/.local/lib/python3.8/site-packages/airflow/example_dags/example_python_operator.py took 0.580 seconds
[2023-08-28T00:19:27.925+0000] {processor.py:157} INFO - Started process (PID=1192) to work on /home/airflow/.local/lib/python3.8/site-packages/airflow/example_dags/example_python_operator.py
[2023-08-28T00:19:27.930+0000] {processor.py:829} INFO - Processing file /home/airflow/.local/lib/python3.8/site-packages/airflow/example_dags/example_python_operator.py for tasks to queue
[2023-08-28T00:19:27.956+0000] {logging_mixin.py:151} INFO - [2023-08-28T00:19:27.947+0000] {dagbag.py:539} INFO - Filling up the DagBag from /home/airflow/.local/lib/python3.8/site-packages/airflow/example_dags/example_python_operator.py
[2023-08-28T00:19:28.005+0000] {processor.py:839} INFO - DAG(s) dict_keys(['example_python_operator']) retrieved from /home/airflow/.local/lib/python3.8/site-packages/airflow/example_dags/example_python_operator.py
[2023-08-28T00:19:28.197+0000] {logging_mixin.py:151} INFO - [2023-08-28T00:19:28.197+0000] {dag.py:2907} INFO - Sync 1 DAGs
[2023-08-28T00:19:28.247+0000] {logging_mixin.py:151} INFO - [2023-08-28T00:19:28.246+0000] {dag.py:3677} INFO - Setting next_dagrun for example_python_operator to None, run_after=None
[2023-08-28T00:19:28.287+0000] {processor.py:179} INFO - Processing /home/airflow/.local/lib/python3.8/site-packages/airflow/example_dags/example_python_operator.py took 0.371 seconds
[2023-08-28T00:19:58.490+0000] {processor.py:157} INFO - Started process (PID=1247) to work on /home/airflow/.local/lib/python3.8/site-packages/airflow/example_dags/example_python_operator.py
[2023-08-28T00:19:58.491+0000] {processor.py:829} INFO - Processing file /home/airflow/.local/lib/python3.8/site-packages/airflow/example_dags/example_python_operator.py for tasks to queue
[2023-08-28T00:19:58.494+0000] {logging_mixin.py:151} INFO - [2023-08-28T00:19:58.494+0000] {dagbag.py:539} INFO - Filling up the DagBag from /home/airflow/.local/lib/python3.8/site-packages/airflow/example_dags/example_python_operator.py
[2023-08-28T00:19:58.513+0000] {processor.py:839} INFO - DAG(s) dict_keys(['example_python_operator']) retrieved from /home/airflow/.local/lib/python3.8/site-packages/airflow/example_dags/example_python_operator.py
[2023-08-28T00:19:58.612+0000] {logging_mixin.py:151} INFO - [2023-08-28T00:19:58.612+0000] {dag.py:2907} INFO - Sync 1 DAGs
[2023-08-28T00:19:58.634+0000] {logging_mixin.py:151} INFO - [2023-08-28T00:19:58.634+0000] {dag.py:3677} INFO - Setting next_dagrun for example_python_operator to None, run_after=None
[2023-08-28T00:19:58.691+0000] {processor.py:179} INFO - Processing /home/airflow/.local/lib/python3.8/site-packages/airflow/example_dags/example_python_operator.py took 0.205 seconds
[2023-08-28T00:20:29.351+0000] {processor.py:157} INFO - Started process (PID=1302) to work on /home/airflow/.local/lib/python3.8/site-packages/airflow/example_dags/example_python_operator.py
[2023-08-28T00:20:29.354+0000] {processor.py:829} INFO - Processing file /home/airflow/.local/lib/python3.8/site-packages/airflow/example_dags/example_python_operator.py for tasks to queue
[2023-08-28T00:20:29.357+0000] {logging_mixin.py:151} INFO - [2023-08-28T00:20:29.356+0000] {dagbag.py:539} INFO - Filling up the DagBag from /home/airflow/.local/lib/python3.8/site-packages/airflow/example_dags/example_python_operator.py
[2023-08-28T00:20:29.380+0000] {processor.py:839} INFO - DAG(s) dict_keys(['example_python_operator']) retrieved from /home/airflow/.local/lib/python3.8/site-packages/airflow/example_dags/example_python_operator.py
[2023-08-28T00:20:29.472+0000] {logging_mixin.py:151} INFO - [2023-08-28T00:20:29.472+0000] {dag.py:2907} INFO - Sync 1 DAGs
[2023-08-28T00:20:29.490+0000] {logging_mixin.py:151} INFO - [2023-08-28T00:20:29.490+0000] {dag.py:3677} INFO - Setting next_dagrun for example_python_operator to None, run_after=None
[2023-08-28T00:20:29.518+0000] {processor.py:179} INFO - Processing /home/airflow/.local/lib/python3.8/site-packages/airflow/example_dags/example_python_operator.py took 0.173 seconds
[2023-08-28T00:21:00.206+0000] {processor.py:157} INFO - Started process (PID=1357) to work on /home/airflow/.local/lib/python3.8/site-packages/airflow/example_dags/example_python_operator.py
[2023-08-28T00:21:00.210+0000] {processor.py:829} INFO - Processing file /home/airflow/.local/lib/python3.8/site-packages/airflow/example_dags/example_python_operator.py for tasks to queue
[2023-08-28T00:21:00.215+0000] {logging_mixin.py:151} INFO - [2023-08-28T00:21:00.215+0000] {dagbag.py:539} INFO - Filling up the DagBag from /home/airflow/.local/lib/python3.8/site-packages/airflow/example_dags/example_python_operator.py
[2023-08-28T00:21:00.237+0000] {processor.py:839} INFO - DAG(s) dict_keys(['example_python_operator']) retrieved from /home/airflow/.local/lib/python3.8/site-packages/airflow/example_dags/example_python_operator.py
[2023-08-28T00:21:00.378+0000] {logging_mixin.py:151} INFO - [2023-08-28T00:21:00.378+0000] {dag.py:2907} INFO - Sync 1 DAGs
[2023-08-28T00:21:00.406+0000] {logging_mixin.py:151} INFO - [2023-08-28T00:21:00.406+0000] {dag.py:3677} INFO - Setting next_dagrun for example_python_operator to None, run_after=None
[2023-08-28T00:21:00.459+0000] {processor.py:179} INFO - Processing /home/airflow/.local/lib/python3.8/site-packages/airflow/example_dags/example_python_operator.py took 0.257 seconds
[2023-08-28T00:21:30.989+0000] {processor.py:157} INFO - Started process (PID=1412) to work on /home/airflow/.local/lib/python3.8/site-packages/airflow/example_dags/example_python_operator.py
[2023-08-28T00:21:30.998+0000] {processor.py:829} INFO - Processing file /home/airflow/.local/lib/python3.8/site-packages/airflow/example_dags/example_python_operator.py for tasks to queue
[2023-08-28T00:21:31.005+0000] {logging_mixin.py:151} INFO - [2023-08-28T00:21:31.004+0000] {dagbag.py:539} INFO - Filling up the DagBag from /home/airflow/.local/lib/python3.8/site-packages/airflow/example_dags/example_python_operator.py
[2023-08-28T00:21:31.045+0000] {processor.py:839} INFO - DAG(s) dict_keys(['example_python_operator']) retrieved from /home/airflow/.local/lib/python3.8/site-packages/airflow/example_dags/example_python_operator.py
[2023-08-28T00:21:31.197+0000] {logging_mixin.py:151} INFO - [2023-08-28T00:21:31.196+0000] {dag.py:2907} INFO - Sync 1 DAGs
[2023-08-28T00:21:31.242+0000] {logging_mixin.py:151} INFO - [2023-08-28T00:21:31.242+0000] {dag.py:3677} INFO - Setting next_dagrun for example_python_operator to None, run_after=None
[2023-08-28T00:21:31.296+0000] {processor.py:179} INFO - Processing /home/airflow/.local/lib/python3.8/site-packages/airflow/example_dags/example_python_operator.py took 0.315 seconds
[2023-08-28T00:22:01.933+0000] {processor.py:157} INFO - Started process (PID=1467) to work on /home/airflow/.local/lib/python3.8/site-packages/airflow/example_dags/example_python_operator.py
[2023-08-28T00:22:01.936+0000] {processor.py:829} INFO - Processing file /home/airflow/.local/lib/python3.8/site-packages/airflow/example_dags/example_python_operator.py for tasks to queue
[2023-08-28T00:22:01.941+0000] {logging_mixin.py:151} INFO - [2023-08-28T00:22:01.941+0000] {dagbag.py:539} INFO - Filling up the DagBag from /home/airflow/.local/lib/python3.8/site-packages/airflow/example_dags/example_python_operator.py
[2023-08-28T00:22:01.981+0000] {processor.py:839} INFO - DAG(s) dict_keys(['example_python_operator']) retrieved from /home/airflow/.local/lib/python3.8/site-packages/airflow/example_dags/example_python_operator.py
[2023-08-28T00:22:02.070+0000] {logging_mixin.py:151} INFO - [2023-08-28T00:22:02.070+0000] {dag.py:2907} INFO - Sync 1 DAGs
[2023-08-28T00:22:02.106+0000] {logging_mixin.py:151} INFO - [2023-08-28T00:22:02.106+0000] {dag.py:3677} INFO - Setting next_dagrun for example_python_operator to None, run_after=None
[2023-08-28T00:22:02.140+0000] {processor.py:179} INFO - Processing /home/airflow/.local/lib/python3.8/site-packages/airflow/example_dags/example_python_operator.py took 0.212 seconds
