[2023-08-28T00:02:02.027+0000] {processor.py:157} INFO - Started process (PID=53) to work on /home/airflow/.local/lib/python3.8/site-packages/airflow/example_dags/example_latest_only.py
[2023-08-28T00:02:02.029+0000] {processor.py:829} INFO - Processing file /home/airflow/.local/lib/python3.8/site-packages/airflow/example_dags/example_latest_only.py for tasks to queue
[2023-08-28T00:02:02.033+0000] {logging_mixin.py:151} INFO - [2023-08-28T00:02:02.033+0000] {dagbag.py:539} INFO - Filling up the DagBag from /home/airflow/.local/lib/python3.8/site-packages/airflow/example_dags/example_latest_only.py
[2023-08-28T00:02:02.047+0000] {processor.py:839} INFO - DAG(s) dict_keys(['latest_only']) retrieved from /home/airflow/.local/lib/python3.8/site-packages/airflow/example_dags/example_latest_only.py
[2023-08-28T00:02:02.432+0000] {logging_mixin.py:151} INFO - [2023-08-28T00:02:02.432+0000] {manager.py:501} INFO - Created Permission View: can edit on DAG:latest_only
[2023-08-28T00:02:02.444+0000] {logging_mixin.py:151} INFO - [2023-08-28T00:02:02.443+0000] {manager.py:501} INFO - Created Permission View: can delete on DAG:latest_only
[2023-08-28T00:02:02.451+0000] {logging_mixin.py:151} INFO - [2023-08-28T00:02:02.450+0000] {manager.py:501} INFO - Created Permission View: can read on DAG:latest_only
[2023-08-28T00:02:02.468+0000] {logging_mixin.py:151} INFO - [2023-08-28T00:02:02.468+0000] {dag.py:2907} INFO - Sync 1 DAGs
[2023-08-28T00:02:02.479+0000] {logging_mixin.py:151} INFO - [2023-08-28T00:02:02.479+0000] {dag.py:2929} INFO - Creating ORM DAG for latest_only
[2023-08-28T00:02:02.498+0000] {logging_mixin.py:151} INFO - [2023-08-28T00:02:02.498+0000] {dag.py:3677} INFO - Setting next_dagrun for latest_only to 2023-08-27T20:02:02.497243+00:00, run_after=2023-08-28T00:02:02.497243+00:00
[2023-08-28T00:02:02.520+0000] {processor.py:179} INFO - Processing /home/airflow/.local/lib/python3.8/site-packages/airflow/example_dags/example_latest_only.py took 0.497 seconds
[2023-08-28T00:02:32.928+0000] {processor.py:157} INFO - Started process (PID=108) to work on /home/airflow/.local/lib/python3.8/site-packages/airflow/example_dags/example_latest_only.py
[2023-08-28T00:02:32.929+0000] {processor.py:829} INFO - Processing file /home/airflow/.local/lib/python3.8/site-packages/airflow/example_dags/example_latest_only.py for tasks to queue
[2023-08-28T00:02:32.931+0000] {logging_mixin.py:151} INFO - [2023-08-28T00:02:32.931+0000] {dagbag.py:539} INFO - Filling up the DagBag from /home/airflow/.local/lib/python3.8/site-packages/airflow/example_dags/example_latest_only.py
[2023-08-28T00:02:32.939+0000] {processor.py:839} INFO - DAG(s) dict_keys(['latest_only']) retrieved from /home/airflow/.local/lib/python3.8/site-packages/airflow/example_dags/example_latest_only.py
[2023-08-28T00:02:33.100+0000] {logging_mixin.py:151} INFO - [2023-08-28T00:02:33.099+0000] {dag.py:2907} INFO - Sync 1 DAGs
[2023-08-28T00:02:33.134+0000] {logging_mixin.py:151} INFO - [2023-08-28T00:02:33.133+0000] {dag.py:3677} INFO - Setting next_dagrun for latest_only to 2023-08-27T20:02:33.133167+00:00, run_after=2023-08-28T00:02:33.133167+00:00
[2023-08-28T00:02:33.162+0000] {processor.py:179} INFO - Processing /home/airflow/.local/lib/python3.8/site-packages/airflow/example_dags/example_latest_only.py took 0.237 seconds
[2023-08-28T00:03:03.481+0000] {processor.py:157} INFO - Started process (PID=163) to work on /home/airflow/.local/lib/python3.8/site-packages/airflow/example_dags/example_latest_only.py
[2023-08-28T00:03:03.485+0000] {processor.py:829} INFO - Processing file /home/airflow/.local/lib/python3.8/site-packages/airflow/example_dags/example_latest_only.py for tasks to queue
[2023-08-28T00:03:03.488+0000] {logging_mixin.py:151} INFO - [2023-08-28T00:03:03.488+0000] {dagbag.py:539} INFO - Filling up the DagBag from /home/airflow/.local/lib/python3.8/site-packages/airflow/example_dags/example_latest_only.py
[2023-08-28T00:03:03.496+0000] {processor.py:839} INFO - DAG(s) dict_keys(['latest_only']) retrieved from /home/airflow/.local/lib/python3.8/site-packages/airflow/example_dags/example_latest_only.py
[2023-08-28T00:03:03.570+0000] {logging_mixin.py:151} INFO - [2023-08-28T00:03:03.570+0000] {dag.py:2907} INFO - Sync 1 DAGs
[2023-08-28T00:03:03.613+0000] {logging_mixin.py:151} INFO - [2023-08-28T00:03:03.613+0000] {dag.py:3677} INFO - Setting next_dagrun for latest_only to 2023-08-27T20:03:03.612542+00:00, run_after=2023-08-28T00:03:03.612542+00:00
[2023-08-28T00:03:03.648+0000] {processor.py:179} INFO - Processing /home/airflow/.local/lib/python3.8/site-packages/airflow/example_dags/example_latest_only.py took 0.169 seconds
[2023-08-28T00:03:33.822+0000] {processor.py:157} INFO - Started process (PID=217) to work on /home/airflow/.local/lib/python3.8/site-packages/airflow/example_dags/example_latest_only.py
[2023-08-28T00:03:33.823+0000] {processor.py:829} INFO - Processing file /home/airflow/.local/lib/python3.8/site-packages/airflow/example_dags/example_latest_only.py for tasks to queue
[2023-08-28T00:03:33.826+0000] {logging_mixin.py:151} INFO - [2023-08-28T00:03:33.826+0000] {dagbag.py:539} INFO - Filling up the DagBag from /home/airflow/.local/lib/python3.8/site-packages/airflow/example_dags/example_latest_only.py
[2023-08-28T00:03:33.835+0000] {processor.py:839} INFO - DAG(s) dict_keys(['latest_only']) retrieved from /home/airflow/.local/lib/python3.8/site-packages/airflow/example_dags/example_latest_only.py
[2023-08-28T00:03:33.921+0000] {logging_mixin.py:151} INFO - [2023-08-28T00:03:33.921+0000] {dag.py:2907} INFO - Sync 1 DAGs
[2023-08-28T00:03:33.974+0000] {logging_mixin.py:151} INFO - [2023-08-28T00:03:33.973+0000] {dag.py:3677} INFO - Setting next_dagrun for latest_only to 2023-08-27T20:03:33.972774+00:00, run_after=2023-08-28T00:03:33.972774+00:00
[2023-08-28T00:03:34.007+0000] {processor.py:179} INFO - Processing /home/airflow/.local/lib/python3.8/site-packages/airflow/example_dags/example_latest_only.py took 0.189 seconds
[2023-08-28T00:04:04.767+0000] {processor.py:157} INFO - Started process (PID=272) to work on /home/airflow/.local/lib/python3.8/site-packages/airflow/example_dags/example_latest_only.py
[2023-08-28T00:04:04.770+0000] {processor.py:829} INFO - Processing file /home/airflow/.local/lib/python3.8/site-packages/airflow/example_dags/example_latest_only.py for tasks to queue
[2023-08-28T00:04:04.774+0000] {logging_mixin.py:151} INFO - [2023-08-28T00:04:04.773+0000] {dagbag.py:539} INFO - Filling up the DagBag from /home/airflow/.local/lib/python3.8/site-packages/airflow/example_dags/example_latest_only.py
[2023-08-28T00:04:04.784+0000] {processor.py:839} INFO - DAG(s) dict_keys(['latest_only']) retrieved from /home/airflow/.local/lib/python3.8/site-packages/airflow/example_dags/example_latest_only.py
[2023-08-28T00:04:04.871+0000] {logging_mixin.py:151} INFO - [2023-08-28T00:04:04.871+0000] {dag.py:2907} INFO - Sync 1 DAGs
[2023-08-28T00:04:04.909+0000] {logging_mixin.py:151} INFO - [2023-08-28T00:04:04.908+0000] {dag.py:3677} INFO - Setting next_dagrun for latest_only to 2023-08-27T20:04:04.907960+00:00, run_after=2023-08-28T00:04:04.907960+00:00
[2023-08-28T00:04:04.938+0000] {processor.py:179} INFO - Processing /home/airflow/.local/lib/python3.8/site-packages/airflow/example_dags/example_latest_only.py took 0.174 seconds
[2023-08-28T00:04:36.085+0000] {processor.py:157} INFO - Started process (PID=327) to work on /home/airflow/.local/lib/python3.8/site-packages/airflow/example_dags/example_latest_only.py
[2023-08-28T00:04:36.087+0000] {processor.py:829} INFO - Processing file /home/airflow/.local/lib/python3.8/site-packages/airflow/example_dags/example_latest_only.py for tasks to queue
[2023-08-28T00:04:36.090+0000] {logging_mixin.py:151} INFO - [2023-08-28T00:04:36.089+0000] {dagbag.py:539} INFO - Filling up the DagBag from /home/airflow/.local/lib/python3.8/site-packages/airflow/example_dags/example_latest_only.py
[2023-08-28T00:04:36.098+0000] {processor.py:839} INFO - DAG(s) dict_keys(['latest_only']) retrieved from /home/airflow/.local/lib/python3.8/site-packages/airflow/example_dags/example_latest_only.py
[2023-08-28T00:04:36.181+0000] {logging_mixin.py:151} INFO - [2023-08-28T00:04:36.180+0000] {dag.py:2907} INFO - Sync 1 DAGs
[2023-08-28T00:04:36.222+0000] {logging_mixin.py:151} INFO - [2023-08-28T00:04:36.222+0000] {dag.py:3677} INFO - Setting next_dagrun for latest_only to 2023-08-27T20:04:36.221750+00:00, run_after=2023-08-28T00:04:36.221750+00:00
[2023-08-28T00:04:36.251+0000] {processor.py:179} INFO - Processing /home/airflow/.local/lib/python3.8/site-packages/airflow/example_dags/example_latest_only.py took 0.169 seconds
[2023-08-28T00:05:06.454+0000] {processor.py:157} INFO - Started process (PID=382) to work on /home/airflow/.local/lib/python3.8/site-packages/airflow/example_dags/example_latest_only.py
[2023-08-28T00:05:06.455+0000] {processor.py:829} INFO - Processing file /home/airflow/.local/lib/python3.8/site-packages/airflow/example_dags/example_latest_only.py for tasks to queue
[2023-08-28T00:05:06.457+0000] {logging_mixin.py:151} INFO - [2023-08-28T00:05:06.457+0000] {dagbag.py:539} INFO - Filling up the DagBag from /home/airflow/.local/lib/python3.8/site-packages/airflow/example_dags/example_latest_only.py
[2023-08-28T00:05:06.464+0000] {processor.py:839} INFO - DAG(s) dict_keys(['latest_only']) retrieved from /home/airflow/.local/lib/python3.8/site-packages/airflow/example_dags/example_latest_only.py
[2023-08-28T00:05:06.536+0000] {logging_mixin.py:151} INFO - [2023-08-28T00:05:06.535+0000] {dag.py:2907} INFO - Sync 1 DAGs
[2023-08-28T00:05:06.571+0000] {logging_mixin.py:151} INFO - [2023-08-28T00:05:06.571+0000] {dag.py:3677} INFO - Setting next_dagrun for latest_only to 2023-08-27T20:05:06.570870+00:00, run_after=2023-08-28T00:05:06.570870+00:00
[2023-08-28T00:05:06.600+0000] {processor.py:179} INFO - Processing /home/airflow/.local/lib/python3.8/site-packages/airflow/example_dags/example_latest_only.py took 0.149 seconds
[2023-08-28T00:08:48.383+0000] {processor.py:157} INFO - Started process (PID=61) to work on /home/airflow/.local/lib/python3.8/site-packages/airflow/example_dags/example_latest_only.py
[2023-08-28T00:08:48.390+0000] {processor.py:829} INFO - Processing file /home/airflow/.local/lib/python3.8/site-packages/airflow/example_dags/example_latest_only.py for tasks to queue
[2023-08-28T00:08:48.409+0000] {logging_mixin.py:151} INFO - [2023-08-28T00:08:48.408+0000] {dagbag.py:539} INFO - Filling up the DagBag from /home/airflow/.local/lib/python3.8/site-packages/airflow/example_dags/example_latest_only.py
[2023-08-28T00:08:48.445+0000] {processor.py:839} INFO - DAG(s) dict_keys(['latest_only']) retrieved from /home/airflow/.local/lib/python3.8/site-packages/airflow/example_dags/example_latest_only.py
[2023-08-28T00:08:48.698+0000] {logging_mixin.py:151} INFO - [2023-08-28T00:08:48.698+0000] {dag.py:2907} INFO - Sync 1 DAGs
[2023-08-28T00:08:48.829+0000] {logging_mixin.py:151} INFO - [2023-08-28T00:08:48.828+0000] {dag.py:3677} INFO - Setting next_dagrun for latest_only to 2023-08-27T20:08:48.825164+00:00, run_after=2023-08-28T00:08:48.825164+00:00
[2023-08-28T00:08:48.925+0000] {processor.py:179} INFO - Processing /home/airflow/.local/lib/python3.8/site-packages/airflow/example_dags/example_latest_only.py took 0.559 seconds
[2023-08-28T00:09:19.038+0000] {processor.py:157} INFO - Started process (PID=116) to work on /home/airflow/.local/lib/python3.8/site-packages/airflow/example_dags/example_latest_only.py
[2023-08-28T00:09:19.039+0000] {processor.py:829} INFO - Processing file /home/airflow/.local/lib/python3.8/site-packages/airflow/example_dags/example_latest_only.py for tasks to queue
[2023-08-28T00:09:19.042+0000] {logging_mixin.py:151} INFO - [2023-08-28T00:09:19.041+0000] {dagbag.py:539} INFO - Filling up the DagBag from /home/airflow/.local/lib/python3.8/site-packages/airflow/example_dags/example_latest_only.py
[2023-08-28T00:09:19.054+0000] {processor.py:839} INFO - DAG(s) dict_keys(['latest_only']) retrieved from /home/airflow/.local/lib/python3.8/site-packages/airflow/example_dags/example_latest_only.py
[2023-08-28T00:09:19.243+0000] {logging_mixin.py:151} INFO - [2023-08-28T00:09:19.242+0000] {dag.py:2907} INFO - Sync 1 DAGs
[2023-08-28T00:09:19.281+0000] {logging_mixin.py:151} INFO - [2023-08-28T00:09:19.281+0000] {dag.py:3677} INFO - Setting next_dagrun for latest_only to 2023-08-27T20:09:19.280440+00:00, run_after=2023-08-28T00:09:19.280440+00:00
[2023-08-28T00:09:19.308+0000] {processor.py:179} INFO - Processing /home/airflow/.local/lib/python3.8/site-packages/airflow/example_dags/example_latest_only.py took 0.273 seconds
[2023-08-28T00:09:49.355+0000] {processor.py:157} INFO - Started process (PID=171) to work on /home/airflow/.local/lib/python3.8/site-packages/airflow/example_dags/example_latest_only.py
[2023-08-28T00:09:49.359+0000] {processor.py:829} INFO - Processing file /home/airflow/.local/lib/python3.8/site-packages/airflow/example_dags/example_latest_only.py for tasks to queue
[2023-08-28T00:09:49.364+0000] {logging_mixin.py:151} INFO - [2023-08-28T00:09:49.364+0000] {dagbag.py:539} INFO - Filling up the DagBag from /home/airflow/.local/lib/python3.8/site-packages/airflow/example_dags/example_latest_only.py
[2023-08-28T00:09:49.379+0000] {processor.py:839} INFO - DAG(s) dict_keys(['latest_only']) retrieved from /home/airflow/.local/lib/python3.8/site-packages/airflow/example_dags/example_latest_only.py
[2023-08-28T00:09:49.462+0000] {logging_mixin.py:151} INFO - [2023-08-28T00:09:49.462+0000] {dag.py:2907} INFO - Sync 1 DAGs
[2023-08-28T00:09:49.501+0000] {logging_mixin.py:151} INFO - [2023-08-28T00:09:49.501+0000] {dag.py:3677} INFO - Setting next_dagrun for latest_only to 2023-08-27T20:09:49.500446+00:00, run_after=2023-08-28T00:09:49.500446+00:00
[2023-08-28T00:09:49.536+0000] {processor.py:179} INFO - Processing /home/airflow/.local/lib/python3.8/site-packages/airflow/example_dags/example_latest_only.py took 0.186 seconds
[2023-08-28T00:10:20.479+0000] {processor.py:157} INFO - Started process (PID=226) to work on /home/airflow/.local/lib/python3.8/site-packages/airflow/example_dags/example_latest_only.py
[2023-08-28T00:10:20.481+0000] {processor.py:829} INFO - Processing file /home/airflow/.local/lib/python3.8/site-packages/airflow/example_dags/example_latest_only.py for tasks to queue
[2023-08-28T00:10:20.484+0000] {logging_mixin.py:151} INFO - [2023-08-28T00:10:20.484+0000] {dagbag.py:539} INFO - Filling up the DagBag from /home/airflow/.local/lib/python3.8/site-packages/airflow/example_dags/example_latest_only.py
[2023-08-28T00:10:20.493+0000] {processor.py:839} INFO - DAG(s) dict_keys(['latest_only']) retrieved from /home/airflow/.local/lib/python3.8/site-packages/airflow/example_dags/example_latest_only.py
[2023-08-28T00:10:20.585+0000] {logging_mixin.py:151} INFO - [2023-08-28T00:10:20.584+0000] {dag.py:2907} INFO - Sync 1 DAGs
[2023-08-28T00:10:20.625+0000] {logging_mixin.py:151} INFO - [2023-08-28T00:10:20.625+0000] {dag.py:3677} INFO - Setting next_dagrun for latest_only to 2023-08-27T20:10:20.624686+00:00, run_after=2023-08-28T00:10:20.624686+00:00
[2023-08-28T00:10:20.659+0000] {processor.py:179} INFO - Processing /home/airflow/.local/lib/python3.8/site-packages/airflow/example_dags/example_latest_only.py took 0.183 seconds
[2023-08-28T00:10:51.297+0000] {processor.py:157} INFO - Started process (PID=281) to work on /home/airflow/.local/lib/python3.8/site-packages/airflow/example_dags/example_latest_only.py
[2023-08-28T00:10:51.298+0000] {processor.py:829} INFO - Processing file /home/airflow/.local/lib/python3.8/site-packages/airflow/example_dags/example_latest_only.py for tasks to queue
[2023-08-28T00:10:51.301+0000] {logging_mixin.py:151} INFO - [2023-08-28T00:10:51.301+0000] {dagbag.py:539} INFO - Filling up the DagBag from /home/airflow/.local/lib/python3.8/site-packages/airflow/example_dags/example_latest_only.py
[2023-08-28T00:10:51.311+0000] {processor.py:839} INFO - DAG(s) dict_keys(['latest_only']) retrieved from /home/airflow/.local/lib/python3.8/site-packages/airflow/example_dags/example_latest_only.py
[2023-08-28T00:10:51.397+0000] {logging_mixin.py:151} INFO - [2023-08-28T00:10:51.396+0000] {dag.py:2907} INFO - Sync 1 DAGs
[2023-08-28T00:10:51.437+0000] {logging_mixin.py:151} INFO - [2023-08-28T00:10:51.436+0000] {dag.py:3677} INFO - Setting next_dagrun for latest_only to 2023-08-27T20:10:51.435984+00:00, run_after=2023-08-28T00:10:51.435984+00:00
[2023-08-28T00:10:51.475+0000] {processor.py:179} INFO - Processing /home/airflow/.local/lib/python3.8/site-packages/airflow/example_dags/example_latest_only.py took 0.182 seconds
[2023-08-28T00:11:21.968+0000] {processor.py:157} INFO - Started process (PID=335) to work on /home/airflow/.local/lib/python3.8/site-packages/airflow/example_dags/example_latest_only.py
[2023-08-28T00:11:21.970+0000] {processor.py:829} INFO - Processing file /home/airflow/.local/lib/python3.8/site-packages/airflow/example_dags/example_latest_only.py for tasks to queue
[2023-08-28T00:11:21.973+0000] {logging_mixin.py:151} INFO - [2023-08-28T00:11:21.972+0000] {dagbag.py:539} INFO - Filling up the DagBag from /home/airflow/.local/lib/python3.8/site-packages/airflow/example_dags/example_latest_only.py
[2023-08-28T00:11:21.983+0000] {processor.py:839} INFO - DAG(s) dict_keys(['latest_only']) retrieved from /home/airflow/.local/lib/python3.8/site-packages/airflow/example_dags/example_latest_only.py
[2023-08-28T00:11:22.071+0000] {logging_mixin.py:151} INFO - [2023-08-28T00:11:22.070+0000] {dag.py:2907} INFO - Sync 1 DAGs
[2023-08-28T00:11:22.108+0000] {logging_mixin.py:151} INFO - [2023-08-28T00:11:22.108+0000] {dag.py:3677} INFO - Setting next_dagrun for latest_only to 2023-08-27T20:11:22.107728+00:00, run_after=2023-08-28T00:11:22.107728+00:00
[2023-08-28T00:11:22.135+0000] {processor.py:179} INFO - Processing /home/airflow/.local/lib/python3.8/site-packages/airflow/example_dags/example_latest_only.py took 0.170 seconds
[2023-08-28T00:11:52.669+0000] {processor.py:157} INFO - Started process (PID=389) to work on /home/airflow/.local/lib/python3.8/site-packages/airflow/example_dags/example_latest_only.py
[2023-08-28T00:11:52.671+0000] {processor.py:829} INFO - Processing file /home/airflow/.local/lib/python3.8/site-packages/airflow/example_dags/example_latest_only.py for tasks to queue
[2023-08-28T00:11:52.673+0000] {logging_mixin.py:151} INFO - [2023-08-28T00:11:52.673+0000] {dagbag.py:539} INFO - Filling up the DagBag from /home/airflow/.local/lib/python3.8/site-packages/airflow/example_dags/example_latest_only.py
[2023-08-28T00:11:52.684+0000] {processor.py:839} INFO - DAG(s) dict_keys(['latest_only']) retrieved from /home/airflow/.local/lib/python3.8/site-packages/airflow/example_dags/example_latest_only.py
[2023-08-28T00:11:52.766+0000] {logging_mixin.py:151} INFO - [2023-08-28T00:11:52.765+0000] {dag.py:2907} INFO - Sync 1 DAGs
[2023-08-28T00:11:52.803+0000] {logging_mixin.py:151} INFO - [2023-08-28T00:11:52.802+0000] {dag.py:3677} INFO - Setting next_dagrun for latest_only to 2023-08-27T20:11:52.801984+00:00, run_after=2023-08-28T00:11:52.801984+00:00
[2023-08-28T00:11:52.829+0000] {processor.py:179} INFO - Processing /home/airflow/.local/lib/python3.8/site-packages/airflow/example_dags/example_latest_only.py took 0.163 seconds
[2023-08-28T00:12:23.795+0000] {processor.py:157} INFO - Started process (PID=444) to work on /home/airflow/.local/lib/python3.8/site-packages/airflow/example_dags/example_latest_only.py
[2023-08-28T00:12:23.797+0000] {processor.py:829} INFO - Processing file /home/airflow/.local/lib/python3.8/site-packages/airflow/example_dags/example_latest_only.py for tasks to queue
[2023-08-28T00:12:23.804+0000] {logging_mixin.py:151} INFO - [2023-08-28T00:12:23.803+0000] {dagbag.py:539} INFO - Filling up the DagBag from /home/airflow/.local/lib/python3.8/site-packages/airflow/example_dags/example_latest_only.py
[2023-08-28T00:12:23.819+0000] {processor.py:839} INFO - DAG(s) dict_keys(['latest_only']) retrieved from /home/airflow/.local/lib/python3.8/site-packages/airflow/example_dags/example_latest_only.py
[2023-08-28T00:12:24.665+0000] {logging_mixin.py:151} INFO - [2023-08-28T00:12:24.663+0000] {dag.py:2907} INFO - Sync 1 DAGs
[2023-08-28T00:12:24.772+0000] {logging_mixin.py:151} INFO - [2023-08-28T00:12:24.771+0000] {dag.py:3677} INFO - Setting next_dagrun for latest_only to 2023-08-27T20:12:24.769584+00:00, run_after=2023-08-28T00:12:24.769584+00:00
[2023-08-28T00:12:24.900+0000] {processor.py:179} INFO - Processing /home/airflow/.local/lib/python3.8/site-packages/airflow/example_dags/example_latest_only.py took 1.112 seconds
[2023-08-28T00:12:54.972+0000] {processor.py:157} INFO - Started process (PID=500) to work on /home/airflow/.local/lib/python3.8/site-packages/airflow/example_dags/example_latest_only.py
[2023-08-28T00:12:54.974+0000] {processor.py:829} INFO - Processing file /home/airflow/.local/lib/python3.8/site-packages/airflow/example_dags/example_latest_only.py for tasks to queue
[2023-08-28T00:12:54.978+0000] {logging_mixin.py:151} INFO - [2023-08-28T00:12:54.977+0000] {dagbag.py:539} INFO - Filling up the DagBag from /home/airflow/.local/lib/python3.8/site-packages/airflow/example_dags/example_latest_only.py
[2023-08-28T00:12:54.990+0000] {processor.py:839} INFO - DAG(s) dict_keys(['latest_only']) retrieved from /home/airflow/.local/lib/python3.8/site-packages/airflow/example_dags/example_latest_only.py
[2023-08-28T00:12:55.096+0000] {logging_mixin.py:151} INFO - [2023-08-28T00:12:55.096+0000] {dag.py:2907} INFO - Sync 1 DAGs
[2023-08-28T00:12:55.139+0000] {logging_mixin.py:151} INFO - [2023-08-28T00:12:55.139+0000] {dag.py:3677} INFO - Setting next_dagrun for latest_only to 2023-08-27T20:12:55.138727+00:00, run_after=2023-08-28T00:12:55.138727+00:00
[2023-08-28T00:12:55.168+0000] {processor.py:179} INFO - Processing /home/airflow/.local/lib/python3.8/site-packages/airflow/example_dags/example_latest_only.py took 0.200 seconds
[2023-08-28T00:13:26.004+0000] {processor.py:157} INFO - Started process (PID=553) to work on /home/airflow/.local/lib/python3.8/site-packages/airflow/example_dags/example_latest_only.py
[2023-08-28T00:13:26.005+0000] {processor.py:829} INFO - Processing file /home/airflow/.local/lib/python3.8/site-packages/airflow/example_dags/example_latest_only.py for tasks to queue
[2023-08-28T00:13:26.008+0000] {logging_mixin.py:151} INFO - [2023-08-28T00:13:26.007+0000] {dagbag.py:539} INFO - Filling up the DagBag from /home/airflow/.local/lib/python3.8/site-packages/airflow/example_dags/example_latest_only.py
[2023-08-28T00:13:26.016+0000] {processor.py:839} INFO - DAG(s) dict_keys(['latest_only']) retrieved from /home/airflow/.local/lib/python3.8/site-packages/airflow/example_dags/example_latest_only.py
[2023-08-28T00:13:26.091+0000] {logging_mixin.py:151} INFO - [2023-08-28T00:13:26.091+0000] {dag.py:2907} INFO - Sync 1 DAGs
[2023-08-28T00:13:26.151+0000] {logging_mixin.py:151} INFO - [2023-08-28T00:13:26.151+0000] {dag.py:3677} INFO - Setting next_dagrun for latest_only to 2023-08-27T20:13:26.149442+00:00, run_after=2023-08-28T00:13:26.149442+00:00
[2023-08-28T00:13:26.191+0000] {processor.py:179} INFO - Processing /home/airflow/.local/lib/python3.8/site-packages/airflow/example_dags/example_latest_only.py took 0.191 seconds
[2023-08-28T00:13:56.301+0000] {processor.py:157} INFO - Started process (PID=608) to work on /home/airflow/.local/lib/python3.8/site-packages/airflow/example_dags/example_latest_only.py
[2023-08-28T00:13:56.303+0000] {processor.py:829} INFO - Processing file /home/airflow/.local/lib/python3.8/site-packages/airflow/example_dags/example_latest_only.py for tasks to queue
[2023-08-28T00:13:56.305+0000] {logging_mixin.py:151} INFO - [2023-08-28T00:13:56.305+0000] {dagbag.py:539} INFO - Filling up the DagBag from /home/airflow/.local/lib/python3.8/site-packages/airflow/example_dags/example_latest_only.py
[2023-08-28T00:13:56.317+0000] {processor.py:839} INFO - DAG(s) dict_keys(['latest_only']) retrieved from /home/airflow/.local/lib/python3.8/site-packages/airflow/example_dags/example_latest_only.py
[2023-08-28T00:13:56.411+0000] {logging_mixin.py:151} INFO - [2023-08-28T00:13:56.411+0000] {dag.py:2907} INFO - Sync 1 DAGs
[2023-08-28T00:13:56.450+0000] {logging_mixin.py:151} INFO - [2023-08-28T00:13:56.449+0000] {dag.py:3677} INFO - Setting next_dagrun for latest_only to 2023-08-27T20:13:56.449065+00:00, run_after=2023-08-28T00:13:56.449065+00:00
[2023-08-28T00:13:56.477+0000] {processor.py:179} INFO - Processing /home/airflow/.local/lib/python3.8/site-packages/airflow/example_dags/example_latest_only.py took 0.179 seconds
[2023-08-28T00:14:26.958+0000] {processor.py:157} INFO - Started process (PID=663) to work on /home/airflow/.local/lib/python3.8/site-packages/airflow/example_dags/example_latest_only.py
[2023-08-28T00:14:26.960+0000] {processor.py:829} INFO - Processing file /home/airflow/.local/lib/python3.8/site-packages/airflow/example_dags/example_latest_only.py for tasks to queue
[2023-08-28T00:14:26.964+0000] {logging_mixin.py:151} INFO - [2023-08-28T00:14:26.963+0000] {dagbag.py:539} INFO - Filling up the DagBag from /home/airflow/.local/lib/python3.8/site-packages/airflow/example_dags/example_latest_only.py
[2023-08-28T00:14:26.973+0000] {processor.py:839} INFO - DAG(s) dict_keys(['latest_only']) retrieved from /home/airflow/.local/lib/python3.8/site-packages/airflow/example_dags/example_latest_only.py
[2023-08-28T00:14:27.072+0000] {logging_mixin.py:151} INFO - [2023-08-28T00:14:27.071+0000] {dag.py:2907} INFO - Sync 1 DAGs
[2023-08-28T00:14:27.114+0000] {logging_mixin.py:151} INFO - [2023-08-28T00:14:27.114+0000] {dag.py:3677} INFO - Setting next_dagrun for latest_only to 2023-08-27T20:14:27.113391+00:00, run_after=2023-08-28T00:14:27.113391+00:00
[2023-08-28T00:14:27.150+0000] {processor.py:179} INFO - Processing /home/airflow/.local/lib/python3.8/site-packages/airflow/example_dags/example_latest_only.py took 0.196 seconds
[2023-08-28T00:14:57.941+0000] {processor.py:157} INFO - Started process (PID=718) to work on /home/airflow/.local/lib/python3.8/site-packages/airflow/example_dags/example_latest_only.py
[2023-08-28T00:14:57.946+0000] {processor.py:829} INFO - Processing file /home/airflow/.local/lib/python3.8/site-packages/airflow/example_dags/example_latest_only.py for tasks to queue
[2023-08-28T00:14:57.949+0000] {logging_mixin.py:151} INFO - [2023-08-28T00:14:57.949+0000] {dagbag.py:539} INFO - Filling up the DagBag from /home/airflow/.local/lib/python3.8/site-packages/airflow/example_dags/example_latest_only.py
[2023-08-28T00:14:57.963+0000] {processor.py:839} INFO - DAG(s) dict_keys(['latest_only']) retrieved from /home/airflow/.local/lib/python3.8/site-packages/airflow/example_dags/example_latest_only.py
[2023-08-28T00:14:58.045+0000] {logging_mixin.py:151} INFO - [2023-08-28T00:14:58.045+0000] {dag.py:2907} INFO - Sync 1 DAGs
[2023-08-28T00:14:58.086+0000] {logging_mixin.py:151} INFO - [2023-08-28T00:14:58.086+0000] {dag.py:3677} INFO - Setting next_dagrun for latest_only to 2023-08-27T20:14:58.085439+00:00, run_after=2023-08-28T00:14:58.085439+00:00
[2023-08-28T00:14:58.112+0000] {processor.py:179} INFO - Processing /home/airflow/.local/lib/python3.8/site-packages/airflow/example_dags/example_latest_only.py took 0.175 seconds
[2023-08-28T00:15:28.477+0000] {processor.py:157} INFO - Started process (PID=773) to work on /home/airflow/.local/lib/python3.8/site-packages/airflow/example_dags/example_latest_only.py
[2023-08-28T00:15:28.479+0000] {processor.py:829} INFO - Processing file /home/airflow/.local/lib/python3.8/site-packages/airflow/example_dags/example_latest_only.py for tasks to queue
[2023-08-28T00:15:28.483+0000] {logging_mixin.py:151} INFO - [2023-08-28T00:15:28.482+0000] {dagbag.py:539} INFO - Filling up the DagBag from /home/airflow/.local/lib/python3.8/site-packages/airflow/example_dags/example_latest_only.py
[2023-08-28T00:15:28.492+0000] {processor.py:839} INFO - DAG(s) dict_keys(['latest_only']) retrieved from /home/airflow/.local/lib/python3.8/site-packages/airflow/example_dags/example_latest_only.py
[2023-08-28T00:15:28.582+0000] {logging_mixin.py:151} INFO - [2023-08-28T00:15:28.581+0000] {dag.py:2907} INFO - Sync 1 DAGs
[2023-08-28T00:15:28.627+0000] {logging_mixin.py:151} INFO - [2023-08-28T00:15:28.627+0000] {dag.py:3677} INFO - Setting next_dagrun for latest_only to 2023-08-27T20:15:28.626539+00:00, run_after=2023-08-28T00:15:28.626539+00:00
[2023-08-28T00:15:28.660+0000] {processor.py:179} INFO - Processing /home/airflow/.local/lib/python3.8/site-packages/airflow/example_dags/example_latest_only.py took 0.187 seconds
[2023-08-28T00:15:59.464+0000] {processor.py:157} INFO - Started process (PID=828) to work on /home/airflow/.local/lib/python3.8/site-packages/airflow/example_dags/example_latest_only.py
[2023-08-28T00:15:59.466+0000] {processor.py:829} INFO - Processing file /home/airflow/.local/lib/python3.8/site-packages/airflow/example_dags/example_latest_only.py for tasks to queue
[2023-08-28T00:15:59.469+0000] {logging_mixin.py:151} INFO - [2023-08-28T00:15:59.469+0000] {dagbag.py:539} INFO - Filling up the DagBag from /home/airflow/.local/lib/python3.8/site-packages/airflow/example_dags/example_latest_only.py
[2023-08-28T00:15:59.479+0000] {processor.py:839} INFO - DAG(s) dict_keys(['latest_only']) retrieved from /home/airflow/.local/lib/python3.8/site-packages/airflow/example_dags/example_latest_only.py
[2023-08-28T00:15:59.559+0000] {logging_mixin.py:151} INFO - [2023-08-28T00:15:59.559+0000] {dag.py:2907} INFO - Sync 1 DAGs
[2023-08-28T00:15:59.599+0000] {logging_mixin.py:151} INFO - [2023-08-28T00:15:59.598+0000] {dag.py:3677} INFO - Setting next_dagrun for latest_only to 2023-08-27T20:15:59.598171+00:00, run_after=2023-08-28T00:15:59.598171+00:00
[2023-08-28T00:15:59.624+0000] {processor.py:179} INFO - Processing /home/airflow/.local/lib/python3.8/site-packages/airflow/example_dags/example_latest_only.py took 0.163 seconds
[2023-08-28T00:16:29.949+0000] {processor.py:157} INFO - Started process (PID=883) to work on /home/airflow/.local/lib/python3.8/site-packages/airflow/example_dags/example_latest_only.py
[2023-08-28T00:16:29.950+0000] {processor.py:829} INFO - Processing file /home/airflow/.local/lib/python3.8/site-packages/airflow/example_dags/example_latest_only.py for tasks to queue
[2023-08-28T00:16:29.953+0000] {logging_mixin.py:151} INFO - [2023-08-28T00:16:29.953+0000] {dagbag.py:539} INFO - Filling up the DagBag from /home/airflow/.local/lib/python3.8/site-packages/airflow/example_dags/example_latest_only.py
[2023-08-28T00:16:29.961+0000] {processor.py:839} INFO - DAG(s) dict_keys(['latest_only']) retrieved from /home/airflow/.local/lib/python3.8/site-packages/airflow/example_dags/example_latest_only.py
[2023-08-28T00:16:30.033+0000] {logging_mixin.py:151} INFO - [2023-08-28T00:16:30.032+0000] {dag.py:2907} INFO - Sync 1 DAGs
[2023-08-28T00:16:30.068+0000] {logging_mixin.py:151} INFO - [2023-08-28T00:16:30.067+0000] {dag.py:3677} INFO - Setting next_dagrun for latest_only to 2023-08-27T20:16:30.067292+00:00, run_after=2023-08-28T00:16:30.067292+00:00
[2023-08-28T00:16:30.093+0000] {processor.py:179} INFO - Processing /home/airflow/.local/lib/python3.8/site-packages/airflow/example_dags/example_latest_only.py took 0.148 seconds
[2023-08-28T00:17:00.219+0000] {processor.py:157} INFO - Started process (PID=938) to work on /home/airflow/.local/lib/python3.8/site-packages/airflow/example_dags/example_latest_only.py
[2023-08-28T00:17:00.220+0000] {processor.py:829} INFO - Processing file /home/airflow/.local/lib/python3.8/site-packages/airflow/example_dags/example_latest_only.py for tasks to queue
[2023-08-28T00:17:00.223+0000] {logging_mixin.py:151} INFO - [2023-08-28T00:17:00.222+0000] {dagbag.py:539} INFO - Filling up the DagBag from /home/airflow/.local/lib/python3.8/site-packages/airflow/example_dags/example_latest_only.py
[2023-08-28T00:17:00.232+0000] {processor.py:839} INFO - DAG(s) dict_keys(['latest_only']) retrieved from /home/airflow/.local/lib/python3.8/site-packages/airflow/example_dags/example_latest_only.py
[2023-08-28T00:17:00.304+0000] {logging_mixin.py:151} INFO - [2023-08-28T00:17:00.304+0000] {dag.py:2907} INFO - Sync 1 DAGs
[2023-08-28T00:17:00.341+0000] {logging_mixin.py:151} INFO - [2023-08-28T00:17:00.340+0000] {dag.py:3677} INFO - Setting next_dagrun for latest_only to 2023-08-27T20:17:00.340034+00:00, run_after=2023-08-28T00:17:00.340034+00:00
[2023-08-28T00:17:00.372+0000] {processor.py:179} INFO - Processing /home/airflow/.local/lib/python3.8/site-packages/airflow/example_dags/example_latest_only.py took 0.157 seconds
[2023-08-28T00:17:30.831+0000] {processor.py:157} INFO - Started process (PID=993) to work on /home/airflow/.local/lib/python3.8/site-packages/airflow/example_dags/example_latest_only.py
[2023-08-28T00:17:30.832+0000] {processor.py:829} INFO - Processing file /home/airflow/.local/lib/python3.8/site-packages/airflow/example_dags/example_latest_only.py for tasks to queue
[2023-08-28T00:17:30.835+0000] {logging_mixin.py:151} INFO - [2023-08-28T00:17:30.835+0000] {dagbag.py:539} INFO - Filling up the DagBag from /home/airflow/.local/lib/python3.8/site-packages/airflow/example_dags/example_latest_only.py
[2023-08-28T00:17:30.844+0000] {processor.py:839} INFO - DAG(s) dict_keys(['latest_only']) retrieved from /home/airflow/.local/lib/python3.8/site-packages/airflow/example_dags/example_latest_only.py
[2023-08-28T00:17:30.979+0000] {logging_mixin.py:151} INFO - [2023-08-28T00:17:30.979+0000] {dag.py:2907} INFO - Sync 1 DAGs
[2023-08-28T00:17:31.068+0000] {logging_mixin.py:151} INFO - [2023-08-28T00:17:31.067+0000] {dag.py:3677} INFO - Setting next_dagrun for latest_only to 2023-08-27T20:17:31.066167+00:00, run_after=2023-08-28T00:17:31.066167+00:00
[2023-08-28T00:17:31.128+0000] {processor.py:179} INFO - Processing /home/airflow/.local/lib/python3.8/site-packages/airflow/example_dags/example_latest_only.py took 0.301 seconds
[2023-08-28T00:18:06.344+0000] {processor.py:157} INFO - Started process (PID=1048) to work on /home/airflow/.local/lib/python3.8/site-packages/airflow/example_dags/example_latest_only.py
[2023-08-28T00:18:06.346+0000] {processor.py:829} INFO - Processing file /home/airflow/.local/lib/python3.8/site-packages/airflow/example_dags/example_latest_only.py for tasks to queue
[2023-08-28T00:18:06.348+0000] {logging_mixin.py:151} INFO - [2023-08-28T00:18:06.348+0000] {dagbag.py:539} INFO - Filling up the DagBag from /home/airflow/.local/lib/python3.8/site-packages/airflow/example_dags/example_latest_only.py
[2023-08-28T00:18:06.357+0000] {processor.py:839} INFO - DAG(s) dict_keys(['latest_only']) retrieved from /home/airflow/.local/lib/python3.8/site-packages/airflow/example_dags/example_latest_only.py
[2023-08-28T00:18:06.442+0000] {logging_mixin.py:151} INFO - [2023-08-28T00:18:06.441+0000] {dag.py:2907} INFO - Sync 1 DAGs
[2023-08-28T00:18:06.492+0000] {logging_mixin.py:151} INFO - [2023-08-28T00:18:06.491+0000] {dag.py:3677} INFO - Setting next_dagrun for latest_only to 2023-08-27T20:18:06.490370+00:00, run_after=2023-08-28T00:18:06.490370+00:00
[2023-08-28T00:18:06.544+0000] {processor.py:179} INFO - Processing /home/airflow/.local/lib/python3.8/site-packages/airflow/example_dags/example_latest_only.py took 0.204 seconds
[2023-08-28T00:18:37.226+0000] {processor.py:157} INFO - Started process (PID=1102) to work on /home/airflow/.local/lib/python3.8/site-packages/airflow/example_dags/example_latest_only.py
[2023-08-28T00:18:37.227+0000] {processor.py:829} INFO - Processing file /home/airflow/.local/lib/python3.8/site-packages/airflow/example_dags/example_latest_only.py for tasks to queue
[2023-08-28T00:18:37.230+0000] {logging_mixin.py:151} INFO - [2023-08-28T00:18:37.229+0000] {dagbag.py:539} INFO - Filling up the DagBag from /home/airflow/.local/lib/python3.8/site-packages/airflow/example_dags/example_latest_only.py
[2023-08-28T00:18:37.239+0000] {processor.py:839} INFO - DAG(s) dict_keys(['latest_only']) retrieved from /home/airflow/.local/lib/python3.8/site-packages/airflow/example_dags/example_latest_only.py
[2023-08-28T00:18:37.314+0000] {logging_mixin.py:151} INFO - [2023-08-28T00:18:37.314+0000] {dag.py:2907} INFO - Sync 1 DAGs
[2023-08-28T00:18:37.355+0000] {logging_mixin.py:151} INFO - [2023-08-28T00:18:37.354+0000] {dag.py:3677} INFO - Setting next_dagrun for latest_only to 2023-08-27T20:18:37.353919+00:00, run_after=2023-08-28T00:18:37.353919+00:00
[2023-08-28T00:18:37.381+0000] {processor.py:179} INFO - Processing /home/airflow/.local/lib/python3.8/site-packages/airflow/example_dags/example_latest_only.py took 0.158 seconds
[2023-08-28T00:19:07.699+0000] {processor.py:157} INFO - Started process (PID=1157) to work on /home/airflow/.local/lib/python3.8/site-packages/airflow/example_dags/example_latest_only.py
[2023-08-28T00:19:07.702+0000] {processor.py:829} INFO - Processing file /home/airflow/.local/lib/python3.8/site-packages/airflow/example_dags/example_latest_only.py for tasks to queue
[2023-08-28T00:19:07.706+0000] {logging_mixin.py:151} INFO - [2023-08-28T00:19:07.705+0000] {dagbag.py:539} INFO - Filling up the DagBag from /home/airflow/.local/lib/python3.8/site-packages/airflow/example_dags/example_latest_only.py
[2023-08-28T00:19:07.715+0000] {processor.py:839} INFO - DAG(s) dict_keys(['latest_only']) retrieved from /home/airflow/.local/lib/python3.8/site-packages/airflow/example_dags/example_latest_only.py
[2023-08-28T00:19:07.811+0000] {logging_mixin.py:151} INFO - [2023-08-28T00:19:07.811+0000] {dag.py:2907} INFO - Sync 1 DAGs
[2023-08-28T00:19:08.121+0000] {logging_mixin.py:151} INFO - [2023-08-28T00:19:08.121+0000] {dag.py:3677} INFO - Setting next_dagrun for latest_only to 2023-08-27T20:19:08.118749+00:00, run_after=2023-08-28T00:19:08.118749+00:00
[2023-08-28T00:19:08.183+0000] {processor.py:179} INFO - Processing /home/airflow/.local/lib/python3.8/site-packages/airflow/example_dags/example_latest_only.py took 0.489 seconds
[2023-08-28T00:19:38.434+0000] {processor.py:157} INFO - Started process (PID=1211) to work on /home/airflow/.local/lib/python3.8/site-packages/airflow/example_dags/example_latest_only.py
[2023-08-28T00:19:38.440+0000] {processor.py:829} INFO - Processing file /home/airflow/.local/lib/python3.8/site-packages/airflow/example_dags/example_latest_only.py for tasks to queue
[2023-08-28T00:19:38.443+0000] {logging_mixin.py:151} INFO - [2023-08-28T00:19:38.443+0000] {dagbag.py:539} INFO - Filling up the DagBag from /home/airflow/.local/lib/python3.8/site-packages/airflow/example_dags/example_latest_only.py
[2023-08-28T00:19:38.451+0000] {processor.py:839} INFO - DAG(s) dict_keys(['latest_only']) retrieved from /home/airflow/.local/lib/python3.8/site-packages/airflow/example_dags/example_latest_only.py
[2023-08-28T00:19:38.531+0000] {logging_mixin.py:151} INFO - [2023-08-28T00:19:38.531+0000] {dag.py:2907} INFO - Sync 1 DAGs
[2023-08-28T00:19:38.570+0000] {logging_mixin.py:151} INFO - [2023-08-28T00:19:38.570+0000] {dag.py:3677} INFO - Setting next_dagrun for latest_only to 2023-08-27T20:19:38.569503+00:00, run_after=2023-08-28T00:19:38.569503+00:00
[2023-08-28T00:19:38.597+0000] {processor.py:179} INFO - Processing /home/airflow/.local/lib/python3.8/site-packages/airflow/example_dags/example_latest_only.py took 0.167 seconds
[2023-08-28T00:20:09.787+0000] {processor.py:157} INFO - Started process (PID=1267) to work on /home/airflow/.local/lib/python3.8/site-packages/airflow/example_dags/example_latest_only.py
[2023-08-28T00:20:09.797+0000] {processor.py:829} INFO - Processing file /home/airflow/.local/lib/python3.8/site-packages/airflow/example_dags/example_latest_only.py for tasks to queue
[2023-08-28T00:20:09.804+0000] {logging_mixin.py:151} INFO - [2023-08-28T00:20:09.804+0000] {dagbag.py:539} INFO - Filling up the DagBag from /home/airflow/.local/lib/python3.8/site-packages/airflow/example_dags/example_latest_only.py
[2023-08-28T00:20:09.818+0000] {processor.py:839} INFO - DAG(s) dict_keys(['latest_only']) retrieved from /home/airflow/.local/lib/python3.8/site-packages/airflow/example_dags/example_latest_only.py
[2023-08-28T00:20:09.904+0000] {logging_mixin.py:151} INFO - [2023-08-28T00:20:09.904+0000] {dag.py:2907} INFO - Sync 1 DAGs
[2023-08-28T00:20:09.946+0000] {logging_mixin.py:151} INFO - [2023-08-28T00:20:09.946+0000] {dag.py:3677} INFO - Setting next_dagrun for latest_only to 2023-08-27T20:20:09.945172+00:00, run_after=2023-08-28T00:20:09.945172+00:00
[2023-08-28T00:20:09.983+0000] {processor.py:179} INFO - Processing /home/airflow/.local/lib/python3.8/site-packages/airflow/example_dags/example_latest_only.py took 0.200 seconds
[2023-08-28T00:20:40.557+0000] {processor.py:157} INFO - Started process (PID=1322) to work on /home/airflow/.local/lib/python3.8/site-packages/airflow/example_dags/example_latest_only.py
[2023-08-28T00:20:40.560+0000] {processor.py:829} INFO - Processing file /home/airflow/.local/lib/python3.8/site-packages/airflow/example_dags/example_latest_only.py for tasks to queue
[2023-08-28T00:20:40.572+0000] {logging_mixin.py:151} INFO - [2023-08-28T00:20:40.571+0000] {dagbag.py:539} INFO - Filling up the DagBag from /home/airflow/.local/lib/python3.8/site-packages/airflow/example_dags/example_latest_only.py
[2023-08-28T00:20:40.585+0000] {processor.py:839} INFO - DAG(s) dict_keys(['latest_only']) retrieved from /home/airflow/.local/lib/python3.8/site-packages/airflow/example_dags/example_latest_only.py
[2023-08-28T00:20:40.670+0000] {logging_mixin.py:151} INFO - [2023-08-28T00:20:40.670+0000] {dag.py:2907} INFO - Sync 1 DAGs
[2023-08-28T00:20:40.717+0000] {logging_mixin.py:151} INFO - [2023-08-28T00:20:40.717+0000] {dag.py:3677} INFO - Setting next_dagrun for latest_only to 2023-08-27T20:20:40.715516+00:00, run_after=2023-08-28T00:20:40.715516+00:00
[2023-08-28T00:20:40.757+0000] {processor.py:179} INFO - Processing /home/airflow/.local/lib/python3.8/site-packages/airflow/example_dags/example_latest_only.py took 0.204 seconds
[2023-08-28T00:21:10.897+0000] {processor.py:157} INFO - Started process (PID=1377) to work on /home/airflow/.local/lib/python3.8/site-packages/airflow/example_dags/example_latest_only.py
[2023-08-28T00:21:10.899+0000] {processor.py:829} INFO - Processing file /home/airflow/.local/lib/python3.8/site-packages/airflow/example_dags/example_latest_only.py for tasks to queue
[2023-08-28T00:21:10.902+0000] {logging_mixin.py:151} INFO - [2023-08-28T00:21:10.901+0000] {dagbag.py:539} INFO - Filling up the DagBag from /home/airflow/.local/lib/python3.8/site-packages/airflow/example_dags/example_latest_only.py
[2023-08-28T00:21:10.910+0000] {processor.py:839} INFO - DAG(s) dict_keys(['latest_only']) retrieved from /home/airflow/.local/lib/python3.8/site-packages/airflow/example_dags/example_latest_only.py
[2023-08-28T00:21:10.991+0000] {logging_mixin.py:151} INFO - [2023-08-28T00:21:10.990+0000] {dag.py:2907} INFO - Sync 1 DAGs
[2023-08-28T00:21:11.030+0000] {logging_mixin.py:151} INFO - [2023-08-28T00:21:11.030+0000] {dag.py:3677} INFO - Setting next_dagrun for latest_only to 2023-08-27T20:21:11.029674+00:00, run_after=2023-08-28T00:21:11.029674+00:00
[2023-08-28T00:21:11.057+0000] {processor.py:179} INFO - Processing /home/airflow/.local/lib/python3.8/site-packages/airflow/example_dags/example_latest_only.py took 0.162 seconds
[2023-08-28T00:21:41.703+0000] {processor.py:157} INFO - Started process (PID=1432) to work on /home/airflow/.local/lib/python3.8/site-packages/airflow/example_dags/example_latest_only.py
[2023-08-28T00:21:41.704+0000] {processor.py:829} INFO - Processing file /home/airflow/.local/lib/python3.8/site-packages/airflow/example_dags/example_latest_only.py for tasks to queue
[2023-08-28T00:21:41.707+0000] {logging_mixin.py:151} INFO - [2023-08-28T00:21:41.707+0000] {dagbag.py:539} INFO - Filling up the DagBag from /home/airflow/.local/lib/python3.8/site-packages/airflow/example_dags/example_latest_only.py
[2023-08-28T00:21:41.717+0000] {processor.py:839} INFO - DAG(s) dict_keys(['latest_only']) retrieved from /home/airflow/.local/lib/python3.8/site-packages/airflow/example_dags/example_latest_only.py
[2023-08-28T00:21:41.793+0000] {logging_mixin.py:151} INFO - [2023-08-28T00:21:41.793+0000] {dag.py:2907} INFO - Sync 1 DAGs
[2023-08-28T00:21:41.830+0000] {logging_mixin.py:151} INFO - [2023-08-28T00:21:41.829+0000] {dag.py:3677} INFO - Setting next_dagrun for latest_only to 2023-08-27T20:21:41.828999+00:00, run_after=2023-08-28T00:21:41.828999+00:00
[2023-08-28T00:21:41.859+0000] {processor.py:179} INFO - Processing /home/airflow/.local/lib/python3.8/site-packages/airflow/example_dags/example_latest_only.py took 0.161 seconds
