[2023-08-28T00:02:03.327+0000] {processor.py:157} INFO - Started process (PID=58) to work on /home/airflow/.local/lib/python3.8/site-packages/airflow/example_dags/example_datasets.py
[2023-08-28T00:02:03.329+0000] {processor.py:829} INFO - Processing file /home/airflow/.local/lib/python3.8/site-packages/airflow/example_dags/example_datasets.py for tasks to queue
[2023-08-28T00:02:03.333+0000] {logging_mixin.py:151} INFO - [2023-08-28T00:02:03.332+0000] {dagbag.py:539} INFO - Filling up the DagBag from /home/airflow/.local/lib/python3.8/site-packages/airflow/example_dags/example_datasets.py
[2023-08-28T00:02:03.346+0000] {processor.py:839} INFO - DAG(s) dict_keys(['dataset_consumes_1_never_scheduled', 'dataset_produces_2', 'dataset_produces_1', 'dataset_consumes_unknown_never_scheduled', 'dataset_consumes_1', 'dataset_consumes_1_and_2']) retrieved from /home/airflow/.local/lib/python3.8/site-packages/airflow/example_dags/example_datasets.py
[2023-08-28T00:02:03.590+0000] {logging_mixin.py:151} INFO - [2023-08-28T00:02:03.590+0000] {manager.py:501} INFO - Created Permission View: can edit on DAG:dataset_consumes_1_never_scheduled
[2023-08-28T00:02:03.601+0000] {logging_mixin.py:151} INFO - [2023-08-28T00:02:03.601+0000] {manager.py:501} INFO - Created Permission View: can delete on DAG:dataset_consumes_1_never_scheduled
[2023-08-28T00:02:03.608+0000] {logging_mixin.py:151} INFO - [2023-08-28T00:02:03.607+0000] {manager.py:501} INFO - Created Permission View: can read on DAG:dataset_consumes_1_never_scheduled
[2023-08-28T00:02:03.632+0000] {logging_mixin.py:151} INFO - [2023-08-28T00:02:03.632+0000] {manager.py:501} INFO - Created Permission View: can edit on DAG:dataset_produces_2
[2023-08-28T00:02:03.638+0000] {logging_mixin.py:151} INFO - [2023-08-28T00:02:03.638+0000] {manager.py:501} INFO - Created Permission View: can delete on DAG:dataset_produces_2
[2023-08-28T00:02:03.645+0000] {logging_mixin.py:151} INFO - [2023-08-28T00:02:03.644+0000] {manager.py:501} INFO - Created Permission View: can read on DAG:dataset_produces_2
[2023-08-28T00:02:03.660+0000] {logging_mixin.py:151} INFO - [2023-08-28T00:02:03.659+0000] {manager.py:501} INFO - Created Permission View: can edit on DAG:dataset_produces_1
[2023-08-28T00:02:03.669+0000] {logging_mixin.py:151} INFO - [2023-08-28T00:02:03.669+0000] {manager.py:501} INFO - Created Permission View: can delete on DAG:dataset_produces_1
[2023-08-28T00:02:03.675+0000] {logging_mixin.py:151} INFO - [2023-08-28T00:02:03.675+0000] {manager.py:501} INFO - Created Permission View: can read on DAG:dataset_produces_1
[2023-08-28T00:02:03.690+0000] {logging_mixin.py:151} INFO - [2023-08-28T00:02:03.690+0000] {manager.py:501} INFO - Created Permission View: can edit on DAG:dataset_consumes_unknown_never_scheduled
[2023-08-28T00:02:03.696+0000] {logging_mixin.py:151} INFO - [2023-08-28T00:02:03.696+0000] {manager.py:501} INFO - Created Permission View: can delete on DAG:dataset_consumes_unknown_never_scheduled
[2023-08-28T00:02:03.701+0000] {logging_mixin.py:151} INFO - [2023-08-28T00:02:03.701+0000] {manager.py:501} INFO - Created Permission View: can read on DAG:dataset_consumes_unknown_never_scheduled
[2023-08-28T00:02:03.716+0000] {logging_mixin.py:151} INFO - [2023-08-28T00:02:03.716+0000] {manager.py:501} INFO - Created Permission View: can edit on DAG:dataset_consumes_1
[2023-08-28T00:02:03.722+0000] {logging_mixin.py:151} INFO - [2023-08-28T00:02:03.722+0000] {manager.py:501} INFO - Created Permission View: can delete on DAG:dataset_consumes_1
[2023-08-28T00:02:03.728+0000] {logging_mixin.py:151} INFO - [2023-08-28T00:02:03.728+0000] {manager.py:501} INFO - Created Permission View: can read on DAG:dataset_consumes_1
[2023-08-28T00:02:03.745+0000] {logging_mixin.py:151} INFO - [2023-08-28T00:02:03.745+0000] {manager.py:501} INFO - Created Permission View: can edit on DAG:dataset_consumes_1_and_2
[2023-08-28T00:02:03.752+0000] {logging_mixin.py:151} INFO - [2023-08-28T00:02:03.752+0000] {manager.py:501} INFO - Created Permission View: can delete on DAG:dataset_consumes_1_and_2
[2023-08-28T00:02:03.759+0000] {logging_mixin.py:151} INFO - [2023-08-28T00:02:03.758+0000] {manager.py:501} INFO - Created Permission View: can read on DAG:dataset_consumes_1_and_2
[2023-08-28T00:02:03.766+0000] {logging_mixin.py:151} INFO - [2023-08-28T00:02:03.766+0000] {dag.py:2907} INFO - Sync 6 DAGs
[2023-08-28T00:02:03.780+0000] {logging_mixin.py:151} INFO - [2023-08-28T00:02:03.779+0000] {dag.py:2929} INFO - Creating ORM DAG for dataset_produces_2
[2023-08-28T00:02:03.781+0000] {logging_mixin.py:151} INFO - [2023-08-28T00:02:03.781+0000] {dag.py:2929} INFO - Creating ORM DAG for dataset_consumes_1_and_2
[2023-08-28T00:02:03.782+0000] {logging_mixin.py:151} INFO - [2023-08-28T00:02:03.782+0000] {dag.py:2929} INFO - Creating ORM DAG for dataset_produces_1
[2023-08-28T00:02:03.783+0000] {logging_mixin.py:151} INFO - [2023-08-28T00:02:03.783+0000] {dag.py:2929} INFO - Creating ORM DAG for dataset_consumes_1
[2023-08-28T00:02:03.784+0000] {logging_mixin.py:151} INFO - [2023-08-28T00:02:03.784+0000] {dag.py:2929} INFO - Creating ORM DAG for dataset_consumes_1_never_scheduled
[2023-08-28T00:02:03.785+0000] {logging_mixin.py:151} INFO - [2023-08-28T00:02:03.785+0000] {dag.py:2929} INFO - Creating ORM DAG for dataset_consumes_unknown_never_scheduled
[2023-08-28T00:02:03.802+0000] {logging_mixin.py:151} INFO - [2023-08-28T00:02:03.802+0000] {dag.py:3677} INFO - Setting next_dagrun for dataset_consumes_1 to None, run_after=None
[2023-08-28T00:02:03.804+0000] {logging_mixin.py:151} INFO - [2023-08-28T00:02:03.803+0000] {dag.py:3677} INFO - Setting next_dagrun for dataset_consumes_1_and_2 to None, run_after=None
[2023-08-28T00:02:03.805+0000] {logging_mixin.py:151} INFO - [2023-08-28T00:02:03.804+0000] {dag.py:3677} INFO - Setting next_dagrun for dataset_consumes_1_never_scheduled to None, run_after=None
[2023-08-28T00:02:03.805+0000] {logging_mixin.py:151} INFO - [2023-08-28T00:02:03.805+0000] {dag.py:3677} INFO - Setting next_dagrun for dataset_consumes_unknown_never_scheduled to None, run_after=None
[2023-08-28T00:02:03.809+0000] {logging_mixin.py:151} INFO - [2023-08-28T00:02:03.808+0000] {dag.py:3677} INFO - Setting next_dagrun for dataset_produces_1 to 2023-08-27T00:00:00+00:00, run_after=2023-08-28T00:00:00+00:00
[2023-08-28T00:02:03.810+0000] {logging_mixin.py:151} INFO - [2023-08-28T00:02:03.810+0000] {dag.py:3677} INFO - Setting next_dagrun for dataset_produces_2 to None, run_after=None
[2023-08-28T00:02:03.856+0000] {processor.py:179} INFO - Processing /home/airflow/.local/lib/python3.8/site-packages/airflow/example_dags/example_datasets.py took 0.534 seconds
[2023-08-28T00:02:34.123+0000] {processor.py:157} INFO - Started process (PID=113) to work on /home/airflow/.local/lib/python3.8/site-packages/airflow/example_dags/example_datasets.py
[2023-08-28T00:02:34.124+0000] {processor.py:829} INFO - Processing file /home/airflow/.local/lib/python3.8/site-packages/airflow/example_dags/example_datasets.py for tasks to queue
[2023-08-28T00:02:34.127+0000] {logging_mixin.py:151} INFO - [2023-08-28T00:02:34.127+0000] {dagbag.py:539} INFO - Filling up the DagBag from /home/airflow/.local/lib/python3.8/site-packages/airflow/example_dags/example_datasets.py
[2023-08-28T00:02:34.142+0000] {processor.py:839} INFO - DAG(s) dict_keys(['dataset_consumes_1', 'dataset_produces_1', 'dataset_consumes_unknown_never_scheduled', 'dataset_consumes_1_and_2', 'dataset_produces_2', 'dataset_consumes_1_never_scheduled']) retrieved from /home/airflow/.local/lib/python3.8/site-packages/airflow/example_dags/example_datasets.py
[2023-08-28T00:02:34.380+0000] {logging_mixin.py:151} INFO - [2023-08-28T00:02:34.380+0000] {dag.py:2907} INFO - Sync 6 DAGs
[2023-08-28T00:02:34.423+0000] {logging_mixin.py:151} INFO - [2023-08-28T00:02:34.422+0000] {dag.py:3677} INFO - Setting next_dagrun for dataset_consumes_1 to None, run_after=None
[2023-08-28T00:02:34.427+0000] {logging_mixin.py:151} INFO - [2023-08-28T00:02:34.427+0000] {dag.py:3677} INFO - Setting next_dagrun for dataset_consumes_1_and_2 to None, run_after=None
[2023-08-28T00:02:34.429+0000] {logging_mixin.py:151} INFO - [2023-08-28T00:02:34.429+0000] {dag.py:3677} INFO - Setting next_dagrun for dataset_consumes_1_never_scheduled to None, run_after=None
[2023-08-28T00:02:34.433+0000] {logging_mixin.py:151} INFO - [2023-08-28T00:02:34.433+0000] {dag.py:3677} INFO - Setting next_dagrun for dataset_consumes_unknown_never_scheduled to None, run_after=None
[2023-08-28T00:02:34.439+0000] {logging_mixin.py:151} INFO - [2023-08-28T00:02:34.439+0000] {dag.py:3677} INFO - Setting next_dagrun for dataset_produces_1 to 2023-08-27T00:00:00+00:00, run_after=2023-08-28T00:00:00+00:00
[2023-08-28T00:02:34.441+0000] {logging_mixin.py:151} INFO - [2023-08-28T00:02:34.441+0000] {dag.py:3677} INFO - Setting next_dagrun for dataset_produces_2 to None, run_after=None
[2023-08-28T00:02:34.489+0000] {processor.py:179} INFO - Processing /home/airflow/.local/lib/python3.8/site-packages/airflow/example_dags/example_datasets.py took 0.369 seconds
[2023-08-28T00:03:04.883+0000] {processor.py:157} INFO - Started process (PID=168) to work on /home/airflow/.local/lib/python3.8/site-packages/airflow/example_dags/example_datasets.py
[2023-08-28T00:03:04.885+0000] {processor.py:829} INFO - Processing file /home/airflow/.local/lib/python3.8/site-packages/airflow/example_dags/example_datasets.py for tasks to queue
[2023-08-28T00:03:04.888+0000] {logging_mixin.py:151} INFO - [2023-08-28T00:03:04.887+0000] {dagbag.py:539} INFO - Filling up the DagBag from /home/airflow/.local/lib/python3.8/site-packages/airflow/example_dags/example_datasets.py
[2023-08-28T00:03:04.902+0000] {processor.py:839} INFO - DAG(s) dict_keys(['dataset_produces_2', 'dataset_produces_1', 'dataset_consumes_1', 'dataset_consumes_1_never_scheduled', 'dataset_consumes_unknown_never_scheduled', 'dataset_consumes_1_and_2']) retrieved from /home/airflow/.local/lib/python3.8/site-packages/airflow/example_dags/example_datasets.py
[2023-08-28T00:03:04.991+0000] {logging_mixin.py:151} INFO - [2023-08-28T00:03:04.990+0000] {dag.py:2907} INFO - Sync 6 DAGs
[2023-08-28T00:03:05.029+0000] {logging_mixin.py:151} INFO - [2023-08-28T00:03:05.029+0000] {dag.py:3677} INFO - Setting next_dagrun for dataset_consumes_1 to None, run_after=None
[2023-08-28T00:03:05.033+0000] {logging_mixin.py:151} INFO - [2023-08-28T00:03:05.033+0000] {dag.py:3677} INFO - Setting next_dagrun for dataset_consumes_1_and_2 to None, run_after=None
[2023-08-28T00:03:05.035+0000] {logging_mixin.py:151} INFO - [2023-08-28T00:03:05.035+0000] {dag.py:3677} INFO - Setting next_dagrun for dataset_consumes_1_never_scheduled to None, run_after=None
[2023-08-28T00:03:05.037+0000] {logging_mixin.py:151} INFO - [2023-08-28T00:03:05.037+0000] {dag.py:3677} INFO - Setting next_dagrun for dataset_consumes_unknown_never_scheduled to None, run_after=None
[2023-08-28T00:03:05.040+0000] {logging_mixin.py:151} INFO - [2023-08-28T00:03:05.040+0000] {dag.py:3677} INFO - Setting next_dagrun for dataset_produces_1 to 2023-08-27T00:00:00+00:00, run_after=2023-08-28T00:00:00+00:00
[2023-08-28T00:03:05.043+0000] {logging_mixin.py:151} INFO - [2023-08-28T00:03:05.042+0000] {dag.py:3677} INFO - Setting next_dagrun for dataset_produces_2 to None, run_after=None
[2023-08-28T00:03:05.079+0000] {processor.py:179} INFO - Processing /home/airflow/.local/lib/python3.8/site-packages/airflow/example_dags/example_datasets.py took 0.199 seconds
[2023-08-28T00:03:35.306+0000] {processor.py:157} INFO - Started process (PID=222) to work on /home/airflow/.local/lib/python3.8/site-packages/airflow/example_dags/example_datasets.py
[2023-08-28T00:03:35.307+0000] {processor.py:829} INFO - Processing file /home/airflow/.local/lib/python3.8/site-packages/airflow/example_dags/example_datasets.py for tasks to queue
[2023-08-28T00:03:35.310+0000] {logging_mixin.py:151} INFO - [2023-08-28T00:03:35.310+0000] {dagbag.py:539} INFO - Filling up the DagBag from /home/airflow/.local/lib/python3.8/site-packages/airflow/example_dags/example_datasets.py
[2023-08-28T00:03:35.327+0000] {processor.py:839} INFO - DAG(s) dict_keys(['dataset_produces_1', 'dataset_consumes_1_and_2', 'dataset_consumes_1_never_scheduled', 'dataset_produces_2', 'dataset_consumes_1', 'dataset_consumes_unknown_never_scheduled']) retrieved from /home/airflow/.local/lib/python3.8/site-packages/airflow/example_dags/example_datasets.py
[2023-08-28T00:03:35.433+0000] {logging_mixin.py:151} INFO - [2023-08-28T00:03:35.432+0000] {dag.py:2907} INFO - Sync 6 DAGs
[2023-08-28T00:03:35.489+0000] {logging_mixin.py:151} INFO - [2023-08-28T00:03:35.489+0000] {dag.py:3677} INFO - Setting next_dagrun for dataset_consumes_1 to None, run_after=None
[2023-08-28T00:03:35.494+0000] {logging_mixin.py:151} INFO - [2023-08-28T00:03:35.494+0000] {dag.py:3677} INFO - Setting next_dagrun for dataset_consumes_1_and_2 to None, run_after=None
[2023-08-28T00:03:35.496+0000] {logging_mixin.py:151} INFO - [2023-08-28T00:03:35.496+0000] {dag.py:3677} INFO - Setting next_dagrun for dataset_consumes_1_never_scheduled to None, run_after=None
[2023-08-28T00:03:35.498+0000] {logging_mixin.py:151} INFO - [2023-08-28T00:03:35.498+0000] {dag.py:3677} INFO - Setting next_dagrun for dataset_consumes_unknown_never_scheduled to None, run_after=None
[2023-08-28T00:03:35.503+0000] {logging_mixin.py:151} INFO - [2023-08-28T00:03:35.502+0000] {dag.py:3677} INFO - Setting next_dagrun for dataset_produces_1 to 2023-08-27T00:00:00+00:00, run_after=2023-08-28T00:00:00+00:00
[2023-08-28T00:03:35.505+0000] {logging_mixin.py:151} INFO - [2023-08-28T00:03:35.505+0000] {dag.py:3677} INFO - Setting next_dagrun for dataset_produces_2 to None, run_after=None
[2023-08-28T00:03:35.554+0000] {processor.py:179} INFO - Processing /home/airflow/.local/lib/python3.8/site-packages/airflow/example_dags/example_datasets.py took 0.252 seconds
[2023-08-28T00:04:06.248+0000] {processor.py:157} INFO - Started process (PID=277) to work on /home/airflow/.local/lib/python3.8/site-packages/airflow/example_dags/example_datasets.py
[2023-08-28T00:04:06.250+0000] {processor.py:829} INFO - Processing file /home/airflow/.local/lib/python3.8/site-packages/airflow/example_dags/example_datasets.py for tasks to queue
[2023-08-28T00:04:06.252+0000] {logging_mixin.py:151} INFO - [2023-08-28T00:04:06.252+0000] {dagbag.py:539} INFO - Filling up the DagBag from /home/airflow/.local/lib/python3.8/site-packages/airflow/example_dags/example_datasets.py
[2023-08-28T00:04:06.267+0000] {processor.py:839} INFO - DAG(s) dict_keys(['dataset_consumes_1', 'dataset_produces_1', 'dataset_consumes_1_and_2', 'dataset_consumes_unknown_never_scheduled', 'dataset_produces_2', 'dataset_consumes_1_never_scheduled']) retrieved from /home/airflow/.local/lib/python3.8/site-packages/airflow/example_dags/example_datasets.py
[2023-08-28T00:04:06.359+0000] {logging_mixin.py:151} INFO - [2023-08-28T00:04:06.358+0000] {dag.py:2907} INFO - Sync 6 DAGs
[2023-08-28T00:04:06.403+0000] {logging_mixin.py:151} INFO - [2023-08-28T00:04:06.403+0000] {dag.py:3677} INFO - Setting next_dagrun for dataset_consumes_1 to None, run_after=None
[2023-08-28T00:04:06.409+0000] {logging_mixin.py:151} INFO - [2023-08-28T00:04:06.408+0000] {dag.py:3677} INFO - Setting next_dagrun for dataset_consumes_1_and_2 to None, run_after=None
[2023-08-28T00:04:06.411+0000] {logging_mixin.py:151} INFO - [2023-08-28T00:04:06.411+0000] {dag.py:3677} INFO - Setting next_dagrun for dataset_consumes_1_never_scheduled to None, run_after=None
[2023-08-28T00:04:06.413+0000] {logging_mixin.py:151} INFO - [2023-08-28T00:04:06.413+0000] {dag.py:3677} INFO - Setting next_dagrun for dataset_consumes_unknown_never_scheduled to None, run_after=None
[2023-08-28T00:04:06.418+0000] {logging_mixin.py:151} INFO - [2023-08-28T00:04:06.417+0000] {dag.py:3677} INFO - Setting next_dagrun for dataset_produces_1 to 2023-08-27T00:00:00+00:00, run_after=2023-08-28T00:00:00+00:00
[2023-08-28T00:04:06.420+0000] {logging_mixin.py:151} INFO - [2023-08-28T00:04:06.420+0000] {dag.py:3677} INFO - Setting next_dagrun for dataset_produces_2 to None, run_after=None
[2023-08-28T00:04:06.465+0000] {processor.py:179} INFO - Processing /home/airflow/.local/lib/python3.8/site-packages/airflow/example_dags/example_datasets.py took 0.219 seconds
[2023-08-28T00:04:36.554+0000] {processor.py:157} INFO - Started process (PID=331) to work on /home/airflow/.local/lib/python3.8/site-packages/airflow/example_dags/example_datasets.py
[2023-08-28T00:04:36.556+0000] {processor.py:829} INFO - Processing file /home/airflow/.local/lib/python3.8/site-packages/airflow/example_dags/example_datasets.py for tasks to queue
[2023-08-28T00:04:36.559+0000] {logging_mixin.py:151} INFO - [2023-08-28T00:04:36.559+0000] {dagbag.py:539} INFO - Filling up the DagBag from /home/airflow/.local/lib/python3.8/site-packages/airflow/example_dags/example_datasets.py
[2023-08-28T00:04:36.575+0000] {processor.py:839} INFO - DAG(s) dict_keys(['dataset_produces_1', 'dataset_consumes_1_never_scheduled', 'dataset_consumes_1', 'dataset_consumes_1_and_2', 'dataset_consumes_unknown_never_scheduled', 'dataset_produces_2']) retrieved from /home/airflow/.local/lib/python3.8/site-packages/airflow/example_dags/example_datasets.py
[2023-08-28T00:04:36.670+0000] {logging_mixin.py:151} INFO - [2023-08-28T00:04:36.670+0000] {dag.py:2907} INFO - Sync 6 DAGs
[2023-08-28T00:04:36.712+0000] {logging_mixin.py:151} INFO - [2023-08-28T00:04:36.712+0000] {dag.py:3677} INFO - Setting next_dagrun for dataset_consumes_1 to None, run_after=None
[2023-08-28T00:04:36.717+0000] {logging_mixin.py:151} INFO - [2023-08-28T00:04:36.717+0000] {dag.py:3677} INFO - Setting next_dagrun for dataset_consumes_1_and_2 to None, run_after=None
[2023-08-28T00:04:36.719+0000] {logging_mixin.py:151} INFO - [2023-08-28T00:04:36.719+0000] {dag.py:3677} INFO - Setting next_dagrun for dataset_consumes_1_never_scheduled to None, run_after=None
[2023-08-28T00:04:36.723+0000] {logging_mixin.py:151} INFO - [2023-08-28T00:04:36.723+0000] {dag.py:3677} INFO - Setting next_dagrun for dataset_consumes_unknown_never_scheduled to None, run_after=None
[2023-08-28T00:04:36.727+0000] {logging_mixin.py:151} INFO - [2023-08-28T00:04:36.727+0000] {dag.py:3677} INFO - Setting next_dagrun for dataset_produces_1 to 2023-08-27T00:00:00+00:00, run_after=2023-08-28T00:00:00+00:00
[2023-08-28T00:04:36.729+0000] {logging_mixin.py:151} INFO - [2023-08-28T00:04:36.729+0000] {dag.py:3677} INFO - Setting next_dagrun for dataset_produces_2 to None, run_after=None
[2023-08-28T00:04:36.777+0000] {processor.py:179} INFO - Processing /home/airflow/.local/lib/python3.8/site-packages/airflow/example_dags/example_datasets.py took 0.227 seconds
[2023-08-28T00:05:06.802+0000] {processor.py:157} INFO - Started process (PID=386) to work on /home/airflow/.local/lib/python3.8/site-packages/airflow/example_dags/example_datasets.py
[2023-08-28T00:05:06.804+0000] {processor.py:829} INFO - Processing file /home/airflow/.local/lib/python3.8/site-packages/airflow/example_dags/example_datasets.py for tasks to queue
[2023-08-28T00:05:06.806+0000] {logging_mixin.py:151} INFO - [2023-08-28T00:05:06.805+0000] {dagbag.py:539} INFO - Filling up the DagBag from /home/airflow/.local/lib/python3.8/site-packages/airflow/example_dags/example_datasets.py
[2023-08-28T00:05:06.817+0000] {processor.py:839} INFO - DAG(s) dict_keys(['dataset_consumes_unknown_never_scheduled', 'dataset_consumes_1_and_2', 'dataset_produces_1', 'dataset_consumes_1', 'dataset_produces_2', 'dataset_consumes_1_never_scheduled']) retrieved from /home/airflow/.local/lib/python3.8/site-packages/airflow/example_dags/example_datasets.py
[2023-08-28T00:05:06.903+0000] {logging_mixin.py:151} INFO - [2023-08-28T00:05:06.903+0000] {dag.py:2907} INFO - Sync 6 DAGs
[2023-08-28T00:05:06.940+0000] {logging_mixin.py:151} INFO - [2023-08-28T00:05:06.940+0000] {dag.py:3677} INFO - Setting next_dagrun for dataset_consumes_1 to None, run_after=None
[2023-08-28T00:05:06.944+0000] {logging_mixin.py:151} INFO - [2023-08-28T00:05:06.944+0000] {dag.py:3677} INFO - Setting next_dagrun for dataset_consumes_1_and_2 to None, run_after=None
[2023-08-28T00:05:06.946+0000] {logging_mixin.py:151} INFO - [2023-08-28T00:05:06.945+0000] {dag.py:3677} INFO - Setting next_dagrun for dataset_consumes_1_never_scheduled to None, run_after=None
[2023-08-28T00:05:06.947+0000] {logging_mixin.py:151} INFO - [2023-08-28T00:05:06.947+0000] {dag.py:3677} INFO - Setting next_dagrun for dataset_consumes_unknown_never_scheduled to None, run_after=None
[2023-08-28T00:05:06.951+0000] {logging_mixin.py:151} INFO - [2023-08-28T00:05:06.950+0000] {dag.py:3677} INFO - Setting next_dagrun for dataset_produces_1 to 2023-08-27T00:00:00+00:00, run_after=2023-08-28T00:00:00+00:00
[2023-08-28T00:05:06.952+0000] {logging_mixin.py:151} INFO - [2023-08-28T00:05:06.952+0000] {dag.py:3677} INFO - Setting next_dagrun for dataset_produces_2 to None, run_after=None
[2023-08-28T00:05:06.986+0000] {processor.py:179} INFO - Processing /home/airflow/.local/lib/python3.8/site-packages/airflow/example_dags/example_datasets.py took 0.188 seconds
[2023-08-28T00:08:49.645+0000] {processor.py:157} INFO - Started process (PID=66) to work on /home/airflow/.local/lib/python3.8/site-packages/airflow/example_dags/example_datasets.py
[2023-08-28T00:08:49.649+0000] {processor.py:829} INFO - Processing file /home/airflow/.local/lib/python3.8/site-packages/airflow/example_dags/example_datasets.py for tasks to queue
[2023-08-28T00:08:49.654+0000] {logging_mixin.py:151} INFO - [2023-08-28T00:08:49.653+0000] {dagbag.py:539} INFO - Filling up the DagBag from /home/airflow/.local/lib/python3.8/site-packages/airflow/example_dags/example_datasets.py
[2023-08-28T00:08:49.673+0000] {processor.py:839} INFO - DAG(s) dict_keys(['dataset_produces_2', 'dataset_consumes_1', 'dataset_produces_1', 'dataset_consumes_1_never_scheduled', 'dataset_consumes_unknown_never_scheduled', 'dataset_consumes_1_and_2']) retrieved from /home/airflow/.local/lib/python3.8/site-packages/airflow/example_dags/example_datasets.py
[2023-08-28T00:08:49.852+0000] {logging_mixin.py:151} INFO - [2023-08-28T00:08:49.852+0000] {dag.py:2907} INFO - Sync 6 DAGs
[2023-08-28T00:08:49.950+0000] {logging_mixin.py:151} INFO - [2023-08-28T00:08:49.949+0000] {dag.py:3677} INFO - Setting next_dagrun for dataset_consumes_1 to None, run_after=None
[2023-08-28T00:08:49.962+0000] {logging_mixin.py:151} INFO - [2023-08-28T00:08:49.961+0000] {dag.py:3677} INFO - Setting next_dagrun for dataset_consumes_1_and_2 to None, run_after=None
[2023-08-28T00:08:49.969+0000] {logging_mixin.py:151} INFO - [2023-08-28T00:08:49.969+0000] {dag.py:3677} INFO - Setting next_dagrun for dataset_consumes_1_never_scheduled to None, run_after=None
[2023-08-28T00:08:49.973+0000] {logging_mixin.py:151} INFO - [2023-08-28T00:08:49.973+0000] {dag.py:3677} INFO - Setting next_dagrun for dataset_consumes_unknown_never_scheduled to None, run_after=None
[2023-08-28T00:08:50.328+0000] {logging_mixin.py:151} INFO - [2023-08-28T00:08:50.328+0000] {dag.py:3677} INFO - Setting next_dagrun for dataset_produces_1 to 2023-08-27T00:00:00+00:00, run_after=2023-08-28T00:00:00+00:00
[2023-08-28T00:08:50.347+0000] {logging_mixin.py:151} INFO - [2023-08-28T00:08:50.345+0000] {dag.py:3677} INFO - Setting next_dagrun for dataset_produces_2 to None, run_after=None
[2023-08-28T00:08:50.476+0000] {processor.py:179} INFO - Processing /home/airflow/.local/lib/python3.8/site-packages/airflow/example_dags/example_datasets.py took 0.836 seconds
[2023-08-28T00:09:21.502+0000] {processor.py:157} INFO - Started process (PID=121) to work on /home/airflow/.local/lib/python3.8/site-packages/airflow/example_dags/example_datasets.py
[2023-08-28T00:09:21.506+0000] {processor.py:829} INFO - Processing file /home/airflow/.local/lib/python3.8/site-packages/airflow/example_dags/example_datasets.py for tasks to queue
[2023-08-28T00:09:21.516+0000] {logging_mixin.py:151} INFO - [2023-08-28T00:09:21.515+0000] {dagbag.py:539} INFO - Filling up the DagBag from /home/airflow/.local/lib/python3.8/site-packages/airflow/example_dags/example_datasets.py
[2023-08-28T00:09:21.756+0000] {processor.py:839} INFO - DAG(s) dict_keys(['dataset_consumes_unknown_never_scheduled', 'dataset_produces_1', 'dataset_consumes_1', 'dataset_produces_2', 'dataset_consumes_1_and_2', 'dataset_consumes_1_never_scheduled']) retrieved from /home/airflow/.local/lib/python3.8/site-packages/airflow/example_dags/example_datasets.py
[2023-08-28T00:09:22.111+0000] {logging_mixin.py:151} INFO - [2023-08-28T00:09:22.110+0000] {dag.py:2907} INFO - Sync 6 DAGs
[2023-08-28T00:09:22.276+0000] {logging_mixin.py:151} INFO - [2023-08-28T00:09:22.275+0000] {dag.py:3677} INFO - Setting next_dagrun for dataset_consumes_1 to None, run_after=None
[2023-08-28T00:09:22.293+0000] {logging_mixin.py:151} INFO - [2023-08-28T00:09:22.293+0000] {dag.py:3677} INFO - Setting next_dagrun for dataset_consumes_1_and_2 to None, run_after=None
[2023-08-28T00:09:22.303+0000] {logging_mixin.py:151} INFO - [2023-08-28T00:09:22.302+0000] {dag.py:3677} INFO - Setting next_dagrun for dataset_consumes_1_never_scheduled to None, run_after=None
[2023-08-28T00:09:22.324+0000] {logging_mixin.py:151} INFO - [2023-08-28T00:09:22.323+0000] {dag.py:3677} INFO - Setting next_dagrun for dataset_consumes_unknown_never_scheduled to None, run_after=None
[2023-08-28T00:09:22.358+0000] {logging_mixin.py:151} INFO - [2023-08-28T00:09:22.356+0000] {dag.py:3677} INFO - Setting next_dagrun for dataset_produces_1 to 2023-08-27T00:00:00+00:00, run_after=2023-08-28T00:00:00+00:00
[2023-08-28T00:09:22.374+0000] {logging_mixin.py:151} INFO - [2023-08-28T00:09:22.373+0000] {dag.py:3677} INFO - Setting next_dagrun for dataset_produces_2 to None, run_after=None
[2023-08-28T00:09:22.727+0000] {processor.py:179} INFO - Processing /home/airflow/.local/lib/python3.8/site-packages/airflow/example_dags/example_datasets.py took 1.232 seconds
[2023-08-28T00:09:52.834+0000] {processor.py:157} INFO - Started process (PID=175) to work on /home/airflow/.local/lib/python3.8/site-packages/airflow/example_dags/example_datasets.py
[2023-08-28T00:09:52.837+0000] {processor.py:829} INFO - Processing file /home/airflow/.local/lib/python3.8/site-packages/airflow/example_dags/example_datasets.py for tasks to queue
[2023-08-28T00:09:52.840+0000] {logging_mixin.py:151} INFO - [2023-08-28T00:09:52.839+0000] {dagbag.py:539} INFO - Filling up the DagBag from /home/airflow/.local/lib/python3.8/site-packages/airflow/example_dags/example_datasets.py
[2023-08-28T00:09:52.859+0000] {processor.py:839} INFO - DAG(s) dict_keys(['dataset_consumes_1_and_2', 'dataset_consumes_1', 'dataset_produces_1', 'dataset_produces_2', 'dataset_consumes_unknown_never_scheduled', 'dataset_consumes_1_never_scheduled']) retrieved from /home/airflow/.local/lib/python3.8/site-packages/airflow/example_dags/example_datasets.py
[2023-08-28T00:09:52.955+0000] {logging_mixin.py:151} INFO - [2023-08-28T00:09:52.954+0000] {dag.py:2907} INFO - Sync 6 DAGs
[2023-08-28T00:09:52.998+0000] {logging_mixin.py:151} INFO - [2023-08-28T00:09:52.998+0000] {dag.py:3677} INFO - Setting next_dagrun for dataset_consumes_1 to None, run_after=None
[2023-08-28T00:09:53.003+0000] {logging_mixin.py:151} INFO - [2023-08-28T00:09:53.003+0000] {dag.py:3677} INFO - Setting next_dagrun for dataset_consumes_1_and_2 to None, run_after=None
[2023-08-28T00:09:53.005+0000] {logging_mixin.py:151} INFO - [2023-08-28T00:09:53.004+0000] {dag.py:3677} INFO - Setting next_dagrun for dataset_consumes_1_never_scheduled to None, run_after=None
[2023-08-28T00:09:53.006+0000] {logging_mixin.py:151} INFO - [2023-08-28T00:09:53.006+0000] {dag.py:3677} INFO - Setting next_dagrun for dataset_consumes_unknown_never_scheduled to None, run_after=None
[2023-08-28T00:09:53.010+0000] {logging_mixin.py:151} INFO - [2023-08-28T00:09:53.009+0000] {dag.py:3677} INFO - Setting next_dagrun for dataset_produces_1 to 2023-08-27T00:00:00+00:00, run_after=2023-08-28T00:00:00+00:00
[2023-08-28T00:09:53.011+0000] {logging_mixin.py:151} INFO - [2023-08-28T00:09:53.011+0000] {dag.py:3677} INFO - Setting next_dagrun for dataset_produces_2 to None, run_after=None
[2023-08-28T00:09:53.046+0000] {processor.py:179} INFO - Processing /home/airflow/.local/lib/python3.8/site-packages/airflow/example_dags/example_datasets.py took 0.216 seconds
[2023-08-28T00:10:23.762+0000] {processor.py:157} INFO - Started process (PID=231) to work on /home/airflow/.local/lib/python3.8/site-packages/airflow/example_dags/example_datasets.py
[2023-08-28T00:10:23.765+0000] {processor.py:829} INFO - Processing file /home/airflow/.local/lib/python3.8/site-packages/airflow/example_dags/example_datasets.py for tasks to queue
[2023-08-28T00:10:23.770+0000] {logging_mixin.py:151} INFO - [2023-08-28T00:10:23.769+0000] {dagbag.py:539} INFO - Filling up the DagBag from /home/airflow/.local/lib/python3.8/site-packages/airflow/example_dags/example_datasets.py
[2023-08-28T00:10:23.790+0000] {processor.py:839} INFO - DAG(s) dict_keys(['dataset_produces_2', 'dataset_consumes_unknown_never_scheduled', 'dataset_produces_1', 'dataset_consumes_1', 'dataset_consumes_1_never_scheduled', 'dataset_consumes_1_and_2']) retrieved from /home/airflow/.local/lib/python3.8/site-packages/airflow/example_dags/example_datasets.py
[2023-08-28T00:10:24.698+0000] {logging_mixin.py:151} INFO - [2023-08-28T00:10:24.695+0000] {dag.py:2907} INFO - Sync 6 DAGs
[2023-08-28T00:10:24.862+0000] {logging_mixin.py:151} INFO - [2023-08-28T00:10:24.862+0000] {dag.py:3677} INFO - Setting next_dagrun for dataset_consumes_1 to None, run_after=None
[2023-08-28T00:10:24.867+0000] {logging_mixin.py:151} INFO - [2023-08-28T00:10:24.867+0000] {dag.py:3677} INFO - Setting next_dagrun for dataset_consumes_1_and_2 to None, run_after=None
[2023-08-28T00:10:24.870+0000] {logging_mixin.py:151} INFO - [2023-08-28T00:10:24.870+0000] {dag.py:3677} INFO - Setting next_dagrun for dataset_consumes_1_never_scheduled to None, run_after=None
[2023-08-28T00:10:24.872+0000] {logging_mixin.py:151} INFO - [2023-08-28T00:10:24.872+0000] {dag.py:3677} INFO - Setting next_dagrun for dataset_consumes_unknown_never_scheduled to None, run_after=None
[2023-08-28T00:10:24.878+0000] {logging_mixin.py:151} INFO - [2023-08-28T00:10:24.877+0000] {dag.py:3677} INFO - Setting next_dagrun for dataset_produces_1 to 2023-08-27T00:00:00+00:00, run_after=2023-08-28T00:00:00+00:00
[2023-08-28T00:10:24.880+0000] {logging_mixin.py:151} INFO - [2023-08-28T00:10:24.880+0000] {dag.py:3677} INFO - Setting next_dagrun for dataset_produces_2 to None, run_after=None
[2023-08-28T00:10:24.956+0000] {processor.py:179} INFO - Processing /home/airflow/.local/lib/python3.8/site-packages/airflow/example_dags/example_datasets.py took 1.201 seconds
[2023-08-28T00:10:55.573+0000] {processor.py:157} INFO - Started process (PID=286) to work on /home/airflow/.local/lib/python3.8/site-packages/airflow/example_dags/example_datasets.py
[2023-08-28T00:10:55.575+0000] {processor.py:829} INFO - Processing file /home/airflow/.local/lib/python3.8/site-packages/airflow/example_dags/example_datasets.py for tasks to queue
[2023-08-28T00:10:55.578+0000] {logging_mixin.py:151} INFO - [2023-08-28T00:10:55.578+0000] {dagbag.py:539} INFO - Filling up the DagBag from /home/airflow/.local/lib/python3.8/site-packages/airflow/example_dags/example_datasets.py
[2023-08-28T00:10:55.596+0000] {processor.py:839} INFO - DAG(s) dict_keys(['dataset_produces_2', 'dataset_consumes_1', 'dataset_consumes_1_never_scheduled', 'dataset_consumes_unknown_never_scheduled', 'dataset_produces_1', 'dataset_consumes_1_and_2']) retrieved from /home/airflow/.local/lib/python3.8/site-packages/airflow/example_dags/example_datasets.py
[2023-08-28T00:10:55.691+0000] {logging_mixin.py:151} INFO - [2023-08-28T00:10:55.690+0000] {dag.py:2907} INFO - Sync 6 DAGs
[2023-08-28T00:10:55.730+0000] {logging_mixin.py:151} INFO - [2023-08-28T00:10:55.730+0000] {dag.py:3677} INFO - Setting next_dagrun for dataset_consumes_1 to None, run_after=None
[2023-08-28T00:10:55.734+0000] {logging_mixin.py:151} INFO - [2023-08-28T00:10:55.734+0000] {dag.py:3677} INFO - Setting next_dagrun for dataset_consumes_1_and_2 to None, run_after=None
[2023-08-28T00:10:55.736+0000] {logging_mixin.py:151} INFO - [2023-08-28T00:10:55.736+0000] {dag.py:3677} INFO - Setting next_dagrun for dataset_consumes_1_never_scheduled to None, run_after=None
[2023-08-28T00:10:55.738+0000] {logging_mixin.py:151} INFO - [2023-08-28T00:10:55.738+0000] {dag.py:3677} INFO - Setting next_dagrun for dataset_consumes_unknown_never_scheduled to None, run_after=None
[2023-08-28T00:10:55.742+0000] {logging_mixin.py:151} INFO - [2023-08-28T00:10:55.742+0000] {dag.py:3677} INFO - Setting next_dagrun for dataset_produces_1 to 2023-08-27T00:00:00+00:00, run_after=2023-08-28T00:00:00+00:00
[2023-08-28T00:10:55.744+0000] {logging_mixin.py:151} INFO - [2023-08-28T00:10:55.744+0000] {dag.py:3677} INFO - Setting next_dagrun for dataset_produces_2 to None, run_after=None
[2023-08-28T00:10:55.784+0000] {processor.py:179} INFO - Processing /home/airflow/.local/lib/python3.8/site-packages/airflow/example_dags/example_datasets.py took 0.215 seconds
[2023-08-28T00:11:25.827+0000] {processor.py:157} INFO - Started process (PID=339) to work on /home/airflow/.local/lib/python3.8/site-packages/airflow/example_dags/example_datasets.py
[2023-08-28T00:11:25.829+0000] {processor.py:829} INFO - Processing file /home/airflow/.local/lib/python3.8/site-packages/airflow/example_dags/example_datasets.py for tasks to queue
[2023-08-28T00:11:25.832+0000] {logging_mixin.py:151} INFO - [2023-08-28T00:11:25.831+0000] {dagbag.py:539} INFO - Filling up the DagBag from /home/airflow/.local/lib/python3.8/site-packages/airflow/example_dags/example_datasets.py
[2023-08-28T00:11:25.846+0000] {processor.py:839} INFO - DAG(s) dict_keys(['dataset_produces_1', 'dataset_consumes_1', 'dataset_consumes_1_never_scheduled', 'dataset_consumes_unknown_never_scheduled', 'dataset_consumes_1_and_2', 'dataset_produces_2']) retrieved from /home/airflow/.local/lib/python3.8/site-packages/airflow/example_dags/example_datasets.py
[2023-08-28T00:11:25.936+0000] {logging_mixin.py:151} INFO - [2023-08-28T00:11:25.935+0000] {dag.py:2907} INFO - Sync 6 DAGs
[2023-08-28T00:11:25.976+0000] {logging_mixin.py:151} INFO - [2023-08-28T00:11:25.976+0000] {dag.py:3677} INFO - Setting next_dagrun for dataset_consumes_1 to None, run_after=None
[2023-08-28T00:11:25.981+0000] {logging_mixin.py:151} INFO - [2023-08-28T00:11:25.981+0000] {dag.py:3677} INFO - Setting next_dagrun for dataset_consumes_1_and_2 to None, run_after=None
[2023-08-28T00:11:25.984+0000] {logging_mixin.py:151} INFO - [2023-08-28T00:11:25.983+0000] {dag.py:3677} INFO - Setting next_dagrun for dataset_consumes_1_never_scheduled to None, run_after=None
[2023-08-28T00:11:25.986+0000] {logging_mixin.py:151} INFO - [2023-08-28T00:11:25.985+0000] {dag.py:3677} INFO - Setting next_dagrun for dataset_consumes_unknown_never_scheduled to None, run_after=None
[2023-08-28T00:11:25.990+0000] {logging_mixin.py:151} INFO - [2023-08-28T00:11:25.989+0000] {dag.py:3677} INFO - Setting next_dagrun for dataset_produces_1 to 2023-08-27T00:00:00+00:00, run_after=2023-08-28T00:00:00+00:00
[2023-08-28T00:11:25.992+0000] {logging_mixin.py:151} INFO - [2023-08-28T00:11:25.992+0000] {dag.py:3677} INFO - Setting next_dagrun for dataset_produces_2 to None, run_after=None
[2023-08-28T00:11:26.026+0000] {processor.py:179} INFO - Processing /home/airflow/.local/lib/python3.8/site-packages/airflow/example_dags/example_datasets.py took 0.202 seconds
[2023-08-28T00:11:56.116+0000] {processor.py:157} INFO - Started process (PID=393) to work on /home/airflow/.local/lib/python3.8/site-packages/airflow/example_dags/example_datasets.py
[2023-08-28T00:11:56.118+0000] {processor.py:829} INFO - Processing file /home/airflow/.local/lib/python3.8/site-packages/airflow/example_dags/example_datasets.py for tasks to queue
[2023-08-28T00:11:56.120+0000] {logging_mixin.py:151} INFO - [2023-08-28T00:11:56.120+0000] {dagbag.py:539} INFO - Filling up the DagBag from /home/airflow/.local/lib/python3.8/site-packages/airflow/example_dags/example_datasets.py
[2023-08-28T00:11:56.135+0000] {processor.py:839} INFO - DAG(s) dict_keys(['dataset_consumes_1', 'dataset_consumes_1_never_scheduled', 'dataset_produces_2', 'dataset_produces_1', 'dataset_consumes_unknown_never_scheduled', 'dataset_consumes_1_and_2']) retrieved from /home/airflow/.local/lib/python3.8/site-packages/airflow/example_dags/example_datasets.py
[2023-08-28T00:11:56.223+0000] {logging_mixin.py:151} INFO - [2023-08-28T00:11:56.222+0000] {dag.py:2907} INFO - Sync 6 DAGs
[2023-08-28T00:11:56.259+0000] {logging_mixin.py:151} INFO - [2023-08-28T00:11:56.259+0000] {dag.py:3677} INFO - Setting next_dagrun for dataset_consumes_1 to None, run_after=None
[2023-08-28T00:11:56.263+0000] {logging_mixin.py:151} INFO - [2023-08-28T00:11:56.263+0000] {dag.py:3677} INFO - Setting next_dagrun for dataset_consumes_1_and_2 to None, run_after=None
[2023-08-28T00:11:56.265+0000] {logging_mixin.py:151} INFO - [2023-08-28T00:11:56.265+0000] {dag.py:3677} INFO - Setting next_dagrun for dataset_consumes_1_never_scheduled to None, run_after=None
[2023-08-28T00:11:56.267+0000] {logging_mixin.py:151} INFO - [2023-08-28T00:11:56.267+0000] {dag.py:3677} INFO - Setting next_dagrun for dataset_consumes_unknown_never_scheduled to None, run_after=None
[2023-08-28T00:11:56.270+0000] {logging_mixin.py:151} INFO - [2023-08-28T00:11:56.270+0000] {dag.py:3677} INFO - Setting next_dagrun for dataset_produces_1 to 2023-08-27T00:00:00+00:00, run_after=2023-08-28T00:00:00+00:00
[2023-08-28T00:11:56.271+0000] {logging_mixin.py:151} INFO - [2023-08-28T00:11:56.271+0000] {dag.py:3677} INFO - Setting next_dagrun for dataset_produces_2 to None, run_after=None
[2023-08-28T00:11:56.304+0000] {processor.py:179} INFO - Processing /home/airflow/.local/lib/python3.8/site-packages/airflow/example_dags/example_datasets.py took 0.191 seconds
[2023-08-28T00:12:26.987+0000] {processor.py:157} INFO - Started process (PID=449) to work on /home/airflow/.local/lib/python3.8/site-packages/airflow/example_dags/example_datasets.py
[2023-08-28T00:12:26.990+0000] {processor.py:829} INFO - Processing file /home/airflow/.local/lib/python3.8/site-packages/airflow/example_dags/example_datasets.py for tasks to queue
[2023-08-28T00:12:26.993+0000] {logging_mixin.py:151} INFO - [2023-08-28T00:12:26.993+0000] {dagbag.py:539} INFO - Filling up the DagBag from /home/airflow/.local/lib/python3.8/site-packages/airflow/example_dags/example_datasets.py
[2023-08-28T00:12:27.011+0000] {processor.py:839} INFO - DAG(s) dict_keys(['dataset_consumes_1_never_scheduled', 'dataset_consumes_unknown_never_scheduled', 'dataset_consumes_1', 'dataset_produces_2', 'dataset_produces_1', 'dataset_consumes_1_and_2']) retrieved from /home/airflow/.local/lib/python3.8/site-packages/airflow/example_dags/example_datasets.py
[2023-08-28T00:12:27.132+0000] {logging_mixin.py:151} INFO - [2023-08-28T00:12:27.132+0000] {dag.py:2907} INFO - Sync 6 DAGs
[2023-08-28T00:12:27.200+0000] {logging_mixin.py:151} INFO - [2023-08-28T00:12:27.200+0000] {dag.py:3677} INFO - Setting next_dagrun for dataset_consumes_1 to None, run_after=None
[2023-08-28T00:12:27.208+0000] {logging_mixin.py:151} INFO - [2023-08-28T00:12:27.208+0000] {dag.py:3677} INFO - Setting next_dagrun for dataset_consumes_1_and_2 to None, run_after=None
[2023-08-28T00:12:27.212+0000] {logging_mixin.py:151} INFO - [2023-08-28T00:12:27.211+0000] {dag.py:3677} INFO - Setting next_dagrun for dataset_consumes_1_never_scheduled to None, run_after=None
[2023-08-28T00:12:27.217+0000] {logging_mixin.py:151} INFO - [2023-08-28T00:12:27.216+0000] {dag.py:3677} INFO - Setting next_dagrun for dataset_consumes_unknown_never_scheduled to None, run_after=None
[2023-08-28T00:12:27.225+0000] {logging_mixin.py:151} INFO - [2023-08-28T00:12:27.225+0000] {dag.py:3677} INFO - Setting next_dagrun for dataset_produces_1 to 2023-08-27T00:00:00+00:00, run_after=2023-08-28T00:00:00+00:00
[2023-08-28T00:12:27.230+0000] {logging_mixin.py:151} INFO - [2023-08-28T00:12:27.230+0000] {dag.py:3677} INFO - Setting next_dagrun for dataset_produces_2 to None, run_after=None
[2023-08-28T00:12:27.291+0000] {processor.py:179} INFO - Processing /home/airflow/.local/lib/python3.8/site-packages/airflow/example_dags/example_datasets.py took 0.309 seconds
[2023-08-28T00:12:57.369+0000] {processor.py:157} INFO - Started process (PID=503) to work on /home/airflow/.local/lib/python3.8/site-packages/airflow/example_dags/example_datasets.py
[2023-08-28T00:12:57.371+0000] {processor.py:829} INFO - Processing file /home/airflow/.local/lib/python3.8/site-packages/airflow/example_dags/example_datasets.py for tasks to queue
[2023-08-28T00:12:57.375+0000] {logging_mixin.py:151} INFO - [2023-08-28T00:12:57.375+0000] {dagbag.py:539} INFO - Filling up the DagBag from /home/airflow/.local/lib/python3.8/site-packages/airflow/example_dags/example_datasets.py
[2023-08-28T00:12:57.391+0000] {processor.py:839} INFO - DAG(s) dict_keys(['dataset_consumes_1_and_2', 'dataset_consumes_unknown_never_scheduled', 'dataset_consumes_1', 'dataset_produces_1', 'dataset_consumes_1_never_scheduled', 'dataset_produces_2']) retrieved from /home/airflow/.local/lib/python3.8/site-packages/airflow/example_dags/example_datasets.py
[2023-08-28T00:12:57.495+0000] {logging_mixin.py:151} INFO - [2023-08-28T00:12:57.495+0000] {dag.py:2907} INFO - Sync 6 DAGs
[2023-08-28T00:12:57.551+0000] {logging_mixin.py:151} INFO - [2023-08-28T00:12:57.550+0000] {dag.py:3677} INFO - Setting next_dagrun for dataset_consumes_1 to None, run_after=None
[2023-08-28T00:12:57.556+0000] {logging_mixin.py:151} INFO - [2023-08-28T00:12:57.556+0000] {dag.py:3677} INFO - Setting next_dagrun for dataset_consumes_1_and_2 to None, run_after=None
[2023-08-28T00:12:57.560+0000] {logging_mixin.py:151} INFO - [2023-08-28T00:12:57.559+0000] {dag.py:3677} INFO - Setting next_dagrun for dataset_consumes_1_never_scheduled to None, run_after=None
[2023-08-28T00:12:57.562+0000] {logging_mixin.py:151} INFO - [2023-08-28T00:12:57.561+0000] {dag.py:3677} INFO - Setting next_dagrun for dataset_consumes_unknown_never_scheduled to None, run_after=None
[2023-08-28T00:12:57.568+0000] {logging_mixin.py:151} INFO - [2023-08-28T00:12:57.567+0000] {dag.py:3677} INFO - Setting next_dagrun for dataset_produces_1 to 2023-08-27T00:00:00+00:00, run_after=2023-08-28T00:00:00+00:00
[2023-08-28T00:12:57.575+0000] {logging_mixin.py:151} INFO - [2023-08-28T00:12:57.575+0000] {dag.py:3677} INFO - Setting next_dagrun for dataset_produces_2 to None, run_after=None
[2023-08-28T00:12:57.613+0000] {processor.py:179} INFO - Processing /home/airflow/.local/lib/python3.8/site-packages/airflow/example_dags/example_datasets.py took 0.248 seconds
[2023-08-28T00:13:28.312+0000] {processor.py:157} INFO - Started process (PID=558) to work on /home/airflow/.local/lib/python3.8/site-packages/airflow/example_dags/example_datasets.py
[2023-08-28T00:13:28.314+0000] {processor.py:829} INFO - Processing file /home/airflow/.local/lib/python3.8/site-packages/airflow/example_dags/example_datasets.py for tasks to queue
[2023-08-28T00:13:28.317+0000] {logging_mixin.py:151} INFO - [2023-08-28T00:13:28.317+0000] {dagbag.py:539} INFO - Filling up the DagBag from /home/airflow/.local/lib/python3.8/site-packages/airflow/example_dags/example_datasets.py
[2023-08-28T00:13:28.336+0000] {processor.py:839} INFO - DAG(s) dict_keys(['dataset_consumes_1_never_scheduled', 'dataset_consumes_1_and_2', 'dataset_consumes_1', 'dataset_consumes_unknown_never_scheduled', 'dataset_produces_2', 'dataset_produces_1']) retrieved from /home/airflow/.local/lib/python3.8/site-packages/airflow/example_dags/example_datasets.py
[2023-08-28T00:13:28.436+0000] {logging_mixin.py:151} INFO - [2023-08-28T00:13:28.435+0000] {dag.py:2907} INFO - Sync 6 DAGs
[2023-08-28T00:13:28.479+0000] {logging_mixin.py:151} INFO - [2023-08-28T00:13:28.478+0000] {dag.py:3677} INFO - Setting next_dagrun for dataset_consumes_1 to None, run_after=None
[2023-08-28T00:13:28.483+0000] {logging_mixin.py:151} INFO - [2023-08-28T00:13:28.483+0000] {dag.py:3677} INFO - Setting next_dagrun for dataset_consumes_1_and_2 to None, run_after=None
[2023-08-28T00:13:28.485+0000] {logging_mixin.py:151} INFO - [2023-08-28T00:13:28.485+0000] {dag.py:3677} INFO - Setting next_dagrun for dataset_consumes_1_never_scheduled to None, run_after=None
[2023-08-28T00:13:28.487+0000] {logging_mixin.py:151} INFO - [2023-08-28T00:13:28.487+0000] {dag.py:3677} INFO - Setting next_dagrun for dataset_consumes_unknown_never_scheduled to None, run_after=None
[2023-08-28T00:13:28.492+0000] {logging_mixin.py:151} INFO - [2023-08-28T00:13:28.491+0000] {dag.py:3677} INFO - Setting next_dagrun for dataset_produces_1 to 2023-08-27T00:00:00+00:00, run_after=2023-08-28T00:00:00+00:00
[2023-08-28T00:13:28.495+0000] {logging_mixin.py:151} INFO - [2023-08-28T00:13:28.495+0000] {dag.py:3677} INFO - Setting next_dagrun for dataset_produces_2 to None, run_after=None
[2023-08-28T00:13:28.552+0000] {processor.py:179} INFO - Processing /home/airflow/.local/lib/python3.8/site-packages/airflow/example_dags/example_datasets.py took 0.245 seconds
[2023-08-28T00:13:58.754+0000] {processor.py:157} INFO - Started process (PID=612) to work on /home/airflow/.local/lib/python3.8/site-packages/airflow/example_dags/example_datasets.py
[2023-08-28T00:13:58.755+0000] {processor.py:829} INFO - Processing file /home/airflow/.local/lib/python3.8/site-packages/airflow/example_dags/example_datasets.py for tasks to queue
[2023-08-28T00:13:58.758+0000] {logging_mixin.py:151} INFO - [2023-08-28T00:13:58.758+0000] {dagbag.py:539} INFO - Filling up the DagBag from /home/airflow/.local/lib/python3.8/site-packages/airflow/example_dags/example_datasets.py
[2023-08-28T00:13:58.773+0000] {processor.py:839} INFO - DAG(s) dict_keys(['dataset_consumes_unknown_never_scheduled', 'dataset_consumes_1_never_scheduled', 'dataset_produces_2', 'dataset_consumes_1_and_2', 'dataset_consumes_1', 'dataset_produces_1']) retrieved from /home/airflow/.local/lib/python3.8/site-packages/airflow/example_dags/example_datasets.py
[2023-08-28T00:13:58.861+0000] {logging_mixin.py:151} INFO - [2023-08-28T00:13:58.861+0000] {dag.py:2907} INFO - Sync 6 DAGs
[2023-08-28T00:13:58.903+0000] {logging_mixin.py:151} INFO - [2023-08-28T00:13:58.903+0000] {dag.py:3677} INFO - Setting next_dagrun for dataset_consumes_1 to None, run_after=None
[2023-08-28T00:13:58.908+0000] {logging_mixin.py:151} INFO - [2023-08-28T00:13:58.907+0000] {dag.py:3677} INFO - Setting next_dagrun for dataset_consumes_1_and_2 to None, run_after=None
[2023-08-28T00:13:58.910+0000] {logging_mixin.py:151} INFO - [2023-08-28T00:13:58.910+0000] {dag.py:3677} INFO - Setting next_dagrun for dataset_consumes_1_never_scheduled to None, run_after=None
[2023-08-28T00:13:58.912+0000] {logging_mixin.py:151} INFO - [2023-08-28T00:13:58.912+0000] {dag.py:3677} INFO - Setting next_dagrun for dataset_consumes_unknown_never_scheduled to None, run_after=None
[2023-08-28T00:13:58.916+0000] {logging_mixin.py:151} INFO - [2023-08-28T00:13:58.916+0000] {dag.py:3677} INFO - Setting next_dagrun for dataset_produces_1 to 2023-08-27T00:00:00+00:00, run_after=2023-08-28T00:00:00+00:00
[2023-08-28T00:13:58.918+0000] {logging_mixin.py:151} INFO - [2023-08-28T00:13:58.918+0000] {dag.py:3677} INFO - Setting next_dagrun for dataset_produces_2 to None, run_after=None
[2023-08-28T00:13:58.957+0000] {processor.py:179} INFO - Processing /home/airflow/.local/lib/python3.8/site-packages/airflow/example_dags/example_datasets.py took 0.207 seconds
[2023-08-28T00:14:29.265+0000] {processor.py:157} INFO - Started process (PID=667) to work on /home/airflow/.local/lib/python3.8/site-packages/airflow/example_dags/example_datasets.py
[2023-08-28T00:14:29.267+0000] {processor.py:829} INFO - Processing file /home/airflow/.local/lib/python3.8/site-packages/airflow/example_dags/example_datasets.py for tasks to queue
[2023-08-28T00:14:29.272+0000] {logging_mixin.py:151} INFO - [2023-08-28T00:14:29.271+0000] {dagbag.py:539} INFO - Filling up the DagBag from /home/airflow/.local/lib/python3.8/site-packages/airflow/example_dags/example_datasets.py
[2023-08-28T00:14:29.291+0000] {processor.py:839} INFO - DAG(s) dict_keys(['dataset_produces_1', 'dataset_produces_2', 'dataset_consumes_unknown_never_scheduled', 'dataset_consumes_1', 'dataset_consumes_1_never_scheduled', 'dataset_consumes_1_and_2']) retrieved from /home/airflow/.local/lib/python3.8/site-packages/airflow/example_dags/example_datasets.py
[2023-08-28T00:14:29.435+0000] {logging_mixin.py:151} INFO - [2023-08-28T00:14:29.434+0000] {dag.py:2907} INFO - Sync 6 DAGs
[2023-08-28T00:14:29.496+0000] {logging_mixin.py:151} INFO - [2023-08-28T00:14:29.496+0000] {dag.py:3677} INFO - Setting next_dagrun for dataset_consumes_1 to None, run_after=None
[2023-08-28T00:14:29.504+0000] {logging_mixin.py:151} INFO - [2023-08-28T00:14:29.503+0000] {dag.py:3677} INFO - Setting next_dagrun for dataset_consumes_1_and_2 to None, run_after=None
[2023-08-28T00:14:29.509+0000] {logging_mixin.py:151} INFO - [2023-08-28T00:14:29.509+0000] {dag.py:3677} INFO - Setting next_dagrun for dataset_consumes_1_never_scheduled to None, run_after=None
[2023-08-28T00:14:29.512+0000] {logging_mixin.py:151} INFO - [2023-08-28T00:14:29.512+0000] {dag.py:3677} INFO - Setting next_dagrun for dataset_consumes_unknown_never_scheduled to None, run_after=None
[2023-08-28T00:14:29.518+0000] {logging_mixin.py:151} INFO - [2023-08-28T00:14:29.518+0000] {dag.py:3677} INFO - Setting next_dagrun for dataset_produces_1 to 2023-08-27T00:00:00+00:00, run_after=2023-08-28T00:00:00+00:00
[2023-08-28T00:14:29.521+0000] {logging_mixin.py:151} INFO - [2023-08-28T00:14:29.521+0000] {dag.py:3677} INFO - Setting next_dagrun for dataset_produces_2 to None, run_after=None
[2023-08-28T00:14:29.567+0000] {processor.py:179} INFO - Processing /home/airflow/.local/lib/python3.8/site-packages/airflow/example_dags/example_datasets.py took 0.310 seconds
[2023-08-28T00:15:00.351+0000] {processor.py:157} INFO - Started process (PID=723) to work on /home/airflow/.local/lib/python3.8/site-packages/airflow/example_dags/example_datasets.py
[2023-08-28T00:15:00.353+0000] {processor.py:829} INFO - Processing file /home/airflow/.local/lib/python3.8/site-packages/airflow/example_dags/example_datasets.py for tasks to queue
[2023-08-28T00:15:00.356+0000] {logging_mixin.py:151} INFO - [2023-08-28T00:15:00.356+0000] {dagbag.py:539} INFO - Filling up the DagBag from /home/airflow/.local/lib/python3.8/site-packages/airflow/example_dags/example_datasets.py
[2023-08-28T00:15:00.372+0000] {processor.py:839} INFO - DAG(s) dict_keys(['dataset_consumes_unknown_never_scheduled', 'dataset_consumes_1_never_scheduled', 'dataset_produces_2', 'dataset_consumes_1', 'dataset_consumes_1_and_2', 'dataset_produces_1']) retrieved from /home/airflow/.local/lib/python3.8/site-packages/airflow/example_dags/example_datasets.py
[2023-08-28T00:15:00.461+0000] {logging_mixin.py:151} INFO - [2023-08-28T00:15:00.461+0000] {dag.py:2907} INFO - Sync 6 DAGs
[2023-08-28T00:15:00.500+0000] {logging_mixin.py:151} INFO - [2023-08-28T00:15:00.499+0000] {dag.py:3677} INFO - Setting next_dagrun for dataset_consumes_1 to None, run_after=None
[2023-08-28T00:15:00.503+0000] {logging_mixin.py:151} INFO - [2023-08-28T00:15:00.503+0000] {dag.py:3677} INFO - Setting next_dagrun for dataset_consumes_1_and_2 to None, run_after=None
[2023-08-28T00:15:00.505+0000] {logging_mixin.py:151} INFO - [2023-08-28T00:15:00.505+0000] {dag.py:3677} INFO - Setting next_dagrun for dataset_consumes_1_never_scheduled to None, run_after=None
[2023-08-28T00:15:00.507+0000] {logging_mixin.py:151} INFO - [2023-08-28T00:15:00.507+0000] {dag.py:3677} INFO - Setting next_dagrun for dataset_consumes_unknown_never_scheduled to None, run_after=None
[2023-08-28T00:15:00.511+0000] {logging_mixin.py:151} INFO - [2023-08-28T00:15:00.510+0000] {dag.py:3677} INFO - Setting next_dagrun for dataset_produces_1 to 2023-08-27T00:00:00+00:00, run_after=2023-08-28T00:00:00+00:00
[2023-08-28T00:15:00.513+0000] {logging_mixin.py:151} INFO - [2023-08-28T00:15:00.512+0000] {dag.py:3677} INFO - Setting next_dagrun for dataset_produces_2 to None, run_after=None
[2023-08-28T00:15:00.547+0000] {processor.py:179} INFO - Processing /home/airflow/.local/lib/python3.8/site-packages/airflow/example_dags/example_datasets.py took 0.200 seconds
[2023-08-28T00:15:30.970+0000] {processor.py:157} INFO - Started process (PID=778) to work on /home/airflow/.local/lib/python3.8/site-packages/airflow/example_dags/example_datasets.py
[2023-08-28T00:15:30.972+0000] {processor.py:829} INFO - Processing file /home/airflow/.local/lib/python3.8/site-packages/airflow/example_dags/example_datasets.py for tasks to queue
[2023-08-28T00:15:30.978+0000] {logging_mixin.py:151} INFO - [2023-08-28T00:15:30.977+0000] {dagbag.py:539} INFO - Filling up the DagBag from /home/airflow/.local/lib/python3.8/site-packages/airflow/example_dags/example_datasets.py
[2023-08-28T00:15:31.006+0000] {processor.py:839} INFO - DAG(s) dict_keys(['dataset_consumes_1', 'dataset_consumes_1_never_scheduled', 'dataset_produces_1', 'dataset_consumes_unknown_never_scheduled', 'dataset_produces_2', 'dataset_consumes_1_and_2']) retrieved from /home/airflow/.local/lib/python3.8/site-packages/airflow/example_dags/example_datasets.py
[2023-08-28T00:15:31.159+0000] {logging_mixin.py:151} INFO - [2023-08-28T00:15:31.159+0000] {dag.py:2907} INFO - Sync 6 DAGs
[2023-08-28T00:15:31.220+0000] {logging_mixin.py:151} INFO - [2023-08-28T00:15:31.219+0000] {dag.py:3677} INFO - Setting next_dagrun for dataset_consumes_1 to None, run_after=None
[2023-08-28T00:15:31.225+0000] {logging_mixin.py:151} INFO - [2023-08-28T00:15:31.225+0000] {dag.py:3677} INFO - Setting next_dagrun for dataset_consumes_1_and_2 to None, run_after=None
[2023-08-28T00:15:31.228+0000] {logging_mixin.py:151} INFO - [2023-08-28T00:15:31.228+0000] {dag.py:3677} INFO - Setting next_dagrun for dataset_consumes_1_never_scheduled to None, run_after=None
[2023-08-28T00:15:31.230+0000] {logging_mixin.py:151} INFO - [2023-08-28T00:15:31.230+0000] {dag.py:3677} INFO - Setting next_dagrun for dataset_consumes_unknown_never_scheduled to None, run_after=None
[2023-08-28T00:15:31.236+0000] {logging_mixin.py:151} INFO - [2023-08-28T00:15:31.236+0000] {dag.py:3677} INFO - Setting next_dagrun for dataset_produces_1 to 2023-08-27T00:00:00+00:00, run_after=2023-08-28T00:00:00+00:00
[2023-08-28T00:15:31.240+0000] {logging_mixin.py:151} INFO - [2023-08-28T00:15:31.240+0000] {dag.py:3677} INFO - Setting next_dagrun for dataset_produces_2 to None, run_after=None
[2023-08-28T00:15:31.289+0000] {processor.py:179} INFO - Processing /home/airflow/.local/lib/python3.8/site-packages/airflow/example_dags/example_datasets.py took 0.324 seconds
[2023-08-28T00:16:01.692+0000] {processor.py:157} INFO - Started process (PID=833) to work on /home/airflow/.local/lib/python3.8/site-packages/airflow/example_dags/example_datasets.py
[2023-08-28T00:16:01.695+0000] {processor.py:829} INFO - Processing file /home/airflow/.local/lib/python3.8/site-packages/airflow/example_dags/example_datasets.py for tasks to queue
[2023-08-28T00:16:01.697+0000] {logging_mixin.py:151} INFO - [2023-08-28T00:16:01.697+0000] {dagbag.py:539} INFO - Filling up the DagBag from /home/airflow/.local/lib/python3.8/site-packages/airflow/example_dags/example_datasets.py
[2023-08-28T00:16:01.711+0000] {processor.py:839} INFO - DAG(s) dict_keys(['dataset_produces_1', 'dataset_consumes_unknown_never_scheduled', 'dataset_consumes_1', 'dataset_consumes_1_and_2', 'dataset_consumes_1_never_scheduled', 'dataset_produces_2']) retrieved from /home/airflow/.local/lib/python3.8/site-packages/airflow/example_dags/example_datasets.py
[2023-08-28T00:16:01.855+0000] {logging_mixin.py:151} INFO - [2023-08-28T00:16:01.854+0000] {dag.py:2907} INFO - Sync 6 DAGs
[2023-08-28T00:16:01.931+0000] {logging_mixin.py:151} INFO - [2023-08-28T00:16:01.930+0000] {dag.py:3677} INFO - Setting next_dagrun for dataset_consumes_1 to None, run_after=None
[2023-08-28T00:16:01.938+0000] {logging_mixin.py:151} INFO - [2023-08-28T00:16:01.937+0000] {dag.py:3677} INFO - Setting next_dagrun for dataset_consumes_1_and_2 to None, run_after=None
[2023-08-28T00:16:01.941+0000] {logging_mixin.py:151} INFO - [2023-08-28T00:16:01.941+0000] {dag.py:3677} INFO - Setting next_dagrun for dataset_consumes_1_never_scheduled to None, run_after=None
[2023-08-28T00:16:01.944+0000] {logging_mixin.py:151} INFO - [2023-08-28T00:16:01.944+0000] {dag.py:3677} INFO - Setting next_dagrun for dataset_consumes_unknown_never_scheduled to None, run_after=None
[2023-08-28T00:16:01.949+0000] {logging_mixin.py:151} INFO - [2023-08-28T00:16:01.949+0000] {dag.py:3677} INFO - Setting next_dagrun for dataset_produces_1 to 2023-08-27T00:00:00+00:00, run_after=2023-08-28T00:00:00+00:00
[2023-08-28T00:16:01.952+0000] {logging_mixin.py:151} INFO - [2023-08-28T00:16:01.952+0000] {dag.py:3677} INFO - Setting next_dagrun for dataset_produces_2 to None, run_after=None
[2023-08-28T00:16:02.016+0000] {processor.py:179} INFO - Processing /home/airflow/.local/lib/python3.8/site-packages/airflow/example_dags/example_datasets.py took 0.327 seconds
[2023-08-28T00:16:32.144+0000] {processor.py:157} INFO - Started process (PID=887) to work on /home/airflow/.local/lib/python3.8/site-packages/airflow/example_dags/example_datasets.py
[2023-08-28T00:16:32.146+0000] {processor.py:829} INFO - Processing file /home/airflow/.local/lib/python3.8/site-packages/airflow/example_dags/example_datasets.py for tasks to queue
[2023-08-28T00:16:32.151+0000] {logging_mixin.py:151} INFO - [2023-08-28T00:16:32.150+0000] {dagbag.py:539} INFO - Filling up the DagBag from /home/airflow/.local/lib/python3.8/site-packages/airflow/example_dags/example_datasets.py
[2023-08-28T00:16:32.167+0000] {processor.py:839} INFO - DAG(s) dict_keys(['dataset_consumes_1', 'dataset_produces_1', 'dataset_consumes_1_and_2', 'dataset_consumes_1_never_scheduled', 'dataset_produces_2', 'dataset_consumes_unknown_never_scheduled']) retrieved from /home/airflow/.local/lib/python3.8/site-packages/airflow/example_dags/example_datasets.py
[2023-08-28T00:16:32.272+0000] {logging_mixin.py:151} INFO - [2023-08-28T00:16:32.272+0000] {dag.py:2907} INFO - Sync 6 DAGs
[2023-08-28T00:16:32.329+0000] {logging_mixin.py:151} INFO - [2023-08-28T00:16:32.329+0000] {dag.py:3677} INFO - Setting next_dagrun for dataset_consumes_1 to None, run_after=None
[2023-08-28T00:16:32.335+0000] {logging_mixin.py:151} INFO - [2023-08-28T00:16:32.335+0000] {dag.py:3677} INFO - Setting next_dagrun for dataset_consumes_1_and_2 to None, run_after=None
[2023-08-28T00:16:32.337+0000] {logging_mixin.py:151} INFO - [2023-08-28T00:16:32.337+0000] {dag.py:3677} INFO - Setting next_dagrun for dataset_consumes_1_never_scheduled to None, run_after=None
[2023-08-28T00:16:32.339+0000] {logging_mixin.py:151} INFO - [2023-08-28T00:16:32.339+0000] {dag.py:3677} INFO - Setting next_dagrun for dataset_consumes_unknown_never_scheduled to None, run_after=None
[2023-08-28T00:16:32.344+0000] {logging_mixin.py:151} INFO - [2023-08-28T00:16:32.343+0000] {dag.py:3677} INFO - Setting next_dagrun for dataset_produces_1 to 2023-08-27T00:00:00+00:00, run_after=2023-08-28T00:00:00+00:00
[2023-08-28T00:16:32.346+0000] {logging_mixin.py:151} INFO - [2023-08-28T00:16:32.346+0000] {dag.py:3677} INFO - Setting next_dagrun for dataset_produces_2 to None, run_after=None
[2023-08-28T00:16:32.412+0000] {processor.py:179} INFO - Processing /home/airflow/.local/lib/python3.8/site-packages/airflow/example_dags/example_datasets.py took 0.273 seconds
[2023-08-28T00:17:02.466+0000] {processor.py:157} INFO - Started process (PID=942) to work on /home/airflow/.local/lib/python3.8/site-packages/airflow/example_dags/example_datasets.py
[2023-08-28T00:17:02.473+0000] {processor.py:829} INFO - Processing file /home/airflow/.local/lib/python3.8/site-packages/airflow/example_dags/example_datasets.py for tasks to queue
[2023-08-28T00:17:02.480+0000] {logging_mixin.py:151} INFO - [2023-08-28T00:17:02.479+0000] {dagbag.py:539} INFO - Filling up the DagBag from /home/airflow/.local/lib/python3.8/site-packages/airflow/example_dags/example_datasets.py
[2023-08-28T00:17:02.496+0000] {processor.py:839} INFO - DAG(s) dict_keys(['dataset_consumes_1_and_2', 'dataset_consumes_unknown_never_scheduled', 'dataset_produces_2', 'dataset_consumes_1_never_scheduled', 'dataset_produces_1', 'dataset_consumes_1']) retrieved from /home/airflow/.local/lib/python3.8/site-packages/airflow/example_dags/example_datasets.py
[2023-08-28T00:17:02.582+0000] {logging_mixin.py:151} INFO - [2023-08-28T00:17:02.582+0000] {dag.py:2907} INFO - Sync 6 DAGs
[2023-08-28T00:17:02.621+0000] {logging_mixin.py:151} INFO - [2023-08-28T00:17:02.620+0000] {dag.py:3677} INFO - Setting next_dagrun for dataset_consumes_1 to None, run_after=None
[2023-08-28T00:17:02.624+0000] {logging_mixin.py:151} INFO - [2023-08-28T00:17:02.624+0000] {dag.py:3677} INFO - Setting next_dagrun for dataset_consumes_1_and_2 to None, run_after=None
[2023-08-28T00:17:02.626+0000] {logging_mixin.py:151} INFO - [2023-08-28T00:17:02.626+0000] {dag.py:3677} INFO - Setting next_dagrun for dataset_consumes_1_never_scheduled to None, run_after=None
[2023-08-28T00:17:02.628+0000] {logging_mixin.py:151} INFO - [2023-08-28T00:17:02.627+0000] {dag.py:3677} INFO - Setting next_dagrun for dataset_consumes_unknown_never_scheduled to None, run_after=None
[2023-08-28T00:17:02.631+0000] {logging_mixin.py:151} INFO - [2023-08-28T00:17:02.631+0000] {dag.py:3677} INFO - Setting next_dagrun for dataset_produces_1 to 2023-08-27T00:00:00+00:00, run_after=2023-08-28T00:00:00+00:00
[2023-08-28T00:17:02.632+0000] {logging_mixin.py:151} INFO - [2023-08-28T00:17:02.632+0000] {dag.py:3677} INFO - Setting next_dagrun for dataset_produces_2 to None, run_after=None
[2023-08-28T00:17:02.666+0000] {processor.py:179} INFO - Processing /home/airflow/.local/lib/python3.8/site-packages/airflow/example_dags/example_datasets.py took 0.212 seconds
[2023-08-28T00:17:33.319+0000] {processor.py:157} INFO - Started process (PID=998) to work on /home/airflow/.local/lib/python3.8/site-packages/airflow/example_dags/example_datasets.py
[2023-08-28T00:17:33.324+0000] {processor.py:829} INFO - Processing file /home/airflow/.local/lib/python3.8/site-packages/airflow/example_dags/example_datasets.py for tasks to queue
[2023-08-28T00:17:33.334+0000] {logging_mixin.py:151} INFO - [2023-08-28T00:17:33.332+0000] {dagbag.py:539} INFO - Filling up the DagBag from /home/airflow/.local/lib/python3.8/site-packages/airflow/example_dags/example_datasets.py
[2023-08-28T00:17:33.375+0000] {processor.py:839} INFO - DAG(s) dict_keys(['dataset_produces_2', 'dataset_consumes_1_never_scheduled', 'dataset_consumes_1', 'dataset_consumes_unknown_never_scheduled', 'dataset_produces_1', 'dataset_consumes_1_and_2']) retrieved from /home/airflow/.local/lib/python3.8/site-packages/airflow/example_dags/example_datasets.py
[2023-08-28T00:17:33.525+0000] {logging_mixin.py:151} INFO - [2023-08-28T00:17:33.525+0000] {dag.py:2907} INFO - Sync 6 DAGs
[2023-08-28T00:17:33.612+0000] {logging_mixin.py:151} INFO - [2023-08-28T00:17:33.612+0000] {dag.py:3677} INFO - Setting next_dagrun for dataset_consumes_1 to None, run_after=None
[2023-08-28T00:17:33.617+0000] {logging_mixin.py:151} INFO - [2023-08-28T00:17:33.617+0000] {dag.py:3677} INFO - Setting next_dagrun for dataset_consumes_1_and_2 to None, run_after=None
[2023-08-28T00:17:33.620+0000] {logging_mixin.py:151} INFO - [2023-08-28T00:17:33.619+0000] {dag.py:3677} INFO - Setting next_dagrun for dataset_consumes_1_never_scheduled to None, run_after=None
[2023-08-28T00:17:33.622+0000] {logging_mixin.py:151} INFO - [2023-08-28T00:17:33.622+0000] {dag.py:3677} INFO - Setting next_dagrun for dataset_consumes_unknown_never_scheduled to None, run_after=None
[2023-08-28T00:17:33.627+0000] {logging_mixin.py:151} INFO - [2023-08-28T00:17:33.627+0000] {dag.py:3677} INFO - Setting next_dagrun for dataset_produces_1 to 2023-08-27T00:00:00+00:00, run_after=2023-08-28T00:00:00+00:00
[2023-08-28T00:17:33.630+0000] {logging_mixin.py:151} INFO - [2023-08-28T00:17:33.630+0000] {dag.py:3677} INFO - Setting next_dagrun for dataset_produces_2 to None, run_after=None
[2023-08-28T00:17:33.676+0000] {processor.py:179} INFO - Processing /home/airflow/.local/lib/python3.8/site-packages/airflow/example_dags/example_datasets.py took 0.382 seconds
[2023-08-28T00:18:07.189+0000] {processor.py:157} INFO - Started process (PID=1053) to work on /home/airflow/.local/lib/python3.8/site-packages/airflow/example_dags/example_datasets.py
[2023-08-28T00:18:07.191+0000] {processor.py:829} INFO - Processing file /home/airflow/.local/lib/python3.8/site-packages/airflow/example_dags/example_datasets.py for tasks to queue
[2023-08-28T00:18:07.194+0000] {logging_mixin.py:151} INFO - [2023-08-28T00:18:07.194+0000] {dagbag.py:539} INFO - Filling up the DagBag from /home/airflow/.local/lib/python3.8/site-packages/airflow/example_dags/example_datasets.py
[2023-08-28T00:18:07.212+0000] {processor.py:839} INFO - DAG(s) dict_keys(['dataset_consumes_1_never_scheduled', 'dataset_consumes_unknown_never_scheduled', 'dataset_produces_2', 'dataset_consumes_1_and_2', 'dataset_consumes_1', 'dataset_produces_1']) retrieved from /home/airflow/.local/lib/python3.8/site-packages/airflow/example_dags/example_datasets.py
[2023-08-28T00:18:07.348+0000] {logging_mixin.py:151} INFO - [2023-08-28T00:18:07.348+0000] {dag.py:2907} INFO - Sync 6 DAGs
[2023-08-28T00:18:07.413+0000] {logging_mixin.py:151} INFO - [2023-08-28T00:18:07.412+0000] {dag.py:3677} INFO - Setting next_dagrun for dataset_consumes_1 to None, run_after=None
[2023-08-28T00:18:07.423+0000] {logging_mixin.py:151} INFO - [2023-08-28T00:18:07.423+0000] {dag.py:3677} INFO - Setting next_dagrun for dataset_consumes_1_and_2 to None, run_after=None
[2023-08-28T00:18:07.428+0000] {logging_mixin.py:151} INFO - [2023-08-28T00:18:07.427+0000] {dag.py:3677} INFO - Setting next_dagrun for dataset_consumes_1_never_scheduled to None, run_after=None
[2023-08-28T00:18:07.433+0000] {logging_mixin.py:151} INFO - [2023-08-28T00:18:07.433+0000] {dag.py:3677} INFO - Setting next_dagrun for dataset_consumes_unknown_never_scheduled to None, run_after=None
[2023-08-28T00:18:07.438+0000] {logging_mixin.py:151} INFO - [2023-08-28T00:18:07.438+0000] {dag.py:3677} INFO - Setting next_dagrun for dataset_produces_1 to 2023-08-27T00:00:00+00:00, run_after=2023-08-28T00:00:00+00:00
[2023-08-28T00:18:07.442+0000] {logging_mixin.py:151} INFO - [2023-08-28T00:18:07.442+0000] {dag.py:3677} INFO - Setting next_dagrun for dataset_produces_2 to None, run_after=None
[2023-08-28T00:18:07.494+0000] {processor.py:179} INFO - Processing /home/airflow/.local/lib/python3.8/site-packages/airflow/example_dags/example_datasets.py took 0.309 seconds
[2023-08-28T00:18:37.813+0000] {processor.py:157} INFO - Started process (PID=1107) to work on /home/airflow/.local/lib/python3.8/site-packages/airflow/example_dags/example_datasets.py
[2023-08-28T00:18:37.815+0000] {processor.py:829} INFO - Processing file /home/airflow/.local/lib/python3.8/site-packages/airflow/example_dags/example_datasets.py for tasks to queue
[2023-08-28T00:18:37.817+0000] {logging_mixin.py:151} INFO - [2023-08-28T00:18:37.817+0000] {dagbag.py:539} INFO - Filling up the DagBag from /home/airflow/.local/lib/python3.8/site-packages/airflow/example_dags/example_datasets.py
[2023-08-28T00:18:37.830+0000] {processor.py:839} INFO - DAG(s) dict_keys(['dataset_consumes_1_and_2', 'dataset_consumes_unknown_never_scheduled', 'dataset_consumes_1', 'dataset_produces_2', 'dataset_produces_1', 'dataset_consumes_1_never_scheduled']) retrieved from /home/airflow/.local/lib/python3.8/site-packages/airflow/example_dags/example_datasets.py
[2023-08-28T00:18:37.928+0000] {logging_mixin.py:151} INFO - [2023-08-28T00:18:37.927+0000] {dag.py:2907} INFO - Sync 6 DAGs
[2023-08-28T00:18:37.969+0000] {logging_mixin.py:151} INFO - [2023-08-28T00:18:37.969+0000] {dag.py:3677} INFO - Setting next_dagrun for dataset_consumes_1 to None, run_after=None
[2023-08-28T00:18:37.974+0000] {logging_mixin.py:151} INFO - [2023-08-28T00:18:37.974+0000] {dag.py:3677} INFO - Setting next_dagrun for dataset_consumes_1_and_2 to None, run_after=None
[2023-08-28T00:18:37.976+0000] {logging_mixin.py:151} INFO - [2023-08-28T00:18:37.976+0000] {dag.py:3677} INFO - Setting next_dagrun for dataset_consumes_1_never_scheduled to None, run_after=None
[2023-08-28T00:18:37.978+0000] {logging_mixin.py:151} INFO - [2023-08-28T00:18:37.978+0000] {dag.py:3677} INFO - Setting next_dagrun for dataset_consumes_unknown_never_scheduled to None, run_after=None
[2023-08-28T00:18:37.982+0000] {logging_mixin.py:151} INFO - [2023-08-28T00:18:37.981+0000] {dag.py:3677} INFO - Setting next_dagrun for dataset_produces_1 to 2023-08-27T00:00:00+00:00, run_after=2023-08-28T00:00:00+00:00
[2023-08-28T00:18:37.984+0000] {logging_mixin.py:151} INFO - [2023-08-28T00:18:37.984+0000] {dag.py:3677} INFO - Setting next_dagrun for dataset_produces_2 to None, run_after=None
[2023-08-28T00:18:38.022+0000] {processor.py:179} INFO - Processing /home/airflow/.local/lib/python3.8/site-packages/airflow/example_dags/example_datasets.py took 0.212 seconds
[2023-08-28T00:19:08.665+0000] {processor.py:157} INFO - Started process (PID=1162) to work on /home/airflow/.local/lib/python3.8/site-packages/airflow/example_dags/example_datasets.py
[2023-08-28T00:19:08.667+0000] {processor.py:829} INFO - Processing file /home/airflow/.local/lib/python3.8/site-packages/airflow/example_dags/example_datasets.py for tasks to queue
[2023-08-28T00:19:08.670+0000] {logging_mixin.py:151} INFO - [2023-08-28T00:19:08.669+0000] {dagbag.py:539} INFO - Filling up the DagBag from /home/airflow/.local/lib/python3.8/site-packages/airflow/example_dags/example_datasets.py
[2023-08-28T00:19:08.684+0000] {processor.py:839} INFO - DAG(s) dict_keys(['dataset_consumes_1', 'dataset_produces_1', 'dataset_produces_2', 'dataset_consumes_unknown_never_scheduled', 'dataset_consumes_1_and_2', 'dataset_consumes_1_never_scheduled']) retrieved from /home/airflow/.local/lib/python3.8/site-packages/airflow/example_dags/example_datasets.py
[2023-08-28T00:19:08.798+0000] {logging_mixin.py:151} INFO - [2023-08-28T00:19:08.798+0000] {dag.py:2907} INFO - Sync 6 DAGs
[2023-08-28T00:19:08.866+0000] {logging_mixin.py:151} INFO - [2023-08-28T00:19:08.865+0000] {dag.py:3677} INFO - Setting next_dagrun for dataset_consumes_1 to None, run_after=None
[2023-08-28T00:19:08.874+0000] {logging_mixin.py:151} INFO - [2023-08-28T00:19:08.873+0000] {dag.py:3677} INFO - Setting next_dagrun for dataset_consumes_1_and_2 to None, run_after=None
[2023-08-28T00:19:08.878+0000] {logging_mixin.py:151} INFO - [2023-08-28T00:19:08.878+0000] {dag.py:3677} INFO - Setting next_dagrun for dataset_consumes_1_never_scheduled to None, run_after=None
[2023-08-28T00:19:08.881+0000] {logging_mixin.py:151} INFO - [2023-08-28T00:19:08.881+0000] {dag.py:3677} INFO - Setting next_dagrun for dataset_consumes_unknown_never_scheduled to None, run_after=None
[2023-08-28T00:19:08.901+0000] {logging_mixin.py:151} INFO - [2023-08-28T00:19:08.900+0000] {dag.py:3677} INFO - Setting next_dagrun for dataset_produces_1 to 2023-08-27T00:00:00+00:00, run_after=2023-08-28T00:00:00+00:00
[2023-08-28T00:19:08.908+0000] {logging_mixin.py:151} INFO - [2023-08-28T00:19:08.907+0000] {dag.py:3677} INFO - Setting next_dagrun for dataset_produces_2 to None, run_after=None
[2023-08-28T00:19:08.984+0000] {processor.py:179} INFO - Processing /home/airflow/.local/lib/python3.8/site-packages/airflow/example_dags/example_datasets.py took 0.322 seconds
[2023-08-28T00:19:39.103+0000] {processor.py:157} INFO - Started process (PID=1217) to work on /home/airflow/.local/lib/python3.8/site-packages/airflow/example_dags/example_datasets.py
[2023-08-28T00:19:39.105+0000] {processor.py:829} INFO - Processing file /home/airflow/.local/lib/python3.8/site-packages/airflow/example_dags/example_datasets.py for tasks to queue
[2023-08-28T00:19:39.107+0000] {logging_mixin.py:151} INFO - [2023-08-28T00:19:39.107+0000] {dagbag.py:539} INFO - Filling up the DagBag from /home/airflow/.local/lib/python3.8/site-packages/airflow/example_dags/example_datasets.py
[2023-08-28T00:19:39.120+0000] {processor.py:839} INFO - DAG(s) dict_keys(['dataset_produces_2', 'dataset_produces_1', 'dataset_consumes_1_never_scheduled', 'dataset_consumes_unknown_never_scheduled', 'dataset_consumes_1', 'dataset_consumes_1_and_2']) retrieved from /home/airflow/.local/lib/python3.8/site-packages/airflow/example_dags/example_datasets.py
[2023-08-28T00:19:39.209+0000] {logging_mixin.py:151} INFO - [2023-08-28T00:19:39.209+0000] {dag.py:2907} INFO - Sync 6 DAGs
[2023-08-28T00:19:39.248+0000] {logging_mixin.py:151} INFO - [2023-08-28T00:19:39.247+0000] {dag.py:3677} INFO - Setting next_dagrun for dataset_consumes_1 to None, run_after=None
[2023-08-28T00:19:39.252+0000] {logging_mixin.py:151} INFO - [2023-08-28T00:19:39.252+0000] {dag.py:3677} INFO - Setting next_dagrun for dataset_consumes_1_and_2 to None, run_after=None
[2023-08-28T00:19:39.255+0000] {logging_mixin.py:151} INFO - [2023-08-28T00:19:39.255+0000] {dag.py:3677} INFO - Setting next_dagrun for dataset_consumes_1_never_scheduled to None, run_after=None
[2023-08-28T00:19:39.257+0000] {logging_mixin.py:151} INFO - [2023-08-28T00:19:39.257+0000] {dag.py:3677} INFO - Setting next_dagrun for dataset_consumes_unknown_never_scheduled to None, run_after=None
[2023-08-28T00:19:39.261+0000] {logging_mixin.py:151} INFO - [2023-08-28T00:19:39.261+0000] {dag.py:3677} INFO - Setting next_dagrun for dataset_produces_1 to 2023-08-27T00:00:00+00:00, run_after=2023-08-28T00:00:00+00:00
[2023-08-28T00:19:39.263+0000] {logging_mixin.py:151} INFO - [2023-08-28T00:19:39.263+0000] {dag.py:3677} INFO - Setting next_dagrun for dataset_produces_2 to None, run_after=None
[2023-08-28T00:19:39.304+0000] {processor.py:179} INFO - Processing /home/airflow/.local/lib/python3.8/site-packages/airflow/example_dags/example_datasets.py took 0.204 seconds
[2023-08-28T00:20:10.275+0000] {processor.py:157} INFO - Started process (PID=1272) to work on /home/airflow/.local/lib/python3.8/site-packages/airflow/example_dags/example_datasets.py
[2023-08-28T00:20:10.277+0000] {processor.py:829} INFO - Processing file /home/airflow/.local/lib/python3.8/site-packages/airflow/example_dags/example_datasets.py for tasks to queue
[2023-08-28T00:20:10.281+0000] {logging_mixin.py:151} INFO - [2023-08-28T00:20:10.280+0000] {dagbag.py:539} INFO - Filling up the DagBag from /home/airflow/.local/lib/python3.8/site-packages/airflow/example_dags/example_datasets.py
[2023-08-28T00:20:10.299+0000] {processor.py:839} INFO - DAG(s) dict_keys(['dataset_consumes_1_never_scheduled', 'dataset_produces_2', 'dataset_consumes_1', 'dataset_produces_1', 'dataset_consumes_1_and_2', 'dataset_consumes_unknown_never_scheduled']) retrieved from /home/airflow/.local/lib/python3.8/site-packages/airflow/example_dags/example_datasets.py
[2023-08-28T00:20:10.423+0000] {logging_mixin.py:151} INFO - [2023-08-28T00:20:10.423+0000] {dag.py:2907} INFO - Sync 6 DAGs
[2023-08-28T00:20:10.482+0000] {logging_mixin.py:151} INFO - [2023-08-28T00:20:10.482+0000] {dag.py:3677} INFO - Setting next_dagrun for dataset_consumes_1 to None, run_after=None
[2023-08-28T00:20:10.488+0000] {logging_mixin.py:151} INFO - [2023-08-28T00:20:10.488+0000] {dag.py:3677} INFO - Setting next_dagrun for dataset_consumes_1_and_2 to None, run_after=None
[2023-08-28T00:20:10.492+0000] {logging_mixin.py:151} INFO - [2023-08-28T00:20:10.491+0000] {dag.py:3677} INFO - Setting next_dagrun for dataset_consumes_1_never_scheduled to None, run_after=None
[2023-08-28T00:20:10.495+0000] {logging_mixin.py:151} INFO - [2023-08-28T00:20:10.495+0000] {dag.py:3677} INFO - Setting next_dagrun for dataset_consumes_unknown_never_scheduled to None, run_after=None
[2023-08-28T00:20:10.501+0000] {logging_mixin.py:151} INFO - [2023-08-28T00:20:10.500+0000] {dag.py:3677} INFO - Setting next_dagrun for dataset_produces_1 to 2023-08-27T00:00:00+00:00, run_after=2023-08-28T00:00:00+00:00
[2023-08-28T00:20:10.503+0000] {logging_mixin.py:151} INFO - [2023-08-28T00:20:10.503+0000] {dag.py:3677} INFO - Setting next_dagrun for dataset_produces_2 to None, run_after=None
[2023-08-28T00:20:10.549+0000] {processor.py:179} INFO - Processing /home/airflow/.local/lib/python3.8/site-packages/airflow/example_dags/example_datasets.py took 0.284 seconds
[2023-08-28T00:20:41.005+0000] {processor.py:157} INFO - Started process (PID=1327) to work on /home/airflow/.local/lib/python3.8/site-packages/airflow/example_dags/example_datasets.py
[2023-08-28T00:20:41.007+0000] {processor.py:829} INFO - Processing file /home/airflow/.local/lib/python3.8/site-packages/airflow/example_dags/example_datasets.py for tasks to queue
[2023-08-28T00:20:41.009+0000] {logging_mixin.py:151} INFO - [2023-08-28T00:20:41.009+0000] {dagbag.py:539} INFO - Filling up the DagBag from /home/airflow/.local/lib/python3.8/site-packages/airflow/example_dags/example_datasets.py
[2023-08-28T00:20:41.022+0000] {processor.py:839} INFO - DAG(s) dict_keys(['dataset_consumes_1_never_scheduled', 'dataset_produces_2', 'dataset_consumes_1', 'dataset_produces_1', 'dataset_consumes_unknown_never_scheduled', 'dataset_consumes_1_and_2']) retrieved from /home/airflow/.local/lib/python3.8/site-packages/airflow/example_dags/example_datasets.py
[2023-08-28T00:20:41.118+0000] {logging_mixin.py:151} INFO - [2023-08-28T00:20:41.118+0000] {dag.py:2907} INFO - Sync 6 DAGs
[2023-08-28T00:20:41.161+0000] {logging_mixin.py:151} INFO - [2023-08-28T00:20:41.161+0000] {dag.py:3677} INFO - Setting next_dagrun for dataset_consumes_1 to None, run_after=None
[2023-08-28T00:20:41.166+0000] {logging_mixin.py:151} INFO - [2023-08-28T00:20:41.165+0000] {dag.py:3677} INFO - Setting next_dagrun for dataset_consumes_1_and_2 to None, run_after=None
[2023-08-28T00:20:41.168+0000] {logging_mixin.py:151} INFO - [2023-08-28T00:20:41.167+0000] {dag.py:3677} INFO - Setting next_dagrun for dataset_consumes_1_never_scheduled to None, run_after=None
[2023-08-28T00:20:41.169+0000] {logging_mixin.py:151} INFO - [2023-08-28T00:20:41.169+0000] {dag.py:3677} INFO - Setting next_dagrun for dataset_consumes_unknown_never_scheduled to None, run_after=None
[2023-08-28T00:20:41.173+0000] {logging_mixin.py:151} INFO - [2023-08-28T00:20:41.173+0000] {dag.py:3677} INFO - Setting next_dagrun for dataset_produces_1 to 2023-08-27T00:00:00+00:00, run_after=2023-08-28T00:00:00+00:00
[2023-08-28T00:20:41.175+0000] {logging_mixin.py:151} INFO - [2023-08-28T00:20:41.174+0000] {dag.py:3677} INFO - Setting next_dagrun for dataset_produces_2 to None, run_after=None
[2023-08-28T00:20:41.214+0000] {processor.py:179} INFO - Processing /home/airflow/.local/lib/python3.8/site-packages/airflow/example_dags/example_datasets.py took 0.212 seconds
[2023-08-28T00:21:11.466+0000] {processor.py:157} INFO - Started process (PID=1382) to work on /home/airflow/.local/lib/python3.8/site-packages/airflow/example_dags/example_datasets.py
[2023-08-28T00:21:11.468+0000] {processor.py:829} INFO - Processing file /home/airflow/.local/lib/python3.8/site-packages/airflow/example_dags/example_datasets.py for tasks to queue
[2023-08-28T00:21:11.471+0000] {logging_mixin.py:151} INFO - [2023-08-28T00:21:11.470+0000] {dagbag.py:539} INFO - Filling up the DagBag from /home/airflow/.local/lib/python3.8/site-packages/airflow/example_dags/example_datasets.py
[2023-08-28T00:21:11.483+0000] {processor.py:839} INFO - DAG(s) dict_keys(['dataset_produces_2', 'dataset_consumes_1_never_scheduled', 'dataset_consumes_1', 'dataset_consumes_unknown_never_scheduled', 'dataset_consumes_1_and_2', 'dataset_produces_1']) retrieved from /home/airflow/.local/lib/python3.8/site-packages/airflow/example_dags/example_datasets.py
[2023-08-28T00:21:11.571+0000] {logging_mixin.py:151} INFO - [2023-08-28T00:21:11.571+0000] {dag.py:2907} INFO - Sync 6 DAGs
[2023-08-28T00:21:11.613+0000] {logging_mixin.py:151} INFO - [2023-08-28T00:21:11.613+0000] {dag.py:3677} INFO - Setting next_dagrun for dataset_consumes_1 to None, run_after=None
[2023-08-28T00:21:11.617+0000] {logging_mixin.py:151} INFO - [2023-08-28T00:21:11.617+0000] {dag.py:3677} INFO - Setting next_dagrun for dataset_consumes_1_and_2 to None, run_after=None
[2023-08-28T00:21:11.619+0000] {logging_mixin.py:151} INFO - [2023-08-28T00:21:11.619+0000] {dag.py:3677} INFO - Setting next_dagrun for dataset_consumes_1_never_scheduled to None, run_after=None
[2023-08-28T00:21:11.621+0000] {logging_mixin.py:151} INFO - [2023-08-28T00:21:11.621+0000] {dag.py:3677} INFO - Setting next_dagrun for dataset_consumes_unknown_never_scheduled to None, run_after=None
[2023-08-28T00:21:11.625+0000] {logging_mixin.py:151} INFO - [2023-08-28T00:21:11.625+0000] {dag.py:3677} INFO - Setting next_dagrun for dataset_produces_1 to 2023-08-27T00:00:00+00:00, run_after=2023-08-28T00:00:00+00:00
[2023-08-28T00:21:11.626+0000] {logging_mixin.py:151} INFO - [2023-08-28T00:21:11.626+0000] {dag.py:3677} INFO - Setting next_dagrun for dataset_produces_2 to None, run_after=None
[2023-08-28T00:21:11.664+0000] {processor.py:179} INFO - Processing /home/airflow/.local/lib/python3.8/site-packages/airflow/example_dags/example_datasets.py took 0.202 seconds
[2023-08-28T00:21:42.080+0000] {processor.py:157} INFO - Started process (PID=1437) to work on /home/airflow/.local/lib/python3.8/site-packages/airflow/example_dags/example_datasets.py
[2023-08-28T00:21:42.082+0000] {processor.py:829} INFO - Processing file /home/airflow/.local/lib/python3.8/site-packages/airflow/example_dags/example_datasets.py for tasks to queue
[2023-08-28T00:21:42.085+0000] {logging_mixin.py:151} INFO - [2023-08-28T00:21:42.084+0000] {dagbag.py:539} INFO - Filling up the DagBag from /home/airflow/.local/lib/python3.8/site-packages/airflow/example_dags/example_datasets.py
[2023-08-28T00:21:42.098+0000] {processor.py:839} INFO - DAG(s) dict_keys(['dataset_consumes_unknown_never_scheduled', 'dataset_consumes_1_and_2', 'dataset_consumes_1_never_scheduled', 'dataset_produces_1', 'dataset_consumes_1', 'dataset_produces_2']) retrieved from /home/airflow/.local/lib/python3.8/site-packages/airflow/example_dags/example_datasets.py
[2023-08-28T00:21:42.198+0000] {logging_mixin.py:151} INFO - [2023-08-28T00:21:42.197+0000] {dag.py:2907} INFO - Sync 6 DAGs
[2023-08-28T00:21:42.273+0000] {logging_mixin.py:151} INFO - [2023-08-28T00:21:42.273+0000] {dag.py:3677} INFO - Setting next_dagrun for dataset_consumes_1 to None, run_after=None
[2023-08-28T00:21:42.298+0000] {logging_mixin.py:151} INFO - [2023-08-28T00:21:42.297+0000] {dag.py:3677} INFO - Setting next_dagrun for dataset_consumes_1_and_2 to None, run_after=None
[2023-08-28T00:21:42.313+0000] {logging_mixin.py:151} INFO - [2023-08-28T00:21:42.312+0000] {dag.py:3677} INFO - Setting next_dagrun for dataset_consumes_1_never_scheduled to None, run_after=None
[2023-08-28T00:21:42.329+0000] {logging_mixin.py:151} INFO - [2023-08-28T00:21:42.328+0000] {dag.py:3677} INFO - Setting next_dagrun for dataset_consumes_unknown_never_scheduled to None, run_after=None
[2023-08-28T00:21:42.344+0000] {logging_mixin.py:151} INFO - [2023-08-28T00:21:42.343+0000] {dag.py:3677} INFO - Setting next_dagrun for dataset_produces_1 to 2023-08-27T00:00:00+00:00, run_after=2023-08-28T00:00:00+00:00
[2023-08-28T00:21:42.351+0000] {logging_mixin.py:151} INFO - [2023-08-28T00:21:42.351+0000] {dag.py:3677} INFO - Setting next_dagrun for dataset_produces_2 to None, run_after=None
[2023-08-28T00:21:42.410+0000] {processor.py:179} INFO - Processing /home/airflow/.local/lib/python3.8/site-packages/airflow/example_dags/example_datasets.py took 0.333 seconds
