[2023-08-28T00:02:01.243+0000] {processor.py:157} INFO - Started process (PID=51) to work on /home/airflow/.local/lib/python3.8/site-packages/airflow/example_dags/example_subdag_operator.py
[2023-08-28T00:02:01.245+0000] {processor.py:829} INFO - Processing file /home/airflow/.local/lib/python3.8/site-packages/airflow/example_dags/example_subdag_operator.py for tasks to queue
[2023-08-28T00:02:01.249+0000] {logging_mixin.py:151} INFO - [2023-08-28T00:02:01.248+0000] {dagbag.py:539} INFO - Filling up the DagBag from /home/airflow/.local/lib/python3.8/site-packages/airflow/example_dags/example_subdag_operator.py
[2023-08-28T00:02:01.387+0000] {processor.py:839} INFO - DAG(s) dict_keys(['example_subdag_operator.section-1', 'example_subdag_operator.section-2', 'example_subdag_operator']) retrieved from /home/airflow/.local/lib/python3.8/site-packages/airflow/example_dags/example_subdag_operator.py
[2023-08-28T00:02:01.692+0000] {logging_mixin.py:151} INFO - [2023-08-28T00:02:01.692+0000] {manager.py:501} INFO - Created Permission View: can edit on DAG:example_subdag_operator
[2023-08-28T00:02:01.712+0000] {logging_mixin.py:151} INFO - [2023-08-28T00:02:01.711+0000] {manager.py:501} INFO - Created Permission View: can delete on DAG:example_subdag_operator
[2023-08-28T00:02:01.746+0000] {logging_mixin.py:151} INFO - [2023-08-28T00:02:01.745+0000] {manager.py:501} INFO - Created Permission View: can read on DAG:example_subdag_operator
[2023-08-28T00:02:01.770+0000] {logging_mixin.py:151} INFO - [2023-08-28T00:02:01.770+0000] {dag.py:2907} INFO - Sync 3 DAGs
[2023-08-28T00:02:01.827+0000] {logging_mixin.py:151} INFO - [2023-08-28T00:02:01.827+0000] {dag.py:2929} INFO - Creating ORM DAG for example_subdag_operator.section-1
[2023-08-28T00:02:01.830+0000] {logging_mixin.py:151} INFO - [2023-08-28T00:02:01.829+0000] {dag.py:2929} INFO - Creating ORM DAG for example_subdag_operator.section-2
[2023-08-28T00:02:01.832+0000] {logging_mixin.py:151} INFO - [2023-08-28T00:02:01.831+0000] {dag.py:2929} INFO - Creating ORM DAG for example_subdag_operator
[2023-08-28T00:02:01.888+0000] {logging_mixin.py:151} INFO - [2023-08-28T00:02:01.888+0000] {dag.py:3677} INFO - Setting next_dagrun for example_subdag_operator to 2022-01-01T00:00:00+00:00, run_after=2022-01-01T00:00:00+00:00
[2023-08-28T00:02:01.892+0000] {logging_mixin.py:151} INFO - [2023-08-28T00:02:01.891+0000] {dag.py:3677} INFO - Setting next_dagrun for example_subdag_operator.section-1 to None, run_after=None
[2023-08-28T00:02:01.894+0000] {logging_mixin.py:151} INFO - [2023-08-28T00:02:01.893+0000] {dag.py:3677} INFO - Setting next_dagrun for example_subdag_operator.section-2 to None, run_after=None
[2023-08-28T00:02:01.919+0000] {logging_mixin.py:151} INFO - [2023-08-28T00:02:01.918+0000] {dag.py:2907} INFO - Sync 2 DAGs
[2023-08-28T00:02:01.956+0000] {logging_mixin.py:151} INFO - [2023-08-28T00:02:01.956+0000] {dag.py:3677} INFO - Setting next_dagrun for example_subdag_operator.section-1 to None, run_after=None
[2023-08-28T00:02:01.964+0000] {logging_mixin.py:151} INFO - [2023-08-28T00:02:01.964+0000] {dag.py:3677} INFO - Setting next_dagrun for example_subdag_operator.section-2 to None, run_after=None
[2023-08-28T00:02:01.988+0000] {processor.py:179} INFO - Processing /home/airflow/.local/lib/python3.8/site-packages/airflow/example_dags/example_subdag_operator.py took 0.749 seconds
[2023-08-28T00:02:32.584+0000] {processor.py:157} INFO - Started process (PID=106) to work on /home/airflow/.local/lib/python3.8/site-packages/airflow/example_dags/example_subdag_operator.py
[2023-08-28T00:02:32.587+0000] {processor.py:829} INFO - Processing file /home/airflow/.local/lib/python3.8/site-packages/airflow/example_dags/example_subdag_operator.py for tasks to queue
[2023-08-28T00:02:32.590+0000] {logging_mixin.py:151} INFO - [2023-08-28T00:02:32.590+0000] {dagbag.py:539} INFO - Filling up the DagBag from /home/airflow/.local/lib/python3.8/site-packages/airflow/example_dags/example_subdag_operator.py
[2023-08-28T00:02:32.678+0000] {processor.py:839} INFO - DAG(s) dict_keys(['example_subdag_operator.section-1', 'example_subdag_operator.section-2', 'example_subdag_operator']) retrieved from /home/airflow/.local/lib/python3.8/site-packages/airflow/example_dags/example_subdag_operator.py
[2023-08-28T00:02:32.816+0000] {logging_mixin.py:151} INFO - [2023-08-28T00:02:32.816+0000] {dag.py:2907} INFO - Sync 3 DAGs
[2023-08-28T00:02:32.855+0000] {logging_mixin.py:151} INFO - [2023-08-28T00:02:32.855+0000] {dag.py:3677} INFO - Setting next_dagrun for example_subdag_operator to 2022-01-01T00:00:00+00:00, run_after=2022-01-01T00:00:00+00:00
[2023-08-28T00:02:32.859+0000] {logging_mixin.py:151} INFO - [2023-08-28T00:02:32.859+0000] {dag.py:3677} INFO - Setting next_dagrun for example_subdag_operator.section-1 to None, run_after=None
[2023-08-28T00:02:32.861+0000] {logging_mixin.py:151} INFO - [2023-08-28T00:02:32.861+0000] {dag.py:3677} INFO - Setting next_dagrun for example_subdag_operator.section-2 to None, run_after=None
[2023-08-28T00:02:32.877+0000] {logging_mixin.py:151} INFO - [2023-08-28T00:02:32.877+0000] {dag.py:2907} INFO - Sync 2 DAGs
[2023-08-28T00:02:32.884+0000] {logging_mixin.py:151} INFO - [2023-08-28T00:02:32.884+0000] {dag.py:3677} INFO - Setting next_dagrun for example_subdag_operator.section-1 to None, run_after=None
[2023-08-28T00:02:32.885+0000] {logging_mixin.py:151} INFO - [2023-08-28T00:02:32.885+0000] {dag.py:3677} INFO - Setting next_dagrun for example_subdag_operator.section-2 to None, run_after=None
[2023-08-28T00:02:32.901+0000] {processor.py:179} INFO - Processing /home/airflow/.local/lib/python3.8/site-packages/airflow/example_dags/example_subdag_operator.py took 0.321 seconds
[2023-08-28T00:03:03.240+0000] {processor.py:157} INFO - Started process (PID=161) to work on /home/airflow/.local/lib/python3.8/site-packages/airflow/example_dags/example_subdag_operator.py
[2023-08-28T00:03:03.242+0000] {processor.py:829} INFO - Processing file /home/airflow/.local/lib/python3.8/site-packages/airflow/example_dags/example_subdag_operator.py for tasks to queue
[2023-08-28T00:03:03.249+0000] {logging_mixin.py:151} INFO - [2023-08-28T00:03:03.248+0000] {dagbag.py:539} INFO - Filling up the DagBag from /home/airflow/.local/lib/python3.8/site-packages/airflow/example_dags/example_subdag_operator.py
[2023-08-28T00:03:03.352+0000] {processor.py:839} INFO - DAG(s) dict_keys(['example_subdag_operator.section-1', 'example_subdag_operator.section-2', 'example_subdag_operator']) retrieved from /home/airflow/.local/lib/python3.8/site-packages/airflow/example_dags/example_subdag_operator.py
[2023-08-28T00:03:03.375+0000] {logging_mixin.py:151} INFO - [2023-08-28T00:03:03.374+0000] {dag.py:2907} INFO - Sync 3 DAGs
[2023-08-28T00:03:03.413+0000] {logging_mixin.py:151} INFO - [2023-08-28T00:03:03.413+0000] {dag.py:3677} INFO - Setting next_dagrun for example_subdag_operator to 2022-01-01T00:00:00+00:00, run_after=2022-01-01T00:00:00+00:00
[2023-08-28T00:03:03.418+0000] {logging_mixin.py:151} INFO - [2023-08-28T00:03:03.417+0000] {dag.py:3677} INFO - Setting next_dagrun for example_subdag_operator.section-1 to None, run_after=None
[2023-08-28T00:03:03.419+0000] {logging_mixin.py:151} INFO - [2023-08-28T00:03:03.419+0000] {dag.py:3677} INFO - Setting next_dagrun for example_subdag_operator.section-2 to None, run_after=None
[2023-08-28T00:03:03.433+0000] {logging_mixin.py:151} INFO - [2023-08-28T00:03:03.433+0000] {dag.py:2907} INFO - Sync 2 DAGs
[2023-08-28T00:03:03.441+0000] {logging_mixin.py:151} INFO - [2023-08-28T00:03:03.441+0000] {dag.py:3677} INFO - Setting next_dagrun for example_subdag_operator.section-1 to None, run_after=None
[2023-08-28T00:03:03.443+0000] {logging_mixin.py:151} INFO - [2023-08-28T00:03:03.442+0000] {dag.py:3677} INFO - Setting next_dagrun for example_subdag_operator.section-2 to None, run_after=None
[2023-08-28T00:03:03.457+0000] {processor.py:179} INFO - Processing /home/airflow/.local/lib/python3.8/site-packages/airflow/example_dags/example_subdag_operator.py took 0.223 seconds
[2023-08-28T00:03:33.531+0000] {processor.py:157} INFO - Started process (PID=215) to work on /home/airflow/.local/lib/python3.8/site-packages/airflow/example_dags/example_subdag_operator.py
[2023-08-28T00:03:33.534+0000] {processor.py:829} INFO - Processing file /home/airflow/.local/lib/python3.8/site-packages/airflow/example_dags/example_subdag_operator.py for tasks to queue
[2023-08-28T00:03:33.538+0000] {logging_mixin.py:151} INFO - [2023-08-28T00:03:33.537+0000] {dagbag.py:539} INFO - Filling up the DagBag from /home/airflow/.local/lib/python3.8/site-packages/airflow/example_dags/example_subdag_operator.py
[2023-08-28T00:03:33.633+0000] {processor.py:839} INFO - DAG(s) dict_keys(['example_subdag_operator.section-1', 'example_subdag_operator.section-2', 'example_subdag_operator']) retrieved from /home/airflow/.local/lib/python3.8/site-packages/airflow/example_dags/example_subdag_operator.py
[2023-08-28T00:03:33.665+0000] {logging_mixin.py:151} INFO - [2023-08-28T00:03:33.664+0000] {dag.py:2907} INFO - Sync 3 DAGs
[2023-08-28T00:03:33.735+0000] {logging_mixin.py:151} INFO - [2023-08-28T00:03:33.735+0000] {dag.py:3677} INFO - Setting next_dagrun for example_subdag_operator to 2022-01-01T00:00:00+00:00, run_after=2022-01-01T00:00:00+00:00
[2023-08-28T00:03:33.741+0000] {logging_mixin.py:151} INFO - [2023-08-28T00:03:33.741+0000] {dag.py:3677} INFO - Setting next_dagrun for example_subdag_operator.section-1 to None, run_after=None
[2023-08-28T00:03:33.744+0000] {logging_mixin.py:151} INFO - [2023-08-28T00:03:33.744+0000] {dag.py:3677} INFO - Setting next_dagrun for example_subdag_operator.section-2 to None, run_after=None
[2023-08-28T00:03:33.759+0000] {logging_mixin.py:151} INFO - [2023-08-28T00:03:33.759+0000] {dag.py:2907} INFO - Sync 2 DAGs
[2023-08-28T00:03:33.767+0000] {logging_mixin.py:151} INFO - [2023-08-28T00:03:33.767+0000] {dag.py:3677} INFO - Setting next_dagrun for example_subdag_operator.section-1 to None, run_after=None
[2023-08-28T00:03:33.769+0000] {logging_mixin.py:151} INFO - [2023-08-28T00:03:33.768+0000] {dag.py:3677} INFO - Setting next_dagrun for example_subdag_operator.section-2 to None, run_after=None
[2023-08-28T00:03:33.791+0000] {processor.py:179} INFO - Processing /home/airflow/.local/lib/python3.8/site-packages/airflow/example_dags/example_subdag_operator.py took 0.264 seconds
[2023-08-28T00:04:04.495+0000] {processor.py:157} INFO - Started process (PID=270) to work on /home/airflow/.local/lib/python3.8/site-packages/airflow/example_dags/example_subdag_operator.py
[2023-08-28T00:04:04.499+0000] {processor.py:829} INFO - Processing file /home/airflow/.local/lib/python3.8/site-packages/airflow/example_dags/example_subdag_operator.py for tasks to queue
[2023-08-28T00:04:04.505+0000] {logging_mixin.py:151} INFO - [2023-08-28T00:04:04.505+0000] {dagbag.py:539} INFO - Filling up the DagBag from /home/airflow/.local/lib/python3.8/site-packages/airflow/example_dags/example_subdag_operator.py
[2023-08-28T00:04:04.605+0000] {processor.py:839} INFO - DAG(s) dict_keys(['example_subdag_operator.section-1', 'example_subdag_operator.section-2', 'example_subdag_operator']) retrieved from /home/airflow/.local/lib/python3.8/site-packages/airflow/example_dags/example_subdag_operator.py
[2023-08-28T00:04:04.630+0000] {logging_mixin.py:151} INFO - [2023-08-28T00:04:04.629+0000] {dag.py:2907} INFO - Sync 3 DAGs
[2023-08-28T00:04:04.683+0000] {logging_mixin.py:151} INFO - [2023-08-28T00:04:04.682+0000] {dag.py:3677} INFO - Setting next_dagrun for example_subdag_operator to 2022-01-01T00:00:00+00:00, run_after=2022-01-01T00:00:00+00:00
[2023-08-28T00:04:04.688+0000] {logging_mixin.py:151} INFO - [2023-08-28T00:04:04.687+0000] {dag.py:3677} INFO - Setting next_dagrun for example_subdag_operator.section-1 to None, run_after=None
[2023-08-28T00:04:04.690+0000] {logging_mixin.py:151} INFO - [2023-08-28T00:04:04.690+0000] {dag.py:3677} INFO - Setting next_dagrun for example_subdag_operator.section-2 to None, run_after=None
[2023-08-28T00:04:04.706+0000] {logging_mixin.py:151} INFO - [2023-08-28T00:04:04.706+0000] {dag.py:2907} INFO - Sync 2 DAGs
[2023-08-28T00:04:04.714+0000] {logging_mixin.py:151} INFO - [2023-08-28T00:04:04.714+0000] {dag.py:3677} INFO - Setting next_dagrun for example_subdag_operator.section-1 to None, run_after=None
[2023-08-28T00:04:04.715+0000] {logging_mixin.py:151} INFO - [2023-08-28T00:04:04.715+0000] {dag.py:3677} INFO - Setting next_dagrun for example_subdag_operator.section-2 to None, run_after=None
[2023-08-28T00:04:04.733+0000] {processor.py:179} INFO - Processing /home/airflow/.local/lib/python3.8/site-packages/airflow/example_dags/example_subdag_operator.py took 0.241 seconds
[2023-08-28T00:04:35.703+0000] {processor.py:157} INFO - Started process (PID=325) to work on /home/airflow/.local/lib/python3.8/site-packages/airflow/example_dags/example_subdag_operator.py
[2023-08-28T00:04:35.706+0000] {processor.py:829} INFO - Processing file /home/airflow/.local/lib/python3.8/site-packages/airflow/example_dags/example_subdag_operator.py for tasks to queue
[2023-08-28T00:04:35.713+0000] {logging_mixin.py:151} INFO - [2023-08-28T00:04:35.711+0000] {dagbag.py:539} INFO - Filling up the DagBag from /home/airflow/.local/lib/python3.8/site-packages/airflow/example_dags/example_subdag_operator.py
[2023-08-28T00:04:35.867+0000] {processor.py:839} INFO - DAG(s) dict_keys(['example_subdag_operator.section-1', 'example_subdag_operator.section-2', 'example_subdag_operator']) retrieved from /home/airflow/.local/lib/python3.8/site-packages/airflow/example_dags/example_subdag_operator.py
[2023-08-28T00:04:35.912+0000] {logging_mixin.py:151} INFO - [2023-08-28T00:04:35.911+0000] {dag.py:2907} INFO - Sync 3 DAGs
[2023-08-28T00:04:35.978+0000] {logging_mixin.py:151} INFO - [2023-08-28T00:04:35.978+0000] {dag.py:3677} INFO - Setting next_dagrun for example_subdag_operator to 2022-01-01T00:00:00+00:00, run_after=2022-01-01T00:00:00+00:00
[2023-08-28T00:04:35.994+0000] {logging_mixin.py:151} INFO - [2023-08-28T00:04:35.992+0000] {dag.py:3677} INFO - Setting next_dagrun for example_subdag_operator.section-1 to None, run_after=None
[2023-08-28T00:04:35.999+0000] {logging_mixin.py:151} INFO - [2023-08-28T00:04:35.999+0000] {dag.py:3677} INFO - Setting next_dagrun for example_subdag_operator.section-2 to None, run_after=None
[2023-08-28T00:04:36.027+0000] {logging_mixin.py:151} INFO - [2023-08-28T00:04:36.027+0000] {dag.py:2907} INFO - Sync 2 DAGs
[2023-08-28T00:04:36.036+0000] {logging_mixin.py:151} INFO - [2023-08-28T00:04:36.036+0000] {dag.py:3677} INFO - Setting next_dagrun for example_subdag_operator.section-1 to None, run_after=None
[2023-08-28T00:04:36.037+0000] {logging_mixin.py:151} INFO - [2023-08-28T00:04:36.037+0000] {dag.py:3677} INFO - Setting next_dagrun for example_subdag_operator.section-2 to None, run_after=None
[2023-08-28T00:04:36.052+0000] {processor.py:179} INFO - Processing /home/airflow/.local/lib/python3.8/site-packages/airflow/example_dags/example_subdag_operator.py took 0.354 seconds
[2023-08-28T00:05:06.252+0000] {processor.py:157} INFO - Started process (PID=380) to work on /home/airflow/.local/lib/python3.8/site-packages/airflow/example_dags/example_subdag_operator.py
[2023-08-28T00:05:06.254+0000] {processor.py:829} INFO - Processing file /home/airflow/.local/lib/python3.8/site-packages/airflow/example_dags/example_subdag_operator.py for tasks to queue
[2023-08-28T00:05:06.256+0000] {logging_mixin.py:151} INFO - [2023-08-28T00:05:06.256+0000] {dagbag.py:539} INFO - Filling up the DagBag from /home/airflow/.local/lib/python3.8/site-packages/airflow/example_dags/example_subdag_operator.py
[2023-08-28T00:05:06.331+0000] {processor.py:839} INFO - DAG(s) dict_keys(['example_subdag_operator.section-1', 'example_subdag_operator.section-2', 'example_subdag_operator']) retrieved from /home/airflow/.local/lib/python3.8/site-packages/airflow/example_dags/example_subdag_operator.py
[2023-08-28T00:05:06.352+0000] {logging_mixin.py:151} INFO - [2023-08-28T00:05:06.351+0000] {dag.py:2907} INFO - Sync 3 DAGs
[2023-08-28T00:05:06.388+0000] {logging_mixin.py:151} INFO - [2023-08-28T00:05:06.387+0000] {dag.py:3677} INFO - Setting next_dagrun for example_subdag_operator to 2022-01-01T00:00:00+00:00, run_after=2022-01-01T00:00:00+00:00
[2023-08-28T00:05:06.392+0000] {logging_mixin.py:151} INFO - [2023-08-28T00:05:06.392+0000] {dag.py:3677} INFO - Setting next_dagrun for example_subdag_operator.section-1 to None, run_after=None
[2023-08-28T00:05:06.394+0000] {logging_mixin.py:151} INFO - [2023-08-28T00:05:06.394+0000] {dag.py:3677} INFO - Setting next_dagrun for example_subdag_operator.section-2 to None, run_after=None
[2023-08-28T00:05:06.408+0000] {logging_mixin.py:151} INFO - [2023-08-28T00:05:06.407+0000] {dag.py:2907} INFO - Sync 2 DAGs
[2023-08-28T00:05:06.415+0000] {logging_mixin.py:151} INFO - [2023-08-28T00:05:06.415+0000] {dag.py:3677} INFO - Setting next_dagrun for example_subdag_operator.section-1 to None, run_after=None
[2023-08-28T00:05:06.416+0000] {logging_mixin.py:151} INFO - [2023-08-28T00:05:06.416+0000] {dag.py:3677} INFO - Setting next_dagrun for example_subdag_operator.section-2 to None, run_after=None
[2023-08-28T00:05:06.429+0000] {processor.py:179} INFO - Processing /home/airflow/.local/lib/python3.8/site-packages/airflow/example_dags/example_subdag_operator.py took 0.180 seconds
[2023-08-28T00:08:47.315+0000] {processor.py:157} INFO - Started process (PID=59) to work on /home/airflow/.local/lib/python3.8/site-packages/airflow/example_dags/example_subdag_operator.py
[2023-08-28T00:08:47.317+0000] {processor.py:829} INFO - Processing file /home/airflow/.local/lib/python3.8/site-packages/airflow/example_dags/example_subdag_operator.py for tasks to queue
[2023-08-28T00:08:47.322+0000] {logging_mixin.py:151} INFO - [2023-08-28T00:08:47.321+0000] {dagbag.py:539} INFO - Filling up the DagBag from /home/airflow/.local/lib/python3.8/site-packages/airflow/example_dags/example_subdag_operator.py
[2023-08-28T00:08:47.488+0000] {processor.py:839} INFO - DAG(s) dict_keys(['example_subdag_operator.section-1', 'example_subdag_operator.section-2', 'example_subdag_operator']) retrieved from /home/airflow/.local/lib/python3.8/site-packages/airflow/example_dags/example_subdag_operator.py
[2023-08-28T00:08:47.568+0000] {logging_mixin.py:151} INFO - [2023-08-28T00:08:47.567+0000] {dag.py:2907} INFO - Sync 3 DAGs
[2023-08-28T00:08:47.697+0000] {logging_mixin.py:151} INFO - [2023-08-28T00:08:47.696+0000] {dag.py:3677} INFO - Setting next_dagrun for example_subdag_operator to 2022-01-01T00:00:00+00:00, run_after=2022-01-01T00:00:00+00:00
[2023-08-28T00:08:47.711+0000] {logging_mixin.py:151} INFO - [2023-08-28T00:08:47.710+0000] {dag.py:3677} INFO - Setting next_dagrun for example_subdag_operator.section-1 to None, run_after=None
[2023-08-28T00:08:47.717+0000] {logging_mixin.py:151} INFO - [2023-08-28T00:08:47.717+0000] {dag.py:3677} INFO - Setting next_dagrun for example_subdag_operator.section-2 to None, run_after=None
[2023-08-28T00:08:47.752+0000] {logging_mixin.py:151} INFO - [2023-08-28T00:08:47.752+0000] {dag.py:2907} INFO - Sync 2 DAGs
[2023-08-28T00:08:48.443+0000] {logging_mixin.py:151} INFO - [2023-08-28T00:08:48.443+0000] {dag.py:3677} INFO - Setting next_dagrun for example_subdag_operator.section-1 to None, run_after=None
[2023-08-28T00:08:48.450+0000] {logging_mixin.py:151} INFO - [2023-08-28T00:08:48.447+0000] {dag.py:3677} INFO - Setting next_dagrun for example_subdag_operator.section-2 to None, run_after=None
[2023-08-28T00:08:48.508+0000] {processor.py:179} INFO - Processing /home/airflow/.local/lib/python3.8/site-packages/airflow/example_dags/example_subdag_operator.py took 1.198 seconds
[2023-08-28T00:09:18.725+0000] {processor.py:157} INFO - Started process (PID=114) to work on /home/airflow/.local/lib/python3.8/site-packages/airflow/example_dags/example_subdag_operator.py
[2023-08-28T00:09:18.727+0000] {processor.py:829} INFO - Processing file /home/airflow/.local/lib/python3.8/site-packages/airflow/example_dags/example_subdag_operator.py for tasks to queue
[2023-08-28T00:09:18.731+0000] {logging_mixin.py:151} INFO - [2023-08-28T00:09:18.731+0000] {dagbag.py:539} INFO - Filling up the DagBag from /home/airflow/.local/lib/python3.8/site-packages/airflow/example_dags/example_subdag_operator.py
[2023-08-28T00:09:18.831+0000] {processor.py:839} INFO - DAG(s) dict_keys(['example_subdag_operator.section-1', 'example_subdag_operator.section-2', 'example_subdag_operator']) retrieved from /home/airflow/.local/lib/python3.8/site-packages/airflow/example_dags/example_subdag_operator.py
[2023-08-28T00:09:18.952+0000] {logging_mixin.py:151} INFO - [2023-08-28T00:09:18.951+0000] {dag.py:2907} INFO - Sync 3 DAGs
[2023-08-28T00:09:18.989+0000] {logging_mixin.py:151} INFO - [2023-08-28T00:09:18.989+0000] {dag.py:3677} INFO - Setting next_dagrun for example_subdag_operator to 2022-01-01T00:00:00+00:00, run_after=2022-01-01T00:00:00+00:00
[2023-08-28T00:09:18.993+0000] {logging_mixin.py:151} INFO - [2023-08-28T00:09:18.993+0000] {dag.py:3677} INFO - Setting next_dagrun for example_subdag_operator.section-1 to None, run_after=None
[2023-08-28T00:09:18.995+0000] {logging_mixin.py:151} INFO - [2023-08-28T00:09:18.995+0000] {dag.py:3677} INFO - Setting next_dagrun for example_subdag_operator.section-2 to None, run_after=None
[2023-08-28T00:09:19.011+0000] {logging_mixin.py:151} INFO - [2023-08-28T00:09:19.011+0000] {dag.py:2907} INFO - Sync 2 DAGs
[2023-08-28T00:09:19.022+0000] {logging_mixin.py:151} INFO - [2023-08-28T00:09:19.021+0000] {dag.py:3677} INFO - Setting next_dagrun for example_subdag_operator.section-1 to None, run_after=None
[2023-08-28T00:09:19.023+0000] {logging_mixin.py:151} INFO - [2023-08-28T00:09:19.022+0000] {dag.py:3677} INFO - Setting next_dagrun for example_subdag_operator.section-2 to None, run_after=None
[2023-08-28T00:09:19.037+0000] {processor.py:179} INFO - Processing /home/airflow/.local/lib/python3.8/site-packages/airflow/example_dags/example_subdag_operator.py took 0.318 seconds
[2023-08-28T00:09:49.105+0000] {processor.py:157} INFO - Started process (PID=169) to work on /home/airflow/.local/lib/python3.8/site-packages/airflow/example_dags/example_subdag_operator.py
[2023-08-28T00:09:49.107+0000] {processor.py:829} INFO - Processing file /home/airflow/.local/lib/python3.8/site-packages/airflow/example_dags/example_subdag_operator.py for tasks to queue
[2023-08-28T00:09:49.110+0000] {logging_mixin.py:151} INFO - [2023-08-28T00:09:49.110+0000] {dagbag.py:539} INFO - Filling up the DagBag from /home/airflow/.local/lib/python3.8/site-packages/airflow/example_dags/example_subdag_operator.py
[2023-08-28T00:09:49.205+0000] {processor.py:839} INFO - DAG(s) dict_keys(['example_subdag_operator.section-1', 'example_subdag_operator.section-2', 'example_subdag_operator']) retrieved from /home/airflow/.local/lib/python3.8/site-packages/airflow/example_dags/example_subdag_operator.py
[2023-08-28T00:09:49.234+0000] {logging_mixin.py:151} INFO - [2023-08-28T00:09:49.233+0000] {dag.py:2907} INFO - Sync 3 DAGs
[2023-08-28T00:09:49.280+0000] {logging_mixin.py:151} INFO - [2023-08-28T00:09:49.280+0000] {dag.py:3677} INFO - Setting next_dagrun for example_subdag_operator to 2022-01-01T00:00:00+00:00, run_after=2022-01-01T00:00:00+00:00
[2023-08-28T00:09:49.286+0000] {logging_mixin.py:151} INFO - [2023-08-28T00:09:49.286+0000] {dag.py:3677} INFO - Setting next_dagrun for example_subdag_operator.section-1 to None, run_after=None
[2023-08-28T00:09:49.289+0000] {logging_mixin.py:151} INFO - [2023-08-28T00:09:49.289+0000] {dag.py:3677} INFO - Setting next_dagrun for example_subdag_operator.section-2 to None, run_after=None
[2023-08-28T00:09:49.307+0000] {logging_mixin.py:151} INFO - [2023-08-28T00:09:49.306+0000] {dag.py:2907} INFO - Sync 2 DAGs
[2023-08-28T00:09:49.334+0000] {logging_mixin.py:151} INFO - [2023-08-28T00:09:49.333+0000] {dag.py:3677} INFO - Setting next_dagrun for example_subdag_operator.section-1 to None, run_after=None
[2023-08-28T00:09:49.336+0000] {logging_mixin.py:151} INFO - [2023-08-28T00:09:49.336+0000] {dag.py:3677} INFO - Setting next_dagrun for example_subdag_operator.section-2 to None, run_after=None
[2023-08-28T00:09:49.365+0000] {processor.py:179} INFO - Processing /home/airflow/.local/lib/python3.8/site-packages/airflow/example_dags/example_subdag_operator.py took 0.264 seconds
[2023-08-28T00:10:20.289+0000] {processor.py:157} INFO - Started process (PID=224) to work on /home/airflow/.local/lib/python3.8/site-packages/airflow/example_dags/example_subdag_operator.py
[2023-08-28T00:10:20.292+0000] {processor.py:829} INFO - Processing file /home/airflow/.local/lib/python3.8/site-packages/airflow/example_dags/example_subdag_operator.py for tasks to queue
[2023-08-28T00:10:20.294+0000] {logging_mixin.py:151} INFO - [2023-08-28T00:10:20.294+0000] {dagbag.py:539} INFO - Filling up the DagBag from /home/airflow/.local/lib/python3.8/site-packages/airflow/example_dags/example_subdag_operator.py
[2023-08-28T00:10:20.378+0000] {processor.py:839} INFO - DAG(s) dict_keys(['example_subdag_operator.section-1', 'example_subdag_operator.section-2', 'example_subdag_operator']) retrieved from /home/airflow/.local/lib/python3.8/site-packages/airflow/example_dags/example_subdag_operator.py
[2023-08-28T00:10:20.397+0000] {logging_mixin.py:151} INFO - [2023-08-28T00:10:20.397+0000] {dag.py:2907} INFO - Sync 3 DAGs
[2023-08-28T00:10:20.435+0000] {logging_mixin.py:151} INFO - [2023-08-28T00:10:20.435+0000] {dag.py:3677} INFO - Setting next_dagrun for example_subdag_operator to 2022-01-01T00:00:00+00:00, run_after=2022-01-01T00:00:00+00:00
[2023-08-28T00:10:20.439+0000] {logging_mixin.py:151} INFO - [2023-08-28T00:10:20.439+0000] {dag.py:3677} INFO - Setting next_dagrun for example_subdag_operator.section-1 to None, run_after=None
[2023-08-28T00:10:20.441+0000] {logging_mixin.py:151} INFO - [2023-08-28T00:10:20.441+0000] {dag.py:3677} INFO - Setting next_dagrun for example_subdag_operator.section-2 to None, run_after=None
[2023-08-28T00:10:20.454+0000] {logging_mixin.py:151} INFO - [2023-08-28T00:10:20.454+0000] {dag.py:2907} INFO - Sync 2 DAGs
[2023-08-28T00:10:20.461+0000] {logging_mixin.py:151} INFO - [2023-08-28T00:10:20.461+0000] {dag.py:3677} INFO - Setting next_dagrun for example_subdag_operator.section-1 to None, run_after=None
[2023-08-28T00:10:20.462+0000] {logging_mixin.py:151} INFO - [2023-08-28T00:10:20.462+0000] {dag.py:3677} INFO - Setting next_dagrun for example_subdag_operator.section-2 to None, run_after=None
[2023-08-28T00:10:20.477+0000] {processor.py:179} INFO - Processing /home/airflow/.local/lib/python3.8/site-packages/airflow/example_dags/example_subdag_operator.py took 0.192 seconds
[2023-08-28T00:10:51.049+0000] {processor.py:157} INFO - Started process (PID=279) to work on /home/airflow/.local/lib/python3.8/site-packages/airflow/example_dags/example_subdag_operator.py
[2023-08-28T00:10:51.052+0000] {processor.py:829} INFO - Processing file /home/airflow/.local/lib/python3.8/site-packages/airflow/example_dags/example_subdag_operator.py for tasks to queue
[2023-08-28T00:10:51.055+0000] {logging_mixin.py:151} INFO - [2023-08-28T00:10:51.055+0000] {dagbag.py:539} INFO - Filling up the DagBag from /home/airflow/.local/lib/python3.8/site-packages/airflow/example_dags/example_subdag_operator.py
[2023-08-28T00:10:51.176+0000] {processor.py:839} INFO - DAG(s) dict_keys(['example_subdag_operator.section-1', 'example_subdag_operator.section-2', 'example_subdag_operator']) retrieved from /home/airflow/.local/lib/python3.8/site-packages/airflow/example_dags/example_subdag_operator.py
[2023-08-28T00:10:51.198+0000] {logging_mixin.py:151} INFO - [2023-08-28T00:10:51.198+0000] {dag.py:2907} INFO - Sync 3 DAGs
[2023-08-28T00:10:51.237+0000] {logging_mixin.py:151} INFO - [2023-08-28T00:10:51.236+0000] {dag.py:3677} INFO - Setting next_dagrun for example_subdag_operator to 2022-01-01T00:00:00+00:00, run_after=2022-01-01T00:00:00+00:00
[2023-08-28T00:10:51.242+0000] {logging_mixin.py:151} INFO - [2023-08-28T00:10:51.242+0000] {dag.py:3677} INFO - Setting next_dagrun for example_subdag_operator.section-1 to None, run_after=None
[2023-08-28T00:10:51.244+0000] {logging_mixin.py:151} INFO - [2023-08-28T00:10:51.244+0000] {dag.py:3677} INFO - Setting next_dagrun for example_subdag_operator.section-2 to None, run_after=None
[2023-08-28T00:10:51.261+0000] {logging_mixin.py:151} INFO - [2023-08-28T00:10:51.261+0000] {dag.py:2907} INFO - Sync 2 DAGs
[2023-08-28T00:10:51.270+0000] {logging_mixin.py:151} INFO - [2023-08-28T00:10:51.269+0000] {dag.py:3677} INFO - Setting next_dagrun for example_subdag_operator.section-1 to None, run_after=None
[2023-08-28T00:10:51.271+0000] {logging_mixin.py:151} INFO - [2023-08-28T00:10:51.271+0000] {dag.py:3677} INFO - Setting next_dagrun for example_subdag_operator.section-2 to None, run_after=None
[2023-08-28T00:10:51.288+0000] {processor.py:179} INFO - Processing /home/airflow/.local/lib/python3.8/site-packages/airflow/example_dags/example_subdag_operator.py took 0.243 seconds
[2023-08-28T00:11:21.776+0000] {processor.py:157} INFO - Started process (PID=333) to work on /home/airflow/.local/lib/python3.8/site-packages/airflow/example_dags/example_subdag_operator.py
[2023-08-28T00:11:21.778+0000] {processor.py:829} INFO - Processing file /home/airflow/.local/lib/python3.8/site-packages/airflow/example_dags/example_subdag_operator.py for tasks to queue
[2023-08-28T00:11:21.780+0000] {logging_mixin.py:151} INFO - [2023-08-28T00:11:21.780+0000] {dagbag.py:539} INFO - Filling up the DagBag from /home/airflow/.local/lib/python3.8/site-packages/airflow/example_dags/example_subdag_operator.py
[2023-08-28T00:11:21.866+0000] {processor.py:839} INFO - DAG(s) dict_keys(['example_subdag_operator.section-1', 'example_subdag_operator.section-2', 'example_subdag_operator']) retrieved from /home/airflow/.local/lib/python3.8/site-packages/airflow/example_dags/example_subdag_operator.py
[2023-08-28T00:11:21.886+0000] {logging_mixin.py:151} INFO - [2023-08-28T00:11:21.886+0000] {dag.py:2907} INFO - Sync 3 DAGs
[2023-08-28T00:11:21.922+0000] {logging_mixin.py:151} INFO - [2023-08-28T00:11:21.921+0000] {dag.py:3677} INFO - Setting next_dagrun for example_subdag_operator to 2022-01-01T00:00:00+00:00, run_after=2022-01-01T00:00:00+00:00
[2023-08-28T00:11:21.926+0000] {logging_mixin.py:151} INFO - [2023-08-28T00:11:21.926+0000] {dag.py:3677} INFO - Setting next_dagrun for example_subdag_operator.section-1 to None, run_after=None
[2023-08-28T00:11:21.928+0000] {logging_mixin.py:151} INFO - [2023-08-28T00:11:21.928+0000] {dag.py:3677} INFO - Setting next_dagrun for example_subdag_operator.section-2 to None, run_after=None
[2023-08-28T00:11:21.942+0000] {logging_mixin.py:151} INFO - [2023-08-28T00:11:21.942+0000] {dag.py:2907} INFO - Sync 2 DAGs
[2023-08-28T00:11:21.949+0000] {logging_mixin.py:151} INFO - [2023-08-28T00:11:21.949+0000] {dag.py:3677} INFO - Setting next_dagrun for example_subdag_operator.section-1 to None, run_after=None
[2023-08-28T00:11:21.951+0000] {logging_mixin.py:151} INFO - [2023-08-28T00:11:21.950+0000] {dag.py:3677} INFO - Setting next_dagrun for example_subdag_operator.section-2 to None, run_after=None
[2023-08-28T00:11:21.966+0000] {processor.py:179} INFO - Processing /home/airflow/.local/lib/python3.8/site-packages/airflow/example_dags/example_subdag_operator.py took 0.193 seconds
[2023-08-28T00:11:52.452+0000] {processor.py:157} INFO - Started process (PID=387) to work on /home/airflow/.local/lib/python3.8/site-packages/airflow/example_dags/example_subdag_operator.py
[2023-08-28T00:11:52.454+0000] {processor.py:829} INFO - Processing file /home/airflow/.local/lib/python3.8/site-packages/airflow/example_dags/example_subdag_operator.py for tasks to queue
[2023-08-28T00:11:52.456+0000] {logging_mixin.py:151} INFO - [2023-08-28T00:11:52.456+0000] {dagbag.py:539} INFO - Filling up the DagBag from /home/airflow/.local/lib/python3.8/site-packages/airflow/example_dags/example_subdag_operator.py
[2023-08-28T00:11:52.544+0000] {processor.py:839} INFO - DAG(s) dict_keys(['example_subdag_operator.section-1', 'example_subdag_operator.section-2', 'example_subdag_operator']) retrieved from /home/airflow/.local/lib/python3.8/site-packages/airflow/example_dags/example_subdag_operator.py
[2023-08-28T00:11:52.567+0000] {logging_mixin.py:151} INFO - [2023-08-28T00:11:52.567+0000] {dag.py:2907} INFO - Sync 3 DAGs
[2023-08-28T00:11:52.608+0000] {logging_mixin.py:151} INFO - [2023-08-28T00:11:52.607+0000] {dag.py:3677} INFO - Setting next_dagrun for example_subdag_operator to 2022-01-01T00:00:00+00:00, run_after=2022-01-01T00:00:00+00:00
[2023-08-28T00:11:52.613+0000] {logging_mixin.py:151} INFO - [2023-08-28T00:11:52.613+0000] {dag.py:3677} INFO - Setting next_dagrun for example_subdag_operator.section-1 to None, run_after=None
[2023-08-28T00:11:52.615+0000] {logging_mixin.py:151} INFO - [2023-08-28T00:11:52.615+0000] {dag.py:3677} INFO - Setting next_dagrun for example_subdag_operator.section-2 to None, run_after=None
[2023-08-28T00:11:52.632+0000] {logging_mixin.py:151} INFO - [2023-08-28T00:11:52.632+0000] {dag.py:2907} INFO - Sync 2 DAGs
[2023-08-28T00:11:52.644+0000] {logging_mixin.py:151} INFO - [2023-08-28T00:11:52.644+0000] {dag.py:3677} INFO - Setting next_dagrun for example_subdag_operator.section-1 to None, run_after=None
[2023-08-28T00:11:52.645+0000] {logging_mixin.py:151} INFO - [2023-08-28T00:11:52.645+0000] {dag.py:3677} INFO - Setting next_dagrun for example_subdag_operator.section-2 to None, run_after=None
[2023-08-28T00:11:52.663+0000] {processor.py:179} INFO - Processing /home/airflow/.local/lib/python3.8/site-packages/airflow/example_dags/example_subdag_operator.py took 0.215 seconds
[2023-08-28T00:12:23.185+0000] {processor.py:157} INFO - Started process (PID=442) to work on /home/airflow/.local/lib/python3.8/site-packages/airflow/example_dags/example_subdag_operator.py
[2023-08-28T00:12:23.188+0000] {processor.py:829} INFO - Processing file /home/airflow/.local/lib/python3.8/site-packages/airflow/example_dags/example_subdag_operator.py for tasks to queue
[2023-08-28T00:12:23.200+0000] {logging_mixin.py:151} INFO - [2023-08-28T00:12:23.199+0000] {dagbag.py:539} INFO - Filling up the DagBag from /home/airflow/.local/lib/python3.8/site-packages/airflow/example_dags/example_subdag_operator.py
[2023-08-28T00:12:23.431+0000] {processor.py:839} INFO - DAG(s) dict_keys(['example_subdag_operator.section-1', 'example_subdag_operator.section-2', 'example_subdag_operator']) retrieved from /home/airflow/.local/lib/python3.8/site-packages/airflow/example_dags/example_subdag_operator.py
[2023-08-28T00:12:23.516+0000] {logging_mixin.py:151} INFO - [2023-08-28T00:12:23.515+0000] {dag.py:2907} INFO - Sync 3 DAGs
[2023-08-28T00:12:23.635+0000] {logging_mixin.py:151} INFO - [2023-08-28T00:12:23.634+0000] {dag.py:3677} INFO - Setting next_dagrun for example_subdag_operator to 2022-01-01T00:00:00+00:00, run_after=2022-01-01T00:00:00+00:00
[2023-08-28T00:12:23.653+0000] {logging_mixin.py:151} INFO - [2023-08-28T00:12:23.652+0000] {dag.py:3677} INFO - Setting next_dagrun for example_subdag_operator.section-1 to None, run_after=None
[2023-08-28T00:12:23.661+0000] {logging_mixin.py:151} INFO - [2023-08-28T00:12:23.660+0000] {dag.py:3677} INFO - Setting next_dagrun for example_subdag_operator.section-2 to None, run_after=None
[2023-08-28T00:12:23.722+0000] {logging_mixin.py:151} INFO - [2023-08-28T00:12:23.721+0000] {dag.py:2907} INFO - Sync 2 DAGs
[2023-08-28T00:12:23.774+0000] {logging_mixin.py:151} INFO - [2023-08-28T00:12:23.773+0000] {dag.py:3677} INFO - Setting next_dagrun for example_subdag_operator.section-1 to None, run_after=None
[2023-08-28T00:12:23.777+0000] {logging_mixin.py:151} INFO - [2023-08-28T00:12:23.777+0000] {dag.py:3677} INFO - Setting next_dagrun for example_subdag_operator.section-2 to None, run_after=None
[2023-08-28T00:12:23.808+0000] {processor.py:179} INFO - Processing /home/airflow/.local/lib/python3.8/site-packages/airflow/example_dags/example_subdag_operator.py took 0.635 seconds
[2023-08-28T00:12:54.693+0000] {processor.py:157} INFO - Started process (PID=497) to work on /home/airflow/.local/lib/python3.8/site-packages/airflow/example_dags/example_subdag_operator.py
[2023-08-28T00:12:54.696+0000] {processor.py:829} INFO - Processing file /home/airflow/.local/lib/python3.8/site-packages/airflow/example_dags/example_subdag_operator.py for tasks to queue
[2023-08-28T00:12:54.700+0000] {logging_mixin.py:151} INFO - [2023-08-28T00:12:54.700+0000] {dagbag.py:539} INFO - Filling up the DagBag from /home/airflow/.local/lib/python3.8/site-packages/airflow/example_dags/example_subdag_operator.py
[2023-08-28T00:12:54.826+0000] {processor.py:839} INFO - DAG(s) dict_keys(['example_subdag_operator.section-1', 'example_subdag_operator.section-2', 'example_subdag_operator']) retrieved from /home/airflow/.local/lib/python3.8/site-packages/airflow/example_dags/example_subdag_operator.py
[2023-08-28T00:12:54.847+0000] {logging_mixin.py:151} INFO - [2023-08-28T00:12:54.847+0000] {dag.py:2907} INFO - Sync 3 DAGs
[2023-08-28T00:12:54.885+0000] {logging_mixin.py:151} INFO - [2023-08-28T00:12:54.885+0000] {dag.py:3677} INFO - Setting next_dagrun for example_subdag_operator to 2022-01-01T00:00:00+00:00, run_after=2022-01-01T00:00:00+00:00
[2023-08-28T00:12:54.890+0000] {logging_mixin.py:151} INFO - [2023-08-28T00:12:54.890+0000] {dag.py:3677} INFO - Setting next_dagrun for example_subdag_operator.section-1 to None, run_after=None
[2023-08-28T00:12:54.893+0000] {logging_mixin.py:151} INFO - [2023-08-28T00:12:54.892+0000] {dag.py:3677} INFO - Setting next_dagrun for example_subdag_operator.section-2 to None, run_after=None
[2023-08-28T00:12:54.908+0000] {logging_mixin.py:151} INFO - [2023-08-28T00:12:54.908+0000] {dag.py:2907} INFO - Sync 2 DAGs
[2023-08-28T00:12:54.916+0000] {logging_mixin.py:151} INFO - [2023-08-28T00:12:54.915+0000] {dag.py:3677} INFO - Setting next_dagrun for example_subdag_operator.section-1 to None, run_after=None
[2023-08-28T00:12:54.918+0000] {logging_mixin.py:151} INFO - [2023-08-28T00:12:54.917+0000] {dag.py:3677} INFO - Setting next_dagrun for example_subdag_operator.section-2 to None, run_after=None
[2023-08-28T00:12:54.934+0000] {processor.py:179} INFO - Processing /home/airflow/.local/lib/python3.8/site-packages/airflow/example_dags/example_subdag_operator.py took 0.247 seconds
[2023-08-28T00:13:25.797+0000] {processor.py:157} INFO - Started process (PID=551) to work on /home/airflow/.local/lib/python3.8/site-packages/airflow/example_dags/example_subdag_operator.py
[2023-08-28T00:13:25.800+0000] {processor.py:829} INFO - Processing file /home/airflow/.local/lib/python3.8/site-packages/airflow/example_dags/example_subdag_operator.py for tasks to queue
[2023-08-28T00:13:25.804+0000] {logging_mixin.py:151} INFO - [2023-08-28T00:13:25.803+0000] {dagbag.py:539} INFO - Filling up the DagBag from /home/airflow/.local/lib/python3.8/site-packages/airflow/example_dags/example_subdag_operator.py
[2023-08-28T00:13:25.897+0000] {processor.py:839} INFO - DAG(s) dict_keys(['example_subdag_operator.section-1', 'example_subdag_operator.section-2', 'example_subdag_operator']) retrieved from /home/airflow/.local/lib/python3.8/site-packages/airflow/example_dags/example_subdag_operator.py
[2023-08-28T00:13:25.920+0000] {logging_mixin.py:151} INFO - [2023-08-28T00:13:25.920+0000] {dag.py:2907} INFO - Sync 3 DAGs
[2023-08-28T00:13:25.959+0000] {logging_mixin.py:151} INFO - [2023-08-28T00:13:25.959+0000] {dag.py:3677} INFO - Setting next_dagrun for example_subdag_operator to 2022-01-01T00:00:00+00:00, run_after=2022-01-01T00:00:00+00:00
[2023-08-28T00:13:25.965+0000] {logging_mixin.py:151} INFO - [2023-08-28T00:13:25.965+0000] {dag.py:3677} INFO - Setting next_dagrun for example_subdag_operator.section-1 to None, run_after=None
[2023-08-28T00:13:25.968+0000] {logging_mixin.py:151} INFO - [2023-08-28T00:13:25.967+0000] {dag.py:3677} INFO - Setting next_dagrun for example_subdag_operator.section-2 to None, run_after=None
[2023-08-28T00:13:25.983+0000] {logging_mixin.py:151} INFO - [2023-08-28T00:13:25.983+0000] {dag.py:2907} INFO - Sync 2 DAGs
[2023-08-28T00:13:25.992+0000] {logging_mixin.py:151} INFO - [2023-08-28T00:13:25.992+0000] {dag.py:3677} INFO - Setting next_dagrun for example_subdag_operator.section-1 to None, run_after=None
[2023-08-28T00:13:25.993+0000] {logging_mixin.py:151} INFO - [2023-08-28T00:13:25.993+0000] {dag.py:3677} INFO - Setting next_dagrun for example_subdag_operator.section-2 to None, run_after=None
[2023-08-28T00:13:26.008+0000] {processor.py:179} INFO - Processing /home/airflow/.local/lib/python3.8/site-packages/airflow/example_dags/example_subdag_operator.py took 0.223 seconds
[2023-08-28T00:13:56.095+0000] {processor.py:157} INFO - Started process (PID=606) to work on /home/airflow/.local/lib/python3.8/site-packages/airflow/example_dags/example_subdag_operator.py
[2023-08-28T00:13:56.097+0000] {processor.py:829} INFO - Processing file /home/airflow/.local/lib/python3.8/site-packages/airflow/example_dags/example_subdag_operator.py for tasks to queue
[2023-08-28T00:13:56.101+0000] {logging_mixin.py:151} INFO - [2023-08-28T00:13:56.100+0000] {dagbag.py:539} INFO - Filling up the DagBag from /home/airflow/.local/lib/python3.8/site-packages/airflow/example_dags/example_subdag_operator.py
[2023-08-28T00:13:56.197+0000] {processor.py:839} INFO - DAG(s) dict_keys(['example_subdag_operator.section-1', 'example_subdag_operator.section-2', 'example_subdag_operator']) retrieved from /home/airflow/.local/lib/python3.8/site-packages/airflow/example_dags/example_subdag_operator.py
[2023-08-28T00:13:56.221+0000] {logging_mixin.py:151} INFO - [2023-08-28T00:13:56.221+0000] {dag.py:2907} INFO - Sync 3 DAGs
[2023-08-28T00:13:56.259+0000] {logging_mixin.py:151} INFO - [2023-08-28T00:13:56.259+0000] {dag.py:3677} INFO - Setting next_dagrun for example_subdag_operator to 2022-01-01T00:00:00+00:00, run_after=2022-01-01T00:00:00+00:00
[2023-08-28T00:13:56.263+0000] {logging_mixin.py:151} INFO - [2023-08-28T00:13:56.263+0000] {dag.py:3677} INFO - Setting next_dagrun for example_subdag_operator.section-1 to None, run_after=None
[2023-08-28T00:13:56.265+0000] {logging_mixin.py:151} INFO - [2023-08-28T00:13:56.265+0000] {dag.py:3677} INFO - Setting next_dagrun for example_subdag_operator.section-2 to None, run_after=None
[2023-08-28T00:13:56.279+0000] {logging_mixin.py:151} INFO - [2023-08-28T00:13:56.279+0000] {dag.py:2907} INFO - Sync 2 DAGs
[2023-08-28T00:13:56.288+0000] {logging_mixin.py:151} INFO - [2023-08-28T00:13:56.288+0000] {dag.py:3677} INFO - Setting next_dagrun for example_subdag_operator.section-1 to None, run_after=None
[2023-08-28T00:13:56.289+0000] {logging_mixin.py:151} INFO - [2023-08-28T00:13:56.288+0000] {dag.py:3677} INFO - Setting next_dagrun for example_subdag_operator.section-2 to None, run_after=None
[2023-08-28T00:13:56.302+0000] {processor.py:179} INFO - Processing /home/airflow/.local/lib/python3.8/site-packages/airflow/example_dags/example_subdag_operator.py took 0.212 seconds
[2023-08-28T00:14:26.749+0000] {processor.py:157} INFO - Started process (PID=661) to work on /home/airflow/.local/lib/python3.8/site-packages/airflow/example_dags/example_subdag_operator.py
[2023-08-28T00:14:26.751+0000] {processor.py:829} INFO - Processing file /home/airflow/.local/lib/python3.8/site-packages/airflow/example_dags/example_subdag_operator.py for tasks to queue
[2023-08-28T00:14:26.754+0000] {logging_mixin.py:151} INFO - [2023-08-28T00:14:26.754+0000] {dagbag.py:539} INFO - Filling up the DagBag from /home/airflow/.local/lib/python3.8/site-packages/airflow/example_dags/example_subdag_operator.py
[2023-08-28T00:14:26.845+0000] {processor.py:839} INFO - DAG(s) dict_keys(['example_subdag_operator.section-1', 'example_subdag_operator.section-2', 'example_subdag_operator']) retrieved from /home/airflow/.local/lib/python3.8/site-packages/airflow/example_dags/example_subdag_operator.py
[2023-08-28T00:14:26.868+0000] {logging_mixin.py:151} INFO - [2023-08-28T00:14:26.868+0000] {dag.py:2907} INFO - Sync 3 DAGs
[2023-08-28T00:14:26.909+0000] {logging_mixin.py:151} INFO - [2023-08-28T00:14:26.909+0000] {dag.py:3677} INFO - Setting next_dagrun for example_subdag_operator to 2022-01-01T00:00:00+00:00, run_after=2022-01-01T00:00:00+00:00
[2023-08-28T00:14:26.913+0000] {logging_mixin.py:151} INFO - [2023-08-28T00:14:26.913+0000] {dag.py:3677} INFO - Setting next_dagrun for example_subdag_operator.section-1 to None, run_after=None
[2023-08-28T00:14:26.916+0000] {logging_mixin.py:151} INFO - [2023-08-28T00:14:26.915+0000] {dag.py:3677} INFO - Setting next_dagrun for example_subdag_operator.section-2 to None, run_after=None
[2023-08-28T00:14:26.931+0000] {logging_mixin.py:151} INFO - [2023-08-28T00:14:26.931+0000] {dag.py:2907} INFO - Sync 2 DAGs
[2023-08-28T00:14:26.942+0000] {logging_mixin.py:151} INFO - [2023-08-28T00:14:26.942+0000] {dag.py:3677} INFO - Setting next_dagrun for example_subdag_operator.section-1 to None, run_after=None
[2023-08-28T00:14:26.943+0000] {logging_mixin.py:151} INFO - [2023-08-28T00:14:26.943+0000] {dag.py:3677} INFO - Setting next_dagrun for example_subdag_operator.section-2 to None, run_after=None
[2023-08-28T00:14:26.958+0000] {processor.py:179} INFO - Processing /home/airflow/.local/lib/python3.8/site-packages/airflow/example_dags/example_subdag_operator.py took 0.214 seconds
[2023-08-28T00:14:57.486+0000] {processor.py:157} INFO - Started process (PID=716) to work on /home/airflow/.local/lib/python3.8/site-packages/airflow/example_dags/example_subdag_operator.py
[2023-08-28T00:14:57.490+0000] {processor.py:829} INFO - Processing file /home/airflow/.local/lib/python3.8/site-packages/airflow/example_dags/example_subdag_operator.py for tasks to queue
[2023-08-28T00:14:57.500+0000] {logging_mixin.py:151} INFO - [2023-08-28T00:14:57.499+0000] {dagbag.py:539} INFO - Filling up the DagBag from /home/airflow/.local/lib/python3.8/site-packages/airflow/example_dags/example_subdag_operator.py
[2023-08-28T00:14:57.697+0000] {processor.py:839} INFO - DAG(s) dict_keys(['example_subdag_operator.section-1', 'example_subdag_operator.section-2', 'example_subdag_operator']) retrieved from /home/airflow/.local/lib/python3.8/site-packages/airflow/example_dags/example_subdag_operator.py
[2023-08-28T00:14:57.722+0000] {logging_mixin.py:151} INFO - [2023-08-28T00:14:57.722+0000] {dag.py:2907} INFO - Sync 3 DAGs
[2023-08-28T00:14:57.770+0000] {logging_mixin.py:151} INFO - [2023-08-28T00:14:57.770+0000] {dag.py:3677} INFO - Setting next_dagrun for example_subdag_operator to 2022-01-01T00:00:00+00:00, run_after=2022-01-01T00:00:00+00:00
[2023-08-28T00:14:57.783+0000] {logging_mixin.py:151} INFO - [2023-08-28T00:14:57.783+0000] {dag.py:3677} INFO - Setting next_dagrun for example_subdag_operator.section-1 to None, run_after=None
[2023-08-28T00:14:57.800+0000] {logging_mixin.py:151} INFO - [2023-08-28T00:14:57.796+0000] {dag.py:3677} INFO - Setting next_dagrun for example_subdag_operator.section-2 to None, run_after=None
[2023-08-28T00:14:57.826+0000] {logging_mixin.py:151} INFO - [2023-08-28T00:14:57.826+0000] {dag.py:2907} INFO - Sync 2 DAGs
[2023-08-28T00:14:57.847+0000] {logging_mixin.py:151} INFO - [2023-08-28T00:14:57.847+0000] {dag.py:3677} INFO - Setting next_dagrun for example_subdag_operator.section-1 to None, run_after=None
[2023-08-28T00:14:57.850+0000] {logging_mixin.py:151} INFO - [2023-08-28T00:14:57.850+0000] {dag.py:3677} INFO - Setting next_dagrun for example_subdag_operator.section-2 to None, run_after=None
[2023-08-28T00:14:57.874+0000] {processor.py:179} INFO - Processing /home/airflow/.local/lib/python3.8/site-packages/airflow/example_dags/example_subdag_operator.py took 0.392 seconds
[2023-08-28T00:15:28.270+0000] {processor.py:157} INFO - Started process (PID=771) to work on /home/airflow/.local/lib/python3.8/site-packages/airflow/example_dags/example_subdag_operator.py
[2023-08-28T00:15:28.272+0000] {processor.py:829} INFO - Processing file /home/airflow/.local/lib/python3.8/site-packages/airflow/example_dags/example_subdag_operator.py for tasks to queue
[2023-08-28T00:15:28.275+0000] {logging_mixin.py:151} INFO - [2023-08-28T00:15:28.274+0000] {dagbag.py:539} INFO - Filling up the DagBag from /home/airflow/.local/lib/python3.8/site-packages/airflow/example_dags/example_subdag_operator.py
[2023-08-28T00:15:28.359+0000] {processor.py:839} INFO - DAG(s) dict_keys(['example_subdag_operator.section-1', 'example_subdag_operator.section-2', 'example_subdag_operator']) retrieved from /home/airflow/.local/lib/python3.8/site-packages/airflow/example_dags/example_subdag_operator.py
[2023-08-28T00:15:28.383+0000] {logging_mixin.py:151} INFO - [2023-08-28T00:15:28.383+0000] {dag.py:2907} INFO - Sync 3 DAGs
[2023-08-28T00:15:28.424+0000] {logging_mixin.py:151} INFO - [2023-08-28T00:15:28.424+0000] {dag.py:3677} INFO - Setting next_dagrun for example_subdag_operator to 2022-01-01T00:00:00+00:00, run_after=2022-01-01T00:00:00+00:00
[2023-08-28T00:15:28.429+0000] {logging_mixin.py:151} INFO - [2023-08-28T00:15:28.429+0000] {dag.py:3677} INFO - Setting next_dagrun for example_subdag_operator.section-1 to None, run_after=None
[2023-08-28T00:15:28.432+0000] {logging_mixin.py:151} INFO - [2023-08-28T00:15:28.432+0000] {dag.py:3677} INFO - Setting next_dagrun for example_subdag_operator.section-2 to None, run_after=None
[2023-08-28T00:15:28.447+0000] {logging_mixin.py:151} INFO - [2023-08-28T00:15:28.446+0000] {dag.py:2907} INFO - Sync 2 DAGs
[2023-08-28T00:15:28.456+0000] {logging_mixin.py:151} INFO - [2023-08-28T00:15:28.456+0000] {dag.py:3677} INFO - Setting next_dagrun for example_subdag_operator.section-1 to None, run_after=None
[2023-08-28T00:15:28.458+0000] {logging_mixin.py:151} INFO - [2023-08-28T00:15:28.457+0000] {dag.py:3677} INFO - Setting next_dagrun for example_subdag_operator.section-2 to None, run_after=None
[2023-08-28T00:15:28.474+0000] {processor.py:179} INFO - Processing /home/airflow/.local/lib/python3.8/site-packages/airflow/example_dags/example_subdag_operator.py took 0.207 seconds
[2023-08-28T00:15:59.179+0000] {processor.py:157} INFO - Started process (PID=826) to work on /home/airflow/.local/lib/python3.8/site-packages/airflow/example_dags/example_subdag_operator.py
[2023-08-28T00:15:59.183+0000] {processor.py:829} INFO - Processing file /home/airflow/.local/lib/python3.8/site-packages/airflow/example_dags/example_subdag_operator.py for tasks to queue
[2023-08-28T00:15:59.186+0000] {logging_mixin.py:151} INFO - [2023-08-28T00:15:59.185+0000] {dagbag.py:539} INFO - Filling up the DagBag from /home/airflow/.local/lib/python3.8/site-packages/airflow/example_dags/example_subdag_operator.py
[2023-08-28T00:15:59.284+0000] {processor.py:839} INFO - DAG(s) dict_keys(['example_subdag_operator.section-1', 'example_subdag_operator.section-2', 'example_subdag_operator']) retrieved from /home/airflow/.local/lib/python3.8/site-packages/airflow/example_dags/example_subdag_operator.py
[2023-08-28T00:15:59.333+0000] {logging_mixin.py:151} INFO - [2023-08-28T00:15:59.333+0000] {dag.py:2907} INFO - Sync 3 DAGs
[2023-08-28T00:15:59.394+0000] {logging_mixin.py:151} INFO - [2023-08-28T00:15:59.393+0000] {dag.py:3677} INFO - Setting next_dagrun for example_subdag_operator to 2022-01-01T00:00:00+00:00, run_after=2022-01-01T00:00:00+00:00
[2023-08-28T00:15:59.404+0000] {logging_mixin.py:151} INFO - [2023-08-28T00:15:59.404+0000] {dag.py:3677} INFO - Setting next_dagrun for example_subdag_operator.section-1 to None, run_after=None
[2023-08-28T00:15:59.408+0000] {logging_mixin.py:151} INFO - [2023-08-28T00:15:59.408+0000] {dag.py:3677} INFO - Setting next_dagrun for example_subdag_operator.section-2 to None, run_after=None
[2023-08-28T00:15:59.426+0000] {logging_mixin.py:151} INFO - [2023-08-28T00:15:59.424+0000] {dag.py:2907} INFO - Sync 2 DAGs
[2023-08-28T00:15:59.444+0000] {logging_mixin.py:151} INFO - [2023-08-28T00:15:59.444+0000] {dag.py:3677} INFO - Setting next_dagrun for example_subdag_operator.section-1 to None, run_after=None
[2023-08-28T00:15:59.445+0000] {logging_mixin.py:151} INFO - [2023-08-28T00:15:59.445+0000] {dag.py:3677} INFO - Setting next_dagrun for example_subdag_operator.section-2 to None, run_after=None
[2023-08-28T00:15:59.465+0000] {processor.py:179} INFO - Processing /home/airflow/.local/lib/python3.8/site-packages/airflow/example_dags/example_subdag_operator.py took 0.289 seconds
[2023-08-28T00:16:29.774+0000] {processor.py:157} INFO - Started process (PID=881) to work on /home/airflow/.local/lib/python3.8/site-packages/airflow/example_dags/example_subdag_operator.py
[2023-08-28T00:16:29.775+0000] {processor.py:829} INFO - Processing file /home/airflow/.local/lib/python3.8/site-packages/airflow/example_dags/example_subdag_operator.py for tasks to queue
[2023-08-28T00:16:29.777+0000] {logging_mixin.py:151} INFO - [2023-08-28T00:16:29.777+0000] {dagbag.py:539} INFO - Filling up the DagBag from /home/airflow/.local/lib/python3.8/site-packages/airflow/example_dags/example_subdag_operator.py
[2023-08-28T00:16:29.853+0000] {processor.py:839} INFO - DAG(s) dict_keys(['example_subdag_operator.section-1', 'example_subdag_operator.section-2', 'example_subdag_operator']) retrieved from /home/airflow/.local/lib/python3.8/site-packages/airflow/example_dags/example_subdag_operator.py
[2023-08-28T00:16:29.871+0000] {logging_mixin.py:151} INFO - [2023-08-28T00:16:29.871+0000] {dag.py:2907} INFO - Sync 3 DAGs
[2023-08-28T00:16:29.907+0000] {logging_mixin.py:151} INFO - [2023-08-28T00:16:29.907+0000] {dag.py:3677} INFO - Setting next_dagrun for example_subdag_operator to 2022-01-01T00:00:00+00:00, run_after=2022-01-01T00:00:00+00:00
[2023-08-28T00:16:29.911+0000] {logging_mixin.py:151} INFO - [2023-08-28T00:16:29.911+0000] {dag.py:3677} INFO - Setting next_dagrun for example_subdag_operator.section-1 to None, run_after=None
[2023-08-28T00:16:29.913+0000] {logging_mixin.py:151} INFO - [2023-08-28T00:16:29.913+0000] {dag.py:3677} INFO - Setting next_dagrun for example_subdag_operator.section-2 to None, run_after=None
[2023-08-28T00:16:29.926+0000] {logging_mixin.py:151} INFO - [2023-08-28T00:16:29.926+0000] {dag.py:2907} INFO - Sync 2 DAGs
[2023-08-28T00:16:29.933+0000] {logging_mixin.py:151} INFO - [2023-08-28T00:16:29.932+0000] {dag.py:3677} INFO - Setting next_dagrun for example_subdag_operator.section-1 to None, run_after=None
[2023-08-28T00:16:29.934+0000] {logging_mixin.py:151} INFO - [2023-08-28T00:16:29.934+0000] {dag.py:3677} INFO - Setting next_dagrun for example_subdag_operator.section-2 to None, run_after=None
[2023-08-28T00:16:29.947+0000] {processor.py:179} INFO - Processing /home/airflow/.local/lib/python3.8/site-packages/airflow/example_dags/example_subdag_operator.py took 0.177 seconds
[2023-08-28T00:17:00.003+0000] {processor.py:157} INFO - Started process (PID=936) to work on /home/airflow/.local/lib/python3.8/site-packages/airflow/example_dags/example_subdag_operator.py
[2023-08-28T00:17:00.006+0000] {processor.py:829} INFO - Processing file /home/airflow/.local/lib/python3.8/site-packages/airflow/example_dags/example_subdag_operator.py for tasks to queue
[2023-08-28T00:17:00.009+0000] {logging_mixin.py:151} INFO - [2023-08-28T00:17:00.008+0000] {dagbag.py:539} INFO - Filling up the DagBag from /home/airflow/.local/lib/python3.8/site-packages/airflow/example_dags/example_subdag_operator.py
[2023-08-28T00:17:00.109+0000] {processor.py:839} INFO - DAG(s) dict_keys(['example_subdag_operator.section-1', 'example_subdag_operator.section-2', 'example_subdag_operator']) retrieved from /home/airflow/.local/lib/python3.8/site-packages/airflow/example_dags/example_subdag_operator.py
[2023-08-28T00:17:00.128+0000] {logging_mixin.py:151} INFO - [2023-08-28T00:17:00.128+0000] {dag.py:2907} INFO - Sync 3 DAGs
[2023-08-28T00:17:00.165+0000] {logging_mixin.py:151} INFO - [2023-08-28T00:17:00.164+0000] {dag.py:3677} INFO - Setting next_dagrun for example_subdag_operator to 2022-01-01T00:00:00+00:00, run_after=2022-01-01T00:00:00+00:00
[2023-08-28T00:17:00.168+0000] {logging_mixin.py:151} INFO - [2023-08-28T00:17:00.168+0000] {dag.py:3677} INFO - Setting next_dagrun for example_subdag_operator.section-1 to None, run_after=None
[2023-08-28T00:17:00.170+0000] {logging_mixin.py:151} INFO - [2023-08-28T00:17:00.170+0000] {dag.py:3677} INFO - Setting next_dagrun for example_subdag_operator.section-2 to None, run_after=None
[2023-08-28T00:17:00.182+0000] {logging_mixin.py:151} INFO - [2023-08-28T00:17:00.182+0000] {dag.py:2907} INFO - Sync 2 DAGs
[2023-08-28T00:17:00.191+0000] {logging_mixin.py:151} INFO - [2023-08-28T00:17:00.191+0000] {dag.py:3677} INFO - Setting next_dagrun for example_subdag_operator.section-1 to None, run_after=None
[2023-08-28T00:17:00.192+0000] {logging_mixin.py:151} INFO - [2023-08-28T00:17:00.192+0000] {dag.py:3677} INFO - Setting next_dagrun for example_subdag_operator.section-2 to None, run_after=None
[2023-08-28T00:17:00.206+0000] {processor.py:179} INFO - Processing /home/airflow/.local/lib/python3.8/site-packages/airflow/example_dags/example_subdag_operator.py took 0.206 seconds
[2023-08-28T00:17:30.318+0000] {processor.py:157} INFO - Started process (PID=991) to work on /home/airflow/.local/lib/python3.8/site-packages/airflow/example_dags/example_subdag_operator.py
[2023-08-28T00:17:30.321+0000] {processor.py:829} INFO - Processing file /home/airflow/.local/lib/python3.8/site-packages/airflow/example_dags/example_subdag_operator.py for tasks to queue
[2023-08-28T00:17:30.324+0000] {logging_mixin.py:151} INFO - [2023-08-28T00:17:30.324+0000] {dagbag.py:539} INFO - Filling up the DagBag from /home/airflow/.local/lib/python3.8/site-packages/airflow/example_dags/example_subdag_operator.py
[2023-08-28T00:17:30.421+0000] {processor.py:839} INFO - DAG(s) dict_keys(['example_subdag_operator.section-1', 'example_subdag_operator.section-2', 'example_subdag_operator']) retrieved from /home/airflow/.local/lib/python3.8/site-packages/airflow/example_dags/example_subdag_operator.py
[2023-08-28T00:17:30.443+0000] {logging_mixin.py:151} INFO - [2023-08-28T00:17:30.443+0000] {dag.py:2907} INFO - Sync 3 DAGs
[2023-08-28T00:17:30.485+0000] {logging_mixin.py:151} INFO - [2023-08-28T00:17:30.484+0000] {dag.py:3677} INFO - Setting next_dagrun for example_subdag_operator to 2022-01-01T00:00:00+00:00, run_after=2022-01-01T00:00:00+00:00
[2023-08-28T00:17:30.491+0000] {logging_mixin.py:151} INFO - [2023-08-28T00:17:30.491+0000] {dag.py:3677} INFO - Setting next_dagrun for example_subdag_operator.section-1 to None, run_after=None
[2023-08-28T00:17:30.498+0000] {logging_mixin.py:151} INFO - [2023-08-28T00:17:30.497+0000] {dag.py:3677} INFO - Setting next_dagrun for example_subdag_operator.section-2 to None, run_after=None
[2023-08-28T00:17:30.517+0000] {logging_mixin.py:151} INFO - [2023-08-28T00:17:30.517+0000] {dag.py:2907} INFO - Sync 2 DAGs
[2023-08-28T00:17:30.526+0000] {logging_mixin.py:151} INFO - [2023-08-28T00:17:30.525+0000] {dag.py:3677} INFO - Setting next_dagrun for example_subdag_operator.section-1 to None, run_after=None
[2023-08-28T00:17:30.527+0000] {logging_mixin.py:151} INFO - [2023-08-28T00:17:30.527+0000] {dag.py:3677} INFO - Setting next_dagrun for example_subdag_operator.section-2 to None, run_after=None
[2023-08-28T00:17:30.541+0000] {processor.py:179} INFO - Processing /home/airflow/.local/lib/python3.8/site-packages/airflow/example_dags/example_subdag_operator.py took 0.226 seconds
[2023-08-28T00:18:06.086+0000] {processor.py:157} INFO - Started process (PID=1046) to work on /home/airflow/.local/lib/python3.8/site-packages/airflow/example_dags/example_subdag_operator.py
[2023-08-28T00:18:06.088+0000] {processor.py:829} INFO - Processing file /home/airflow/.local/lib/python3.8/site-packages/airflow/example_dags/example_subdag_operator.py for tasks to queue
[2023-08-28T00:18:06.093+0000] {logging_mixin.py:151} INFO - [2023-08-28T00:18:06.092+0000] {dagbag.py:539} INFO - Filling up the DagBag from /home/airflow/.local/lib/python3.8/site-packages/airflow/example_dags/example_subdag_operator.py
[2023-08-28T00:18:06.216+0000] {processor.py:839} INFO - DAG(s) dict_keys(['example_subdag_operator.section-1', 'example_subdag_operator.section-2', 'example_subdag_operator']) retrieved from /home/airflow/.local/lib/python3.8/site-packages/airflow/example_dags/example_subdag_operator.py
[2023-08-28T00:18:06.239+0000] {logging_mixin.py:151} INFO - [2023-08-28T00:18:06.239+0000] {dag.py:2907} INFO - Sync 3 DAGs
[2023-08-28T00:18:06.278+0000] {logging_mixin.py:151} INFO - [2023-08-28T00:18:06.278+0000] {dag.py:3677} INFO - Setting next_dagrun for example_subdag_operator to 2022-01-01T00:00:00+00:00, run_after=2022-01-01T00:00:00+00:00
[2023-08-28T00:18:06.283+0000] {logging_mixin.py:151} INFO - [2023-08-28T00:18:06.283+0000] {dag.py:3677} INFO - Setting next_dagrun for example_subdag_operator.section-1 to None, run_after=None
[2023-08-28T00:18:06.286+0000] {logging_mixin.py:151} INFO - [2023-08-28T00:18:06.285+0000] {dag.py:3677} INFO - Setting next_dagrun for example_subdag_operator.section-2 to None, run_after=None
[2023-08-28T00:18:06.308+0000] {logging_mixin.py:151} INFO - [2023-08-28T00:18:06.307+0000] {dag.py:2907} INFO - Sync 2 DAGs
[2023-08-28T00:18:06.316+0000] {logging_mixin.py:151} INFO - [2023-08-28T00:18:06.316+0000] {dag.py:3677} INFO - Setting next_dagrun for example_subdag_operator.section-1 to None, run_after=None
[2023-08-28T00:18:06.317+0000] {logging_mixin.py:151} INFO - [2023-08-28T00:18:06.317+0000] {dag.py:3677} INFO - Setting next_dagrun for example_subdag_operator.section-2 to None, run_after=None
[2023-08-28T00:18:06.333+0000] {processor.py:179} INFO - Processing /home/airflow/.local/lib/python3.8/site-packages/airflow/example_dags/example_subdag_operator.py took 0.253 seconds
[2023-08-28T00:18:36.778+0000] {processor.py:157} INFO - Started process (PID=1100) to work on /home/airflow/.local/lib/python3.8/site-packages/airflow/example_dags/example_subdag_operator.py
[2023-08-28T00:18:36.781+0000] {processor.py:829} INFO - Processing file /home/airflow/.local/lib/python3.8/site-packages/airflow/example_dags/example_subdag_operator.py for tasks to queue
[2023-08-28T00:18:36.784+0000] {logging_mixin.py:151} INFO - [2023-08-28T00:18:36.784+0000] {dagbag.py:539} INFO - Filling up the DagBag from /home/airflow/.local/lib/python3.8/site-packages/airflow/example_dags/example_subdag_operator.py
[2023-08-28T00:18:36.868+0000] {processor.py:839} INFO - DAG(s) dict_keys(['example_subdag_operator.section-1', 'example_subdag_operator.section-2', 'example_subdag_operator']) retrieved from /home/airflow/.local/lib/python3.8/site-packages/airflow/example_dags/example_subdag_operator.py
[2023-08-28T00:18:36.892+0000] {logging_mixin.py:151} INFO - [2023-08-28T00:18:36.891+0000] {dag.py:2907} INFO - Sync 3 DAGs
[2023-08-28T00:18:36.934+0000] {logging_mixin.py:151} INFO - [2023-08-28T00:18:36.933+0000] {dag.py:3677} INFO - Setting next_dagrun for example_subdag_operator to 2022-01-01T00:00:00+00:00, run_after=2022-01-01T00:00:00+00:00
[2023-08-28T00:18:36.940+0000] {logging_mixin.py:151} INFO - [2023-08-28T00:18:36.940+0000] {dag.py:3677} INFO - Setting next_dagrun for example_subdag_operator.section-1 to None, run_after=None
[2023-08-28T00:18:36.942+0000] {logging_mixin.py:151} INFO - [2023-08-28T00:18:36.942+0000] {dag.py:3677} INFO - Setting next_dagrun for example_subdag_operator.section-2 to None, run_after=None
[2023-08-28T00:18:36.958+0000] {logging_mixin.py:151} INFO - [2023-08-28T00:18:36.958+0000] {dag.py:2907} INFO - Sync 2 DAGs
[2023-08-28T00:18:36.965+0000] {logging_mixin.py:151} INFO - [2023-08-28T00:18:36.965+0000] {dag.py:3677} INFO - Setting next_dagrun for example_subdag_operator.section-1 to None, run_after=None
[2023-08-28T00:18:36.967+0000] {logging_mixin.py:151} INFO - [2023-08-28T00:18:36.966+0000] {dag.py:3677} INFO - Setting next_dagrun for example_subdag_operator.section-2 to None, run_after=None
[2023-08-28T00:18:36.981+0000] {processor.py:179} INFO - Processing /home/airflow/.local/lib/python3.8/site-packages/airflow/example_dags/example_subdag_operator.py took 0.206 seconds
[2023-08-28T00:19:07.147+0000] {processor.py:157} INFO - Started process (PID=1154) to work on /home/airflow/.local/lib/python3.8/site-packages/airflow/example_dags/example_subdag_operator.py
[2023-08-28T00:19:07.149+0000] {processor.py:829} INFO - Processing file /home/airflow/.local/lib/python3.8/site-packages/airflow/example_dags/example_subdag_operator.py for tasks to queue
[2023-08-28T00:19:07.155+0000] {logging_mixin.py:151} INFO - [2023-08-28T00:19:07.153+0000] {dagbag.py:539} INFO - Filling up the DagBag from /home/airflow/.local/lib/python3.8/site-packages/airflow/example_dags/example_subdag_operator.py
[2023-08-28T00:19:07.255+0000] {processor.py:839} INFO - DAG(s) dict_keys(['example_subdag_operator.section-1', 'example_subdag_operator.section-2', 'example_subdag_operator']) retrieved from /home/airflow/.local/lib/python3.8/site-packages/airflow/example_dags/example_subdag_operator.py
[2023-08-28T00:19:07.277+0000] {logging_mixin.py:151} INFO - [2023-08-28T00:19:07.277+0000] {dag.py:2907} INFO - Sync 3 DAGs
[2023-08-28T00:19:07.344+0000] {logging_mixin.py:151} INFO - [2023-08-28T00:19:07.344+0000] {dag.py:3677} INFO - Setting next_dagrun for example_subdag_operator to 2022-01-01T00:00:00+00:00, run_after=2022-01-01T00:00:00+00:00
[2023-08-28T00:19:07.353+0000] {logging_mixin.py:151} INFO - [2023-08-28T00:19:07.352+0000] {dag.py:3677} INFO - Setting next_dagrun for example_subdag_operator.section-1 to None, run_after=None
[2023-08-28T00:19:07.358+0000] {logging_mixin.py:151} INFO - [2023-08-28T00:19:07.358+0000] {dag.py:3677} INFO - Setting next_dagrun for example_subdag_operator.section-2 to None, run_after=None
[2023-08-28T00:19:07.381+0000] {logging_mixin.py:151} INFO - [2023-08-28T00:19:07.381+0000] {dag.py:2907} INFO - Sync 2 DAGs
[2023-08-28T00:19:07.397+0000] {logging_mixin.py:151} INFO - [2023-08-28T00:19:07.396+0000] {dag.py:3677} INFO - Setting next_dagrun for example_subdag_operator.section-1 to None, run_after=None
[2023-08-28T00:19:07.399+0000] {logging_mixin.py:151} INFO - [2023-08-28T00:19:07.399+0000] {dag.py:3677} INFO - Setting next_dagrun for example_subdag_operator.section-2 to None, run_after=None
[2023-08-28T00:19:07.415+0000] {processor.py:179} INFO - Processing /home/airflow/.local/lib/python3.8/site-packages/airflow/example_dags/example_subdag_operator.py took 0.273 seconds
[2023-08-28T00:19:38.196+0000] {processor.py:157} INFO - Started process (PID=1209) to work on /home/airflow/.local/lib/python3.8/site-packages/airflow/example_dags/example_subdag_operator.py
[2023-08-28T00:19:38.198+0000] {processor.py:829} INFO - Processing file /home/airflow/.local/lib/python3.8/site-packages/airflow/example_dags/example_subdag_operator.py for tasks to queue
[2023-08-28T00:19:38.202+0000] {logging_mixin.py:151} INFO - [2023-08-28T00:19:38.202+0000] {dagbag.py:539} INFO - Filling up the DagBag from /home/airflow/.local/lib/python3.8/site-packages/airflow/example_dags/example_subdag_operator.py
[2023-08-28T00:19:38.311+0000] {processor.py:839} INFO - DAG(s) dict_keys(['example_subdag_operator.section-1', 'example_subdag_operator.section-2', 'example_subdag_operator']) retrieved from /home/airflow/.local/lib/python3.8/site-packages/airflow/example_dags/example_subdag_operator.py
[2023-08-28T00:19:38.333+0000] {logging_mixin.py:151} INFO - [2023-08-28T00:19:38.333+0000] {dag.py:2907} INFO - Sync 3 DAGs
[2023-08-28T00:19:38.375+0000] {logging_mixin.py:151} INFO - [2023-08-28T00:19:38.375+0000] {dag.py:3677} INFO - Setting next_dagrun for example_subdag_operator to 2022-01-01T00:00:00+00:00, run_after=2022-01-01T00:00:00+00:00
[2023-08-28T00:19:38.380+0000] {logging_mixin.py:151} INFO - [2023-08-28T00:19:38.379+0000] {dag.py:3677} INFO - Setting next_dagrun for example_subdag_operator.section-1 to None, run_after=None
[2023-08-28T00:19:38.382+0000] {logging_mixin.py:151} INFO - [2023-08-28T00:19:38.382+0000] {dag.py:3677} INFO - Setting next_dagrun for example_subdag_operator.section-2 to None, run_after=None
[2023-08-28T00:19:38.398+0000] {logging_mixin.py:151} INFO - [2023-08-28T00:19:38.397+0000] {dag.py:2907} INFO - Sync 2 DAGs
[2023-08-28T00:19:38.406+0000] {logging_mixin.py:151} INFO - [2023-08-28T00:19:38.405+0000] {dag.py:3677} INFO - Setting next_dagrun for example_subdag_operator.section-1 to None, run_after=None
[2023-08-28T00:19:38.407+0000] {logging_mixin.py:151} INFO - [2023-08-28T00:19:38.407+0000] {dag.py:3677} INFO - Setting next_dagrun for example_subdag_operator.section-2 to None, run_after=None
[2023-08-28T00:19:38.423+0000] {processor.py:179} INFO - Processing /home/airflow/.local/lib/python3.8/site-packages/airflow/example_dags/example_subdag_operator.py took 0.231 seconds
[2023-08-28T00:20:09.056+0000] {processor.py:157} INFO - Started process (PID=1265) to work on /home/airflow/.local/lib/python3.8/site-packages/airflow/example_dags/example_subdag_operator.py
[2023-08-28T00:20:09.057+0000] {processor.py:829} INFO - Processing file /home/airflow/.local/lib/python3.8/site-packages/airflow/example_dags/example_subdag_operator.py for tasks to queue
[2023-08-28T00:20:09.060+0000] {logging_mixin.py:151} INFO - [2023-08-28T00:20:09.059+0000] {dagbag.py:539} INFO - Filling up the DagBag from /home/airflow/.local/lib/python3.8/site-packages/airflow/example_dags/example_subdag_operator.py
[2023-08-28T00:20:09.148+0000] {processor.py:839} INFO - DAG(s) dict_keys(['example_subdag_operator.section-1', 'example_subdag_operator.section-2', 'example_subdag_operator']) retrieved from /home/airflow/.local/lib/python3.8/site-packages/airflow/example_dags/example_subdag_operator.py
[2023-08-28T00:20:09.169+0000] {logging_mixin.py:151} INFO - [2023-08-28T00:20:09.169+0000] {dag.py:2907} INFO - Sync 3 DAGs
[2023-08-28T00:20:09.211+0000] {logging_mixin.py:151} INFO - [2023-08-28T00:20:09.211+0000] {dag.py:3677} INFO - Setting next_dagrun for example_subdag_operator to 2022-01-01T00:00:00+00:00, run_after=2022-01-01T00:00:00+00:00
[2023-08-28T00:20:09.224+0000] {logging_mixin.py:151} INFO - [2023-08-28T00:20:09.223+0000] {dag.py:3677} INFO - Setting next_dagrun for example_subdag_operator.section-1 to None, run_after=None
[2023-08-28T00:20:09.231+0000] {logging_mixin.py:151} INFO - [2023-08-28T00:20:09.230+0000] {dag.py:3677} INFO - Setting next_dagrun for example_subdag_operator.section-2 to None, run_after=None
[2023-08-28T00:20:09.274+0000] {logging_mixin.py:151} INFO - [2023-08-28T00:20:09.273+0000] {dag.py:2907} INFO - Sync 2 DAGs
[2023-08-28T00:20:09.285+0000] {logging_mixin.py:151} INFO - [2023-08-28T00:20:09.285+0000] {dag.py:3677} INFO - Setting next_dagrun for example_subdag_operator.section-1 to None, run_after=None
[2023-08-28T00:20:09.287+0000] {logging_mixin.py:151} INFO - [2023-08-28T00:20:09.287+0000] {dag.py:3677} INFO - Setting next_dagrun for example_subdag_operator.section-2 to None, run_after=None
[2023-08-28T00:20:09.313+0000] {processor.py:179} INFO - Processing /home/airflow/.local/lib/python3.8/site-packages/airflow/example_dags/example_subdag_operator.py took 0.260 seconds
[2023-08-28T00:20:39.884+0000] {processor.py:157} INFO - Started process (PID=1320) to work on /home/airflow/.local/lib/python3.8/site-packages/airflow/example_dags/example_subdag_operator.py
[2023-08-28T00:20:39.886+0000] {processor.py:829} INFO - Processing file /home/airflow/.local/lib/python3.8/site-packages/airflow/example_dags/example_subdag_operator.py for tasks to queue
[2023-08-28T00:20:39.889+0000] {logging_mixin.py:151} INFO - [2023-08-28T00:20:39.889+0000] {dagbag.py:539} INFO - Filling up the DagBag from /home/airflow/.local/lib/python3.8/site-packages/airflow/example_dags/example_subdag_operator.py
[2023-08-28T00:20:39.987+0000] {processor.py:839} INFO - DAG(s) dict_keys(['example_subdag_operator.section-1', 'example_subdag_operator.section-2', 'example_subdag_operator']) retrieved from /home/airflow/.local/lib/python3.8/site-packages/airflow/example_dags/example_subdag_operator.py
[2023-08-28T00:20:40.020+0000] {logging_mixin.py:151} INFO - [2023-08-28T00:20:40.020+0000] {dag.py:2907} INFO - Sync 3 DAGs
[2023-08-28T00:20:40.092+0000] {logging_mixin.py:151} INFO - [2023-08-28T00:20:40.091+0000] {dag.py:3677} INFO - Setting next_dagrun for example_subdag_operator to 2022-01-01T00:00:00+00:00, run_after=2022-01-01T00:00:00+00:00
[2023-08-28T00:20:40.104+0000] {logging_mixin.py:151} INFO - [2023-08-28T00:20:40.104+0000] {dag.py:3677} INFO - Setting next_dagrun for example_subdag_operator.section-1 to None, run_after=None
[2023-08-28T00:20:40.108+0000] {logging_mixin.py:151} INFO - [2023-08-28T00:20:40.107+0000] {dag.py:3677} INFO - Setting next_dagrun for example_subdag_operator.section-2 to None, run_after=None
[2023-08-28T00:20:40.130+0000] {logging_mixin.py:151} INFO - [2023-08-28T00:20:40.130+0000] {dag.py:2907} INFO - Sync 2 DAGs
[2023-08-28T00:20:40.143+0000] {logging_mixin.py:151} INFO - [2023-08-28T00:20:40.143+0000] {dag.py:3677} INFO - Setting next_dagrun for example_subdag_operator.section-1 to None, run_after=None
[2023-08-28T00:20:40.146+0000] {logging_mixin.py:151} INFO - [2023-08-28T00:20:40.145+0000] {dag.py:3677} INFO - Setting next_dagrun for example_subdag_operator.section-2 to None, run_after=None
[2023-08-28T00:20:40.169+0000] {processor.py:179} INFO - Processing /home/airflow/.local/lib/python3.8/site-packages/airflow/example_dags/example_subdag_operator.py took 0.289 seconds
[2023-08-28T00:21:10.412+0000] {processor.py:157} INFO - Started process (PID=1374) to work on /home/airflow/.local/lib/python3.8/site-packages/airflow/example_dags/example_subdag_operator.py
[2023-08-28T00:21:10.414+0000] {processor.py:829} INFO - Processing file /home/airflow/.local/lib/python3.8/site-packages/airflow/example_dags/example_subdag_operator.py for tasks to queue
[2023-08-28T00:21:10.418+0000] {logging_mixin.py:151} INFO - [2023-08-28T00:21:10.417+0000] {dagbag.py:539} INFO - Filling up the DagBag from /home/airflow/.local/lib/python3.8/site-packages/airflow/example_dags/example_subdag_operator.py
[2023-08-28T00:21:10.520+0000] {processor.py:839} INFO - DAG(s) dict_keys(['example_subdag_operator.section-1', 'example_subdag_operator.section-2', 'example_subdag_operator']) retrieved from /home/airflow/.local/lib/python3.8/site-packages/airflow/example_dags/example_subdag_operator.py
[2023-08-28T00:21:10.544+0000] {logging_mixin.py:151} INFO - [2023-08-28T00:21:10.543+0000] {dag.py:2907} INFO - Sync 3 DAGs
[2023-08-28T00:21:10.586+0000] {logging_mixin.py:151} INFO - [2023-08-28T00:21:10.586+0000] {dag.py:3677} INFO - Setting next_dagrun for example_subdag_operator to 2022-01-01T00:00:00+00:00, run_after=2022-01-01T00:00:00+00:00
[2023-08-28T00:21:10.592+0000] {logging_mixin.py:151} INFO - [2023-08-28T00:21:10.592+0000] {dag.py:3677} INFO - Setting next_dagrun for example_subdag_operator.section-1 to None, run_after=None
[2023-08-28T00:21:10.595+0000] {logging_mixin.py:151} INFO - [2023-08-28T00:21:10.594+0000] {dag.py:3677} INFO - Setting next_dagrun for example_subdag_operator.section-2 to None, run_after=None
[2023-08-28T00:21:10.611+0000] {logging_mixin.py:151} INFO - [2023-08-28T00:21:10.611+0000] {dag.py:2907} INFO - Sync 2 DAGs
[2023-08-28T00:21:10.620+0000] {logging_mixin.py:151} INFO - [2023-08-28T00:21:10.620+0000] {dag.py:3677} INFO - Setting next_dagrun for example_subdag_operator.section-1 to None, run_after=None
[2023-08-28T00:21:10.621+0000] {logging_mixin.py:151} INFO - [2023-08-28T00:21:10.621+0000] {dag.py:3677} INFO - Setting next_dagrun for example_subdag_operator.section-2 to None, run_after=None
[2023-08-28T00:21:10.642+0000] {processor.py:179} INFO - Processing /home/airflow/.local/lib/python3.8/site-packages/airflow/example_dags/example_subdag_operator.py took 0.233 seconds
[2023-08-28T00:21:40.970+0000] {processor.py:157} INFO - Started process (PID=1429) to work on /home/airflow/.local/lib/python3.8/site-packages/airflow/example_dags/example_subdag_operator.py
[2023-08-28T00:21:40.973+0000] {processor.py:829} INFO - Processing file /home/airflow/.local/lib/python3.8/site-packages/airflow/example_dags/example_subdag_operator.py for tasks to queue
[2023-08-28T00:21:40.977+0000] {logging_mixin.py:151} INFO - [2023-08-28T00:21:40.976+0000] {dagbag.py:539} INFO - Filling up the DagBag from /home/airflow/.local/lib/python3.8/site-packages/airflow/example_dags/example_subdag_operator.py
[2023-08-28T00:21:41.080+0000] {processor.py:839} INFO - DAG(s) dict_keys(['example_subdag_operator.section-1', 'example_subdag_operator.section-2', 'example_subdag_operator']) retrieved from /home/airflow/.local/lib/python3.8/site-packages/airflow/example_dags/example_subdag_operator.py
[2023-08-28T00:21:41.108+0000] {logging_mixin.py:151} INFO - [2023-08-28T00:21:41.107+0000] {dag.py:2907} INFO - Sync 3 DAGs
[2023-08-28T00:21:41.157+0000] {logging_mixin.py:151} INFO - [2023-08-28T00:21:41.156+0000] {dag.py:3677} INFO - Setting next_dagrun for example_subdag_operator to 2022-01-01T00:00:00+00:00, run_after=2022-01-01T00:00:00+00:00
[2023-08-28T00:21:41.162+0000] {logging_mixin.py:151} INFO - [2023-08-28T00:21:41.162+0000] {dag.py:3677} INFO - Setting next_dagrun for example_subdag_operator.section-1 to None, run_after=None
[2023-08-28T00:21:41.165+0000] {logging_mixin.py:151} INFO - [2023-08-28T00:21:41.165+0000] {dag.py:3677} INFO - Setting next_dagrun for example_subdag_operator.section-2 to None, run_after=None
[2023-08-28T00:21:41.195+0000] {logging_mixin.py:151} INFO - [2023-08-28T00:21:41.194+0000] {dag.py:2907} INFO - Sync 2 DAGs
[2023-08-28T00:21:41.205+0000] {logging_mixin.py:151} INFO - [2023-08-28T00:21:41.205+0000] {dag.py:3677} INFO - Setting next_dagrun for example_subdag_operator.section-1 to None, run_after=None
[2023-08-28T00:21:41.206+0000] {logging_mixin.py:151} INFO - [2023-08-28T00:21:41.206+0000] {dag.py:3677} INFO - Setting next_dagrun for example_subdag_operator.section-2 to None, run_after=None
[2023-08-28T00:21:41.225+0000] {processor.py:179} INFO - Processing /home/airflow/.local/lib/python3.8/site-packages/airflow/example_dags/example_subdag_operator.py took 0.260 seconds
