[2023-08-28T00:01:54.253+0000] {processor.py:157} INFO - Started process (PID=34) to work on /home/airflow/.local/lib/python3.8/site-packages/airflow/example_dags/example_sensors.py
[2023-08-28T00:01:54.254+0000] {processor.py:829} INFO - Processing file /home/airflow/.local/lib/python3.8/site-packages/airflow/example_dags/example_sensors.py for tasks to queue
[2023-08-28T00:01:54.256+0000] {logging_mixin.py:151} INFO - [2023-08-28T00:01:54.256+0000] {dagbag.py:539} INFO - Filling up the DagBag from /home/airflow/.local/lib/python3.8/site-packages/airflow/example_dags/example_sensors.py
[2023-08-28T00:01:54.274+0000] {processor.py:839} INFO - DAG(s) dict_keys(['example_sensors']) retrieved from /home/airflow/.local/lib/python3.8/site-packages/airflow/example_dags/example_sensors.py
[2023-08-28T00:01:54.542+0000] {logging_mixin.py:151} INFO - [2023-08-28T00:01:54.542+0000] {manager.py:501} INFO - Created Permission View: can edit on DAG:example_sensors
[2023-08-28T00:01:54.554+0000] {logging_mixin.py:151} INFO - [2023-08-28T00:01:54.553+0000] {manager.py:501} INFO - Created Permission View: can delete on DAG:example_sensors
[2023-08-28T00:01:54.562+0000] {logging_mixin.py:151} INFO - [2023-08-28T00:01:54.561+0000] {manager.py:501} INFO - Created Permission View: can read on DAG:example_sensors
[2023-08-28T00:01:54.582+0000] {logging_mixin.py:151} INFO - [2023-08-28T00:01:54.582+0000] {dag.py:2907} INFO - Sync 1 DAGs
[2023-08-28T00:01:54.594+0000] {logging_mixin.py:151} INFO - [2023-08-28T00:01:54.594+0000] {dag.py:2929} INFO - Creating ORM DAG for example_sensors
[2023-08-28T00:01:54.596+0000] {logging_mixin.py:151} INFO - [2023-08-28T00:01:54.596+0000] {dag.py:3677} INFO - Setting next_dagrun for example_sensors to None, run_after=None
[2023-08-28T00:01:54.621+0000] {processor.py:179} INFO - Processing /home/airflow/.local/lib/python3.8/site-packages/airflow/example_dags/example_sensors.py took 0.371 seconds
[2023-08-28T00:02:26.467+0000] {processor.py:157} INFO - Started process (PID=89) to work on /home/airflow/.local/lib/python3.8/site-packages/airflow/example_dags/example_sensors.py
[2023-08-28T00:02:26.471+0000] {processor.py:829} INFO - Processing file /home/airflow/.local/lib/python3.8/site-packages/airflow/example_dags/example_sensors.py for tasks to queue
[2023-08-28T00:02:26.477+0000] {logging_mixin.py:151} INFO - [2023-08-28T00:02:26.476+0000] {dagbag.py:539} INFO - Filling up the DagBag from /home/airflow/.local/lib/python3.8/site-packages/airflow/example_dags/example_sensors.py
[2023-08-28T00:02:26.508+0000] {processor.py:839} INFO - DAG(s) dict_keys(['example_sensors']) retrieved from /home/airflow/.local/lib/python3.8/site-packages/airflow/example_dags/example_sensors.py
[2023-08-28T00:02:26.665+0000] {logging_mixin.py:151} INFO - [2023-08-28T00:02:26.665+0000] {dag.py:2907} INFO - Sync 1 DAGs
[2023-08-28T00:02:26.895+0000] {logging_mixin.py:151} INFO - [2023-08-28T00:02:26.894+0000] {dag.py:3677} INFO - Setting next_dagrun for example_sensors to None, run_after=None
[2023-08-28T00:02:26.951+0000] {processor.py:179} INFO - Processing /home/airflow/.local/lib/python3.8/site-packages/airflow/example_dags/example_sensors.py took 0.491 seconds
[2023-08-28T00:02:57.730+0000] {processor.py:157} INFO - Started process (PID=144) to work on /home/airflow/.local/lib/python3.8/site-packages/airflow/example_dags/example_sensors.py
[2023-08-28T00:02:57.732+0000] {processor.py:829} INFO - Processing file /home/airflow/.local/lib/python3.8/site-packages/airflow/example_dags/example_sensors.py for tasks to queue
[2023-08-28T00:02:57.735+0000] {logging_mixin.py:151} INFO - [2023-08-28T00:02:57.734+0000] {dagbag.py:539} INFO - Filling up the DagBag from /home/airflow/.local/lib/python3.8/site-packages/airflow/example_dags/example_sensors.py
[2023-08-28T00:02:57.748+0000] {processor.py:839} INFO - DAG(s) dict_keys(['example_sensors']) retrieved from /home/airflow/.local/lib/python3.8/site-packages/airflow/example_dags/example_sensors.py
[2023-08-28T00:02:57.828+0000] {logging_mixin.py:151} INFO - [2023-08-28T00:02:57.828+0000] {dag.py:2907} INFO - Sync 1 DAGs
[2023-08-28T00:02:57.847+0000] {logging_mixin.py:151} INFO - [2023-08-28T00:02:57.846+0000] {dag.py:3677} INFO - Setting next_dagrun for example_sensors to None, run_after=None
[2023-08-28T00:02:57.875+0000] {processor.py:179} INFO - Processing /home/airflow/.local/lib/python3.8/site-packages/airflow/example_dags/example_sensors.py took 0.147 seconds
[2023-08-28T00:03:28.463+0000] {processor.py:157} INFO - Started process (PID=198) to work on /home/airflow/.local/lib/python3.8/site-packages/airflow/example_dags/example_sensors.py
[2023-08-28T00:03:28.466+0000] {processor.py:829} INFO - Processing file /home/airflow/.local/lib/python3.8/site-packages/airflow/example_dags/example_sensors.py for tasks to queue
[2023-08-28T00:03:28.472+0000] {logging_mixin.py:151} INFO - [2023-08-28T00:03:28.472+0000] {dagbag.py:539} INFO - Filling up the DagBag from /home/airflow/.local/lib/python3.8/site-packages/airflow/example_dags/example_sensors.py
[2023-08-28T00:03:28.491+0000] {processor.py:839} INFO - DAG(s) dict_keys(['example_sensors']) retrieved from /home/airflow/.local/lib/python3.8/site-packages/airflow/example_dags/example_sensors.py
[2023-08-28T00:03:28.900+0000] {logging_mixin.py:151} INFO - [2023-08-28T00:03:28.899+0000] {dag.py:2907} INFO - Sync 1 DAGs
[2023-08-28T00:03:29.068+0000] {logging_mixin.py:151} INFO - [2023-08-28T00:03:29.067+0000] {dag.py:3677} INFO - Setting next_dagrun for example_sensors to None, run_after=None
[2023-08-28T00:03:29.152+0000] {processor.py:179} INFO - Processing /home/airflow/.local/lib/python3.8/site-packages/airflow/example_dags/example_sensors.py took 0.697 seconds
[2023-08-28T00:03:59.384+0000] {processor.py:157} INFO - Started process (PID=252) to work on /home/airflow/.local/lib/python3.8/site-packages/airflow/example_dags/example_sensors.py
[2023-08-28T00:03:59.387+0000] {processor.py:829} INFO - Processing file /home/airflow/.local/lib/python3.8/site-packages/airflow/example_dags/example_sensors.py for tasks to queue
[2023-08-28T00:03:59.390+0000] {logging_mixin.py:151} INFO - [2023-08-28T00:03:59.390+0000] {dagbag.py:539} INFO - Filling up the DagBag from /home/airflow/.local/lib/python3.8/site-packages/airflow/example_dags/example_sensors.py
[2023-08-28T00:03:59.409+0000] {processor.py:839} INFO - DAG(s) dict_keys(['example_sensors']) retrieved from /home/airflow/.local/lib/python3.8/site-packages/airflow/example_dags/example_sensors.py
[2023-08-28T00:03:59.505+0000] {logging_mixin.py:151} INFO - [2023-08-28T00:03:59.505+0000] {dag.py:2907} INFO - Sync 1 DAGs
[2023-08-28T00:03:59.545+0000] {logging_mixin.py:151} INFO - [2023-08-28T00:03:59.544+0000] {dag.py:3677} INFO - Setting next_dagrun for example_sensors to None, run_after=None
[2023-08-28T00:03:59.573+0000] {processor.py:179} INFO - Processing /home/airflow/.local/lib/python3.8/site-packages/airflow/example_dags/example_sensors.py took 0.195 seconds
[2023-08-28T00:04:29.833+0000] {processor.py:157} INFO - Started process (PID=308) to work on /home/airflow/.local/lib/python3.8/site-packages/airflow/example_dags/example_sensors.py
[2023-08-28T00:04:29.835+0000] {processor.py:829} INFO - Processing file /home/airflow/.local/lib/python3.8/site-packages/airflow/example_dags/example_sensors.py for tasks to queue
[2023-08-28T00:04:29.838+0000] {logging_mixin.py:151} INFO - [2023-08-28T00:04:29.838+0000] {dagbag.py:539} INFO - Filling up the DagBag from /home/airflow/.local/lib/python3.8/site-packages/airflow/example_dags/example_sensors.py
[2023-08-28T00:04:29.852+0000] {processor.py:839} INFO - DAG(s) dict_keys(['example_sensors']) retrieved from /home/airflow/.local/lib/python3.8/site-packages/airflow/example_dags/example_sensors.py
[2023-08-28T00:04:29.937+0000] {logging_mixin.py:151} INFO - [2023-08-28T00:04:29.937+0000] {dag.py:2907} INFO - Sync 1 DAGs
[2023-08-28T00:04:29.954+0000] {logging_mixin.py:151} INFO - [2023-08-28T00:04:29.953+0000] {dag.py:3677} INFO - Setting next_dagrun for example_sensors to None, run_after=None
[2023-08-28T00:04:29.979+0000] {processor.py:179} INFO - Processing /home/airflow/.local/lib/python3.8/site-packages/airflow/example_dags/example_sensors.py took 0.149 seconds
[2023-08-28T00:05:00.198+0000] {processor.py:157} INFO - Started process (PID=363) to work on /home/airflow/.local/lib/python3.8/site-packages/airflow/example_dags/example_sensors.py
[2023-08-28T00:05:00.202+0000] {processor.py:829} INFO - Processing file /home/airflow/.local/lib/python3.8/site-packages/airflow/example_dags/example_sensors.py for tasks to queue
[2023-08-28T00:05:00.210+0000] {logging_mixin.py:151} INFO - [2023-08-28T00:05:00.209+0000] {dagbag.py:539} INFO - Filling up the DagBag from /home/airflow/.local/lib/python3.8/site-packages/airflow/example_dags/example_sensors.py
[2023-08-28T00:05:00.237+0000] {processor.py:839} INFO - DAG(s) dict_keys(['example_sensors']) retrieved from /home/airflow/.local/lib/python3.8/site-packages/airflow/example_dags/example_sensors.py
[2023-08-28T00:05:00.346+0000] {logging_mixin.py:151} INFO - [2023-08-28T00:05:00.346+0000] {dag.py:2907} INFO - Sync 1 DAGs
[2023-08-28T00:05:00.363+0000] {logging_mixin.py:151} INFO - [2023-08-28T00:05:00.363+0000] {dag.py:3677} INFO - Setting next_dagrun for example_sensors to None, run_after=None
[2023-08-28T00:05:00.390+0000] {processor.py:179} INFO - Processing /home/airflow/.local/lib/python3.8/site-packages/airflow/example_dags/example_sensors.py took 0.195 seconds
[2023-08-28T00:08:38.774+0000] {processor.py:157} INFO - Started process (PID=36) to work on /home/airflow/.local/lib/python3.8/site-packages/airflow/example_dags/example_sensors.py
[2023-08-28T00:08:38.778+0000] {processor.py:829} INFO - Processing file /home/airflow/.local/lib/python3.8/site-packages/airflow/example_dags/example_sensors.py for tasks to queue
[2023-08-28T00:08:38.785+0000] {logging_mixin.py:151} INFO - [2023-08-28T00:08:38.784+0000] {dagbag.py:539} INFO - Filling up the DagBag from /home/airflow/.local/lib/python3.8/site-packages/airflow/example_dags/example_sensors.py
[2023-08-28T00:08:38.825+0000] {processor.py:839} INFO - DAG(s) dict_keys(['example_sensors']) retrieved from /home/airflow/.local/lib/python3.8/site-packages/airflow/example_dags/example_sensors.py
[2023-08-28T00:08:39.039+0000] {logging_mixin.py:151} INFO - [2023-08-28T00:08:39.037+0000] {dag.py:2907} INFO - Sync 1 DAGs
[2023-08-28T00:08:39.095+0000] {logging_mixin.py:151} INFO - [2023-08-28T00:08:39.094+0000] {dag.py:3677} INFO - Setting next_dagrun for example_sensors to None, run_after=None
[2023-08-28T00:08:39.157+0000] {processor.py:179} INFO - Processing /home/airflow/.local/lib/python3.8/site-packages/airflow/example_dags/example_sensors.py took 0.391 seconds
[2023-08-28T00:09:10.522+0000] {processor.py:157} INFO - Started process (PID=90) to work on /home/airflow/.local/lib/python3.8/site-packages/airflow/example_dags/example_sensors.py
[2023-08-28T00:09:10.525+0000] {processor.py:829} INFO - Processing file /home/airflow/.local/lib/python3.8/site-packages/airflow/example_dags/example_sensors.py for tasks to queue
[2023-08-28T00:09:10.530+0000] {logging_mixin.py:151} INFO - [2023-08-28T00:09:10.529+0000] {dagbag.py:539} INFO - Filling up the DagBag from /home/airflow/.local/lib/python3.8/site-packages/airflow/example_dags/example_sensors.py
[2023-08-28T00:09:10.587+0000] {processor.py:839} INFO - DAG(s) dict_keys(['example_sensors']) retrieved from /home/airflow/.local/lib/python3.8/site-packages/airflow/example_dags/example_sensors.py
[2023-08-28T00:09:11.038+0000] {logging_mixin.py:151} INFO - [2023-08-28T00:09:11.038+0000] {dag.py:2907} INFO - Sync 1 DAGs
[2023-08-28T00:09:11.062+0000] {logging_mixin.py:151} INFO - [2023-08-28T00:09:11.062+0000] {dag.py:3677} INFO - Setting next_dagrun for example_sensors to None, run_after=None
[2023-08-28T00:09:11.092+0000] {processor.py:179} INFO - Processing /home/airflow/.local/lib/python3.8/site-packages/airflow/example_dags/example_sensors.py took 0.575 seconds
[2023-08-28T00:09:41.720+0000] {processor.py:157} INFO - Started process (PID=145) to work on /home/airflow/.local/lib/python3.8/site-packages/airflow/example_dags/example_sensors.py
[2023-08-28T00:09:41.722+0000] {processor.py:829} INFO - Processing file /home/airflow/.local/lib/python3.8/site-packages/airflow/example_dags/example_sensors.py for tasks to queue
[2023-08-28T00:09:41.726+0000] {logging_mixin.py:151} INFO - [2023-08-28T00:09:41.725+0000] {dagbag.py:539} INFO - Filling up the DagBag from /home/airflow/.local/lib/python3.8/site-packages/airflow/example_dags/example_sensors.py
[2023-08-28T00:09:41.740+0000] {processor.py:839} INFO - DAG(s) dict_keys(['example_sensors']) retrieved from /home/airflow/.local/lib/python3.8/site-packages/airflow/example_dags/example_sensors.py
[2023-08-28T00:09:41.825+0000] {logging_mixin.py:151} INFO - [2023-08-28T00:09:41.824+0000] {dag.py:2907} INFO - Sync 1 DAGs
[2023-08-28T00:09:41.843+0000] {logging_mixin.py:151} INFO - [2023-08-28T00:09:41.842+0000] {dag.py:3677} INFO - Setting next_dagrun for example_sensors to None, run_after=None
[2023-08-28T00:09:41.869+0000] {processor.py:179} INFO - Processing /home/airflow/.local/lib/python3.8/site-packages/airflow/example_dags/example_sensors.py took 0.154 seconds
[2023-08-28T00:10:12.818+0000] {processor.py:157} INFO - Started process (PID=200) to work on /home/airflow/.local/lib/python3.8/site-packages/airflow/example_dags/example_sensors.py
[2023-08-28T00:10:12.819+0000] {processor.py:829} INFO - Processing file /home/airflow/.local/lib/python3.8/site-packages/airflow/example_dags/example_sensors.py for tasks to queue
[2023-08-28T00:10:12.823+0000] {logging_mixin.py:151} INFO - [2023-08-28T00:10:12.823+0000] {dagbag.py:539} INFO - Filling up the DagBag from /home/airflow/.local/lib/python3.8/site-packages/airflow/example_dags/example_sensors.py
[2023-08-28T00:10:12.839+0000] {processor.py:839} INFO - DAG(s) dict_keys(['example_sensors']) retrieved from /home/airflow/.local/lib/python3.8/site-packages/airflow/example_dags/example_sensors.py
[2023-08-28T00:10:12.941+0000] {logging_mixin.py:151} INFO - [2023-08-28T00:10:12.941+0000] {dag.py:2907} INFO - Sync 1 DAGs
[2023-08-28T00:10:12.961+0000] {logging_mixin.py:151} INFO - [2023-08-28T00:10:12.961+0000] {dag.py:3677} INFO - Setting next_dagrun for example_sensors to None, run_after=None
[2023-08-28T00:10:12.991+0000] {processor.py:179} INFO - Processing /home/airflow/.local/lib/python3.8/site-packages/airflow/example_dags/example_sensors.py took 0.178 seconds
[2023-08-28T00:10:43.160+0000] {processor.py:157} INFO - Started process (PID=255) to work on /home/airflow/.local/lib/python3.8/site-packages/airflow/example_dags/example_sensors.py
[2023-08-28T00:10:43.175+0000] {processor.py:829} INFO - Processing file /home/airflow/.local/lib/python3.8/site-packages/airflow/example_dags/example_sensors.py for tasks to queue
[2023-08-28T00:10:43.190+0000] {logging_mixin.py:151} INFO - [2023-08-28T00:10:43.189+0000] {dagbag.py:539} INFO - Filling up the DagBag from /home/airflow/.local/lib/python3.8/site-packages/airflow/example_dags/example_sensors.py
[2023-08-28T00:10:43.234+0000] {processor.py:839} INFO - DAG(s) dict_keys(['example_sensors']) retrieved from /home/airflow/.local/lib/python3.8/site-packages/airflow/example_dags/example_sensors.py
[2023-08-28T00:10:43.367+0000] {logging_mixin.py:151} INFO - [2023-08-28T00:10:43.367+0000] {dag.py:2907} INFO - Sync 1 DAGs
[2023-08-28T00:10:43.391+0000] {logging_mixin.py:151} INFO - [2023-08-28T00:10:43.391+0000] {dag.py:3677} INFO - Setting next_dagrun for example_sensors to None, run_after=None
[2023-08-28T00:10:43.426+0000] {processor.py:179} INFO - Processing /home/airflow/.local/lib/python3.8/site-packages/airflow/example_dags/example_sensors.py took 0.276 seconds
[2023-08-28T00:11:14.405+0000] {processor.py:157} INFO - Started process (PID=310) to work on /home/airflow/.local/lib/python3.8/site-packages/airflow/example_dags/example_sensors.py
[2023-08-28T00:11:14.407+0000] {processor.py:829} INFO - Processing file /home/airflow/.local/lib/python3.8/site-packages/airflow/example_dags/example_sensors.py for tasks to queue
[2023-08-28T00:11:14.412+0000] {logging_mixin.py:151} INFO - [2023-08-28T00:11:14.411+0000] {dagbag.py:539} INFO - Filling up the DagBag from /home/airflow/.local/lib/python3.8/site-packages/airflow/example_dags/example_sensors.py
[2023-08-28T00:11:14.429+0000] {processor.py:839} INFO - DAG(s) dict_keys(['example_sensors']) retrieved from /home/airflow/.local/lib/python3.8/site-packages/airflow/example_dags/example_sensors.py
[2023-08-28T00:11:14.505+0000] {logging_mixin.py:151} INFO - [2023-08-28T00:11:14.505+0000] {dag.py:2907} INFO - Sync 1 DAGs
[2023-08-28T00:11:14.523+0000] {logging_mixin.py:151} INFO - [2023-08-28T00:11:14.523+0000] {dag.py:3677} INFO - Setting next_dagrun for example_sensors to None, run_after=None
[2023-08-28T00:11:14.548+0000] {processor.py:179} INFO - Processing /home/airflow/.local/lib/python3.8/site-packages/airflow/example_dags/example_sensors.py took 0.147 seconds
[2023-08-28T00:11:45.461+0000] {processor.py:157} INFO - Started process (PID=364) to work on /home/airflow/.local/lib/python3.8/site-packages/airflow/example_dags/example_sensors.py
[2023-08-28T00:11:45.464+0000] {processor.py:829} INFO - Processing file /home/airflow/.local/lib/python3.8/site-packages/airflow/example_dags/example_sensors.py for tasks to queue
[2023-08-28T00:11:45.468+0000] {logging_mixin.py:151} INFO - [2023-08-28T00:11:45.467+0000] {dagbag.py:539} INFO - Filling up the DagBag from /home/airflow/.local/lib/python3.8/site-packages/airflow/example_dags/example_sensors.py
[2023-08-28T00:11:45.491+0000] {processor.py:839} INFO - DAG(s) dict_keys(['example_sensors']) retrieved from /home/airflow/.local/lib/python3.8/site-packages/airflow/example_dags/example_sensors.py
[2023-08-28T00:11:45.603+0000] {logging_mixin.py:151} INFO - [2023-08-28T00:11:45.603+0000] {dag.py:2907} INFO - Sync 1 DAGs
[2023-08-28T00:11:45.626+0000] {logging_mixin.py:151} INFO - [2023-08-28T00:11:45.626+0000] {dag.py:3677} INFO - Setting next_dagrun for example_sensors to None, run_after=None
[2023-08-28T00:11:45.662+0000] {processor.py:179} INFO - Processing /home/airflow/.local/lib/python3.8/site-packages/airflow/example_dags/example_sensors.py took 0.204 seconds
[2023-08-28T00:12:16.284+0000] {processor.py:157} INFO - Started process (PID=424) to work on /home/airflow/.local/lib/python3.8/site-packages/airflow/example_dags/example_sensors.py
[2023-08-28T00:12:16.288+0000] {processor.py:829} INFO - Processing file /home/airflow/.local/lib/python3.8/site-packages/airflow/example_dags/example_sensors.py for tasks to queue
[2023-08-28T00:12:16.301+0000] {logging_mixin.py:151} INFO - [2023-08-28T00:12:16.300+0000] {dagbag.py:539} INFO - Filling up the DagBag from /home/airflow/.local/lib/python3.8/site-packages/airflow/example_dags/example_sensors.py
[2023-08-28T00:12:16.348+0000] {processor.py:839} INFO - DAG(s) dict_keys(['example_sensors']) retrieved from /home/airflow/.local/lib/python3.8/site-packages/airflow/example_dags/example_sensors.py
[2023-08-28T00:12:16.490+0000] {logging_mixin.py:151} INFO - [2023-08-28T00:12:16.490+0000] {dag.py:2907} INFO - Sync 1 DAGs
[2023-08-28T00:12:16.516+0000] {logging_mixin.py:151} INFO - [2023-08-28T00:12:16.515+0000] {dag.py:3677} INFO - Setting next_dagrun for example_sensors to None, run_after=None
[2023-08-28T00:12:16.559+0000] {processor.py:179} INFO - Processing /home/airflow/.local/lib/python3.8/site-packages/airflow/example_dags/example_sensors.py took 0.287 seconds
[2023-08-28T00:12:46.611+0000] {processor.py:157} INFO - Started process (PID=480) to work on /home/airflow/.local/lib/python3.8/site-packages/airflow/example_dags/example_sensors.py
[2023-08-28T00:12:46.613+0000] {processor.py:829} INFO - Processing file /home/airflow/.local/lib/python3.8/site-packages/airflow/example_dags/example_sensors.py for tasks to queue
[2023-08-28T00:12:46.620+0000] {logging_mixin.py:151} INFO - [2023-08-28T00:12:46.619+0000] {dagbag.py:539} INFO - Filling up the DagBag from /home/airflow/.local/lib/python3.8/site-packages/airflow/example_dags/example_sensors.py
[2023-08-28T00:12:46.637+0000] {processor.py:839} INFO - DAG(s) dict_keys(['example_sensors']) retrieved from /home/airflow/.local/lib/python3.8/site-packages/airflow/example_dags/example_sensors.py
[2023-08-28T00:12:46.723+0000] {logging_mixin.py:151} INFO - [2023-08-28T00:12:46.723+0000] {dag.py:2907} INFO - Sync 1 DAGs
[2023-08-28T00:12:46.742+0000] {logging_mixin.py:151} INFO - [2023-08-28T00:12:46.742+0000] {dag.py:3677} INFO - Setting next_dagrun for example_sensors to None, run_after=None
[2023-08-28T00:12:46.768+0000] {processor.py:179} INFO - Processing /home/airflow/.local/lib/python3.8/site-packages/airflow/example_dags/example_sensors.py took 0.162 seconds
[2023-08-28T00:13:17.530+0000] {processor.py:157} INFO - Started process (PID=534) to work on /home/airflow/.local/lib/python3.8/site-packages/airflow/example_dags/example_sensors.py
[2023-08-28T00:13:17.533+0000] {processor.py:829} INFO - Processing file /home/airflow/.local/lib/python3.8/site-packages/airflow/example_dags/example_sensors.py for tasks to queue
[2023-08-28T00:13:17.552+0000] {logging_mixin.py:151} INFO - [2023-08-28T00:13:17.543+0000] {dagbag.py:539} INFO - Filling up the DagBag from /home/airflow/.local/lib/python3.8/site-packages/airflow/example_dags/example_sensors.py
[2023-08-28T00:13:17.642+0000] {processor.py:839} INFO - DAG(s) dict_keys(['example_sensors']) retrieved from /home/airflow/.local/lib/python3.8/site-packages/airflow/example_dags/example_sensors.py
[2023-08-28T00:13:17.884+0000] {logging_mixin.py:151} INFO - [2023-08-28T00:13:17.878+0000] {dag.py:2907} INFO - Sync 1 DAGs
[2023-08-28T00:13:17.931+0000] {logging_mixin.py:151} INFO - [2023-08-28T00:13:17.931+0000] {dag.py:3677} INFO - Setting next_dagrun for example_sensors to None, run_after=None
[2023-08-28T00:13:18.022+0000] {processor.py:179} INFO - Processing /home/airflow/.local/lib/python3.8/site-packages/airflow/example_dags/example_sensors.py took 0.498 seconds
[2023-08-28T00:13:48.274+0000] {processor.py:157} INFO - Started process (PID=589) to work on /home/airflow/.local/lib/python3.8/site-packages/airflow/example_dags/example_sensors.py
[2023-08-28T00:13:48.275+0000] {processor.py:829} INFO - Processing file /home/airflow/.local/lib/python3.8/site-packages/airflow/example_dags/example_sensors.py for tasks to queue
[2023-08-28T00:13:48.278+0000] {logging_mixin.py:151} INFO - [2023-08-28T00:13:48.278+0000] {dagbag.py:539} INFO - Filling up the DagBag from /home/airflow/.local/lib/python3.8/site-packages/airflow/example_dags/example_sensors.py
[2023-08-28T00:13:48.289+0000] {processor.py:839} INFO - DAG(s) dict_keys(['example_sensors']) retrieved from /home/airflow/.local/lib/python3.8/site-packages/airflow/example_dags/example_sensors.py
[2023-08-28T00:13:48.362+0000] {logging_mixin.py:151} INFO - [2023-08-28T00:13:48.362+0000] {dag.py:2907} INFO - Sync 1 DAGs
[2023-08-28T00:13:48.378+0000] {logging_mixin.py:151} INFO - [2023-08-28T00:13:48.378+0000] {dag.py:3677} INFO - Setting next_dagrun for example_sensors to None, run_after=None
[2023-08-28T00:13:48.401+0000] {processor.py:179} INFO - Processing /home/airflow/.local/lib/python3.8/site-packages/airflow/example_dags/example_sensors.py took 0.131 seconds
[2023-08-28T00:14:18.557+0000] {processor.py:157} INFO - Started process (PID=644) to work on /home/airflow/.local/lib/python3.8/site-packages/airflow/example_dags/example_sensors.py
[2023-08-28T00:14:18.558+0000] {processor.py:829} INFO - Processing file /home/airflow/.local/lib/python3.8/site-packages/airflow/example_dags/example_sensors.py for tasks to queue
[2023-08-28T00:14:18.560+0000] {logging_mixin.py:151} INFO - [2023-08-28T00:14:18.560+0000] {dagbag.py:539} INFO - Filling up the DagBag from /home/airflow/.local/lib/python3.8/site-packages/airflow/example_dags/example_sensors.py
[2023-08-28T00:14:18.571+0000] {processor.py:839} INFO - DAG(s) dict_keys(['example_sensors']) retrieved from /home/airflow/.local/lib/python3.8/site-packages/airflow/example_dags/example_sensors.py
[2023-08-28T00:14:18.645+0000] {logging_mixin.py:151} INFO - [2023-08-28T00:14:18.644+0000] {dag.py:2907} INFO - Sync 1 DAGs
[2023-08-28T00:14:18.660+0000] {logging_mixin.py:151} INFO - [2023-08-28T00:14:18.660+0000] {dag.py:3677} INFO - Setting next_dagrun for example_sensors to None, run_after=None
[2023-08-28T00:14:18.684+0000] {processor.py:179} INFO - Processing /home/airflow/.local/lib/python3.8/site-packages/airflow/example_dags/example_sensors.py took 0.130 seconds
[2023-08-28T00:14:49.348+0000] {processor.py:157} INFO - Started process (PID=699) to work on /home/airflow/.local/lib/python3.8/site-packages/airflow/example_dags/example_sensors.py
[2023-08-28T00:14:49.350+0000] {processor.py:829} INFO - Processing file /home/airflow/.local/lib/python3.8/site-packages/airflow/example_dags/example_sensors.py for tasks to queue
[2023-08-28T00:14:49.354+0000] {logging_mixin.py:151} INFO - [2023-08-28T00:14:49.354+0000] {dagbag.py:539} INFO - Filling up the DagBag from /home/airflow/.local/lib/python3.8/site-packages/airflow/example_dags/example_sensors.py
[2023-08-28T00:14:49.373+0000] {processor.py:839} INFO - DAG(s) dict_keys(['example_sensors']) retrieved from /home/airflow/.local/lib/python3.8/site-packages/airflow/example_dags/example_sensors.py
[2023-08-28T00:14:49.464+0000] {logging_mixin.py:151} INFO - [2023-08-28T00:14:49.464+0000] {dag.py:2907} INFO - Sync 1 DAGs
[2023-08-28T00:14:49.486+0000] {logging_mixin.py:151} INFO - [2023-08-28T00:14:49.486+0000] {dag.py:3677} INFO - Setting next_dagrun for example_sensors to None, run_after=None
[2023-08-28T00:14:49.529+0000] {processor.py:179} INFO - Processing /home/airflow/.local/lib/python3.8/site-packages/airflow/example_dags/example_sensors.py took 0.186 seconds
[2023-08-28T00:15:20.415+0000] {processor.py:157} INFO - Started process (PID=754) to work on /home/airflow/.local/lib/python3.8/site-packages/airflow/example_dags/example_sensors.py
[2023-08-28T00:15:20.417+0000] {processor.py:829} INFO - Processing file /home/airflow/.local/lib/python3.8/site-packages/airflow/example_dags/example_sensors.py for tasks to queue
[2023-08-28T00:15:20.420+0000] {logging_mixin.py:151} INFO - [2023-08-28T00:15:20.420+0000] {dagbag.py:539} INFO - Filling up the DagBag from /home/airflow/.local/lib/python3.8/site-packages/airflow/example_dags/example_sensors.py
[2023-08-28T00:15:20.435+0000] {processor.py:839} INFO - DAG(s) dict_keys(['example_sensors']) retrieved from /home/airflow/.local/lib/python3.8/site-packages/airflow/example_dags/example_sensors.py
[2023-08-28T00:15:20.520+0000] {logging_mixin.py:151} INFO - [2023-08-28T00:15:20.520+0000] {dag.py:2907} INFO - Sync 1 DAGs
[2023-08-28T00:15:20.536+0000] {logging_mixin.py:151} INFO - [2023-08-28T00:15:20.536+0000] {dag.py:3677} INFO - Setting next_dagrun for example_sensors to None, run_after=None
[2023-08-28T00:15:20.562+0000] {processor.py:179} INFO - Processing /home/airflow/.local/lib/python3.8/site-packages/airflow/example_dags/example_sensors.py took 0.150 seconds
[2023-08-28T00:15:51.294+0000] {processor.py:157} INFO - Started process (PID=809) to work on /home/airflow/.local/lib/python3.8/site-packages/airflow/example_dags/example_sensors.py
[2023-08-28T00:15:51.296+0000] {processor.py:829} INFO - Processing file /home/airflow/.local/lib/python3.8/site-packages/airflow/example_dags/example_sensors.py for tasks to queue
[2023-08-28T00:15:51.299+0000] {logging_mixin.py:151} INFO - [2023-08-28T00:15:51.299+0000] {dagbag.py:539} INFO - Filling up the DagBag from /home/airflow/.local/lib/python3.8/site-packages/airflow/example_dags/example_sensors.py
[2023-08-28T00:15:51.312+0000] {processor.py:839} INFO - DAG(s) dict_keys(['example_sensors']) retrieved from /home/airflow/.local/lib/python3.8/site-packages/airflow/example_dags/example_sensors.py
[2023-08-28T00:15:51.389+0000] {logging_mixin.py:151} INFO - [2023-08-28T00:15:51.389+0000] {dag.py:2907} INFO - Sync 1 DAGs
[2023-08-28T00:15:51.406+0000] {logging_mixin.py:151} INFO - [2023-08-28T00:15:51.406+0000] {dag.py:3677} INFO - Setting next_dagrun for example_sensors to None, run_after=None
[2023-08-28T00:15:51.432+0000] {processor.py:179} INFO - Processing /home/airflow/.local/lib/python3.8/site-packages/airflow/example_dags/example_sensors.py took 0.143 seconds
[2023-08-28T00:16:21.731+0000] {processor.py:157} INFO - Started process (PID=864) to work on /home/airflow/.local/lib/python3.8/site-packages/airflow/example_dags/example_sensors.py
[2023-08-28T00:16:21.734+0000] {processor.py:829} INFO - Processing file /home/airflow/.local/lib/python3.8/site-packages/airflow/example_dags/example_sensors.py for tasks to queue
[2023-08-28T00:16:21.737+0000] {logging_mixin.py:151} INFO - [2023-08-28T00:16:21.736+0000] {dagbag.py:539} INFO - Filling up the DagBag from /home/airflow/.local/lib/python3.8/site-packages/airflow/example_dags/example_sensors.py
[2023-08-28T00:16:21.755+0000] {processor.py:839} INFO - DAG(s) dict_keys(['example_sensors']) retrieved from /home/airflow/.local/lib/python3.8/site-packages/airflow/example_dags/example_sensors.py
[2023-08-28T00:16:21.836+0000] {logging_mixin.py:151} INFO - [2023-08-28T00:16:21.835+0000] {dag.py:2907} INFO - Sync 1 DAGs
[2023-08-28T00:16:21.855+0000] {logging_mixin.py:151} INFO - [2023-08-28T00:16:21.855+0000] {dag.py:3677} INFO - Setting next_dagrun for example_sensors to None, run_after=None
[2023-08-28T00:16:21.881+0000] {processor.py:179} INFO - Processing /home/airflow/.local/lib/python3.8/site-packages/airflow/example_dags/example_sensors.py took 0.153 seconds
[2023-08-28T00:16:52.014+0000] {processor.py:157} INFO - Started process (PID=919) to work on /home/airflow/.local/lib/python3.8/site-packages/airflow/example_dags/example_sensors.py
[2023-08-28T00:16:52.016+0000] {processor.py:829} INFO - Processing file /home/airflow/.local/lib/python3.8/site-packages/airflow/example_dags/example_sensors.py for tasks to queue
[2023-08-28T00:16:52.018+0000] {logging_mixin.py:151} INFO - [2023-08-28T00:16:52.018+0000] {dagbag.py:539} INFO - Filling up the DagBag from /home/airflow/.local/lib/python3.8/site-packages/airflow/example_dags/example_sensors.py
[2023-08-28T00:16:52.031+0000] {processor.py:839} INFO - DAG(s) dict_keys(['example_sensors']) retrieved from /home/airflow/.local/lib/python3.8/site-packages/airflow/example_dags/example_sensors.py
[2023-08-28T00:16:52.108+0000] {logging_mixin.py:151} INFO - [2023-08-28T00:16:52.108+0000] {dag.py:2907} INFO - Sync 1 DAGs
[2023-08-28T00:16:52.128+0000] {logging_mixin.py:151} INFO - [2023-08-28T00:16:52.128+0000] {dag.py:3677} INFO - Setting next_dagrun for example_sensors to None, run_after=None
[2023-08-28T00:16:52.156+0000] {processor.py:179} INFO - Processing /home/airflow/.local/lib/python3.8/site-packages/airflow/example_dags/example_sensors.py took 0.146 seconds
[2023-08-28T00:17:22.678+0000] {processor.py:157} INFO - Started process (PID=974) to work on /home/airflow/.local/lib/python3.8/site-packages/airflow/example_dags/example_sensors.py
[2023-08-28T00:17:22.680+0000] {processor.py:829} INFO - Processing file /home/airflow/.local/lib/python3.8/site-packages/airflow/example_dags/example_sensors.py for tasks to queue
[2023-08-28T00:17:22.683+0000] {logging_mixin.py:151} INFO - [2023-08-28T00:17:22.682+0000] {dagbag.py:539} INFO - Filling up the DagBag from /home/airflow/.local/lib/python3.8/site-packages/airflow/example_dags/example_sensors.py
[2023-08-28T00:17:22.699+0000] {processor.py:839} INFO - DAG(s) dict_keys(['example_sensors']) retrieved from /home/airflow/.local/lib/python3.8/site-packages/airflow/example_dags/example_sensors.py
[2023-08-28T00:17:22.784+0000] {logging_mixin.py:151} INFO - [2023-08-28T00:17:22.784+0000] {dag.py:2907} INFO - Sync 1 DAGs
[2023-08-28T00:17:22.801+0000] {logging_mixin.py:151} INFO - [2023-08-28T00:17:22.801+0000] {dag.py:3677} INFO - Setting next_dagrun for example_sensors to None, run_after=None
[2023-08-28T00:17:22.827+0000] {processor.py:179} INFO - Processing /home/airflow/.local/lib/python3.8/site-packages/airflow/example_dags/example_sensors.py took 0.153 seconds
[2023-08-28T00:17:53.915+0000] {processor.py:157} INFO - Started process (PID=1029) to work on /home/airflow/.local/lib/python3.8/site-packages/airflow/example_dags/example_sensors.py
[2023-08-28T00:17:53.924+0000] {processor.py:829} INFO - Processing file /home/airflow/.local/lib/python3.8/site-packages/airflow/example_dags/example_sensors.py for tasks to queue
[2023-08-28T00:17:53.932+0000] {logging_mixin.py:151} INFO - [2023-08-28T00:17:53.932+0000] {dagbag.py:539} INFO - Filling up the DagBag from /home/airflow/.local/lib/python3.8/site-packages/airflow/example_dags/example_sensors.py
[2023-08-28T00:17:53.986+0000] {processor.py:839} INFO - DAG(s) dict_keys(['example_sensors']) retrieved from /home/airflow/.local/lib/python3.8/site-packages/airflow/example_dags/example_sensors.py
[2023-08-28T00:17:54.273+0000] {logging_mixin.py:151} INFO - [2023-08-28T00:17:54.272+0000] {dag.py:2907} INFO - Sync 1 DAGs
[2023-08-28T00:17:54.361+0000] {logging_mixin.py:151} INFO - [2023-08-28T00:17:54.360+0000] {dag.py:3677} INFO - Setting next_dagrun for example_sensors to None, run_after=None
[2023-08-28T00:17:54.400+0000] {processor.py:179} INFO - Processing /home/airflow/.local/lib/python3.8/site-packages/airflow/example_dags/example_sensors.py took 0.505 seconds
[2023-08-28T00:18:25.345+0000] {processor.py:157} INFO - Started process (PID=1083) to work on /home/airflow/.local/lib/python3.8/site-packages/airflow/example_dags/example_sensors.py
[2023-08-28T00:18:25.349+0000] {processor.py:829} INFO - Processing file /home/airflow/.local/lib/python3.8/site-packages/airflow/example_dags/example_sensors.py for tasks to queue
[2023-08-28T00:18:25.354+0000] {logging_mixin.py:151} INFO - [2023-08-28T00:18:25.353+0000] {dagbag.py:539} INFO - Filling up the DagBag from /home/airflow/.local/lib/python3.8/site-packages/airflow/example_dags/example_sensors.py
[2023-08-28T00:18:25.461+0000] {processor.py:839} INFO - DAG(s) dict_keys(['example_sensors']) retrieved from /home/airflow/.local/lib/python3.8/site-packages/airflow/example_dags/example_sensors.py
[2023-08-28T00:18:25.844+0000] {logging_mixin.py:151} INFO - [2023-08-28T00:18:25.843+0000] {dag.py:2907} INFO - Sync 1 DAGs
[2023-08-28T00:18:25.895+0000] {logging_mixin.py:151} INFO - [2023-08-28T00:18:25.894+0000] {dag.py:3677} INFO - Setting next_dagrun for example_sensors to None, run_after=None
[2023-08-28T00:18:25.988+0000] {processor.py:179} INFO - Processing /home/airflow/.local/lib/python3.8/site-packages/airflow/example_dags/example_sensors.py took 0.649 seconds
[2023-08-28T00:18:56.574+0000] {processor.py:157} INFO - Started process (PID=1138) to work on /home/airflow/.local/lib/python3.8/site-packages/airflow/example_dags/example_sensors.py
[2023-08-28T00:18:56.579+0000] {processor.py:829} INFO - Processing file /home/airflow/.local/lib/python3.8/site-packages/airflow/example_dags/example_sensors.py for tasks to queue
[2023-08-28T00:18:56.606+0000] {logging_mixin.py:151} INFO - [2023-08-28T00:18:56.603+0000] {dagbag.py:539} INFO - Filling up the DagBag from /home/airflow/.local/lib/python3.8/site-packages/airflow/example_dags/example_sensors.py
[2023-08-28T00:18:56.680+0000] {processor.py:839} INFO - DAG(s) dict_keys(['example_sensors']) retrieved from /home/airflow/.local/lib/python3.8/site-packages/airflow/example_dags/example_sensors.py
[2023-08-28T00:18:56.946+0000] {logging_mixin.py:151} INFO - [2023-08-28T00:18:56.945+0000] {dag.py:2907} INFO - Sync 1 DAGs
[2023-08-28T00:18:57.008+0000] {logging_mixin.py:151} INFO - [2023-08-28T00:18:57.008+0000] {dag.py:3677} INFO - Setting next_dagrun for example_sensors to None, run_after=None
[2023-08-28T00:18:57.107+0000] {processor.py:179} INFO - Processing /home/airflow/.local/lib/python3.8/site-packages/airflow/example_dags/example_sensors.py took 0.543 seconds
[2023-08-28T00:19:27.960+0000] {processor.py:157} INFO - Started process (PID=1193) to work on /home/airflow/.local/lib/python3.8/site-packages/airflow/example_dags/example_sensors.py
[2023-08-28T00:19:27.966+0000] {processor.py:829} INFO - Processing file /home/airflow/.local/lib/python3.8/site-packages/airflow/example_dags/example_sensors.py for tasks to queue
[2023-08-28T00:19:27.981+0000] {logging_mixin.py:151} INFO - [2023-08-28T00:19:27.978+0000] {dagbag.py:539} INFO - Filling up the DagBag from /home/airflow/.local/lib/python3.8/site-packages/airflow/example_dags/example_sensors.py
[2023-08-28T00:19:28.015+0000] {processor.py:839} INFO - DAG(s) dict_keys(['example_sensors']) retrieved from /home/airflow/.local/lib/python3.8/site-packages/airflow/example_dags/example_sensors.py
[2023-08-28T00:19:28.200+0000] {logging_mixin.py:151} INFO - [2023-08-28T00:19:28.200+0000] {dag.py:2907} INFO - Sync 1 DAGs
[2023-08-28T00:19:28.242+0000] {logging_mixin.py:151} INFO - [2023-08-28T00:19:28.242+0000] {dag.py:3677} INFO - Setting next_dagrun for example_sensors to None, run_after=None
[2023-08-28T00:19:28.287+0000] {processor.py:179} INFO - Processing /home/airflow/.local/lib/python3.8/site-packages/airflow/example_dags/example_sensors.py took 0.345 seconds
[2023-08-28T00:19:58.497+0000] {processor.py:157} INFO - Started process (PID=1248) to work on /home/airflow/.local/lib/python3.8/site-packages/airflow/example_dags/example_sensors.py
[2023-08-28T00:19:58.499+0000] {processor.py:829} INFO - Processing file /home/airflow/.local/lib/python3.8/site-packages/airflow/example_dags/example_sensors.py for tasks to queue
[2023-08-28T00:19:58.503+0000] {logging_mixin.py:151} INFO - [2023-08-28T00:19:58.502+0000] {dagbag.py:539} INFO - Filling up the DagBag from /home/airflow/.local/lib/python3.8/site-packages/airflow/example_dags/example_sensors.py
[2023-08-28T00:19:58.516+0000] {processor.py:839} INFO - DAG(s) dict_keys(['example_sensors']) retrieved from /home/airflow/.local/lib/python3.8/site-packages/airflow/example_dags/example_sensors.py
[2023-08-28T00:19:58.615+0000] {logging_mixin.py:151} INFO - [2023-08-28T00:19:58.615+0000] {dag.py:2907} INFO - Sync 1 DAGs
[2023-08-28T00:19:58.636+0000] {logging_mixin.py:151} INFO - [2023-08-28T00:19:58.636+0000] {dag.py:3677} INFO - Setting next_dagrun for example_sensors to None, run_after=None
[2023-08-28T00:19:58.689+0000] {processor.py:179} INFO - Processing /home/airflow/.local/lib/python3.8/site-packages/airflow/example_dags/example_sensors.py took 0.196 seconds
[2023-08-28T00:20:29.358+0000] {processor.py:157} INFO - Started process (PID=1303) to work on /home/airflow/.local/lib/python3.8/site-packages/airflow/example_dags/example_sensors.py
[2023-08-28T00:20:29.360+0000] {processor.py:829} INFO - Processing file /home/airflow/.local/lib/python3.8/site-packages/airflow/example_dags/example_sensors.py for tasks to queue
[2023-08-28T00:20:29.363+0000] {logging_mixin.py:151} INFO - [2023-08-28T00:20:29.363+0000] {dagbag.py:539} INFO - Filling up the DagBag from /home/airflow/.local/lib/python3.8/site-packages/airflow/example_dags/example_sensors.py
[2023-08-28T00:20:29.380+0000] {processor.py:839} INFO - DAG(s) dict_keys(['example_sensors']) retrieved from /home/airflow/.local/lib/python3.8/site-packages/airflow/example_dags/example_sensors.py
[2023-08-28T00:20:29.472+0000] {logging_mixin.py:151} INFO - [2023-08-28T00:20:29.472+0000] {dag.py:2907} INFO - Sync 1 DAGs
[2023-08-28T00:20:29.491+0000] {logging_mixin.py:151} INFO - [2023-08-28T00:20:29.491+0000] {dag.py:3677} INFO - Setting next_dagrun for example_sensors to None, run_after=None
[2023-08-28T00:20:29.518+0000] {processor.py:179} INFO - Processing /home/airflow/.local/lib/python3.8/site-packages/airflow/example_dags/example_sensors.py took 0.164 seconds
[2023-08-28T00:21:00.213+0000] {processor.py:157} INFO - Started process (PID=1358) to work on /home/airflow/.local/lib/python3.8/site-packages/airflow/example_dags/example_sensors.py
[2023-08-28T00:21:00.215+0000] {processor.py:829} INFO - Processing file /home/airflow/.local/lib/python3.8/site-packages/airflow/example_dags/example_sensors.py for tasks to queue
[2023-08-28T00:21:00.219+0000] {logging_mixin.py:151} INFO - [2023-08-28T00:21:00.218+0000] {dagbag.py:539} INFO - Filling up the DagBag from /home/airflow/.local/lib/python3.8/site-packages/airflow/example_dags/example_sensors.py
[2023-08-28T00:21:00.237+0000] {processor.py:839} INFO - DAG(s) dict_keys(['example_sensors']) retrieved from /home/airflow/.local/lib/python3.8/site-packages/airflow/example_dags/example_sensors.py
[2023-08-28T00:21:00.379+0000] {logging_mixin.py:151} INFO - [2023-08-28T00:21:00.379+0000] {dag.py:2907} INFO - Sync 1 DAGs
[2023-08-28T00:21:00.407+0000] {logging_mixin.py:151} INFO - [2023-08-28T00:21:00.407+0000] {dag.py:3677} INFO - Setting next_dagrun for example_sensors to None, run_after=None
[2023-08-28T00:21:00.446+0000] {processor.py:179} INFO - Processing /home/airflow/.local/lib/python3.8/site-packages/airflow/example_dags/example_sensors.py took 0.238 seconds
[2023-08-28T00:21:30.996+0000] {processor.py:157} INFO - Started process (PID=1413) to work on /home/airflow/.local/lib/python3.8/site-packages/airflow/example_dags/example_sensors.py
[2023-08-28T00:21:31.000+0000] {processor.py:829} INFO - Processing file /home/airflow/.local/lib/python3.8/site-packages/airflow/example_dags/example_sensors.py for tasks to queue
[2023-08-28T00:21:31.007+0000] {logging_mixin.py:151} INFO - [2023-08-28T00:21:31.006+0000] {dagbag.py:539} INFO - Filling up the DagBag from /home/airflow/.local/lib/python3.8/site-packages/airflow/example_dags/example_sensors.py
[2023-08-28T00:21:31.049+0000] {processor.py:839} INFO - DAG(s) dict_keys(['example_sensors']) retrieved from /home/airflow/.local/lib/python3.8/site-packages/airflow/example_dags/example_sensors.py
[2023-08-28T00:21:31.169+0000] {logging_mixin.py:151} INFO - [2023-08-28T00:21:31.168+0000] {dag.py:2907} INFO - Sync 1 DAGs
[2023-08-28T00:21:31.211+0000] {logging_mixin.py:151} INFO - [2023-08-28T00:21:31.211+0000] {dag.py:3677} INFO - Setting next_dagrun for example_sensors to None, run_after=None
[2023-08-28T00:21:31.258+0000] {processor.py:179} INFO - Processing /home/airflow/.local/lib/python3.8/site-packages/airflow/example_dags/example_sensors.py took 0.273 seconds
[2023-08-28T00:22:01.937+0000] {processor.py:157} INFO - Started process (PID=1468) to work on /home/airflow/.local/lib/python3.8/site-packages/airflow/example_dags/example_sensors.py
[2023-08-28T00:22:01.939+0000] {processor.py:829} INFO - Processing file /home/airflow/.local/lib/python3.8/site-packages/airflow/example_dags/example_sensors.py for tasks to queue
[2023-08-28T00:22:01.954+0000] {logging_mixin.py:151} INFO - [2023-08-28T00:22:01.953+0000] {dagbag.py:539} INFO - Filling up the DagBag from /home/airflow/.local/lib/python3.8/site-packages/airflow/example_dags/example_sensors.py
[2023-08-28T00:22:01.980+0000] {processor.py:839} INFO - DAG(s) dict_keys(['example_sensors']) retrieved from /home/airflow/.local/lib/python3.8/site-packages/airflow/example_dags/example_sensors.py
[2023-08-28T00:22:02.070+0000] {logging_mixin.py:151} INFO - [2023-08-28T00:22:02.070+0000] {dag.py:2907} INFO - Sync 1 DAGs
[2023-08-28T00:22:02.107+0000] {logging_mixin.py:151} INFO - [2023-08-28T00:22:02.107+0000] {dag.py:3677} INFO - Setting next_dagrun for example_sensors to None, run_after=None
[2023-08-28T00:22:02.139+0000] {processor.py:179} INFO - Processing /home/airflow/.local/lib/python3.8/site-packages/airflow/example_dags/example_sensors.py took 0.206 seconds
