[2023-08-28T00:01:56.666+0000] {processor.py:157} INFO - Started process (PID=44) to work on /home/airflow/.local/lib/python3.8/site-packages/airflow/example_dags/example_branch_operator.py
[2023-08-28T00:01:56.668+0000] {processor.py:829} INFO - Processing file /home/airflow/.local/lib/python3.8/site-packages/airflow/example_dags/example_branch_operator.py for tasks to queue
[2023-08-28T00:01:56.670+0000] {logging_mixin.py:151} INFO - [2023-08-28T00:01:56.669+0000] {dagbag.py:539} INFO - Filling up the DagBag from /home/airflow/.local/lib/python3.8/site-packages/airflow/example_dags/example_branch_operator.py
[2023-08-28T00:01:56.686+0000] {processor.py:839} INFO - DAG(s) dict_keys(['example_branch_operator']) retrieved from /home/airflow/.local/lib/python3.8/site-packages/airflow/example_dags/example_branch_operator.py
[2023-08-28T00:01:56.990+0000] {logging_mixin.py:151} INFO - [2023-08-28T00:01:56.990+0000] {manager.py:501} INFO - Created Permission View: can edit on DAG:example_branch_operator
[2023-08-28T00:01:57.002+0000] {logging_mixin.py:151} INFO - [2023-08-28T00:01:57.002+0000] {manager.py:501} INFO - Created Permission View: can delete on DAG:example_branch_operator
[2023-08-28T00:01:57.009+0000] {logging_mixin.py:151} INFO - [2023-08-28T00:01:57.008+0000] {manager.py:501} INFO - Created Permission View: can read on DAG:example_branch_operator
[2023-08-28T00:01:57.025+0000] {logging_mixin.py:151} INFO - [2023-08-28T00:01:57.025+0000] {dag.py:2907} INFO - Sync 1 DAGs
[2023-08-28T00:01:57.035+0000] {logging_mixin.py:151} INFO - [2023-08-28T00:01:57.035+0000] {dag.py:2929} INFO - Creating ORM DAG for example_branch_operator
[2023-08-28T00:01:57.054+0000] {logging_mixin.py:151} INFO - [2023-08-28T00:01:57.054+0000] {dag.py:3677} INFO - Setting next_dagrun for example_branch_operator to 2023-08-27T00:00:00+00:00, run_after=2023-08-28T00:00:00+00:00
[2023-08-28T00:01:57.074+0000] {processor.py:179} INFO - Processing /home/airflow/.local/lib/python3.8/site-packages/airflow/example_dags/example_branch_operator.py took 0.410 seconds
[2023-08-28T00:02:28.168+0000] {processor.py:157} INFO - Started process (PID=98) to work on /home/airflow/.local/lib/python3.8/site-packages/airflow/example_dags/example_branch_operator.py
[2023-08-28T00:02:28.170+0000] {processor.py:829} INFO - Processing file /home/airflow/.local/lib/python3.8/site-packages/airflow/example_dags/example_branch_operator.py for tasks to queue
[2023-08-28T00:02:28.176+0000] {logging_mixin.py:151} INFO - [2023-08-28T00:02:28.176+0000] {dagbag.py:539} INFO - Filling up the DagBag from /home/airflow/.local/lib/python3.8/site-packages/airflow/example_dags/example_branch_operator.py
[2023-08-28T00:02:28.191+0000] {processor.py:839} INFO - DAG(s) dict_keys(['example_branch_operator']) retrieved from /home/airflow/.local/lib/python3.8/site-packages/airflow/example_dags/example_branch_operator.py
[2023-08-28T00:02:28.284+0000] {logging_mixin.py:151} INFO - [2023-08-28T00:02:28.284+0000] {dag.py:2907} INFO - Sync 1 DAGs
[2023-08-28T00:02:28.414+0000] {logging_mixin.py:151} INFO - [2023-08-28T00:02:28.413+0000] {dag.py:3677} INFO - Setting next_dagrun for example_branch_operator to 2023-08-27T00:00:00+00:00, run_after=2023-08-28T00:00:00+00:00
[2023-08-28T00:02:28.448+0000] {processor.py:179} INFO - Processing /home/airflow/.local/lib/python3.8/site-packages/airflow/example_dags/example_branch_operator.py took 0.284 seconds
[2023-08-28T00:02:58.889+0000] {processor.py:157} INFO - Started process (PID=153) to work on /home/airflow/.local/lib/python3.8/site-packages/airflow/example_dags/example_branch_operator.py
[2023-08-28T00:02:58.892+0000] {processor.py:829} INFO - Processing file /home/airflow/.local/lib/python3.8/site-packages/airflow/example_dags/example_branch_operator.py for tasks to queue
[2023-08-28T00:02:58.897+0000] {logging_mixin.py:151} INFO - [2023-08-28T00:02:58.896+0000] {dagbag.py:539} INFO - Filling up the DagBag from /home/airflow/.local/lib/python3.8/site-packages/airflow/example_dags/example_branch_operator.py
[2023-08-28T00:02:58.915+0000] {processor.py:839} INFO - DAG(s) dict_keys(['example_branch_operator']) retrieved from /home/airflow/.local/lib/python3.8/site-packages/airflow/example_dags/example_branch_operator.py
[2023-08-28T00:02:59.015+0000] {logging_mixin.py:151} INFO - [2023-08-28T00:02:59.015+0000] {dag.py:2907} INFO - Sync 1 DAGs
[2023-08-28T00:02:59.059+0000] {logging_mixin.py:151} INFO - [2023-08-28T00:02:59.059+0000] {dag.py:3677} INFO - Setting next_dagrun for example_branch_operator to 2023-08-27T00:00:00+00:00, run_after=2023-08-28T00:00:00+00:00
[2023-08-28T00:02:59.090+0000] {processor.py:179} INFO - Processing /home/airflow/.local/lib/python3.8/site-packages/airflow/example_dags/example_branch_operator.py took 0.206 seconds
[2023-08-28T00:03:31.498+0000] {processor.py:157} INFO - Started process (PID=207) to work on /home/airflow/.local/lib/python3.8/site-packages/airflow/example_dags/example_branch_operator.py
[2023-08-28T00:03:31.500+0000] {processor.py:829} INFO - Processing file /home/airflow/.local/lib/python3.8/site-packages/airflow/example_dags/example_branch_operator.py for tasks to queue
[2023-08-28T00:03:31.505+0000] {logging_mixin.py:151} INFO - [2023-08-28T00:03:31.504+0000] {dagbag.py:539} INFO - Filling up the DagBag from /home/airflow/.local/lib/python3.8/site-packages/airflow/example_dags/example_branch_operator.py
[2023-08-28T00:03:31.525+0000] {processor.py:839} INFO - DAG(s) dict_keys(['example_branch_operator']) retrieved from /home/airflow/.local/lib/python3.8/site-packages/airflow/example_dags/example_branch_operator.py
[2023-08-28T00:03:31.658+0000] {logging_mixin.py:151} INFO - [2023-08-28T00:03:31.658+0000] {dag.py:2907} INFO - Sync 1 DAGs
[2023-08-28T00:03:31.723+0000] {logging_mixin.py:151} INFO - [2023-08-28T00:03:31.722+0000] {dag.py:3677} INFO - Setting next_dagrun for example_branch_operator to 2023-08-27T00:00:00+00:00, run_after=2023-08-28T00:00:00+00:00
[2023-08-28T00:03:31.839+0000] {processor.py:179} INFO - Processing /home/airflow/.local/lib/python3.8/site-packages/airflow/example_dags/example_branch_operator.py took 0.345 seconds
[2023-08-28T00:04:02.478+0000] {processor.py:157} INFO - Started process (PID=262) to work on /home/airflow/.local/lib/python3.8/site-packages/airflow/example_dags/example_branch_operator.py
[2023-08-28T00:04:02.480+0000] {processor.py:829} INFO - Processing file /home/airflow/.local/lib/python3.8/site-packages/airflow/example_dags/example_branch_operator.py for tasks to queue
[2023-08-28T00:04:02.484+0000] {logging_mixin.py:151} INFO - [2023-08-28T00:04:02.483+0000] {dagbag.py:539} INFO - Filling up the DagBag from /home/airflow/.local/lib/python3.8/site-packages/airflow/example_dags/example_branch_operator.py
[2023-08-28T00:04:02.499+0000] {processor.py:839} INFO - DAG(s) dict_keys(['example_branch_operator']) retrieved from /home/airflow/.local/lib/python3.8/site-packages/airflow/example_dags/example_branch_operator.py
[2023-08-28T00:04:02.614+0000] {logging_mixin.py:151} INFO - [2023-08-28T00:04:02.614+0000] {dag.py:2907} INFO - Sync 1 DAGs
[2023-08-28T00:04:02.670+0000] {logging_mixin.py:151} INFO - [2023-08-28T00:04:02.669+0000] {dag.py:3677} INFO - Setting next_dagrun for example_branch_operator to 2023-08-27T00:00:00+00:00, run_after=2023-08-28T00:00:00+00:00
[2023-08-28T00:04:02.697+0000] {processor.py:179} INFO - Processing /home/airflow/.local/lib/python3.8/site-packages/airflow/example_dags/example_branch_operator.py took 0.222 seconds
[2023-08-28T00:04:32.749+0000] {processor.py:157} INFO - Started process (PID=317) to work on /home/airflow/.local/lib/python3.8/site-packages/airflow/example_dags/example_branch_operator.py
[2023-08-28T00:04:32.750+0000] {processor.py:829} INFO - Processing file /home/airflow/.local/lib/python3.8/site-packages/airflow/example_dags/example_branch_operator.py for tasks to queue
[2023-08-28T00:04:32.753+0000] {logging_mixin.py:151} INFO - [2023-08-28T00:04:32.753+0000] {dagbag.py:539} INFO - Filling up the DagBag from /home/airflow/.local/lib/python3.8/site-packages/airflow/example_dags/example_branch_operator.py
[2023-08-28T00:04:32.766+0000] {processor.py:839} INFO - DAG(s) dict_keys(['example_branch_operator']) retrieved from /home/airflow/.local/lib/python3.8/site-packages/airflow/example_dags/example_branch_operator.py
[2023-08-28T00:04:32.850+0000] {logging_mixin.py:151} INFO - [2023-08-28T00:04:32.850+0000] {dag.py:2907} INFO - Sync 1 DAGs
[2023-08-28T00:04:32.888+0000] {logging_mixin.py:151} INFO - [2023-08-28T00:04:32.888+0000] {dag.py:3677} INFO - Setting next_dagrun for example_branch_operator to 2023-08-27T00:00:00+00:00, run_after=2023-08-28T00:00:00+00:00
[2023-08-28T00:04:32.915+0000] {processor.py:179} INFO - Processing /home/airflow/.local/lib/python3.8/site-packages/airflow/example_dags/example_branch_operator.py took 0.169 seconds
[2023-08-28T00:05:03.142+0000] {processor.py:157} INFO - Started process (PID=372) to work on /home/airflow/.local/lib/python3.8/site-packages/airflow/example_dags/example_branch_operator.py
[2023-08-28T00:05:03.143+0000] {processor.py:829} INFO - Processing file /home/airflow/.local/lib/python3.8/site-packages/airflow/example_dags/example_branch_operator.py for tasks to queue
[2023-08-28T00:05:03.146+0000] {logging_mixin.py:151} INFO - [2023-08-28T00:05:03.146+0000] {dagbag.py:539} INFO - Filling up the DagBag from /home/airflow/.local/lib/python3.8/site-packages/airflow/example_dags/example_branch_operator.py
[2023-08-28T00:05:03.159+0000] {processor.py:839} INFO - DAG(s) dict_keys(['example_branch_operator']) retrieved from /home/airflow/.local/lib/python3.8/site-packages/airflow/example_dags/example_branch_operator.py
[2023-08-28T00:05:03.238+0000] {logging_mixin.py:151} INFO - [2023-08-28T00:05:03.238+0000] {dag.py:2907} INFO - Sync 1 DAGs
[2023-08-28T00:05:03.275+0000] {logging_mixin.py:151} INFO - [2023-08-28T00:05:03.274+0000] {dag.py:3677} INFO - Setting next_dagrun for example_branch_operator to 2023-08-27T00:00:00+00:00, run_after=2023-08-28T00:00:00+00:00
[2023-08-28T00:05:03.299+0000] {processor.py:179} INFO - Processing /home/airflow/.local/lib/python3.8/site-packages/airflow/example_dags/example_branch_operator.py took 0.162 seconds
[2023-08-28T00:08:42.953+0000] {processor.py:157} INFO - Started process (PID=46) to work on /home/airflow/.local/lib/python3.8/site-packages/airflow/example_dags/example_branch_operator.py
[2023-08-28T00:08:42.957+0000] {processor.py:829} INFO - Processing file /home/airflow/.local/lib/python3.8/site-packages/airflow/example_dags/example_branch_operator.py for tasks to queue
[2023-08-28T00:08:42.964+0000] {logging_mixin.py:151} INFO - [2023-08-28T00:08:42.963+0000] {dagbag.py:539} INFO - Filling up the DagBag from /home/airflow/.local/lib/python3.8/site-packages/airflow/example_dags/example_branch_operator.py
[2023-08-28T00:08:43.049+0000] {processor.py:839} INFO - DAG(s) dict_keys(['example_branch_operator']) retrieved from /home/airflow/.local/lib/python3.8/site-packages/airflow/example_dags/example_branch_operator.py
[2023-08-28T00:08:43.352+0000] {logging_mixin.py:151} INFO - [2023-08-28T00:08:43.352+0000] {dag.py:2907} INFO - Sync 1 DAGs
[2023-08-28T00:08:43.550+0000] {logging_mixin.py:151} INFO - [2023-08-28T00:08:43.549+0000] {dag.py:3677} INFO - Setting next_dagrun for example_branch_operator to 2023-08-27T00:00:00+00:00, run_after=2023-08-28T00:00:00+00:00
[2023-08-28T00:08:43.773+0000] {processor.py:179} INFO - Processing /home/airflow/.local/lib/python3.8/site-packages/airflow/example_dags/example_branch_operator.py took 0.828 seconds
[2023-08-28T00:09:14.182+0000] {processor.py:157} INFO - Started process (PID=99) to work on /home/airflow/.local/lib/python3.8/site-packages/airflow/example_dags/example_branch_operator.py
[2023-08-28T00:09:14.184+0000] {processor.py:829} INFO - Processing file /home/airflow/.local/lib/python3.8/site-packages/airflow/example_dags/example_branch_operator.py for tasks to queue
[2023-08-28T00:09:14.186+0000] {logging_mixin.py:151} INFO - [2023-08-28T00:09:14.186+0000] {dagbag.py:539} INFO - Filling up the DagBag from /home/airflow/.local/lib/python3.8/site-packages/airflow/example_dags/example_branch_operator.py
[2023-08-28T00:09:14.198+0000] {processor.py:839} INFO - DAG(s) dict_keys(['example_branch_operator']) retrieved from /home/airflow/.local/lib/python3.8/site-packages/airflow/example_dags/example_branch_operator.py
[2023-08-28T00:09:14.374+0000] {logging_mixin.py:151} INFO - [2023-08-28T00:09:14.374+0000] {dag.py:2907} INFO - Sync 1 DAGs
[2023-08-28T00:09:14.409+0000] {logging_mixin.py:151} INFO - [2023-08-28T00:09:14.409+0000] {dag.py:3677} INFO - Setting next_dagrun for example_branch_operator to 2023-08-27T00:00:00+00:00, run_after=2023-08-28T00:00:00+00:00
[2023-08-28T00:09:14.437+0000] {processor.py:179} INFO - Processing /home/airflow/.local/lib/python3.8/site-packages/airflow/example_dags/example_branch_operator.py took 0.258 seconds
[2023-08-28T00:09:44.765+0000] {processor.py:157} INFO - Started process (PID=161) to work on /home/airflow/.local/lib/python3.8/site-packages/airflow/example_dags/example_branch_operator.py
[2023-08-28T00:09:44.771+0000] {processor.py:829} INFO - Processing file /home/airflow/.local/lib/python3.8/site-packages/airflow/example_dags/example_branch_operator.py for tasks to queue
[2023-08-28T00:09:44.778+0000] {logging_mixin.py:151} INFO - [2023-08-28T00:09:44.777+0000] {dagbag.py:539} INFO - Filling up the DagBag from /home/airflow/.local/lib/python3.8/site-packages/airflow/example_dags/example_branch_operator.py
[2023-08-28T00:09:44.801+0000] {processor.py:839} INFO - DAG(s) dict_keys(['example_branch_operator']) retrieved from /home/airflow/.local/lib/python3.8/site-packages/airflow/example_dags/example_branch_operator.py
[2023-08-28T00:09:44.910+0000] {logging_mixin.py:151} INFO - [2023-08-28T00:09:44.910+0000] {dag.py:2907} INFO - Sync 1 DAGs
[2023-08-28T00:09:44.960+0000] {logging_mixin.py:151} INFO - [2023-08-28T00:09:44.959+0000] {dag.py:3677} INFO - Setting next_dagrun for example_branch_operator to 2023-08-27T00:00:00+00:00, run_after=2023-08-28T00:00:00+00:00
[2023-08-28T00:09:45.003+0000] {processor.py:179} INFO - Processing /home/airflow/.local/lib/python3.8/site-packages/airflow/example_dags/example_branch_operator.py took 0.252 seconds
[2023-08-28T00:10:15.167+0000] {processor.py:157} INFO - Started process (PID=216) to work on /home/airflow/.local/lib/python3.8/site-packages/airflow/example_dags/example_branch_operator.py
[2023-08-28T00:10:15.169+0000] {processor.py:829} INFO - Processing file /home/airflow/.local/lib/python3.8/site-packages/airflow/example_dags/example_branch_operator.py for tasks to queue
[2023-08-28T00:10:15.171+0000] {logging_mixin.py:151} INFO - [2023-08-28T00:10:15.171+0000] {dagbag.py:539} INFO - Filling up the DagBag from /home/airflow/.local/lib/python3.8/site-packages/airflow/example_dags/example_branch_operator.py
[2023-08-28T00:10:15.183+0000] {processor.py:839} INFO - DAG(s) dict_keys(['example_branch_operator']) retrieved from /home/airflow/.local/lib/python3.8/site-packages/airflow/example_dags/example_branch_operator.py
[2023-08-28T00:10:15.255+0000] {logging_mixin.py:151} INFO - [2023-08-28T00:10:15.255+0000] {dag.py:2907} INFO - Sync 1 DAGs
[2023-08-28T00:10:15.293+0000] {logging_mixin.py:151} INFO - [2023-08-28T00:10:15.293+0000] {dag.py:3677} INFO - Setting next_dagrun for example_branch_operator to 2023-08-27T00:00:00+00:00, run_after=2023-08-28T00:00:00+00:00
[2023-08-28T00:10:15.318+0000] {processor.py:179} INFO - Processing /home/airflow/.local/lib/python3.8/site-packages/airflow/example_dags/example_branch_operator.py took 0.153 seconds
[2023-08-28T00:10:45.847+0000] {processor.py:157} INFO - Started process (PID=271) to work on /home/airflow/.local/lib/python3.8/site-packages/airflow/example_dags/example_branch_operator.py
[2023-08-28T00:10:45.849+0000] {processor.py:829} INFO - Processing file /home/airflow/.local/lib/python3.8/site-packages/airflow/example_dags/example_branch_operator.py for tasks to queue
[2023-08-28T00:10:45.854+0000] {logging_mixin.py:151} INFO - [2023-08-28T00:10:45.852+0000] {dagbag.py:539} INFO - Filling up the DagBag from /home/airflow/.local/lib/python3.8/site-packages/airflow/example_dags/example_branch_operator.py
[2023-08-28T00:10:45.869+0000] {processor.py:839} INFO - DAG(s) dict_keys(['example_branch_operator']) retrieved from /home/airflow/.local/lib/python3.8/site-packages/airflow/example_dags/example_branch_operator.py
[2023-08-28T00:10:45.961+0000] {logging_mixin.py:151} INFO - [2023-08-28T00:10:45.961+0000] {dag.py:2907} INFO - Sync 1 DAGs
[2023-08-28T00:10:45.999+0000] {logging_mixin.py:151} INFO - [2023-08-28T00:10:45.998+0000] {dag.py:3677} INFO - Setting next_dagrun for example_branch_operator to 2023-08-27T00:00:00+00:00, run_after=2023-08-28T00:00:00+00:00
[2023-08-28T00:10:46.023+0000] {processor.py:179} INFO - Processing /home/airflow/.local/lib/python3.8/site-packages/airflow/example_dags/example_branch_operator.py took 0.181 seconds
[2023-08-28T00:11:16.886+0000] {processor.py:157} INFO - Started process (PID=325) to work on /home/airflow/.local/lib/python3.8/site-packages/airflow/example_dags/example_branch_operator.py
[2023-08-28T00:11:16.888+0000] {processor.py:829} INFO - Processing file /home/airflow/.local/lib/python3.8/site-packages/airflow/example_dags/example_branch_operator.py for tasks to queue
[2023-08-28T00:11:16.890+0000] {logging_mixin.py:151} INFO - [2023-08-28T00:11:16.889+0000] {dagbag.py:539} INFO - Filling up the DagBag from /home/airflow/.local/lib/python3.8/site-packages/airflow/example_dags/example_branch_operator.py
[2023-08-28T00:11:16.902+0000] {processor.py:839} INFO - DAG(s) dict_keys(['example_branch_operator']) retrieved from /home/airflow/.local/lib/python3.8/site-packages/airflow/example_dags/example_branch_operator.py
[2023-08-28T00:11:16.988+0000] {logging_mixin.py:151} INFO - [2023-08-28T00:11:16.988+0000] {dag.py:2907} INFO - Sync 1 DAGs
[2023-08-28T00:11:17.028+0000] {logging_mixin.py:151} INFO - [2023-08-28T00:11:17.027+0000] {dag.py:3677} INFO - Setting next_dagrun for example_branch_operator to 2023-08-27T00:00:00+00:00, run_after=2023-08-28T00:00:00+00:00
[2023-08-28T00:11:17.056+0000] {processor.py:179} INFO - Processing /home/airflow/.local/lib/python3.8/site-packages/airflow/example_dags/example_branch_operator.py took 0.172 seconds
[2023-08-28T00:11:47.746+0000] {processor.py:157} INFO - Started process (PID=379) to work on /home/airflow/.local/lib/python3.8/site-packages/airflow/example_dags/example_branch_operator.py
[2023-08-28T00:11:47.747+0000] {processor.py:829} INFO - Processing file /home/airflow/.local/lib/python3.8/site-packages/airflow/example_dags/example_branch_operator.py for tasks to queue
[2023-08-28T00:11:47.751+0000] {logging_mixin.py:151} INFO - [2023-08-28T00:11:47.750+0000] {dagbag.py:539} INFO - Filling up the DagBag from /home/airflow/.local/lib/python3.8/site-packages/airflow/example_dags/example_branch_operator.py
[2023-08-28T00:11:47.766+0000] {processor.py:839} INFO - DAG(s) dict_keys(['example_branch_operator']) retrieved from /home/airflow/.local/lib/python3.8/site-packages/airflow/example_dags/example_branch_operator.py
[2023-08-28T00:11:47.863+0000] {logging_mixin.py:151} INFO - [2023-08-28T00:11:47.863+0000] {dag.py:2907} INFO - Sync 1 DAGs
[2023-08-28T00:11:47.904+0000] {logging_mixin.py:151} INFO - [2023-08-28T00:11:47.903+0000] {dag.py:3677} INFO - Setting next_dagrun for example_branch_operator to 2023-08-27T00:00:00+00:00, run_after=2023-08-28T00:00:00+00:00
[2023-08-28T00:11:47.939+0000] {processor.py:179} INFO - Processing /home/airflow/.local/lib/python3.8/site-packages/airflow/example_dags/example_branch_operator.py took 0.197 seconds
[2023-08-28T00:12:18.596+0000] {processor.py:157} INFO - Started process (PID=434) to work on /home/airflow/.local/lib/python3.8/site-packages/airflow/example_dags/example_branch_operator.py
[2023-08-28T00:12:18.598+0000] {processor.py:829} INFO - Processing file /home/airflow/.local/lib/python3.8/site-packages/airflow/example_dags/example_branch_operator.py for tasks to queue
[2023-08-28T00:12:18.600+0000] {logging_mixin.py:151} INFO - [2023-08-28T00:12:18.599+0000] {dagbag.py:539} INFO - Filling up the DagBag from /home/airflow/.local/lib/python3.8/site-packages/airflow/example_dags/example_branch_operator.py
[2023-08-28T00:12:18.612+0000] {processor.py:839} INFO - DAG(s) dict_keys(['example_branch_operator']) retrieved from /home/airflow/.local/lib/python3.8/site-packages/airflow/example_dags/example_branch_operator.py
[2023-08-28T00:12:18.690+0000] {logging_mixin.py:151} INFO - [2023-08-28T00:12:18.690+0000] {dag.py:2907} INFO - Sync 1 DAGs
[2023-08-28T00:12:18.734+0000] {logging_mixin.py:151} INFO - [2023-08-28T00:12:18.733+0000] {dag.py:3677} INFO - Setting next_dagrun for example_branch_operator to 2023-08-27T00:00:00+00:00, run_after=2023-08-28T00:00:00+00:00
[2023-08-28T00:12:18.769+0000] {processor.py:179} INFO - Processing /home/airflow/.local/lib/python3.8/site-packages/airflow/example_dags/example_branch_operator.py took 0.175 seconds
[2023-08-28T00:12:49.548+0000] {processor.py:157} INFO - Started process (PID=489) to work on /home/airflow/.local/lib/python3.8/site-packages/airflow/example_dags/example_branch_operator.py
[2023-08-28T00:12:49.549+0000] {processor.py:829} INFO - Processing file /home/airflow/.local/lib/python3.8/site-packages/airflow/example_dags/example_branch_operator.py for tasks to queue
[2023-08-28T00:12:49.552+0000] {logging_mixin.py:151} INFO - [2023-08-28T00:12:49.551+0000] {dagbag.py:539} INFO - Filling up the DagBag from /home/airflow/.local/lib/python3.8/site-packages/airflow/example_dags/example_branch_operator.py
[2023-08-28T00:12:49.564+0000] {processor.py:839} INFO - DAG(s) dict_keys(['example_branch_operator']) retrieved from /home/airflow/.local/lib/python3.8/site-packages/airflow/example_dags/example_branch_operator.py
[2023-08-28T00:12:49.637+0000] {logging_mixin.py:151} INFO - [2023-08-28T00:12:49.637+0000] {dag.py:2907} INFO - Sync 1 DAGs
[2023-08-28T00:12:49.672+0000] {logging_mixin.py:151} INFO - [2023-08-28T00:12:49.672+0000] {dag.py:3677} INFO - Setting next_dagrun for example_branch_operator to 2023-08-27T00:00:00+00:00, run_after=2023-08-28T00:00:00+00:00
[2023-08-28T00:12:49.695+0000] {processor.py:179} INFO - Processing /home/airflow/.local/lib/python3.8/site-packages/airflow/example_dags/example_branch_operator.py took 0.150 seconds
[2023-08-28T00:13:20.912+0000] {processor.py:157} INFO - Started process (PID=543) to work on /home/airflow/.local/lib/python3.8/site-packages/airflow/example_dags/example_branch_operator.py
[2023-08-28T00:13:20.915+0000] {processor.py:829} INFO - Processing file /home/airflow/.local/lib/python3.8/site-packages/airflow/example_dags/example_branch_operator.py for tasks to queue
[2023-08-28T00:13:20.921+0000] {logging_mixin.py:151} INFO - [2023-08-28T00:13:20.920+0000] {dagbag.py:539} INFO - Filling up the DagBag from /home/airflow/.local/lib/python3.8/site-packages/airflow/example_dags/example_branch_operator.py
[2023-08-28T00:13:20.941+0000] {processor.py:839} INFO - DAG(s) dict_keys(['example_branch_operator']) retrieved from /home/airflow/.local/lib/python3.8/site-packages/airflow/example_dags/example_branch_operator.py
[2023-08-28T00:13:21.157+0000] {logging_mixin.py:151} INFO - [2023-08-28T00:13:21.157+0000] {dag.py:2907} INFO - Sync 1 DAGs
[2023-08-28T00:13:21.227+0000] {logging_mixin.py:151} INFO - [2023-08-28T00:13:21.226+0000] {dag.py:3677} INFO - Setting next_dagrun for example_branch_operator to 2023-08-27T00:00:00+00:00, run_after=2023-08-28T00:00:00+00:00
[2023-08-28T00:13:21.264+0000] {processor.py:179} INFO - Processing /home/airflow/.local/lib/python3.8/site-packages/airflow/example_dags/example_branch_operator.py took 0.358 seconds
[2023-08-28T00:13:52.016+0000] {processor.py:157} INFO - Started process (PID=598) to work on /home/airflow/.local/lib/python3.8/site-packages/airflow/example_dags/example_branch_operator.py
[2023-08-28T00:13:52.020+0000] {processor.py:829} INFO - Processing file /home/airflow/.local/lib/python3.8/site-packages/airflow/example_dags/example_branch_operator.py for tasks to queue
[2023-08-28T00:13:52.023+0000] {logging_mixin.py:151} INFO - [2023-08-28T00:13:52.023+0000] {dagbag.py:539} INFO - Filling up the DagBag from /home/airflow/.local/lib/python3.8/site-packages/airflow/example_dags/example_branch_operator.py
[2023-08-28T00:13:52.040+0000] {processor.py:839} INFO - DAG(s) dict_keys(['example_branch_operator']) retrieved from /home/airflow/.local/lib/python3.8/site-packages/airflow/example_dags/example_branch_operator.py
[2023-08-28T00:13:52.124+0000] {logging_mixin.py:151} INFO - [2023-08-28T00:13:52.124+0000] {dag.py:2907} INFO - Sync 1 DAGs
[2023-08-28T00:13:52.164+0000] {logging_mixin.py:151} INFO - [2023-08-28T00:13:52.163+0000] {dag.py:3677} INFO - Setting next_dagrun for example_branch_operator to 2023-08-27T00:00:00+00:00, run_after=2023-08-28T00:00:00+00:00
[2023-08-28T00:13:52.191+0000] {processor.py:179} INFO - Processing /home/airflow/.local/lib/python3.8/site-packages/airflow/example_dags/example_branch_operator.py took 0.181 seconds
[2023-08-28T00:14:22.483+0000] {processor.py:157} INFO - Started process (PID=653) to work on /home/airflow/.local/lib/python3.8/site-packages/airflow/example_dags/example_branch_operator.py
[2023-08-28T00:14:22.485+0000] {processor.py:829} INFO - Processing file /home/airflow/.local/lib/python3.8/site-packages/airflow/example_dags/example_branch_operator.py for tasks to queue
[2023-08-28T00:14:22.490+0000] {logging_mixin.py:151} INFO - [2023-08-28T00:14:22.489+0000] {dagbag.py:539} INFO - Filling up the DagBag from /home/airflow/.local/lib/python3.8/site-packages/airflow/example_dags/example_branch_operator.py
[2023-08-28T00:14:22.508+0000] {processor.py:839} INFO - DAG(s) dict_keys(['example_branch_operator']) retrieved from /home/airflow/.local/lib/python3.8/site-packages/airflow/example_dags/example_branch_operator.py
[2023-08-28T00:14:22.598+0000] {logging_mixin.py:151} INFO - [2023-08-28T00:14:22.598+0000] {dag.py:2907} INFO - Sync 1 DAGs
[2023-08-28T00:14:22.643+0000] {logging_mixin.py:151} INFO - [2023-08-28T00:14:22.643+0000] {dag.py:3677} INFO - Setting next_dagrun for example_branch_operator to 2023-08-27T00:00:00+00:00, run_after=2023-08-28T00:00:00+00:00
[2023-08-28T00:14:22.673+0000] {processor.py:179} INFO - Processing /home/airflow/.local/lib/python3.8/site-packages/airflow/example_dags/example_branch_operator.py took 0.193 seconds
[2023-08-28T00:14:53.554+0000] {processor.py:157} INFO - Started process (PID=708) to work on /home/airflow/.local/lib/python3.8/site-packages/airflow/example_dags/example_branch_operator.py
[2023-08-28T00:14:53.556+0000] {processor.py:829} INFO - Processing file /home/airflow/.local/lib/python3.8/site-packages/airflow/example_dags/example_branch_operator.py for tasks to queue
[2023-08-28T00:14:53.561+0000] {logging_mixin.py:151} INFO - [2023-08-28T00:14:53.560+0000] {dagbag.py:539} INFO - Filling up the DagBag from /home/airflow/.local/lib/python3.8/site-packages/airflow/example_dags/example_branch_operator.py
[2023-08-28T00:14:53.590+0000] {processor.py:839} INFO - DAG(s) dict_keys(['example_branch_operator']) retrieved from /home/airflow/.local/lib/python3.8/site-packages/airflow/example_dags/example_branch_operator.py
[2023-08-28T00:14:53.685+0000] {logging_mixin.py:151} INFO - [2023-08-28T00:14:53.685+0000] {dag.py:2907} INFO - Sync 1 DAGs
[2023-08-28T00:14:53.732+0000] {logging_mixin.py:151} INFO - [2023-08-28T00:14:53.732+0000] {dag.py:3677} INFO - Setting next_dagrun for example_branch_operator to 2023-08-27T00:00:00+00:00, run_after=2023-08-28T00:00:00+00:00
[2023-08-28T00:14:53.766+0000] {processor.py:179} INFO - Processing /home/airflow/.local/lib/python3.8/site-packages/airflow/example_dags/example_branch_operator.py took 0.215 seconds
[2023-08-28T00:15:25.204+0000] {processor.py:157} INFO - Started process (PID=763) to work on /home/airflow/.local/lib/python3.8/site-packages/airflow/example_dags/example_branch_operator.py
[2023-08-28T00:15:25.205+0000] {processor.py:829} INFO - Processing file /home/airflow/.local/lib/python3.8/site-packages/airflow/example_dags/example_branch_operator.py for tasks to queue
[2023-08-28T00:15:25.209+0000] {logging_mixin.py:151} INFO - [2023-08-28T00:15:25.208+0000] {dagbag.py:539} INFO - Filling up the DagBag from /home/airflow/.local/lib/python3.8/site-packages/airflow/example_dags/example_branch_operator.py
[2023-08-28T00:15:25.226+0000] {processor.py:839} INFO - DAG(s) dict_keys(['example_branch_operator']) retrieved from /home/airflow/.local/lib/python3.8/site-packages/airflow/example_dags/example_branch_operator.py
[2023-08-28T00:15:25.299+0000] {logging_mixin.py:151} INFO - [2023-08-28T00:15:25.299+0000] {dag.py:2907} INFO - Sync 1 DAGs
[2023-08-28T00:15:25.337+0000] {logging_mixin.py:151} INFO - [2023-08-28T00:15:25.336+0000] {dag.py:3677} INFO - Setting next_dagrun for example_branch_operator to 2023-08-27T00:00:00+00:00, run_after=2023-08-28T00:00:00+00:00
[2023-08-28T00:15:25.359+0000] {processor.py:179} INFO - Processing /home/airflow/.local/lib/python3.8/site-packages/airflow/example_dags/example_branch_operator.py took 0.158 seconds
[2023-08-28T00:15:56.163+0000] {processor.py:157} INFO - Started process (PID=818) to work on /home/airflow/.local/lib/python3.8/site-packages/airflow/example_dags/example_branch_operator.py
[2023-08-28T00:15:56.164+0000] {processor.py:829} INFO - Processing file /home/airflow/.local/lib/python3.8/site-packages/airflow/example_dags/example_branch_operator.py for tasks to queue
[2023-08-28T00:15:56.166+0000] {logging_mixin.py:151} INFO - [2023-08-28T00:15:56.166+0000] {dagbag.py:539} INFO - Filling up the DagBag from /home/airflow/.local/lib/python3.8/site-packages/airflow/example_dags/example_branch_operator.py
[2023-08-28T00:15:56.179+0000] {processor.py:839} INFO - DAG(s) dict_keys(['example_branch_operator']) retrieved from /home/airflow/.local/lib/python3.8/site-packages/airflow/example_dags/example_branch_operator.py
[2023-08-28T00:15:56.250+0000] {logging_mixin.py:151} INFO - [2023-08-28T00:15:56.249+0000] {dag.py:2907} INFO - Sync 1 DAGs
[2023-08-28T00:15:56.284+0000] {logging_mixin.py:151} INFO - [2023-08-28T00:15:56.284+0000] {dag.py:3677} INFO - Setting next_dagrun for example_branch_operator to 2023-08-27T00:00:00+00:00, run_after=2023-08-28T00:00:00+00:00
[2023-08-28T00:15:56.306+0000] {processor.py:179} INFO - Processing /home/airflow/.local/lib/python3.8/site-packages/airflow/example_dags/example_branch_operator.py took 0.146 seconds
[2023-08-28T00:16:26.771+0000] {processor.py:157} INFO - Started process (PID=873) to work on /home/airflow/.local/lib/python3.8/site-packages/airflow/example_dags/example_branch_operator.py
[2023-08-28T00:16:26.772+0000] {processor.py:829} INFO - Processing file /home/airflow/.local/lib/python3.8/site-packages/airflow/example_dags/example_branch_operator.py for tasks to queue
[2023-08-28T00:16:26.774+0000] {logging_mixin.py:151} INFO - [2023-08-28T00:16:26.774+0000] {dagbag.py:539} INFO - Filling up the DagBag from /home/airflow/.local/lib/python3.8/site-packages/airflow/example_dags/example_branch_operator.py
[2023-08-28T00:16:26.788+0000] {processor.py:839} INFO - DAG(s) dict_keys(['example_branch_operator']) retrieved from /home/airflow/.local/lib/python3.8/site-packages/airflow/example_dags/example_branch_operator.py
[2023-08-28T00:16:26.859+0000] {logging_mixin.py:151} INFO - [2023-08-28T00:16:26.859+0000] {dag.py:2907} INFO - Sync 1 DAGs
[2023-08-28T00:16:26.895+0000] {logging_mixin.py:151} INFO - [2023-08-28T00:16:26.894+0000] {dag.py:3677} INFO - Setting next_dagrun for example_branch_operator to 2023-08-27T00:00:00+00:00, run_after=2023-08-28T00:00:00+00:00
[2023-08-28T00:16:26.917+0000] {processor.py:179} INFO - Processing /home/airflow/.local/lib/python3.8/site-packages/airflow/example_dags/example_branch_operator.py took 0.149 seconds
[2023-08-28T00:16:57.875+0000] {processor.py:157} INFO - Started process (PID=928) to work on /home/airflow/.local/lib/python3.8/site-packages/airflow/example_dags/example_branch_operator.py
[2023-08-28T00:16:57.877+0000] {processor.py:829} INFO - Processing file /home/airflow/.local/lib/python3.8/site-packages/airflow/example_dags/example_branch_operator.py for tasks to queue
[2023-08-28T00:16:57.880+0000] {logging_mixin.py:151} INFO - [2023-08-28T00:16:57.879+0000] {dagbag.py:539} INFO - Filling up the DagBag from /home/airflow/.local/lib/python3.8/site-packages/airflow/example_dags/example_branch_operator.py
[2023-08-28T00:16:57.894+0000] {processor.py:839} INFO - DAG(s) dict_keys(['example_branch_operator']) retrieved from /home/airflow/.local/lib/python3.8/site-packages/airflow/example_dags/example_branch_operator.py
[2023-08-28T00:16:57.980+0000] {logging_mixin.py:151} INFO - [2023-08-28T00:16:57.980+0000] {dag.py:2907} INFO - Sync 1 DAGs
[2023-08-28T00:16:58.031+0000] {logging_mixin.py:151} INFO - [2023-08-28T00:16:58.030+0000] {dag.py:3677} INFO - Setting next_dagrun for example_branch_operator to 2023-08-27T00:00:00+00:00, run_after=2023-08-28T00:00:00+00:00
[2023-08-28T00:16:58.060+0000] {processor.py:179} INFO - Processing /home/airflow/.local/lib/python3.8/site-packages/airflow/example_dags/example_branch_operator.py took 0.188 seconds
[2023-08-28T00:17:28.208+0000] {processor.py:157} INFO - Started process (PID=983) to work on /home/airflow/.local/lib/python3.8/site-packages/airflow/example_dags/example_branch_operator.py
[2023-08-28T00:17:28.210+0000] {processor.py:829} INFO - Processing file /home/airflow/.local/lib/python3.8/site-packages/airflow/example_dags/example_branch_operator.py for tasks to queue
[2023-08-28T00:17:28.212+0000] {logging_mixin.py:151} INFO - [2023-08-28T00:17:28.212+0000] {dagbag.py:539} INFO - Filling up the DagBag from /home/airflow/.local/lib/python3.8/site-packages/airflow/example_dags/example_branch_operator.py
[2023-08-28T00:17:28.226+0000] {processor.py:839} INFO - DAG(s) dict_keys(['example_branch_operator']) retrieved from /home/airflow/.local/lib/python3.8/site-packages/airflow/example_dags/example_branch_operator.py
[2023-08-28T00:17:28.302+0000] {logging_mixin.py:151} INFO - [2023-08-28T00:17:28.302+0000] {dag.py:2907} INFO - Sync 1 DAGs
[2023-08-28T00:17:28.349+0000] {logging_mixin.py:151} INFO - [2023-08-28T00:17:28.349+0000] {dag.py:3677} INFO - Setting next_dagrun for example_branch_operator to 2023-08-27T00:00:00+00:00, run_after=2023-08-28T00:00:00+00:00
[2023-08-28T00:17:28.373+0000] {processor.py:179} INFO - Processing /home/airflow/.local/lib/python3.8/site-packages/airflow/example_dags/example_branch_operator.py took 0.168 seconds
[2023-08-28T00:18:01.951+0000] {processor.py:157} INFO - Started process (PID=1038) to work on /home/airflow/.local/lib/python3.8/site-packages/airflow/example_dags/example_branch_operator.py
[2023-08-28T00:18:01.955+0000] {processor.py:829} INFO - Processing file /home/airflow/.local/lib/python3.8/site-packages/airflow/example_dags/example_branch_operator.py for tasks to queue
[2023-08-28T00:18:01.964+0000] {logging_mixin.py:151} INFO - [2023-08-28T00:18:01.963+0000] {dagbag.py:539} INFO - Filling up the DagBag from /home/airflow/.local/lib/python3.8/site-packages/airflow/example_dags/example_branch_operator.py
[2023-08-28T00:18:02.040+0000] {processor.py:839} INFO - DAG(s) dict_keys(['example_branch_operator']) retrieved from /home/airflow/.local/lib/python3.8/site-packages/airflow/example_dags/example_branch_operator.py
[2023-08-28T00:18:02.406+0000] {logging_mixin.py:151} INFO - [2023-08-28T00:18:02.404+0000] {dag.py:2907} INFO - Sync 1 DAGs
[2023-08-28T00:18:02.558+0000] {logging_mixin.py:151} INFO - [2023-08-28T00:18:02.557+0000] {dag.py:3677} INFO - Setting next_dagrun for example_branch_operator to 2023-08-27T00:00:00+00:00, run_after=2023-08-28T00:00:00+00:00
[2023-08-28T00:18:02.698+0000] {processor.py:179} INFO - Processing /home/airflow/.local/lib/python3.8/site-packages/airflow/example_dags/example_branch_operator.py took 0.760 seconds
[2023-08-28T00:18:33.025+0000] {processor.py:157} INFO - Started process (PID=1092) to work on /home/airflow/.local/lib/python3.8/site-packages/airflow/example_dags/example_branch_operator.py
[2023-08-28T00:18:33.026+0000] {processor.py:829} INFO - Processing file /home/airflow/.local/lib/python3.8/site-packages/airflow/example_dags/example_branch_operator.py for tasks to queue
[2023-08-28T00:18:33.029+0000] {logging_mixin.py:151} INFO - [2023-08-28T00:18:33.029+0000] {dagbag.py:539} INFO - Filling up the DagBag from /home/airflow/.local/lib/python3.8/site-packages/airflow/example_dags/example_branch_operator.py
[2023-08-28T00:18:33.047+0000] {processor.py:839} INFO - DAG(s) dict_keys(['example_branch_operator']) retrieved from /home/airflow/.local/lib/python3.8/site-packages/airflow/example_dags/example_branch_operator.py
[2023-08-28T00:18:33.136+0000] {logging_mixin.py:151} INFO - [2023-08-28T00:18:33.135+0000] {dag.py:2907} INFO - Sync 1 DAGs
[2023-08-28T00:18:33.186+0000] {logging_mixin.py:151} INFO - [2023-08-28T00:18:33.185+0000] {dag.py:3677} INFO - Setting next_dagrun for example_branch_operator to 2023-08-27T00:00:00+00:00, run_after=2023-08-28T00:00:00+00:00
[2023-08-28T00:18:33.218+0000] {processor.py:179} INFO - Processing /home/airflow/.local/lib/python3.8/site-packages/airflow/example_dags/example_branch_operator.py took 0.196 seconds
[2023-08-28T00:19:04.013+0000] {processor.py:157} INFO - Started process (PID=1147) to work on /home/airflow/.local/lib/python3.8/site-packages/airflow/example_dags/example_branch_operator.py
[2023-08-28T00:19:04.015+0000] {processor.py:829} INFO - Processing file /home/airflow/.local/lib/python3.8/site-packages/airflow/example_dags/example_branch_operator.py for tasks to queue
[2023-08-28T00:19:04.019+0000] {logging_mixin.py:151} INFO - [2023-08-28T00:19:04.018+0000] {dagbag.py:539} INFO - Filling up the DagBag from /home/airflow/.local/lib/python3.8/site-packages/airflow/example_dags/example_branch_operator.py
[2023-08-28T00:19:04.041+0000] {processor.py:839} INFO - DAG(s) dict_keys(['example_branch_operator']) retrieved from /home/airflow/.local/lib/python3.8/site-packages/airflow/example_dags/example_branch_operator.py
[2023-08-28T00:19:04.148+0000] {logging_mixin.py:151} INFO - [2023-08-28T00:19:04.147+0000] {dag.py:2907} INFO - Sync 1 DAGs
[2023-08-28T00:19:04.201+0000] {logging_mixin.py:151} INFO - [2023-08-28T00:19:04.201+0000] {dag.py:3677} INFO - Setting next_dagrun for example_branch_operator to 2023-08-27T00:00:00+00:00, run_after=2023-08-28T00:00:00+00:00
[2023-08-28T00:19:04.231+0000] {processor.py:179} INFO - Processing /home/airflow/.local/lib/python3.8/site-packages/airflow/example_dags/example_branch_operator.py took 0.222 seconds
[2023-08-28T00:19:34.502+0000] {processor.py:157} INFO - Started process (PID=1202) to work on /home/airflow/.local/lib/python3.8/site-packages/airflow/example_dags/example_branch_operator.py
[2023-08-28T00:19:34.503+0000] {processor.py:829} INFO - Processing file /home/airflow/.local/lib/python3.8/site-packages/airflow/example_dags/example_branch_operator.py for tasks to queue
[2023-08-28T00:19:34.506+0000] {logging_mixin.py:151} INFO - [2023-08-28T00:19:34.505+0000] {dagbag.py:539} INFO - Filling up the DagBag from /home/airflow/.local/lib/python3.8/site-packages/airflow/example_dags/example_branch_operator.py
[2023-08-28T00:19:34.520+0000] {processor.py:839} INFO - DAG(s) dict_keys(['example_branch_operator']) retrieved from /home/airflow/.local/lib/python3.8/site-packages/airflow/example_dags/example_branch_operator.py
[2023-08-28T00:19:34.600+0000] {logging_mixin.py:151} INFO - [2023-08-28T00:19:34.600+0000] {dag.py:2907} INFO - Sync 1 DAGs
[2023-08-28T00:19:34.637+0000] {logging_mixin.py:151} INFO - [2023-08-28T00:19:34.637+0000] {dag.py:3677} INFO - Setting next_dagrun for example_branch_operator to 2023-08-27T00:00:00+00:00, run_after=2023-08-28T00:00:00+00:00
[2023-08-28T00:19:34.667+0000] {processor.py:179} INFO - Processing /home/airflow/.local/lib/python3.8/site-packages/airflow/example_dags/example_branch_operator.py took 0.168 seconds
[2023-08-28T00:20:05.309+0000] {processor.py:157} INFO - Started process (PID=1257) to work on /home/airflow/.local/lib/python3.8/site-packages/airflow/example_dags/example_branch_operator.py
[2023-08-28T00:20:05.312+0000] {processor.py:829} INFO - Processing file /home/airflow/.local/lib/python3.8/site-packages/airflow/example_dags/example_branch_operator.py for tasks to queue
[2023-08-28T00:20:05.316+0000] {logging_mixin.py:151} INFO - [2023-08-28T00:20:05.316+0000] {dagbag.py:539} INFO - Filling up the DagBag from /home/airflow/.local/lib/python3.8/site-packages/airflow/example_dags/example_branch_operator.py
[2023-08-28T00:20:05.345+0000] {processor.py:839} INFO - DAG(s) dict_keys(['example_branch_operator']) retrieved from /home/airflow/.local/lib/python3.8/site-packages/airflow/example_dags/example_branch_operator.py
[2023-08-28T00:20:05.507+0000] {logging_mixin.py:151} INFO - [2023-08-28T00:20:05.507+0000] {dag.py:2907} INFO - Sync 1 DAGs
[2023-08-28T00:20:05.562+0000] {logging_mixin.py:151} INFO - [2023-08-28T00:20:05.562+0000] {dag.py:3677} INFO - Setting next_dagrun for example_branch_operator to 2023-08-27T00:00:00+00:00, run_after=2023-08-28T00:00:00+00:00
[2023-08-28T00:20:05.593+0000] {processor.py:179} INFO - Processing /home/airflow/.local/lib/python3.8/site-packages/airflow/example_dags/example_branch_operator.py took 0.290 seconds
[2023-08-28T00:20:35.675+0000] {processor.py:157} INFO - Started process (PID=1312) to work on /home/airflow/.local/lib/python3.8/site-packages/airflow/example_dags/example_branch_operator.py
[2023-08-28T00:20:35.676+0000] {processor.py:829} INFO - Processing file /home/airflow/.local/lib/python3.8/site-packages/airflow/example_dags/example_branch_operator.py for tasks to queue
[2023-08-28T00:20:35.678+0000] {logging_mixin.py:151} INFO - [2023-08-28T00:20:35.678+0000] {dagbag.py:539} INFO - Filling up the DagBag from /home/airflow/.local/lib/python3.8/site-packages/airflow/example_dags/example_branch_operator.py
[2023-08-28T00:20:35.692+0000] {processor.py:839} INFO - DAG(s) dict_keys(['example_branch_operator']) retrieved from /home/airflow/.local/lib/python3.8/site-packages/airflow/example_dags/example_branch_operator.py
[2023-08-28T00:20:35.767+0000] {logging_mixin.py:151} INFO - [2023-08-28T00:20:35.767+0000] {dag.py:2907} INFO - Sync 1 DAGs
[2023-08-28T00:20:35.805+0000] {logging_mixin.py:151} INFO - [2023-08-28T00:20:35.805+0000] {dag.py:3677} INFO - Setting next_dagrun for example_branch_operator to 2023-08-27T00:00:00+00:00, run_after=2023-08-28T00:00:00+00:00
[2023-08-28T00:20:35.829+0000] {processor.py:179} INFO - Processing /home/airflow/.local/lib/python3.8/site-packages/airflow/example_dags/example_branch_operator.py took 0.157 seconds
[2023-08-28T00:21:06.740+0000] {processor.py:157} INFO - Started process (PID=1367) to work on /home/airflow/.local/lib/python3.8/site-packages/airflow/example_dags/example_branch_operator.py
[2023-08-28T00:21:06.741+0000] {processor.py:829} INFO - Processing file /home/airflow/.local/lib/python3.8/site-packages/airflow/example_dags/example_branch_operator.py for tasks to queue
[2023-08-28T00:21:06.744+0000] {logging_mixin.py:151} INFO - [2023-08-28T00:21:06.744+0000] {dagbag.py:539} INFO - Filling up the DagBag from /home/airflow/.local/lib/python3.8/site-packages/airflow/example_dags/example_branch_operator.py
[2023-08-28T00:21:06.758+0000] {processor.py:839} INFO - DAG(s) dict_keys(['example_branch_operator']) retrieved from /home/airflow/.local/lib/python3.8/site-packages/airflow/example_dags/example_branch_operator.py
[2023-08-28T00:21:06.830+0000] {logging_mixin.py:151} INFO - [2023-08-28T00:21:06.830+0000] {dag.py:2907} INFO - Sync 1 DAGs
[2023-08-28T00:21:06.873+0000] {logging_mixin.py:151} INFO - [2023-08-28T00:21:06.873+0000] {dag.py:3677} INFO - Setting next_dagrun for example_branch_operator to 2023-08-27T00:00:00+00:00, run_after=2023-08-28T00:00:00+00:00
[2023-08-28T00:21:06.903+0000] {processor.py:179} INFO - Processing /home/airflow/.local/lib/python3.8/site-packages/airflow/example_dags/example_branch_operator.py took 0.165 seconds
[2023-08-28T00:21:37.413+0000] {processor.py:157} INFO - Started process (PID=1422) to work on /home/airflow/.local/lib/python3.8/site-packages/airflow/example_dags/example_branch_operator.py
[2023-08-28T00:21:37.426+0000] {processor.py:829} INFO - Processing file /home/airflow/.local/lib/python3.8/site-packages/airflow/example_dags/example_branch_operator.py for tasks to queue
[2023-08-28T00:21:37.434+0000] {logging_mixin.py:151} INFO - [2023-08-28T00:21:37.433+0000] {dagbag.py:539} INFO - Filling up the DagBag from /home/airflow/.local/lib/python3.8/site-packages/airflow/example_dags/example_branch_operator.py
[2023-08-28T00:21:37.477+0000] {processor.py:839} INFO - DAG(s) dict_keys(['example_branch_operator']) retrieved from /home/airflow/.local/lib/python3.8/site-packages/airflow/example_dags/example_branch_operator.py
[2023-08-28T00:21:37.578+0000] {logging_mixin.py:151} INFO - [2023-08-28T00:21:37.577+0000] {dag.py:2907} INFO - Sync 1 DAGs
[2023-08-28T00:21:37.623+0000] {logging_mixin.py:151} INFO - [2023-08-28T00:21:37.622+0000] {dag.py:3677} INFO - Setting next_dagrun for example_branch_operator to 2023-08-27T00:00:00+00:00, run_after=2023-08-28T00:00:00+00:00
[2023-08-28T00:21:37.657+0000] {processor.py:179} INFO - Processing /home/airflow/.local/lib/python3.8/site-packages/airflow/example_dags/example_branch_operator.py took 0.253 seconds
