[2023-08-28T00:02:05.476+0000] {processor.py:157} INFO - Started process (PID=66) to work on /home/airflow/.local/lib/python3.8/site-packages/airflow/example_dags/example_complex.py
[2023-08-28T00:02:05.477+0000] {processor.py:829} INFO - Processing file /home/airflow/.local/lib/python3.8/site-packages/airflow/example_dags/example_complex.py for tasks to queue
[2023-08-28T00:02:05.480+0000] {logging_mixin.py:151} INFO - [2023-08-28T00:02:05.480+0000] {dagbag.py:539} INFO - Filling up the DagBag from /home/airflow/.local/lib/python3.8/site-packages/airflow/example_dags/example_complex.py
[2023-08-28T00:02:05.495+0000] {processor.py:839} INFO - DAG(s) dict_keys(['example_complex']) retrieved from /home/airflow/.local/lib/python3.8/site-packages/airflow/example_dags/example_complex.py
[2023-08-28T00:02:05.806+0000] {logging_mixin.py:151} INFO - [2023-08-28T00:02:05.806+0000] {manager.py:501} INFO - Created Permission View: can edit on DAG:example_complex
[2023-08-28T00:02:05.817+0000] {logging_mixin.py:151} INFO - [2023-08-28T00:02:05.817+0000] {manager.py:501} INFO - Created Permission View: can delete on DAG:example_complex
[2023-08-28T00:02:05.824+0000] {logging_mixin.py:151} INFO - [2023-08-28T00:02:05.823+0000] {manager.py:501} INFO - Created Permission View: can read on DAG:example_complex
[2023-08-28T00:02:05.840+0000] {logging_mixin.py:151} INFO - [2023-08-28T00:02:05.840+0000] {dag.py:2907} INFO - Sync 1 DAGs
[2023-08-28T00:02:05.851+0000] {logging_mixin.py:151} INFO - [2023-08-28T00:02:05.850+0000] {dag.py:2929} INFO - Creating ORM DAG for example_complex
[2023-08-28T00:02:05.852+0000] {logging_mixin.py:151} INFO - [2023-08-28T00:02:05.852+0000] {dag.py:3677} INFO - Setting next_dagrun for example_complex to None, run_after=None
[2023-08-28T00:02:05.871+0000] {processor.py:179} INFO - Processing /home/airflow/.local/lib/python3.8/site-packages/airflow/example_dags/example_complex.py took 0.398 seconds
[2023-08-28T00:02:36.206+0000] {processor.py:157} INFO - Started process (PID=121) to work on /home/airflow/.local/lib/python3.8/site-packages/airflow/example_dags/example_complex.py
[2023-08-28T00:02:36.208+0000] {processor.py:829} INFO - Processing file /home/airflow/.local/lib/python3.8/site-packages/airflow/example_dags/example_complex.py for tasks to queue
[2023-08-28T00:02:36.211+0000] {logging_mixin.py:151} INFO - [2023-08-28T00:02:36.211+0000] {dagbag.py:539} INFO - Filling up the DagBag from /home/airflow/.local/lib/python3.8/site-packages/airflow/example_dags/example_complex.py
[2023-08-28T00:02:36.348+0000] {processor.py:839} INFO - DAG(s) dict_keys(['example_complex']) retrieved from /home/airflow/.local/lib/python3.8/site-packages/airflow/example_dags/example_complex.py
[2023-08-28T00:02:36.442+0000] {logging_mixin.py:151} INFO - [2023-08-28T00:02:36.442+0000] {dag.py:2907} INFO - Sync 1 DAGs
[2023-08-28T00:02:36.464+0000] {logging_mixin.py:151} INFO - [2023-08-28T00:02:36.464+0000] {dag.py:3677} INFO - Setting next_dagrun for example_complex to None, run_after=None
[2023-08-28T00:02:36.502+0000] {processor.py:179} INFO - Processing /home/airflow/.local/lib/python3.8/site-packages/airflow/example_dags/example_complex.py took 0.300 seconds
[2023-08-28T00:03:07.261+0000] {processor.py:157} INFO - Started process (PID=176) to work on /home/airflow/.local/lib/python3.8/site-packages/airflow/example_dags/example_complex.py
[2023-08-28T00:03:07.263+0000] {processor.py:829} INFO - Processing file /home/airflow/.local/lib/python3.8/site-packages/airflow/example_dags/example_complex.py for tasks to queue
[2023-08-28T00:03:07.265+0000] {logging_mixin.py:151} INFO - [2023-08-28T00:03:07.264+0000] {dagbag.py:539} INFO - Filling up the DagBag from /home/airflow/.local/lib/python3.8/site-packages/airflow/example_dags/example_complex.py
[2023-08-28T00:03:07.278+0000] {processor.py:839} INFO - DAG(s) dict_keys(['example_complex']) retrieved from /home/airflow/.local/lib/python3.8/site-packages/airflow/example_dags/example_complex.py
[2023-08-28T00:03:07.370+0000] {logging_mixin.py:151} INFO - [2023-08-28T00:03:07.369+0000] {dag.py:2907} INFO - Sync 1 DAGs
[2023-08-28T00:03:07.390+0000] {logging_mixin.py:151} INFO - [2023-08-28T00:03:07.390+0000] {dag.py:3677} INFO - Setting next_dagrun for example_complex to None, run_after=None
[2023-08-28T00:03:07.415+0000] {processor.py:179} INFO - Processing /home/airflow/.local/lib/python3.8/site-packages/airflow/example_dags/example_complex.py took 0.157 seconds
[2023-08-28T00:03:37.712+0000] {processor.py:157} INFO - Started process (PID=230) to work on /home/airflow/.local/lib/python3.8/site-packages/airflow/example_dags/example_complex.py
[2023-08-28T00:03:37.716+0000] {processor.py:829} INFO - Processing file /home/airflow/.local/lib/python3.8/site-packages/airflow/example_dags/example_complex.py for tasks to queue
[2023-08-28T00:03:37.721+0000] {logging_mixin.py:151} INFO - [2023-08-28T00:03:37.721+0000] {dagbag.py:539} INFO - Filling up the DagBag from /home/airflow/.local/lib/python3.8/site-packages/airflow/example_dags/example_complex.py
[2023-08-28T00:03:37.749+0000] {processor.py:839} INFO - DAG(s) dict_keys(['example_complex']) retrieved from /home/airflow/.local/lib/python3.8/site-packages/airflow/example_dags/example_complex.py
[2023-08-28T00:03:37.892+0000] {logging_mixin.py:151} INFO - [2023-08-28T00:03:37.892+0000] {dag.py:2907} INFO - Sync 1 DAGs
[2023-08-28T00:03:37.937+0000] {logging_mixin.py:151} INFO - [2023-08-28T00:03:37.936+0000] {dag.py:3677} INFO - Setting next_dagrun for example_complex to None, run_after=None
[2023-08-28T00:03:38.014+0000] {processor.py:179} INFO - Processing /home/airflow/.local/lib/python3.8/site-packages/airflow/example_dags/example_complex.py took 0.313 seconds
[2023-08-28T00:04:08.235+0000] {processor.py:157} INFO - Started process (PID=285) to work on /home/airflow/.local/lib/python3.8/site-packages/airflow/example_dags/example_complex.py
[2023-08-28T00:04:08.236+0000] {processor.py:829} INFO - Processing file /home/airflow/.local/lib/python3.8/site-packages/airflow/example_dags/example_complex.py for tasks to queue
[2023-08-28T00:04:08.239+0000] {logging_mixin.py:151} INFO - [2023-08-28T00:04:08.239+0000] {dagbag.py:539} INFO - Filling up the DagBag from /home/airflow/.local/lib/python3.8/site-packages/airflow/example_dags/example_complex.py
[2023-08-28T00:04:08.252+0000] {processor.py:839} INFO - DAG(s) dict_keys(['example_complex']) retrieved from /home/airflow/.local/lib/python3.8/site-packages/airflow/example_dags/example_complex.py
[2023-08-28T00:04:08.334+0000] {logging_mixin.py:151} INFO - [2023-08-28T00:04:08.333+0000] {dag.py:2907} INFO - Sync 1 DAGs
[2023-08-28T00:04:08.352+0000] {logging_mixin.py:151} INFO - [2023-08-28T00:04:08.352+0000] {dag.py:3677} INFO - Setting next_dagrun for example_complex to None, run_after=None
[2023-08-28T00:04:08.380+0000] {processor.py:179} INFO - Processing /home/airflow/.local/lib/python3.8/site-packages/airflow/example_dags/example_complex.py took 0.148 seconds
[2023-08-28T00:04:38.579+0000] {processor.py:157} INFO - Started process (PID=340) to work on /home/airflow/.local/lib/python3.8/site-packages/airflow/example_dags/example_complex.py
[2023-08-28T00:04:38.581+0000] {processor.py:829} INFO - Processing file /home/airflow/.local/lib/python3.8/site-packages/airflow/example_dags/example_complex.py for tasks to queue
[2023-08-28T00:04:38.584+0000] {logging_mixin.py:151} INFO - [2023-08-28T00:04:38.584+0000] {dagbag.py:539} INFO - Filling up the DagBag from /home/airflow/.local/lib/python3.8/site-packages/airflow/example_dags/example_complex.py
[2023-08-28T00:04:38.599+0000] {processor.py:839} INFO - DAG(s) dict_keys(['example_complex']) retrieved from /home/airflow/.local/lib/python3.8/site-packages/airflow/example_dags/example_complex.py
[2023-08-28T00:04:38.688+0000] {logging_mixin.py:151} INFO - [2023-08-28T00:04:38.687+0000] {dag.py:2907} INFO - Sync 1 DAGs
[2023-08-28T00:04:38.706+0000] {logging_mixin.py:151} INFO - [2023-08-28T00:04:38.705+0000] {dag.py:3677} INFO - Setting next_dagrun for example_complex to None, run_after=None
[2023-08-28T00:04:38.738+0000] {processor.py:179} INFO - Processing /home/airflow/.local/lib/python3.8/site-packages/airflow/example_dags/example_complex.py took 0.162 seconds
[2023-08-28T00:05:08.871+0000] {processor.py:157} INFO - Started process (PID=395) to work on /home/airflow/.local/lib/python3.8/site-packages/airflow/example_dags/example_complex.py
[2023-08-28T00:05:08.873+0000] {processor.py:829} INFO - Processing file /home/airflow/.local/lib/python3.8/site-packages/airflow/example_dags/example_complex.py for tasks to queue
[2023-08-28T00:05:08.876+0000] {logging_mixin.py:151} INFO - [2023-08-28T00:05:08.875+0000] {dagbag.py:539} INFO - Filling up the DagBag from /home/airflow/.local/lib/python3.8/site-packages/airflow/example_dags/example_complex.py
[2023-08-28T00:05:08.894+0000] {processor.py:839} INFO - DAG(s) dict_keys(['example_complex']) retrieved from /home/airflow/.local/lib/python3.8/site-packages/airflow/example_dags/example_complex.py
[2023-08-28T00:05:08.998+0000] {logging_mixin.py:151} INFO - [2023-08-28T00:05:08.998+0000] {dag.py:2907} INFO - Sync 1 DAGs
[2023-08-28T00:05:09.021+0000] {logging_mixin.py:151} INFO - [2023-08-28T00:05:09.020+0000] {dag.py:3677} INFO - Setting next_dagrun for example_complex to None, run_after=None
[2023-08-28T00:05:09.060+0000] {processor.py:179} INFO - Processing /home/airflow/.local/lib/python3.8/site-packages/airflow/example_dags/example_complex.py took 0.191 seconds
[2023-08-28T00:08:52.473+0000] {processor.py:157} INFO - Started process (PID=74) to work on /home/airflow/.local/lib/python3.8/site-packages/airflow/example_dags/example_complex.py
[2023-08-28T00:08:52.476+0000] {processor.py:829} INFO - Processing file /home/airflow/.local/lib/python3.8/site-packages/airflow/example_dags/example_complex.py for tasks to queue
[2023-08-28T00:08:52.480+0000] {logging_mixin.py:151} INFO - [2023-08-28T00:08:52.480+0000] {dagbag.py:539} INFO - Filling up the DagBag from /home/airflow/.local/lib/python3.8/site-packages/airflow/example_dags/example_complex.py
[2023-08-28T00:08:52.501+0000] {processor.py:839} INFO - DAG(s) dict_keys(['example_complex']) retrieved from /home/airflow/.local/lib/python3.8/site-packages/airflow/example_dags/example_complex.py
[2023-08-28T00:08:52.668+0000] {logging_mixin.py:151} INFO - [2023-08-28T00:08:52.668+0000] {dag.py:2907} INFO - Sync 1 DAGs
[2023-08-28T00:08:52.708+0000] {logging_mixin.py:151} INFO - [2023-08-28T00:08:52.707+0000] {dag.py:3677} INFO - Setting next_dagrun for example_complex to None, run_after=None
[2023-08-28T00:08:52.990+0000] {processor.py:179} INFO - Processing /home/airflow/.local/lib/python3.8/site-packages/airflow/example_dags/example_complex.py took 0.522 seconds
[2023-08-28T00:09:27.455+0000] {processor.py:157} INFO - Started process (PID=129) to work on /home/airflow/.local/lib/python3.8/site-packages/airflow/example_dags/example_complex.py
[2023-08-28T00:09:27.459+0000] {processor.py:829} INFO - Processing file /home/airflow/.local/lib/python3.8/site-packages/airflow/example_dags/example_complex.py for tasks to queue
[2023-08-28T00:09:27.464+0000] {logging_mixin.py:151} INFO - [2023-08-28T00:09:27.463+0000] {dagbag.py:539} INFO - Filling up the DagBag from /home/airflow/.local/lib/python3.8/site-packages/airflow/example_dags/example_complex.py
[2023-08-28T00:09:27.499+0000] {processor.py:839} INFO - DAG(s) dict_keys(['example_complex']) retrieved from /home/airflow/.local/lib/python3.8/site-packages/airflow/example_dags/example_complex.py
[2023-08-28T00:09:27.691+0000] {logging_mixin.py:151} INFO - [2023-08-28T00:09:27.690+0000] {dag.py:2907} INFO - Sync 1 DAGs
[2023-08-28T00:09:27.739+0000] {logging_mixin.py:151} INFO - [2023-08-28T00:09:27.738+0000] {dag.py:3677} INFO - Setting next_dagrun for example_complex to None, run_after=None
[2023-08-28T00:09:27.808+0000] {processor.py:179} INFO - Processing /home/airflow/.local/lib/python3.8/site-packages/airflow/example_dags/example_complex.py took 0.357 seconds
[2023-08-28T00:09:58.784+0000] {processor.py:157} INFO - Started process (PID=184) to work on /home/airflow/.local/lib/python3.8/site-packages/airflow/example_dags/example_complex.py
[2023-08-28T00:09:58.789+0000] {processor.py:829} INFO - Processing file /home/airflow/.local/lib/python3.8/site-packages/airflow/example_dags/example_complex.py for tasks to queue
[2023-08-28T00:09:58.794+0000] {logging_mixin.py:151} INFO - [2023-08-28T00:09:58.794+0000] {dagbag.py:539} INFO - Filling up the DagBag from /home/airflow/.local/lib/python3.8/site-packages/airflow/example_dags/example_complex.py
[2023-08-28T00:09:58.819+0000] {processor.py:839} INFO - DAG(s) dict_keys(['example_complex']) retrieved from /home/airflow/.local/lib/python3.8/site-packages/airflow/example_dags/example_complex.py
[2023-08-28T00:09:58.940+0000] {logging_mixin.py:151} INFO - [2023-08-28T00:09:58.939+0000] {dag.py:2907} INFO - Sync 1 DAGs
[2023-08-28T00:09:58.974+0000] {logging_mixin.py:151} INFO - [2023-08-28T00:09:58.974+0000] {dag.py:3677} INFO - Setting next_dagrun for example_complex to None, run_after=None
[2023-08-28T00:09:59.050+0000] {processor.py:179} INFO - Processing /home/airflow/.local/lib/python3.8/site-packages/airflow/example_dags/example_complex.py took 0.271 seconds
[2023-08-28T00:10:29.126+0000] {processor.py:157} INFO - Started process (PID=239) to work on /home/airflow/.local/lib/python3.8/site-packages/airflow/example_dags/example_complex.py
[2023-08-28T00:10:29.128+0000] {processor.py:829} INFO - Processing file /home/airflow/.local/lib/python3.8/site-packages/airflow/example_dags/example_complex.py for tasks to queue
[2023-08-28T00:10:29.132+0000] {logging_mixin.py:151} INFO - [2023-08-28T00:10:29.131+0000] {dagbag.py:539} INFO - Filling up the DagBag from /home/airflow/.local/lib/python3.8/site-packages/airflow/example_dags/example_complex.py
[2023-08-28T00:10:29.148+0000] {processor.py:839} INFO - DAG(s) dict_keys(['example_complex']) retrieved from /home/airflow/.local/lib/python3.8/site-packages/airflow/example_dags/example_complex.py
[2023-08-28T00:10:29.243+0000] {logging_mixin.py:151} INFO - [2023-08-28T00:10:29.243+0000] {dag.py:2907} INFO - Sync 1 DAGs
[2023-08-28T00:10:29.262+0000] {logging_mixin.py:151} INFO - [2023-08-28T00:10:29.261+0000] {dag.py:3677} INFO - Setting next_dagrun for example_complex to None, run_after=None
[2023-08-28T00:10:29.291+0000] {processor.py:179} INFO - Processing /home/airflow/.local/lib/python3.8/site-packages/airflow/example_dags/example_complex.py took 0.170 seconds
[2023-08-28T00:10:59.444+0000] {processor.py:157} INFO - Started process (PID=294) to work on /home/airflow/.local/lib/python3.8/site-packages/airflow/example_dags/example_complex.py
[2023-08-28T00:10:59.446+0000] {processor.py:829} INFO - Processing file /home/airflow/.local/lib/python3.8/site-packages/airflow/example_dags/example_complex.py for tasks to queue
[2023-08-28T00:10:59.450+0000] {logging_mixin.py:151} INFO - [2023-08-28T00:10:59.449+0000] {dagbag.py:539} INFO - Filling up the DagBag from /home/airflow/.local/lib/python3.8/site-packages/airflow/example_dags/example_complex.py
[2023-08-28T00:10:59.469+0000] {processor.py:839} INFO - DAG(s) dict_keys(['example_complex']) retrieved from /home/airflow/.local/lib/python3.8/site-packages/airflow/example_dags/example_complex.py
[2023-08-28T00:10:59.553+0000] {logging_mixin.py:151} INFO - [2023-08-28T00:10:59.553+0000] {dag.py:2907} INFO - Sync 1 DAGs
[2023-08-28T00:10:59.570+0000] {logging_mixin.py:151} INFO - [2023-08-28T00:10:59.570+0000] {dag.py:3677} INFO - Setting next_dagrun for example_complex to None, run_after=None
[2023-08-28T00:10:59.596+0000] {processor.py:179} INFO - Processing /home/airflow/.local/lib/python3.8/site-packages/airflow/example_dags/example_complex.py took 0.155 seconds
[2023-08-28T00:11:29.921+0000] {processor.py:157} INFO - Started process (PID=348) to work on /home/airflow/.local/lib/python3.8/site-packages/airflow/example_dags/example_complex.py
[2023-08-28T00:11:29.923+0000] {processor.py:829} INFO - Processing file /home/airflow/.local/lib/python3.8/site-packages/airflow/example_dags/example_complex.py for tasks to queue
[2023-08-28T00:11:29.926+0000] {logging_mixin.py:151} INFO - [2023-08-28T00:11:29.925+0000] {dagbag.py:539} INFO - Filling up the DagBag from /home/airflow/.local/lib/python3.8/site-packages/airflow/example_dags/example_complex.py
[2023-08-28T00:11:29.943+0000] {processor.py:839} INFO - DAG(s) dict_keys(['example_complex']) retrieved from /home/airflow/.local/lib/python3.8/site-packages/airflow/example_dags/example_complex.py
[2023-08-28T00:11:30.026+0000] {logging_mixin.py:151} INFO - [2023-08-28T00:11:30.026+0000] {dag.py:2907} INFO - Sync 1 DAGs
[2023-08-28T00:11:30.043+0000] {logging_mixin.py:151} INFO - [2023-08-28T00:11:30.043+0000] {dag.py:3677} INFO - Setting next_dagrun for example_complex to None, run_after=None
[2023-08-28T00:11:30.068+0000] {processor.py:179} INFO - Processing /home/airflow/.local/lib/python3.8/site-packages/airflow/example_dags/example_complex.py took 0.150 seconds
[2023-08-28T00:12:00.140+0000] {processor.py:157} INFO - Started process (PID=402) to work on /home/airflow/.local/lib/python3.8/site-packages/airflow/example_dags/example_complex.py
[2023-08-28T00:12:00.142+0000] {processor.py:829} INFO - Processing file /home/airflow/.local/lib/python3.8/site-packages/airflow/example_dags/example_complex.py for tasks to queue
[2023-08-28T00:12:00.145+0000] {logging_mixin.py:151} INFO - [2023-08-28T00:12:00.145+0000] {dagbag.py:539} INFO - Filling up the DagBag from /home/airflow/.local/lib/python3.8/site-packages/airflow/example_dags/example_complex.py
[2023-08-28T00:12:00.165+0000] {processor.py:839} INFO - DAG(s) dict_keys(['example_complex']) retrieved from /home/airflow/.local/lib/python3.8/site-packages/airflow/example_dags/example_complex.py
[2023-08-28T00:12:00.252+0000] {logging_mixin.py:151} INFO - [2023-08-28T00:12:00.252+0000] {dag.py:2907} INFO - Sync 1 DAGs
[2023-08-28T00:12:00.273+0000] {logging_mixin.py:151} INFO - [2023-08-28T00:12:00.273+0000] {dag.py:3677} INFO - Setting next_dagrun for example_complex to None, run_after=None
[2023-08-28T00:12:00.302+0000] {processor.py:179} INFO - Processing /home/airflow/.local/lib/python3.8/site-packages/airflow/example_dags/example_complex.py took 0.167 seconds
[2023-08-28T00:12:30.805+0000] {processor.py:157} INFO - Started process (PID=457) to work on /home/airflow/.local/lib/python3.8/site-packages/airflow/example_dags/example_complex.py
[2023-08-28T00:12:30.807+0000] {processor.py:829} INFO - Processing file /home/airflow/.local/lib/python3.8/site-packages/airflow/example_dags/example_complex.py for tasks to queue
[2023-08-28T00:12:30.811+0000] {logging_mixin.py:151} INFO - [2023-08-28T00:12:30.810+0000] {dagbag.py:539} INFO - Filling up the DagBag from /home/airflow/.local/lib/python3.8/site-packages/airflow/example_dags/example_complex.py
[2023-08-28T00:12:30.833+0000] {processor.py:839} INFO - DAG(s) dict_keys(['example_complex']) retrieved from /home/airflow/.local/lib/python3.8/site-packages/airflow/example_dags/example_complex.py
[2023-08-28T00:12:30.928+0000] {logging_mixin.py:151} INFO - [2023-08-28T00:12:30.928+0000] {dag.py:2907} INFO - Sync 1 DAGs
[2023-08-28T00:12:30.949+0000] {logging_mixin.py:151} INFO - [2023-08-28T00:12:30.949+0000] {dag.py:3677} INFO - Setting next_dagrun for example_complex to None, run_after=None
[2023-08-28T00:12:30.989+0000] {processor.py:179} INFO - Processing /home/airflow/.local/lib/python3.8/site-packages/airflow/example_dags/example_complex.py took 0.188 seconds
[2023-08-28T00:13:01.315+0000] {processor.py:157} INFO - Started process (PID=512) to work on /home/airflow/.local/lib/python3.8/site-packages/airflow/example_dags/example_complex.py
[2023-08-28T00:13:01.319+0000] {processor.py:829} INFO - Processing file /home/airflow/.local/lib/python3.8/site-packages/airflow/example_dags/example_complex.py for tasks to queue
[2023-08-28T00:13:01.327+0000] {logging_mixin.py:151} INFO - [2023-08-28T00:13:01.326+0000] {dagbag.py:539} INFO - Filling up the DagBag from /home/airflow/.local/lib/python3.8/site-packages/airflow/example_dags/example_complex.py
[2023-08-28T00:13:01.358+0000] {processor.py:839} INFO - DAG(s) dict_keys(['example_complex']) retrieved from /home/airflow/.local/lib/python3.8/site-packages/airflow/example_dags/example_complex.py
[2023-08-28T00:13:01.508+0000] {logging_mixin.py:151} INFO - [2023-08-28T00:13:01.508+0000] {dag.py:2907} INFO - Sync 1 DAGs
[2023-08-28T00:13:01.535+0000] {logging_mixin.py:151} INFO - [2023-08-28T00:13:01.535+0000] {dag.py:3677} INFO - Setting next_dagrun for example_complex to None, run_after=None
[2023-08-28T00:13:01.593+0000] {processor.py:179} INFO - Processing /home/airflow/.local/lib/python3.8/site-packages/airflow/example_dags/example_complex.py took 0.283 seconds
[2023-08-28T00:13:32.147+0000] {processor.py:157} INFO - Started process (PID=566) to work on /home/airflow/.local/lib/python3.8/site-packages/airflow/example_dags/example_complex.py
[2023-08-28T00:13:32.149+0000] {processor.py:829} INFO - Processing file /home/airflow/.local/lib/python3.8/site-packages/airflow/example_dags/example_complex.py for tasks to queue
[2023-08-28T00:13:32.153+0000] {logging_mixin.py:151} INFO - [2023-08-28T00:13:32.153+0000] {dagbag.py:539} INFO - Filling up the DagBag from /home/airflow/.local/lib/python3.8/site-packages/airflow/example_dags/example_complex.py
[2023-08-28T00:13:32.175+0000] {processor.py:839} INFO - DAG(s) dict_keys(['example_complex']) retrieved from /home/airflow/.local/lib/python3.8/site-packages/airflow/example_dags/example_complex.py
[2023-08-28T00:13:32.262+0000] {logging_mixin.py:151} INFO - [2023-08-28T00:13:32.262+0000] {dag.py:2907} INFO - Sync 1 DAGs
[2023-08-28T00:13:32.283+0000] {logging_mixin.py:151} INFO - [2023-08-28T00:13:32.282+0000] {dag.py:3677} INFO - Setting next_dagrun for example_complex to None, run_after=None
[2023-08-28T00:13:32.311+0000] {processor.py:179} INFO - Processing /home/airflow/.local/lib/python3.8/site-packages/airflow/example_dags/example_complex.py took 0.169 seconds
[2023-08-28T00:14:02.775+0000] {processor.py:157} INFO - Started process (PID=621) to work on /home/airflow/.local/lib/python3.8/site-packages/airflow/example_dags/example_complex.py
[2023-08-28T00:14:02.776+0000] {processor.py:829} INFO - Processing file /home/airflow/.local/lib/python3.8/site-packages/airflow/example_dags/example_complex.py for tasks to queue
[2023-08-28T00:14:02.780+0000] {logging_mixin.py:151} INFO - [2023-08-28T00:14:02.779+0000] {dagbag.py:539} INFO - Filling up the DagBag from /home/airflow/.local/lib/python3.8/site-packages/airflow/example_dags/example_complex.py
[2023-08-28T00:14:02.799+0000] {processor.py:839} INFO - DAG(s) dict_keys(['example_complex']) retrieved from /home/airflow/.local/lib/python3.8/site-packages/airflow/example_dags/example_complex.py
[2023-08-28T00:14:02.904+0000] {logging_mixin.py:151} INFO - [2023-08-28T00:14:02.903+0000] {dag.py:2907} INFO - Sync 1 DAGs
[2023-08-28T00:14:02.930+0000] {logging_mixin.py:151} INFO - [2023-08-28T00:14:02.930+0000] {dag.py:3677} INFO - Setting next_dagrun for example_complex to None, run_after=None
[2023-08-28T00:14:02.969+0000] {processor.py:179} INFO - Processing /home/airflow/.local/lib/python3.8/site-packages/airflow/example_dags/example_complex.py took 0.199 seconds
[2023-08-28T00:14:33.098+0000] {processor.py:157} INFO - Started process (PID=676) to work on /home/airflow/.local/lib/python3.8/site-packages/airflow/example_dags/example_complex.py
[2023-08-28T00:14:33.099+0000] {processor.py:829} INFO - Processing file /home/airflow/.local/lib/python3.8/site-packages/airflow/example_dags/example_complex.py for tasks to queue
[2023-08-28T00:14:33.103+0000] {logging_mixin.py:151} INFO - [2023-08-28T00:14:33.102+0000] {dagbag.py:539} INFO - Filling up the DagBag from /home/airflow/.local/lib/python3.8/site-packages/airflow/example_dags/example_complex.py
[2023-08-28T00:14:33.121+0000] {processor.py:839} INFO - DAG(s) dict_keys(['example_complex']) retrieved from /home/airflow/.local/lib/python3.8/site-packages/airflow/example_dags/example_complex.py
[2023-08-28T00:14:33.206+0000] {logging_mixin.py:151} INFO - [2023-08-28T00:14:33.205+0000] {dag.py:2907} INFO - Sync 1 DAGs
[2023-08-28T00:14:33.223+0000] {logging_mixin.py:151} INFO - [2023-08-28T00:14:33.222+0000] {dag.py:3677} INFO - Setting next_dagrun for example_complex to None, run_after=None
[2023-08-28T00:14:33.253+0000] {processor.py:179} INFO - Processing /home/airflow/.local/lib/python3.8/site-packages/airflow/example_dags/example_complex.py took 0.159 seconds
[2023-08-28T00:15:04.115+0000] {processor.py:157} INFO - Started process (PID=731) to work on /home/airflow/.local/lib/python3.8/site-packages/airflow/example_dags/example_complex.py
[2023-08-28T00:15:04.117+0000] {processor.py:829} INFO - Processing file /home/airflow/.local/lib/python3.8/site-packages/airflow/example_dags/example_complex.py for tasks to queue
[2023-08-28T00:15:04.119+0000] {logging_mixin.py:151} INFO - [2023-08-28T00:15:04.119+0000] {dagbag.py:539} INFO - Filling up the DagBag from /home/airflow/.local/lib/python3.8/site-packages/airflow/example_dags/example_complex.py
[2023-08-28T00:15:04.135+0000] {processor.py:839} INFO - DAG(s) dict_keys(['example_complex']) retrieved from /home/airflow/.local/lib/python3.8/site-packages/airflow/example_dags/example_complex.py
[2023-08-28T00:15:04.226+0000] {logging_mixin.py:151} INFO - [2023-08-28T00:15:04.226+0000] {dag.py:2907} INFO - Sync 1 DAGs
[2023-08-28T00:15:04.243+0000] {logging_mixin.py:151} INFO - [2023-08-28T00:15:04.243+0000] {dag.py:3677} INFO - Setting next_dagrun for example_complex to None, run_after=None
[2023-08-28T00:15:04.267+0000] {processor.py:179} INFO - Processing /home/airflow/.local/lib/python3.8/site-packages/airflow/example_dags/example_complex.py took 0.156 seconds
[2023-08-28T00:15:34.922+0000] {processor.py:157} INFO - Started process (PID=786) to work on /home/airflow/.local/lib/python3.8/site-packages/airflow/example_dags/example_complex.py
[2023-08-28T00:15:34.924+0000] {processor.py:829} INFO - Processing file /home/airflow/.local/lib/python3.8/site-packages/airflow/example_dags/example_complex.py for tasks to queue
[2023-08-28T00:15:34.928+0000] {logging_mixin.py:151} INFO - [2023-08-28T00:15:34.928+0000] {dagbag.py:539} INFO - Filling up the DagBag from /home/airflow/.local/lib/python3.8/site-packages/airflow/example_dags/example_complex.py
[2023-08-28T00:15:34.955+0000] {processor.py:839} INFO - DAG(s) dict_keys(['example_complex']) retrieved from /home/airflow/.local/lib/python3.8/site-packages/airflow/example_dags/example_complex.py
[2023-08-28T00:15:35.065+0000] {logging_mixin.py:151} INFO - [2023-08-28T00:15:35.065+0000] {dag.py:2907} INFO - Sync 1 DAGs
[2023-08-28T00:15:35.093+0000] {logging_mixin.py:151} INFO - [2023-08-28T00:15:35.093+0000] {dag.py:3677} INFO - Setting next_dagrun for example_complex to None, run_after=None
[2023-08-28T00:15:35.156+0000] {processor.py:179} INFO - Processing /home/airflow/.local/lib/python3.8/site-packages/airflow/example_dags/example_complex.py took 0.238 seconds
[2023-08-28T00:16:05.624+0000] {processor.py:157} INFO - Started process (PID=841) to work on /home/airflow/.local/lib/python3.8/site-packages/airflow/example_dags/example_complex.py
[2023-08-28T00:16:05.626+0000] {processor.py:829} INFO - Processing file /home/airflow/.local/lib/python3.8/site-packages/airflow/example_dags/example_complex.py for tasks to queue
[2023-08-28T00:16:05.629+0000] {logging_mixin.py:151} INFO - [2023-08-28T00:16:05.628+0000] {dagbag.py:539} INFO - Filling up the DagBag from /home/airflow/.local/lib/python3.8/site-packages/airflow/example_dags/example_complex.py
[2023-08-28T00:16:05.646+0000] {processor.py:839} INFO - DAG(s) dict_keys(['example_complex']) retrieved from /home/airflow/.local/lib/python3.8/site-packages/airflow/example_dags/example_complex.py
[2023-08-28T00:16:05.741+0000] {logging_mixin.py:151} INFO - [2023-08-28T00:16:05.740+0000] {dag.py:2907} INFO - Sync 1 DAGs
[2023-08-28T00:16:05.758+0000] {logging_mixin.py:151} INFO - [2023-08-28T00:16:05.758+0000] {dag.py:3677} INFO - Setting next_dagrun for example_complex to None, run_after=None
[2023-08-28T00:16:05.790+0000] {processor.py:179} INFO - Processing /home/airflow/.local/lib/python3.8/site-packages/airflow/example_dags/example_complex.py took 0.170 seconds
[2023-08-28T00:16:36.272+0000] {processor.py:157} INFO - Started process (PID=896) to work on /home/airflow/.local/lib/python3.8/site-packages/airflow/example_dags/example_complex.py
[2023-08-28T00:16:36.275+0000] {processor.py:829} INFO - Processing file /home/airflow/.local/lib/python3.8/site-packages/airflow/example_dags/example_complex.py for tasks to queue
[2023-08-28T00:16:36.278+0000] {logging_mixin.py:151} INFO - [2023-08-28T00:16:36.278+0000] {dagbag.py:539} INFO - Filling up the DagBag from /home/airflow/.local/lib/python3.8/site-packages/airflow/example_dags/example_complex.py
[2023-08-28T00:16:36.292+0000] {processor.py:839} INFO - DAG(s) dict_keys(['example_complex']) retrieved from /home/airflow/.local/lib/python3.8/site-packages/airflow/example_dags/example_complex.py
[2023-08-28T00:16:36.378+0000] {logging_mixin.py:151} INFO - [2023-08-28T00:16:36.378+0000] {dag.py:2907} INFO - Sync 1 DAGs
[2023-08-28T00:16:36.396+0000] {logging_mixin.py:151} INFO - [2023-08-28T00:16:36.396+0000] {dag.py:3677} INFO - Setting next_dagrun for example_complex to None, run_after=None
[2023-08-28T00:16:36.422+0000] {processor.py:179} INFO - Processing /home/airflow/.local/lib/python3.8/site-packages/airflow/example_dags/example_complex.py took 0.155 seconds
[2023-08-28T00:17:06.500+0000] {processor.py:157} INFO - Started process (PID=951) to work on /home/airflow/.local/lib/python3.8/site-packages/airflow/example_dags/example_complex.py
[2023-08-28T00:17:06.501+0000] {processor.py:829} INFO - Processing file /home/airflow/.local/lib/python3.8/site-packages/airflow/example_dags/example_complex.py for tasks to queue
[2023-08-28T00:17:06.504+0000] {logging_mixin.py:151} INFO - [2023-08-28T00:17:06.503+0000] {dagbag.py:539} INFO - Filling up the DagBag from /home/airflow/.local/lib/python3.8/site-packages/airflow/example_dags/example_complex.py
[2023-08-28T00:17:06.517+0000] {processor.py:839} INFO - DAG(s) dict_keys(['example_complex']) retrieved from /home/airflow/.local/lib/python3.8/site-packages/airflow/example_dags/example_complex.py
[2023-08-28T00:17:06.598+0000] {logging_mixin.py:151} INFO - [2023-08-28T00:17:06.598+0000] {dag.py:2907} INFO - Sync 1 DAGs
[2023-08-28T00:17:06.616+0000] {logging_mixin.py:151} INFO - [2023-08-28T00:17:06.616+0000] {dag.py:3677} INFO - Setting next_dagrun for example_complex to None, run_after=None
[2023-08-28T00:17:06.641+0000] {processor.py:179} INFO - Processing /home/airflow/.local/lib/python3.8/site-packages/airflow/example_dags/example_complex.py took 0.144 seconds
[2023-08-28T00:17:36.914+0000] {processor.py:157} INFO - Started process (PID=1006) to work on /home/airflow/.local/lib/python3.8/site-packages/airflow/example_dags/example_complex.py
[2023-08-28T00:17:36.921+0000] {processor.py:829} INFO - Processing file /home/airflow/.local/lib/python3.8/site-packages/airflow/example_dags/example_complex.py for tasks to queue
[2023-08-28T00:17:36.927+0000] {logging_mixin.py:151} INFO - [2023-08-28T00:17:36.927+0000] {dagbag.py:539} INFO - Filling up the DagBag from /home/airflow/.local/lib/python3.8/site-packages/airflow/example_dags/example_complex.py
[2023-08-28T00:17:36.951+0000] {processor.py:839} INFO - DAG(s) dict_keys(['example_complex']) retrieved from /home/airflow/.local/lib/python3.8/site-packages/airflow/example_dags/example_complex.py
[2023-08-28T00:17:37.243+0000] {logging_mixin.py:151} INFO - [2023-08-28T00:17:37.242+0000] {dag.py:2907} INFO - Sync 1 DAGs
[2023-08-28T00:17:37.313+0000] {logging_mixin.py:151} INFO - [2023-08-28T00:17:37.313+0000] {dag.py:3677} INFO - Setting next_dagrun for example_complex to None, run_after=None
[2023-08-28T00:17:37.378+0000] {processor.py:179} INFO - Processing /home/airflow/.local/lib/python3.8/site-packages/airflow/example_dags/example_complex.py took 0.476 seconds
[2023-08-28T00:18:08.314+0000] {processor.py:157} INFO - Started process (PID=1061) to work on /home/airflow/.local/lib/python3.8/site-packages/airflow/example_dags/example_complex.py
[2023-08-28T00:18:08.316+0000] {processor.py:829} INFO - Processing file /home/airflow/.local/lib/python3.8/site-packages/airflow/example_dags/example_complex.py for tasks to queue
[2023-08-28T00:18:08.319+0000] {logging_mixin.py:151} INFO - [2023-08-28T00:18:08.318+0000] {dagbag.py:539} INFO - Filling up the DagBag from /home/airflow/.local/lib/python3.8/site-packages/airflow/example_dags/example_complex.py
[2023-08-28T00:18:08.341+0000] {processor.py:839} INFO - DAG(s) dict_keys(['example_complex']) retrieved from /home/airflow/.local/lib/python3.8/site-packages/airflow/example_dags/example_complex.py
[2023-08-28T00:18:08.453+0000] {logging_mixin.py:151} INFO - [2023-08-28T00:18:08.452+0000] {dag.py:2907} INFO - Sync 1 DAGs
[2023-08-28T00:18:08.476+0000] {logging_mixin.py:151} INFO - [2023-08-28T00:18:08.475+0000] {dag.py:3677} INFO - Setting next_dagrun for example_complex to None, run_after=None
[2023-08-28T00:18:08.531+0000] {processor.py:179} INFO - Processing /home/airflow/.local/lib/python3.8/site-packages/airflow/example_dags/example_complex.py took 0.220 seconds
[2023-08-28T00:18:38.947+0000] {processor.py:157} INFO - Started process (PID=1115) to work on /home/airflow/.local/lib/python3.8/site-packages/airflow/example_dags/example_complex.py
[2023-08-28T00:18:38.950+0000] {processor.py:829} INFO - Processing file /home/airflow/.local/lib/python3.8/site-packages/airflow/example_dags/example_complex.py for tasks to queue
[2023-08-28T00:18:38.958+0000] {logging_mixin.py:151} INFO - [2023-08-28T00:18:38.957+0000] {dagbag.py:539} INFO - Filling up the DagBag from /home/airflow/.local/lib/python3.8/site-packages/airflow/example_dags/example_complex.py
[2023-08-28T00:18:39.074+0000] {processor.py:839} INFO - DAG(s) dict_keys(['example_complex']) retrieved from /home/airflow/.local/lib/python3.8/site-packages/airflow/example_dags/example_complex.py
[2023-08-28T00:18:39.466+0000] {logging_mixin.py:151} INFO - [2023-08-28T00:18:39.466+0000] {dag.py:2907} INFO - Sync 1 DAGs
[2023-08-28T00:18:39.516+0000] {logging_mixin.py:151} INFO - [2023-08-28T00:18:39.516+0000] {dag.py:3677} INFO - Setting next_dagrun for example_complex to None, run_after=None
[2023-08-28T00:18:39.576+0000] {processor.py:179} INFO - Processing /home/airflow/.local/lib/python3.8/site-packages/airflow/example_dags/example_complex.py took 0.636 seconds
[2023-08-28T00:19:09.983+0000] {processor.py:157} INFO - Started process (PID=1170) to work on /home/airflow/.local/lib/python3.8/site-packages/airflow/example_dags/example_complex.py
[2023-08-28T00:19:09.985+0000] {processor.py:829} INFO - Processing file /home/airflow/.local/lib/python3.8/site-packages/airflow/example_dags/example_complex.py for tasks to queue
[2023-08-28T00:19:09.992+0000] {logging_mixin.py:151} INFO - [2023-08-28T00:19:09.991+0000] {dagbag.py:539} INFO - Filling up the DagBag from /home/airflow/.local/lib/python3.8/site-packages/airflow/example_dags/example_complex.py
[2023-08-28T00:19:10.008+0000] {processor.py:839} INFO - DAG(s) dict_keys(['example_complex']) retrieved from /home/airflow/.local/lib/python3.8/site-packages/airflow/example_dags/example_complex.py
[2023-08-28T00:19:10.094+0000] {logging_mixin.py:151} INFO - [2023-08-28T00:19:10.093+0000] {dag.py:2907} INFO - Sync 1 DAGs
[2023-08-28T00:19:10.111+0000] {logging_mixin.py:151} INFO - [2023-08-28T00:19:10.111+0000] {dag.py:3677} INFO - Setting next_dagrun for example_complex to None, run_after=None
[2023-08-28T00:19:10.142+0000] {processor.py:179} INFO - Processing /home/airflow/.local/lib/python3.8/site-packages/airflow/example_dags/example_complex.py took 0.164 seconds
[2023-08-28T00:19:40.372+0000] {processor.py:157} INFO - Started process (PID=1225) to work on /home/airflow/.local/lib/python3.8/site-packages/airflow/example_dags/example_complex.py
[2023-08-28T00:19:40.373+0000] {processor.py:829} INFO - Processing file /home/airflow/.local/lib/python3.8/site-packages/airflow/example_dags/example_complex.py for tasks to queue
[2023-08-28T00:19:40.375+0000] {logging_mixin.py:151} INFO - [2023-08-28T00:19:40.375+0000] {dagbag.py:539} INFO - Filling up the DagBag from /home/airflow/.local/lib/python3.8/site-packages/airflow/example_dags/example_complex.py
[2023-08-28T00:19:40.389+0000] {processor.py:839} INFO - DAG(s) dict_keys(['example_complex']) retrieved from /home/airflow/.local/lib/python3.8/site-packages/airflow/example_dags/example_complex.py
[2023-08-28T00:19:40.468+0000] {logging_mixin.py:151} INFO - [2023-08-28T00:19:40.468+0000] {dag.py:2907} INFO - Sync 1 DAGs
[2023-08-28T00:19:40.486+0000] {logging_mixin.py:151} INFO - [2023-08-28T00:19:40.485+0000] {dag.py:3677} INFO - Setting next_dagrun for example_complex to None, run_after=None
[2023-08-28T00:19:40.510+0000] {processor.py:179} INFO - Processing /home/airflow/.local/lib/python3.8/site-packages/airflow/example_dags/example_complex.py took 0.141 seconds
[2023-08-28T00:20:11.427+0000] {processor.py:157} INFO - Started process (PID=1280) to work on /home/airflow/.local/lib/python3.8/site-packages/airflow/example_dags/example_complex.py
[2023-08-28T00:20:11.430+0000] {processor.py:829} INFO - Processing file /home/airflow/.local/lib/python3.8/site-packages/airflow/example_dags/example_complex.py for tasks to queue
[2023-08-28T00:20:11.434+0000] {logging_mixin.py:151} INFO - [2023-08-28T00:20:11.433+0000] {dagbag.py:539} INFO - Filling up the DagBag from /home/airflow/.local/lib/python3.8/site-packages/airflow/example_dags/example_complex.py
[2023-08-28T00:20:11.455+0000] {processor.py:839} INFO - DAG(s) dict_keys(['example_complex']) retrieved from /home/airflow/.local/lib/python3.8/site-packages/airflow/example_dags/example_complex.py
[2023-08-28T00:20:11.576+0000] {logging_mixin.py:151} INFO - [2023-08-28T00:20:11.576+0000] {dag.py:2907} INFO - Sync 1 DAGs
[2023-08-28T00:20:11.719+0000] {logging_mixin.py:151} INFO - [2023-08-28T00:20:11.717+0000] {dag.py:3677} INFO - Setting next_dagrun for example_complex to None, run_after=None
[2023-08-28T00:20:11.813+0000] {processor.py:179} INFO - Processing /home/airflow/.local/lib/python3.8/site-packages/airflow/example_dags/example_complex.py took 0.390 seconds
[2023-08-28T00:20:41.874+0000] {processor.py:157} INFO - Started process (PID=1335) to work on /home/airflow/.local/lib/python3.8/site-packages/airflow/example_dags/example_complex.py
[2023-08-28T00:20:41.875+0000] {processor.py:829} INFO - Processing file /home/airflow/.local/lib/python3.8/site-packages/airflow/example_dags/example_complex.py for tasks to queue
[2023-08-28T00:20:41.878+0000] {logging_mixin.py:151} INFO - [2023-08-28T00:20:41.878+0000] {dagbag.py:539} INFO - Filling up the DagBag from /home/airflow/.local/lib/python3.8/site-packages/airflow/example_dags/example_complex.py
[2023-08-28T00:20:41.893+0000] {processor.py:839} INFO - DAG(s) dict_keys(['example_complex']) retrieved from /home/airflow/.local/lib/python3.8/site-packages/airflow/example_dags/example_complex.py
[2023-08-28T00:20:41.980+0000] {logging_mixin.py:151} INFO - [2023-08-28T00:20:41.980+0000] {dag.py:2907} INFO - Sync 1 DAGs
[2023-08-28T00:20:42.000+0000] {logging_mixin.py:151} INFO - [2023-08-28T00:20:41.999+0000] {dag.py:3677} INFO - Setting next_dagrun for example_complex to None, run_after=None
[2023-08-28T00:20:42.029+0000] {processor.py:179} INFO - Processing /home/airflow/.local/lib/python3.8/site-packages/airflow/example_dags/example_complex.py took 0.158 seconds
[2023-08-28T00:21:12.224+0000] {processor.py:157} INFO - Started process (PID=1390) to work on /home/airflow/.local/lib/python3.8/site-packages/airflow/example_dags/example_complex.py
[2023-08-28T00:21:12.226+0000] {processor.py:829} INFO - Processing file /home/airflow/.local/lib/python3.8/site-packages/airflow/example_dags/example_complex.py for tasks to queue
[2023-08-28T00:21:12.228+0000] {logging_mixin.py:151} INFO - [2023-08-28T00:21:12.228+0000] {dagbag.py:539} INFO - Filling up the DagBag from /home/airflow/.local/lib/python3.8/site-packages/airflow/example_dags/example_complex.py
[2023-08-28T00:21:12.242+0000] {processor.py:839} INFO - DAG(s) dict_keys(['example_complex']) retrieved from /home/airflow/.local/lib/python3.8/site-packages/airflow/example_dags/example_complex.py
[2023-08-28T00:21:12.349+0000] {logging_mixin.py:151} INFO - [2023-08-28T00:21:12.349+0000] {dag.py:2907} INFO - Sync 1 DAGs
[2023-08-28T00:21:12.373+0000] {logging_mixin.py:151} INFO - [2023-08-28T00:21:12.373+0000] {dag.py:3677} INFO - Setting next_dagrun for example_complex to None, run_after=None
[2023-08-28T00:21:12.402+0000] {processor.py:179} INFO - Processing /home/airflow/.local/lib/python3.8/site-packages/airflow/example_dags/example_complex.py took 0.182 seconds
[2023-08-28T00:21:43.900+0000] {processor.py:157} INFO - Started process (PID=1445) to work on /home/airflow/.local/lib/python3.8/site-packages/airflow/example_dags/example_complex.py
[2023-08-28T00:21:43.901+0000] {processor.py:829} INFO - Processing file /home/airflow/.local/lib/python3.8/site-packages/airflow/example_dags/example_complex.py for tasks to queue
[2023-08-28T00:21:43.904+0000] {logging_mixin.py:151} INFO - [2023-08-28T00:21:43.904+0000] {dagbag.py:539} INFO - Filling up the DagBag from /home/airflow/.local/lib/python3.8/site-packages/airflow/example_dags/example_complex.py
[2023-08-28T00:21:43.923+0000] {processor.py:839} INFO - DAG(s) dict_keys(['example_complex']) retrieved from /home/airflow/.local/lib/python3.8/site-packages/airflow/example_dags/example_complex.py
[2023-08-28T00:21:44.027+0000] {logging_mixin.py:151} INFO - [2023-08-28T00:21:44.026+0000] {dag.py:2907} INFO - Sync 1 DAGs
[2023-08-28T00:21:44.049+0000] {logging_mixin.py:151} INFO - [2023-08-28T00:21:44.048+0000] {dag.py:3677} INFO - Setting next_dagrun for example_complex to None, run_after=None
[2023-08-28T00:21:44.078+0000] {processor.py:179} INFO - Processing /home/airflow/.local/lib/python3.8/site-packages/airflow/example_dags/example_complex.py took 0.181 seconds
