[2023-08-28T00:02:03.968+0000] {processor.py:157} INFO - Started process (PID=61) to work on /home/airflow/.local/lib/python3.8/site-packages/airflow/example_dags/example_branch_datetime_operator.py
[2023-08-28T00:02:03.969+0000] {processor.py:829} INFO - Processing file /home/airflow/.local/lib/python3.8/site-packages/airflow/example_dags/example_branch_datetime_operator.py for tasks to queue
[2023-08-28T00:02:03.971+0000] {logging_mixin.py:151} INFO - [2023-08-28T00:02:03.971+0000] {dagbag.py:539} INFO - Filling up the DagBag from /home/airflow/.local/lib/python3.8/site-packages/airflow/example_dags/example_branch_datetime_operator.py
[2023-08-28T00:02:03.984+0000] {processor.py:839} INFO - DAG(s) dict_keys(['example_branch_datetime_operator_3', 'example_branch_datetime_operator', 'example_branch_datetime_operator_2']) retrieved from /home/airflow/.local/lib/python3.8/site-packages/airflow/example_dags/example_branch_datetime_operator.py
[2023-08-28T00:02:04.242+0000] {logging_mixin.py:151} INFO - [2023-08-28T00:02:04.241+0000] {manager.py:501} INFO - Created Permission View: can edit on DAG:example_branch_datetime_operator_3
[2023-08-28T00:02:04.254+0000] {logging_mixin.py:151} INFO - [2023-08-28T00:02:04.254+0000] {manager.py:501} INFO - Created Permission View: can delete on DAG:example_branch_datetime_operator_3
[2023-08-28T00:02:04.262+0000] {logging_mixin.py:151} INFO - [2023-08-28T00:02:04.261+0000] {manager.py:501} INFO - Created Permission View: can read on DAG:example_branch_datetime_operator_3
[2023-08-28T00:02:04.288+0000] {logging_mixin.py:151} INFO - [2023-08-28T00:02:04.288+0000] {manager.py:501} INFO - Created Permission View: can edit on DAG:example_branch_datetime_operator
[2023-08-28T00:02:04.294+0000] {logging_mixin.py:151} INFO - [2023-08-28T00:02:04.294+0000] {manager.py:501} INFO - Created Permission View: can delete on DAG:example_branch_datetime_operator
[2023-08-28T00:02:04.300+0000] {logging_mixin.py:151} INFO - [2023-08-28T00:02:04.300+0000] {manager.py:501} INFO - Created Permission View: can read on DAG:example_branch_datetime_operator
[2023-08-28T00:02:04.315+0000] {logging_mixin.py:151} INFO - [2023-08-28T00:02:04.315+0000] {manager.py:501} INFO - Created Permission View: can edit on DAG:example_branch_datetime_operator_2
[2023-08-28T00:02:04.322+0000] {logging_mixin.py:151} INFO - [2023-08-28T00:02:04.322+0000] {manager.py:501} INFO - Created Permission View: can delete on DAG:example_branch_datetime_operator_2
[2023-08-28T00:02:04.328+0000] {logging_mixin.py:151} INFO - [2023-08-28T00:02:04.327+0000] {manager.py:501} INFO - Created Permission View: can read on DAG:example_branch_datetime_operator_2
[2023-08-28T00:02:04.333+0000] {logging_mixin.py:151} INFO - [2023-08-28T00:02:04.333+0000] {dag.py:2907} INFO - Sync 3 DAGs
[2023-08-28T00:02:04.346+0000] {logging_mixin.py:151} INFO - [2023-08-28T00:02:04.346+0000] {dag.py:2929} INFO - Creating ORM DAG for example_branch_datetime_operator_3
[2023-08-28T00:02:04.348+0000] {logging_mixin.py:151} INFO - [2023-08-28T00:02:04.347+0000] {dag.py:2929} INFO - Creating ORM DAG for example_branch_datetime_operator_2
[2023-08-28T00:02:04.348+0000] {logging_mixin.py:151} INFO - [2023-08-28T00:02:04.348+0000] {dag.py:2929} INFO - Creating ORM DAG for example_branch_datetime_operator
[2023-08-28T00:02:04.376+0000] {logging_mixin.py:151} INFO - [2023-08-28T00:02:04.376+0000] {dag.py:3677} INFO - Setting next_dagrun for example_branch_datetime_operator to 2023-08-27T00:00:00+00:00, run_after=2023-08-28T00:00:00+00:00
[2023-08-28T00:02:04.380+0000] {logging_mixin.py:151} INFO - [2023-08-28T00:02:04.380+0000] {dag.py:3677} INFO - Setting next_dagrun for example_branch_datetime_operator_2 to 2023-08-27T00:00:00+00:00, run_after=2023-08-28T00:00:00+00:00
[2023-08-28T00:02:04.383+0000] {logging_mixin.py:151} INFO - [2023-08-28T00:02:04.383+0000] {dag.py:3677} INFO - Setting next_dagrun for example_branch_datetime_operator_3 to 2023-08-27T00:00:00+00:00, run_after=2023-08-28T00:00:00+00:00
[2023-08-28T00:02:04.405+0000] {processor.py:179} INFO - Processing /home/airflow/.local/lib/python3.8/site-packages/airflow/example_dags/example_branch_datetime_operator.py took 0.440 seconds
[2023-08-28T00:02:34.515+0000] {processor.py:157} INFO - Started process (PID=116) to work on /home/airflow/.local/lib/python3.8/site-packages/airflow/example_dags/example_branch_datetime_operator.py
[2023-08-28T00:02:34.516+0000] {processor.py:829} INFO - Processing file /home/airflow/.local/lib/python3.8/site-packages/airflow/example_dags/example_branch_datetime_operator.py for tasks to queue
[2023-08-28T00:02:34.518+0000] {logging_mixin.py:151} INFO - [2023-08-28T00:02:34.518+0000] {dagbag.py:539} INFO - Filling up the DagBag from /home/airflow/.local/lib/python3.8/site-packages/airflow/example_dags/example_branch_datetime_operator.py
[2023-08-28T00:02:34.533+0000] {processor.py:839} INFO - DAG(s) dict_keys(['example_branch_datetime_operator_2', 'example_branch_datetime_operator', 'example_branch_datetime_operator_3']) retrieved from /home/airflow/.local/lib/python3.8/site-packages/airflow/example_dags/example_branch_datetime_operator.py
[2023-08-28T00:02:34.709+0000] {logging_mixin.py:151} INFO - [2023-08-28T00:02:34.709+0000] {dag.py:2907} INFO - Sync 3 DAGs
[2023-08-28T00:02:34.749+0000] {logging_mixin.py:151} INFO - [2023-08-28T00:02:34.749+0000] {dag.py:3677} INFO - Setting next_dagrun for example_branch_datetime_operator to 2023-08-27T00:00:00+00:00, run_after=2023-08-28T00:00:00+00:00
[2023-08-28T00:02:34.755+0000] {logging_mixin.py:151} INFO - [2023-08-28T00:02:34.755+0000] {dag.py:3677} INFO - Setting next_dagrun for example_branch_datetime_operator_2 to 2023-08-27T00:00:00+00:00, run_after=2023-08-28T00:00:00+00:00
[2023-08-28T00:02:34.759+0000] {logging_mixin.py:151} INFO - [2023-08-28T00:02:34.759+0000] {dag.py:3677} INFO - Setting next_dagrun for example_branch_datetime_operator_3 to 2023-08-27T00:00:00+00:00, run_after=2023-08-28T00:00:00+00:00
[2023-08-28T00:02:34.786+0000] {processor.py:179} INFO - Processing /home/airflow/.local/lib/python3.8/site-packages/airflow/example_dags/example_branch_datetime_operator.py took 0.274 seconds
[2023-08-28T00:03:05.263+0000] {processor.py:157} INFO - Started process (PID=171) to work on /home/airflow/.local/lib/python3.8/site-packages/airflow/example_dags/example_branch_datetime_operator.py
[2023-08-28T00:03:05.264+0000] {processor.py:829} INFO - Processing file /home/airflow/.local/lib/python3.8/site-packages/airflow/example_dags/example_branch_datetime_operator.py for tasks to queue
[2023-08-28T00:03:05.266+0000] {logging_mixin.py:151} INFO - [2023-08-28T00:03:05.266+0000] {dagbag.py:539} INFO - Filling up the DagBag from /home/airflow/.local/lib/python3.8/site-packages/airflow/example_dags/example_branch_datetime_operator.py
[2023-08-28T00:03:05.279+0000] {processor.py:839} INFO - DAG(s) dict_keys(['example_branch_datetime_operator', 'example_branch_datetime_operator_3', 'example_branch_datetime_operator_2']) retrieved from /home/airflow/.local/lib/python3.8/site-packages/airflow/example_dags/example_branch_datetime_operator.py
[2023-08-28T00:03:05.359+0000] {logging_mixin.py:151} INFO - [2023-08-28T00:03:05.359+0000] {dag.py:2907} INFO - Sync 3 DAGs
[2023-08-28T00:03:05.399+0000] {logging_mixin.py:151} INFO - [2023-08-28T00:03:05.399+0000] {dag.py:3677} INFO - Setting next_dagrun for example_branch_datetime_operator to 2023-08-27T00:00:00+00:00, run_after=2023-08-28T00:00:00+00:00
[2023-08-28T00:03:05.404+0000] {logging_mixin.py:151} INFO - [2023-08-28T00:03:05.404+0000] {dag.py:3677} INFO - Setting next_dagrun for example_branch_datetime_operator_2 to 2023-08-27T00:00:00+00:00, run_after=2023-08-28T00:00:00+00:00
[2023-08-28T00:03:05.407+0000] {logging_mixin.py:151} INFO - [2023-08-28T00:03:05.407+0000] {dag.py:3677} INFO - Setting next_dagrun for example_branch_datetime_operator_3 to 2023-08-27T00:00:00+00:00, run_after=2023-08-28T00:00:00+00:00
[2023-08-28T00:03:05.430+0000] {processor.py:179} INFO - Processing /home/airflow/.local/lib/python3.8/site-packages/airflow/example_dags/example_branch_datetime_operator.py took 0.170 seconds
[2023-08-28T00:03:35.770+0000] {processor.py:157} INFO - Started process (PID=225) to work on /home/airflow/.local/lib/python3.8/site-packages/airflow/example_dags/example_branch_datetime_operator.py
[2023-08-28T00:03:35.772+0000] {processor.py:829} INFO - Processing file /home/airflow/.local/lib/python3.8/site-packages/airflow/example_dags/example_branch_datetime_operator.py for tasks to queue
[2023-08-28T00:03:35.775+0000] {logging_mixin.py:151} INFO - [2023-08-28T00:03:35.775+0000] {dagbag.py:539} INFO - Filling up the DagBag from /home/airflow/.local/lib/python3.8/site-packages/airflow/example_dags/example_branch_datetime_operator.py
[2023-08-28T00:03:35.790+0000] {processor.py:839} INFO - DAG(s) dict_keys(['example_branch_datetime_operator_2', 'example_branch_datetime_operator_3', 'example_branch_datetime_operator']) retrieved from /home/airflow/.local/lib/python3.8/site-packages/airflow/example_dags/example_branch_datetime_operator.py
[2023-08-28T00:03:35.878+0000] {logging_mixin.py:151} INFO - [2023-08-28T00:03:35.878+0000] {dag.py:2907} INFO - Sync 3 DAGs
[2023-08-28T00:03:35.919+0000] {logging_mixin.py:151} INFO - [2023-08-28T00:03:35.919+0000] {dag.py:3677} INFO - Setting next_dagrun for example_branch_datetime_operator to 2023-08-27T00:00:00+00:00, run_after=2023-08-28T00:00:00+00:00
[2023-08-28T00:03:35.925+0000] {logging_mixin.py:151} INFO - [2023-08-28T00:03:35.925+0000] {dag.py:3677} INFO - Setting next_dagrun for example_branch_datetime_operator_2 to 2023-08-27T00:00:00+00:00, run_after=2023-08-28T00:00:00+00:00
[2023-08-28T00:03:35.928+0000] {logging_mixin.py:151} INFO - [2023-08-28T00:03:35.928+0000] {dag.py:3677} INFO - Setting next_dagrun for example_branch_datetime_operator_3 to 2023-08-27T00:00:00+00:00, run_after=2023-08-28T00:00:00+00:00
[2023-08-28T00:03:35.954+0000] {processor.py:179} INFO - Processing /home/airflow/.local/lib/python3.8/site-packages/airflow/example_dags/example_branch_datetime_operator.py took 0.187 seconds
[2023-08-28T00:04:06.656+0000] {processor.py:157} INFO - Started process (PID=280) to work on /home/airflow/.local/lib/python3.8/site-packages/airflow/example_dags/example_branch_datetime_operator.py
[2023-08-28T00:04:06.657+0000] {processor.py:829} INFO - Processing file /home/airflow/.local/lib/python3.8/site-packages/airflow/example_dags/example_branch_datetime_operator.py for tasks to queue
[2023-08-28T00:04:06.659+0000] {logging_mixin.py:151} INFO - [2023-08-28T00:04:06.659+0000] {dagbag.py:539} INFO - Filling up the DagBag from /home/airflow/.local/lib/python3.8/site-packages/airflow/example_dags/example_branch_datetime_operator.py
[2023-08-28T00:04:06.672+0000] {processor.py:839} INFO - DAG(s) dict_keys(['example_branch_datetime_operator', 'example_branch_datetime_operator_2', 'example_branch_datetime_operator_3']) retrieved from /home/airflow/.local/lib/python3.8/site-packages/airflow/example_dags/example_branch_datetime_operator.py
[2023-08-28T00:04:06.753+0000] {logging_mixin.py:151} INFO - [2023-08-28T00:04:06.752+0000] {dag.py:2907} INFO - Sync 3 DAGs
[2023-08-28T00:04:06.791+0000] {logging_mixin.py:151} INFO - [2023-08-28T00:04:06.791+0000] {dag.py:3677} INFO - Setting next_dagrun for example_branch_datetime_operator to 2023-08-27T00:00:00+00:00, run_after=2023-08-28T00:00:00+00:00
[2023-08-28T00:04:06.796+0000] {logging_mixin.py:151} INFO - [2023-08-28T00:04:06.796+0000] {dag.py:3677} INFO - Setting next_dagrun for example_branch_datetime_operator_2 to 2023-08-27T00:00:00+00:00, run_after=2023-08-28T00:00:00+00:00
[2023-08-28T00:04:06.799+0000] {logging_mixin.py:151} INFO - [2023-08-28T00:04:06.799+0000] {dag.py:3677} INFO - Setting next_dagrun for example_branch_datetime_operator_3 to 2023-08-27T00:00:00+00:00, run_after=2023-08-28T00:00:00+00:00
[2023-08-28T00:04:06.824+0000] {processor.py:179} INFO - Processing /home/airflow/.local/lib/python3.8/site-packages/airflow/example_dags/example_branch_datetime_operator.py took 0.171 seconds
[2023-08-28T00:04:37.113+0000] {processor.py:157} INFO - Started process (PID=335) to work on /home/airflow/.local/lib/python3.8/site-packages/airflow/example_dags/example_branch_datetime_operator.py
[2023-08-28T00:04:37.115+0000] {processor.py:829} INFO - Processing file /home/airflow/.local/lib/python3.8/site-packages/airflow/example_dags/example_branch_datetime_operator.py for tasks to queue
[2023-08-28T00:04:37.118+0000] {logging_mixin.py:151} INFO - [2023-08-28T00:04:37.118+0000] {dagbag.py:539} INFO - Filling up the DagBag from /home/airflow/.local/lib/python3.8/site-packages/airflow/example_dags/example_branch_datetime_operator.py
[2023-08-28T00:04:37.132+0000] {processor.py:839} INFO - DAG(s) dict_keys(['example_branch_datetime_operator_3', 'example_branch_datetime_operator', 'example_branch_datetime_operator_2']) retrieved from /home/airflow/.local/lib/python3.8/site-packages/airflow/example_dags/example_branch_datetime_operator.py
[2023-08-28T00:04:37.233+0000] {logging_mixin.py:151} INFO - [2023-08-28T00:04:37.233+0000] {dag.py:2907} INFO - Sync 3 DAGs
[2023-08-28T00:04:37.278+0000] {logging_mixin.py:151} INFO - [2023-08-28T00:04:37.277+0000] {dag.py:3677} INFO - Setting next_dagrun for example_branch_datetime_operator to 2023-08-27T00:00:00+00:00, run_after=2023-08-28T00:00:00+00:00
[2023-08-28T00:04:37.283+0000] {logging_mixin.py:151} INFO - [2023-08-28T00:04:37.283+0000] {dag.py:3677} INFO - Setting next_dagrun for example_branch_datetime_operator_2 to 2023-08-27T00:00:00+00:00, run_after=2023-08-28T00:00:00+00:00
[2023-08-28T00:04:37.287+0000] {logging_mixin.py:151} INFO - [2023-08-28T00:04:37.287+0000] {dag.py:3677} INFO - Setting next_dagrun for example_branch_datetime_operator_3 to 2023-08-27T00:00:00+00:00, run_after=2023-08-28T00:00:00+00:00
[2023-08-28T00:04:37.313+0000] {processor.py:179} INFO - Processing /home/airflow/.local/lib/python3.8/site-packages/airflow/example_dags/example_branch_datetime_operator.py took 0.203 seconds
[2023-08-28T00:05:08.422+0000] {processor.py:157} INFO - Started process (PID=390) to work on /home/airflow/.local/lib/python3.8/site-packages/airflow/example_dags/example_branch_datetime_operator.py
[2023-08-28T00:05:08.424+0000] {processor.py:829} INFO - Processing file /home/airflow/.local/lib/python3.8/site-packages/airflow/example_dags/example_branch_datetime_operator.py for tasks to queue
[2023-08-28T00:05:08.427+0000] {logging_mixin.py:151} INFO - [2023-08-28T00:05:08.426+0000] {dagbag.py:539} INFO - Filling up the DagBag from /home/airflow/.local/lib/python3.8/site-packages/airflow/example_dags/example_branch_datetime_operator.py
[2023-08-28T00:05:08.443+0000] {processor.py:839} INFO - DAG(s) dict_keys(['example_branch_datetime_operator_3', 'example_branch_datetime_operator_2', 'example_branch_datetime_operator']) retrieved from /home/airflow/.local/lib/python3.8/site-packages/airflow/example_dags/example_branch_datetime_operator.py
[2023-08-28T00:05:08.526+0000] {logging_mixin.py:151} INFO - [2023-08-28T00:05:08.525+0000] {dag.py:2907} INFO - Sync 3 DAGs
[2023-08-28T00:05:08.569+0000] {logging_mixin.py:151} INFO - [2023-08-28T00:05:08.568+0000] {dag.py:3677} INFO - Setting next_dagrun for example_branch_datetime_operator to 2023-08-27T00:00:00+00:00, run_after=2023-08-28T00:00:00+00:00
[2023-08-28T00:05:08.574+0000] {logging_mixin.py:151} INFO - [2023-08-28T00:05:08.574+0000] {dag.py:3677} INFO - Setting next_dagrun for example_branch_datetime_operator_2 to 2023-08-27T00:00:00+00:00, run_after=2023-08-28T00:00:00+00:00
[2023-08-28T00:05:08.578+0000] {logging_mixin.py:151} INFO - [2023-08-28T00:05:08.578+0000] {dag.py:3677} INFO - Setting next_dagrun for example_branch_datetime_operator_3 to 2023-08-27T00:00:00+00:00, run_after=2023-08-28T00:00:00+00:00
[2023-08-28T00:05:08.606+0000] {processor.py:179} INFO - Processing /home/airflow/.local/lib/python3.8/site-packages/airflow/example_dags/example_branch_datetime_operator.py took 0.188 seconds
[2023-08-28T00:08:50.844+0000] {processor.py:157} INFO - Started process (PID=69) to work on /home/airflow/.local/lib/python3.8/site-packages/airflow/example_dags/example_branch_datetime_operator.py
[2023-08-28T00:08:50.846+0000] {processor.py:829} INFO - Processing file /home/airflow/.local/lib/python3.8/site-packages/airflow/example_dags/example_branch_datetime_operator.py for tasks to queue
[2023-08-28T00:08:50.850+0000] {logging_mixin.py:151} INFO - [2023-08-28T00:08:50.849+0000] {dagbag.py:539} INFO - Filling up the DagBag from /home/airflow/.local/lib/python3.8/site-packages/airflow/example_dags/example_branch_datetime_operator.py
[2023-08-28T00:08:50.875+0000] {processor.py:839} INFO - DAG(s) dict_keys(['example_branch_datetime_operator', 'example_branch_datetime_operator_2', 'example_branch_datetime_operator_3']) retrieved from /home/airflow/.local/lib/python3.8/site-packages/airflow/example_dags/example_branch_datetime_operator.py
[2023-08-28T00:08:51.020+0000] {logging_mixin.py:151} INFO - [2023-08-28T00:08:51.020+0000] {dag.py:2907} INFO - Sync 3 DAGs
[2023-08-28T00:08:51.075+0000] {logging_mixin.py:151} INFO - [2023-08-28T00:08:51.075+0000] {dag.py:3677} INFO - Setting next_dagrun for example_branch_datetime_operator to 2023-08-27T00:00:00+00:00, run_after=2023-08-28T00:00:00+00:00
[2023-08-28T00:08:51.085+0000] {logging_mixin.py:151} INFO - [2023-08-28T00:08:51.084+0000] {dag.py:3677} INFO - Setting next_dagrun for example_branch_datetime_operator_2 to 2023-08-27T00:00:00+00:00, run_after=2023-08-28T00:00:00+00:00
[2023-08-28T00:08:51.089+0000] {logging_mixin.py:151} INFO - [2023-08-28T00:08:51.088+0000] {dag.py:3677} INFO - Setting next_dagrun for example_branch_datetime_operator_3 to 2023-08-27T00:00:00+00:00, run_after=2023-08-28T00:00:00+00:00
[2023-08-28T00:08:51.219+0000] {processor.py:179} INFO - Processing /home/airflow/.local/lib/python3.8/site-packages/airflow/example_dags/example_branch_datetime_operator.py took 0.379 seconds
[2023-08-28T00:09:23.526+0000] {processor.py:157} INFO - Started process (PID=124) to work on /home/airflow/.local/lib/python3.8/site-packages/airflow/example_dags/example_branch_datetime_operator.py
[2023-08-28T00:09:23.534+0000] {processor.py:829} INFO - Processing file /home/airflow/.local/lib/python3.8/site-packages/airflow/example_dags/example_branch_datetime_operator.py for tasks to queue
[2023-08-28T00:09:23.542+0000] {logging_mixin.py:151} INFO - [2023-08-28T00:09:23.541+0000] {dagbag.py:539} INFO - Filling up the DagBag from /home/airflow/.local/lib/python3.8/site-packages/airflow/example_dags/example_branch_datetime_operator.py
[2023-08-28T00:09:23.891+0000] {processor.py:839} INFO - DAG(s) dict_keys(['example_branch_datetime_operator_2', 'example_branch_datetime_operator', 'example_branch_datetime_operator_3']) retrieved from /home/airflow/.local/lib/python3.8/site-packages/airflow/example_dags/example_branch_datetime_operator.py
[2023-08-28T00:09:24.956+0000] {logging_mixin.py:151} INFO - [2023-08-28T00:09:24.955+0000] {dag.py:2907} INFO - Sync 3 DAGs
[2023-08-28T00:09:25.107+0000] {logging_mixin.py:151} INFO - [2023-08-28T00:09:25.105+0000] {dag.py:3677} INFO - Setting next_dagrun for example_branch_datetime_operator to 2023-08-27T00:00:00+00:00, run_after=2023-08-28T00:00:00+00:00
[2023-08-28T00:09:25.166+0000] {logging_mixin.py:151} INFO - [2023-08-28T00:09:25.166+0000] {dag.py:3677} INFO - Setting next_dagrun for example_branch_datetime_operator_2 to 2023-08-27T00:00:00+00:00, run_after=2023-08-28T00:00:00+00:00
[2023-08-28T00:09:25.190+0000] {logging_mixin.py:151} INFO - [2023-08-28T00:09:25.189+0000] {dag.py:3677} INFO - Setting next_dagrun for example_branch_datetime_operator_3 to 2023-08-27T00:00:00+00:00, run_after=2023-08-28T00:00:00+00:00
[2023-08-28T00:09:25.821+0000] {processor.py:179} INFO - Processing /home/airflow/.local/lib/python3.8/site-packages/airflow/example_dags/example_branch_datetime_operator.py took 2.300 seconds
[2023-08-28T00:09:56.156+0000] {processor.py:157} INFO - Started process (PID=179) to work on /home/airflow/.local/lib/python3.8/site-packages/airflow/example_dags/example_branch_datetime_operator.py
[2023-08-28T00:09:56.158+0000] {processor.py:829} INFO - Processing file /home/airflow/.local/lib/python3.8/site-packages/airflow/example_dags/example_branch_datetime_operator.py for tasks to queue
[2023-08-28T00:09:56.163+0000] {logging_mixin.py:151} INFO - [2023-08-28T00:09:56.162+0000] {dagbag.py:539} INFO - Filling up the DagBag from /home/airflow/.local/lib/python3.8/site-packages/airflow/example_dags/example_branch_datetime_operator.py
[2023-08-28T00:09:56.183+0000] {processor.py:839} INFO - DAG(s) dict_keys(['example_branch_datetime_operator_3', 'example_branch_datetime_operator', 'example_branch_datetime_operator_2']) retrieved from /home/airflow/.local/lib/python3.8/site-packages/airflow/example_dags/example_branch_datetime_operator.py
[2023-08-28T00:09:56.270+0000] {logging_mixin.py:151} INFO - [2023-08-28T00:09:56.269+0000] {dag.py:2907} INFO - Sync 3 DAGs
[2023-08-28T00:09:56.310+0000] {logging_mixin.py:151} INFO - [2023-08-28T00:09:56.310+0000] {dag.py:3677} INFO - Setting next_dagrun for example_branch_datetime_operator to 2023-08-27T00:00:00+00:00, run_after=2023-08-28T00:00:00+00:00
[2023-08-28T00:09:56.316+0000] {logging_mixin.py:151} INFO - [2023-08-28T00:09:56.316+0000] {dag.py:3677} INFO - Setting next_dagrun for example_branch_datetime_operator_2 to 2023-08-27T00:00:00+00:00, run_after=2023-08-28T00:00:00+00:00
[2023-08-28T00:09:56.320+0000] {logging_mixin.py:151} INFO - [2023-08-28T00:09:56.319+0000] {dag.py:3677} INFO - Setting next_dagrun for example_branch_datetime_operator_3 to 2023-08-27T00:00:00+00:00, run_after=2023-08-28T00:00:00+00:00
[2023-08-28T00:09:56.343+0000] {processor.py:179} INFO - Processing /home/airflow/.local/lib/python3.8/site-packages/airflow/example_dags/example_branch_datetime_operator.py took 0.192 seconds
[2023-08-28T00:10:26.577+0000] {processor.py:157} INFO - Started process (PID=235) to work on /home/airflow/.local/lib/python3.8/site-packages/airflow/example_dags/example_branch_datetime_operator.py
[2023-08-28T00:10:26.580+0000] {processor.py:829} INFO - Processing file /home/airflow/.local/lib/python3.8/site-packages/airflow/example_dags/example_branch_datetime_operator.py for tasks to queue
[2023-08-28T00:10:26.585+0000] {logging_mixin.py:151} INFO - [2023-08-28T00:10:26.584+0000] {dagbag.py:539} INFO - Filling up the DagBag from /home/airflow/.local/lib/python3.8/site-packages/airflow/example_dags/example_branch_datetime_operator.py
[2023-08-28T00:10:26.608+0000] {processor.py:839} INFO - DAG(s) dict_keys(['example_branch_datetime_operator', 'example_branch_datetime_operator_3', 'example_branch_datetime_operator_2']) retrieved from /home/airflow/.local/lib/python3.8/site-packages/airflow/example_dags/example_branch_datetime_operator.py
[2023-08-28T00:10:26.719+0000] {logging_mixin.py:151} INFO - [2023-08-28T00:10:26.719+0000] {dag.py:2907} INFO - Sync 3 DAGs
[2023-08-28T00:10:26.884+0000] {logging_mixin.py:151} INFO - [2023-08-28T00:10:26.881+0000] {dag.py:3677} INFO - Setting next_dagrun for example_branch_datetime_operator to 2023-08-27T00:00:00+00:00, run_after=2023-08-28T00:00:00+00:00
[2023-08-28T00:10:26.923+0000] {logging_mixin.py:151} INFO - [2023-08-28T00:10:26.923+0000] {dag.py:3677} INFO - Setting next_dagrun for example_branch_datetime_operator_2 to 2023-08-27T00:00:00+00:00, run_after=2023-08-28T00:00:00+00:00
[2023-08-28T00:10:26.941+0000] {logging_mixin.py:151} INFO - [2023-08-28T00:10:26.941+0000] {dag.py:3677} INFO - Setting next_dagrun for example_branch_datetime_operator_3 to 2023-08-27T00:00:00+00:00, run_after=2023-08-28T00:00:00+00:00
[2023-08-28T00:10:27.020+0000] {processor.py:179} INFO - Processing /home/airflow/.local/lib/python3.8/site-packages/airflow/example_dags/example_branch_datetime_operator.py took 0.447 seconds
[2023-08-28T00:10:57.098+0000] {processor.py:157} INFO - Started process (PID=290) to work on /home/airflow/.local/lib/python3.8/site-packages/airflow/example_dags/example_branch_datetime_operator.py
[2023-08-28T00:10:57.100+0000] {processor.py:829} INFO - Processing file /home/airflow/.local/lib/python3.8/site-packages/airflow/example_dags/example_branch_datetime_operator.py for tasks to queue
[2023-08-28T00:10:57.107+0000] {logging_mixin.py:151} INFO - [2023-08-28T00:10:57.106+0000] {dagbag.py:539} INFO - Filling up the DagBag from /home/airflow/.local/lib/python3.8/site-packages/airflow/example_dags/example_branch_datetime_operator.py
[2023-08-28T00:10:57.133+0000] {processor.py:839} INFO - DAG(s) dict_keys(['example_branch_datetime_operator', 'example_branch_datetime_operator_2', 'example_branch_datetime_operator_3']) retrieved from /home/airflow/.local/lib/python3.8/site-packages/airflow/example_dags/example_branch_datetime_operator.py
[2023-08-28T00:10:57.286+0000] {logging_mixin.py:151} INFO - [2023-08-28T00:10:57.285+0000] {dag.py:2907} INFO - Sync 3 DAGs
[2023-08-28T00:10:57.343+0000] {logging_mixin.py:151} INFO - [2023-08-28T00:10:57.343+0000] {dag.py:3677} INFO - Setting next_dagrun for example_branch_datetime_operator to 2023-08-27T00:00:00+00:00, run_after=2023-08-28T00:00:00+00:00
[2023-08-28T00:10:57.349+0000] {logging_mixin.py:151} INFO - [2023-08-28T00:10:57.349+0000] {dag.py:3677} INFO - Setting next_dagrun for example_branch_datetime_operator_2 to 2023-08-27T00:00:00+00:00, run_after=2023-08-28T00:00:00+00:00
[2023-08-28T00:10:57.353+0000] {logging_mixin.py:151} INFO - [2023-08-28T00:10:57.353+0000] {dag.py:3677} INFO - Setting next_dagrun for example_branch_datetime_operator_3 to 2023-08-27T00:00:00+00:00, run_after=2023-08-28T00:00:00+00:00
[2023-08-28T00:10:57.374+0000] {processor.py:179} INFO - Processing /home/airflow/.local/lib/python3.8/site-packages/airflow/example_dags/example_branch_datetime_operator.py took 0.283 seconds
[2023-08-28T00:11:27.678+0000] {processor.py:157} INFO - Started process (PID=344) to work on /home/airflow/.local/lib/python3.8/site-packages/airflow/example_dags/example_branch_datetime_operator.py
[2023-08-28T00:11:27.681+0000] {processor.py:829} INFO - Processing file /home/airflow/.local/lib/python3.8/site-packages/airflow/example_dags/example_branch_datetime_operator.py for tasks to queue
[2023-08-28T00:11:27.685+0000] {logging_mixin.py:151} INFO - [2023-08-28T00:11:27.684+0000] {dagbag.py:539} INFO - Filling up the DagBag from /home/airflow/.local/lib/python3.8/site-packages/airflow/example_dags/example_branch_datetime_operator.py
[2023-08-28T00:11:27.704+0000] {processor.py:839} INFO - DAG(s) dict_keys(['example_branch_datetime_operator', 'example_branch_datetime_operator_3', 'example_branch_datetime_operator_2']) retrieved from /home/airflow/.local/lib/python3.8/site-packages/airflow/example_dags/example_branch_datetime_operator.py
[2023-08-28T00:11:27.786+0000] {logging_mixin.py:151} INFO - [2023-08-28T00:11:27.786+0000] {dag.py:2907} INFO - Sync 3 DAGs
[2023-08-28T00:11:27.826+0000] {logging_mixin.py:151} INFO - [2023-08-28T00:11:27.826+0000] {dag.py:3677} INFO - Setting next_dagrun for example_branch_datetime_operator to 2023-08-27T00:00:00+00:00, run_after=2023-08-28T00:00:00+00:00
[2023-08-28T00:11:27.832+0000] {logging_mixin.py:151} INFO - [2023-08-28T00:11:27.831+0000] {dag.py:3677} INFO - Setting next_dagrun for example_branch_datetime_operator_2 to 2023-08-27T00:00:00+00:00, run_after=2023-08-28T00:00:00+00:00
[2023-08-28T00:11:27.835+0000] {logging_mixin.py:151} INFO - [2023-08-28T00:11:27.835+0000] {dag.py:3677} INFO - Setting next_dagrun for example_branch_datetime_operator_3 to 2023-08-27T00:00:00+00:00, run_after=2023-08-28T00:00:00+00:00
[2023-08-28T00:11:27.857+0000] {processor.py:179} INFO - Processing /home/airflow/.local/lib/python3.8/site-packages/airflow/example_dags/example_branch_datetime_operator.py took 0.183 seconds
[2023-08-28T00:11:57.902+0000] {processor.py:157} INFO - Started process (PID=398) to work on /home/airflow/.local/lib/python3.8/site-packages/airflow/example_dags/example_branch_datetime_operator.py
[2023-08-28T00:11:57.904+0000] {processor.py:829} INFO - Processing file /home/airflow/.local/lib/python3.8/site-packages/airflow/example_dags/example_branch_datetime_operator.py for tasks to queue
[2023-08-28T00:11:57.906+0000] {logging_mixin.py:151} INFO - [2023-08-28T00:11:57.906+0000] {dagbag.py:539} INFO - Filling up the DagBag from /home/airflow/.local/lib/python3.8/site-packages/airflow/example_dags/example_branch_datetime_operator.py
[2023-08-28T00:11:57.923+0000] {processor.py:839} INFO - DAG(s) dict_keys(['example_branch_datetime_operator_3', 'example_branch_datetime_operator_2', 'example_branch_datetime_operator']) retrieved from /home/airflow/.local/lib/python3.8/site-packages/airflow/example_dags/example_branch_datetime_operator.py
[2023-08-28T00:11:58.001+0000] {logging_mixin.py:151} INFO - [2023-08-28T00:11:58.001+0000] {dag.py:2907} INFO - Sync 3 DAGs
[2023-08-28T00:11:58.039+0000] {logging_mixin.py:151} INFO - [2023-08-28T00:11:58.039+0000] {dag.py:3677} INFO - Setting next_dagrun for example_branch_datetime_operator to 2023-08-27T00:00:00+00:00, run_after=2023-08-28T00:00:00+00:00
[2023-08-28T00:11:58.045+0000] {logging_mixin.py:151} INFO - [2023-08-28T00:11:58.045+0000] {dag.py:3677} INFO - Setting next_dagrun for example_branch_datetime_operator_2 to 2023-08-27T00:00:00+00:00, run_after=2023-08-28T00:00:00+00:00
[2023-08-28T00:11:58.048+0000] {logging_mixin.py:151} INFO - [2023-08-28T00:11:58.048+0000] {dag.py:3677} INFO - Setting next_dagrun for example_branch_datetime_operator_3 to 2023-08-27T00:00:00+00:00, run_after=2023-08-28T00:00:00+00:00
[2023-08-28T00:11:58.071+0000] {processor.py:179} INFO - Processing /home/airflow/.local/lib/python3.8/site-packages/airflow/example_dags/example_branch_datetime_operator.py took 0.172 seconds
[2023-08-28T00:12:28.501+0000] {processor.py:157} INFO - Started process (PID=452) to work on /home/airflow/.local/lib/python3.8/site-packages/airflow/example_dags/example_branch_datetime_operator.py
[2023-08-28T00:12:28.503+0000] {processor.py:829} INFO - Processing file /home/airflow/.local/lib/python3.8/site-packages/airflow/example_dags/example_branch_datetime_operator.py for tasks to queue
[2023-08-28T00:12:28.508+0000] {logging_mixin.py:151} INFO - [2023-08-28T00:12:28.508+0000] {dagbag.py:539} INFO - Filling up the DagBag from /home/airflow/.local/lib/python3.8/site-packages/airflow/example_dags/example_branch_datetime_operator.py
[2023-08-28T00:12:28.530+0000] {processor.py:839} INFO - DAG(s) dict_keys(['example_branch_datetime_operator_3', 'example_branch_datetime_operator', 'example_branch_datetime_operator_2']) retrieved from /home/airflow/.local/lib/python3.8/site-packages/airflow/example_dags/example_branch_datetime_operator.py
[2023-08-28T00:12:28.620+0000] {logging_mixin.py:151} INFO - [2023-08-28T00:12:28.620+0000] {dag.py:2907} INFO - Sync 3 DAGs
[2023-08-28T00:12:28.662+0000] {logging_mixin.py:151} INFO - [2023-08-28T00:12:28.662+0000] {dag.py:3677} INFO - Setting next_dagrun for example_branch_datetime_operator to 2023-08-27T00:00:00+00:00, run_after=2023-08-28T00:00:00+00:00
[2023-08-28T00:12:28.669+0000] {logging_mixin.py:151} INFO - [2023-08-28T00:12:28.669+0000] {dag.py:3677} INFO - Setting next_dagrun for example_branch_datetime_operator_2 to 2023-08-27T00:00:00+00:00, run_after=2023-08-28T00:00:00+00:00
[2023-08-28T00:12:28.673+0000] {logging_mixin.py:151} INFO - [2023-08-28T00:12:28.672+0000] {dag.py:3677} INFO - Setting next_dagrun for example_branch_datetime_operator_3 to 2023-08-27T00:00:00+00:00, run_after=2023-08-28T00:00:00+00:00
[2023-08-28T00:12:28.698+0000] {processor.py:179} INFO - Processing /home/airflow/.local/lib/python3.8/site-packages/airflow/example_dags/example_branch_datetime_operator.py took 0.202 seconds
[2023-08-28T00:12:58.844+0000] {processor.py:157} INFO - Started process (PID=507) to work on /home/airflow/.local/lib/python3.8/site-packages/airflow/example_dags/example_branch_datetime_operator.py
[2023-08-28T00:12:58.847+0000] {processor.py:829} INFO - Processing file /home/airflow/.local/lib/python3.8/site-packages/airflow/example_dags/example_branch_datetime_operator.py for tasks to queue
[2023-08-28T00:12:58.854+0000] {logging_mixin.py:151} INFO - [2023-08-28T00:12:58.853+0000] {dagbag.py:539} INFO - Filling up the DagBag from /home/airflow/.local/lib/python3.8/site-packages/airflow/example_dags/example_branch_datetime_operator.py
[2023-08-28T00:12:58.874+0000] {processor.py:839} INFO - DAG(s) dict_keys(['example_branch_datetime_operator_3', 'example_branch_datetime_operator_2', 'example_branch_datetime_operator']) retrieved from /home/airflow/.local/lib/python3.8/site-packages/airflow/example_dags/example_branch_datetime_operator.py
[2023-08-28T00:12:58.996+0000] {logging_mixin.py:151} INFO - [2023-08-28T00:12:58.996+0000] {dag.py:2907} INFO - Sync 3 DAGs
[2023-08-28T00:12:59.048+0000] {logging_mixin.py:151} INFO - [2023-08-28T00:12:59.047+0000] {dag.py:3677} INFO - Setting next_dagrun for example_branch_datetime_operator to 2023-08-27T00:00:00+00:00, run_after=2023-08-28T00:00:00+00:00
[2023-08-28T00:12:59.062+0000] {logging_mixin.py:151} INFO - [2023-08-28T00:12:59.061+0000] {dag.py:3677} INFO - Setting next_dagrun for example_branch_datetime_operator_2 to 2023-08-27T00:00:00+00:00, run_after=2023-08-28T00:00:00+00:00
[2023-08-28T00:12:59.097+0000] {logging_mixin.py:151} INFO - [2023-08-28T00:12:59.085+0000] {dag.py:3677} INFO - Setting next_dagrun for example_branch_datetime_operator_3 to 2023-08-27T00:00:00+00:00, run_after=2023-08-28T00:00:00+00:00
[2023-08-28T00:12:59.220+0000] {processor.py:179} INFO - Processing /home/airflow/.local/lib/python3.8/site-packages/airflow/example_dags/example_branch_datetime_operator.py took 0.382 seconds
[2023-08-28T00:13:29.871+0000] {processor.py:157} INFO - Started process (PID=561) to work on /home/airflow/.local/lib/python3.8/site-packages/airflow/example_dags/example_branch_datetime_operator.py
[2023-08-28T00:13:29.873+0000] {processor.py:829} INFO - Processing file /home/airflow/.local/lib/python3.8/site-packages/airflow/example_dags/example_branch_datetime_operator.py for tasks to queue
[2023-08-28T00:13:29.875+0000] {logging_mixin.py:151} INFO - [2023-08-28T00:13:29.875+0000] {dagbag.py:539} INFO - Filling up the DagBag from /home/airflow/.local/lib/python3.8/site-packages/airflow/example_dags/example_branch_datetime_operator.py
[2023-08-28T00:13:29.897+0000] {processor.py:839} INFO - DAG(s) dict_keys(['example_branch_datetime_operator_2', 'example_branch_datetime_operator_3', 'example_branch_datetime_operator']) retrieved from /home/airflow/.local/lib/python3.8/site-packages/airflow/example_dags/example_branch_datetime_operator.py
[2023-08-28T00:13:29.989+0000] {logging_mixin.py:151} INFO - [2023-08-28T00:13:29.989+0000] {dag.py:2907} INFO - Sync 3 DAGs
[2023-08-28T00:13:30.029+0000] {logging_mixin.py:151} INFO - [2023-08-28T00:13:30.029+0000] {dag.py:3677} INFO - Setting next_dagrun for example_branch_datetime_operator to 2023-08-27T00:00:00+00:00, run_after=2023-08-28T00:00:00+00:00
[2023-08-28T00:13:30.034+0000] {logging_mixin.py:151} INFO - [2023-08-28T00:13:30.034+0000] {dag.py:3677} INFO - Setting next_dagrun for example_branch_datetime_operator_2 to 2023-08-27T00:00:00+00:00, run_after=2023-08-28T00:00:00+00:00
[2023-08-28T00:13:30.038+0000] {logging_mixin.py:151} INFO - [2023-08-28T00:13:30.038+0000] {dag.py:3677} INFO - Setting next_dagrun for example_branch_datetime_operator_3 to 2023-08-27T00:00:00+00:00, run_after=2023-08-28T00:00:00+00:00
[2023-08-28T00:13:30.063+0000] {processor.py:179} INFO - Processing /home/airflow/.local/lib/python3.8/site-packages/airflow/example_dags/example_branch_datetime_operator.py took 0.196 seconds
[2023-08-28T00:14:00.469+0000] {processor.py:157} INFO - Started process (PID=616) to work on /home/airflow/.local/lib/python3.8/site-packages/airflow/example_dags/example_branch_datetime_operator.py
[2023-08-28T00:14:00.471+0000] {processor.py:829} INFO - Processing file /home/airflow/.local/lib/python3.8/site-packages/airflow/example_dags/example_branch_datetime_operator.py for tasks to queue
[2023-08-28T00:14:00.476+0000] {logging_mixin.py:151} INFO - [2023-08-28T00:14:00.475+0000] {dagbag.py:539} INFO - Filling up the DagBag from /home/airflow/.local/lib/python3.8/site-packages/airflow/example_dags/example_branch_datetime_operator.py
[2023-08-28T00:14:00.500+0000] {processor.py:839} INFO - DAG(s) dict_keys(['example_branch_datetime_operator_3', 'example_branch_datetime_operator', 'example_branch_datetime_operator_2']) retrieved from /home/airflow/.local/lib/python3.8/site-packages/airflow/example_dags/example_branch_datetime_operator.py
[2023-08-28T00:14:00.601+0000] {logging_mixin.py:151} INFO - [2023-08-28T00:14:00.600+0000] {dag.py:2907} INFO - Sync 3 DAGs
[2023-08-28T00:14:00.643+0000] {logging_mixin.py:151} INFO - [2023-08-28T00:14:00.642+0000] {dag.py:3677} INFO - Setting next_dagrun for example_branch_datetime_operator to 2023-08-27T00:00:00+00:00, run_after=2023-08-28T00:00:00+00:00
[2023-08-28T00:14:00.650+0000] {logging_mixin.py:151} INFO - [2023-08-28T00:14:00.649+0000] {dag.py:3677} INFO - Setting next_dagrun for example_branch_datetime_operator_2 to 2023-08-27T00:00:00+00:00, run_after=2023-08-28T00:00:00+00:00
[2023-08-28T00:14:00.653+0000] {logging_mixin.py:151} INFO - [2023-08-28T00:14:00.653+0000] {dag.py:3677} INFO - Setting next_dagrun for example_branch_datetime_operator_3 to 2023-08-27T00:00:00+00:00, run_after=2023-08-28T00:00:00+00:00
[2023-08-28T00:14:00.680+0000] {processor.py:179} INFO - Processing /home/airflow/.local/lib/python3.8/site-packages/airflow/example_dags/example_branch_datetime_operator.py took 0.217 seconds
[2023-08-28T00:14:30.818+0000] {processor.py:157} INFO - Started process (PID=671) to work on /home/airflow/.local/lib/python3.8/site-packages/airflow/example_dags/example_branch_datetime_operator.py
[2023-08-28T00:14:30.820+0000] {processor.py:829} INFO - Processing file /home/airflow/.local/lib/python3.8/site-packages/airflow/example_dags/example_branch_datetime_operator.py for tasks to queue
[2023-08-28T00:14:30.824+0000] {logging_mixin.py:151} INFO - [2023-08-28T00:14:30.823+0000] {dagbag.py:539} INFO - Filling up the DagBag from /home/airflow/.local/lib/python3.8/site-packages/airflow/example_dags/example_branch_datetime_operator.py
[2023-08-28T00:14:30.852+0000] {processor.py:839} INFO - DAG(s) dict_keys(['example_branch_datetime_operator_3', 'example_branch_datetime_operator_2', 'example_branch_datetime_operator']) retrieved from /home/airflow/.local/lib/python3.8/site-packages/airflow/example_dags/example_branch_datetime_operator.py
[2023-08-28T00:14:30.941+0000] {logging_mixin.py:151} INFO - [2023-08-28T00:14:30.940+0000] {dag.py:2907} INFO - Sync 3 DAGs
[2023-08-28T00:14:30.982+0000] {logging_mixin.py:151} INFO - [2023-08-28T00:14:30.982+0000] {dag.py:3677} INFO - Setting next_dagrun for example_branch_datetime_operator to 2023-08-27T00:00:00+00:00, run_after=2023-08-28T00:00:00+00:00
[2023-08-28T00:14:30.988+0000] {logging_mixin.py:151} INFO - [2023-08-28T00:14:30.988+0000] {dag.py:3677} INFO - Setting next_dagrun for example_branch_datetime_operator_2 to 2023-08-27T00:00:00+00:00, run_after=2023-08-28T00:00:00+00:00
[2023-08-28T00:14:30.992+0000] {logging_mixin.py:151} INFO - [2023-08-28T00:14:30.991+0000] {dag.py:3677} INFO - Setting next_dagrun for example_branch_datetime_operator_3 to 2023-08-27T00:00:00+00:00, run_after=2023-08-28T00:00:00+00:00
[2023-08-28T00:14:31.015+0000] {processor.py:179} INFO - Processing /home/airflow/.local/lib/python3.8/site-packages/airflow/example_dags/example_branch_datetime_operator.py took 0.202 seconds
[2023-08-28T00:15:01.737+0000] {processor.py:157} INFO - Started process (PID=726) to work on /home/airflow/.local/lib/python3.8/site-packages/airflow/example_dags/example_branch_datetime_operator.py
[2023-08-28T00:15:01.740+0000] {processor.py:829} INFO - Processing file /home/airflow/.local/lib/python3.8/site-packages/airflow/example_dags/example_branch_datetime_operator.py for tasks to queue
[2023-08-28T00:15:01.745+0000] {logging_mixin.py:151} INFO - [2023-08-28T00:15:01.744+0000] {dagbag.py:539} INFO - Filling up the DagBag from /home/airflow/.local/lib/python3.8/site-packages/airflow/example_dags/example_branch_datetime_operator.py
[2023-08-28T00:15:01.767+0000] {processor.py:839} INFO - DAG(s) dict_keys(['example_branch_datetime_operator_3', 'example_branch_datetime_operator_2', 'example_branch_datetime_operator']) retrieved from /home/airflow/.local/lib/python3.8/site-packages/airflow/example_dags/example_branch_datetime_operator.py
[2023-08-28T00:15:01.945+0000] {logging_mixin.py:151} INFO - [2023-08-28T00:15:01.945+0000] {dag.py:2907} INFO - Sync 3 DAGs
[2023-08-28T00:15:01.996+0000] {logging_mixin.py:151} INFO - [2023-08-28T00:15:01.996+0000] {dag.py:3677} INFO - Setting next_dagrun for example_branch_datetime_operator to 2023-08-27T00:00:00+00:00, run_after=2023-08-28T00:00:00+00:00
[2023-08-28T00:15:02.003+0000] {logging_mixin.py:151} INFO - [2023-08-28T00:15:02.003+0000] {dag.py:3677} INFO - Setting next_dagrun for example_branch_datetime_operator_2 to 2023-08-27T00:00:00+00:00, run_after=2023-08-28T00:00:00+00:00
[2023-08-28T00:15:02.008+0000] {logging_mixin.py:151} INFO - [2023-08-28T00:15:02.008+0000] {dag.py:3677} INFO - Setting next_dagrun for example_branch_datetime_operator_3 to 2023-08-27T00:00:00+00:00, run_after=2023-08-28T00:00:00+00:00
[2023-08-28T00:15:02.038+0000] {processor.py:179} INFO - Processing /home/airflow/.local/lib/python3.8/site-packages/airflow/example_dags/example_branch_datetime_operator.py took 0.306 seconds
[2023-08-28T00:15:32.499+0000] {processor.py:157} INFO - Started process (PID=781) to work on /home/airflow/.local/lib/python3.8/site-packages/airflow/example_dags/example_branch_datetime_operator.py
[2023-08-28T00:15:32.500+0000] {processor.py:829} INFO - Processing file /home/airflow/.local/lib/python3.8/site-packages/airflow/example_dags/example_branch_datetime_operator.py for tasks to queue
[2023-08-28T00:15:32.503+0000] {logging_mixin.py:151} INFO - [2023-08-28T00:15:32.502+0000] {dagbag.py:539} INFO - Filling up the DagBag from /home/airflow/.local/lib/python3.8/site-packages/airflow/example_dags/example_branch_datetime_operator.py
[2023-08-28T00:15:32.517+0000] {processor.py:839} INFO - DAG(s) dict_keys(['example_branch_datetime_operator_2', 'example_branch_datetime_operator', 'example_branch_datetime_operator_3']) retrieved from /home/airflow/.local/lib/python3.8/site-packages/airflow/example_dags/example_branch_datetime_operator.py
[2023-08-28T00:15:32.594+0000] {logging_mixin.py:151} INFO - [2023-08-28T00:15:32.594+0000] {dag.py:2907} INFO - Sync 3 DAGs
[2023-08-28T00:15:32.633+0000] {logging_mixin.py:151} INFO - [2023-08-28T00:15:32.633+0000] {dag.py:3677} INFO - Setting next_dagrun for example_branch_datetime_operator to 2023-08-27T00:00:00+00:00, run_after=2023-08-28T00:00:00+00:00
[2023-08-28T00:15:32.639+0000] {logging_mixin.py:151} INFO - [2023-08-28T00:15:32.639+0000] {dag.py:3677} INFO - Setting next_dagrun for example_branch_datetime_operator_2 to 2023-08-27T00:00:00+00:00, run_after=2023-08-28T00:00:00+00:00
[2023-08-28T00:15:32.643+0000] {logging_mixin.py:151} INFO - [2023-08-28T00:15:32.642+0000] {dag.py:3677} INFO - Setting next_dagrun for example_branch_datetime_operator_3 to 2023-08-27T00:00:00+00:00, run_after=2023-08-28T00:00:00+00:00
[2023-08-28T00:15:32.674+0000] {processor.py:179} INFO - Processing /home/airflow/.local/lib/python3.8/site-packages/airflow/example_dags/example_branch_datetime_operator.py took 0.179 seconds
[2023-08-28T00:16:03.241+0000] {processor.py:157} INFO - Started process (PID=836) to work on /home/airflow/.local/lib/python3.8/site-packages/airflow/example_dags/example_branch_datetime_operator.py
[2023-08-28T00:16:03.244+0000] {processor.py:829} INFO - Processing file /home/airflow/.local/lib/python3.8/site-packages/airflow/example_dags/example_branch_datetime_operator.py for tasks to queue
[2023-08-28T00:16:03.251+0000] {logging_mixin.py:151} INFO - [2023-08-28T00:16:03.250+0000] {dagbag.py:539} INFO - Filling up the DagBag from /home/airflow/.local/lib/python3.8/site-packages/airflow/example_dags/example_branch_datetime_operator.py
[2023-08-28T00:16:03.295+0000] {processor.py:839} INFO - DAG(s) dict_keys(['example_branch_datetime_operator_2', 'example_branch_datetime_operator_3', 'example_branch_datetime_operator']) retrieved from /home/airflow/.local/lib/python3.8/site-packages/airflow/example_dags/example_branch_datetime_operator.py
[2023-08-28T00:16:03.437+0000] {logging_mixin.py:151} INFO - [2023-08-28T00:16:03.437+0000] {dag.py:2907} INFO - Sync 3 DAGs
[2023-08-28T00:16:03.516+0000] {logging_mixin.py:151} INFO - [2023-08-28T00:16:03.516+0000] {dag.py:3677} INFO - Setting next_dagrun for example_branch_datetime_operator to 2023-08-27T00:00:00+00:00, run_after=2023-08-28T00:00:00+00:00
[2023-08-28T00:16:03.525+0000] {logging_mixin.py:151} INFO - [2023-08-28T00:16:03.525+0000] {dag.py:3677} INFO - Setting next_dagrun for example_branch_datetime_operator_2 to 2023-08-27T00:00:00+00:00, run_after=2023-08-28T00:00:00+00:00
[2023-08-28T00:16:03.531+0000] {logging_mixin.py:151} INFO - [2023-08-28T00:16:03.530+0000] {dag.py:3677} INFO - Setting next_dagrun for example_branch_datetime_operator_3 to 2023-08-27T00:00:00+00:00, run_after=2023-08-28T00:00:00+00:00
[2023-08-28T00:16:03.567+0000] {processor.py:179} INFO - Processing /home/airflow/.local/lib/python3.8/site-packages/airflow/example_dags/example_branch_datetime_operator.py took 0.330 seconds
[2023-08-28T00:16:33.717+0000] {processor.py:157} INFO - Started process (PID=891) to work on /home/airflow/.local/lib/python3.8/site-packages/airflow/example_dags/example_branch_datetime_operator.py
[2023-08-28T00:16:33.719+0000] {processor.py:829} INFO - Processing file /home/airflow/.local/lib/python3.8/site-packages/airflow/example_dags/example_branch_datetime_operator.py for tasks to queue
[2023-08-28T00:16:33.724+0000] {logging_mixin.py:151} INFO - [2023-08-28T00:16:33.724+0000] {dagbag.py:539} INFO - Filling up the DagBag from /home/airflow/.local/lib/python3.8/site-packages/airflow/example_dags/example_branch_datetime_operator.py
[2023-08-28T00:16:33.750+0000] {processor.py:839} INFO - DAG(s) dict_keys(['example_branch_datetime_operator_3', 'example_branch_datetime_operator', 'example_branch_datetime_operator_2']) retrieved from /home/airflow/.local/lib/python3.8/site-packages/airflow/example_dags/example_branch_datetime_operator.py
[2023-08-28T00:16:33.900+0000] {logging_mixin.py:151} INFO - [2023-08-28T00:16:33.899+0000] {dag.py:2907} INFO - Sync 3 DAGs
[2023-08-28T00:16:33.972+0000] {logging_mixin.py:151} INFO - [2023-08-28T00:16:33.972+0000] {dag.py:3677} INFO - Setting next_dagrun for example_branch_datetime_operator to 2023-08-27T00:00:00+00:00, run_after=2023-08-28T00:00:00+00:00
[2023-08-28T00:16:33.981+0000] {logging_mixin.py:151} INFO - [2023-08-28T00:16:33.981+0000] {dag.py:3677} INFO - Setting next_dagrun for example_branch_datetime_operator_2 to 2023-08-27T00:00:00+00:00, run_after=2023-08-28T00:00:00+00:00
[2023-08-28T00:16:33.986+0000] {logging_mixin.py:151} INFO - [2023-08-28T00:16:33.986+0000] {dag.py:3677} INFO - Setting next_dagrun for example_branch_datetime_operator_3 to 2023-08-27T00:00:00+00:00, run_after=2023-08-28T00:00:00+00:00
[2023-08-28T00:16:34.022+0000] {processor.py:179} INFO - Processing /home/airflow/.local/lib/python3.8/site-packages/airflow/example_dags/example_branch_datetime_operator.py took 0.311 seconds
[2023-08-28T00:17:04.067+0000] {processor.py:157} INFO - Started process (PID=947) to work on /home/airflow/.local/lib/python3.8/site-packages/airflow/example_dags/example_branch_datetime_operator.py
[2023-08-28T00:17:04.069+0000] {processor.py:829} INFO - Processing file /home/airflow/.local/lib/python3.8/site-packages/airflow/example_dags/example_branch_datetime_operator.py for tasks to queue
[2023-08-28T00:17:04.072+0000] {logging_mixin.py:151} INFO - [2023-08-28T00:17:04.072+0000] {dagbag.py:539} INFO - Filling up the DagBag from /home/airflow/.local/lib/python3.8/site-packages/airflow/example_dags/example_branch_datetime_operator.py
[2023-08-28T00:17:04.091+0000] {processor.py:839} INFO - DAG(s) dict_keys(['example_branch_datetime_operator_3', 'example_branch_datetime_operator', 'example_branch_datetime_operator_2']) retrieved from /home/airflow/.local/lib/python3.8/site-packages/airflow/example_dags/example_branch_datetime_operator.py
[2023-08-28T00:17:04.190+0000] {logging_mixin.py:151} INFO - [2023-08-28T00:17:04.189+0000] {dag.py:2907} INFO - Sync 3 DAGs
[2023-08-28T00:17:04.232+0000] {logging_mixin.py:151} INFO - [2023-08-28T00:17:04.232+0000] {dag.py:3677} INFO - Setting next_dagrun for example_branch_datetime_operator to 2023-08-27T00:00:00+00:00, run_after=2023-08-28T00:00:00+00:00
[2023-08-28T00:17:04.239+0000] {logging_mixin.py:151} INFO - [2023-08-28T00:17:04.238+0000] {dag.py:3677} INFO - Setting next_dagrun for example_branch_datetime_operator_2 to 2023-08-27T00:00:00+00:00, run_after=2023-08-28T00:00:00+00:00
[2023-08-28T00:17:04.245+0000] {logging_mixin.py:151} INFO - [2023-08-28T00:17:04.245+0000] {dag.py:3677} INFO - Setting next_dagrun for example_branch_datetime_operator_3 to 2023-08-27T00:00:00+00:00, run_after=2023-08-28T00:00:00+00:00
[2023-08-28T00:17:04.268+0000] {processor.py:179} INFO - Processing /home/airflow/.local/lib/python3.8/site-packages/airflow/example_dags/example_branch_datetime_operator.py took 0.205 seconds
[2023-08-28T00:17:35.006+0000] {processor.py:157} INFO - Started process (PID=1001) to work on /home/airflow/.local/lib/python3.8/site-packages/airflow/example_dags/example_branch_datetime_operator.py
[2023-08-28T00:17:35.018+0000] {processor.py:829} INFO - Processing file /home/airflow/.local/lib/python3.8/site-packages/airflow/example_dags/example_branch_datetime_operator.py for tasks to queue
[2023-08-28T00:17:35.034+0000] {logging_mixin.py:151} INFO - [2023-08-28T00:17:35.033+0000] {dagbag.py:539} INFO - Filling up the DagBag from /home/airflow/.local/lib/python3.8/site-packages/airflow/example_dags/example_branch_datetime_operator.py
[2023-08-28T00:17:35.066+0000] {processor.py:839} INFO - DAG(s) dict_keys(['example_branch_datetime_operator_2', 'example_branch_datetime_operator_3', 'example_branch_datetime_operator']) retrieved from /home/airflow/.local/lib/python3.8/site-packages/airflow/example_dags/example_branch_datetime_operator.py
[2023-08-28T00:17:35.310+0000] {logging_mixin.py:151} INFO - [2023-08-28T00:17:35.309+0000] {dag.py:2907} INFO - Sync 3 DAGs
[2023-08-28T00:17:35.441+0000] {logging_mixin.py:151} INFO - [2023-08-28T00:17:35.441+0000] {dag.py:3677} INFO - Setting next_dagrun for example_branch_datetime_operator to 2023-08-27T00:00:00+00:00, run_after=2023-08-28T00:00:00+00:00
[2023-08-28T00:17:35.450+0000] {logging_mixin.py:151} INFO - [2023-08-28T00:17:35.450+0000] {dag.py:3677} INFO - Setting next_dagrun for example_branch_datetime_operator_2 to 2023-08-27T00:00:00+00:00, run_after=2023-08-28T00:00:00+00:00
[2023-08-28T00:17:35.458+0000] {logging_mixin.py:151} INFO - [2023-08-28T00:17:35.458+0000] {dag.py:3677} INFO - Setting next_dagrun for example_branch_datetime_operator_3 to 2023-08-27T00:00:00+00:00, run_after=2023-08-28T00:00:00+00:00
[2023-08-28T00:17:35.510+0000] {processor.py:179} INFO - Processing /home/airflow/.local/lib/python3.8/site-packages/airflow/example_dags/example_branch_datetime_operator.py took 0.515 seconds
[2023-08-28T00:18:07.723+0000] {processor.py:157} INFO - Started process (PID=1056) to work on /home/airflow/.local/lib/python3.8/site-packages/airflow/example_dags/example_branch_datetime_operator.py
[2023-08-28T00:18:07.727+0000] {processor.py:829} INFO - Processing file /home/airflow/.local/lib/python3.8/site-packages/airflow/example_dags/example_branch_datetime_operator.py for tasks to queue
[2023-08-28T00:18:07.733+0000] {logging_mixin.py:151} INFO - [2023-08-28T00:18:07.732+0000] {dagbag.py:539} INFO - Filling up the DagBag from /home/airflow/.local/lib/python3.8/site-packages/airflow/example_dags/example_branch_datetime_operator.py
[2023-08-28T00:18:07.754+0000] {processor.py:839} INFO - DAG(s) dict_keys(['example_branch_datetime_operator_2', 'example_branch_datetime_operator_3', 'example_branch_datetime_operator']) retrieved from /home/airflow/.local/lib/python3.8/site-packages/airflow/example_dags/example_branch_datetime_operator.py
[2023-08-28T00:18:07.857+0000] {logging_mixin.py:151} INFO - [2023-08-28T00:18:07.857+0000] {dag.py:2907} INFO - Sync 3 DAGs
[2023-08-28T00:18:07.917+0000] {logging_mixin.py:151} INFO - [2023-08-28T00:18:07.917+0000] {dag.py:3677} INFO - Setting next_dagrun for example_branch_datetime_operator to 2023-08-27T00:00:00+00:00, run_after=2023-08-28T00:00:00+00:00
[2023-08-28T00:18:07.926+0000] {logging_mixin.py:151} INFO - [2023-08-28T00:18:07.925+0000] {dag.py:3677} INFO - Setting next_dagrun for example_branch_datetime_operator_2 to 2023-08-27T00:00:00+00:00, run_after=2023-08-28T00:00:00+00:00
[2023-08-28T00:18:07.930+0000] {logging_mixin.py:151} INFO - [2023-08-28T00:18:07.930+0000] {dag.py:3677} INFO - Setting next_dagrun for example_branch_datetime_operator_3 to 2023-08-27T00:00:00+00:00, run_after=2023-08-28T00:00:00+00:00
[2023-08-28T00:18:07.971+0000] {processor.py:179} INFO - Processing /home/airflow/.local/lib/python3.8/site-packages/airflow/example_dags/example_branch_datetime_operator.py took 0.252 seconds
[2023-08-28T00:18:38.153+0000] {processor.py:157} INFO - Started process (PID=1110) to work on /home/airflow/.local/lib/python3.8/site-packages/airflow/example_dags/example_branch_datetime_operator.py
[2023-08-28T00:18:38.155+0000] {processor.py:829} INFO - Processing file /home/airflow/.local/lib/python3.8/site-packages/airflow/example_dags/example_branch_datetime_operator.py for tasks to queue
[2023-08-28T00:18:38.158+0000] {logging_mixin.py:151} INFO - [2023-08-28T00:18:38.158+0000] {dagbag.py:539} INFO - Filling up the DagBag from /home/airflow/.local/lib/python3.8/site-packages/airflow/example_dags/example_branch_datetime_operator.py
[2023-08-28T00:18:38.177+0000] {processor.py:839} INFO - DAG(s) dict_keys(['example_branch_datetime_operator_3', 'example_branch_datetime_operator', 'example_branch_datetime_operator_2']) retrieved from /home/airflow/.local/lib/python3.8/site-packages/airflow/example_dags/example_branch_datetime_operator.py
[2023-08-28T00:18:38.263+0000] {logging_mixin.py:151} INFO - [2023-08-28T00:18:38.263+0000] {dag.py:2907} INFO - Sync 3 DAGs
[2023-08-28T00:18:38.304+0000] {logging_mixin.py:151} INFO - [2023-08-28T00:18:38.304+0000] {dag.py:3677} INFO - Setting next_dagrun for example_branch_datetime_operator to 2023-08-27T00:00:00+00:00, run_after=2023-08-28T00:00:00+00:00
[2023-08-28T00:18:38.310+0000] {logging_mixin.py:151} INFO - [2023-08-28T00:18:38.310+0000] {dag.py:3677} INFO - Setting next_dagrun for example_branch_datetime_operator_2 to 2023-08-27T00:00:00+00:00, run_after=2023-08-28T00:00:00+00:00
[2023-08-28T00:18:38.314+0000] {logging_mixin.py:151} INFO - [2023-08-28T00:18:38.314+0000] {dag.py:3677} INFO - Setting next_dagrun for example_branch_datetime_operator_3 to 2023-08-27T00:00:00+00:00, run_after=2023-08-28T00:00:00+00:00
[2023-08-28T00:18:38.337+0000] {processor.py:179} INFO - Processing /home/airflow/.local/lib/python3.8/site-packages/airflow/example_dags/example_branch_datetime_operator.py took 0.188 seconds
[2023-08-28T00:19:09.415+0000] {processor.py:157} INFO - Started process (PID=1165) to work on /home/airflow/.local/lib/python3.8/site-packages/airflow/example_dags/example_branch_datetime_operator.py
[2023-08-28T00:19:09.418+0000] {processor.py:829} INFO - Processing file /home/airflow/.local/lib/python3.8/site-packages/airflow/example_dags/example_branch_datetime_operator.py for tasks to queue
[2023-08-28T00:19:09.424+0000] {logging_mixin.py:151} INFO - [2023-08-28T00:19:09.422+0000] {dagbag.py:539} INFO - Filling up the DagBag from /home/airflow/.local/lib/python3.8/site-packages/airflow/example_dags/example_branch_datetime_operator.py
[2023-08-28T00:19:09.447+0000] {processor.py:839} INFO - DAG(s) dict_keys(['example_branch_datetime_operator', 'example_branch_datetime_operator_2', 'example_branch_datetime_operator_3']) retrieved from /home/airflow/.local/lib/python3.8/site-packages/airflow/example_dags/example_branch_datetime_operator.py
[2023-08-28T00:19:09.558+0000] {logging_mixin.py:151} INFO - [2023-08-28T00:19:09.557+0000] {dag.py:2907} INFO - Sync 3 DAGs
[2023-08-28T00:19:09.609+0000] {logging_mixin.py:151} INFO - [2023-08-28T00:19:09.609+0000] {dag.py:3677} INFO - Setting next_dagrun for example_branch_datetime_operator to 2023-08-27T00:00:00+00:00, run_after=2023-08-28T00:00:00+00:00
[2023-08-28T00:19:09.616+0000] {logging_mixin.py:151} INFO - [2023-08-28T00:19:09.615+0000] {dag.py:3677} INFO - Setting next_dagrun for example_branch_datetime_operator_2 to 2023-08-27T00:00:00+00:00, run_after=2023-08-28T00:00:00+00:00
[2023-08-28T00:19:09.620+0000] {logging_mixin.py:151} INFO - [2023-08-28T00:19:09.620+0000] {dag.py:3677} INFO - Setting next_dagrun for example_branch_datetime_operator_3 to 2023-08-27T00:00:00+00:00, run_after=2023-08-28T00:00:00+00:00
[2023-08-28T00:19:09.658+0000] {processor.py:179} INFO - Processing /home/airflow/.local/lib/python3.8/site-packages/airflow/example_dags/example_branch_datetime_operator.py took 0.246 seconds
[2023-08-28T00:19:39.750+0000] {processor.py:157} INFO - Started process (PID=1220) to work on /home/airflow/.local/lib/python3.8/site-packages/airflow/example_dags/example_branch_datetime_operator.py
[2023-08-28T00:19:39.752+0000] {processor.py:829} INFO - Processing file /home/airflow/.local/lib/python3.8/site-packages/airflow/example_dags/example_branch_datetime_operator.py for tasks to queue
[2023-08-28T00:19:39.754+0000] {logging_mixin.py:151} INFO - [2023-08-28T00:19:39.754+0000] {dagbag.py:539} INFO - Filling up the DagBag from /home/airflow/.local/lib/python3.8/site-packages/airflow/example_dags/example_branch_datetime_operator.py
[2023-08-28T00:19:39.769+0000] {processor.py:839} INFO - DAG(s) dict_keys(['example_branch_datetime_operator_3', 'example_branch_datetime_operator_2', 'example_branch_datetime_operator']) retrieved from /home/airflow/.local/lib/python3.8/site-packages/airflow/example_dags/example_branch_datetime_operator.py
[2023-08-28T00:19:39.849+0000] {logging_mixin.py:151} INFO - [2023-08-28T00:19:39.849+0000] {dag.py:2907} INFO - Sync 3 DAGs
[2023-08-28T00:19:39.889+0000] {logging_mixin.py:151} INFO - [2023-08-28T00:19:39.888+0000] {dag.py:3677} INFO - Setting next_dagrun for example_branch_datetime_operator to 2023-08-27T00:00:00+00:00, run_after=2023-08-28T00:00:00+00:00
[2023-08-28T00:19:39.898+0000] {logging_mixin.py:151} INFO - [2023-08-28T00:19:39.898+0000] {dag.py:3677} INFO - Setting next_dagrun for example_branch_datetime_operator_2 to 2023-08-27T00:00:00+00:00, run_after=2023-08-28T00:00:00+00:00
[2023-08-28T00:19:39.904+0000] {logging_mixin.py:151} INFO - [2023-08-28T00:19:39.904+0000] {dag.py:3677} INFO - Setting next_dagrun for example_branch_datetime_operator_3 to 2023-08-27T00:00:00+00:00, run_after=2023-08-28T00:00:00+00:00
[2023-08-28T00:19:39.938+0000] {processor.py:179} INFO - Processing /home/airflow/.local/lib/python3.8/site-packages/airflow/example_dags/example_branch_datetime_operator.py took 0.191 seconds
[2023-08-28T00:20:10.793+0000] {processor.py:157} INFO - Started process (PID=1275) to work on /home/airflow/.local/lib/python3.8/site-packages/airflow/example_dags/example_branch_datetime_operator.py
[2023-08-28T00:20:10.795+0000] {processor.py:829} INFO - Processing file /home/airflow/.local/lib/python3.8/site-packages/airflow/example_dags/example_branch_datetime_operator.py for tasks to queue
[2023-08-28T00:20:10.797+0000] {logging_mixin.py:151} INFO - [2023-08-28T00:20:10.797+0000] {dagbag.py:539} INFO - Filling up the DagBag from /home/airflow/.local/lib/python3.8/site-packages/airflow/example_dags/example_branch_datetime_operator.py
[2023-08-28T00:20:10.811+0000] {processor.py:839} INFO - DAG(s) dict_keys(['example_branch_datetime_operator_3', 'example_branch_datetime_operator_2', 'example_branch_datetime_operator']) retrieved from /home/airflow/.local/lib/python3.8/site-packages/airflow/example_dags/example_branch_datetime_operator.py
[2023-08-28T00:20:10.939+0000] {logging_mixin.py:151} INFO - [2023-08-28T00:20:10.939+0000] {dag.py:2907} INFO - Sync 3 DAGs
[2023-08-28T00:20:10.994+0000] {logging_mixin.py:151} INFO - [2023-08-28T00:20:10.993+0000] {dag.py:3677} INFO - Setting next_dagrun for example_branch_datetime_operator to 2023-08-27T00:00:00+00:00, run_after=2023-08-28T00:00:00+00:00
[2023-08-28T00:20:11.000+0000] {logging_mixin.py:151} INFO - [2023-08-28T00:20:10.999+0000] {dag.py:3677} INFO - Setting next_dagrun for example_branch_datetime_operator_2 to 2023-08-27T00:00:00+00:00, run_after=2023-08-28T00:00:00+00:00
[2023-08-28T00:20:11.005+0000] {logging_mixin.py:151} INFO - [2023-08-28T00:20:11.005+0000] {dag.py:3677} INFO - Setting next_dagrun for example_branch_datetime_operator_3 to 2023-08-27T00:00:00+00:00, run_after=2023-08-28T00:00:00+00:00
[2023-08-28T00:20:11.040+0000] {processor.py:179} INFO - Processing /home/airflow/.local/lib/python3.8/site-packages/airflow/example_dags/example_branch_datetime_operator.py took 0.250 seconds
[2023-08-28T00:20:41.408+0000] {processor.py:157} INFO - Started process (PID=1330) to work on /home/airflow/.local/lib/python3.8/site-packages/airflow/example_dags/example_branch_datetime_operator.py
[2023-08-28T00:20:41.410+0000] {processor.py:829} INFO - Processing file /home/airflow/.local/lib/python3.8/site-packages/airflow/example_dags/example_branch_datetime_operator.py for tasks to queue
[2023-08-28T00:20:41.412+0000] {logging_mixin.py:151} INFO - [2023-08-28T00:20:41.412+0000] {dagbag.py:539} INFO - Filling up the DagBag from /home/airflow/.local/lib/python3.8/site-packages/airflow/example_dags/example_branch_datetime_operator.py
[2023-08-28T00:20:41.427+0000] {processor.py:839} INFO - DAG(s) dict_keys(['example_branch_datetime_operator_3', 'example_branch_datetime_operator', 'example_branch_datetime_operator_2']) retrieved from /home/airflow/.local/lib/python3.8/site-packages/airflow/example_dags/example_branch_datetime_operator.py
[2023-08-28T00:20:41.510+0000] {logging_mixin.py:151} INFO - [2023-08-28T00:20:41.510+0000] {dag.py:2907} INFO - Sync 3 DAGs
[2023-08-28T00:20:41.551+0000] {logging_mixin.py:151} INFO - [2023-08-28T00:20:41.551+0000] {dag.py:3677} INFO - Setting next_dagrun for example_branch_datetime_operator to 2023-08-27T00:00:00+00:00, run_after=2023-08-28T00:00:00+00:00
[2023-08-28T00:20:41.558+0000] {logging_mixin.py:151} INFO - [2023-08-28T00:20:41.558+0000] {dag.py:3677} INFO - Setting next_dagrun for example_branch_datetime_operator_2 to 2023-08-27T00:00:00+00:00, run_after=2023-08-28T00:00:00+00:00
[2023-08-28T00:20:41.562+0000] {logging_mixin.py:151} INFO - [2023-08-28T00:20:41.562+0000] {dag.py:3677} INFO - Setting next_dagrun for example_branch_datetime_operator_3 to 2023-08-27T00:00:00+00:00, run_after=2023-08-28T00:00:00+00:00
[2023-08-28T00:20:41.587+0000] {processor.py:179} INFO - Processing /home/airflow/.local/lib/python3.8/site-packages/airflow/example_dags/example_branch_datetime_operator.py took 0.183 seconds
[2023-08-28T00:21:11.782+0000] {processor.py:157} INFO - Started process (PID=1385) to work on /home/airflow/.local/lib/python3.8/site-packages/airflow/example_dags/example_branch_datetime_operator.py
[2023-08-28T00:21:11.784+0000] {processor.py:829} INFO - Processing file /home/airflow/.local/lib/python3.8/site-packages/airflow/example_dags/example_branch_datetime_operator.py for tasks to queue
[2023-08-28T00:21:11.786+0000] {logging_mixin.py:151} INFO - [2023-08-28T00:21:11.786+0000] {dagbag.py:539} INFO - Filling up the DagBag from /home/airflow/.local/lib/python3.8/site-packages/airflow/example_dags/example_branch_datetime_operator.py
[2023-08-28T00:21:11.802+0000] {processor.py:839} INFO - DAG(s) dict_keys(['example_branch_datetime_operator', 'example_branch_datetime_operator_3', 'example_branch_datetime_operator_2']) retrieved from /home/airflow/.local/lib/python3.8/site-packages/airflow/example_dags/example_branch_datetime_operator.py
[2023-08-28T00:21:11.883+0000] {logging_mixin.py:151} INFO - [2023-08-28T00:21:11.883+0000] {dag.py:2907} INFO - Sync 3 DAGs
[2023-08-28T00:21:11.922+0000] {logging_mixin.py:151} INFO - [2023-08-28T00:21:11.922+0000] {dag.py:3677} INFO - Setting next_dagrun for example_branch_datetime_operator to 2023-08-27T00:00:00+00:00, run_after=2023-08-28T00:00:00+00:00
[2023-08-28T00:21:11.927+0000] {logging_mixin.py:151} INFO - [2023-08-28T00:21:11.927+0000] {dag.py:3677} INFO - Setting next_dagrun for example_branch_datetime_operator_2 to 2023-08-27T00:00:00+00:00, run_after=2023-08-28T00:00:00+00:00
[2023-08-28T00:21:11.931+0000] {logging_mixin.py:151} INFO - [2023-08-28T00:21:11.931+0000] {dag.py:3677} INFO - Setting next_dagrun for example_branch_datetime_operator_3 to 2023-08-27T00:00:00+00:00, run_after=2023-08-28T00:00:00+00:00
[2023-08-28T00:21:11.955+0000] {processor.py:179} INFO - Processing /home/airflow/.local/lib/python3.8/site-packages/airflow/example_dags/example_branch_datetime_operator.py took 0.176 seconds
[2023-08-28T00:21:43.147+0000] {processor.py:157} INFO - Started process (PID=1440) to work on /home/airflow/.local/lib/python3.8/site-packages/airflow/example_dags/example_branch_datetime_operator.py
[2023-08-28T00:21:43.151+0000] {processor.py:829} INFO - Processing file /home/airflow/.local/lib/python3.8/site-packages/airflow/example_dags/example_branch_datetime_operator.py for tasks to queue
[2023-08-28T00:21:43.156+0000] {logging_mixin.py:151} INFO - [2023-08-28T00:21:43.156+0000] {dagbag.py:539} INFO - Filling up the DagBag from /home/airflow/.local/lib/python3.8/site-packages/airflow/example_dags/example_branch_datetime_operator.py
[2023-08-28T00:21:43.215+0000] {processor.py:839} INFO - DAG(s) dict_keys(['example_branch_datetime_operator_3', 'example_branch_datetime_operator_2', 'example_branch_datetime_operator']) retrieved from /home/airflow/.local/lib/python3.8/site-packages/airflow/example_dags/example_branch_datetime_operator.py
[2023-08-28T00:21:43.397+0000] {logging_mixin.py:151} INFO - [2023-08-28T00:21:43.397+0000] {dag.py:2907} INFO - Sync 3 DAGs
[2023-08-28T00:21:43.479+0000] {logging_mixin.py:151} INFO - [2023-08-28T00:21:43.479+0000] {dag.py:3677} INFO - Setting next_dagrun for example_branch_datetime_operator to 2023-08-27T00:00:00+00:00, run_after=2023-08-28T00:00:00+00:00
[2023-08-28T00:21:43.490+0000] {logging_mixin.py:151} INFO - [2023-08-28T00:21:43.490+0000] {dag.py:3677} INFO - Setting next_dagrun for example_branch_datetime_operator_2 to 2023-08-27T00:00:00+00:00, run_after=2023-08-28T00:00:00+00:00
[2023-08-28T00:21:43.496+0000] {logging_mixin.py:151} INFO - [2023-08-28T00:21:43.496+0000] {dag.py:3677} INFO - Setting next_dagrun for example_branch_datetime_operator_3 to 2023-08-27T00:00:00+00:00, run_after=2023-08-28T00:00:00+00:00
[2023-08-28T00:21:43.546+0000] {processor.py:179} INFO - Processing /home/airflow/.local/lib/python3.8/site-packages/airflow/example_dags/example_branch_datetime_operator.py took 0.403 seconds
