[2023-08-28T00:02:02.881+0000] {processor.py:157} INFO - Started process (PID=56) to work on /home/airflow/.local/lib/python3.8/site-packages/airflow/example_dags/example_setup_teardown_taskflow.py
[2023-08-28T00:02:02.884+0000] {processor.py:829} INFO - Processing file /home/airflow/.local/lib/python3.8/site-packages/airflow/example_dags/example_setup_teardown_taskflow.py for tasks to queue
[2023-08-28T00:02:02.889+0000] {logging_mixin.py:151} INFO - [2023-08-28T00:02:02.889+0000] {dagbag.py:539} INFO - Filling up the DagBag from /home/airflow/.local/lib/python3.8/site-packages/airflow/example_dags/example_setup_teardown_taskflow.py
[2023-08-28T00:02:02.911+0000] {processor.py:839} INFO - DAG(s) dict_keys(['example_setup_teardown_taskflow']) retrieved from /home/airflow/.local/lib/python3.8/site-packages/airflow/example_dags/example_setup_teardown_taskflow.py
[2023-08-28T00:02:03.192+0000] {logging_mixin.py:151} INFO - [2023-08-28T00:02:03.192+0000] {manager.py:501} INFO - Created Permission View: can edit on DAG:example_setup_teardown_taskflow
[2023-08-28T00:02:03.210+0000] {logging_mixin.py:151} INFO - [2023-08-28T00:02:03.210+0000] {manager.py:501} INFO - Created Permission View: can delete on DAG:example_setup_teardown_taskflow
[2023-08-28T00:02:03.217+0000] {logging_mixin.py:151} INFO - [2023-08-28T00:02:03.217+0000] {manager.py:501} INFO - Created Permission View: can read on DAG:example_setup_teardown_taskflow
[2023-08-28T00:02:03.236+0000] {logging_mixin.py:151} INFO - [2023-08-28T00:02:03.236+0000] {dag.py:2907} INFO - Sync 1 DAGs
[2023-08-28T00:02:03.247+0000] {logging_mixin.py:151} INFO - [2023-08-28T00:02:03.247+0000] {dag.py:2929} INFO - Creating ORM DAG for example_setup_teardown_taskflow
[2023-08-28T00:02:03.270+0000] {logging_mixin.py:151} INFO - [2023-08-28T00:02:03.270+0000] {dag.py:3677} INFO - Setting next_dagrun for example_setup_teardown_taskflow to 2023-08-27T00:02:03.268573+00:00, run_after=2023-08-28T00:02:03.268573+00:00
[2023-08-28T00:02:03.293+0000] {processor.py:179} INFO - Processing /home/airflow/.local/lib/python3.8/site-packages/airflow/example_dags/example_setup_teardown_taskflow.py took 0.416 seconds
[2023-08-28T00:02:33.427+0000] {processor.py:157} INFO - Started process (PID=111) to work on /home/airflow/.local/lib/python3.8/site-packages/airflow/example_dags/example_setup_teardown_taskflow.py
[2023-08-28T00:02:33.428+0000] {processor.py:829} INFO - Processing file /home/airflow/.local/lib/python3.8/site-packages/airflow/example_dags/example_setup_teardown_taskflow.py for tasks to queue
[2023-08-28T00:02:33.430+0000] {logging_mixin.py:151} INFO - [2023-08-28T00:02:33.430+0000] {dagbag.py:539} INFO - Filling up the DagBag from /home/airflow/.local/lib/python3.8/site-packages/airflow/example_dags/example_setup_teardown_taskflow.py
[2023-08-28T00:02:33.449+0000] {processor.py:839} INFO - DAG(s) dict_keys(['example_setup_teardown_taskflow']) retrieved from /home/airflow/.local/lib/python3.8/site-packages/airflow/example_dags/example_setup_teardown_taskflow.py
[2023-08-28T00:02:33.607+0000] {logging_mixin.py:151} INFO - [2023-08-28T00:02:33.607+0000] {dag.py:2907} INFO - Sync 1 DAGs
[2023-08-28T00:02:33.640+0000] {logging_mixin.py:151} INFO - [2023-08-28T00:02:33.639+0000] {dag.py:3677} INFO - Setting next_dagrun for example_setup_teardown_taskflow to 2023-08-27T00:02:33.639312+00:00, run_after=2023-08-28T00:02:33.639312+00:00
[2023-08-28T00:02:33.664+0000] {processor.py:179} INFO - Processing /home/airflow/.local/lib/python3.8/site-packages/airflow/example_dags/example_setup_teardown_taskflow.py took 0.240 seconds
[2023-08-28T00:03:03.803+0000] {processor.py:157} INFO - Started process (PID=166) to work on /home/airflow/.local/lib/python3.8/site-packages/airflow/example_dags/example_setup_teardown_taskflow.py
[2023-08-28T00:03:03.805+0000] {processor.py:829} INFO - Processing file /home/airflow/.local/lib/python3.8/site-packages/airflow/example_dags/example_setup_teardown_taskflow.py for tasks to queue
[2023-08-28T00:03:03.807+0000] {logging_mixin.py:151} INFO - [2023-08-28T00:03:03.807+0000] {dagbag.py:539} INFO - Filling up the DagBag from /home/airflow/.local/lib/python3.8/site-packages/airflow/example_dags/example_setup_teardown_taskflow.py
[2023-08-28T00:03:03.819+0000] {processor.py:839} INFO - DAG(s) dict_keys(['example_setup_teardown_taskflow']) retrieved from /home/airflow/.local/lib/python3.8/site-packages/airflow/example_dags/example_setup_teardown_taskflow.py
[2023-08-28T00:03:03.890+0000] {logging_mixin.py:151} INFO - [2023-08-28T00:03:03.890+0000] {dag.py:2907} INFO - Sync 1 DAGs
[2023-08-28T00:03:03.924+0000] {logging_mixin.py:151} INFO - [2023-08-28T00:03:03.924+0000] {dag.py:3677} INFO - Setting next_dagrun for example_setup_teardown_taskflow to 2023-08-27T00:03:03.923886+00:00, run_after=2023-08-28T00:03:03.923886+00:00
[2023-08-28T00:03:03.950+0000] {processor.py:179} INFO - Processing /home/airflow/.local/lib/python3.8/site-packages/airflow/example_dags/example_setup_teardown_taskflow.py took 0.150 seconds
[2023-08-28T00:03:34.194+0000] {processor.py:157} INFO - Started process (PID=220) to work on /home/airflow/.local/lib/python3.8/site-packages/airflow/example_dags/example_setup_teardown_taskflow.py
[2023-08-28T00:03:34.195+0000] {processor.py:829} INFO - Processing file /home/airflow/.local/lib/python3.8/site-packages/airflow/example_dags/example_setup_teardown_taskflow.py for tasks to queue
[2023-08-28T00:03:34.198+0000] {logging_mixin.py:151} INFO - [2023-08-28T00:03:34.197+0000] {dagbag.py:539} INFO - Filling up the DagBag from /home/airflow/.local/lib/python3.8/site-packages/airflow/example_dags/example_setup_teardown_taskflow.py
[2023-08-28T00:03:34.210+0000] {processor.py:839} INFO - DAG(s) dict_keys(['example_setup_teardown_taskflow']) retrieved from /home/airflow/.local/lib/python3.8/site-packages/airflow/example_dags/example_setup_teardown_taskflow.py
[2023-08-28T00:03:34.288+0000] {logging_mixin.py:151} INFO - [2023-08-28T00:03:34.288+0000] {dag.py:2907} INFO - Sync 1 DAGs
[2023-08-28T00:03:34.324+0000] {logging_mixin.py:151} INFO - [2023-08-28T00:03:34.323+0000] {dag.py:3677} INFO - Setting next_dagrun for example_setup_teardown_taskflow to 2023-08-27T00:03:34.323230+00:00, run_after=2023-08-28T00:03:34.323230+00:00
[2023-08-28T00:03:34.348+0000] {processor.py:179} INFO - Processing /home/airflow/.local/lib/python3.8/site-packages/airflow/example_dags/example_setup_teardown_taskflow.py took 0.157 seconds
[2023-08-28T00:04:05.004+0000] {processor.py:157} INFO - Started process (PID=275) to work on /home/airflow/.local/lib/python3.8/site-packages/airflow/example_dags/example_setup_teardown_taskflow.py
[2023-08-28T00:04:05.006+0000] {processor.py:829} INFO - Processing file /home/airflow/.local/lib/python3.8/site-packages/airflow/example_dags/example_setup_teardown_taskflow.py for tasks to queue
[2023-08-28T00:04:05.009+0000] {logging_mixin.py:151} INFO - [2023-08-28T00:04:05.009+0000] {dagbag.py:539} INFO - Filling up the DagBag from /home/airflow/.local/lib/python3.8/site-packages/airflow/example_dags/example_setup_teardown_taskflow.py
[2023-08-28T00:04:05.021+0000] {processor.py:839} INFO - DAG(s) dict_keys(['example_setup_teardown_taskflow']) retrieved from /home/airflow/.local/lib/python3.8/site-packages/airflow/example_dags/example_setup_teardown_taskflow.py
[2023-08-28T00:04:05.125+0000] {logging_mixin.py:151} INFO - [2023-08-28T00:04:05.124+0000] {dag.py:2907} INFO - Sync 1 DAGs
[2023-08-28T00:04:05.190+0000] {logging_mixin.py:151} INFO - [2023-08-28T00:04:05.190+0000] {dag.py:3677} INFO - Setting next_dagrun for example_setup_teardown_taskflow to 2023-08-27T00:04:05.189362+00:00, run_after=2023-08-28T00:04:05.189362+00:00
[2023-08-28T00:04:05.231+0000] {processor.py:179} INFO - Processing /home/airflow/.local/lib/python3.8/site-packages/airflow/example_dags/example_setup_teardown_taskflow.py took 0.231 seconds
[2023-08-28T00:04:36.358+0000] {processor.py:157} INFO - Started process (PID=330) to work on /home/airflow/.local/lib/python3.8/site-packages/airflow/example_dags/example_setup_teardown_taskflow.py
[2023-08-28T00:04:36.360+0000] {processor.py:829} INFO - Processing file /home/airflow/.local/lib/python3.8/site-packages/airflow/example_dags/example_setup_teardown_taskflow.py for tasks to queue
[2023-08-28T00:04:36.364+0000] {logging_mixin.py:151} INFO - [2023-08-28T00:04:36.363+0000] {dagbag.py:539} INFO - Filling up the DagBag from /home/airflow/.local/lib/python3.8/site-packages/airflow/example_dags/example_setup_teardown_taskflow.py
[2023-08-28T00:04:36.376+0000] {processor.py:839} INFO - DAG(s) dict_keys(['example_setup_teardown_taskflow']) retrieved from /home/airflow/.local/lib/python3.8/site-packages/airflow/example_dags/example_setup_teardown_taskflow.py
[2023-08-28T00:04:36.457+0000] {logging_mixin.py:151} INFO - [2023-08-28T00:04:36.457+0000] {dag.py:2907} INFO - Sync 1 DAGs
[2023-08-28T00:04:36.494+0000] {logging_mixin.py:151} INFO - [2023-08-28T00:04:36.493+0000] {dag.py:3677} INFO - Setting next_dagrun for example_setup_teardown_taskflow to 2023-08-27T00:04:36.493087+00:00, run_after=2023-08-28T00:04:36.493087+00:00
[2023-08-28T00:04:36.521+0000] {processor.py:179} INFO - Processing /home/airflow/.local/lib/python3.8/site-packages/airflow/example_dags/example_setup_teardown_taskflow.py took 0.165 seconds
[2023-08-28T00:05:06.748+0000] {processor.py:157} INFO - Started process (PID=385) to work on /home/airflow/.local/lib/python3.8/site-packages/airflow/example_dags/example_setup_teardown_taskflow.py
[2023-08-28T00:05:06.750+0000] {processor.py:829} INFO - Processing file /home/airflow/.local/lib/python3.8/site-packages/airflow/example_dags/example_setup_teardown_taskflow.py for tasks to queue
[2023-08-28T00:05:06.752+0000] {logging_mixin.py:151} INFO - [2023-08-28T00:05:06.752+0000] {dagbag.py:539} INFO - Filling up the DagBag from /home/airflow/.local/lib/python3.8/site-packages/airflow/example_dags/example_setup_teardown_taskflow.py
[2023-08-28T00:05:06.764+0000] {processor.py:839} INFO - DAG(s) dict_keys(['example_setup_teardown_taskflow']) retrieved from /home/airflow/.local/lib/python3.8/site-packages/airflow/example_dags/example_setup_teardown_taskflow.py
[2023-08-28T00:05:06.840+0000] {logging_mixin.py:151} INFO - [2023-08-28T00:05:06.840+0000] {dag.py:2907} INFO - Sync 1 DAGs
[2023-08-28T00:05:06.874+0000] {logging_mixin.py:151} INFO - [2023-08-28T00:05:06.874+0000] {dag.py:3677} INFO - Setting next_dagrun for example_setup_teardown_taskflow to 2023-08-27T00:05:06.873665+00:00, run_after=2023-08-28T00:05:06.873665+00:00
[2023-08-28T00:05:06.901+0000] {processor.py:179} INFO - Processing /home/airflow/.local/lib/python3.8/site-packages/airflow/example_dags/example_setup_teardown_taskflow.py took 0.155 seconds
[2023-08-28T00:08:49.048+0000] {processor.py:157} INFO - Started process (PID=64) to work on /home/airflow/.local/lib/python3.8/site-packages/airflow/example_dags/example_setup_teardown_taskflow.py
[2023-08-28T00:08:49.051+0000] {processor.py:829} INFO - Processing file /home/airflow/.local/lib/python3.8/site-packages/airflow/example_dags/example_setup_teardown_taskflow.py for tasks to queue
[2023-08-28T00:08:49.056+0000] {logging_mixin.py:151} INFO - [2023-08-28T00:08:49.055+0000] {dagbag.py:539} INFO - Filling up the DagBag from /home/airflow/.local/lib/python3.8/site-packages/airflow/example_dags/example_setup_teardown_taskflow.py
[2023-08-28T00:08:49.072+0000] {processor.py:839} INFO - DAG(s) dict_keys(['example_setup_teardown_taskflow']) retrieved from /home/airflow/.local/lib/python3.8/site-packages/airflow/example_dags/example_setup_teardown_taskflow.py
[2023-08-28T00:08:49.211+0000] {logging_mixin.py:151} INFO - [2023-08-28T00:08:49.209+0000] {dag.py:2907} INFO - Sync 1 DAGs
[2023-08-28T00:08:49.316+0000] {logging_mixin.py:151} INFO - [2023-08-28T00:08:49.315+0000] {dag.py:3677} INFO - Setting next_dagrun for example_setup_teardown_taskflow to 2023-08-27T00:08:49.314974+00:00, run_after=2023-08-28T00:08:49.314974+00:00
[2023-08-28T00:08:49.564+0000] {processor.py:179} INFO - Processing /home/airflow/.local/lib/python3.8/site-packages/airflow/example_dags/example_setup_teardown_taskflow.py took 0.521 seconds
[2023-08-28T00:09:20.454+0000] {processor.py:157} INFO - Started process (PID=119) to work on /home/airflow/.local/lib/python3.8/site-packages/airflow/example_dags/example_setup_teardown_taskflow.py
[2023-08-28T00:09:20.487+0000] {processor.py:829} INFO - Processing file /home/airflow/.local/lib/python3.8/site-packages/airflow/example_dags/example_setup_teardown_taskflow.py for tasks to queue
[2023-08-28T00:09:20.501+0000] {logging_mixin.py:151} INFO - [2023-08-28T00:09:20.500+0000] {dagbag.py:539} INFO - Filling up the DagBag from /home/airflow/.local/lib/python3.8/site-packages/airflow/example_dags/example_setup_teardown_taskflow.py
[2023-08-28T00:09:20.695+0000] {processor.py:839} INFO - DAG(s) dict_keys(['example_setup_teardown_taskflow']) retrieved from /home/airflow/.local/lib/python3.8/site-packages/airflow/example_dags/example_setup_teardown_taskflow.py
[2023-08-28T00:09:20.922+0000] {logging_mixin.py:151} INFO - [2023-08-28T00:09:20.922+0000] {dag.py:2907} INFO - Sync 1 DAGs
[2023-08-28T00:09:21.064+0000] {logging_mixin.py:151} INFO - [2023-08-28T00:09:21.062+0000] {dag.py:3677} INFO - Setting next_dagrun for example_setup_teardown_taskflow to 2023-08-27T00:09:21.056798+00:00, run_after=2023-08-28T00:09:21.056798+00:00
[2023-08-28T00:09:21.278+0000] {processor.py:179} INFO - Processing /home/airflow/.local/lib/python3.8/site-packages/airflow/example_dags/example_setup_teardown_taskflow.py took 0.837 seconds
[2023-08-28T00:09:51.606+0000] {processor.py:157} INFO - Started process (PID=174) to work on /home/airflow/.local/lib/python3.8/site-packages/airflow/example_dags/example_setup_teardown_taskflow.py
[2023-08-28T00:09:51.608+0000] {processor.py:829} INFO - Processing file /home/airflow/.local/lib/python3.8/site-packages/airflow/example_dags/example_setup_teardown_taskflow.py for tasks to queue
[2023-08-28T00:09:51.612+0000] {logging_mixin.py:151} INFO - [2023-08-28T00:09:51.611+0000] {dagbag.py:539} INFO - Filling up the DagBag from /home/airflow/.local/lib/python3.8/site-packages/airflow/example_dags/example_setup_teardown_taskflow.py
[2023-08-28T00:09:51.625+0000] {processor.py:839} INFO - DAG(s) dict_keys(['example_setup_teardown_taskflow']) retrieved from /home/airflow/.local/lib/python3.8/site-packages/airflow/example_dags/example_setup_teardown_taskflow.py
[2023-08-28T00:09:51.710+0000] {logging_mixin.py:151} INFO - [2023-08-28T00:09:51.710+0000] {dag.py:2907} INFO - Sync 1 DAGs
[2023-08-28T00:09:51.750+0000] {logging_mixin.py:151} INFO - [2023-08-28T00:09:51.749+0000] {dag.py:3677} INFO - Setting next_dagrun for example_setup_teardown_taskflow to 2023-08-27T00:09:51.748864+00:00, run_after=2023-08-28T00:09:51.748864+00:00
[2023-08-28T00:09:51.779+0000] {processor.py:179} INFO - Processing /home/airflow/.local/lib/python3.8/site-packages/airflow/example_dags/example_setup_teardown_taskflow.py took 0.176 seconds
[2023-08-28T00:10:22.556+0000] {processor.py:157} INFO - Started process (PID=229) to work on /home/airflow/.local/lib/python3.8/site-packages/airflow/example_dags/example_setup_teardown_taskflow.py
[2023-08-28T00:10:22.558+0000] {processor.py:829} INFO - Processing file /home/airflow/.local/lib/python3.8/site-packages/airflow/example_dags/example_setup_teardown_taskflow.py for tasks to queue
[2023-08-28T00:10:22.563+0000] {logging_mixin.py:151} INFO - [2023-08-28T00:10:22.562+0000] {dagbag.py:539} INFO - Filling up the DagBag from /home/airflow/.local/lib/python3.8/site-packages/airflow/example_dags/example_setup_teardown_taskflow.py
[2023-08-28T00:10:22.580+0000] {processor.py:839} INFO - DAG(s) dict_keys(['example_setup_teardown_taskflow']) retrieved from /home/airflow/.local/lib/python3.8/site-packages/airflow/example_dags/example_setup_teardown_taskflow.py
[2023-08-28T00:10:22.662+0000] {logging_mixin.py:151} INFO - [2023-08-28T00:10:22.662+0000] {dag.py:2907} INFO - Sync 1 DAGs
[2023-08-28T00:10:22.701+0000] {logging_mixin.py:151} INFO - [2023-08-28T00:10:22.701+0000] {dag.py:3677} INFO - Setting next_dagrun for example_setup_teardown_taskflow to 2023-08-27T00:10:22.700299+00:00, run_after=2023-08-28T00:10:22.700299+00:00
[2023-08-28T00:10:22.730+0000] {processor.py:179} INFO - Processing /home/airflow/.local/lib/python3.8/site-packages/airflow/example_dags/example_setup_teardown_taskflow.py took 0.179 seconds
[2023-08-28T00:10:53.363+0000] {processor.py:157} INFO - Started process (PID=284) to work on /home/airflow/.local/lib/python3.8/site-packages/airflow/example_dags/example_setup_teardown_taskflow.py
[2023-08-28T00:10:53.365+0000] {processor.py:829} INFO - Processing file /home/airflow/.local/lib/python3.8/site-packages/airflow/example_dags/example_setup_teardown_taskflow.py for tasks to queue
[2023-08-28T00:10:53.368+0000] {logging_mixin.py:151} INFO - [2023-08-28T00:10:53.368+0000] {dagbag.py:539} INFO - Filling up the DagBag from /home/airflow/.local/lib/python3.8/site-packages/airflow/example_dags/example_setup_teardown_taskflow.py
[2023-08-28T00:10:53.384+0000] {processor.py:839} INFO - DAG(s) dict_keys(['example_setup_teardown_taskflow']) retrieved from /home/airflow/.local/lib/python3.8/site-packages/airflow/example_dags/example_setup_teardown_taskflow.py
[2023-08-28T00:10:53.467+0000] {logging_mixin.py:151} INFO - [2023-08-28T00:10:53.466+0000] {dag.py:2907} INFO - Sync 1 DAGs
[2023-08-28T00:10:53.507+0000] {logging_mixin.py:151} INFO - [2023-08-28T00:10:53.507+0000] {dag.py:3677} INFO - Setting next_dagrun for example_setup_teardown_taskflow to 2023-08-27T00:10:53.506129+00:00, run_after=2023-08-28T00:10:53.506129+00:00
[2023-08-28T00:10:53.545+0000] {processor.py:179} INFO - Processing /home/airflow/.local/lib/python3.8/site-packages/airflow/example_dags/example_setup_teardown_taskflow.py took 0.186 seconds
[2023-08-28T00:11:24.558+0000] {processor.py:157} INFO - Started process (PID=338) to work on /home/airflow/.local/lib/python3.8/site-packages/airflow/example_dags/example_setup_teardown_taskflow.py
[2023-08-28T00:11:24.561+0000] {processor.py:829} INFO - Processing file /home/airflow/.local/lib/python3.8/site-packages/airflow/example_dags/example_setup_teardown_taskflow.py for tasks to queue
[2023-08-28T00:11:24.567+0000] {logging_mixin.py:151} INFO - [2023-08-28T00:11:24.566+0000] {dagbag.py:539} INFO - Filling up the DagBag from /home/airflow/.local/lib/python3.8/site-packages/airflow/example_dags/example_setup_teardown_taskflow.py
[2023-08-28T00:11:24.594+0000] {processor.py:839} INFO - DAG(s) dict_keys(['example_setup_teardown_taskflow']) retrieved from /home/airflow/.local/lib/python3.8/site-packages/airflow/example_dags/example_setup_teardown_taskflow.py
[2023-08-28T00:11:24.699+0000] {logging_mixin.py:151} INFO - [2023-08-28T00:11:24.699+0000] {dag.py:2907} INFO - Sync 1 DAGs
[2023-08-28T00:11:24.742+0000] {logging_mixin.py:151} INFO - [2023-08-28T00:11:24.742+0000] {dag.py:3677} INFO - Setting next_dagrun for example_setup_teardown_taskflow to 2023-08-27T00:11:24.741373+00:00, run_after=2023-08-28T00:11:24.741373+00:00
[2023-08-28T00:11:24.776+0000] {processor.py:179} INFO - Processing /home/airflow/.local/lib/python3.8/site-packages/airflow/example_dags/example_setup_teardown_taskflow.py took 0.223 seconds
[2023-08-28T00:11:54.889+0000] {processor.py:157} INFO - Started process (PID=392) to work on /home/airflow/.local/lib/python3.8/site-packages/airflow/example_dags/example_setup_teardown_taskflow.py
[2023-08-28T00:11:54.891+0000] {processor.py:829} INFO - Processing file /home/airflow/.local/lib/python3.8/site-packages/airflow/example_dags/example_setup_teardown_taskflow.py for tasks to queue
[2023-08-28T00:11:54.894+0000] {logging_mixin.py:151} INFO - [2023-08-28T00:11:54.893+0000] {dagbag.py:539} INFO - Filling up the DagBag from /home/airflow/.local/lib/python3.8/site-packages/airflow/example_dags/example_setup_teardown_taskflow.py
[2023-08-28T00:11:54.907+0000] {processor.py:839} INFO - DAG(s) dict_keys(['example_setup_teardown_taskflow']) retrieved from /home/airflow/.local/lib/python3.8/site-packages/airflow/example_dags/example_setup_teardown_taskflow.py
[2023-08-28T00:11:54.984+0000] {logging_mixin.py:151} INFO - [2023-08-28T00:11:54.984+0000] {dag.py:2907} INFO - Sync 1 DAGs
[2023-08-28T00:11:55.024+0000] {logging_mixin.py:151} INFO - [2023-08-28T00:11:55.024+0000] {dag.py:3677} INFO - Setting next_dagrun for example_setup_teardown_taskflow to 2023-08-27T00:11:55.023323+00:00, run_after=2023-08-28T00:11:55.023323+00:00
[2023-08-28T00:11:55.068+0000] {processor.py:179} INFO - Processing /home/airflow/.local/lib/python3.8/site-packages/airflow/example_dags/example_setup_teardown_taskflow.py took 0.182 seconds
[2023-08-28T00:12:25.955+0000] {processor.py:157} INFO - Started process (PID=447) to work on /home/airflow/.local/lib/python3.8/site-packages/airflow/example_dags/example_setup_teardown_taskflow.py
[2023-08-28T00:12:25.957+0000] {processor.py:829} INFO - Processing file /home/airflow/.local/lib/python3.8/site-packages/airflow/example_dags/example_setup_teardown_taskflow.py for tasks to queue
[2023-08-28T00:12:25.960+0000] {logging_mixin.py:151} INFO - [2023-08-28T00:12:25.960+0000] {dagbag.py:539} INFO - Filling up the DagBag from /home/airflow/.local/lib/python3.8/site-packages/airflow/example_dags/example_setup_teardown_taskflow.py
[2023-08-28T00:12:25.978+0000] {processor.py:839} INFO - DAG(s) dict_keys(['example_setup_teardown_taskflow']) retrieved from /home/airflow/.local/lib/python3.8/site-packages/airflow/example_dags/example_setup_teardown_taskflow.py
[2023-08-28T00:12:26.063+0000] {logging_mixin.py:151} INFO - [2023-08-28T00:12:26.063+0000] {dag.py:2907} INFO - Sync 1 DAGs
[2023-08-28T00:12:26.098+0000] {logging_mixin.py:151} INFO - [2023-08-28T00:12:26.098+0000] {dag.py:3677} INFO - Setting next_dagrun for example_setup_teardown_taskflow to 2023-08-27T00:12:26.097793+00:00, run_after=2023-08-28T00:12:26.097793+00:00
[2023-08-28T00:12:26.125+0000] {processor.py:179} INFO - Processing /home/airflow/.local/lib/python3.8/site-packages/airflow/example_dags/example_setup_teardown_taskflow.py took 0.175 seconds
[2023-08-28T00:12:56.177+0000] {processor.py:157} INFO - Started process (PID=502) to work on /home/airflow/.local/lib/python3.8/site-packages/airflow/example_dags/example_setup_teardown_taskflow.py
[2023-08-28T00:12:56.178+0000] {processor.py:829} INFO - Processing file /home/airflow/.local/lib/python3.8/site-packages/airflow/example_dags/example_setup_teardown_taskflow.py for tasks to queue
[2023-08-28T00:12:56.182+0000] {logging_mixin.py:151} INFO - [2023-08-28T00:12:56.181+0000] {dagbag.py:539} INFO - Filling up the DagBag from /home/airflow/.local/lib/python3.8/site-packages/airflow/example_dags/example_setup_teardown_taskflow.py
[2023-08-28T00:12:56.196+0000] {processor.py:839} INFO - DAG(s) dict_keys(['example_setup_teardown_taskflow']) retrieved from /home/airflow/.local/lib/python3.8/site-packages/airflow/example_dags/example_setup_teardown_taskflow.py
[2023-08-28T00:12:56.273+0000] {logging_mixin.py:151} INFO - [2023-08-28T00:12:56.273+0000] {dag.py:2907} INFO - Sync 1 DAGs
[2023-08-28T00:12:56.310+0000] {logging_mixin.py:151} INFO - [2023-08-28T00:12:56.310+0000] {dag.py:3677} INFO - Setting next_dagrun for example_setup_teardown_taskflow to 2023-08-27T00:12:56.309214+00:00, run_after=2023-08-28T00:12:56.309214+00:00
[2023-08-28T00:12:56.337+0000] {processor.py:179} INFO - Processing /home/airflow/.local/lib/python3.8/site-packages/airflow/example_dags/example_setup_teardown_taskflow.py took 0.164 seconds
[2023-08-28T00:13:27.253+0000] {processor.py:157} INFO - Started process (PID=556) to work on /home/airflow/.local/lib/python3.8/site-packages/airflow/example_dags/example_setup_teardown_taskflow.py
[2023-08-28T00:13:27.255+0000] {processor.py:829} INFO - Processing file /home/airflow/.local/lib/python3.8/site-packages/airflow/example_dags/example_setup_teardown_taskflow.py for tasks to queue
[2023-08-28T00:13:27.259+0000] {logging_mixin.py:151} INFO - [2023-08-28T00:13:27.258+0000] {dagbag.py:539} INFO - Filling up the DagBag from /home/airflow/.local/lib/python3.8/site-packages/airflow/example_dags/example_setup_teardown_taskflow.py
[2023-08-28T00:13:27.274+0000] {processor.py:839} INFO - DAG(s) dict_keys(['example_setup_teardown_taskflow']) retrieved from /home/airflow/.local/lib/python3.8/site-packages/airflow/example_dags/example_setup_teardown_taskflow.py
[2023-08-28T00:13:27.354+0000] {logging_mixin.py:151} INFO - [2023-08-28T00:13:27.353+0000] {dag.py:2907} INFO - Sync 1 DAGs
[2023-08-28T00:13:27.404+0000] {logging_mixin.py:151} INFO - [2023-08-28T00:13:27.403+0000] {dag.py:3677} INFO - Setting next_dagrun for example_setup_teardown_taskflow to 2023-08-27T00:13:27.402858+00:00, run_after=2023-08-28T00:13:27.402858+00:00
[2023-08-28T00:13:27.434+0000] {processor.py:179} INFO - Processing /home/airflow/.local/lib/python3.8/site-packages/airflow/example_dags/example_setup_teardown_taskflow.py took 0.185 seconds
[2023-08-28T00:13:57.539+0000] {processor.py:157} INFO - Started process (PID=611) to work on /home/airflow/.local/lib/python3.8/site-packages/airflow/example_dags/example_setup_teardown_taskflow.py
[2023-08-28T00:13:57.540+0000] {processor.py:829} INFO - Processing file /home/airflow/.local/lib/python3.8/site-packages/airflow/example_dags/example_setup_teardown_taskflow.py for tasks to queue
[2023-08-28T00:13:57.544+0000] {logging_mixin.py:151} INFO - [2023-08-28T00:13:57.543+0000] {dagbag.py:539} INFO - Filling up the DagBag from /home/airflow/.local/lib/python3.8/site-packages/airflow/example_dags/example_setup_teardown_taskflow.py
[2023-08-28T00:13:57.559+0000] {processor.py:839} INFO - DAG(s) dict_keys(['example_setup_teardown_taskflow']) retrieved from /home/airflow/.local/lib/python3.8/site-packages/airflow/example_dags/example_setup_teardown_taskflow.py
[2023-08-28T00:13:57.636+0000] {logging_mixin.py:151} INFO - [2023-08-28T00:13:57.636+0000] {dag.py:2907} INFO - Sync 1 DAGs
[2023-08-28T00:13:57.673+0000] {logging_mixin.py:151} INFO - [2023-08-28T00:13:57.673+0000] {dag.py:3677} INFO - Setting next_dagrun for example_setup_teardown_taskflow to 2023-08-27T00:13:57.672454+00:00, run_after=2023-08-28T00:13:57.672454+00:00
[2023-08-28T00:13:57.699+0000] {processor.py:179} INFO - Processing /home/airflow/.local/lib/python3.8/site-packages/airflow/example_dags/example_setup_teardown_taskflow.py took 0.164 seconds
[2023-08-28T00:14:28.233+0000] {processor.py:157} INFO - Started process (PID=666) to work on /home/airflow/.local/lib/python3.8/site-packages/airflow/example_dags/example_setup_teardown_taskflow.py
[2023-08-28T00:14:28.235+0000] {processor.py:829} INFO - Processing file /home/airflow/.local/lib/python3.8/site-packages/airflow/example_dags/example_setup_teardown_taskflow.py for tasks to queue
[2023-08-28T00:14:28.238+0000] {logging_mixin.py:151} INFO - [2023-08-28T00:14:28.238+0000] {dagbag.py:539} INFO - Filling up the DagBag from /home/airflow/.local/lib/python3.8/site-packages/airflow/example_dags/example_setup_teardown_taskflow.py
[2023-08-28T00:14:28.253+0000] {processor.py:839} INFO - DAG(s) dict_keys(['example_setup_teardown_taskflow']) retrieved from /home/airflow/.local/lib/python3.8/site-packages/airflow/example_dags/example_setup_teardown_taskflow.py
[2023-08-28T00:14:28.333+0000] {logging_mixin.py:151} INFO - [2023-08-28T00:14:28.333+0000] {dag.py:2907} INFO - Sync 1 DAGs
[2023-08-28T00:14:28.372+0000] {logging_mixin.py:151} INFO - [2023-08-28T00:14:28.372+0000] {dag.py:3677} INFO - Setting next_dagrun for example_setup_teardown_taskflow to 2023-08-27T00:14:28.371664+00:00, run_after=2023-08-28T00:14:28.371664+00:00
[2023-08-28T00:14:28.400+0000] {processor.py:179} INFO - Processing /home/airflow/.local/lib/python3.8/site-packages/airflow/example_dags/example_setup_teardown_taskflow.py took 0.170 seconds
[2023-08-28T00:14:59.158+0000] {processor.py:157} INFO - Started process (PID=721) to work on /home/airflow/.local/lib/python3.8/site-packages/airflow/example_dags/example_setup_teardown_taskflow.py
[2023-08-28T00:14:59.159+0000] {processor.py:829} INFO - Processing file /home/airflow/.local/lib/python3.8/site-packages/airflow/example_dags/example_setup_teardown_taskflow.py for tasks to queue
[2023-08-28T00:14:59.163+0000] {logging_mixin.py:151} INFO - [2023-08-28T00:14:59.162+0000] {dagbag.py:539} INFO - Filling up the DagBag from /home/airflow/.local/lib/python3.8/site-packages/airflow/example_dags/example_setup_teardown_taskflow.py
[2023-08-28T00:14:59.177+0000] {processor.py:839} INFO - DAG(s) dict_keys(['example_setup_teardown_taskflow']) retrieved from /home/airflow/.local/lib/python3.8/site-packages/airflow/example_dags/example_setup_teardown_taskflow.py
[2023-08-28T00:14:59.261+0000] {logging_mixin.py:151} INFO - [2023-08-28T00:14:59.261+0000] {dag.py:2907} INFO - Sync 1 DAGs
[2023-08-28T00:14:59.300+0000] {logging_mixin.py:151} INFO - [2023-08-28T00:14:59.300+0000] {dag.py:3677} INFO - Setting next_dagrun for example_setup_teardown_taskflow to 2023-08-27T00:14:59.299389+00:00, run_after=2023-08-28T00:14:59.299389+00:00
[2023-08-28T00:14:59.331+0000] {processor.py:179} INFO - Processing /home/airflow/.local/lib/python3.8/site-packages/airflow/example_dags/example_setup_teardown_taskflow.py took 0.178 seconds
[2023-08-28T00:15:29.722+0000] {processor.py:157} INFO - Started process (PID=776) to work on /home/airflow/.local/lib/python3.8/site-packages/airflow/example_dags/example_setup_teardown_taskflow.py
[2023-08-28T00:15:29.725+0000] {processor.py:829} INFO - Processing file /home/airflow/.local/lib/python3.8/site-packages/airflow/example_dags/example_setup_teardown_taskflow.py for tasks to queue
[2023-08-28T00:15:29.729+0000] {logging_mixin.py:151} INFO - [2023-08-28T00:15:29.729+0000] {dagbag.py:539} INFO - Filling up the DagBag from /home/airflow/.local/lib/python3.8/site-packages/airflow/example_dags/example_setup_teardown_taskflow.py
[2023-08-28T00:15:29.748+0000] {processor.py:839} INFO - DAG(s) dict_keys(['example_setup_teardown_taskflow']) retrieved from /home/airflow/.local/lib/python3.8/site-packages/airflow/example_dags/example_setup_teardown_taskflow.py
[2023-08-28T00:15:29.833+0000] {logging_mixin.py:151} INFO - [2023-08-28T00:15:29.833+0000] {dag.py:2907} INFO - Sync 1 DAGs
[2023-08-28T00:15:29.869+0000] {logging_mixin.py:151} INFO - [2023-08-28T00:15:29.869+0000] {dag.py:3677} INFO - Setting next_dagrun for example_setup_teardown_taskflow to 2023-08-27T00:15:29.868425+00:00, run_after=2023-08-28T00:15:29.868425+00:00
[2023-08-28T00:15:29.909+0000] {processor.py:179} INFO - Processing /home/airflow/.local/lib/python3.8/site-packages/airflow/example_dags/example_setup_teardown_taskflow.py took 0.191 seconds
[2023-08-28T00:16:00.672+0000] {processor.py:157} INFO - Started process (PID=831) to work on /home/airflow/.local/lib/python3.8/site-packages/airflow/example_dags/example_setup_teardown_taskflow.py
[2023-08-28T00:16:00.674+0000] {processor.py:829} INFO - Processing file /home/airflow/.local/lib/python3.8/site-packages/airflow/example_dags/example_setup_teardown_taskflow.py for tasks to queue
[2023-08-28T00:16:00.676+0000] {logging_mixin.py:151} INFO - [2023-08-28T00:16:00.676+0000] {dagbag.py:539} INFO - Filling up the DagBag from /home/airflow/.local/lib/python3.8/site-packages/airflow/example_dags/example_setup_teardown_taskflow.py
[2023-08-28T00:16:00.689+0000] {processor.py:839} INFO - DAG(s) dict_keys(['example_setup_teardown_taskflow']) retrieved from /home/airflow/.local/lib/python3.8/site-packages/airflow/example_dags/example_setup_teardown_taskflow.py
[2023-08-28T00:16:00.766+0000] {logging_mixin.py:151} INFO - [2023-08-28T00:16:00.766+0000] {dag.py:2907} INFO - Sync 1 DAGs
[2023-08-28T00:16:00.806+0000] {logging_mixin.py:151} INFO - [2023-08-28T00:16:00.806+0000] {dag.py:3677} INFO - Setting next_dagrun for example_setup_teardown_taskflow to 2023-08-27T00:16:00.805700+00:00, run_after=2023-08-28T00:16:00.805700+00:00
[2023-08-28T00:16:00.843+0000] {processor.py:179} INFO - Processing /home/airflow/.local/lib/python3.8/site-packages/airflow/example_dags/example_setup_teardown_taskflow.py took 0.174 seconds
[2023-08-28T00:16:31.008+0000] {processor.py:157} INFO - Started process (PID=886) to work on /home/airflow/.local/lib/python3.8/site-packages/airflow/example_dags/example_setup_teardown_taskflow.py
[2023-08-28T00:16:31.010+0000] {processor.py:829} INFO - Processing file /home/airflow/.local/lib/python3.8/site-packages/airflow/example_dags/example_setup_teardown_taskflow.py for tasks to queue
[2023-08-28T00:16:31.013+0000] {logging_mixin.py:151} INFO - [2023-08-28T00:16:31.013+0000] {dagbag.py:539} INFO - Filling up the DagBag from /home/airflow/.local/lib/python3.8/site-packages/airflow/example_dags/example_setup_teardown_taskflow.py
[2023-08-28T00:16:31.027+0000] {processor.py:839} INFO - DAG(s) dict_keys(['example_setup_teardown_taskflow']) retrieved from /home/airflow/.local/lib/python3.8/site-packages/airflow/example_dags/example_setup_teardown_taskflow.py
[2023-08-28T00:16:31.103+0000] {logging_mixin.py:151} INFO - [2023-08-28T00:16:31.103+0000] {dag.py:2907} INFO - Sync 1 DAGs
[2023-08-28T00:16:31.139+0000] {logging_mixin.py:151} INFO - [2023-08-28T00:16:31.139+0000] {dag.py:3677} INFO - Setting next_dagrun for example_setup_teardown_taskflow to 2023-08-27T00:16:31.138493+00:00, run_after=2023-08-28T00:16:31.138493+00:00
[2023-08-28T00:16:31.165+0000] {processor.py:179} INFO - Processing /home/airflow/.local/lib/python3.8/site-packages/airflow/example_dags/example_setup_teardown_taskflow.py took 0.161 seconds
[2023-08-28T00:17:01.420+0000] {processor.py:157} INFO - Started process (PID=941) to work on /home/airflow/.local/lib/python3.8/site-packages/airflow/example_dags/example_setup_teardown_taskflow.py
[2023-08-28T00:17:01.422+0000] {processor.py:829} INFO - Processing file /home/airflow/.local/lib/python3.8/site-packages/airflow/example_dags/example_setup_teardown_taskflow.py for tasks to queue
[2023-08-28T00:17:01.424+0000] {logging_mixin.py:151} INFO - [2023-08-28T00:17:01.424+0000] {dagbag.py:539} INFO - Filling up the DagBag from /home/airflow/.local/lib/python3.8/site-packages/airflow/example_dags/example_setup_teardown_taskflow.py
[2023-08-28T00:17:01.438+0000] {processor.py:839} INFO - DAG(s) dict_keys(['example_setup_teardown_taskflow']) retrieved from /home/airflow/.local/lib/python3.8/site-packages/airflow/example_dags/example_setup_teardown_taskflow.py
[2023-08-28T00:17:01.514+0000] {logging_mixin.py:151} INFO - [2023-08-28T00:17:01.514+0000] {dag.py:2907} INFO - Sync 1 DAGs
[2023-08-28T00:17:01.551+0000] {logging_mixin.py:151} INFO - [2023-08-28T00:17:01.551+0000] {dag.py:3677} INFO - Setting next_dagrun for example_setup_teardown_taskflow to 2023-08-27T00:17:01.550525+00:00, run_after=2023-08-28T00:17:01.550525+00:00
[2023-08-28T00:17:01.577+0000] {processor.py:179} INFO - Processing /home/airflow/.local/lib/python3.8/site-packages/airflow/example_dags/example_setup_teardown_taskflow.py took 0.160 seconds
[2023-08-28T00:17:32.222+0000] {processor.py:157} INFO - Started process (PID=996) to work on /home/airflow/.local/lib/python3.8/site-packages/airflow/example_dags/example_setup_teardown_taskflow.py
[2023-08-28T00:17:32.225+0000] {processor.py:829} INFO - Processing file /home/airflow/.local/lib/python3.8/site-packages/airflow/example_dags/example_setup_teardown_taskflow.py for tasks to queue
[2023-08-28T00:17:32.238+0000] {logging_mixin.py:151} INFO - [2023-08-28T00:17:32.237+0000] {dagbag.py:539} INFO - Filling up the DagBag from /home/airflow/.local/lib/python3.8/site-packages/airflow/example_dags/example_setup_teardown_taskflow.py
[2023-08-28T00:17:32.263+0000] {processor.py:839} INFO - DAG(s) dict_keys(['example_setup_teardown_taskflow']) retrieved from /home/airflow/.local/lib/python3.8/site-packages/airflow/example_dags/example_setup_teardown_taskflow.py
[2023-08-28T00:17:32.396+0000] {logging_mixin.py:151} INFO - [2023-08-28T00:17:32.395+0000] {dag.py:2907} INFO - Sync 1 DAGs
[2023-08-28T00:17:32.452+0000] {logging_mixin.py:151} INFO - [2023-08-28T00:17:32.452+0000] {dag.py:3677} INFO - Setting next_dagrun for example_setup_teardown_taskflow to 2023-08-27T00:17:32.450997+00:00, run_after=2023-08-28T00:17:32.450997+00:00
[2023-08-28T00:17:32.516+0000] {processor.py:179} INFO - Processing /home/airflow/.local/lib/python3.8/site-packages/airflow/example_dags/example_setup_teardown_taskflow.py took 0.298 seconds
[2023-08-28T00:18:06.874+0000] {processor.py:157} INFO - Started process (PID=1051) to work on /home/airflow/.local/lib/python3.8/site-packages/airflow/example_dags/example_setup_teardown_taskflow.py
[2023-08-28T00:18:06.879+0000] {processor.py:829} INFO - Processing file /home/airflow/.local/lib/python3.8/site-packages/airflow/example_dags/example_setup_teardown_taskflow.py for tasks to queue
[2023-08-28T00:18:06.883+0000] {logging_mixin.py:151} INFO - [2023-08-28T00:18:06.883+0000] {dagbag.py:539} INFO - Filling up the DagBag from /home/airflow/.local/lib/python3.8/site-packages/airflow/example_dags/example_setup_teardown_taskflow.py
[2023-08-28T00:18:06.922+0000] {processor.py:839} INFO - DAG(s) dict_keys(['example_setup_teardown_taskflow']) retrieved from /home/airflow/.local/lib/python3.8/site-packages/airflow/example_dags/example_setup_teardown_taskflow.py
[2023-08-28T00:18:07.048+0000] {logging_mixin.py:151} INFO - [2023-08-28T00:18:07.048+0000] {dag.py:2907} INFO - Sync 1 DAGs
[2023-08-28T00:18:07.109+0000] {logging_mixin.py:151} INFO - [2023-08-28T00:18:07.109+0000] {dag.py:3677} INFO - Setting next_dagrun for example_setup_teardown_taskflow to 2023-08-27T00:18:07.108056+00:00, run_after=2023-08-28T00:18:07.108056+00:00
[2023-08-28T00:18:07.147+0000] {processor.py:179} INFO - Processing /home/airflow/.local/lib/python3.8/site-packages/airflow/example_dags/example_setup_teardown_taskflow.py took 0.278 seconds
[2023-08-28T00:18:37.624+0000] {processor.py:157} INFO - Started process (PID=1105) to work on /home/airflow/.local/lib/python3.8/site-packages/airflow/example_dags/example_setup_teardown_taskflow.py
[2023-08-28T00:18:37.625+0000] {processor.py:829} INFO - Processing file /home/airflow/.local/lib/python3.8/site-packages/airflow/example_dags/example_setup_teardown_taskflow.py for tasks to queue
[2023-08-28T00:18:37.627+0000] {logging_mixin.py:151} INFO - [2023-08-28T00:18:37.627+0000] {dagbag.py:539} INFO - Filling up the DagBag from /home/airflow/.local/lib/python3.8/site-packages/airflow/example_dags/example_setup_teardown_taskflow.py
[2023-08-28T00:18:37.641+0000] {processor.py:839} INFO - DAG(s) dict_keys(['example_setup_teardown_taskflow']) retrieved from /home/airflow/.local/lib/python3.8/site-packages/airflow/example_dags/example_setup_teardown_taskflow.py
[2023-08-28T00:18:37.721+0000] {logging_mixin.py:151} INFO - [2023-08-28T00:18:37.721+0000] {dag.py:2907} INFO - Sync 1 DAGs
[2023-08-28T00:18:37.759+0000] {logging_mixin.py:151} INFO - [2023-08-28T00:18:37.758+0000] {dag.py:3677} INFO - Setting next_dagrun for example_setup_teardown_taskflow to 2023-08-27T00:18:37.758129+00:00, run_after=2023-08-28T00:18:37.758129+00:00
[2023-08-28T00:18:37.785+0000] {processor.py:179} INFO - Processing /home/airflow/.local/lib/python3.8/site-packages/airflow/example_dags/example_setup_teardown_taskflow.py took 0.165 seconds
[2023-08-28T00:19:08.455+0000] {processor.py:157} INFO - Started process (PID=1160) to work on /home/airflow/.local/lib/python3.8/site-packages/airflow/example_dags/example_setup_teardown_taskflow.py
[2023-08-28T00:19:08.457+0000] {processor.py:829} INFO - Processing file /home/airflow/.local/lib/python3.8/site-packages/airflow/example_dags/example_setup_teardown_taskflow.py for tasks to queue
[2023-08-28T00:19:08.460+0000] {logging_mixin.py:151} INFO - [2023-08-28T00:19:08.459+0000] {dagbag.py:539} INFO - Filling up the DagBag from /home/airflow/.local/lib/python3.8/site-packages/airflow/example_dags/example_setup_teardown_taskflow.py
[2023-08-28T00:19:08.471+0000] {processor.py:839} INFO - DAG(s) dict_keys(['example_setup_teardown_taskflow']) retrieved from /home/airflow/.local/lib/python3.8/site-packages/airflow/example_dags/example_setup_teardown_taskflow.py
[2023-08-28T00:19:08.548+0000] {logging_mixin.py:151} INFO - [2023-08-28T00:19:08.548+0000] {dag.py:2907} INFO - Sync 1 DAGs
[2023-08-28T00:19:08.601+0000] {logging_mixin.py:151} INFO - [2023-08-28T00:19:08.600+0000] {dag.py:3677} INFO - Setting next_dagrun for example_setup_teardown_taskflow to 2023-08-27T00:19:08.598862+00:00, run_after=2023-08-28T00:19:08.598862+00:00
[2023-08-28T00:19:08.635+0000] {processor.py:179} INFO - Processing /home/airflow/.local/lib/python3.8/site-packages/airflow/example_dags/example_setup_teardown_taskflow.py took 0.182 seconds
[2023-08-28T00:19:38.914+0000] {processor.py:157} INFO - Started process (PID=1215) to work on /home/airflow/.local/lib/python3.8/site-packages/airflow/example_dags/example_setup_teardown_taskflow.py
[2023-08-28T00:19:38.916+0000] {processor.py:829} INFO - Processing file /home/airflow/.local/lib/python3.8/site-packages/airflow/example_dags/example_setup_teardown_taskflow.py for tasks to queue
[2023-08-28T00:19:38.918+0000] {logging_mixin.py:151} INFO - [2023-08-28T00:19:38.918+0000] {dagbag.py:539} INFO - Filling up the DagBag from /home/airflow/.local/lib/python3.8/site-packages/airflow/example_dags/example_setup_teardown_taskflow.py
[2023-08-28T00:19:38.930+0000] {processor.py:839} INFO - DAG(s) dict_keys(['example_setup_teardown_taskflow']) retrieved from /home/airflow/.local/lib/python3.8/site-packages/airflow/example_dags/example_setup_teardown_taskflow.py
[2023-08-28T00:19:39.012+0000] {logging_mixin.py:151} INFO - [2023-08-28T00:19:39.012+0000] {dag.py:2907} INFO - Sync 1 DAGs
[2023-08-28T00:19:39.047+0000] {logging_mixin.py:151} INFO - [2023-08-28T00:19:39.047+0000] {dag.py:3677} INFO - Setting next_dagrun for example_setup_teardown_taskflow to 2023-08-27T00:19:39.046474+00:00, run_after=2023-08-28T00:19:39.046474+00:00
[2023-08-28T00:19:39.072+0000] {processor.py:179} INFO - Processing /home/airflow/.local/lib/python3.8/site-packages/airflow/example_dags/example_setup_teardown_taskflow.py took 0.161 seconds
[2023-08-28T00:20:10.015+0000] {processor.py:157} INFO - Started process (PID=1270) to work on /home/airflow/.local/lib/python3.8/site-packages/airflow/example_dags/example_setup_teardown_taskflow.py
[2023-08-28T00:20:10.020+0000] {processor.py:829} INFO - Processing file /home/airflow/.local/lib/python3.8/site-packages/airflow/example_dags/example_setup_teardown_taskflow.py for tasks to queue
[2023-08-28T00:20:10.024+0000] {logging_mixin.py:151} INFO - [2023-08-28T00:20:10.023+0000] {dagbag.py:539} INFO - Filling up the DagBag from /home/airflow/.local/lib/python3.8/site-packages/airflow/example_dags/example_setup_teardown_taskflow.py
[2023-08-28T00:20:10.043+0000] {processor.py:839} INFO - DAG(s) dict_keys(['example_setup_teardown_taskflow']) retrieved from /home/airflow/.local/lib/python3.8/site-packages/airflow/example_dags/example_setup_teardown_taskflow.py
[2023-08-28T00:20:10.125+0000] {logging_mixin.py:151} INFO - [2023-08-28T00:20:10.124+0000] {dag.py:2907} INFO - Sync 1 DAGs
[2023-08-28T00:20:10.180+0000] {logging_mixin.py:151} INFO - [2023-08-28T00:20:10.180+0000] {dag.py:3677} INFO - Setting next_dagrun for example_setup_teardown_taskflow to 2023-08-27T00:20:10.178806+00:00, run_after=2023-08-28T00:20:10.178806+00:00
[2023-08-28T00:20:10.224+0000] {processor.py:179} INFO - Processing /home/airflow/.local/lib/python3.8/site-packages/airflow/example_dags/example_setup_teardown_taskflow.py took 0.212 seconds
[2023-08-28T00:20:40.806+0000] {processor.py:157} INFO - Started process (PID=1325) to work on /home/airflow/.local/lib/python3.8/site-packages/airflow/example_dags/example_setup_teardown_taskflow.py
[2023-08-28T00:20:40.808+0000] {processor.py:829} INFO - Processing file /home/airflow/.local/lib/python3.8/site-packages/airflow/example_dags/example_setup_teardown_taskflow.py for tasks to queue
[2023-08-28T00:20:40.811+0000] {logging_mixin.py:151} INFO - [2023-08-28T00:20:40.810+0000] {dagbag.py:539} INFO - Filling up the DagBag from /home/airflow/.local/lib/python3.8/site-packages/airflow/example_dags/example_setup_teardown_taskflow.py
[2023-08-28T00:20:40.826+0000] {processor.py:839} INFO - DAG(s) dict_keys(['example_setup_teardown_taskflow']) retrieved from /home/airflow/.local/lib/python3.8/site-packages/airflow/example_dags/example_setup_teardown_taskflow.py
[2023-08-28T00:20:40.907+0000] {logging_mixin.py:151} INFO - [2023-08-28T00:20:40.907+0000] {dag.py:2907} INFO - Sync 1 DAGs
[2023-08-28T00:20:40.946+0000] {logging_mixin.py:151} INFO - [2023-08-28T00:20:40.945+0000] {dag.py:3677} INFO - Setting next_dagrun for example_setup_teardown_taskflow to 2023-08-27T00:20:40.944679+00:00, run_after=2023-08-28T00:20:40.944679+00:00
[2023-08-28T00:20:40.979+0000] {processor.py:179} INFO - Processing /home/airflow/.local/lib/python3.8/site-packages/airflow/example_dags/example_setup_teardown_taskflow.py took 0.175 seconds
[2023-08-28T00:21:11.264+0000] {processor.py:157} INFO - Started process (PID=1380) to work on /home/airflow/.local/lib/python3.8/site-packages/airflow/example_dags/example_setup_teardown_taskflow.py
[2023-08-28T00:21:11.265+0000] {processor.py:829} INFO - Processing file /home/airflow/.local/lib/python3.8/site-packages/airflow/example_dags/example_setup_teardown_taskflow.py for tasks to queue
[2023-08-28T00:21:11.269+0000] {logging_mixin.py:151} INFO - [2023-08-28T00:21:11.268+0000] {dagbag.py:539} INFO - Filling up the DagBag from /home/airflow/.local/lib/python3.8/site-packages/airflow/example_dags/example_setup_teardown_taskflow.py
[2023-08-28T00:21:11.281+0000] {processor.py:839} INFO - DAG(s) dict_keys(['example_setup_teardown_taskflow']) retrieved from /home/airflow/.local/lib/python3.8/site-packages/airflow/example_dags/example_setup_teardown_taskflow.py
[2023-08-28T00:21:11.365+0000] {logging_mixin.py:151} INFO - [2023-08-28T00:21:11.364+0000] {dag.py:2907} INFO - Sync 1 DAGs
[2023-08-28T00:21:11.404+0000] {logging_mixin.py:151} INFO - [2023-08-28T00:21:11.403+0000] {dag.py:3677} INFO - Setting next_dagrun for example_setup_teardown_taskflow to 2023-08-27T00:21:11.402796+00:00, run_after=2023-08-28T00:21:11.402796+00:00
[2023-08-28T00:21:11.433+0000] {processor.py:179} INFO - Processing /home/airflow/.local/lib/python3.8/site-packages/airflow/example_dags/example_setup_teardown_taskflow.py took 0.173 seconds
[2023-08-28T00:21:41.885+0000] {processor.py:157} INFO - Started process (PID=1435) to work on /home/airflow/.local/lib/python3.8/site-packages/airflow/example_dags/example_setup_teardown_taskflow.py
[2023-08-28T00:21:41.887+0000] {processor.py:829} INFO - Processing file /home/airflow/.local/lib/python3.8/site-packages/airflow/example_dags/example_setup_teardown_taskflow.py for tasks to queue
[2023-08-28T00:21:41.890+0000] {logging_mixin.py:151} INFO - [2023-08-28T00:21:41.889+0000] {dagbag.py:539} INFO - Filling up the DagBag from /home/airflow/.local/lib/python3.8/site-packages/airflow/example_dags/example_setup_teardown_taskflow.py
[2023-08-28T00:21:41.906+0000] {processor.py:839} INFO - DAG(s) dict_keys(['example_setup_teardown_taskflow']) retrieved from /home/airflow/.local/lib/python3.8/site-packages/airflow/example_dags/example_setup_teardown_taskflow.py
[2023-08-28T00:21:41.987+0000] {logging_mixin.py:151} INFO - [2023-08-28T00:21:41.987+0000] {dag.py:2907} INFO - Sync 1 DAGs
[2023-08-28T00:21:42.024+0000] {logging_mixin.py:151} INFO - [2023-08-28T00:21:42.024+0000] {dag.py:3677} INFO - Setting next_dagrun for example_setup_teardown_taskflow to 2023-08-27T00:21:42.023298+00:00, run_after=2023-08-28T00:21:42.023298+00:00
[2023-08-28T00:21:42.054+0000] {processor.py:179} INFO - Processing /home/airflow/.local/lib/python3.8/site-packages/airflow/example_dags/example_setup_teardown_taskflow.py took 0.172 seconds
