[2023-08-28T00:01:57.103+0000] {processor.py:157} INFO - Started process (PID=45) to work on /home/airflow/.local/lib/python3.8/site-packages/airflow/example_dags/example_skip_dag.py
[2023-08-28T00:01:57.104+0000] {processor.py:829} INFO - Processing file /home/airflow/.local/lib/python3.8/site-packages/airflow/example_dags/example_skip_dag.py for tasks to queue
[2023-08-28T00:01:57.107+0000] {logging_mixin.py:151} INFO - [2023-08-28T00:01:57.106+0000] {dagbag.py:539} INFO - Filling up the DagBag from /home/airflow/.local/lib/python3.8/site-packages/airflow/example_dags/example_skip_dag.py
[2023-08-28T00:01:57.120+0000] {processor.py:839} INFO - DAG(s) dict_keys(['example_skip_dag']) retrieved from /home/airflow/.local/lib/python3.8/site-packages/airflow/example_dags/example_skip_dag.py
[2023-08-28T00:01:57.368+0000] {logging_mixin.py:151} INFO - [2023-08-28T00:01:57.367+0000] {manager.py:501} INFO - Created Permission View: can edit on DAG:example_skip_dag
[2023-08-28T00:01:57.378+0000] {logging_mixin.py:151} INFO - [2023-08-28T00:01:57.377+0000] {manager.py:501} INFO - Created Permission View: can delete on DAG:example_skip_dag
[2023-08-28T00:01:57.384+0000] {logging_mixin.py:151} INFO - [2023-08-28T00:01:57.384+0000] {manager.py:501} INFO - Created Permission View: can read on DAG:example_skip_dag
[2023-08-28T00:01:57.400+0000] {logging_mixin.py:151} INFO - [2023-08-28T00:01:57.400+0000] {dag.py:2907} INFO - Sync 1 DAGs
[2023-08-28T00:01:57.410+0000] {logging_mixin.py:151} INFO - [2023-08-28T00:01:57.410+0000] {dag.py:2929} INFO - Creating ORM DAG for example_skip_dag
[2023-08-28T00:01:57.428+0000] {logging_mixin.py:151} INFO - [2023-08-28T00:01:57.428+0000] {dag.py:3677} INFO - Setting next_dagrun for example_skip_dag to 2023-08-27T00:01:57.428042+00:00, run_after=2023-08-28T00:01:57.428042+00:00
[2023-08-28T00:01:57.446+0000] {processor.py:179} INFO - Processing /home/airflow/.local/lib/python3.8/site-packages/airflow/example_dags/example_skip_dag.py took 0.346 seconds
[2023-08-28T00:02:28.260+0000] {processor.py:157} INFO - Started process (PID=99) to work on /home/airflow/.local/lib/python3.8/site-packages/airflow/example_dags/example_skip_dag.py
[2023-08-28T00:02:28.263+0000] {processor.py:829} INFO - Processing file /home/airflow/.local/lib/python3.8/site-packages/airflow/example_dags/example_skip_dag.py for tasks to queue
[2023-08-28T00:02:28.270+0000] {logging_mixin.py:151} INFO - [2023-08-28T00:02:28.270+0000] {dagbag.py:539} INFO - Filling up the DagBag from /home/airflow/.local/lib/python3.8/site-packages/airflow/example_dags/example_skip_dag.py
[2023-08-28T00:02:28.282+0000] {processor.py:839} INFO - DAG(s) dict_keys(['example_skip_dag']) retrieved from /home/airflow/.local/lib/python3.8/site-packages/airflow/example_dags/example_skip_dag.py
[2023-08-28T00:02:28.369+0000] {logging_mixin.py:151} INFO - [2023-08-28T00:02:28.369+0000] {dag.py:2907} INFO - Sync 1 DAGs
[2023-08-28T00:02:28.501+0000] {logging_mixin.py:151} INFO - [2023-08-28T00:02:28.500+0000] {dag.py:3677} INFO - Setting next_dagrun for example_skip_dag to 2023-08-27T00:02:28.499968+00:00, run_after=2023-08-28T00:02:28.499968+00:00
[2023-08-28T00:02:28.526+0000] {processor.py:179} INFO - Processing /home/airflow/.local/lib/python3.8/site-packages/airflow/example_dags/example_skip_dag.py took 0.269 seconds
[2023-08-28T00:02:58.945+0000] {processor.py:157} INFO - Started process (PID=154) to work on /home/airflow/.local/lib/python3.8/site-packages/airflow/example_dags/example_skip_dag.py
[2023-08-28T00:02:58.947+0000] {processor.py:829} INFO - Processing file /home/airflow/.local/lib/python3.8/site-packages/airflow/example_dags/example_skip_dag.py for tasks to queue
[2023-08-28T00:02:58.951+0000] {logging_mixin.py:151} INFO - [2023-08-28T00:02:58.951+0000] {dagbag.py:539} INFO - Filling up the DagBag from /home/airflow/.local/lib/python3.8/site-packages/airflow/example_dags/example_skip_dag.py
[2023-08-28T00:02:58.961+0000] {processor.py:839} INFO - DAG(s) dict_keys(['example_skip_dag']) retrieved from /home/airflow/.local/lib/python3.8/site-packages/airflow/example_dags/example_skip_dag.py
[2023-08-28T00:02:59.046+0000] {logging_mixin.py:151} INFO - [2023-08-28T00:02:59.045+0000] {dag.py:2907} INFO - Sync 1 DAGs
[2023-08-28T00:02:59.088+0000] {logging_mixin.py:151} INFO - [2023-08-28T00:02:59.087+0000] {dag.py:3677} INFO - Setting next_dagrun for example_skip_dag to 2023-08-27T00:02:59.086702+00:00, run_after=2023-08-28T00:02:59.086702+00:00
[2023-08-28T00:02:59.124+0000] {processor.py:179} INFO - Processing /home/airflow/.local/lib/python3.8/site-packages/airflow/example_dags/example_skip_dag.py took 0.181 seconds
[2023-08-28T00:03:31.640+0000] {processor.py:157} INFO - Started process (PID=208) to work on /home/airflow/.local/lib/python3.8/site-packages/airflow/example_dags/example_skip_dag.py
[2023-08-28T00:03:31.642+0000] {processor.py:829} INFO - Processing file /home/airflow/.local/lib/python3.8/site-packages/airflow/example_dags/example_skip_dag.py for tasks to queue
[2023-08-28T00:03:31.647+0000] {logging_mixin.py:151} INFO - [2023-08-28T00:03:31.646+0000] {dagbag.py:539} INFO - Filling up the DagBag from /home/airflow/.local/lib/python3.8/site-packages/airflow/example_dags/example_skip_dag.py
[2023-08-28T00:03:31.659+0000] {processor.py:839} INFO - DAG(s) dict_keys(['example_skip_dag']) retrieved from /home/airflow/.local/lib/python3.8/site-packages/airflow/example_dags/example_skip_dag.py
[2023-08-28T00:03:31.803+0000] {logging_mixin.py:151} INFO - [2023-08-28T00:03:31.801+0000] {dag.py:2907} INFO - Sync 1 DAGs
[2023-08-28T00:03:31.984+0000] {logging_mixin.py:151} INFO - [2023-08-28T00:03:31.981+0000] {dag.py:3677} INFO - Setting next_dagrun for example_skip_dag to 2023-08-27T00:03:31.965071+00:00, run_after=2023-08-28T00:03:31.965071+00:00
[2023-08-28T00:03:32.076+0000] {processor.py:179} INFO - Processing /home/airflow/.local/lib/python3.8/site-packages/airflow/example_dags/example_skip_dag.py took 0.440 seconds
[2023-08-28T00:04:02.527+0000] {processor.py:157} INFO - Started process (PID=263) to work on /home/airflow/.local/lib/python3.8/site-packages/airflow/example_dags/example_skip_dag.py
[2023-08-28T00:04:02.528+0000] {processor.py:829} INFO - Processing file /home/airflow/.local/lib/python3.8/site-packages/airflow/example_dags/example_skip_dag.py for tasks to queue
[2023-08-28T00:04:02.531+0000] {logging_mixin.py:151} INFO - [2023-08-28T00:04:02.531+0000] {dagbag.py:539} INFO - Filling up the DagBag from /home/airflow/.local/lib/python3.8/site-packages/airflow/example_dags/example_skip_dag.py
[2023-08-28T00:04:02.546+0000] {processor.py:839} INFO - DAG(s) dict_keys(['example_skip_dag']) retrieved from /home/airflow/.local/lib/python3.8/site-packages/airflow/example_dags/example_skip_dag.py
[2023-08-28T00:04:02.659+0000] {logging_mixin.py:151} INFO - [2023-08-28T00:04:02.659+0000] {dag.py:2907} INFO - Sync 1 DAGs
[2023-08-28T00:04:02.699+0000] {logging_mixin.py:151} INFO - [2023-08-28T00:04:02.699+0000] {dag.py:3677} INFO - Setting next_dagrun for example_skip_dag to 2023-08-27T00:04:02.698274+00:00, run_after=2023-08-28T00:04:02.698274+00:00
[2023-08-28T00:04:02.731+0000] {processor.py:179} INFO - Processing /home/airflow/.local/lib/python3.8/site-packages/airflow/example_dags/example_skip_dag.py took 0.207 seconds
[2023-08-28T00:04:32.796+0000] {processor.py:157} INFO - Started process (PID=318) to work on /home/airflow/.local/lib/python3.8/site-packages/airflow/example_dags/example_skip_dag.py
[2023-08-28T00:04:32.797+0000] {processor.py:829} INFO - Processing file /home/airflow/.local/lib/python3.8/site-packages/airflow/example_dags/example_skip_dag.py for tasks to queue
[2023-08-28T00:04:32.800+0000] {logging_mixin.py:151} INFO - [2023-08-28T00:04:32.799+0000] {dagbag.py:539} INFO - Filling up the DagBag from /home/airflow/.local/lib/python3.8/site-packages/airflow/example_dags/example_skip_dag.py
[2023-08-28T00:04:32.811+0000] {processor.py:839} INFO - DAG(s) dict_keys(['example_skip_dag']) retrieved from /home/airflow/.local/lib/python3.8/site-packages/airflow/example_dags/example_skip_dag.py
[2023-08-28T00:04:32.891+0000] {logging_mixin.py:151} INFO - [2023-08-28T00:04:32.891+0000] {dag.py:2907} INFO - Sync 1 DAGs
[2023-08-28T00:04:32.930+0000] {logging_mixin.py:151} INFO - [2023-08-28T00:04:32.930+0000] {dag.py:3677} INFO - Setting next_dagrun for example_skip_dag to 2023-08-27T00:04:32.929350+00:00, run_after=2023-08-28T00:04:32.929350+00:00
[2023-08-28T00:04:32.960+0000] {processor.py:179} INFO - Processing /home/airflow/.local/lib/python3.8/site-packages/airflow/example_dags/example_skip_dag.py took 0.167 seconds
[2023-08-28T00:05:03.193+0000] {processor.py:157} INFO - Started process (PID=373) to work on /home/airflow/.local/lib/python3.8/site-packages/airflow/example_dags/example_skip_dag.py
[2023-08-28T00:05:03.194+0000] {processor.py:829} INFO - Processing file /home/airflow/.local/lib/python3.8/site-packages/airflow/example_dags/example_skip_dag.py for tasks to queue
[2023-08-28T00:05:03.196+0000] {logging_mixin.py:151} INFO - [2023-08-28T00:05:03.196+0000] {dagbag.py:539} INFO - Filling up the DagBag from /home/airflow/.local/lib/python3.8/site-packages/airflow/example_dags/example_skip_dag.py
[2023-08-28T00:05:03.205+0000] {processor.py:839} INFO - DAG(s) dict_keys(['example_skip_dag']) retrieved from /home/airflow/.local/lib/python3.8/site-packages/airflow/example_dags/example_skip_dag.py
[2023-08-28T00:05:03.283+0000] {logging_mixin.py:151} INFO - [2023-08-28T00:05:03.282+0000] {dag.py:2907} INFO - Sync 1 DAGs
[2023-08-28T00:05:03.320+0000] {logging_mixin.py:151} INFO - [2023-08-28T00:05:03.319+0000] {dag.py:3677} INFO - Setting next_dagrun for example_skip_dag to 2023-08-27T00:05:03.318997+00:00, run_after=2023-08-28T00:05:03.318997+00:00
[2023-08-28T00:05:03.347+0000] {processor.py:179} INFO - Processing /home/airflow/.local/lib/python3.8/site-packages/airflow/example_dags/example_skip_dag.py took 0.157 seconds
[2023-08-28T00:08:43.970+0000] {processor.py:157} INFO - Started process (PID=52) to work on /home/airflow/.local/lib/python3.8/site-packages/airflow/example_dags/example_skip_dag.py
[2023-08-28T00:08:43.984+0000] {processor.py:829} INFO - Processing file /home/airflow/.local/lib/python3.8/site-packages/airflow/example_dags/example_skip_dag.py for tasks to queue
[2023-08-28T00:08:44.046+0000] {logging_mixin.py:151} INFO - [2023-08-28T00:08:44.039+0000] {dagbag.py:539} INFO - Filling up the DagBag from /home/airflow/.local/lib/python3.8/site-packages/airflow/example_dags/example_skip_dag.py
[2023-08-28T00:08:44.263+0000] {processor.py:839} INFO - DAG(s) dict_keys(['example_skip_dag']) retrieved from /home/airflow/.local/lib/python3.8/site-packages/airflow/example_dags/example_skip_dag.py
[2023-08-28T00:08:44.611+0000] {logging_mixin.py:151} INFO - [2023-08-28T00:08:44.610+0000] {dag.py:2907} INFO - Sync 1 DAGs
[2023-08-28T00:08:44.694+0000] {logging_mixin.py:151} INFO - [2023-08-28T00:08:44.694+0000] {dag.py:3677} INFO - Setting next_dagrun for example_skip_dag to 2023-08-27T00:08:44.691384+00:00, run_after=2023-08-28T00:08:44.691384+00:00
[2023-08-28T00:08:44.799+0000] {processor.py:179} INFO - Processing /home/airflow/.local/lib/python3.8/site-packages/airflow/example_dags/example_skip_dag.py took 0.874 seconds
[2023-08-28T00:09:15.405+0000] {processor.py:157} INFO - Started process (PID=107) to work on /home/airflow/.local/lib/python3.8/site-packages/airflow/example_dags/example_skip_dag.py
[2023-08-28T00:09:15.412+0000] {processor.py:829} INFO - Processing file /home/airflow/.local/lib/python3.8/site-packages/airflow/example_dags/example_skip_dag.py for tasks to queue
[2023-08-28T00:09:15.423+0000] {logging_mixin.py:151} INFO - [2023-08-28T00:09:15.422+0000] {dagbag.py:539} INFO - Filling up the DagBag from /home/airflow/.local/lib/python3.8/site-packages/airflow/example_dags/example_skip_dag.py
[2023-08-28T00:09:15.440+0000] {processor.py:839} INFO - DAG(s) dict_keys(['example_skip_dag']) retrieved from /home/airflow/.local/lib/python3.8/site-packages/airflow/example_dags/example_skip_dag.py
[2023-08-28T00:09:15.616+0000] {logging_mixin.py:151} INFO - [2023-08-28T00:09:15.616+0000] {dag.py:2907} INFO - Sync 1 DAGs
[2023-08-28T00:09:15.656+0000] {logging_mixin.py:151} INFO - [2023-08-28T00:09:15.656+0000] {dag.py:3677} INFO - Setting next_dagrun for example_skip_dag to 2023-08-27T00:09:15.654805+00:00, run_after=2023-08-28T00:09:15.654805+00:00
[2023-08-28T00:09:15.697+0000] {processor.py:179} INFO - Processing /home/airflow/.local/lib/python3.8/site-packages/airflow/example_dags/example_skip_dag.py took 0.300 seconds
[2023-08-28T00:09:46.059+0000] {processor.py:157} INFO - Started process (PID=162) to work on /home/airflow/.local/lib/python3.8/site-packages/airflow/example_dags/example_skip_dag.py
[2023-08-28T00:09:46.062+0000] {processor.py:829} INFO - Processing file /home/airflow/.local/lib/python3.8/site-packages/airflow/example_dags/example_skip_dag.py for tasks to queue
[2023-08-28T00:09:46.067+0000] {logging_mixin.py:151} INFO - [2023-08-28T00:09:46.066+0000] {dagbag.py:539} INFO - Filling up the DagBag from /home/airflow/.local/lib/python3.8/site-packages/airflow/example_dags/example_skip_dag.py
[2023-08-28T00:09:46.085+0000] {processor.py:839} INFO - DAG(s) dict_keys(['example_skip_dag']) retrieved from /home/airflow/.local/lib/python3.8/site-packages/airflow/example_dags/example_skip_dag.py
[2023-08-28T00:09:46.177+0000] {logging_mixin.py:151} INFO - [2023-08-28T00:09:46.177+0000] {dag.py:2907} INFO - Sync 1 DAGs
[2023-08-28T00:09:46.220+0000] {logging_mixin.py:151} INFO - [2023-08-28T00:09:46.219+0000] {dag.py:3677} INFO - Setting next_dagrun for example_skip_dag to 2023-08-27T00:09:46.218491+00:00, run_after=2023-08-28T00:09:46.218491+00:00
[2023-08-28T00:09:46.251+0000] {processor.py:179} INFO - Processing /home/airflow/.local/lib/python3.8/site-packages/airflow/example_dags/example_skip_dag.py took 0.196 seconds
[2023-08-28T00:10:16.379+0000] {processor.py:157} INFO - Started process (PID=217) to work on /home/airflow/.local/lib/python3.8/site-packages/airflow/example_dags/example_skip_dag.py
[2023-08-28T00:10:16.382+0000] {processor.py:829} INFO - Processing file /home/airflow/.local/lib/python3.8/site-packages/airflow/example_dags/example_skip_dag.py for tasks to queue
[2023-08-28T00:10:16.387+0000] {logging_mixin.py:151} INFO - [2023-08-28T00:10:16.386+0000] {dagbag.py:539} INFO - Filling up the DagBag from /home/airflow/.local/lib/python3.8/site-packages/airflow/example_dags/example_skip_dag.py
[2023-08-28T00:10:16.401+0000] {processor.py:839} INFO - DAG(s) dict_keys(['example_skip_dag']) retrieved from /home/airflow/.local/lib/python3.8/site-packages/airflow/example_dags/example_skip_dag.py
[2023-08-28T00:10:16.488+0000] {logging_mixin.py:151} INFO - [2023-08-28T00:10:16.487+0000] {dag.py:2907} INFO - Sync 1 DAGs
[2023-08-28T00:10:16.524+0000] {logging_mixin.py:151} INFO - [2023-08-28T00:10:16.523+0000] {dag.py:3677} INFO - Setting next_dagrun for example_skip_dag to 2023-08-27T00:10:16.523160+00:00, run_after=2023-08-28T00:10:16.523160+00:00
[2023-08-28T00:10:16.554+0000] {processor.py:179} INFO - Processing /home/airflow/.local/lib/python3.8/site-packages/airflow/example_dags/example_skip_dag.py took 0.179 seconds
[2023-08-28T00:10:46.920+0000] {processor.py:157} INFO - Started process (PID=272) to work on /home/airflow/.local/lib/python3.8/site-packages/airflow/example_dags/example_skip_dag.py
[2023-08-28T00:10:46.923+0000] {processor.py:829} INFO - Processing file /home/airflow/.local/lib/python3.8/site-packages/airflow/example_dags/example_skip_dag.py for tasks to queue
[2023-08-28T00:10:46.932+0000] {logging_mixin.py:151} INFO - [2023-08-28T00:10:46.930+0000] {dagbag.py:539} INFO - Filling up the DagBag from /home/airflow/.local/lib/python3.8/site-packages/airflow/example_dags/example_skip_dag.py
[2023-08-28T00:10:46.967+0000] {processor.py:839} INFO - DAG(s) dict_keys(['example_skip_dag']) retrieved from /home/airflow/.local/lib/python3.8/site-packages/airflow/example_dags/example_skip_dag.py
[2023-08-28T00:10:47.075+0000] {logging_mixin.py:151} INFO - [2023-08-28T00:10:47.074+0000] {dag.py:2907} INFO - Sync 1 DAGs
[2023-08-28T00:10:47.148+0000] {logging_mixin.py:151} INFO - [2023-08-28T00:10:47.145+0000] {dag.py:3677} INFO - Setting next_dagrun for example_skip_dag to 2023-08-27T00:10:47.143300+00:00, run_after=2023-08-28T00:10:47.143300+00:00
[2023-08-28T00:10:47.197+0000] {processor.py:179} INFO - Processing /home/airflow/.local/lib/python3.8/site-packages/airflow/example_dags/example_skip_dag.py took 0.289 seconds
[2023-08-28T00:11:17.921+0000] {processor.py:157} INFO - Started process (PID=326) to work on /home/airflow/.local/lib/python3.8/site-packages/airflow/example_dags/example_skip_dag.py
[2023-08-28T00:11:17.923+0000] {processor.py:829} INFO - Processing file /home/airflow/.local/lib/python3.8/site-packages/airflow/example_dags/example_skip_dag.py for tasks to queue
[2023-08-28T00:11:17.927+0000] {logging_mixin.py:151} INFO - [2023-08-28T00:11:17.927+0000] {dagbag.py:539} INFO - Filling up the DagBag from /home/airflow/.local/lib/python3.8/site-packages/airflow/example_dags/example_skip_dag.py
[2023-08-28T00:11:17.938+0000] {processor.py:839} INFO - DAG(s) dict_keys(['example_skip_dag']) retrieved from /home/airflow/.local/lib/python3.8/site-packages/airflow/example_dags/example_skip_dag.py
[2023-08-28T00:11:18.016+0000] {logging_mixin.py:151} INFO - [2023-08-28T00:11:18.016+0000] {dag.py:2907} INFO - Sync 1 DAGs
[2023-08-28T00:11:18.051+0000] {logging_mixin.py:151} INFO - [2023-08-28T00:11:18.050+0000] {dag.py:3677} INFO - Setting next_dagrun for example_skip_dag to 2023-08-27T00:11:18.050041+00:00, run_after=2023-08-28T00:11:18.050041+00:00
[2023-08-28T00:11:18.075+0000] {processor.py:179} INFO - Processing /home/airflow/.local/lib/python3.8/site-packages/airflow/example_dags/example_skip_dag.py took 0.159 seconds
[2023-08-28T00:11:48.788+0000] {processor.py:157} INFO - Started process (PID=380) to work on /home/airflow/.local/lib/python3.8/site-packages/airflow/example_dags/example_skip_dag.py
[2023-08-28T00:11:48.790+0000] {processor.py:829} INFO - Processing file /home/airflow/.local/lib/python3.8/site-packages/airflow/example_dags/example_skip_dag.py for tasks to queue
[2023-08-28T00:11:48.794+0000] {logging_mixin.py:151} INFO - [2023-08-28T00:11:48.794+0000] {dagbag.py:539} INFO - Filling up the DagBag from /home/airflow/.local/lib/python3.8/site-packages/airflow/example_dags/example_skip_dag.py
[2023-08-28T00:11:48.807+0000] {processor.py:839} INFO - DAG(s) dict_keys(['example_skip_dag']) retrieved from /home/airflow/.local/lib/python3.8/site-packages/airflow/example_dags/example_skip_dag.py
[2023-08-28T00:11:48.886+0000] {logging_mixin.py:151} INFO - [2023-08-28T00:11:48.886+0000] {dag.py:2907} INFO - Sync 1 DAGs
[2023-08-28T00:11:48.922+0000] {logging_mixin.py:151} INFO - [2023-08-28T00:11:48.921+0000] {dag.py:3677} INFO - Setting next_dagrun for example_skip_dag to 2023-08-27T00:11:48.921104+00:00, run_after=2023-08-28T00:11:48.921104+00:00
[2023-08-28T00:11:48.946+0000] {processor.py:179} INFO - Processing /home/airflow/.local/lib/python3.8/site-packages/airflow/example_dags/example_skip_dag.py took 0.163 seconds
[2023-08-28T00:12:19.714+0000] {processor.py:157} INFO - Started process (PID=435) to work on /home/airflow/.local/lib/python3.8/site-packages/airflow/example_dags/example_skip_dag.py
[2023-08-28T00:12:19.719+0000] {processor.py:829} INFO - Processing file /home/airflow/.local/lib/python3.8/site-packages/airflow/example_dags/example_skip_dag.py for tasks to queue
[2023-08-28T00:12:19.725+0000] {logging_mixin.py:151} INFO - [2023-08-28T00:12:19.725+0000] {dagbag.py:539} INFO - Filling up the DagBag from /home/airflow/.local/lib/python3.8/site-packages/airflow/example_dags/example_skip_dag.py
[2023-08-28T00:12:19.742+0000] {processor.py:839} INFO - DAG(s) dict_keys(['example_skip_dag']) retrieved from /home/airflow/.local/lib/python3.8/site-packages/airflow/example_dags/example_skip_dag.py
[2023-08-28T00:12:19.839+0000] {logging_mixin.py:151} INFO - [2023-08-28T00:12:19.838+0000] {dag.py:2907} INFO - Sync 1 DAGs
[2023-08-28T00:12:19.883+0000] {logging_mixin.py:151} INFO - [2023-08-28T00:12:19.883+0000] {dag.py:3677} INFO - Setting next_dagrun for example_skip_dag to 2023-08-27T00:12:19.882479+00:00, run_after=2023-08-28T00:12:19.882479+00:00
[2023-08-28T00:12:19.922+0000] {processor.py:179} INFO - Processing /home/airflow/.local/lib/python3.8/site-packages/airflow/example_dags/example_skip_dag.py took 0.224 seconds
[2023-08-28T00:12:50.588+0000] {processor.py:157} INFO - Started process (PID=490) to work on /home/airflow/.local/lib/python3.8/site-packages/airflow/example_dags/example_skip_dag.py
[2023-08-28T00:12:50.590+0000] {processor.py:829} INFO - Processing file /home/airflow/.local/lib/python3.8/site-packages/airflow/example_dags/example_skip_dag.py for tasks to queue
[2023-08-28T00:12:50.594+0000] {logging_mixin.py:151} INFO - [2023-08-28T00:12:50.594+0000] {dagbag.py:539} INFO - Filling up the DagBag from /home/airflow/.local/lib/python3.8/site-packages/airflow/example_dags/example_skip_dag.py
[2023-08-28T00:12:50.606+0000] {processor.py:839} INFO - DAG(s) dict_keys(['example_skip_dag']) retrieved from /home/airflow/.local/lib/python3.8/site-packages/airflow/example_dags/example_skip_dag.py
[2023-08-28T00:12:50.695+0000] {logging_mixin.py:151} INFO - [2023-08-28T00:12:50.695+0000] {dag.py:2907} INFO - Sync 1 DAGs
[2023-08-28T00:12:50.735+0000] {logging_mixin.py:151} INFO - [2023-08-28T00:12:50.735+0000] {dag.py:3677} INFO - Setting next_dagrun for example_skip_dag to 2023-08-27T00:12:50.734107+00:00, run_after=2023-08-28T00:12:50.734107+00:00
[2023-08-28T00:12:50.761+0000] {processor.py:179} INFO - Processing /home/airflow/.local/lib/python3.8/site-packages/airflow/example_dags/example_skip_dag.py took 0.177 seconds
[2023-08-28T00:13:21.328+0000] {processor.py:157} INFO - Started process (PID=544) to work on /home/airflow/.local/lib/python3.8/site-packages/airflow/example_dags/example_skip_dag.py
[2023-08-28T00:13:21.331+0000] {processor.py:829} INFO - Processing file /home/airflow/.local/lib/python3.8/site-packages/airflow/example_dags/example_skip_dag.py for tasks to queue
[2023-08-28T00:13:21.337+0000] {logging_mixin.py:151} INFO - [2023-08-28T00:13:21.336+0000] {dagbag.py:539} INFO - Filling up the DagBag from /home/airflow/.local/lib/python3.8/site-packages/airflow/example_dags/example_skip_dag.py
[2023-08-28T00:13:21.352+0000] {processor.py:839} INFO - DAG(s) dict_keys(['example_skip_dag']) retrieved from /home/airflow/.local/lib/python3.8/site-packages/airflow/example_dags/example_skip_dag.py
[2023-08-28T00:13:21.532+0000] {logging_mixin.py:151} INFO - [2023-08-28T00:13:21.531+0000] {dag.py:2907} INFO - Sync 1 DAGs
[2023-08-28T00:13:21.616+0000] {logging_mixin.py:151} INFO - [2023-08-28T00:13:21.616+0000] {dag.py:3677} INFO - Setting next_dagrun for example_skip_dag to 2023-08-27T00:13:21.614975+00:00, run_after=2023-08-28T00:13:21.614975+00:00
[2023-08-28T00:13:21.693+0000] {processor.py:179} INFO - Processing /home/airflow/.local/lib/python3.8/site-packages/airflow/example_dags/example_skip_dag.py took 0.372 seconds
[2023-08-28T00:13:52.040+0000] {processor.py:157} INFO - Started process (PID=599) to work on /home/airflow/.local/lib/python3.8/site-packages/airflow/example_dags/example_skip_dag.py
[2023-08-28T00:13:52.042+0000] {processor.py:829} INFO - Processing file /home/airflow/.local/lib/python3.8/site-packages/airflow/example_dags/example_skip_dag.py for tasks to queue
[2023-08-28T00:13:52.045+0000] {logging_mixin.py:151} INFO - [2023-08-28T00:13:52.044+0000] {dagbag.py:539} INFO - Filling up the DagBag from /home/airflow/.local/lib/python3.8/site-packages/airflow/example_dags/example_skip_dag.py
[2023-08-28T00:13:52.056+0000] {processor.py:839} INFO - DAG(s) dict_keys(['example_skip_dag']) retrieved from /home/airflow/.local/lib/python3.8/site-packages/airflow/example_dags/example_skip_dag.py
[2023-08-28T00:13:52.136+0000] {logging_mixin.py:151} INFO - [2023-08-28T00:13:52.136+0000] {dag.py:2907} INFO - Sync 1 DAGs
[2023-08-28T00:13:52.174+0000] {logging_mixin.py:151} INFO - [2023-08-28T00:13:52.174+0000] {dag.py:3677} INFO - Setting next_dagrun for example_skip_dag to 2023-08-27T00:13:52.173582+00:00, run_after=2023-08-28T00:13:52.173582+00:00
[2023-08-28T00:13:52.205+0000] {processor.py:179} INFO - Processing /home/airflow/.local/lib/python3.8/site-packages/airflow/example_dags/example_skip_dag.py took 0.167 seconds
[2023-08-28T00:14:22.491+0000] {processor.py:157} INFO - Started process (PID=654) to work on /home/airflow/.local/lib/python3.8/site-packages/airflow/example_dags/example_skip_dag.py
[2023-08-28T00:14:22.494+0000] {processor.py:829} INFO - Processing file /home/airflow/.local/lib/python3.8/site-packages/airflow/example_dags/example_skip_dag.py for tasks to queue
[2023-08-28T00:14:22.497+0000] {logging_mixin.py:151} INFO - [2023-08-28T00:14:22.496+0000] {dagbag.py:539} INFO - Filling up the DagBag from /home/airflow/.local/lib/python3.8/site-packages/airflow/example_dags/example_skip_dag.py
[2023-08-28T00:14:22.511+0000] {processor.py:839} INFO - DAG(s) dict_keys(['example_skip_dag']) retrieved from /home/airflow/.local/lib/python3.8/site-packages/airflow/example_dags/example_skip_dag.py
[2023-08-28T00:14:22.598+0000] {logging_mixin.py:151} INFO - [2023-08-28T00:14:22.598+0000] {dag.py:2907} INFO - Sync 1 DAGs
[2023-08-28T00:14:22.642+0000] {logging_mixin.py:151} INFO - [2023-08-28T00:14:22.641+0000] {dag.py:3677} INFO - Setting next_dagrun for example_skip_dag to 2023-08-27T00:14:22.640935+00:00, run_after=2023-08-28T00:14:22.640935+00:00
[2023-08-28T00:14:22.673+0000] {processor.py:179} INFO - Processing /home/airflow/.local/lib/python3.8/site-packages/airflow/example_dags/example_skip_dag.py took 0.186 seconds
[2023-08-28T00:14:53.585+0000] {processor.py:157} INFO - Started process (PID=709) to work on /home/airflow/.local/lib/python3.8/site-packages/airflow/example_dags/example_skip_dag.py
[2023-08-28T00:14:53.588+0000] {processor.py:829} INFO - Processing file /home/airflow/.local/lib/python3.8/site-packages/airflow/example_dags/example_skip_dag.py for tasks to queue
[2023-08-28T00:14:53.593+0000] {logging_mixin.py:151} INFO - [2023-08-28T00:14:53.593+0000] {dagbag.py:539} INFO - Filling up the DagBag from /home/airflow/.local/lib/python3.8/site-packages/airflow/example_dags/example_skip_dag.py
[2023-08-28T00:14:53.607+0000] {processor.py:839} INFO - DAG(s) dict_keys(['example_skip_dag']) retrieved from /home/airflow/.local/lib/python3.8/site-packages/airflow/example_dags/example_skip_dag.py
[2023-08-28T00:14:53.703+0000] {logging_mixin.py:151} INFO - [2023-08-28T00:14:53.702+0000] {dag.py:2907} INFO - Sync 1 DAGs
[2023-08-28T00:14:53.749+0000] {logging_mixin.py:151} INFO - [2023-08-28T00:14:53.749+0000] {dag.py:3677} INFO - Setting next_dagrun for example_skip_dag to 2023-08-27T00:14:53.747977+00:00, run_after=2023-08-28T00:14:53.747977+00:00
[2023-08-28T00:14:53.783+0000] {processor.py:179} INFO - Processing /home/airflow/.local/lib/python3.8/site-packages/airflow/example_dags/example_skip_dag.py took 0.208 seconds
[2023-08-28T00:15:25.385+0000] {processor.py:157} INFO - Started process (PID=764) to work on /home/airflow/.local/lib/python3.8/site-packages/airflow/example_dags/example_skip_dag.py
[2023-08-28T00:15:25.387+0000] {processor.py:829} INFO - Processing file /home/airflow/.local/lib/python3.8/site-packages/airflow/example_dags/example_skip_dag.py for tasks to queue
[2023-08-28T00:15:25.389+0000] {logging_mixin.py:151} INFO - [2023-08-28T00:15:25.389+0000] {dagbag.py:539} INFO - Filling up the DagBag from /home/airflow/.local/lib/python3.8/site-packages/airflow/example_dags/example_skip_dag.py
[2023-08-28T00:15:25.400+0000] {processor.py:839} INFO - DAG(s) dict_keys(['example_skip_dag']) retrieved from /home/airflow/.local/lib/python3.8/site-packages/airflow/example_dags/example_skip_dag.py
[2023-08-28T00:15:25.473+0000] {logging_mixin.py:151} INFO - [2023-08-28T00:15:25.473+0000] {dag.py:2907} INFO - Sync 1 DAGs
[2023-08-28T00:15:25.510+0000] {logging_mixin.py:151} INFO - [2023-08-28T00:15:25.510+0000] {dag.py:3677} INFO - Setting next_dagrun for example_skip_dag to 2023-08-27T00:15:25.509407+00:00, run_after=2023-08-28T00:15:25.509407+00:00
[2023-08-28T00:15:25.536+0000] {processor.py:179} INFO - Processing /home/airflow/.local/lib/python3.8/site-packages/airflow/example_dags/example_skip_dag.py took 0.155 seconds
[2023-08-28T00:15:56.330+0000] {processor.py:157} INFO - Started process (PID=819) to work on /home/airflow/.local/lib/python3.8/site-packages/airflow/example_dags/example_skip_dag.py
[2023-08-28T00:15:56.331+0000] {processor.py:829} INFO - Processing file /home/airflow/.local/lib/python3.8/site-packages/airflow/example_dags/example_skip_dag.py for tasks to queue
[2023-08-28T00:15:56.333+0000] {logging_mixin.py:151} INFO - [2023-08-28T00:15:56.333+0000] {dagbag.py:539} INFO - Filling up the DagBag from /home/airflow/.local/lib/python3.8/site-packages/airflow/example_dags/example_skip_dag.py
[2023-08-28T00:15:56.343+0000] {processor.py:839} INFO - DAG(s) dict_keys(['example_skip_dag']) retrieved from /home/airflow/.local/lib/python3.8/site-packages/airflow/example_dags/example_skip_dag.py
[2023-08-28T00:15:56.417+0000] {logging_mixin.py:151} INFO - [2023-08-28T00:15:56.417+0000] {dag.py:2907} INFO - Sync 1 DAGs
[2023-08-28T00:15:56.452+0000] {logging_mixin.py:151} INFO - [2023-08-28T00:15:56.452+0000] {dag.py:3677} INFO - Setting next_dagrun for example_skip_dag to 2023-08-27T00:15:56.451578+00:00, run_after=2023-08-28T00:15:56.451578+00:00
[2023-08-28T00:15:56.479+0000] {processor.py:179} INFO - Processing /home/airflow/.local/lib/python3.8/site-packages/airflow/example_dags/example_skip_dag.py took 0.153 seconds
[2023-08-28T00:16:26.941+0000] {processor.py:157} INFO - Started process (PID=874) to work on /home/airflow/.local/lib/python3.8/site-packages/airflow/example_dags/example_skip_dag.py
[2023-08-28T00:16:26.943+0000] {processor.py:829} INFO - Processing file /home/airflow/.local/lib/python3.8/site-packages/airflow/example_dags/example_skip_dag.py for tasks to queue
[2023-08-28T00:16:26.945+0000] {logging_mixin.py:151} INFO - [2023-08-28T00:16:26.945+0000] {dagbag.py:539} INFO - Filling up the DagBag from /home/airflow/.local/lib/python3.8/site-packages/airflow/example_dags/example_skip_dag.py
[2023-08-28T00:16:26.955+0000] {processor.py:839} INFO - DAG(s) dict_keys(['example_skip_dag']) retrieved from /home/airflow/.local/lib/python3.8/site-packages/airflow/example_dags/example_skip_dag.py
[2023-08-28T00:16:27.028+0000] {logging_mixin.py:151} INFO - [2023-08-28T00:16:27.027+0000] {dag.py:2907} INFO - Sync 1 DAGs
[2023-08-28T00:16:27.068+0000] {logging_mixin.py:151} INFO - [2023-08-28T00:16:27.068+0000] {dag.py:3677} INFO - Setting next_dagrun for example_skip_dag to 2023-08-27T00:16:27.066899+00:00, run_after=2023-08-28T00:16:27.066899+00:00
[2023-08-28T00:16:27.098+0000] {processor.py:179} INFO - Processing /home/airflow/.local/lib/python3.8/site-packages/airflow/example_dags/example_skip_dag.py took 0.160 seconds
[2023-08-28T00:16:58.088+0000] {processor.py:157} INFO - Started process (PID=929) to work on /home/airflow/.local/lib/python3.8/site-packages/airflow/example_dags/example_skip_dag.py
[2023-08-28T00:16:58.090+0000] {processor.py:829} INFO - Processing file /home/airflow/.local/lib/python3.8/site-packages/airflow/example_dags/example_skip_dag.py for tasks to queue
[2023-08-28T00:16:58.092+0000] {logging_mixin.py:151} INFO - [2023-08-28T00:16:58.092+0000] {dagbag.py:539} INFO - Filling up the DagBag from /home/airflow/.local/lib/python3.8/site-packages/airflow/example_dags/example_skip_dag.py
[2023-08-28T00:16:58.102+0000] {processor.py:839} INFO - DAG(s) dict_keys(['example_skip_dag']) retrieved from /home/airflow/.local/lib/python3.8/site-packages/airflow/example_dags/example_skip_dag.py
[2023-08-28T00:16:58.174+0000] {logging_mixin.py:151} INFO - [2023-08-28T00:16:58.174+0000] {dag.py:2907} INFO - Sync 1 DAGs
[2023-08-28T00:16:58.217+0000] {logging_mixin.py:151} INFO - [2023-08-28T00:16:58.216+0000] {dag.py:3677} INFO - Setting next_dagrun for example_skip_dag to 2023-08-27T00:16:58.216057+00:00, run_after=2023-08-28T00:16:58.216057+00:00
[2023-08-28T00:16:58.244+0000] {processor.py:179} INFO - Processing /home/airflow/.local/lib/python3.8/site-packages/airflow/example_dags/example_skip_dag.py took 0.159 seconds
[2023-08-28T00:17:28.399+0000] {processor.py:157} INFO - Started process (PID=984) to work on /home/airflow/.local/lib/python3.8/site-packages/airflow/example_dags/example_skip_dag.py
[2023-08-28T00:17:28.401+0000] {processor.py:829} INFO - Processing file /home/airflow/.local/lib/python3.8/site-packages/airflow/example_dags/example_skip_dag.py for tasks to queue
[2023-08-28T00:17:28.403+0000] {logging_mixin.py:151} INFO - [2023-08-28T00:17:28.403+0000] {dagbag.py:539} INFO - Filling up the DagBag from /home/airflow/.local/lib/python3.8/site-packages/airflow/example_dags/example_skip_dag.py
[2023-08-28T00:17:28.413+0000] {processor.py:839} INFO - DAG(s) dict_keys(['example_skip_dag']) retrieved from /home/airflow/.local/lib/python3.8/site-packages/airflow/example_dags/example_skip_dag.py
[2023-08-28T00:17:28.488+0000] {logging_mixin.py:151} INFO - [2023-08-28T00:17:28.488+0000] {dag.py:2907} INFO - Sync 1 DAGs
[2023-08-28T00:17:28.533+0000] {logging_mixin.py:151} INFO - [2023-08-28T00:17:28.532+0000] {dag.py:3677} INFO - Setting next_dagrun for example_skip_dag to 2023-08-27T00:17:28.531682+00:00, run_after=2023-08-28T00:17:28.531682+00:00
[2023-08-28T00:17:28.570+0000] {processor.py:179} INFO - Processing /home/airflow/.local/lib/python3.8/site-packages/airflow/example_dags/example_skip_dag.py took 0.174 seconds
[2023-08-28T00:18:02.908+0000] {processor.py:157} INFO - Started process (PID=1039) to work on /home/airflow/.local/lib/python3.8/site-packages/airflow/example_dags/example_skip_dag.py
[2023-08-28T00:18:02.915+0000] {processor.py:829} INFO - Processing file /home/airflow/.local/lib/python3.8/site-packages/airflow/example_dags/example_skip_dag.py for tasks to queue
[2023-08-28T00:18:02.986+0000] {logging_mixin.py:151} INFO - [2023-08-28T00:18:02.985+0000] {dagbag.py:539} INFO - Filling up the DagBag from /home/airflow/.local/lib/python3.8/site-packages/airflow/example_dags/example_skip_dag.py
[2023-08-28T00:18:03.068+0000] {processor.py:839} INFO - DAG(s) dict_keys(['example_skip_dag']) retrieved from /home/airflow/.local/lib/python3.8/site-packages/airflow/example_dags/example_skip_dag.py
[2023-08-28T00:18:03.723+0000] {logging_mixin.py:151} INFO - [2023-08-28T00:18:03.722+0000] {dag.py:2907} INFO - Sync 1 DAGs
[2023-08-28T00:18:04.116+0000] {logging_mixin.py:151} INFO - [2023-08-28T00:18:04.115+0000] {dag.py:3677} INFO - Setting next_dagrun for example_skip_dag to 2023-08-27T00:18:04.111856+00:00, run_after=2023-08-28T00:18:04.111856+00:00
[2023-08-28T00:18:04.293+0000] {processor.py:179} INFO - Processing /home/airflow/.local/lib/python3.8/site-packages/airflow/example_dags/example_skip_dag.py took 1.402 seconds
[2023-08-28T00:18:35.063+0000] {processor.py:157} INFO - Started process (PID=1093) to work on /home/airflow/.local/lib/python3.8/site-packages/airflow/example_dags/example_skip_dag.py
[2023-08-28T00:18:35.065+0000] {processor.py:829} INFO - Processing file /home/airflow/.local/lib/python3.8/site-packages/airflow/example_dags/example_skip_dag.py for tasks to queue
[2023-08-28T00:18:35.070+0000] {logging_mixin.py:151} INFO - [2023-08-28T00:18:35.070+0000] {dagbag.py:539} INFO - Filling up the DagBag from /home/airflow/.local/lib/python3.8/site-packages/airflow/example_dags/example_skip_dag.py
[2023-08-28T00:18:35.085+0000] {processor.py:839} INFO - DAG(s) dict_keys(['example_skip_dag']) retrieved from /home/airflow/.local/lib/python3.8/site-packages/airflow/example_dags/example_skip_dag.py
[2023-08-28T00:18:35.184+0000] {logging_mixin.py:151} INFO - [2023-08-28T00:18:35.184+0000] {dag.py:2907} INFO - Sync 1 DAGs
[2023-08-28T00:18:35.234+0000] {logging_mixin.py:151} INFO - [2023-08-28T00:18:35.233+0000] {dag.py:3677} INFO - Setting next_dagrun for example_skip_dag to 2023-08-27T00:18:35.232786+00:00, run_after=2023-08-28T00:18:35.232786+00:00
[2023-08-28T00:18:35.265+0000] {processor.py:179} INFO - Processing /home/airflow/.local/lib/python3.8/site-packages/airflow/example_dags/example_skip_dag.py took 0.206 seconds
[2023-08-28T00:19:06.091+0000] {processor.py:157} INFO - Started process (PID=1148) to work on /home/airflow/.local/lib/python3.8/site-packages/airflow/example_dags/example_skip_dag.py
[2023-08-28T00:19:06.094+0000] {processor.py:829} INFO - Processing file /home/airflow/.local/lib/python3.8/site-packages/airflow/example_dags/example_skip_dag.py for tasks to queue
[2023-08-28T00:19:06.101+0000] {logging_mixin.py:151} INFO - [2023-08-28T00:19:06.100+0000] {dagbag.py:539} INFO - Filling up the DagBag from /home/airflow/.local/lib/python3.8/site-packages/airflow/example_dags/example_skip_dag.py
[2023-08-28T00:19:06.125+0000] {processor.py:839} INFO - DAG(s) dict_keys(['example_skip_dag']) retrieved from /home/airflow/.local/lib/python3.8/site-packages/airflow/example_dags/example_skip_dag.py
[2023-08-28T00:19:06.212+0000] {logging_mixin.py:151} INFO - [2023-08-28T00:19:06.212+0000] {dag.py:2907} INFO - Sync 1 DAGs
[2023-08-28T00:19:06.258+0000] {logging_mixin.py:151} INFO - [2023-08-28T00:19:06.258+0000] {dag.py:3677} INFO - Setting next_dagrun for example_skip_dag to 2023-08-27T00:19:06.257556+00:00, run_after=2023-08-28T00:19:06.257556+00:00
[2023-08-28T00:19:06.288+0000] {processor.py:179} INFO - Processing /home/airflow/.local/lib/python3.8/site-packages/airflow/example_dags/example_skip_dag.py took 0.205 seconds
[2023-08-28T00:19:36.538+0000] {processor.py:157} INFO - Started process (PID=1203) to work on /home/airflow/.local/lib/python3.8/site-packages/airflow/example_dags/example_skip_dag.py
[2023-08-28T00:19:36.540+0000] {processor.py:829} INFO - Processing file /home/airflow/.local/lib/python3.8/site-packages/airflow/example_dags/example_skip_dag.py for tasks to queue
[2023-08-28T00:19:36.543+0000] {logging_mixin.py:151} INFO - [2023-08-28T00:19:36.542+0000] {dagbag.py:539} INFO - Filling up the DagBag from /home/airflow/.local/lib/python3.8/site-packages/airflow/example_dags/example_skip_dag.py
[2023-08-28T00:19:36.555+0000] {processor.py:839} INFO - DAG(s) dict_keys(['example_skip_dag']) retrieved from /home/airflow/.local/lib/python3.8/site-packages/airflow/example_dags/example_skip_dag.py
[2023-08-28T00:19:36.662+0000] {logging_mixin.py:151} INFO - [2023-08-28T00:19:36.661+0000] {dag.py:2907} INFO - Sync 1 DAGs
[2023-08-28T00:19:36.702+0000] {logging_mixin.py:151} INFO - [2023-08-28T00:19:36.701+0000] {dag.py:3677} INFO - Setting next_dagrun for example_skip_dag to 2023-08-27T00:19:36.700991+00:00, run_after=2023-08-28T00:19:36.700991+00:00
[2023-08-28T00:19:36.728+0000] {processor.py:179} INFO - Processing /home/airflow/.local/lib/python3.8/site-packages/airflow/example_dags/example_skip_dag.py took 0.194 seconds
[2023-08-28T00:20:07.333+0000] {processor.py:157} INFO - Started process (PID=1258) to work on /home/airflow/.local/lib/python3.8/site-packages/airflow/example_dags/example_skip_dag.py
[2023-08-28T00:20:07.336+0000] {processor.py:829} INFO - Processing file /home/airflow/.local/lib/python3.8/site-packages/airflow/example_dags/example_skip_dag.py for tasks to queue
[2023-08-28T00:20:07.340+0000] {logging_mixin.py:151} INFO - [2023-08-28T00:20:07.339+0000] {dagbag.py:539} INFO - Filling up the DagBag from /home/airflow/.local/lib/python3.8/site-packages/airflow/example_dags/example_skip_dag.py
[2023-08-28T00:20:07.352+0000] {processor.py:839} INFO - DAG(s) dict_keys(['example_skip_dag']) retrieved from /home/airflow/.local/lib/python3.8/site-packages/airflow/example_dags/example_skip_dag.py
[2023-08-28T00:20:07.442+0000] {logging_mixin.py:151} INFO - [2023-08-28T00:20:07.442+0000] {dag.py:2907} INFO - Sync 1 DAGs
[2023-08-28T00:20:07.493+0000] {logging_mixin.py:151} INFO - [2023-08-28T00:20:07.493+0000] {dag.py:3677} INFO - Setting next_dagrun for example_skip_dag to 2023-08-27T00:20:07.491948+00:00, run_after=2023-08-28T00:20:07.491948+00:00
[2023-08-28T00:20:07.548+0000] {processor.py:179} INFO - Processing /home/airflow/.local/lib/python3.8/site-packages/airflow/example_dags/example_skip_dag.py took 0.220 seconds
[2023-08-28T00:20:37.771+0000] {processor.py:157} INFO - Started process (PID=1313) to work on /home/airflow/.local/lib/python3.8/site-packages/airflow/example_dags/example_skip_dag.py
[2023-08-28T00:20:37.775+0000] {processor.py:829} INFO - Processing file /home/airflow/.local/lib/python3.8/site-packages/airflow/example_dags/example_skip_dag.py for tasks to queue
[2023-08-28T00:20:37.781+0000] {logging_mixin.py:151} INFO - [2023-08-28T00:20:37.780+0000] {dagbag.py:539} INFO - Filling up the DagBag from /home/airflow/.local/lib/python3.8/site-packages/airflow/example_dags/example_skip_dag.py
[2023-08-28T00:20:37.803+0000] {processor.py:839} INFO - DAG(s) dict_keys(['example_skip_dag']) retrieved from /home/airflow/.local/lib/python3.8/site-packages/airflow/example_dags/example_skip_dag.py
[2023-08-28T00:20:38.036+0000] {logging_mixin.py:151} INFO - [2023-08-28T00:20:38.035+0000] {dag.py:2907} INFO - Sync 1 DAGs
[2023-08-28T00:20:38.103+0000] {logging_mixin.py:151} INFO - [2023-08-28T00:20:38.103+0000] {dag.py:3677} INFO - Setting next_dagrun for example_skip_dag to 2023-08-27T00:20:38.101949+00:00, run_after=2023-08-28T00:20:38.101949+00:00
[2023-08-28T00:20:38.138+0000] {processor.py:179} INFO - Processing /home/airflow/.local/lib/python3.8/site-packages/airflow/example_dags/example_skip_dag.py took 0.373 seconds
[2023-08-28T00:21:08.781+0000] {processor.py:157} INFO - Started process (PID=1368) to work on /home/airflow/.local/lib/python3.8/site-packages/airflow/example_dags/example_skip_dag.py
[2023-08-28T00:21:08.784+0000] {processor.py:829} INFO - Processing file /home/airflow/.local/lib/python3.8/site-packages/airflow/example_dags/example_skip_dag.py for tasks to queue
[2023-08-28T00:21:08.787+0000] {logging_mixin.py:151} INFO - [2023-08-28T00:21:08.787+0000] {dagbag.py:539} INFO - Filling up the DagBag from /home/airflow/.local/lib/python3.8/site-packages/airflow/example_dags/example_skip_dag.py
[2023-08-28T00:21:08.802+0000] {processor.py:839} INFO - DAG(s) dict_keys(['example_skip_dag']) retrieved from /home/airflow/.local/lib/python3.8/site-packages/airflow/example_dags/example_skip_dag.py
[2023-08-28T00:21:08.887+0000] {logging_mixin.py:151} INFO - [2023-08-28T00:21:08.887+0000] {dag.py:2907} INFO - Sync 1 DAGs
[2023-08-28T00:21:08.926+0000] {logging_mixin.py:151} INFO - [2023-08-28T00:21:08.926+0000] {dag.py:3677} INFO - Setting next_dagrun for example_skip_dag to 2023-08-27T00:21:08.925785+00:00, run_after=2023-08-28T00:21:08.925785+00:00
[2023-08-28T00:21:08.955+0000] {processor.py:179} INFO - Processing /home/airflow/.local/lib/python3.8/site-packages/airflow/example_dags/example_skip_dag.py took 0.179 seconds
[2023-08-28T00:21:39.452+0000] {processor.py:157} INFO - Started process (PID=1423) to work on /home/airflow/.local/lib/python3.8/site-packages/airflow/example_dags/example_skip_dag.py
[2023-08-28T00:21:39.455+0000] {processor.py:829} INFO - Processing file /home/airflow/.local/lib/python3.8/site-packages/airflow/example_dags/example_skip_dag.py for tasks to queue
[2023-08-28T00:21:39.459+0000] {logging_mixin.py:151} INFO - [2023-08-28T00:21:39.458+0000] {dagbag.py:539} INFO - Filling up the DagBag from /home/airflow/.local/lib/python3.8/site-packages/airflow/example_dags/example_skip_dag.py
[2023-08-28T00:21:39.475+0000] {processor.py:839} INFO - DAG(s) dict_keys(['example_skip_dag']) retrieved from /home/airflow/.local/lib/python3.8/site-packages/airflow/example_dags/example_skip_dag.py
[2023-08-28T00:21:39.566+0000] {logging_mixin.py:151} INFO - [2023-08-28T00:21:39.565+0000] {dag.py:2907} INFO - Sync 1 DAGs
[2023-08-28T00:21:39.633+0000] {logging_mixin.py:151} INFO - [2023-08-28T00:21:39.633+0000] {dag.py:3677} INFO - Setting next_dagrun for example_skip_dag to 2023-08-27T00:21:39.631719+00:00, run_after=2023-08-28T00:21:39.631719+00:00
[2023-08-28T00:21:39.678+0000] {processor.py:179} INFO - Processing /home/airflow/.local/lib/python3.8/site-packages/airflow/example_dags/example_skip_dag.py took 0.236 seconds
