[2023-08-28T00:01:53.217+0000] {processor.py:157} INFO - Started process (PID=31) to work on /home/airflow/.local/lib/python3.8/site-packages/airflow/example_dags/example_dynamic_task_mapping_with_no_taskflow_operators.py
[2023-08-28T00:01:53.219+0000] {processor.py:829} INFO - Processing file /home/airflow/.local/lib/python3.8/site-packages/airflow/example_dags/example_dynamic_task_mapping_with_no_taskflow_operators.py for tasks to queue
[2023-08-28T00:01:53.223+0000] {logging_mixin.py:151} INFO - [2023-08-28T00:01:53.222+0000] {dagbag.py:539} INFO - Filling up the DagBag from /home/airflow/.local/lib/python3.8/site-packages/airflow/example_dags/example_dynamic_task_mapping_with_no_taskflow_operators.py
[2023-08-28T00:01:53.256+0000] {processor.py:839} INFO - DAG(s) dict_keys(['example_dynamic_task_mapping_with_no_taskflow_operators']) retrieved from /home/airflow/.local/lib/python3.8/site-packages/airflow/example_dags/example_dynamic_task_mapping_with_no_taskflow_operators.py
[2023-08-28T00:01:53.561+0000] {logging_mixin.py:151} INFO - [2023-08-28T00:01:53.560+0000] {manager.py:501} INFO - Created Permission View: can edit on DAG:example_dynamic_task_mapping_with_no_taskflow_operators
[2023-08-28T00:01:53.585+0000] {logging_mixin.py:151} INFO - [2023-08-28T00:01:53.584+0000] {manager.py:501} INFO - Created Permission View: can delete on DAG:example_dynamic_task_mapping_with_no_taskflow_operators
[2023-08-28T00:01:53.598+0000] {logging_mixin.py:151} INFO - [2023-08-28T00:01:53.597+0000] {manager.py:501} INFO - Created Permission View: can read on DAG:example_dynamic_task_mapping_with_no_taskflow_operators
[2023-08-28T00:01:53.635+0000] {logging_mixin.py:151} INFO - [2023-08-28T00:01:53.635+0000] {dag.py:2907} INFO - Sync 1 DAGs
[2023-08-28T00:01:53.893+0000] {logging_mixin.py:151} INFO - [2023-08-28T00:01:53.892+0000] {dag.py:2929} INFO - Creating ORM DAG for example_dynamic_task_mapping_with_no_taskflow_operators
[2023-08-28T00:01:53.957+0000] {logging_mixin.py:151} INFO - [2023-08-28T00:01:53.957+0000] {dag.py:3677} INFO - Setting next_dagrun for example_dynamic_task_mapping_with_no_taskflow_operators to 2023-08-27T00:01:53.954242+00:00, run_after=2023-08-28T00:01:53.954242+00:00
[2023-08-28T00:01:54.047+0000] {processor.py:179} INFO - Processing /home/airflow/.local/lib/python3.8/site-packages/airflow/example_dags/example_dynamic_task_mapping_with_no_taskflow_operators.py took 0.834 seconds
[2023-08-28T00:02:24.721+0000] {processor.py:157} INFO - Started process (PID=86) to work on /home/airflow/.local/lib/python3.8/site-packages/airflow/example_dags/example_dynamic_task_mapping_with_no_taskflow_operators.py
[2023-08-28T00:02:24.728+0000] {processor.py:829} INFO - Processing file /home/airflow/.local/lib/python3.8/site-packages/airflow/example_dags/example_dynamic_task_mapping_with_no_taskflow_operators.py for tasks to queue
[2023-08-28T00:02:24.749+0000] {logging_mixin.py:151} INFO - [2023-08-28T00:02:24.746+0000] {dagbag.py:539} INFO - Filling up the DagBag from /home/airflow/.local/lib/python3.8/site-packages/airflow/example_dags/example_dynamic_task_mapping_with_no_taskflow_operators.py
[2023-08-28T00:02:24.805+0000] {processor.py:839} INFO - DAG(s) dict_keys(['example_dynamic_task_mapping_with_no_taskflow_operators']) retrieved from /home/airflow/.local/lib/python3.8/site-packages/airflow/example_dags/example_dynamic_task_mapping_with_no_taskflow_operators.py
[2023-08-28T00:02:25.310+0000] {logging_mixin.py:151} INFO - [2023-08-28T00:02:25.309+0000] {dag.py:2907} INFO - Sync 1 DAGs
[2023-08-28T00:02:26.037+0000] {logging_mixin.py:151} INFO - [2023-08-28T00:02:26.037+0000] {dag.py:3677} INFO - Setting next_dagrun for example_dynamic_task_mapping_with_no_taskflow_operators to 2023-08-27T00:02:26.030859+00:00, run_after=2023-08-28T00:02:26.030859+00:00
[2023-08-28T00:02:26.126+0000] {processor.py:179} INFO - Processing /home/airflow/.local/lib/python3.8/site-packages/airflow/example_dags/example_dynamic_task_mapping_with_no_taskflow_operators.py took 1.423 seconds
[2023-08-28T00:02:56.427+0000] {processor.py:157} INFO - Started process (PID=141) to work on /home/airflow/.local/lib/python3.8/site-packages/airflow/example_dags/example_dynamic_task_mapping_with_no_taskflow_operators.py
[2023-08-28T00:02:56.430+0000] {processor.py:829} INFO - Processing file /home/airflow/.local/lib/python3.8/site-packages/airflow/example_dags/example_dynamic_task_mapping_with_no_taskflow_operators.py for tasks to queue
[2023-08-28T00:02:56.434+0000] {logging_mixin.py:151} INFO - [2023-08-28T00:02:56.433+0000] {dagbag.py:539} INFO - Filling up the DagBag from /home/airflow/.local/lib/python3.8/site-packages/airflow/example_dags/example_dynamic_task_mapping_with_no_taskflow_operators.py
[2023-08-28T00:02:56.449+0000] {processor.py:839} INFO - DAG(s) dict_keys(['example_dynamic_task_mapping_with_no_taskflow_operators']) retrieved from /home/airflow/.local/lib/python3.8/site-packages/airflow/example_dags/example_dynamic_task_mapping_with_no_taskflow_operators.py
[2023-08-28T00:02:56.554+0000] {logging_mixin.py:151} INFO - [2023-08-28T00:02:56.554+0000] {dag.py:2907} INFO - Sync 1 DAGs
[2023-08-28T00:02:56.643+0000] {logging_mixin.py:151} INFO - [2023-08-28T00:02:56.643+0000] {dag.py:3677} INFO - Setting next_dagrun for example_dynamic_task_mapping_with_no_taskflow_operators to 2023-08-27T00:02:56.641848+00:00, run_after=2023-08-28T00:02:56.641848+00:00
[2023-08-28T00:02:56.678+0000] {processor.py:179} INFO - Processing /home/airflow/.local/lib/python3.8/site-packages/airflow/example_dags/example_dynamic_task_mapping_with_no_taskflow_operators.py took 0.254 seconds
[2023-08-28T00:03:27.044+0000] {processor.py:157} INFO - Started process (PID=195) to work on /home/airflow/.local/lib/python3.8/site-packages/airflow/example_dags/example_dynamic_task_mapping_with_no_taskflow_operators.py
[2023-08-28T00:03:27.049+0000] {processor.py:829} INFO - Processing file /home/airflow/.local/lib/python3.8/site-packages/airflow/example_dags/example_dynamic_task_mapping_with_no_taskflow_operators.py for tasks to queue
[2023-08-28T00:03:27.059+0000] {logging_mixin.py:151} INFO - [2023-08-28T00:03:27.056+0000] {dagbag.py:539} INFO - Filling up the DagBag from /home/airflow/.local/lib/python3.8/site-packages/airflow/example_dags/example_dynamic_task_mapping_with_no_taskflow_operators.py
[2023-08-28T00:03:27.088+0000] {processor.py:839} INFO - DAG(s) dict_keys(['example_dynamic_task_mapping_with_no_taskflow_operators']) retrieved from /home/airflow/.local/lib/python3.8/site-packages/airflow/example_dags/example_dynamic_task_mapping_with_no_taskflow_operators.py
[2023-08-28T00:03:27.288+0000] {logging_mixin.py:151} INFO - [2023-08-28T00:03:27.288+0000] {dag.py:2907} INFO - Sync 1 DAGs
[2023-08-28T00:03:27.370+0000] {logging_mixin.py:151} INFO - [2023-08-28T00:03:27.369+0000] {dag.py:3677} INFO - Setting next_dagrun for example_dynamic_task_mapping_with_no_taskflow_operators to 2023-08-27T00:03:27.368095+00:00, run_after=2023-08-28T00:03:27.368095+00:00
[2023-08-28T00:03:27.412+0000] {processor.py:179} INFO - Processing /home/airflow/.local/lib/python3.8/site-packages/airflow/example_dags/example_dynamic_task_mapping_with_no_taskflow_operators.py took 0.380 seconds
[2023-08-28T00:03:58.179+0000] {processor.py:157} INFO - Started process (PID=250) to work on /home/airflow/.local/lib/python3.8/site-packages/airflow/example_dags/example_dynamic_task_mapping_with_no_taskflow_operators.py
[2023-08-28T00:03:58.181+0000] {processor.py:829} INFO - Processing file /home/airflow/.local/lib/python3.8/site-packages/airflow/example_dags/example_dynamic_task_mapping_with_no_taskflow_operators.py for tasks to queue
[2023-08-28T00:03:58.184+0000] {logging_mixin.py:151} INFO - [2023-08-28T00:03:58.184+0000] {dagbag.py:539} INFO - Filling up the DagBag from /home/airflow/.local/lib/python3.8/site-packages/airflow/example_dags/example_dynamic_task_mapping_with_no_taskflow_operators.py
[2023-08-28T00:03:58.198+0000] {processor.py:839} INFO - DAG(s) dict_keys(['example_dynamic_task_mapping_with_no_taskflow_operators']) retrieved from /home/airflow/.local/lib/python3.8/site-packages/airflow/example_dags/example_dynamic_task_mapping_with_no_taskflow_operators.py
[2023-08-28T00:03:58.281+0000] {logging_mixin.py:151} INFO - [2023-08-28T00:03:58.281+0000] {dag.py:2907} INFO - Sync 1 DAGs
[2023-08-28T00:03:58.323+0000] {logging_mixin.py:151} INFO - [2023-08-28T00:03:58.323+0000] {dag.py:3677} INFO - Setting next_dagrun for example_dynamic_task_mapping_with_no_taskflow_operators to 2023-08-27T00:03:58.322000+00:00, run_after=2023-08-28T00:03:58.322000+00:00
[2023-08-28T00:03:58.350+0000] {processor.py:179} INFO - Processing /home/airflow/.local/lib/python3.8/site-packages/airflow/example_dags/example_dynamic_task_mapping_with_no_taskflow_operators.py took 0.175 seconds
[2023-08-28T00:04:28.622+0000] {processor.py:157} INFO - Started process (PID=305) to work on /home/airflow/.local/lib/python3.8/site-packages/airflow/example_dags/example_dynamic_task_mapping_with_no_taskflow_operators.py
[2023-08-28T00:04:28.623+0000] {processor.py:829} INFO - Processing file /home/airflow/.local/lib/python3.8/site-packages/airflow/example_dags/example_dynamic_task_mapping_with_no_taskflow_operators.py for tasks to queue
[2023-08-28T00:04:28.626+0000] {logging_mixin.py:151} INFO - [2023-08-28T00:04:28.626+0000] {dagbag.py:539} INFO - Filling up the DagBag from /home/airflow/.local/lib/python3.8/site-packages/airflow/example_dags/example_dynamic_task_mapping_with_no_taskflow_operators.py
[2023-08-28T00:04:28.640+0000] {processor.py:839} INFO - DAG(s) dict_keys(['example_dynamic_task_mapping_with_no_taskflow_operators']) retrieved from /home/airflow/.local/lib/python3.8/site-packages/airflow/example_dags/example_dynamic_task_mapping_with_no_taskflow_operators.py
[2023-08-28T00:04:28.729+0000] {logging_mixin.py:151} INFO - [2023-08-28T00:04:28.729+0000] {dag.py:2907} INFO - Sync 1 DAGs
[2023-08-28T00:04:28.777+0000] {logging_mixin.py:151} INFO - [2023-08-28T00:04:28.777+0000] {dag.py:3677} INFO - Setting next_dagrun for example_dynamic_task_mapping_with_no_taskflow_operators to 2023-08-27T00:04:28.776421+00:00, run_after=2023-08-28T00:04:28.776421+00:00
[2023-08-28T00:04:28.807+0000] {processor.py:179} INFO - Processing /home/airflow/.local/lib/python3.8/site-packages/airflow/example_dags/example_dynamic_task_mapping_with_no_taskflow_operators.py took 0.189 seconds
[2023-08-28T00:04:58.945+0000] {processor.py:157} INFO - Started process (PID=360) to work on /home/airflow/.local/lib/python3.8/site-packages/airflow/example_dags/example_dynamic_task_mapping_with_no_taskflow_operators.py
[2023-08-28T00:04:58.947+0000] {processor.py:829} INFO - Processing file /home/airflow/.local/lib/python3.8/site-packages/airflow/example_dags/example_dynamic_task_mapping_with_no_taskflow_operators.py for tasks to queue
[2023-08-28T00:04:58.951+0000] {logging_mixin.py:151} INFO - [2023-08-28T00:04:58.951+0000] {dagbag.py:539} INFO - Filling up the DagBag from /home/airflow/.local/lib/python3.8/site-packages/airflow/example_dags/example_dynamic_task_mapping_with_no_taskflow_operators.py
[2023-08-28T00:04:58.976+0000] {processor.py:839} INFO - DAG(s) dict_keys(['example_dynamic_task_mapping_with_no_taskflow_operators']) retrieved from /home/airflow/.local/lib/python3.8/site-packages/airflow/example_dags/example_dynamic_task_mapping_with_no_taskflow_operators.py
[2023-08-28T00:04:59.063+0000] {logging_mixin.py:151} INFO - [2023-08-28T00:04:59.062+0000] {dag.py:2907} INFO - Sync 1 DAGs
[2023-08-28T00:04:59.106+0000] {logging_mixin.py:151} INFO - [2023-08-28T00:04:59.105+0000] {dag.py:3677} INFO - Setting next_dagrun for example_dynamic_task_mapping_with_no_taskflow_operators to 2023-08-27T00:04:59.104616+00:00, run_after=2023-08-28T00:04:59.104616+00:00
[2023-08-28T00:04:59.133+0000] {processor.py:179} INFO - Processing /home/airflow/.local/lib/python3.8/site-packages/airflow/example_dags/example_dynamic_task_mapping_with_no_taskflow_operators.py took 0.193 seconds
[2023-08-28T00:08:37.172+0000] {processor.py:157} INFO - Started process (PID=33) to work on /home/airflow/.local/lib/python3.8/site-packages/airflow/example_dags/example_dynamic_task_mapping_with_no_taskflow_operators.py
[2023-08-28T00:08:37.180+0000] {processor.py:829} INFO - Processing file /home/airflow/.local/lib/python3.8/site-packages/airflow/example_dags/example_dynamic_task_mapping_with_no_taskflow_operators.py for tasks to queue
[2023-08-28T00:08:37.197+0000] {logging_mixin.py:151} INFO - [2023-08-28T00:08:37.196+0000] {dagbag.py:539} INFO - Filling up the DagBag from /home/airflow/.local/lib/python3.8/site-packages/airflow/example_dags/example_dynamic_task_mapping_with_no_taskflow_operators.py
[2023-08-28T00:08:37.251+0000] {processor.py:839} INFO - DAG(s) dict_keys(['example_dynamic_task_mapping_with_no_taskflow_operators']) retrieved from /home/airflow/.local/lib/python3.8/site-packages/airflow/example_dags/example_dynamic_task_mapping_with_no_taskflow_operators.py
[2023-08-28T00:08:37.520+0000] {logging_mixin.py:151} INFO - [2023-08-28T00:08:37.519+0000] {dag.py:2907} INFO - Sync 1 DAGs
[2023-08-28T00:08:37.620+0000] {logging_mixin.py:151} INFO - [2023-08-28T00:08:37.619+0000] {dag.py:3677} INFO - Setting next_dagrun for example_dynamic_task_mapping_with_no_taskflow_operators to 2023-08-27T00:08:37.617166+00:00, run_after=2023-08-28T00:08:37.617166+00:00
[2023-08-28T00:08:37.824+0000] {processor.py:179} INFO - Processing /home/airflow/.local/lib/python3.8/site-packages/airflow/example_dags/example_dynamic_task_mapping_with_no_taskflow_operators.py took 0.670 seconds
[2023-08-28T00:09:08.285+0000] {processor.py:157} INFO - Started process (PID=87) to work on /home/airflow/.local/lib/python3.8/site-packages/airflow/example_dags/example_dynamic_task_mapping_with_no_taskflow_operators.py
[2023-08-28T00:09:08.290+0000] {processor.py:829} INFO - Processing file /home/airflow/.local/lib/python3.8/site-packages/airflow/example_dags/example_dynamic_task_mapping_with_no_taskflow_operators.py for tasks to queue
[2023-08-28T00:09:08.296+0000] {logging_mixin.py:151} INFO - [2023-08-28T00:09:08.296+0000] {dagbag.py:539} INFO - Filling up the DagBag from /home/airflow/.local/lib/python3.8/site-packages/airflow/example_dags/example_dynamic_task_mapping_with_no_taskflow_operators.py
[2023-08-28T00:09:08.320+0000] {processor.py:839} INFO - DAG(s) dict_keys(['example_dynamic_task_mapping_with_no_taskflow_operators']) retrieved from /home/airflow/.local/lib/python3.8/site-packages/airflow/example_dags/example_dynamic_task_mapping_with_no_taskflow_operators.py
[2023-08-28T00:09:08.619+0000] {logging_mixin.py:151} INFO - [2023-08-28T00:09:08.619+0000] {dag.py:2907} INFO - Sync 1 DAGs
[2023-08-28T00:09:09.463+0000] {logging_mixin.py:151} INFO - [2023-08-28T00:09:09.461+0000] {dag.py:3677} INFO - Setting next_dagrun for example_dynamic_task_mapping_with_no_taskflow_operators to 2023-08-27T00:09:09.457252+00:00, run_after=2023-08-28T00:09:09.457252+00:00
[2023-08-28T00:09:09.609+0000] {processor.py:179} INFO - Processing /home/airflow/.local/lib/python3.8/site-packages/airflow/example_dags/example_dynamic_task_mapping_with_no_taskflow_operators.py took 1.328 seconds
[2023-08-28T00:09:40.453+0000] {processor.py:157} INFO - Started process (PID=142) to work on /home/airflow/.local/lib/python3.8/site-packages/airflow/example_dags/example_dynamic_task_mapping_with_no_taskflow_operators.py
[2023-08-28T00:09:40.456+0000] {processor.py:829} INFO - Processing file /home/airflow/.local/lib/python3.8/site-packages/airflow/example_dags/example_dynamic_task_mapping_with_no_taskflow_operators.py for tasks to queue
[2023-08-28T00:09:40.462+0000] {logging_mixin.py:151} INFO - [2023-08-28T00:09:40.461+0000] {dagbag.py:539} INFO - Filling up the DagBag from /home/airflow/.local/lib/python3.8/site-packages/airflow/example_dags/example_dynamic_task_mapping_with_no_taskflow_operators.py
[2023-08-28T00:09:40.481+0000] {processor.py:839} INFO - DAG(s) dict_keys(['example_dynamic_task_mapping_with_no_taskflow_operators']) retrieved from /home/airflow/.local/lib/python3.8/site-packages/airflow/example_dags/example_dynamic_task_mapping_with_no_taskflow_operators.py
[2023-08-28T00:09:40.566+0000] {logging_mixin.py:151} INFO - [2023-08-28T00:09:40.566+0000] {dag.py:2907} INFO - Sync 1 DAGs
[2023-08-28T00:09:40.613+0000] {logging_mixin.py:151} INFO - [2023-08-28T00:09:40.613+0000] {dag.py:3677} INFO - Setting next_dagrun for example_dynamic_task_mapping_with_no_taskflow_operators to 2023-08-27T00:09:40.612247+00:00, run_after=2023-08-28T00:09:40.612247+00:00
[2023-08-28T00:09:40.641+0000] {processor.py:179} INFO - Processing /home/airflow/.local/lib/python3.8/site-packages/airflow/example_dags/example_dynamic_task_mapping_with_no_taskflow_operators.py took 0.192 seconds
[2023-08-28T00:10:11.463+0000] {processor.py:157} INFO - Started process (PID=197) to work on /home/airflow/.local/lib/python3.8/site-packages/airflow/example_dags/example_dynamic_task_mapping_with_no_taskflow_operators.py
[2023-08-28T00:10:11.466+0000] {processor.py:829} INFO - Processing file /home/airflow/.local/lib/python3.8/site-packages/airflow/example_dags/example_dynamic_task_mapping_with_no_taskflow_operators.py for tasks to queue
[2023-08-28T00:10:11.472+0000] {logging_mixin.py:151} INFO - [2023-08-28T00:10:11.471+0000] {dagbag.py:539} INFO - Filling up the DagBag from /home/airflow/.local/lib/python3.8/site-packages/airflow/example_dags/example_dynamic_task_mapping_with_no_taskflow_operators.py
[2023-08-28T00:10:11.497+0000] {processor.py:839} INFO - DAG(s) dict_keys(['example_dynamic_task_mapping_with_no_taskflow_operators']) retrieved from /home/airflow/.local/lib/python3.8/site-packages/airflow/example_dags/example_dynamic_task_mapping_with_no_taskflow_operators.py
[2023-08-28T00:10:11.625+0000] {logging_mixin.py:151} INFO - [2023-08-28T00:10:11.625+0000] {dag.py:2907} INFO - Sync 1 DAGs
[2023-08-28T00:10:11.691+0000] {logging_mixin.py:151} INFO - [2023-08-28T00:10:11.690+0000] {dag.py:3677} INFO - Setting next_dagrun for example_dynamic_task_mapping_with_no_taskflow_operators to 2023-08-27T00:10:11.689439+00:00, run_after=2023-08-28T00:10:11.689439+00:00
[2023-08-28T00:10:11.739+0000] {processor.py:179} INFO - Processing /home/airflow/.local/lib/python3.8/site-packages/airflow/example_dags/example_dynamic_task_mapping_with_no_taskflow_operators.py took 0.284 seconds
[2023-08-28T00:10:41.800+0000] {processor.py:157} INFO - Started process (PID=252) to work on /home/airflow/.local/lib/python3.8/site-packages/airflow/example_dags/example_dynamic_task_mapping_with_no_taskflow_operators.py
[2023-08-28T00:10:41.802+0000] {processor.py:829} INFO - Processing file /home/airflow/.local/lib/python3.8/site-packages/airflow/example_dags/example_dynamic_task_mapping_with_no_taskflow_operators.py for tasks to queue
[2023-08-28T00:10:41.805+0000] {logging_mixin.py:151} INFO - [2023-08-28T00:10:41.805+0000] {dagbag.py:539} INFO - Filling up the DagBag from /home/airflow/.local/lib/python3.8/site-packages/airflow/example_dags/example_dynamic_task_mapping_with_no_taskflow_operators.py
[2023-08-28T00:10:41.818+0000] {processor.py:839} INFO - DAG(s) dict_keys(['example_dynamic_task_mapping_with_no_taskflow_operators']) retrieved from /home/airflow/.local/lib/python3.8/site-packages/airflow/example_dags/example_dynamic_task_mapping_with_no_taskflow_operators.py
[2023-08-28T00:10:41.912+0000] {logging_mixin.py:151} INFO - [2023-08-28T00:10:41.911+0000] {dag.py:2907} INFO - Sync 1 DAGs
[2023-08-28T00:10:41.964+0000] {logging_mixin.py:151} INFO - [2023-08-28T00:10:41.963+0000] {dag.py:3677} INFO - Setting next_dagrun for example_dynamic_task_mapping_with_no_taskflow_operators to 2023-08-27T00:10:41.962583+00:00, run_after=2023-08-28T00:10:41.962583+00:00
[2023-08-28T00:10:41.992+0000] {processor.py:179} INFO - Processing /home/airflow/.local/lib/python3.8/site-packages/airflow/example_dags/example_dynamic_task_mapping_with_no_taskflow_operators.py took 0.196 seconds
[2023-08-28T00:11:12.108+0000] {processor.py:157} INFO - Started process (PID=307) to work on /home/airflow/.local/lib/python3.8/site-packages/airflow/example_dags/example_dynamic_task_mapping_with_no_taskflow_operators.py
[2023-08-28T00:11:12.110+0000] {processor.py:829} INFO - Processing file /home/airflow/.local/lib/python3.8/site-packages/airflow/example_dags/example_dynamic_task_mapping_with_no_taskflow_operators.py for tasks to queue
[2023-08-28T00:11:12.115+0000] {logging_mixin.py:151} INFO - [2023-08-28T00:11:12.114+0000] {dagbag.py:539} INFO - Filling up the DagBag from /home/airflow/.local/lib/python3.8/site-packages/airflow/example_dags/example_dynamic_task_mapping_with_no_taskflow_operators.py
[2023-08-28T00:11:12.130+0000] {processor.py:839} INFO - DAG(s) dict_keys(['example_dynamic_task_mapping_with_no_taskflow_operators']) retrieved from /home/airflow/.local/lib/python3.8/site-packages/airflow/example_dags/example_dynamic_task_mapping_with_no_taskflow_operators.py
[2023-08-28T00:11:12.208+0000] {logging_mixin.py:151} INFO - [2023-08-28T00:11:12.208+0000] {dag.py:2907} INFO - Sync 1 DAGs
[2023-08-28T00:11:12.261+0000] {logging_mixin.py:151} INFO - [2023-08-28T00:11:12.261+0000] {dag.py:3677} INFO - Setting next_dagrun for example_dynamic_task_mapping_with_no_taskflow_operators to 2023-08-27T00:11:12.260253+00:00, run_after=2023-08-28T00:11:12.260253+00:00
[2023-08-28T00:11:12.298+0000] {processor.py:179} INFO - Processing /home/airflow/.local/lib/python3.8/site-packages/airflow/example_dags/example_dynamic_task_mapping_with_no_taskflow_operators.py took 0.195 seconds
[2023-08-28T00:11:43.195+0000] {processor.py:157} INFO - Started process (PID=361) to work on /home/airflow/.local/lib/python3.8/site-packages/airflow/example_dags/example_dynamic_task_mapping_with_no_taskflow_operators.py
[2023-08-28T00:11:43.197+0000] {processor.py:829} INFO - Processing file /home/airflow/.local/lib/python3.8/site-packages/airflow/example_dags/example_dynamic_task_mapping_with_no_taskflow_operators.py for tasks to queue
[2023-08-28T00:11:43.201+0000] {logging_mixin.py:151} INFO - [2023-08-28T00:11:43.200+0000] {dagbag.py:539} INFO - Filling up the DagBag from /home/airflow/.local/lib/python3.8/site-packages/airflow/example_dags/example_dynamic_task_mapping_with_no_taskflow_operators.py
[2023-08-28T00:11:43.216+0000] {processor.py:839} INFO - DAG(s) dict_keys(['example_dynamic_task_mapping_with_no_taskflow_operators']) retrieved from /home/airflow/.local/lib/python3.8/site-packages/airflow/example_dags/example_dynamic_task_mapping_with_no_taskflow_operators.py
[2023-08-28T00:11:43.300+0000] {logging_mixin.py:151} INFO - [2023-08-28T00:11:43.300+0000] {dag.py:2907} INFO - Sync 1 DAGs
[2023-08-28T00:11:43.342+0000] {logging_mixin.py:151} INFO - [2023-08-28T00:11:43.341+0000] {dag.py:3677} INFO - Setting next_dagrun for example_dynamic_task_mapping_with_no_taskflow_operators to 2023-08-27T00:11:43.340361+00:00, run_after=2023-08-28T00:11:43.340361+00:00
[2023-08-28T00:11:43.393+0000] {processor.py:179} INFO - Processing /home/airflow/.local/lib/python3.8/site-packages/airflow/example_dags/example_dynamic_task_mapping_with_no_taskflow_operators.py took 0.202 seconds
[2023-08-28T00:12:13.713+0000] {processor.py:157} INFO - Started process (PID=415) to work on /home/airflow/.local/lib/python3.8/site-packages/airflow/example_dags/example_dynamic_task_mapping_with_no_taskflow_operators.py
[2023-08-28T00:12:13.719+0000] {processor.py:829} INFO - Processing file /home/airflow/.local/lib/python3.8/site-packages/airflow/example_dags/example_dynamic_task_mapping_with_no_taskflow_operators.py for tasks to queue
[2023-08-28T00:12:13.730+0000] {logging_mixin.py:151} INFO - [2023-08-28T00:12:13.728+0000] {dagbag.py:539} INFO - Filling up the DagBag from /home/airflow/.local/lib/python3.8/site-packages/airflow/example_dags/example_dynamic_task_mapping_with_no_taskflow_operators.py
[2023-08-28T00:12:13.778+0000] {processor.py:839} INFO - DAG(s) dict_keys(['example_dynamic_task_mapping_with_no_taskflow_operators']) retrieved from /home/airflow/.local/lib/python3.8/site-packages/airflow/example_dags/example_dynamic_task_mapping_with_no_taskflow_operators.py
[2023-08-28T00:12:13.946+0000] {logging_mixin.py:151} INFO - [2023-08-28T00:12:13.946+0000] {dag.py:2907} INFO - Sync 1 DAGs
[2023-08-28T00:12:13.994+0000] {logging_mixin.py:151} INFO - [2023-08-28T00:12:13.994+0000] {dag.py:3677} INFO - Setting next_dagrun for example_dynamic_task_mapping_with_no_taskflow_operators to 2023-08-27T00:12:13.993382+00:00, run_after=2023-08-28T00:12:13.993382+00:00
[2023-08-28T00:12:14.029+0000] {processor.py:179} INFO - Processing /home/airflow/.local/lib/python3.8/site-packages/airflow/example_dags/example_dynamic_task_mapping_with_no_taskflow_operators.py took 0.330 seconds
[2023-08-28T00:12:44.232+0000] {processor.py:157} INFO - Started process (PID=470) to work on /home/airflow/.local/lib/python3.8/site-packages/airflow/example_dags/example_dynamic_task_mapping_with_no_taskflow_operators.py
[2023-08-28T00:12:44.236+0000] {processor.py:829} INFO - Processing file /home/airflow/.local/lib/python3.8/site-packages/airflow/example_dags/example_dynamic_task_mapping_with_no_taskflow_operators.py for tasks to queue
[2023-08-28T00:12:44.240+0000] {logging_mixin.py:151} INFO - [2023-08-28T00:12:44.240+0000] {dagbag.py:539} INFO - Filling up the DagBag from /home/airflow/.local/lib/python3.8/site-packages/airflow/example_dags/example_dynamic_task_mapping_with_no_taskflow_operators.py
[2023-08-28T00:12:44.278+0000] {processor.py:839} INFO - DAG(s) dict_keys(['example_dynamic_task_mapping_with_no_taskflow_operators']) retrieved from /home/airflow/.local/lib/python3.8/site-packages/airflow/example_dags/example_dynamic_task_mapping_with_no_taskflow_operators.py
[2023-08-28T00:12:44.431+0000] {logging_mixin.py:151} INFO - [2023-08-28T00:12:44.431+0000] {dag.py:2907} INFO - Sync 1 DAGs
[2023-08-28T00:12:44.486+0000] {logging_mixin.py:151} INFO - [2023-08-28T00:12:44.486+0000] {dag.py:3677} INFO - Setting next_dagrun for example_dynamic_task_mapping_with_no_taskflow_operators to 2023-08-27T00:12:44.485390+00:00, run_after=2023-08-28T00:12:44.485390+00:00
[2023-08-28T00:12:44.532+0000] {processor.py:179} INFO - Processing /home/airflow/.local/lib/python3.8/site-packages/airflow/example_dags/example_dynamic_task_mapping_with_no_taskflow_operators.py took 0.305 seconds
[2023-08-28T00:13:14.875+0000] {processor.py:157} INFO - Started process (PID=525) to work on /home/airflow/.local/lib/python3.8/site-packages/airflow/example_dags/example_dynamic_task_mapping_with_no_taskflow_operators.py
[2023-08-28T00:13:14.880+0000] {processor.py:829} INFO - Processing file /home/airflow/.local/lib/python3.8/site-packages/airflow/example_dags/example_dynamic_task_mapping_with_no_taskflow_operators.py for tasks to queue
[2023-08-28T00:13:14.896+0000] {logging_mixin.py:151} INFO - [2023-08-28T00:13:14.894+0000] {dagbag.py:539} INFO - Filling up the DagBag from /home/airflow/.local/lib/python3.8/site-packages/airflow/example_dags/example_dynamic_task_mapping_with_no_taskflow_operators.py
[2023-08-28T00:13:14.982+0000] {processor.py:839} INFO - DAG(s) dict_keys(['example_dynamic_task_mapping_with_no_taskflow_operators']) retrieved from /home/airflow/.local/lib/python3.8/site-packages/airflow/example_dags/example_dynamic_task_mapping_with_no_taskflow_operators.py
[2023-08-28T00:13:15.237+0000] {logging_mixin.py:151} INFO - [2023-08-28T00:13:15.236+0000] {dag.py:2907} INFO - Sync 1 DAGs
[2023-08-28T00:13:15.349+0000] {logging_mixin.py:151} INFO - [2023-08-28T00:13:15.348+0000] {dag.py:3677} INFO - Setting next_dagrun for example_dynamic_task_mapping_with_no_taskflow_operators to 2023-08-27T00:13:15.345233+00:00, run_after=2023-08-28T00:13:15.345233+00:00
[2023-08-28T00:13:15.396+0000] {processor.py:179} INFO - Processing /home/airflow/.local/lib/python3.8/site-packages/airflow/example_dags/example_dynamic_task_mapping_with_no_taskflow_operators.py took 0.554 seconds
[2023-08-28T00:13:45.825+0000] {processor.py:157} INFO - Started process (PID=579) to work on /home/airflow/.local/lib/python3.8/site-packages/airflow/example_dags/example_dynamic_task_mapping_with_no_taskflow_operators.py
[2023-08-28T00:13:45.827+0000] {processor.py:829} INFO - Processing file /home/airflow/.local/lib/python3.8/site-packages/airflow/example_dags/example_dynamic_task_mapping_with_no_taskflow_operators.py for tasks to queue
[2023-08-28T00:13:45.833+0000] {logging_mixin.py:151} INFO - [2023-08-28T00:13:45.833+0000] {dagbag.py:539} INFO - Filling up the DagBag from /home/airflow/.local/lib/python3.8/site-packages/airflow/example_dags/example_dynamic_task_mapping_with_no_taskflow_operators.py
[2023-08-28T00:13:45.856+0000] {processor.py:839} INFO - DAG(s) dict_keys(['example_dynamic_task_mapping_with_no_taskflow_operators']) retrieved from /home/airflow/.local/lib/python3.8/site-packages/airflow/example_dags/example_dynamic_task_mapping_with_no_taskflow_operators.py
[2023-08-28T00:13:45.959+0000] {logging_mixin.py:151} INFO - [2023-08-28T00:13:45.959+0000] {dag.py:2907} INFO - Sync 1 DAGs
[2023-08-28T00:13:46.002+0000] {logging_mixin.py:151} INFO - [2023-08-28T00:13:46.002+0000] {dag.py:3677} INFO - Setting next_dagrun for example_dynamic_task_mapping_with_no_taskflow_operators to 2023-08-27T00:13:46.001316+00:00, run_after=2023-08-28T00:13:46.001316+00:00
[2023-08-28T00:13:46.032+0000] {processor.py:179} INFO - Processing /home/airflow/.local/lib/python3.8/site-packages/airflow/example_dags/example_dynamic_task_mapping_with_no_taskflow_operators.py took 0.214 seconds
[2023-08-28T00:14:16.148+0000] {processor.py:157} INFO - Started process (PID=634) to work on /home/airflow/.local/lib/python3.8/site-packages/airflow/example_dags/example_dynamic_task_mapping_with_no_taskflow_operators.py
[2023-08-28T00:14:16.149+0000] {processor.py:829} INFO - Processing file /home/airflow/.local/lib/python3.8/site-packages/airflow/example_dags/example_dynamic_task_mapping_with_no_taskflow_operators.py for tasks to queue
[2023-08-28T00:14:16.153+0000] {logging_mixin.py:151} INFO - [2023-08-28T00:14:16.152+0000] {dagbag.py:539} INFO - Filling up the DagBag from /home/airflow/.local/lib/python3.8/site-packages/airflow/example_dags/example_dynamic_task_mapping_with_no_taskflow_operators.py
[2023-08-28T00:14:16.166+0000] {processor.py:839} INFO - DAG(s) dict_keys(['example_dynamic_task_mapping_with_no_taskflow_operators']) retrieved from /home/airflow/.local/lib/python3.8/site-packages/airflow/example_dags/example_dynamic_task_mapping_with_no_taskflow_operators.py
[2023-08-28T00:14:16.267+0000] {logging_mixin.py:151} INFO - [2023-08-28T00:14:16.267+0000] {dag.py:2907} INFO - Sync 1 DAGs
[2023-08-28T00:14:16.308+0000] {logging_mixin.py:151} INFO - [2023-08-28T00:14:16.308+0000] {dag.py:3677} INFO - Setting next_dagrun for example_dynamic_task_mapping_with_no_taskflow_operators to 2023-08-27T00:14:16.307206+00:00, run_after=2023-08-28T00:14:16.307206+00:00
[2023-08-28T00:14:16.336+0000] {processor.py:179} INFO - Processing /home/airflow/.local/lib/python3.8/site-packages/airflow/example_dags/example_dynamic_task_mapping_with_no_taskflow_operators.py took 0.192 seconds
[2023-08-28T00:14:47.248+0000] {processor.py:157} INFO - Started process (PID=696) to work on /home/airflow/.local/lib/python3.8/site-packages/airflow/example_dags/example_dynamic_task_mapping_with_no_taskflow_operators.py
[2023-08-28T00:14:47.250+0000] {processor.py:829} INFO - Processing file /home/airflow/.local/lib/python3.8/site-packages/airflow/example_dags/example_dynamic_task_mapping_with_no_taskflow_operators.py for tasks to queue
[2023-08-28T00:14:47.253+0000] {logging_mixin.py:151} INFO - [2023-08-28T00:14:47.253+0000] {dagbag.py:539} INFO - Filling up the DagBag from /home/airflow/.local/lib/python3.8/site-packages/airflow/example_dags/example_dynamic_task_mapping_with_no_taskflow_operators.py
[2023-08-28T00:14:47.264+0000] {processor.py:839} INFO - DAG(s) dict_keys(['example_dynamic_task_mapping_with_no_taskflow_operators']) retrieved from /home/airflow/.local/lib/python3.8/site-packages/airflow/example_dags/example_dynamic_task_mapping_with_no_taskflow_operators.py
[2023-08-28T00:14:47.343+0000] {logging_mixin.py:151} INFO - [2023-08-28T00:14:47.343+0000] {dag.py:2907} INFO - Sync 1 DAGs
[2023-08-28T00:14:47.412+0000] {logging_mixin.py:151} INFO - [2023-08-28T00:14:47.411+0000] {dag.py:3677} INFO - Setting next_dagrun for example_dynamic_task_mapping_with_no_taskflow_operators to 2023-08-27T00:14:47.410619+00:00, run_after=2023-08-28T00:14:47.410619+00:00
[2023-08-28T00:14:47.471+0000] {processor.py:179} INFO - Processing /home/airflow/.local/lib/python3.8/site-packages/airflow/example_dags/example_dynamic_task_mapping_with_no_taskflow_operators.py took 0.226 seconds
[2023-08-28T00:15:18.155+0000] {processor.py:157} INFO - Started process (PID=751) to work on /home/airflow/.local/lib/python3.8/site-packages/airflow/example_dags/example_dynamic_task_mapping_with_no_taskflow_operators.py
[2023-08-28T00:15:18.157+0000] {processor.py:829} INFO - Processing file /home/airflow/.local/lib/python3.8/site-packages/airflow/example_dags/example_dynamic_task_mapping_with_no_taskflow_operators.py for tasks to queue
[2023-08-28T00:15:18.159+0000] {logging_mixin.py:151} INFO - [2023-08-28T00:15:18.159+0000] {dagbag.py:539} INFO - Filling up the DagBag from /home/airflow/.local/lib/python3.8/site-packages/airflow/example_dags/example_dynamic_task_mapping_with_no_taskflow_operators.py
[2023-08-28T00:15:18.170+0000] {processor.py:839} INFO - DAG(s) dict_keys(['example_dynamic_task_mapping_with_no_taskflow_operators']) retrieved from /home/airflow/.local/lib/python3.8/site-packages/airflow/example_dags/example_dynamic_task_mapping_with_no_taskflow_operators.py
[2023-08-28T00:15:18.245+0000] {logging_mixin.py:151} INFO - [2023-08-28T00:15:18.245+0000] {dag.py:2907} INFO - Sync 1 DAGs
[2023-08-28T00:15:18.283+0000] {logging_mixin.py:151} INFO - [2023-08-28T00:15:18.282+0000] {dag.py:3677} INFO - Setting next_dagrun for example_dynamic_task_mapping_with_no_taskflow_operators to 2023-08-27T00:15:18.281991+00:00, run_after=2023-08-28T00:15:18.281991+00:00
[2023-08-28T00:15:18.317+0000] {processor.py:179} INFO - Processing /home/airflow/.local/lib/python3.8/site-packages/airflow/example_dags/example_dynamic_task_mapping_with_no_taskflow_operators.py took 0.165 seconds
[2023-08-28T00:15:48.882+0000] {processor.py:157} INFO - Started process (PID=806) to work on /home/airflow/.local/lib/python3.8/site-packages/airflow/example_dags/example_dynamic_task_mapping_with_no_taskflow_operators.py
[2023-08-28T00:15:48.885+0000] {processor.py:829} INFO - Processing file /home/airflow/.local/lib/python3.8/site-packages/airflow/example_dags/example_dynamic_task_mapping_with_no_taskflow_operators.py for tasks to queue
[2023-08-28T00:15:48.893+0000] {logging_mixin.py:151} INFO - [2023-08-28T00:15:48.892+0000] {dagbag.py:539} INFO - Filling up the DagBag from /home/airflow/.local/lib/python3.8/site-packages/airflow/example_dags/example_dynamic_task_mapping_with_no_taskflow_operators.py
[2023-08-28T00:15:48.925+0000] {processor.py:839} INFO - DAG(s) dict_keys(['example_dynamic_task_mapping_with_no_taskflow_operators']) retrieved from /home/airflow/.local/lib/python3.8/site-packages/airflow/example_dags/example_dynamic_task_mapping_with_no_taskflow_operators.py
[2023-08-28T00:15:49.066+0000] {logging_mixin.py:151} INFO - [2023-08-28T00:15:49.066+0000] {dag.py:2907} INFO - Sync 1 DAGs
[2023-08-28T00:15:49.138+0000] {logging_mixin.py:151} INFO - [2023-08-28T00:15:49.138+0000] {dag.py:3677} INFO - Setting next_dagrun for example_dynamic_task_mapping_with_no_taskflow_operators to 2023-08-27T00:15:49.137250+00:00, run_after=2023-08-28T00:15:49.137250+00:00
[2023-08-28T00:15:49.190+0000] {processor.py:179} INFO - Processing /home/airflow/.local/lib/python3.8/site-packages/airflow/example_dags/example_dynamic_task_mapping_with_no_taskflow_operators.py took 0.314 seconds
[2023-08-28T00:16:19.501+0000] {processor.py:157} INFO - Started process (PID=861) to work on /home/airflow/.local/lib/python3.8/site-packages/airflow/example_dags/example_dynamic_task_mapping_with_no_taskflow_operators.py
[2023-08-28T00:16:19.504+0000] {processor.py:829} INFO - Processing file /home/airflow/.local/lib/python3.8/site-packages/airflow/example_dags/example_dynamic_task_mapping_with_no_taskflow_operators.py for tasks to queue
[2023-08-28T00:16:19.510+0000] {logging_mixin.py:151} INFO - [2023-08-28T00:16:19.509+0000] {dagbag.py:539} INFO - Filling up the DagBag from /home/airflow/.local/lib/python3.8/site-packages/airflow/example_dags/example_dynamic_task_mapping_with_no_taskflow_operators.py
[2023-08-28T00:16:19.526+0000] {processor.py:839} INFO - DAG(s) dict_keys(['example_dynamic_task_mapping_with_no_taskflow_operators']) retrieved from /home/airflow/.local/lib/python3.8/site-packages/airflow/example_dags/example_dynamic_task_mapping_with_no_taskflow_operators.py
[2023-08-28T00:16:19.607+0000] {logging_mixin.py:151} INFO - [2023-08-28T00:16:19.606+0000] {dag.py:2907} INFO - Sync 1 DAGs
[2023-08-28T00:16:19.646+0000] {logging_mixin.py:151} INFO - [2023-08-28T00:16:19.646+0000] {dag.py:3677} INFO - Setting next_dagrun for example_dynamic_task_mapping_with_no_taskflow_operators to 2023-08-27T00:16:19.645080+00:00, run_after=2023-08-28T00:16:19.645080+00:00
[2023-08-28T00:16:19.671+0000] {processor.py:179} INFO - Processing /home/airflow/.local/lib/python3.8/site-packages/airflow/example_dags/example_dynamic_task_mapping_with_no_taskflow_operators.py took 0.177 seconds
[2023-08-28T00:16:49.764+0000] {processor.py:157} INFO - Started process (PID=916) to work on /home/airflow/.local/lib/python3.8/site-packages/airflow/example_dags/example_dynamic_task_mapping_with_no_taskflow_operators.py
[2023-08-28T00:16:49.765+0000] {processor.py:829} INFO - Processing file /home/airflow/.local/lib/python3.8/site-packages/airflow/example_dags/example_dynamic_task_mapping_with_no_taskflow_operators.py for tasks to queue
[2023-08-28T00:16:49.769+0000] {logging_mixin.py:151} INFO - [2023-08-28T00:16:49.768+0000] {dagbag.py:539} INFO - Filling up the DagBag from /home/airflow/.local/lib/python3.8/site-packages/airflow/example_dags/example_dynamic_task_mapping_with_no_taskflow_operators.py
[2023-08-28T00:16:49.779+0000] {processor.py:839} INFO - DAG(s) dict_keys(['example_dynamic_task_mapping_with_no_taskflow_operators']) retrieved from /home/airflow/.local/lib/python3.8/site-packages/airflow/example_dags/example_dynamic_task_mapping_with_no_taskflow_operators.py
[2023-08-28T00:16:49.874+0000] {logging_mixin.py:151} INFO - [2023-08-28T00:16:49.874+0000] {dag.py:2907} INFO - Sync 1 DAGs
[2023-08-28T00:16:49.922+0000] {logging_mixin.py:151} INFO - [2023-08-28T00:16:49.921+0000] {dag.py:3677} INFO - Setting next_dagrun for example_dynamic_task_mapping_with_no_taskflow_operators to 2023-08-27T00:16:49.920866+00:00, run_after=2023-08-28T00:16:49.920866+00:00
[2023-08-28T00:16:49.954+0000] {processor.py:179} INFO - Processing /home/airflow/.local/lib/python3.8/site-packages/airflow/example_dags/example_dynamic_task_mapping_with_no_taskflow_operators.py took 0.194 seconds
[2023-08-28T00:17:20.449+0000] {processor.py:157} INFO - Started process (PID=971) to work on /home/airflow/.local/lib/python3.8/site-packages/airflow/example_dags/example_dynamic_task_mapping_with_no_taskflow_operators.py
[2023-08-28T00:17:20.452+0000] {processor.py:829} INFO - Processing file /home/airflow/.local/lib/python3.8/site-packages/airflow/example_dags/example_dynamic_task_mapping_with_no_taskflow_operators.py for tasks to queue
[2023-08-28T00:17:20.457+0000] {logging_mixin.py:151} INFO - [2023-08-28T00:17:20.456+0000] {dagbag.py:539} INFO - Filling up the DagBag from /home/airflow/.local/lib/python3.8/site-packages/airflow/example_dags/example_dynamic_task_mapping_with_no_taskflow_operators.py
[2023-08-28T00:17:20.471+0000] {processor.py:839} INFO - DAG(s) dict_keys(['example_dynamic_task_mapping_with_no_taskflow_operators']) retrieved from /home/airflow/.local/lib/python3.8/site-packages/airflow/example_dags/example_dynamic_task_mapping_with_no_taskflow_operators.py
[2023-08-28T00:17:20.548+0000] {logging_mixin.py:151} INFO - [2023-08-28T00:17:20.547+0000] {dag.py:2907} INFO - Sync 1 DAGs
[2023-08-28T00:17:20.585+0000] {logging_mixin.py:151} INFO - [2023-08-28T00:17:20.585+0000] {dag.py:3677} INFO - Setting next_dagrun for example_dynamic_task_mapping_with_no_taskflow_operators to 2023-08-27T00:17:20.584297+00:00, run_after=2023-08-28T00:17:20.584297+00:00
[2023-08-28T00:17:20.611+0000] {processor.py:179} INFO - Processing /home/airflow/.local/lib/python3.8/site-packages/airflow/example_dags/example_dynamic_task_mapping_with_no_taskflow_operators.py took 0.169 seconds
[2023-08-28T00:17:50.931+0000] {processor.py:157} INFO - Started process (PID=1026) to work on /home/airflow/.local/lib/python3.8/site-packages/airflow/example_dags/example_dynamic_task_mapping_with_no_taskflow_operators.py
[2023-08-28T00:17:50.935+0000] {processor.py:829} INFO - Processing file /home/airflow/.local/lib/python3.8/site-packages/airflow/example_dags/example_dynamic_task_mapping_with_no_taskflow_operators.py for tasks to queue
[2023-08-28T00:17:50.948+0000] {logging_mixin.py:151} INFO - [2023-08-28T00:17:50.945+0000] {dagbag.py:539} INFO - Filling up the DagBag from /home/airflow/.local/lib/python3.8/site-packages/airflow/example_dags/example_dynamic_task_mapping_with_no_taskflow_operators.py
[2023-08-28T00:17:51.017+0000] {processor.py:839} INFO - DAG(s) dict_keys(['example_dynamic_task_mapping_with_no_taskflow_operators']) retrieved from /home/airflow/.local/lib/python3.8/site-packages/airflow/example_dags/example_dynamic_task_mapping_with_no_taskflow_operators.py
[2023-08-28T00:17:51.441+0000] {logging_mixin.py:151} INFO - [2023-08-28T00:17:51.439+0000] {dag.py:2907} INFO - Sync 1 DAGs
[2023-08-28T00:17:51.591+0000] {logging_mixin.py:151} INFO - [2023-08-28T00:17:51.590+0000] {dag.py:3677} INFO - Setting next_dagrun for example_dynamic_task_mapping_with_no_taskflow_operators to 2023-08-27T00:17:51.588862+00:00, run_after=2023-08-28T00:17:51.588862+00:00
[2023-08-28T00:17:51.681+0000] {processor.py:179} INFO - Processing /home/airflow/.local/lib/python3.8/site-packages/airflow/example_dags/example_dynamic_task_mapping_with_no_taskflow_operators.py took 0.769 seconds
[2023-08-28T00:18:22.007+0000] {processor.py:157} INFO - Started process (PID=1080) to work on /home/airflow/.local/lib/python3.8/site-packages/airflow/example_dags/example_dynamic_task_mapping_with_no_taskflow_operators.py
[2023-08-28T00:18:22.013+0000] {processor.py:829} INFO - Processing file /home/airflow/.local/lib/python3.8/site-packages/airflow/example_dags/example_dynamic_task_mapping_with_no_taskflow_operators.py for tasks to queue
[2023-08-28T00:18:22.020+0000] {logging_mixin.py:151} INFO - [2023-08-28T00:18:22.019+0000] {dagbag.py:539} INFO - Filling up the DagBag from /home/airflow/.local/lib/python3.8/site-packages/airflow/example_dags/example_dynamic_task_mapping_with_no_taskflow_operators.py
[2023-08-28T00:18:22.040+0000] {processor.py:839} INFO - DAG(s) dict_keys(['example_dynamic_task_mapping_with_no_taskflow_operators']) retrieved from /home/airflow/.local/lib/python3.8/site-packages/airflow/example_dags/example_dynamic_task_mapping_with_no_taskflow_operators.py
[2023-08-28T00:18:22.163+0000] {logging_mixin.py:151} INFO - [2023-08-28T00:18:22.163+0000] {dag.py:2907} INFO - Sync 1 DAGs
[2023-08-28T00:18:22.259+0000] {logging_mixin.py:151} INFO - [2023-08-28T00:18:22.258+0000] {dag.py:3677} INFO - Setting next_dagrun for example_dynamic_task_mapping_with_no_taskflow_operators to 2023-08-27T00:18:22.256709+00:00, run_after=2023-08-28T00:18:22.256709+00:00
[2023-08-28T00:18:22.308+0000] {processor.py:179} INFO - Processing /home/airflow/.local/lib/python3.8/site-packages/airflow/example_dags/example_dynamic_task_mapping_with_no_taskflow_operators.py took 0.318 seconds
[2023-08-28T00:18:52.912+0000] {processor.py:157} INFO - Started process (PID=1135) to work on /home/airflow/.local/lib/python3.8/site-packages/airflow/example_dags/example_dynamic_task_mapping_with_no_taskflow_operators.py
[2023-08-28T00:18:52.947+0000] {processor.py:829} INFO - Processing file /home/airflow/.local/lib/python3.8/site-packages/airflow/example_dags/example_dynamic_task_mapping_with_no_taskflow_operators.py for tasks to queue
[2023-08-28T00:18:52.956+0000] {logging_mixin.py:151} INFO - [2023-08-28T00:18:52.955+0000] {dagbag.py:539} INFO - Filling up the DagBag from /home/airflow/.local/lib/python3.8/site-packages/airflow/example_dags/example_dynamic_task_mapping_with_no_taskflow_operators.py
[2023-08-28T00:18:53.014+0000] {processor.py:839} INFO - DAG(s) dict_keys(['example_dynamic_task_mapping_with_no_taskflow_operators']) retrieved from /home/airflow/.local/lib/python3.8/site-packages/airflow/example_dags/example_dynamic_task_mapping_with_no_taskflow_operators.py
[2023-08-28T00:18:53.157+0000] {logging_mixin.py:151} INFO - [2023-08-28T00:18:53.156+0000] {dag.py:2907} INFO - Sync 1 DAGs
[2023-08-28T00:18:53.209+0000] {logging_mixin.py:151} INFO - [2023-08-28T00:18:53.209+0000] {dag.py:3677} INFO - Setting next_dagrun for example_dynamic_task_mapping_with_no_taskflow_operators to 2023-08-27T00:18:53.207886+00:00, run_after=2023-08-28T00:18:53.207886+00:00
[2023-08-28T00:18:53.368+0000] {processor.py:179} INFO - Processing /home/airflow/.local/lib/python3.8/site-packages/airflow/example_dags/example_dynamic_task_mapping_with_no_taskflow_operators.py took 0.476 seconds
[2023-08-28T00:19:23.841+0000] {processor.py:157} INFO - Started process (PID=1190) to work on /home/airflow/.local/lib/python3.8/site-packages/airflow/example_dags/example_dynamic_task_mapping_with_no_taskflow_operators.py
[2023-08-28T00:19:23.845+0000] {processor.py:829} INFO - Processing file /home/airflow/.local/lib/python3.8/site-packages/airflow/example_dags/example_dynamic_task_mapping_with_no_taskflow_operators.py for tasks to queue
[2023-08-28T00:19:23.852+0000] {logging_mixin.py:151} INFO - [2023-08-28T00:19:23.850+0000] {dagbag.py:539} INFO - Filling up the DagBag from /home/airflow/.local/lib/python3.8/site-packages/airflow/example_dags/example_dynamic_task_mapping_with_no_taskflow_operators.py
[2023-08-28T00:19:23.881+0000] {processor.py:839} INFO - DAG(s) dict_keys(['example_dynamic_task_mapping_with_no_taskflow_operators']) retrieved from /home/airflow/.local/lib/python3.8/site-packages/airflow/example_dags/example_dynamic_task_mapping_with_no_taskflow_operators.py
[2023-08-28T00:19:25.310+0000] {logging_mixin.py:151} INFO - [2023-08-28T00:19:25.308+0000] {dag.py:2907} INFO - Sync 1 DAGs
[2023-08-28T00:19:25.636+0000] {logging_mixin.py:151} INFO - [2023-08-28T00:19:25.635+0000] {dag.py:3677} INFO - Setting next_dagrun for example_dynamic_task_mapping_with_no_taskflow_operators to 2023-08-27T00:19:25.629491+00:00, run_after=2023-08-28T00:19:25.629491+00:00
[2023-08-28T00:19:25.808+0000] {processor.py:179} INFO - Processing /home/airflow/.local/lib/python3.8/site-packages/airflow/example_dags/example_dynamic_task_mapping_with_no_taskflow_operators.py took 1.973 seconds
[2023-08-28T00:19:56.161+0000] {processor.py:157} INFO - Started process (PID=1245) to work on /home/airflow/.local/lib/python3.8/site-packages/airflow/example_dags/example_dynamic_task_mapping_with_no_taskflow_operators.py
[2023-08-28T00:19:56.165+0000] {processor.py:829} INFO - Processing file /home/airflow/.local/lib/python3.8/site-packages/airflow/example_dags/example_dynamic_task_mapping_with_no_taskflow_operators.py for tasks to queue
[2023-08-28T00:19:56.171+0000] {logging_mixin.py:151} INFO - [2023-08-28T00:19:56.170+0000] {dagbag.py:539} INFO - Filling up the DagBag from /home/airflow/.local/lib/python3.8/site-packages/airflow/example_dags/example_dynamic_task_mapping_with_no_taskflow_operators.py
[2023-08-28T00:19:56.218+0000] {processor.py:839} INFO - DAG(s) dict_keys(['example_dynamic_task_mapping_with_no_taskflow_operators']) retrieved from /home/airflow/.local/lib/python3.8/site-packages/airflow/example_dags/example_dynamic_task_mapping_with_no_taskflow_operators.py
[2023-08-28T00:19:56.438+0000] {logging_mixin.py:151} INFO - [2023-08-28T00:19:56.438+0000] {dag.py:2907} INFO - Sync 1 DAGs
[2023-08-28T00:19:56.707+0000] {logging_mixin.py:151} INFO - [2023-08-28T00:19:56.707+0000] {dag.py:3677} INFO - Setting next_dagrun for example_dynamic_task_mapping_with_no_taskflow_operators to 2023-08-27T00:19:56.704458+00:00, run_after=2023-08-28T00:19:56.704458+00:00
[2023-08-28T00:19:56.776+0000] {processor.py:179} INFO - Processing /home/airflow/.local/lib/python3.8/site-packages/airflow/example_dags/example_dynamic_task_mapping_with_no_taskflow_operators.py took 0.622 seconds
[2023-08-28T00:20:27.046+0000] {processor.py:157} INFO - Started process (PID=1300) to work on /home/airflow/.local/lib/python3.8/site-packages/airflow/example_dags/example_dynamic_task_mapping_with_no_taskflow_operators.py
[2023-08-28T00:20:27.049+0000] {processor.py:829} INFO - Processing file /home/airflow/.local/lib/python3.8/site-packages/airflow/example_dags/example_dynamic_task_mapping_with_no_taskflow_operators.py for tasks to queue
[2023-08-28T00:20:27.055+0000] {logging_mixin.py:151} INFO - [2023-08-28T00:20:27.054+0000] {dagbag.py:539} INFO - Filling up the DagBag from /home/airflow/.local/lib/python3.8/site-packages/airflow/example_dags/example_dynamic_task_mapping_with_no_taskflow_operators.py
[2023-08-28T00:20:27.080+0000] {processor.py:839} INFO - DAG(s) dict_keys(['example_dynamic_task_mapping_with_no_taskflow_operators']) retrieved from /home/airflow/.local/lib/python3.8/site-packages/airflow/example_dags/example_dynamic_task_mapping_with_no_taskflow_operators.py
[2023-08-28T00:20:27.191+0000] {logging_mixin.py:151} INFO - [2023-08-28T00:20:27.191+0000] {dag.py:2907} INFO - Sync 1 DAGs
[2023-08-28T00:20:27.247+0000] {logging_mixin.py:151} INFO - [2023-08-28T00:20:27.246+0000] {dag.py:3677} INFO - Setting next_dagrun for example_dynamic_task_mapping_with_no_taskflow_operators to 2023-08-27T00:20:27.245709+00:00, run_after=2023-08-28T00:20:27.245709+00:00
[2023-08-28T00:20:27.282+0000] {processor.py:179} INFO - Processing /home/airflow/.local/lib/python3.8/site-packages/airflow/example_dags/example_dynamic_task_mapping_with_no_taskflow_operators.py took 0.243 seconds
[2023-08-28T00:20:58.105+0000] {processor.py:157} INFO - Started process (PID=1355) to work on /home/airflow/.local/lib/python3.8/site-packages/airflow/example_dags/example_dynamic_task_mapping_with_no_taskflow_operators.py
[2023-08-28T00:20:58.110+0000] {processor.py:829} INFO - Processing file /home/airflow/.local/lib/python3.8/site-packages/airflow/example_dags/example_dynamic_task_mapping_with_no_taskflow_operators.py for tasks to queue
[2023-08-28T00:20:58.113+0000] {logging_mixin.py:151} INFO - [2023-08-28T00:20:58.113+0000] {dagbag.py:539} INFO - Filling up the DagBag from /home/airflow/.local/lib/python3.8/site-packages/airflow/example_dags/example_dynamic_task_mapping_with_no_taskflow_operators.py
[2023-08-28T00:20:58.125+0000] {processor.py:839} INFO - DAG(s) dict_keys(['example_dynamic_task_mapping_with_no_taskflow_operators']) retrieved from /home/airflow/.local/lib/python3.8/site-packages/airflow/example_dags/example_dynamic_task_mapping_with_no_taskflow_operators.py
[2023-08-28T00:20:58.229+0000] {logging_mixin.py:151} INFO - [2023-08-28T00:20:58.229+0000] {dag.py:2907} INFO - Sync 1 DAGs
[2023-08-28T00:20:58.281+0000] {logging_mixin.py:151} INFO - [2023-08-28T00:20:58.281+0000] {dag.py:3677} INFO - Setting next_dagrun for example_dynamic_task_mapping_with_no_taskflow_operators to 2023-08-27T00:20:58.279987+00:00, run_after=2023-08-28T00:20:58.279987+00:00
[2023-08-28T00:20:58.344+0000] {processor.py:179} INFO - Processing /home/airflow/.local/lib/python3.8/site-packages/airflow/example_dags/example_dynamic_task_mapping_with_no_taskflow_operators.py took 0.242 seconds
[2023-08-28T00:21:28.631+0000] {processor.py:157} INFO - Started process (PID=1410) to work on /home/airflow/.local/lib/python3.8/site-packages/airflow/example_dags/example_dynamic_task_mapping_with_no_taskflow_operators.py
[2023-08-28T00:21:28.633+0000] {processor.py:829} INFO - Processing file /home/airflow/.local/lib/python3.8/site-packages/airflow/example_dags/example_dynamic_task_mapping_with_no_taskflow_operators.py for tasks to queue
[2023-08-28T00:21:28.636+0000] {logging_mixin.py:151} INFO - [2023-08-28T00:21:28.636+0000] {dagbag.py:539} INFO - Filling up the DagBag from /home/airflow/.local/lib/python3.8/site-packages/airflow/example_dags/example_dynamic_task_mapping_with_no_taskflow_operators.py
[2023-08-28T00:21:28.651+0000] {processor.py:839} INFO - DAG(s) dict_keys(['example_dynamic_task_mapping_with_no_taskflow_operators']) retrieved from /home/airflow/.local/lib/python3.8/site-packages/airflow/example_dags/example_dynamic_task_mapping_with_no_taskflow_operators.py
[2023-08-28T00:21:28.750+0000] {logging_mixin.py:151} INFO - [2023-08-28T00:21:28.750+0000] {dag.py:2907} INFO - Sync 1 DAGs
[2023-08-28T00:21:28.808+0000] {logging_mixin.py:151} INFO - [2023-08-28T00:21:28.808+0000] {dag.py:3677} INFO - Setting next_dagrun for example_dynamic_task_mapping_with_no_taskflow_operators to 2023-08-27T00:21:28.807402+00:00, run_after=2023-08-28T00:21:28.807402+00:00
[2023-08-28T00:21:28.854+0000] {processor.py:179} INFO - Processing /home/airflow/.local/lib/python3.8/site-packages/airflow/example_dags/example_dynamic_task_mapping_with_no_taskflow_operators.py took 0.228 seconds
[2023-08-28T00:21:59.553+0000] {processor.py:157} INFO - Started process (PID=1465) to work on /home/airflow/.local/lib/python3.8/site-packages/airflow/example_dags/example_dynamic_task_mapping_with_no_taskflow_operators.py
[2023-08-28T00:21:59.557+0000] {processor.py:829} INFO - Processing file /home/airflow/.local/lib/python3.8/site-packages/airflow/example_dags/example_dynamic_task_mapping_with_no_taskflow_operators.py for tasks to queue
[2023-08-28T00:21:59.564+0000] {logging_mixin.py:151} INFO - [2023-08-28T00:21:59.563+0000] {dagbag.py:539} INFO - Filling up the DagBag from /home/airflow/.local/lib/python3.8/site-packages/airflow/example_dags/example_dynamic_task_mapping_with_no_taskflow_operators.py
[2023-08-28T00:21:59.590+0000] {processor.py:839} INFO - DAG(s) dict_keys(['example_dynamic_task_mapping_with_no_taskflow_operators']) retrieved from /home/airflow/.local/lib/python3.8/site-packages/airflow/example_dags/example_dynamic_task_mapping_with_no_taskflow_operators.py
[2023-08-28T00:21:59.728+0000] {logging_mixin.py:151} INFO - [2023-08-28T00:21:59.728+0000] {dag.py:2907} INFO - Sync 1 DAGs
[2023-08-28T00:21:59.799+0000] {logging_mixin.py:151} INFO - [2023-08-28T00:21:59.799+0000] {dag.py:3677} INFO - Setting next_dagrun for example_dynamic_task_mapping_with_no_taskflow_operators to 2023-08-27T00:21:59.798282+00:00, run_after=2023-08-28T00:21:59.798282+00:00
[2023-08-28T00:21:59.831+0000] {processor.py:179} INFO - Processing /home/airflow/.local/lib/python3.8/site-packages/airflow/example_dags/example_dynamic_task_mapping_with_no_taskflow_operators.py took 0.294 seconds
