[2023-08-28T00:02:02.391+0000] {processor.py:157} INFO - Started process (PID=54) to work on /home/airflow/.local/lib/python3.8/site-packages/airflow/example_dags/example_sensor_decorator.py
[2023-08-28T00:02:02.392+0000] {processor.py:829} INFO - Processing file /home/airflow/.local/lib/python3.8/site-packages/airflow/example_dags/example_sensor_decorator.py for tasks to queue
[2023-08-28T00:02:02.396+0000] {logging_mixin.py:151} INFO - [2023-08-28T00:02:02.396+0000] {dagbag.py:539} INFO - Filling up the DagBag from /home/airflow/.local/lib/python3.8/site-packages/airflow/example_dags/example_sensor_decorator.py
[2023-08-28T00:02:02.406+0000] {processor.py:839} INFO - DAG(s) dict_keys(['example_sensor_decorator']) retrieved from /home/airflow/.local/lib/python3.8/site-packages/airflow/example_dags/example_sensor_decorator.py
[2023-08-28T00:02:02.713+0000] {logging_mixin.py:151} INFO - [2023-08-28T00:02:02.712+0000] {manager.py:501} INFO - Created Permission View: can edit on DAG:example_sensor_decorator
[2023-08-28T00:02:02.729+0000] {logging_mixin.py:151} INFO - [2023-08-28T00:02:02.729+0000] {manager.py:501} INFO - Created Permission View: can delete on DAG:example_sensor_decorator
[2023-08-28T00:02:02.742+0000] {logging_mixin.py:151} INFO - [2023-08-28T00:02:02.741+0000] {manager.py:501} INFO - Created Permission View: can read on DAG:example_sensor_decorator
[2023-08-28T00:02:02.771+0000] {logging_mixin.py:151} INFO - [2023-08-28T00:02:02.771+0000] {dag.py:2907} INFO - Sync 1 DAGs
[2023-08-28T00:02:02.792+0000] {logging_mixin.py:151} INFO - [2023-08-28T00:02:02.791+0000] {dag.py:2929} INFO - Creating ORM DAG for example_sensor_decorator
[2023-08-28T00:02:02.796+0000] {logging_mixin.py:151} INFO - [2023-08-28T00:02:02.796+0000] {dag.py:3677} INFO - Setting next_dagrun for example_sensor_decorator to None, run_after=None
[2023-08-28T00:02:02.831+0000] {processor.py:179} INFO - Processing /home/airflow/.local/lib/python3.8/site-packages/airflow/example_dags/example_sensor_decorator.py took 0.444 seconds
[2023-08-28T00:02:33.177+0000] {processor.py:157} INFO - Started process (PID=109) to work on /home/airflow/.local/lib/python3.8/site-packages/airflow/example_dags/example_sensor_decorator.py
[2023-08-28T00:02:33.178+0000] {processor.py:829} INFO - Processing file /home/airflow/.local/lib/python3.8/site-packages/airflow/example_dags/example_sensor_decorator.py for tasks to queue
[2023-08-28T00:02:33.180+0000] {logging_mixin.py:151} INFO - [2023-08-28T00:02:33.180+0000] {dagbag.py:539} INFO - Filling up the DagBag from /home/airflow/.local/lib/python3.8/site-packages/airflow/example_dags/example_sensor_decorator.py
[2023-08-28T00:02:33.189+0000] {processor.py:839} INFO - DAG(s) dict_keys(['example_sensor_decorator']) retrieved from /home/airflow/.local/lib/python3.8/site-packages/airflow/example_dags/example_sensor_decorator.py
[2023-08-28T00:02:33.351+0000] {logging_mixin.py:151} INFO - [2023-08-28T00:02:33.351+0000] {dag.py:2907} INFO - Sync 1 DAGs
[2023-08-28T00:02:33.375+0000] {logging_mixin.py:151} INFO - [2023-08-28T00:02:33.375+0000] {dag.py:3677} INFO - Setting next_dagrun for example_sensor_decorator to None, run_after=None
[2023-08-28T00:02:33.400+0000] {processor.py:179} INFO - Processing /home/airflow/.local/lib/python3.8/site-packages/airflow/example_dags/example_sensor_decorator.py took 0.226 seconds
[2023-08-28T00:03:03.646+0000] {processor.py:157} INFO - Started process (PID=164) to work on /home/airflow/.local/lib/python3.8/site-packages/airflow/example_dags/example_sensor_decorator.py
[2023-08-28T00:03:03.648+0000] {processor.py:829} INFO - Processing file /home/airflow/.local/lib/python3.8/site-packages/airflow/example_dags/example_sensor_decorator.py for tasks to queue
[2023-08-28T00:03:03.650+0000] {logging_mixin.py:151} INFO - [2023-08-28T00:03:03.650+0000] {dagbag.py:539} INFO - Filling up the DagBag from /home/airflow/.local/lib/python3.8/site-packages/airflow/example_dags/example_sensor_decorator.py
[2023-08-28T00:03:03.660+0000] {processor.py:839} INFO - DAG(s) dict_keys(['example_sensor_decorator']) retrieved from /home/airflow/.local/lib/python3.8/site-packages/airflow/example_dags/example_sensor_decorator.py
[2023-08-28T00:03:03.734+0000] {logging_mixin.py:151} INFO - [2023-08-28T00:03:03.733+0000] {dag.py:2907} INFO - Sync 1 DAGs
[2023-08-28T00:03:03.751+0000] {logging_mixin.py:151} INFO - [2023-08-28T00:03:03.751+0000] {dag.py:3677} INFO - Setting next_dagrun for example_sensor_decorator to None, run_after=None
[2023-08-28T00:03:03.777+0000] {processor.py:179} INFO - Processing /home/airflow/.local/lib/python3.8/site-packages/airflow/example_dags/example_sensor_decorator.py took 0.133 seconds
[2023-08-28T00:03:33.982+0000] {processor.py:157} INFO - Started process (PID=218) to work on /home/airflow/.local/lib/python3.8/site-packages/airflow/example_dags/example_sensor_decorator.py
[2023-08-28T00:03:33.984+0000] {processor.py:829} INFO - Processing file /home/airflow/.local/lib/python3.8/site-packages/airflow/example_dags/example_sensor_decorator.py for tasks to queue
[2023-08-28T00:03:33.989+0000] {logging_mixin.py:151} INFO - [2023-08-28T00:03:33.988+0000] {dagbag.py:539} INFO - Filling up the DagBag from /home/airflow/.local/lib/python3.8/site-packages/airflow/example_dags/example_sensor_decorator.py
[2023-08-28T00:03:34.003+0000] {processor.py:839} INFO - DAG(s) dict_keys(['example_sensor_decorator']) retrieved from /home/airflow/.local/lib/python3.8/site-packages/airflow/example_dags/example_sensor_decorator.py
[2023-08-28T00:03:34.095+0000] {logging_mixin.py:151} INFO - [2023-08-28T00:03:34.094+0000] {dag.py:2907} INFO - Sync 1 DAGs
[2023-08-28T00:03:34.117+0000] {logging_mixin.py:151} INFO - [2023-08-28T00:03:34.116+0000] {dag.py:3677} INFO - Setting next_dagrun for example_sensor_decorator to None, run_after=None
[2023-08-28T00:03:34.165+0000] {processor.py:179} INFO - Processing /home/airflow/.local/lib/python3.8/site-packages/airflow/example_dags/example_sensor_decorator.py took 0.186 seconds
[2023-08-28T00:04:04.810+0000] {processor.py:157} INFO - Started process (PID=273) to work on /home/airflow/.local/lib/python3.8/site-packages/airflow/example_dags/example_sensor_decorator.py
[2023-08-28T00:04:04.813+0000] {processor.py:829} INFO - Processing file /home/airflow/.local/lib/python3.8/site-packages/airflow/example_dags/example_sensor_decorator.py for tasks to queue
[2023-08-28T00:04:04.822+0000] {logging_mixin.py:151} INFO - [2023-08-28T00:04:04.821+0000] {dagbag.py:539} INFO - Filling up the DagBag from /home/airflow/.local/lib/python3.8/site-packages/airflow/example_dags/example_sensor_decorator.py
[2023-08-28T00:04:04.841+0000] {processor.py:839} INFO - DAG(s) dict_keys(['example_sensor_decorator']) retrieved from /home/airflow/.local/lib/python3.8/site-packages/airflow/example_dags/example_sensor_decorator.py
[2023-08-28T00:04:04.918+0000] {logging_mixin.py:151} INFO - [2023-08-28T00:04:04.917+0000] {dag.py:2907} INFO - Sync 1 DAGs
[2023-08-28T00:04:04.937+0000] {logging_mixin.py:151} INFO - [2023-08-28T00:04:04.936+0000] {dag.py:3677} INFO - Setting next_dagrun for example_sensor_decorator to None, run_after=None
[2023-08-28T00:04:04.973+0000] {processor.py:179} INFO - Processing /home/airflow/.local/lib/python3.8/site-packages/airflow/example_dags/example_sensor_decorator.py took 0.166 seconds
[2023-08-28T00:04:36.190+0000] {processor.py:157} INFO - Started process (PID=328) to work on /home/airflow/.local/lib/python3.8/site-packages/airflow/example_dags/example_sensor_decorator.py
[2023-08-28T00:04:36.192+0000] {processor.py:829} INFO - Processing file /home/airflow/.local/lib/python3.8/site-packages/airflow/example_dags/example_sensor_decorator.py for tasks to queue
[2023-08-28T00:04:36.195+0000] {logging_mixin.py:151} INFO - [2023-08-28T00:04:36.195+0000] {dagbag.py:539} INFO - Filling up the DagBag from /home/airflow/.local/lib/python3.8/site-packages/airflow/example_dags/example_sensor_decorator.py
[2023-08-28T00:04:36.207+0000] {processor.py:839} INFO - DAG(s) dict_keys(['example_sensor_decorator']) retrieved from /home/airflow/.local/lib/python3.8/site-packages/airflow/example_dags/example_sensor_decorator.py
[2023-08-28T00:04:36.286+0000] {logging_mixin.py:151} INFO - [2023-08-28T00:04:36.286+0000] {dag.py:2907} INFO - Sync 1 DAGs
[2023-08-28T00:04:36.305+0000] {logging_mixin.py:151} INFO - [2023-08-28T00:04:36.305+0000] {dag.py:3677} INFO - Setting next_dagrun for example_sensor_decorator to None, run_after=None
[2023-08-28T00:04:36.331+0000] {processor.py:179} INFO - Processing /home/airflow/.local/lib/python3.8/site-packages/airflow/example_dags/example_sensor_decorator.py took 0.145 seconds
[2023-08-28T00:05:06.600+0000] {processor.py:157} INFO - Started process (PID=383) to work on /home/airflow/.local/lib/python3.8/site-packages/airflow/example_dags/example_sensor_decorator.py
[2023-08-28T00:05:06.602+0000] {processor.py:829} INFO - Processing file /home/airflow/.local/lib/python3.8/site-packages/airflow/example_dags/example_sensor_decorator.py for tasks to queue
[2023-08-28T00:05:06.604+0000] {logging_mixin.py:151} INFO - [2023-08-28T00:05:06.604+0000] {dagbag.py:539} INFO - Filling up the DagBag from /home/airflow/.local/lib/python3.8/site-packages/airflow/example_dags/example_sensor_decorator.py
[2023-08-28T00:05:06.613+0000] {processor.py:839} INFO - DAG(s) dict_keys(['example_sensor_decorator']) retrieved from /home/airflow/.local/lib/python3.8/site-packages/airflow/example_dags/example_sensor_decorator.py
[2023-08-28T00:05:06.684+0000] {logging_mixin.py:151} INFO - [2023-08-28T00:05:06.684+0000] {dag.py:2907} INFO - Sync 1 DAGs
[2023-08-28T00:05:06.701+0000] {logging_mixin.py:151} INFO - [2023-08-28T00:05:06.701+0000] {dag.py:3677} INFO - Setting next_dagrun for example_sensor_decorator to None, run_after=None
[2023-08-28T00:05:06.725+0000] {processor.py:179} INFO - Processing /home/airflow/.local/lib/python3.8/site-packages/airflow/example_dags/example_sensor_decorator.py took 0.128 seconds
[2023-08-28T00:08:48.623+0000] {processor.py:157} INFO - Started process (PID=62) to work on /home/airflow/.local/lib/python3.8/site-packages/airflow/example_dags/example_sensor_decorator.py
[2023-08-28T00:08:48.639+0000] {processor.py:829} INFO - Processing file /home/airflow/.local/lib/python3.8/site-packages/airflow/example_dags/example_sensor_decorator.py for tasks to queue
[2023-08-28T00:08:48.647+0000] {logging_mixin.py:151} INFO - [2023-08-28T00:08:48.646+0000] {dagbag.py:539} INFO - Filling up the DagBag from /home/airflow/.local/lib/python3.8/site-packages/airflow/example_dags/example_sensor_decorator.py
[2023-08-28T00:08:48.674+0000] {processor.py:839} INFO - DAG(s) dict_keys(['example_sensor_decorator']) retrieved from /home/airflow/.local/lib/python3.8/site-packages/airflow/example_dags/example_sensor_decorator.py
[2023-08-28T00:08:48.890+0000] {logging_mixin.py:151} INFO - [2023-08-28T00:08:48.890+0000] {dag.py:2907} INFO - Sync 1 DAGs
[2023-08-28T00:08:48.927+0000] {logging_mixin.py:151} INFO - [2023-08-28T00:08:48.927+0000] {dag.py:3677} INFO - Setting next_dagrun for example_sensor_decorator to None, run_after=None
[2023-08-28T00:08:49.006+0000] {processor.py:179} INFO - Processing /home/airflow/.local/lib/python3.8/site-packages/airflow/example_dags/example_sensor_decorator.py took 0.387 seconds
[2023-08-28T00:09:19.082+0000] {processor.py:157} INFO - Started process (PID=117) to work on /home/airflow/.local/lib/python3.8/site-packages/airflow/example_dags/example_sensor_decorator.py
[2023-08-28T00:09:19.085+0000] {processor.py:829} INFO - Processing file /home/airflow/.local/lib/python3.8/site-packages/airflow/example_dags/example_sensor_decorator.py for tasks to queue
[2023-08-28T00:09:19.088+0000] {logging_mixin.py:151} INFO - [2023-08-28T00:09:19.088+0000] {dagbag.py:539} INFO - Filling up the DagBag from /home/airflow/.local/lib/python3.8/site-packages/airflow/example_dags/example_sensor_decorator.py
[2023-08-28T00:09:19.101+0000] {processor.py:839} INFO - DAG(s) dict_keys(['example_sensor_decorator']) retrieved from /home/airflow/.local/lib/python3.8/site-packages/airflow/example_dags/example_sensor_decorator.py
[2023-08-28T00:09:19.275+0000] {logging_mixin.py:151} INFO - [2023-08-28T00:09:19.275+0000] {dag.py:2907} INFO - Sync 1 DAGs
[2023-08-28T00:09:19.292+0000] {logging_mixin.py:151} INFO - [2023-08-28T00:09:19.291+0000] {dag.py:3677} INFO - Setting next_dagrun for example_sensor_decorator to None, run_after=None
[2023-08-28T00:09:19.326+0000] {processor.py:179} INFO - Processing /home/airflow/.local/lib/python3.8/site-packages/airflow/example_dags/example_sensor_decorator.py took 0.248 seconds
[2023-08-28T00:09:49.402+0000] {processor.py:157} INFO - Started process (PID=172) to work on /home/airflow/.local/lib/python3.8/site-packages/airflow/example_dags/example_sensor_decorator.py
[2023-08-28T00:09:49.404+0000] {processor.py:829} INFO - Processing file /home/airflow/.local/lib/python3.8/site-packages/airflow/example_dags/example_sensor_decorator.py for tasks to queue
[2023-08-28T00:09:49.407+0000] {logging_mixin.py:151} INFO - [2023-08-28T00:09:49.406+0000] {dagbag.py:539} INFO - Filling up the DagBag from /home/airflow/.local/lib/python3.8/site-packages/airflow/example_dags/example_sensor_decorator.py
[2023-08-28T00:09:49.418+0000] {processor.py:839} INFO - DAG(s) dict_keys(['example_sensor_decorator']) retrieved from /home/airflow/.local/lib/python3.8/site-packages/airflow/example_dags/example_sensor_decorator.py
[2023-08-28T00:09:49.508+0000] {logging_mixin.py:151} INFO - [2023-08-28T00:09:49.508+0000] {dag.py:2907} INFO - Sync 1 DAGs
[2023-08-28T00:09:49.528+0000] {logging_mixin.py:151} INFO - [2023-08-28T00:09:49.528+0000] {dag.py:3677} INFO - Setting next_dagrun for example_sensor_decorator to None, run_after=None
[2023-08-28T00:09:49.555+0000] {processor.py:179} INFO - Processing /home/airflow/.local/lib/python3.8/site-packages/airflow/example_dags/example_sensor_decorator.py took 0.158 seconds
[2023-08-28T00:10:20.503+0000] {processor.py:157} INFO - Started process (PID=227) to work on /home/airflow/.local/lib/python3.8/site-packages/airflow/example_dags/example_sensor_decorator.py
[2023-08-28T00:10:20.505+0000] {processor.py:829} INFO - Processing file /home/airflow/.local/lib/python3.8/site-packages/airflow/example_dags/example_sensor_decorator.py for tasks to queue
[2023-08-28T00:10:20.507+0000] {logging_mixin.py:151} INFO - [2023-08-28T00:10:20.506+0000] {dagbag.py:539} INFO - Filling up the DagBag from /home/airflow/.local/lib/python3.8/site-packages/airflow/example_dags/example_sensor_decorator.py
[2023-08-28T00:10:20.515+0000] {processor.py:839} INFO - DAG(s) dict_keys(['example_sensor_decorator']) retrieved from /home/airflow/.local/lib/python3.8/site-packages/airflow/example_dags/example_sensor_decorator.py
[2023-08-28T00:10:20.606+0000] {logging_mixin.py:151} INFO - [2023-08-28T00:10:20.606+0000] {dag.py:2907} INFO - Sync 1 DAGs
[2023-08-28T00:10:20.623+0000] {logging_mixin.py:151} INFO - [2023-08-28T00:10:20.623+0000] {dag.py:3677} INFO - Setting next_dagrun for example_sensor_decorator to None, run_after=None
[2023-08-28T00:10:20.658+0000] {processor.py:179} INFO - Processing /home/airflow/.local/lib/python3.8/site-packages/airflow/example_dags/example_sensor_decorator.py took 0.158 seconds
[2023-08-28T00:10:51.318+0000] {processor.py:157} INFO - Started process (PID=282) to work on /home/airflow/.local/lib/python3.8/site-packages/airflow/example_dags/example_sensor_decorator.py
[2023-08-28T00:10:51.319+0000] {processor.py:829} INFO - Processing file /home/airflow/.local/lib/python3.8/site-packages/airflow/example_dags/example_sensor_decorator.py for tasks to queue
[2023-08-28T00:10:51.322+0000] {logging_mixin.py:151} INFO - [2023-08-28T00:10:51.321+0000] {dagbag.py:539} INFO - Filling up the DagBag from /home/airflow/.local/lib/python3.8/site-packages/airflow/example_dags/example_sensor_decorator.py
[2023-08-28T00:10:51.334+0000] {processor.py:839} INFO - DAG(s) dict_keys(['example_sensor_decorator']) retrieved from /home/airflow/.local/lib/python3.8/site-packages/airflow/example_dags/example_sensor_decorator.py
[2023-08-28T00:10:51.418+0000] {logging_mixin.py:151} INFO - [2023-08-28T00:10:51.418+0000] {dag.py:2907} INFO - Sync 1 DAGs
[2023-08-28T00:10:51.437+0000] {logging_mixin.py:151} INFO - [2023-08-28T00:10:51.437+0000] {dag.py:3677} INFO - Setting next_dagrun for example_sensor_decorator to None, run_after=None
[2023-08-28T00:10:51.474+0000] {processor.py:179} INFO - Processing /home/airflow/.local/lib/python3.8/site-packages/airflow/example_dags/example_sensor_decorator.py took 0.161 seconds
[2023-08-28T00:11:22.002+0000] {processor.py:157} INFO - Started process (PID=336) to work on /home/airflow/.local/lib/python3.8/site-packages/airflow/example_dags/example_sensor_decorator.py
[2023-08-28T00:11:22.005+0000] {processor.py:829} INFO - Processing file /home/airflow/.local/lib/python3.8/site-packages/airflow/example_dags/example_sensor_decorator.py for tasks to queue
[2023-08-28T00:11:22.008+0000] {logging_mixin.py:151} INFO - [2023-08-28T00:11:22.008+0000] {dagbag.py:539} INFO - Filling up the DagBag from /home/airflow/.local/lib/python3.8/site-packages/airflow/example_dags/example_sensor_decorator.py
[2023-08-28T00:11:22.022+0000] {processor.py:839} INFO - DAG(s) dict_keys(['example_sensor_decorator']) retrieved from /home/airflow/.local/lib/python3.8/site-packages/airflow/example_dags/example_sensor_decorator.py
[2023-08-28T00:11:22.097+0000] {logging_mixin.py:151} INFO - [2023-08-28T00:11:22.097+0000] {dag.py:2907} INFO - Sync 1 DAGs
[2023-08-28T00:11:22.115+0000] {logging_mixin.py:151} INFO - [2023-08-28T00:11:22.115+0000] {dag.py:3677} INFO - Setting next_dagrun for example_sensor_decorator to None, run_after=None
[2023-08-28T00:11:22.144+0000] {processor.py:179} INFO - Processing /home/airflow/.local/lib/python3.8/site-packages/airflow/example_dags/example_sensor_decorator.py took 0.146 seconds
[2023-08-28T00:11:52.702+0000] {processor.py:157} INFO - Started process (PID=390) to work on /home/airflow/.local/lib/python3.8/site-packages/airflow/example_dags/example_sensor_decorator.py
[2023-08-28T00:11:52.704+0000] {processor.py:829} INFO - Processing file /home/airflow/.local/lib/python3.8/site-packages/airflow/example_dags/example_sensor_decorator.py for tasks to queue
[2023-08-28T00:11:52.707+0000] {logging_mixin.py:151} INFO - [2023-08-28T00:11:52.706+0000] {dagbag.py:539} INFO - Filling up the DagBag from /home/airflow/.local/lib/python3.8/site-packages/airflow/example_dags/example_sensor_decorator.py
[2023-08-28T00:11:52.717+0000] {processor.py:839} INFO - DAG(s) dict_keys(['example_sensor_decorator']) retrieved from /home/airflow/.local/lib/python3.8/site-packages/airflow/example_dags/example_sensor_decorator.py
[2023-08-28T00:11:52.790+0000] {logging_mixin.py:151} INFO - [2023-08-28T00:11:52.790+0000] {dag.py:2907} INFO - Sync 1 DAGs
[2023-08-28T00:11:52.808+0000] {logging_mixin.py:151} INFO - [2023-08-28T00:11:52.808+0000] {dag.py:3677} INFO - Setting next_dagrun for example_sensor_decorator to None, run_after=None
[2023-08-28T00:11:52.834+0000] {processor.py:179} INFO - Processing /home/airflow/.local/lib/python3.8/site-packages/airflow/example_dags/example_sensor_decorator.py took 0.135 seconds
[2023-08-28T00:12:23.856+0000] {processor.py:157} INFO - Started process (PID=445) to work on /home/airflow/.local/lib/python3.8/site-packages/airflow/example_dags/example_sensor_decorator.py
[2023-08-28T00:12:23.859+0000] {processor.py:829} INFO - Processing file /home/airflow/.local/lib/python3.8/site-packages/airflow/example_dags/example_sensor_decorator.py for tasks to queue
[2023-08-28T00:12:23.862+0000] {logging_mixin.py:151} INFO - [2023-08-28T00:12:23.862+0000] {dagbag.py:539} INFO - Filling up the DagBag from /home/airflow/.local/lib/python3.8/site-packages/airflow/example_dags/example_sensor_decorator.py
[2023-08-28T00:12:23.881+0000] {processor.py:839} INFO - DAG(s) dict_keys(['example_sensor_decorator']) retrieved from /home/airflow/.local/lib/python3.8/site-packages/airflow/example_dags/example_sensor_decorator.py
[2023-08-28T00:12:24.691+0000] {logging_mixin.py:151} INFO - [2023-08-28T00:12:24.689+0000] {dag.py:2907} INFO - Sync 1 DAGs
[2023-08-28T00:12:24.723+0000] {logging_mixin.py:151} INFO - [2023-08-28T00:12:24.723+0000] {dag.py:3677} INFO - Setting next_dagrun for example_sensor_decorator to None, run_after=None
[2023-08-28T00:12:24.810+0000] {processor.py:179} INFO - Processing /home/airflow/.local/lib/python3.8/site-packages/airflow/example_dags/example_sensor_decorator.py took 0.958 seconds
[2023-08-28T00:12:54.928+0000] {processor.py:157} INFO - Started process (PID=499) to work on /home/airflow/.local/lib/python3.8/site-packages/airflow/example_dags/example_sensor_decorator.py
[2023-08-28T00:12:54.929+0000] {processor.py:829} INFO - Processing file /home/airflow/.local/lib/python3.8/site-packages/airflow/example_dags/example_sensor_decorator.py for tasks to queue
[2023-08-28T00:12:54.932+0000] {logging_mixin.py:151} INFO - [2023-08-28T00:12:54.932+0000] {dagbag.py:539} INFO - Filling up the DagBag from /home/airflow/.local/lib/python3.8/site-packages/airflow/example_dags/example_sensor_decorator.py
[2023-08-28T00:12:54.942+0000] {processor.py:839} INFO - DAG(s) dict_keys(['example_sensor_decorator']) retrieved from /home/airflow/.local/lib/python3.8/site-packages/airflow/example_dags/example_sensor_decorator.py
[2023-08-28T00:12:55.046+0000] {logging_mixin.py:151} INFO - [2023-08-28T00:12:55.045+0000] {dag.py:2907} INFO - Sync 1 DAGs
[2023-08-28T00:12:55.083+0000] {logging_mixin.py:151} INFO - [2023-08-28T00:12:55.083+0000] {dag.py:3677} INFO - Setting next_dagrun for example_sensor_decorator to None, run_after=None
[2023-08-28T00:12:55.112+0000] {processor.py:179} INFO - Processing /home/airflow/.local/lib/python3.8/site-packages/airflow/example_dags/example_sensor_decorator.py took 0.188 seconds
[2023-08-28T00:13:26.033+0000] {processor.py:157} INFO - Started process (PID=554) to work on /home/airflow/.local/lib/python3.8/site-packages/airflow/example_dags/example_sensor_decorator.py
[2023-08-28T00:13:26.035+0000] {processor.py:829} INFO - Processing file /home/airflow/.local/lib/python3.8/site-packages/airflow/example_dags/example_sensor_decorator.py for tasks to queue
[2023-08-28T00:13:26.037+0000] {logging_mixin.py:151} INFO - [2023-08-28T00:13:26.037+0000] {dagbag.py:539} INFO - Filling up the DagBag from /home/airflow/.local/lib/python3.8/site-packages/airflow/example_dags/example_sensor_decorator.py
[2023-08-28T00:13:26.047+0000] {processor.py:839} INFO - DAG(s) dict_keys(['example_sensor_decorator']) retrieved from /home/airflow/.local/lib/python3.8/site-packages/airflow/example_dags/example_sensor_decorator.py
[2023-08-28T00:13:26.138+0000] {logging_mixin.py:151} INFO - [2023-08-28T00:13:26.137+0000] {dag.py:2907} INFO - Sync 1 DAGs
[2023-08-28T00:13:26.159+0000] {logging_mixin.py:151} INFO - [2023-08-28T00:13:26.159+0000] {dag.py:3677} INFO - Setting next_dagrun for example_sensor_decorator to None, run_after=None
[2023-08-28T00:13:26.198+0000] {processor.py:179} INFO - Processing /home/airflow/.local/lib/python3.8/site-packages/airflow/example_dags/example_sensor_decorator.py took 0.168 seconds
[2023-08-28T00:13:56.333+0000] {processor.py:157} INFO - Started process (PID=609) to work on /home/airflow/.local/lib/python3.8/site-packages/airflow/example_dags/example_sensor_decorator.py
[2023-08-28T00:13:56.335+0000] {processor.py:829} INFO - Processing file /home/airflow/.local/lib/python3.8/site-packages/airflow/example_dags/example_sensor_decorator.py for tasks to queue
[2023-08-28T00:13:56.337+0000] {logging_mixin.py:151} INFO - [2023-08-28T00:13:56.336+0000] {dagbag.py:539} INFO - Filling up the DagBag from /home/airflow/.local/lib/python3.8/site-packages/airflow/example_dags/example_sensor_decorator.py
[2023-08-28T00:13:56.346+0000] {processor.py:839} INFO - DAG(s) dict_keys(['example_sensor_decorator']) retrieved from /home/airflow/.local/lib/python3.8/site-packages/airflow/example_dags/example_sensor_decorator.py
[2023-08-28T00:13:56.433+0000] {logging_mixin.py:151} INFO - [2023-08-28T00:13:56.433+0000] {dag.py:2907} INFO - Sync 1 DAGs
[2023-08-28T00:13:56.450+0000] {logging_mixin.py:151} INFO - [2023-08-28T00:13:56.450+0000] {dag.py:3677} INFO - Setting next_dagrun for example_sensor_decorator to None, run_after=None
[2023-08-28T00:13:56.477+0000] {processor.py:179} INFO - Processing /home/airflow/.local/lib/python3.8/site-packages/airflow/example_dags/example_sensor_decorator.py took 0.147 seconds
[2023-08-28T00:14:26.988+0000] {processor.py:157} INFO - Started process (PID=664) to work on /home/airflow/.local/lib/python3.8/site-packages/airflow/example_dags/example_sensor_decorator.py
[2023-08-28T00:14:26.989+0000] {processor.py:829} INFO - Processing file /home/airflow/.local/lib/python3.8/site-packages/airflow/example_dags/example_sensor_decorator.py for tasks to queue
[2023-08-28T00:14:26.992+0000] {logging_mixin.py:151} INFO - [2023-08-28T00:14:26.992+0000] {dagbag.py:539} INFO - Filling up the DagBag from /home/airflow/.local/lib/python3.8/site-packages/airflow/example_dags/example_sensor_decorator.py
[2023-08-28T00:14:27.001+0000] {processor.py:839} INFO - DAG(s) dict_keys(['example_sensor_decorator']) retrieved from /home/airflow/.local/lib/python3.8/site-packages/airflow/example_dags/example_sensor_decorator.py
[2023-08-28T00:14:27.106+0000] {logging_mixin.py:151} INFO - [2023-08-28T00:14:27.106+0000] {dag.py:2907} INFO - Sync 1 DAGs
[2023-08-28T00:14:27.127+0000] {logging_mixin.py:151} INFO - [2023-08-28T00:14:27.126+0000] {dag.py:3677} INFO - Setting next_dagrun for example_sensor_decorator to None, run_after=None
[2023-08-28T00:14:27.183+0000] {processor.py:179} INFO - Processing /home/airflow/.local/lib/python3.8/site-packages/airflow/example_dags/example_sensor_decorator.py took 0.198 seconds
[2023-08-28T00:14:58.136+0000] {processor.py:157} INFO - Started process (PID=719) to work on /home/airflow/.local/lib/python3.8/site-packages/airflow/example_dags/example_sensor_decorator.py
[2023-08-28T00:14:58.138+0000] {processor.py:829} INFO - Processing file /home/airflow/.local/lib/python3.8/site-packages/airflow/example_dags/example_sensor_decorator.py for tasks to queue
[2023-08-28T00:14:58.140+0000] {logging_mixin.py:151} INFO - [2023-08-28T00:14:58.140+0000] {dagbag.py:539} INFO - Filling up the DagBag from /home/airflow/.local/lib/python3.8/site-packages/airflow/example_dags/example_sensor_decorator.py
[2023-08-28T00:14:58.149+0000] {processor.py:839} INFO - DAG(s) dict_keys(['example_sensor_decorator']) retrieved from /home/airflow/.local/lib/python3.8/site-packages/airflow/example_dags/example_sensor_decorator.py
[2023-08-28T00:14:58.225+0000] {logging_mixin.py:151} INFO - [2023-08-28T00:14:58.225+0000] {dag.py:2907} INFO - Sync 1 DAGs
[2023-08-28T00:14:58.243+0000] {logging_mixin.py:151} INFO - [2023-08-28T00:14:58.242+0000] {dag.py:3677} INFO - Setting next_dagrun for example_sensor_decorator to None, run_after=None
[2023-08-28T00:14:58.272+0000] {processor.py:179} INFO - Processing /home/airflow/.local/lib/python3.8/site-packages/airflow/example_dags/example_sensor_decorator.py took 0.139 seconds
[2023-08-28T00:15:28.512+0000] {processor.py:157} INFO - Started process (PID=774) to work on /home/airflow/.local/lib/python3.8/site-packages/airflow/example_dags/example_sensor_decorator.py
[2023-08-28T00:15:28.514+0000] {processor.py:829} INFO - Processing file /home/airflow/.local/lib/python3.8/site-packages/airflow/example_dags/example_sensor_decorator.py for tasks to queue
[2023-08-28T00:15:28.517+0000] {logging_mixin.py:151} INFO - [2023-08-28T00:15:28.517+0000] {dagbag.py:539} INFO - Filling up the DagBag from /home/airflow/.local/lib/python3.8/site-packages/airflow/example_dags/example_sensor_decorator.py
[2023-08-28T00:15:28.527+0000] {processor.py:839} INFO - DAG(s) dict_keys(['example_sensor_decorator']) retrieved from /home/airflow/.local/lib/python3.8/site-packages/airflow/example_dags/example_sensor_decorator.py
[2023-08-28T00:15:28.610+0000] {logging_mixin.py:151} INFO - [2023-08-28T00:15:28.609+0000] {dag.py:2907} INFO - Sync 1 DAGs
[2023-08-28T00:15:28.628+0000] {logging_mixin.py:151} INFO - [2023-08-28T00:15:28.628+0000] {dag.py:3677} INFO - Setting next_dagrun for example_sensor_decorator to None, run_after=None
[2023-08-28T00:15:28.659+0000] {processor.py:179} INFO - Processing /home/airflow/.local/lib/python3.8/site-packages/airflow/example_dags/example_sensor_decorator.py took 0.150 seconds
[2023-08-28T00:15:59.493+0000] {processor.py:157} INFO - Started process (PID=829) to work on /home/airflow/.local/lib/python3.8/site-packages/airflow/example_dags/example_sensor_decorator.py
[2023-08-28T00:15:59.495+0000] {processor.py:829} INFO - Processing file /home/airflow/.local/lib/python3.8/site-packages/airflow/example_dags/example_sensor_decorator.py for tasks to queue
[2023-08-28T00:15:59.498+0000] {logging_mixin.py:151} INFO - [2023-08-28T00:15:59.497+0000] {dagbag.py:539} INFO - Filling up the DagBag from /home/airflow/.local/lib/python3.8/site-packages/airflow/example_dags/example_sensor_decorator.py
[2023-08-28T00:15:59.507+0000] {processor.py:839} INFO - DAG(s) dict_keys(['example_sensor_decorator']) retrieved from /home/airflow/.local/lib/python3.8/site-packages/airflow/example_dags/example_sensor_decorator.py
[2023-08-28T00:15:59.587+0000] {logging_mixin.py:151} INFO - [2023-08-28T00:15:59.587+0000] {dag.py:2907} INFO - Sync 1 DAGs
[2023-08-28T00:15:59.605+0000] {logging_mixin.py:151} INFO - [2023-08-28T00:15:59.604+0000] {dag.py:3677} INFO - Setting next_dagrun for example_sensor_decorator to None, run_after=None
[2023-08-28T00:15:59.631+0000] {processor.py:179} INFO - Processing /home/airflow/.local/lib/python3.8/site-packages/airflow/example_dags/example_sensor_decorator.py took 0.141 seconds
[2023-08-28T00:16:29.972+0000] {processor.py:157} INFO - Started process (PID=884) to work on /home/airflow/.local/lib/python3.8/site-packages/airflow/example_dags/example_sensor_decorator.py
[2023-08-28T00:16:29.974+0000] {processor.py:829} INFO - Processing file /home/airflow/.local/lib/python3.8/site-packages/airflow/example_dags/example_sensor_decorator.py for tasks to queue
[2023-08-28T00:16:29.976+0000] {logging_mixin.py:151} INFO - [2023-08-28T00:16:29.975+0000] {dagbag.py:539} INFO - Filling up the DagBag from /home/airflow/.local/lib/python3.8/site-packages/airflow/example_dags/example_sensor_decorator.py
[2023-08-28T00:16:29.984+0000] {processor.py:839} INFO - DAG(s) dict_keys(['example_sensor_decorator']) retrieved from /home/airflow/.local/lib/python3.8/site-packages/airflow/example_dags/example_sensor_decorator.py
[2023-08-28T00:16:30.055+0000] {logging_mixin.py:151} INFO - [2023-08-28T00:16:30.054+0000] {dag.py:2907} INFO - Sync 1 DAGs
[2023-08-28T00:16:30.072+0000] {logging_mixin.py:151} INFO - [2023-08-28T00:16:30.071+0000] {dag.py:3677} INFO - Setting next_dagrun for example_sensor_decorator to None, run_after=None
[2023-08-28T00:16:30.097+0000] {processor.py:179} INFO - Processing /home/airflow/.local/lib/python3.8/site-packages/airflow/example_dags/example_sensor_decorator.py took 0.127 seconds
[2023-08-28T00:17:00.233+0000] {processor.py:157} INFO - Started process (PID=939) to work on /home/airflow/.local/lib/python3.8/site-packages/airflow/example_dags/example_sensor_decorator.py
[2023-08-28T00:17:00.235+0000] {processor.py:829} INFO - Processing file /home/airflow/.local/lib/python3.8/site-packages/airflow/example_dags/example_sensor_decorator.py for tasks to queue
[2023-08-28T00:17:00.237+0000] {logging_mixin.py:151} INFO - [2023-08-28T00:17:00.237+0000] {dagbag.py:539} INFO - Filling up the DagBag from /home/airflow/.local/lib/python3.8/site-packages/airflow/example_dags/example_sensor_decorator.py
[2023-08-28T00:17:00.246+0000] {processor.py:839} INFO - DAG(s) dict_keys(['example_sensor_decorator']) retrieved from /home/airflow/.local/lib/python3.8/site-packages/airflow/example_dags/example_sensor_decorator.py
[2023-08-28T00:17:00.318+0000] {logging_mixin.py:151} INFO - [2023-08-28T00:17:00.318+0000] {dag.py:2907} INFO - Sync 1 DAGs
[2023-08-28T00:17:00.335+0000] {logging_mixin.py:151} INFO - [2023-08-28T00:17:00.334+0000] {dag.py:3677} INFO - Setting next_dagrun for example_sensor_decorator to None, run_after=None
[2023-08-28T00:17:00.364+0000] {processor.py:179} INFO - Processing /home/airflow/.local/lib/python3.8/site-packages/airflow/example_dags/example_sensor_decorator.py took 0.133 seconds
[2023-08-28T00:17:30.932+0000] {processor.py:157} INFO - Started process (PID=994) to work on /home/airflow/.local/lib/python3.8/site-packages/airflow/example_dags/example_sensor_decorator.py
[2023-08-28T00:17:30.939+0000] {processor.py:829} INFO - Processing file /home/airflow/.local/lib/python3.8/site-packages/airflow/example_dags/example_sensor_decorator.py for tasks to queue
[2023-08-28T00:17:30.943+0000] {logging_mixin.py:151} INFO - [2023-08-28T00:17:30.942+0000] {dagbag.py:539} INFO - Filling up the DagBag from /home/airflow/.local/lib/python3.8/site-packages/airflow/example_dags/example_sensor_decorator.py
[2023-08-28T00:17:30.954+0000] {processor.py:839} INFO - DAG(s) dict_keys(['example_sensor_decorator']) retrieved from /home/airflow/.local/lib/python3.8/site-packages/airflow/example_dags/example_sensor_decorator.py
[2023-08-28T00:17:31.089+0000] {logging_mixin.py:151} INFO - [2023-08-28T00:17:31.089+0000] {dag.py:2907} INFO - Sync 1 DAGs
[2023-08-28T00:17:31.121+0000] {logging_mixin.py:151} INFO - [2023-08-28T00:17:31.121+0000] {dag.py:3677} INFO - Setting next_dagrun for example_sensor_decorator to None, run_after=None
[2023-08-28T00:17:31.172+0000] {processor.py:179} INFO - Processing /home/airflow/.local/lib/python3.8/site-packages/airflow/example_dags/example_sensor_decorator.py took 0.249 seconds
[2023-08-28T00:18:06.363+0000] {processor.py:157} INFO - Started process (PID=1049) to work on /home/airflow/.local/lib/python3.8/site-packages/airflow/example_dags/example_sensor_decorator.py
[2023-08-28T00:18:06.365+0000] {processor.py:829} INFO - Processing file /home/airflow/.local/lib/python3.8/site-packages/airflow/example_dags/example_sensor_decorator.py for tasks to queue
[2023-08-28T00:18:06.368+0000] {logging_mixin.py:151} INFO - [2023-08-28T00:18:06.367+0000] {dagbag.py:539} INFO - Filling up the DagBag from /home/airflow/.local/lib/python3.8/site-packages/airflow/example_dags/example_sensor_decorator.py
[2023-08-28T00:18:06.383+0000] {processor.py:839} INFO - DAG(s) dict_keys(['example_sensor_decorator']) retrieved from /home/airflow/.local/lib/python3.8/site-packages/airflow/example_dags/example_sensor_decorator.py
[2023-08-28T00:18:06.461+0000] {logging_mixin.py:151} INFO - [2023-08-28T00:18:06.461+0000] {dag.py:2907} INFO - Sync 1 DAGs
[2023-08-28T00:18:06.491+0000] {logging_mixin.py:151} INFO - [2023-08-28T00:18:06.490+0000] {dag.py:3677} INFO - Setting next_dagrun for example_sensor_decorator to None, run_after=None
[2023-08-28T00:18:06.538+0000] {processor.py:179} INFO - Processing /home/airflow/.local/lib/python3.8/site-packages/airflow/example_dags/example_sensor_decorator.py took 0.178 seconds
[2023-08-28T00:18:37.281+0000] {processor.py:157} INFO - Started process (PID=1103) to work on /home/airflow/.local/lib/python3.8/site-packages/airflow/example_dags/example_sensor_decorator.py
[2023-08-28T00:18:37.283+0000] {processor.py:829} INFO - Processing file /home/airflow/.local/lib/python3.8/site-packages/airflow/example_dags/example_sensor_decorator.py for tasks to queue
[2023-08-28T00:18:37.285+0000] {logging_mixin.py:151} INFO - [2023-08-28T00:18:37.285+0000] {dagbag.py:539} INFO - Filling up the DagBag from /home/airflow/.local/lib/python3.8/site-packages/airflow/example_dags/example_sensor_decorator.py
[2023-08-28T00:18:37.294+0000] {processor.py:839} INFO - DAG(s) dict_keys(['example_sensor_decorator']) retrieved from /home/airflow/.local/lib/python3.8/site-packages/airflow/example_dags/example_sensor_decorator.py
[2023-08-28T00:18:37.370+0000] {logging_mixin.py:151} INFO - [2023-08-28T00:18:37.370+0000] {dag.py:2907} INFO - Sync 1 DAGs
[2023-08-28T00:18:37.389+0000] {logging_mixin.py:151} INFO - [2023-08-28T00:18:37.389+0000] {dag.py:3677} INFO - Setting next_dagrun for example_sensor_decorator to None, run_after=None
[2023-08-28T00:18:37.417+0000] {processor.py:179} INFO - Processing /home/airflow/.local/lib/python3.8/site-packages/airflow/example_dags/example_sensor_decorator.py took 0.138 seconds
[2023-08-28T00:19:08.229+0000] {processor.py:157} INFO - Started process (PID=1158) to work on /home/airflow/.local/lib/python3.8/site-packages/airflow/example_dags/example_sensor_decorator.py
[2023-08-28T00:19:08.253+0000] {processor.py:829} INFO - Processing file /home/airflow/.local/lib/python3.8/site-packages/airflow/example_dags/example_sensor_decorator.py for tasks to queue
[2023-08-28T00:19:08.260+0000] {logging_mixin.py:151} INFO - [2023-08-28T00:19:08.259+0000] {dagbag.py:539} INFO - Filling up the DagBag from /home/airflow/.local/lib/python3.8/site-packages/airflow/example_dags/example_sensor_decorator.py
[2023-08-28T00:19:08.278+0000] {processor.py:839} INFO - DAG(s) dict_keys(['example_sensor_decorator']) retrieved from /home/airflow/.local/lib/python3.8/site-packages/airflow/example_dags/example_sensor_decorator.py
[2023-08-28T00:19:08.371+0000] {logging_mixin.py:151} INFO - [2023-08-28T00:19:08.370+0000] {dag.py:2907} INFO - Sync 1 DAGs
[2023-08-28T00:19:08.393+0000] {logging_mixin.py:151} INFO - [2023-08-28T00:19:08.392+0000] {dag.py:3677} INFO - Setting next_dagrun for example_sensor_decorator to None, run_after=None
[2023-08-28T00:19:08.430+0000] {processor.py:179} INFO - Processing /home/airflow/.local/lib/python3.8/site-packages/airflow/example_dags/example_sensor_decorator.py took 0.206 seconds
[2023-08-28T00:19:38.626+0000] {processor.py:157} INFO - Started process (PID=1213) to work on /home/airflow/.local/lib/python3.8/site-packages/airflow/example_dags/example_sensor_decorator.py
[2023-08-28T00:19:38.628+0000] {processor.py:829} INFO - Processing file /home/airflow/.local/lib/python3.8/site-packages/airflow/example_dags/example_sensor_decorator.py for tasks to queue
[2023-08-28T00:19:38.631+0000] {logging_mixin.py:151} INFO - [2023-08-28T00:19:38.631+0000] {dagbag.py:539} INFO - Filling up the DagBag from /home/airflow/.local/lib/python3.8/site-packages/airflow/example_dags/example_sensor_decorator.py
[2023-08-28T00:19:38.642+0000] {processor.py:839} INFO - DAG(s) dict_keys(['example_sensor_decorator']) retrieved from /home/airflow/.local/lib/python3.8/site-packages/airflow/example_dags/example_sensor_decorator.py
[2023-08-28T00:19:38.717+0000] {logging_mixin.py:151} INFO - [2023-08-28T00:19:38.717+0000] {dag.py:2907} INFO - Sync 1 DAGs
[2023-08-28T00:19:38.734+0000] {logging_mixin.py:151} INFO - [2023-08-28T00:19:38.734+0000] {dag.py:3677} INFO - Setting next_dagrun for example_sensor_decorator to None, run_after=None
[2023-08-28T00:19:38.763+0000] {processor.py:179} INFO - Processing /home/airflow/.local/lib/python3.8/site-packages/airflow/example_dags/example_sensor_decorator.py took 0.140 seconds
[2023-08-28T00:20:09.796+0000] {processor.py:157} INFO - Started process (PID=1268) to work on /home/airflow/.local/lib/python3.8/site-packages/airflow/example_dags/example_sensor_decorator.py
[2023-08-28T00:20:09.800+0000] {processor.py:829} INFO - Processing file /home/airflow/.local/lib/python3.8/site-packages/airflow/example_dags/example_sensor_decorator.py for tasks to queue
[2023-08-28T00:20:09.806+0000] {logging_mixin.py:151} INFO - [2023-08-28T00:20:09.805+0000] {dagbag.py:539} INFO - Filling up the DagBag from /home/airflow/.local/lib/python3.8/site-packages/airflow/example_dags/example_sensor_decorator.py
[2023-08-28T00:20:09.820+0000] {processor.py:839} INFO - DAG(s) dict_keys(['example_sensor_decorator']) retrieved from /home/airflow/.local/lib/python3.8/site-packages/airflow/example_dags/example_sensor_decorator.py
[2023-08-28T00:20:09.905+0000] {logging_mixin.py:151} INFO - [2023-08-28T00:20:09.905+0000] {dag.py:2907} INFO - Sync 1 DAGs
[2023-08-28T00:20:09.928+0000] {logging_mixin.py:151} INFO - [2023-08-28T00:20:09.927+0000] {dag.py:3677} INFO - Setting next_dagrun for example_sensor_decorator to None, run_after=None
[2023-08-28T00:20:09.957+0000] {processor.py:179} INFO - Processing /home/airflow/.local/lib/python3.8/site-packages/airflow/example_dags/example_sensor_decorator.py took 0.166 seconds
[2023-08-28T00:20:40.612+0000] {processor.py:157} INFO - Started process (PID=1323) to work on /home/airflow/.local/lib/python3.8/site-packages/airflow/example_dags/example_sensor_decorator.py
[2023-08-28T00:20:40.613+0000] {processor.py:829} INFO - Processing file /home/airflow/.local/lib/python3.8/site-packages/airflow/example_dags/example_sensor_decorator.py for tasks to queue
[2023-08-28T00:20:40.616+0000] {logging_mixin.py:151} INFO - [2023-08-28T00:20:40.615+0000] {dagbag.py:539} INFO - Filling up the DagBag from /home/airflow/.local/lib/python3.8/site-packages/airflow/example_dags/example_sensor_decorator.py
[2023-08-28T00:20:40.625+0000] {processor.py:839} INFO - DAG(s) dict_keys(['example_sensor_decorator']) retrieved from /home/airflow/.local/lib/python3.8/site-packages/airflow/example_dags/example_sensor_decorator.py
[2023-08-28T00:20:40.708+0000] {logging_mixin.py:151} INFO - [2023-08-28T00:20:40.708+0000] {dag.py:2907} INFO - Sync 1 DAGs
[2023-08-28T00:20:40.730+0000] {logging_mixin.py:151} INFO - [2023-08-28T00:20:40.730+0000] {dag.py:3677} INFO - Setting next_dagrun for example_sensor_decorator to None, run_after=None
[2023-08-28T00:20:40.771+0000] {processor.py:179} INFO - Processing /home/airflow/.local/lib/python3.8/site-packages/airflow/example_dags/example_sensor_decorator.py took 0.162 seconds
[2023-08-28T00:21:11.082+0000] {processor.py:157} INFO - Started process (PID=1378) to work on /home/airflow/.local/lib/python3.8/site-packages/airflow/example_dags/example_sensor_decorator.py
[2023-08-28T00:21:11.084+0000] {processor.py:829} INFO - Processing file /home/airflow/.local/lib/python3.8/site-packages/airflow/example_dags/example_sensor_decorator.py for tasks to queue
[2023-08-28T00:21:11.086+0000] {logging_mixin.py:151} INFO - [2023-08-28T00:21:11.086+0000] {dagbag.py:539} INFO - Filling up the DagBag from /home/airflow/.local/lib/python3.8/site-packages/airflow/example_dags/example_sensor_decorator.py
[2023-08-28T00:21:11.095+0000] {processor.py:839} INFO - DAG(s) dict_keys(['example_sensor_decorator']) retrieved from /home/airflow/.local/lib/python3.8/site-packages/airflow/example_dags/example_sensor_decorator.py
[2023-08-28T00:21:11.192+0000] {logging_mixin.py:151} INFO - [2023-08-28T00:21:11.192+0000] {dag.py:2907} INFO - Sync 1 DAGs
[2023-08-28T00:21:11.210+0000] {logging_mixin.py:151} INFO - [2023-08-28T00:21:11.210+0000] {dag.py:3677} INFO - Setting next_dagrun for example_sensor_decorator to None, run_after=None
[2023-08-28T00:21:11.237+0000] {processor.py:179} INFO - Processing /home/airflow/.local/lib/python3.8/site-packages/airflow/example_dags/example_sensor_decorator.py took 0.158 seconds
[2023-08-28T00:21:41.707+0000] {processor.py:157} INFO - Started process (PID=1433) to work on /home/airflow/.local/lib/python3.8/site-packages/airflow/example_dags/example_sensor_decorator.py
[2023-08-28T00:21:41.708+0000] {processor.py:829} INFO - Processing file /home/airflow/.local/lib/python3.8/site-packages/airflow/example_dags/example_sensor_decorator.py for tasks to queue
[2023-08-28T00:21:41.711+0000] {logging_mixin.py:151} INFO - [2023-08-28T00:21:41.710+0000] {dagbag.py:539} INFO - Filling up the DagBag from /home/airflow/.local/lib/python3.8/site-packages/airflow/example_dags/example_sensor_decorator.py
[2023-08-28T00:21:41.720+0000] {processor.py:839} INFO - DAG(s) dict_keys(['example_sensor_decorator']) retrieved from /home/airflow/.local/lib/python3.8/site-packages/airflow/example_dags/example_sensor_decorator.py
[2023-08-28T00:21:41.794+0000] {logging_mixin.py:151} INFO - [2023-08-28T00:21:41.793+0000] {dag.py:2907} INFO - Sync 1 DAGs
[2023-08-28T00:21:41.810+0000] {logging_mixin.py:151} INFO - [2023-08-28T00:21:41.810+0000] {dag.py:3677} INFO - Setting next_dagrun for example_sensor_decorator to None, run_after=None
[2023-08-28T00:21:41.838+0000] {processor.py:179} INFO - Processing /home/airflow/.local/lib/python3.8/site-packages/airflow/example_dags/example_sensor_decorator.py took 0.135 seconds
