[2023-08-28T00:01:56.239+0000] {processor.py:157} INFO - Started process (PID=42) to work on /home/airflow/.local/lib/python3.8/site-packages/airflow/example_dags/example_latest_only_with_trigger.py
[2023-08-28T00:01:56.240+0000] {processor.py:829} INFO - Processing file /home/airflow/.local/lib/python3.8/site-packages/airflow/example_dags/example_latest_only_with_trigger.py for tasks to queue
[2023-08-28T00:01:56.243+0000] {logging_mixin.py:151} INFO - [2023-08-28T00:01:56.243+0000] {dagbag.py:539} INFO - Filling up the DagBag from /home/airflow/.local/lib/python3.8/site-packages/airflow/example_dags/example_latest_only_with_trigger.py
[2023-08-28T00:01:56.256+0000] {processor.py:839} INFO - DAG(s) dict_keys(['latest_only_with_trigger']) retrieved from /home/airflow/.local/lib/python3.8/site-packages/airflow/example_dags/example_latest_only_with_trigger.py
[2023-08-28T00:01:56.523+0000] {logging_mixin.py:151} INFO - [2023-08-28T00:01:56.523+0000] {manager.py:501} INFO - Created Permission View: can edit on DAG:latest_only_with_trigger
[2023-08-28T00:01:56.539+0000] {logging_mixin.py:151} INFO - [2023-08-28T00:01:56.539+0000] {manager.py:501} INFO - Created Permission View: can delete on DAG:latest_only_with_trigger
[2023-08-28T00:01:56.550+0000] {logging_mixin.py:151} INFO - [2023-08-28T00:01:56.549+0000] {manager.py:501} INFO - Created Permission View: can read on DAG:latest_only_with_trigger
[2023-08-28T00:01:56.572+0000] {logging_mixin.py:151} INFO - [2023-08-28T00:01:56.572+0000] {dag.py:2907} INFO - Sync 1 DAGs
[2023-08-28T00:01:56.590+0000] {logging_mixin.py:151} INFO - [2023-08-28T00:01:56.589+0000] {dag.py:2929} INFO - Creating ORM DAG for latest_only_with_trigger
[2023-08-28T00:01:56.607+0000] {logging_mixin.py:151} INFO - [2023-08-28T00:01:56.607+0000] {dag.py:3677} INFO - Setting next_dagrun for latest_only_with_trigger to 2023-08-27T20:01:56.606456+00:00, run_after=2023-08-28T00:01:56.606456+00:00
[2023-08-28T00:01:56.626+0000] {processor.py:179} INFO - Processing /home/airflow/.local/lib/python3.8/site-packages/airflow/example_dags/example_latest_only_with_trigger.py took 0.389 seconds
[2023-08-28T00:02:27.871+0000] {processor.py:157} INFO - Started process (PID=97) to work on /home/airflow/.local/lib/python3.8/site-packages/airflow/example_dags/example_latest_only_with_trigger.py
[2023-08-28T00:02:27.872+0000] {processor.py:829} INFO - Processing file /home/airflow/.local/lib/python3.8/site-packages/airflow/example_dags/example_latest_only_with_trigger.py for tasks to queue
[2023-08-28T00:02:27.875+0000] {logging_mixin.py:151} INFO - [2023-08-28T00:02:27.875+0000] {dagbag.py:539} INFO - Filling up the DagBag from /home/airflow/.local/lib/python3.8/site-packages/airflow/example_dags/example_latest_only_with_trigger.py
[2023-08-28T00:02:27.883+0000] {processor.py:839} INFO - DAG(s) dict_keys(['latest_only_with_trigger']) retrieved from /home/airflow/.local/lib/python3.8/site-packages/airflow/example_dags/example_latest_only_with_trigger.py
[2023-08-28T00:02:28.009+0000] {logging_mixin.py:151} INFO - [2023-08-28T00:02:28.008+0000] {dag.py:2907} INFO - Sync 1 DAGs
[2023-08-28T00:02:28.186+0000] {logging_mixin.py:151} INFO - [2023-08-28T00:02:28.185+0000] {dag.py:3677} INFO - Setting next_dagrun for latest_only_with_trigger to 2023-08-27T20:02:28.185171+00:00, run_after=2023-08-28T00:02:28.185171+00:00
[2023-08-28T00:02:28.221+0000] {processor.py:179} INFO - Processing /home/airflow/.local/lib/python3.8/site-packages/airflow/example_dags/example_latest_only_with_trigger.py took 0.353 seconds
[2023-08-28T00:02:58.712+0000] {processor.py:157} INFO - Started process (PID=152) to work on /home/airflow/.local/lib/python3.8/site-packages/airflow/example_dags/example_latest_only_with_trigger.py
[2023-08-28T00:02:58.714+0000] {processor.py:829} INFO - Processing file /home/airflow/.local/lib/python3.8/site-packages/airflow/example_dags/example_latest_only_with_trigger.py for tasks to queue
[2023-08-28T00:02:58.717+0000] {logging_mixin.py:151} INFO - [2023-08-28T00:02:58.717+0000] {dagbag.py:539} INFO - Filling up the DagBag from /home/airflow/.local/lib/python3.8/site-packages/airflow/example_dags/example_latest_only_with_trigger.py
[2023-08-28T00:02:58.726+0000] {processor.py:839} INFO - DAG(s) dict_keys(['latest_only_with_trigger']) retrieved from /home/airflow/.local/lib/python3.8/site-packages/airflow/example_dags/example_latest_only_with_trigger.py
[2023-08-28T00:02:58.810+0000] {logging_mixin.py:151} INFO - [2023-08-28T00:02:58.809+0000] {dag.py:2907} INFO - Sync 1 DAGs
[2023-08-28T00:02:58.854+0000] {logging_mixin.py:151} INFO - [2023-08-28T00:02:58.853+0000] {dag.py:3677} INFO - Setting next_dagrun for latest_only_with_trigger to 2023-08-27T20:02:58.852130+00:00, run_after=2023-08-28T00:02:58.852130+00:00
[2023-08-28T00:02:58.909+0000] {processor.py:179} INFO - Processing /home/airflow/.local/lib/python3.8/site-packages/airflow/example_dags/example_latest_only_with_trigger.py took 0.200 seconds
[2023-08-28T00:03:31.305+0000] {processor.py:157} INFO - Started process (PID=206) to work on /home/airflow/.local/lib/python3.8/site-packages/airflow/example_dags/example_latest_only_with_trigger.py
[2023-08-28T00:03:31.312+0000] {processor.py:829} INFO - Processing file /home/airflow/.local/lib/python3.8/site-packages/airflow/example_dags/example_latest_only_with_trigger.py for tasks to queue
[2023-08-28T00:03:31.320+0000] {logging_mixin.py:151} INFO - [2023-08-28T00:03:31.319+0000] {dagbag.py:539} INFO - Filling up the DagBag from /home/airflow/.local/lib/python3.8/site-packages/airflow/example_dags/example_latest_only_with_trigger.py
[2023-08-28T00:03:31.337+0000] {processor.py:839} INFO - DAG(s) dict_keys(['latest_only_with_trigger']) retrieved from /home/airflow/.local/lib/python3.8/site-packages/airflow/example_dags/example_latest_only_with_trigger.py
[2023-08-28T00:03:31.458+0000] {logging_mixin.py:151} INFO - [2023-08-28T00:03:31.457+0000] {dag.py:2907} INFO - Sync 1 DAGs
[2023-08-28T00:03:31.520+0000] {logging_mixin.py:151} INFO - [2023-08-28T00:03:31.520+0000] {dag.py:3677} INFO - Setting next_dagrun for latest_only_with_trigger to 2023-08-27T20:03:31.519554+00:00, run_after=2023-08-28T00:03:31.519554+00:00
[2023-08-28T00:03:31.582+0000] {processor.py:179} INFO - Processing /home/airflow/.local/lib/python3.8/site-packages/airflow/example_dags/example_latest_only_with_trigger.py took 0.285 seconds
[2023-08-28T00:04:02.329+0000] {processor.py:157} INFO - Started process (PID=261) to work on /home/airflow/.local/lib/python3.8/site-packages/airflow/example_dags/example_latest_only_with_trigger.py
[2023-08-28T00:04:02.331+0000] {processor.py:829} INFO - Processing file /home/airflow/.local/lib/python3.8/site-packages/airflow/example_dags/example_latest_only_with_trigger.py for tasks to queue
[2023-08-28T00:04:02.334+0000] {logging_mixin.py:151} INFO - [2023-08-28T00:04:02.333+0000] {dagbag.py:539} INFO - Filling up the DagBag from /home/airflow/.local/lib/python3.8/site-packages/airflow/example_dags/example_latest_only_with_trigger.py
[2023-08-28T00:04:02.342+0000] {processor.py:839} INFO - DAG(s) dict_keys(['latest_only_with_trigger']) retrieved from /home/airflow/.local/lib/python3.8/site-packages/airflow/example_dags/example_latest_only_with_trigger.py
[2023-08-28T00:04:02.420+0000] {logging_mixin.py:151} INFO - [2023-08-28T00:04:02.420+0000] {dag.py:2907} INFO - Sync 1 DAGs
[2023-08-28T00:04:02.461+0000] {logging_mixin.py:151} INFO - [2023-08-28T00:04:02.461+0000] {dag.py:3677} INFO - Setting next_dagrun for latest_only_with_trigger to 2023-08-27T20:04:02.460239+00:00, run_after=2023-08-28T00:04:02.460239+00:00
[2023-08-28T00:04:02.495+0000] {processor.py:179} INFO - Processing /home/airflow/.local/lib/python3.8/site-packages/airflow/example_dags/example_latest_only_with_trigger.py took 0.169 seconds
[2023-08-28T00:04:32.618+0000] {processor.py:157} INFO - Started process (PID=316) to work on /home/airflow/.local/lib/python3.8/site-packages/airflow/example_dags/example_latest_only_with_trigger.py
[2023-08-28T00:04:32.620+0000] {processor.py:829} INFO - Processing file /home/airflow/.local/lib/python3.8/site-packages/airflow/example_dags/example_latest_only_with_trigger.py for tasks to queue
[2023-08-28T00:04:32.622+0000] {logging_mixin.py:151} INFO - [2023-08-28T00:04:32.622+0000] {dagbag.py:539} INFO - Filling up the DagBag from /home/airflow/.local/lib/python3.8/site-packages/airflow/example_dags/example_latest_only_with_trigger.py
[2023-08-28T00:04:32.630+0000] {processor.py:839} INFO - DAG(s) dict_keys(['latest_only_with_trigger']) retrieved from /home/airflow/.local/lib/python3.8/site-packages/airflow/example_dags/example_latest_only_with_trigger.py
[2023-08-28T00:04:32.705+0000] {logging_mixin.py:151} INFO - [2023-08-28T00:04:32.704+0000] {dag.py:2907} INFO - Sync 1 DAGs
[2023-08-28T00:04:32.742+0000] {logging_mixin.py:151} INFO - [2023-08-28T00:04:32.742+0000] {dag.py:3677} INFO - Setting next_dagrun for latest_only_with_trigger to 2023-08-27T20:04:32.741908+00:00, run_after=2023-08-28T00:04:32.741908+00:00
[2023-08-28T00:04:32.771+0000] {processor.py:179} INFO - Processing /home/airflow/.local/lib/python3.8/site-packages/airflow/example_dags/example_latest_only_with_trigger.py took 0.155 seconds
[2023-08-28T00:05:02.999+0000] {processor.py:157} INFO - Started process (PID=371) to work on /home/airflow/.local/lib/python3.8/site-packages/airflow/example_dags/example_latest_only_with_trigger.py
[2023-08-28T00:05:03.001+0000] {processor.py:829} INFO - Processing file /home/airflow/.local/lib/python3.8/site-packages/airflow/example_dags/example_latest_only_with_trigger.py for tasks to queue
[2023-08-28T00:05:03.003+0000] {logging_mixin.py:151} INFO - [2023-08-28T00:05:03.003+0000] {dagbag.py:539} INFO - Filling up the DagBag from /home/airflow/.local/lib/python3.8/site-packages/airflow/example_dags/example_latest_only_with_trigger.py
[2023-08-28T00:05:03.011+0000] {processor.py:839} INFO - DAG(s) dict_keys(['latest_only_with_trigger']) retrieved from /home/airflow/.local/lib/python3.8/site-packages/airflow/example_dags/example_latest_only_with_trigger.py
[2023-08-28T00:05:03.090+0000] {logging_mixin.py:151} INFO - [2023-08-28T00:05:03.090+0000] {dag.py:2907} INFO - Sync 1 DAGs
[2023-08-28T00:05:03.142+0000] {logging_mixin.py:151} INFO - [2023-08-28T00:05:03.142+0000] {dag.py:3677} INFO - Setting next_dagrun for latest_only_with_trigger to 2023-08-27T20:05:03.141440+00:00, run_after=2023-08-28T00:05:03.141440+00:00
[2023-08-28T00:05:03.170+0000] {processor.py:179} INFO - Processing /home/airflow/.local/lib/python3.8/site-packages/airflow/example_dags/example_latest_only_with_trigger.py took 0.173 seconds
[2023-08-28T00:08:41.695+0000] {processor.py:157} INFO - Started process (PID=44) to work on /home/airflow/.local/lib/python3.8/site-packages/airflow/example_dags/example_latest_only_with_trigger.py
[2023-08-28T00:08:41.727+0000] {processor.py:829} INFO - Processing file /home/airflow/.local/lib/python3.8/site-packages/airflow/example_dags/example_latest_only_with_trigger.py for tasks to queue
[2023-08-28T00:08:41.733+0000] {logging_mixin.py:151} INFO - [2023-08-28T00:08:41.732+0000] {dagbag.py:539} INFO - Filling up the DagBag from /home/airflow/.local/lib/python3.8/site-packages/airflow/example_dags/example_latest_only_with_trigger.py
[2023-08-28T00:08:41.852+0000] {processor.py:839} INFO - DAG(s) dict_keys(['latest_only_with_trigger']) retrieved from /home/airflow/.local/lib/python3.8/site-packages/airflow/example_dags/example_latest_only_with_trigger.py
[2023-08-28T00:08:42.481+0000] {logging_mixin.py:151} INFO - [2023-08-28T00:08:42.480+0000] {dag.py:2907} INFO - Sync 1 DAGs
[2023-08-28T00:08:42.809+0000] {logging_mixin.py:151} INFO - [2023-08-28T00:08:42.808+0000] {dag.py:3677} INFO - Setting next_dagrun for latest_only_with_trigger to 2023-08-27T20:08:42.805189+00:00, run_after=2023-08-28T00:08:42.805189+00:00
[2023-08-28T00:08:42.877+0000] {processor.py:179} INFO - Processing /home/airflow/.local/lib/python3.8/site-packages/airflow/example_dags/example_latest_only_with_trigger.py took 1.195 seconds
[2023-08-28T00:09:13.050+0000] {processor.py:157} INFO - Started process (PID=98) to work on /home/airflow/.local/lib/python3.8/site-packages/airflow/example_dags/example_latest_only_with_trigger.py
[2023-08-28T00:09:13.053+0000] {processor.py:829} INFO - Processing file /home/airflow/.local/lib/python3.8/site-packages/airflow/example_dags/example_latest_only_with_trigger.py for tasks to queue
[2023-08-28T00:09:13.056+0000] {logging_mixin.py:151} INFO - [2023-08-28T00:09:13.056+0000] {dagbag.py:539} INFO - Filling up the DagBag from /home/airflow/.local/lib/python3.8/site-packages/airflow/example_dags/example_latest_only_with_trigger.py
[2023-08-28T00:09:13.074+0000] {processor.py:839} INFO - DAG(s) dict_keys(['latest_only_with_trigger']) retrieved from /home/airflow/.local/lib/python3.8/site-packages/airflow/example_dags/example_latest_only_with_trigger.py
[2023-08-28T00:09:13.246+0000] {logging_mixin.py:151} INFO - [2023-08-28T00:09:13.246+0000] {dag.py:2907} INFO - Sync 1 DAGs
[2023-08-28T00:09:13.280+0000] {logging_mixin.py:151} INFO - [2023-08-28T00:09:13.280+0000] {dag.py:3677} INFO - Setting next_dagrun for latest_only_with_trigger to 2023-08-27T20:09:13.279406+00:00, run_after=2023-08-28T00:09:13.279406+00:00
[2023-08-28T00:09:13.316+0000] {processor.py:179} INFO - Processing /home/airflow/.local/lib/python3.8/site-packages/airflow/example_dags/example_latest_only_with_trigger.py took 0.270 seconds
[2023-08-28T00:09:43.705+0000] {processor.py:157} INFO - Started process (PID=153) to work on /home/airflow/.local/lib/python3.8/site-packages/airflow/example_dags/example_latest_only_with_trigger.py
[2023-08-28T00:09:43.707+0000] {processor.py:829} INFO - Processing file /home/airflow/.local/lib/python3.8/site-packages/airflow/example_dags/example_latest_only_with_trigger.py for tasks to queue
[2023-08-28T00:09:43.711+0000] {logging_mixin.py:151} INFO - [2023-08-28T00:09:43.710+0000] {dagbag.py:539} INFO - Filling up the DagBag from /home/airflow/.local/lib/python3.8/site-packages/airflow/example_dags/example_latest_only_with_trigger.py
[2023-08-28T00:09:43.735+0000] {processor.py:839} INFO - DAG(s) dict_keys(['latest_only_with_trigger']) retrieved from /home/airflow/.local/lib/python3.8/site-packages/airflow/example_dags/example_latest_only_with_trigger.py
[2023-08-28T00:09:43.851+0000] {logging_mixin.py:151} INFO - [2023-08-28T00:09:43.851+0000] {dag.py:2907} INFO - Sync 1 DAGs
[2023-08-28T00:09:43.932+0000] {logging_mixin.py:151} INFO - [2023-08-28T00:09:43.931+0000] {dag.py:3677} INFO - Setting next_dagrun for latest_only_with_trigger to 2023-08-27T20:09:43.928970+00:00, run_after=2023-08-28T00:09:43.928970+00:00
[2023-08-28T00:09:43.973+0000] {processor.py:179} INFO - Processing /home/airflow/.local/lib/python3.8/site-packages/airflow/example_dags/example_latest_only_with_trigger.py took 0.274 seconds
[2023-08-28T00:10:14.955+0000] {processor.py:157} INFO - Started process (PID=215) to work on /home/airflow/.local/lib/python3.8/site-packages/airflow/example_dags/example_latest_only_with_trigger.py
[2023-08-28T00:10:14.958+0000] {processor.py:829} INFO - Processing file /home/airflow/.local/lib/python3.8/site-packages/airflow/example_dags/example_latest_only_with_trigger.py for tasks to queue
[2023-08-28T00:10:14.962+0000] {logging_mixin.py:151} INFO - [2023-08-28T00:10:14.962+0000] {dagbag.py:539} INFO - Filling up the DagBag from /home/airflow/.local/lib/python3.8/site-packages/airflow/example_dags/example_latest_only_with_trigger.py
[2023-08-28T00:10:14.981+0000] {processor.py:839} INFO - DAG(s) dict_keys(['latest_only_with_trigger']) retrieved from /home/airflow/.local/lib/python3.8/site-packages/airflow/example_dags/example_latest_only_with_trigger.py
[2023-08-28T00:10:15.080+0000] {logging_mixin.py:151} INFO - [2023-08-28T00:10:15.080+0000] {dag.py:2907} INFO - Sync 1 DAGs
[2023-08-28T00:10:15.116+0000] {logging_mixin.py:151} INFO - [2023-08-28T00:10:15.116+0000] {dag.py:3677} INFO - Setting next_dagrun for latest_only_with_trigger to 2023-08-27T20:10:15.115724+00:00, run_after=2023-08-28T00:10:15.115724+00:00
[2023-08-28T00:10:15.144+0000] {processor.py:179} INFO - Processing /home/airflow/.local/lib/python3.8/site-packages/airflow/example_dags/example_latest_only_with_trigger.py took 0.196 seconds
[2023-08-28T00:10:45.393+0000] {processor.py:157} INFO - Started process (PID=270) to work on /home/airflow/.local/lib/python3.8/site-packages/airflow/example_dags/example_latest_only_with_trigger.py
[2023-08-28T00:10:45.432+0000] {processor.py:829} INFO - Processing file /home/airflow/.local/lib/python3.8/site-packages/airflow/example_dags/example_latest_only_with_trigger.py for tasks to queue
[2023-08-28T00:10:45.467+0000] {logging_mixin.py:151} INFO - [2023-08-28T00:10:45.465+0000] {dagbag.py:539} INFO - Filling up the DagBag from /home/airflow/.local/lib/python3.8/site-packages/airflow/example_dags/example_latest_only_with_trigger.py
[2023-08-28T00:10:45.527+0000] {processor.py:839} INFO - DAG(s) dict_keys(['latest_only_with_trigger']) retrieved from /home/airflow/.local/lib/python3.8/site-packages/airflow/example_dags/example_latest_only_with_trigger.py
[2023-08-28T00:10:45.681+0000] {logging_mixin.py:151} INFO - [2023-08-28T00:10:45.681+0000] {dag.py:2907} INFO - Sync 1 DAGs
[2023-08-28T00:10:45.756+0000] {logging_mixin.py:151} INFO - [2023-08-28T00:10:45.756+0000] {dag.py:3677} INFO - Setting next_dagrun for latest_only_with_trigger to 2023-08-27T20:10:45.754780+00:00, run_after=2023-08-28T00:10:45.754780+00:00
[2023-08-28T00:10:45.801+0000] {processor.py:179} INFO - Processing /home/airflow/.local/lib/python3.8/site-packages/airflow/example_dags/example_latest_only_with_trigger.py took 0.457 seconds
[2023-08-28T00:11:16.701+0000] {processor.py:157} INFO - Started process (PID=324) to work on /home/airflow/.local/lib/python3.8/site-packages/airflow/example_dags/example_latest_only_with_trigger.py
[2023-08-28T00:11:16.703+0000] {processor.py:829} INFO - Processing file /home/airflow/.local/lib/python3.8/site-packages/airflow/example_dags/example_latest_only_with_trigger.py for tasks to queue
[2023-08-28T00:11:16.706+0000] {logging_mixin.py:151} INFO - [2023-08-28T00:11:16.706+0000] {dagbag.py:539} INFO - Filling up the DagBag from /home/airflow/.local/lib/python3.8/site-packages/airflow/example_dags/example_latest_only_with_trigger.py
[2023-08-28T00:11:16.720+0000] {processor.py:839} INFO - DAG(s) dict_keys(['latest_only_with_trigger']) retrieved from /home/airflow/.local/lib/python3.8/site-packages/airflow/example_dags/example_latest_only_with_trigger.py
[2023-08-28T00:11:16.801+0000] {logging_mixin.py:151} INFO - [2023-08-28T00:11:16.801+0000] {dag.py:2907} INFO - Sync 1 DAGs
[2023-08-28T00:11:16.839+0000] {logging_mixin.py:151} INFO - [2023-08-28T00:11:16.838+0000] {dag.py:3677} INFO - Setting next_dagrun for latest_only_with_trigger to 2023-08-27T20:11:16.838171+00:00, run_after=2023-08-28T00:11:16.838171+00:00
[2023-08-28T00:11:16.864+0000] {processor.py:179} INFO - Processing /home/airflow/.local/lib/python3.8/site-packages/airflow/example_dags/example_latest_only_with_trigger.py took 0.169 seconds
[2023-08-28T00:11:47.522+0000] {processor.py:157} INFO - Started process (PID=378) to work on /home/airflow/.local/lib/python3.8/site-packages/airflow/example_dags/example_latest_only_with_trigger.py
[2023-08-28T00:11:47.524+0000] {processor.py:829} INFO - Processing file /home/airflow/.local/lib/python3.8/site-packages/airflow/example_dags/example_latest_only_with_trigger.py for tasks to queue
[2023-08-28T00:11:47.526+0000] {logging_mixin.py:151} INFO - [2023-08-28T00:11:47.526+0000] {dagbag.py:539} INFO - Filling up the DagBag from /home/airflow/.local/lib/python3.8/site-packages/airflow/example_dags/example_latest_only_with_trigger.py
[2023-08-28T00:11:47.538+0000] {processor.py:839} INFO - DAG(s) dict_keys(['latest_only_with_trigger']) retrieved from /home/airflow/.local/lib/python3.8/site-packages/airflow/example_dags/example_latest_only_with_trigger.py
[2023-08-28T00:11:47.638+0000] {logging_mixin.py:151} INFO - [2023-08-28T00:11:47.638+0000] {dag.py:2907} INFO - Sync 1 DAGs
[2023-08-28T00:11:47.679+0000] {logging_mixin.py:151} INFO - [2023-08-28T00:11:47.679+0000] {dag.py:3677} INFO - Setting next_dagrun for latest_only_with_trigger to 2023-08-27T20:11:47.678300+00:00, run_after=2023-08-28T00:11:47.678300+00:00
[2023-08-28T00:11:47.719+0000] {processor.py:179} INFO - Processing /home/airflow/.local/lib/python3.8/site-packages/airflow/example_dags/example_latest_only_with_trigger.py took 0.202 seconds
[2023-08-28T00:12:18.416+0000] {processor.py:157} INFO - Started process (PID=433) to work on /home/airflow/.local/lib/python3.8/site-packages/airflow/example_dags/example_latest_only_with_trigger.py
[2023-08-28T00:12:18.418+0000] {processor.py:829} INFO - Processing file /home/airflow/.local/lib/python3.8/site-packages/airflow/example_dags/example_latest_only_with_trigger.py for tasks to queue
[2023-08-28T00:12:18.421+0000] {logging_mixin.py:151} INFO - [2023-08-28T00:12:18.421+0000] {dagbag.py:539} INFO - Filling up the DagBag from /home/airflow/.local/lib/python3.8/site-packages/airflow/example_dags/example_latest_only_with_trigger.py
[2023-08-28T00:12:18.434+0000] {processor.py:839} INFO - DAG(s) dict_keys(['latest_only_with_trigger']) retrieved from /home/airflow/.local/lib/python3.8/site-packages/airflow/example_dags/example_latest_only_with_trigger.py
[2023-08-28T00:12:18.512+0000] {logging_mixin.py:151} INFO - [2023-08-28T00:12:18.512+0000] {dag.py:2907} INFO - Sync 1 DAGs
[2023-08-28T00:12:18.548+0000] {logging_mixin.py:151} INFO - [2023-08-28T00:12:18.548+0000] {dag.py:3677} INFO - Setting next_dagrun for latest_only_with_trigger to 2023-08-27T20:12:18.547326+00:00, run_after=2023-08-28T00:12:18.547326+00:00
[2023-08-28T00:12:18.573+0000] {processor.py:179} INFO - Processing /home/airflow/.local/lib/python3.8/site-packages/airflow/example_dags/example_latest_only_with_trigger.py took 0.161 seconds
[2023-08-28T00:12:49.347+0000] {processor.py:157} INFO - Started process (PID=488) to work on /home/airflow/.local/lib/python3.8/site-packages/airflow/example_dags/example_latest_only_with_trigger.py
[2023-08-28T00:12:49.349+0000] {processor.py:829} INFO - Processing file /home/airflow/.local/lib/python3.8/site-packages/airflow/example_dags/example_latest_only_with_trigger.py for tasks to queue
[2023-08-28T00:12:49.355+0000] {logging_mixin.py:151} INFO - [2023-08-28T00:12:49.354+0000] {dagbag.py:539} INFO - Filling up the DagBag from /home/airflow/.local/lib/python3.8/site-packages/airflow/example_dags/example_latest_only_with_trigger.py
[2023-08-28T00:12:49.370+0000] {processor.py:839} INFO - DAG(s) dict_keys(['latest_only_with_trigger']) retrieved from /home/airflow/.local/lib/python3.8/site-packages/airflow/example_dags/example_latest_only_with_trigger.py
[2023-08-28T00:12:49.458+0000] {logging_mixin.py:151} INFO - [2023-08-28T00:12:49.457+0000] {dag.py:2907} INFO - Sync 1 DAGs
[2023-08-28T00:12:49.503+0000] {logging_mixin.py:151} INFO - [2023-08-28T00:12:49.502+0000] {dag.py:3677} INFO - Setting next_dagrun for latest_only_with_trigger to 2023-08-27T20:12:49.501679+00:00, run_after=2023-08-28T00:12:49.501679+00:00
[2023-08-28T00:12:49.530+0000] {processor.py:179} INFO - Processing /home/airflow/.local/lib/python3.8/site-packages/airflow/example_dags/example_latest_only_with_trigger.py took 0.192 seconds
[2023-08-28T00:13:20.459+0000] {processor.py:157} INFO - Started process (PID=542) to work on /home/airflow/.local/lib/python3.8/site-packages/airflow/example_dags/example_latest_only_with_trigger.py
[2023-08-28T00:13:20.461+0000] {processor.py:829} INFO - Processing file /home/airflow/.local/lib/python3.8/site-packages/airflow/example_dags/example_latest_only_with_trigger.py for tasks to queue
[2023-08-28T00:13:20.463+0000] {logging_mixin.py:151} INFO - [2023-08-28T00:13:20.463+0000] {dagbag.py:539} INFO - Filling up the DagBag from /home/airflow/.local/lib/python3.8/site-packages/airflow/example_dags/example_latest_only_with_trigger.py
[2023-08-28T00:13:20.472+0000] {processor.py:839} INFO - DAG(s) dict_keys(['latest_only_with_trigger']) retrieved from /home/airflow/.local/lib/python3.8/site-packages/airflow/example_dags/example_latest_only_with_trigger.py
[2023-08-28T00:13:20.599+0000] {logging_mixin.py:151} INFO - [2023-08-28T00:13:20.599+0000] {dag.py:2907} INFO - Sync 1 DAGs
[2023-08-28T00:13:20.714+0000] {logging_mixin.py:151} INFO - [2023-08-28T00:13:20.712+0000] {dag.py:3677} INFO - Setting next_dagrun for latest_only_with_trigger to 2023-08-27T20:13:20.710399+00:00, run_after=2023-08-28T00:13:20.710399+00:00
[2023-08-28T00:13:20.792+0000] {processor.py:179} INFO - Processing /home/airflow/.local/lib/python3.8/site-packages/airflow/example_dags/example_latest_only_with_trigger.py took 0.336 seconds
[2023-08-28T00:13:51.794+0000] {processor.py:157} INFO - Started process (PID=597) to work on /home/airflow/.local/lib/python3.8/site-packages/airflow/example_dags/example_latest_only_with_trigger.py
[2023-08-28T00:13:51.796+0000] {processor.py:829} INFO - Processing file /home/airflow/.local/lib/python3.8/site-packages/airflow/example_dags/example_latest_only_with_trigger.py for tasks to queue
[2023-08-28T00:13:51.801+0000] {logging_mixin.py:151} INFO - [2023-08-28T00:13:51.800+0000] {dagbag.py:539} INFO - Filling up the DagBag from /home/airflow/.local/lib/python3.8/site-packages/airflow/example_dags/example_latest_only_with_trigger.py
[2023-08-28T00:13:51.818+0000] {processor.py:839} INFO - DAG(s) dict_keys(['latest_only_with_trigger']) retrieved from /home/airflow/.local/lib/python3.8/site-packages/airflow/example_dags/example_latest_only_with_trigger.py
[2023-08-28T00:13:51.907+0000] {logging_mixin.py:151} INFO - [2023-08-28T00:13:51.907+0000] {dag.py:2907} INFO - Sync 1 DAGs
[2023-08-28T00:13:51.963+0000] {logging_mixin.py:151} INFO - [2023-08-28T00:13:51.963+0000] {dag.py:3677} INFO - Setting next_dagrun for latest_only_with_trigger to 2023-08-27T20:13:51.962298+00:00, run_after=2023-08-28T00:13:51.962298+00:00
[2023-08-28T00:13:52.007+0000] {processor.py:179} INFO - Processing /home/airflow/.local/lib/python3.8/site-packages/airflow/example_dags/example_latest_only_with_trigger.py took 0.218 seconds
[2023-08-28T00:14:22.220+0000] {processor.py:157} INFO - Started process (PID=652) to work on /home/airflow/.local/lib/python3.8/site-packages/airflow/example_dags/example_latest_only_with_trigger.py
[2023-08-28T00:14:22.222+0000] {processor.py:829} INFO - Processing file /home/airflow/.local/lib/python3.8/site-packages/airflow/example_dags/example_latest_only_with_trigger.py for tasks to queue
[2023-08-28T00:14:22.225+0000] {logging_mixin.py:151} INFO - [2023-08-28T00:14:22.225+0000] {dagbag.py:539} INFO - Filling up the DagBag from /home/airflow/.local/lib/python3.8/site-packages/airflow/example_dags/example_latest_only_with_trigger.py
[2023-08-28T00:14:22.235+0000] {processor.py:839} INFO - DAG(s) dict_keys(['latest_only_with_trigger']) retrieved from /home/airflow/.local/lib/python3.8/site-packages/airflow/example_dags/example_latest_only_with_trigger.py
[2023-08-28T00:14:22.321+0000] {logging_mixin.py:151} INFO - [2023-08-28T00:14:22.320+0000] {dag.py:2907} INFO - Sync 1 DAGs
[2023-08-28T00:14:22.382+0000] {logging_mixin.py:151} INFO - [2023-08-28T00:14:22.381+0000] {dag.py:3677} INFO - Setting next_dagrun for latest_only_with_trigger to 2023-08-27T20:14:22.380793+00:00, run_after=2023-08-28T00:14:22.380793+00:00
[2023-08-28T00:14:22.449+0000] {processor.py:179} INFO - Processing /home/airflow/.local/lib/python3.8/site-packages/airflow/example_dags/example_latest_only_with_trigger.py took 0.232 seconds
[2023-08-28T00:14:53.169+0000] {processor.py:157} INFO - Started process (PID=707) to work on /home/airflow/.local/lib/python3.8/site-packages/airflow/example_dags/example_latest_only_with_trigger.py
[2023-08-28T00:14:53.172+0000] {processor.py:829} INFO - Processing file /home/airflow/.local/lib/python3.8/site-packages/airflow/example_dags/example_latest_only_with_trigger.py for tasks to queue
[2023-08-28T00:14:53.181+0000] {logging_mixin.py:151} INFO - [2023-08-28T00:14:53.180+0000] {dagbag.py:539} INFO - Filling up the DagBag from /home/airflow/.local/lib/python3.8/site-packages/airflow/example_dags/example_latest_only_with_trigger.py
[2023-08-28T00:14:53.216+0000] {processor.py:839} INFO - DAG(s) dict_keys(['latest_only_with_trigger']) retrieved from /home/airflow/.local/lib/python3.8/site-packages/airflow/example_dags/example_latest_only_with_trigger.py
[2023-08-28T00:14:53.365+0000] {logging_mixin.py:151} INFO - [2023-08-28T00:14:53.365+0000] {dag.py:2907} INFO - Sync 1 DAGs
[2023-08-28T00:14:53.456+0000] {logging_mixin.py:151} INFO - [2023-08-28T00:14:53.455+0000] {dag.py:3677} INFO - Setting next_dagrun for latest_only_with_trigger to 2023-08-27T20:14:53.452248+00:00, run_after=2023-08-28T00:14:53.452248+00:00
[2023-08-28T00:14:53.515+0000] {processor.py:179} INFO - Processing /home/airflow/.local/lib/python3.8/site-packages/airflow/example_dags/example_latest_only_with_trigger.py took 0.353 seconds
[2023-08-28T00:15:24.828+0000] {processor.py:157} INFO - Started process (PID=762) to work on /home/airflow/.local/lib/python3.8/site-packages/airflow/example_dags/example_latest_only_with_trigger.py
[2023-08-28T00:15:24.834+0000] {processor.py:829} INFO - Processing file /home/airflow/.local/lib/python3.8/site-packages/airflow/example_dags/example_latest_only_with_trigger.py for tasks to queue
[2023-08-28T00:15:24.858+0000] {logging_mixin.py:151} INFO - [2023-08-28T00:15:24.856+0000] {dagbag.py:539} INFO - Filling up the DagBag from /home/airflow/.local/lib/python3.8/site-packages/airflow/example_dags/example_latest_only_with_trigger.py
[2023-08-28T00:15:24.901+0000] {processor.py:839} INFO - DAG(s) dict_keys(['latest_only_with_trigger']) retrieved from /home/airflow/.local/lib/python3.8/site-packages/airflow/example_dags/example_latest_only_with_trigger.py
[2023-08-28T00:15:25.057+0000] {logging_mixin.py:151} INFO - [2023-08-28T00:15:25.057+0000] {dag.py:2907} INFO - Sync 1 DAGs
[2023-08-28T00:15:25.115+0000] {logging_mixin.py:151} INFO - [2023-08-28T00:15:25.114+0000] {dag.py:3677} INFO - Setting next_dagrun for latest_only_with_trigger to 2023-08-27T20:15:25.112707+00:00, run_after=2023-08-28T00:15:25.112707+00:00
[2023-08-28T00:15:25.164+0000] {processor.py:179} INFO - Processing /home/airflow/.local/lib/python3.8/site-packages/airflow/example_dags/example_latest_only_with_trigger.py took 0.351 seconds
[2023-08-28T00:15:55.959+0000] {processor.py:157} INFO - Started process (PID=817) to work on /home/airflow/.local/lib/python3.8/site-packages/airflow/example_dags/example_latest_only_with_trigger.py
[2023-08-28T00:15:55.961+0000] {processor.py:829} INFO - Processing file /home/airflow/.local/lib/python3.8/site-packages/airflow/example_dags/example_latest_only_with_trigger.py for tasks to queue
[2023-08-28T00:15:55.964+0000] {logging_mixin.py:151} INFO - [2023-08-28T00:15:55.963+0000] {dagbag.py:539} INFO - Filling up the DagBag from /home/airflow/.local/lib/python3.8/site-packages/airflow/example_dags/example_latest_only_with_trigger.py
[2023-08-28T00:15:55.974+0000] {processor.py:839} INFO - DAG(s) dict_keys(['latest_only_with_trigger']) retrieved from /home/airflow/.local/lib/python3.8/site-packages/airflow/example_dags/example_latest_only_with_trigger.py
[2023-08-28T00:15:56.058+0000] {logging_mixin.py:151} INFO - [2023-08-28T00:15:56.058+0000] {dag.py:2907} INFO - Sync 1 DAGs
[2023-08-28T00:15:56.109+0000] {logging_mixin.py:151} INFO - [2023-08-28T00:15:56.109+0000] {dag.py:3677} INFO - Setting next_dagrun for latest_only_with_trigger to 2023-08-27T20:15:56.108340+00:00, run_after=2023-08-28T00:15:56.108340+00:00
[2023-08-28T00:15:56.138+0000] {processor.py:179} INFO - Processing /home/airflow/.local/lib/python3.8/site-packages/airflow/example_dags/example_latest_only_with_trigger.py took 0.182 seconds
[2023-08-28T00:16:26.514+0000] {processor.py:157} INFO - Started process (PID=872) to work on /home/airflow/.local/lib/python3.8/site-packages/airflow/example_dags/example_latest_only_with_trigger.py
[2023-08-28T00:16:26.520+0000] {processor.py:829} INFO - Processing file /home/airflow/.local/lib/python3.8/site-packages/airflow/example_dags/example_latest_only_with_trigger.py for tasks to queue
[2023-08-28T00:16:26.530+0000] {logging_mixin.py:151} INFO - [2023-08-28T00:16:26.527+0000] {dagbag.py:539} INFO - Filling up the DagBag from /home/airflow/.local/lib/python3.8/site-packages/airflow/example_dags/example_latest_only_with_trigger.py
[2023-08-28T00:16:26.544+0000] {processor.py:839} INFO - DAG(s) dict_keys(['latest_only_with_trigger']) retrieved from /home/airflow/.local/lib/python3.8/site-packages/airflow/example_dags/example_latest_only_with_trigger.py
[2023-08-28T00:16:26.661+0000] {logging_mixin.py:151} INFO - [2023-08-28T00:16:26.661+0000] {dag.py:2907} INFO - Sync 1 DAGs
[2023-08-28T00:16:26.709+0000] {logging_mixin.py:151} INFO - [2023-08-28T00:16:26.708+0000] {dag.py:3677} INFO - Setting next_dagrun for latest_only_with_trigger to 2023-08-27T20:16:26.707831+00:00, run_after=2023-08-28T00:16:26.707831+00:00
[2023-08-28T00:16:26.743+0000] {processor.py:179} INFO - Processing /home/airflow/.local/lib/python3.8/site-packages/airflow/example_dags/example_latest_only_with_trigger.py took 0.242 seconds
[2023-08-28T00:16:57.650+0000] {processor.py:157} INFO - Started process (PID=927) to work on /home/airflow/.local/lib/python3.8/site-packages/airflow/example_dags/example_latest_only_with_trigger.py
[2023-08-28T00:16:57.651+0000] {processor.py:829} INFO - Processing file /home/airflow/.local/lib/python3.8/site-packages/airflow/example_dags/example_latest_only_with_trigger.py for tasks to queue
[2023-08-28T00:16:57.654+0000] {logging_mixin.py:151} INFO - [2023-08-28T00:16:57.654+0000] {dagbag.py:539} INFO - Filling up the DagBag from /home/airflow/.local/lib/python3.8/site-packages/airflow/example_dags/example_latest_only_with_trigger.py
[2023-08-28T00:16:57.665+0000] {processor.py:839} INFO - DAG(s) dict_keys(['latest_only_with_trigger']) retrieved from /home/airflow/.local/lib/python3.8/site-packages/airflow/example_dags/example_latest_only_with_trigger.py
[2023-08-28T00:16:57.755+0000] {logging_mixin.py:151} INFO - [2023-08-28T00:16:57.755+0000] {dag.py:2907} INFO - Sync 1 DAGs
[2023-08-28T00:16:57.807+0000] {logging_mixin.py:151} INFO - [2023-08-28T00:16:57.806+0000] {dag.py:3677} INFO - Setting next_dagrun for latest_only_with_trigger to 2023-08-27T20:16:57.805800+00:00, run_after=2023-08-28T00:16:57.805800+00:00
[2023-08-28T00:16:57.843+0000] {processor.py:179} INFO - Processing /home/airflow/.local/lib/python3.8/site-packages/airflow/example_dags/example_latest_only_with_trigger.py took 0.196 seconds
[2023-08-28T00:17:27.979+0000] {processor.py:157} INFO - Started process (PID=982) to work on /home/airflow/.local/lib/python3.8/site-packages/airflow/example_dags/example_latest_only_with_trigger.py
[2023-08-28T00:17:27.988+0000] {processor.py:829} INFO - Processing file /home/airflow/.local/lib/python3.8/site-packages/airflow/example_dags/example_latest_only_with_trigger.py for tasks to queue
[2023-08-28T00:17:27.998+0000] {logging_mixin.py:151} INFO - [2023-08-28T00:17:27.997+0000] {dagbag.py:539} INFO - Filling up the DagBag from /home/airflow/.local/lib/python3.8/site-packages/airflow/example_dags/example_latest_only_with_trigger.py
[2023-08-28T00:17:28.017+0000] {processor.py:839} INFO - DAG(s) dict_keys(['latest_only_with_trigger']) retrieved from /home/airflow/.local/lib/python3.8/site-packages/airflow/example_dags/example_latest_only_with_trigger.py
[2023-08-28T00:17:28.111+0000] {logging_mixin.py:151} INFO - [2023-08-28T00:17:28.111+0000] {dag.py:2907} INFO - Sync 1 DAGs
[2023-08-28T00:17:28.154+0000] {logging_mixin.py:151} INFO - [2023-08-28T00:17:28.154+0000] {dag.py:3677} INFO - Setting next_dagrun for latest_only_with_trigger to 2023-08-27T20:17:28.153627+00:00, run_after=2023-08-28T00:17:28.153627+00:00
[2023-08-28T00:17:28.184+0000] {processor.py:179} INFO - Processing /home/airflow/.local/lib/python3.8/site-packages/airflow/example_dags/example_latest_only_with_trigger.py took 0.217 seconds
[2023-08-28T00:18:01.092+0000] {processor.py:157} INFO - Started process (PID=1037) to work on /home/airflow/.local/lib/python3.8/site-packages/airflow/example_dags/example_latest_only_with_trigger.py
[2023-08-28T00:18:01.101+0000] {processor.py:829} INFO - Processing file /home/airflow/.local/lib/python3.8/site-packages/airflow/example_dags/example_latest_only_with_trigger.py for tasks to queue
[2023-08-28T00:18:01.128+0000] {logging_mixin.py:151} INFO - [2023-08-28T00:18:01.127+0000] {dagbag.py:539} INFO - Filling up the DagBag from /home/airflow/.local/lib/python3.8/site-packages/airflow/example_dags/example_latest_only_with_trigger.py
[2023-08-28T00:18:01.184+0000] {processor.py:839} INFO - DAG(s) dict_keys(['latest_only_with_trigger']) retrieved from /home/airflow/.local/lib/python3.8/site-packages/airflow/example_dags/example_latest_only_with_trigger.py
[2023-08-28T00:18:01.456+0000] {logging_mixin.py:151} INFO - [2023-08-28T00:18:01.455+0000] {dag.py:2907} INFO - Sync 1 DAGs
[2023-08-28T00:18:01.603+0000] {logging_mixin.py:151} INFO - [2023-08-28T00:18:01.601+0000] {dag.py:3677} INFO - Setting next_dagrun for latest_only_with_trigger to 2023-08-27T20:18:01.597598+00:00, run_after=2023-08-28T00:18:01.597598+00:00
[2023-08-28T00:18:01.739+0000] {processor.py:179} INFO - Processing /home/airflow/.local/lib/python3.8/site-packages/airflow/example_dags/example_latest_only_with_trigger.py took 0.662 seconds
[2023-08-28T00:18:32.317+0000] {processor.py:157} INFO - Started process (PID=1091) to work on /home/airflow/.local/lib/python3.8/site-packages/airflow/example_dags/example_latest_only_with_trigger.py
[2023-08-28T00:18:32.336+0000] {processor.py:829} INFO - Processing file /home/airflow/.local/lib/python3.8/site-packages/airflow/example_dags/example_latest_only_with_trigger.py for tasks to queue
[2023-08-28T00:18:32.377+0000] {logging_mixin.py:151} INFO - [2023-08-28T00:18:32.376+0000] {dagbag.py:539} INFO - Filling up the DagBag from /home/airflow/.local/lib/python3.8/site-packages/airflow/example_dags/example_latest_only_with_trigger.py
[2023-08-28T00:18:32.453+0000] {processor.py:839} INFO - DAG(s) dict_keys(['latest_only_with_trigger']) retrieved from /home/airflow/.local/lib/python3.8/site-packages/airflow/example_dags/example_latest_only_with_trigger.py
[2023-08-28T00:18:32.736+0000] {logging_mixin.py:151} INFO - [2023-08-28T00:18:32.735+0000] {dag.py:2907} INFO - Sync 1 DAGs
[2023-08-28T00:18:32.906+0000] {logging_mixin.py:151} INFO - [2023-08-28T00:18:32.903+0000] {dag.py:3677} INFO - Setting next_dagrun for latest_only_with_trigger to 2023-08-27T20:18:32.898836+00:00, run_after=2023-08-28T00:18:32.898836+00:00
[2023-08-28T00:18:32.990+0000] {processor.py:179} INFO - Processing /home/airflow/.local/lib/python3.8/site-packages/airflow/example_dags/example_latest_only_with_trigger.py took 0.715 seconds
[2023-08-28T00:19:03.457+0000] {processor.py:157} INFO - Started process (PID=1146) to work on /home/airflow/.local/lib/python3.8/site-packages/airflow/example_dags/example_latest_only_with_trigger.py
[2023-08-28T00:19:03.462+0000] {processor.py:829} INFO - Processing file /home/airflow/.local/lib/python3.8/site-packages/airflow/example_dags/example_latest_only_with_trigger.py for tasks to queue
[2023-08-28T00:19:03.490+0000] {logging_mixin.py:151} INFO - [2023-08-28T00:19:03.484+0000] {dagbag.py:539} INFO - Filling up the DagBag from /home/airflow/.local/lib/python3.8/site-packages/airflow/example_dags/example_latest_only_with_trigger.py
[2023-08-28T00:19:03.551+0000] {processor.py:839} INFO - DAG(s) dict_keys(['latest_only_with_trigger']) retrieved from /home/airflow/.local/lib/python3.8/site-packages/airflow/example_dags/example_latest_only_with_trigger.py
[2023-08-28T00:19:03.792+0000] {logging_mixin.py:151} INFO - [2023-08-28T00:19:03.791+0000] {dag.py:2907} INFO - Sync 1 DAGs
[2023-08-28T00:19:03.895+0000] {logging_mixin.py:151} INFO - [2023-08-28T00:19:03.894+0000] {dag.py:3677} INFO - Setting next_dagrun for latest_only_with_trigger to 2023-08-27T20:19:03.893709+00:00, run_after=2023-08-28T00:19:03.893709+00:00
[2023-08-28T00:19:03.970+0000] {processor.py:179} INFO - Processing /home/airflow/.local/lib/python3.8/site-packages/airflow/example_dags/example_latest_only_with_trigger.py took 0.557 seconds
[2023-08-28T00:19:34.200+0000] {processor.py:157} INFO - Started process (PID=1201) to work on /home/airflow/.local/lib/python3.8/site-packages/airflow/example_dags/example_latest_only_with_trigger.py
[2023-08-28T00:19:34.203+0000] {processor.py:829} INFO - Processing file /home/airflow/.local/lib/python3.8/site-packages/airflow/example_dags/example_latest_only_with_trigger.py for tasks to queue
[2023-08-28T00:19:34.226+0000] {logging_mixin.py:151} INFO - [2023-08-28T00:19:34.213+0000] {dagbag.py:539} INFO - Filling up the DagBag from /home/airflow/.local/lib/python3.8/site-packages/airflow/example_dags/example_latest_only_with_trigger.py
[2023-08-28T00:19:34.256+0000] {processor.py:839} INFO - DAG(s) dict_keys(['latest_only_with_trigger']) retrieved from /home/airflow/.local/lib/python3.8/site-packages/airflow/example_dags/example_latest_only_with_trigger.py
[2023-08-28T00:19:34.401+0000] {logging_mixin.py:151} INFO - [2023-08-28T00:19:34.400+0000] {dag.py:2907} INFO - Sync 1 DAGs
[2023-08-28T00:19:34.444+0000] {logging_mixin.py:151} INFO - [2023-08-28T00:19:34.444+0000] {dag.py:3677} INFO - Setting next_dagrun for latest_only_with_trigger to 2023-08-27T20:19:34.443138+00:00, run_after=2023-08-28T00:19:34.443138+00:00
[2023-08-28T00:19:34.473+0000] {processor.py:179} INFO - Processing /home/airflow/.local/lib/python3.8/site-packages/airflow/example_dags/example_latest_only_with_trigger.py took 0.278 seconds
[2023-08-28T00:20:04.999+0000] {processor.py:157} INFO - Started process (PID=1256) to work on /home/airflow/.local/lib/python3.8/site-packages/airflow/example_dags/example_latest_only_with_trigger.py
[2023-08-28T00:20:05.001+0000] {processor.py:829} INFO - Processing file /home/airflow/.local/lib/python3.8/site-packages/airflow/example_dags/example_latest_only_with_trigger.py for tasks to queue
[2023-08-28T00:20:05.007+0000] {logging_mixin.py:151} INFO - [2023-08-28T00:20:05.007+0000] {dagbag.py:539} INFO - Filling up the DagBag from /home/airflow/.local/lib/python3.8/site-packages/airflow/example_dags/example_latest_only_with_trigger.py
[2023-08-28T00:20:05.022+0000] {processor.py:839} INFO - DAG(s) dict_keys(['latest_only_with_trigger']) retrieved from /home/airflow/.local/lib/python3.8/site-packages/airflow/example_dags/example_latest_only_with_trigger.py
[2023-08-28T00:20:05.133+0000] {logging_mixin.py:151} INFO - [2023-08-28T00:20:05.133+0000] {dag.py:2907} INFO - Sync 1 DAGs
[2023-08-28T00:20:05.175+0000] {logging_mixin.py:151} INFO - [2023-08-28T00:20:05.175+0000] {dag.py:3677} INFO - Setting next_dagrun for latest_only_with_trigger to 2023-08-27T20:20:05.174650+00:00, run_after=2023-08-28T00:20:05.174650+00:00
[2023-08-28T00:20:05.227+0000] {processor.py:179} INFO - Processing /home/airflow/.local/lib/python3.8/site-packages/airflow/example_dags/example_latest_only_with_trigger.py took 0.233 seconds
[2023-08-28T00:20:35.467+0000] {processor.py:157} INFO - Started process (PID=1311) to work on /home/airflow/.local/lib/python3.8/site-packages/airflow/example_dags/example_latest_only_with_trigger.py
[2023-08-28T00:20:35.476+0000] {processor.py:829} INFO - Processing file /home/airflow/.local/lib/python3.8/site-packages/airflow/example_dags/example_latest_only_with_trigger.py for tasks to queue
[2023-08-28T00:20:35.480+0000] {logging_mixin.py:151} INFO - [2023-08-28T00:20:35.479+0000] {dagbag.py:539} INFO - Filling up the DagBag from /home/airflow/.local/lib/python3.8/site-packages/airflow/example_dags/example_latest_only_with_trigger.py
[2023-08-28T00:20:35.495+0000] {processor.py:839} INFO - DAG(s) dict_keys(['latest_only_with_trigger']) retrieved from /home/airflow/.local/lib/python3.8/site-packages/airflow/example_dags/example_latest_only_with_trigger.py
[2023-08-28T00:20:35.581+0000] {logging_mixin.py:151} INFO - [2023-08-28T00:20:35.581+0000] {dag.py:2907} INFO - Sync 1 DAGs
[2023-08-28T00:20:35.621+0000] {logging_mixin.py:151} INFO - [2023-08-28T00:20:35.621+0000] {dag.py:3677} INFO - Setting next_dagrun for latest_only_with_trigger to 2023-08-27T20:20:35.620285+00:00, run_after=2023-08-28T00:20:35.620285+00:00
[2023-08-28T00:20:35.648+0000] {processor.py:179} INFO - Processing /home/airflow/.local/lib/python3.8/site-packages/airflow/example_dags/example_latest_only_with_trigger.py took 0.195 seconds
[2023-08-28T00:21:06.557+0000] {processor.py:157} INFO - Started process (PID=1366) to work on /home/airflow/.local/lib/python3.8/site-packages/airflow/example_dags/example_latest_only_with_trigger.py
[2023-08-28T00:21:06.559+0000] {processor.py:829} INFO - Processing file /home/airflow/.local/lib/python3.8/site-packages/airflow/example_dags/example_latest_only_with_trigger.py for tasks to queue
[2023-08-28T00:21:06.562+0000] {logging_mixin.py:151} INFO - [2023-08-28T00:21:06.561+0000] {dagbag.py:539} INFO - Filling up the DagBag from /home/airflow/.local/lib/python3.8/site-packages/airflow/example_dags/example_latest_only_with_trigger.py
[2023-08-28T00:21:06.573+0000] {processor.py:839} INFO - DAG(s) dict_keys(['latest_only_with_trigger']) retrieved from /home/airflow/.local/lib/python3.8/site-packages/airflow/example_dags/example_latest_only_with_trigger.py
[2023-08-28T00:21:06.651+0000] {logging_mixin.py:151} INFO - [2023-08-28T00:21:06.651+0000] {dag.py:2907} INFO - Sync 1 DAGs
[2023-08-28T00:21:06.688+0000] {logging_mixin.py:151} INFO - [2023-08-28T00:21:06.688+0000] {dag.py:3677} INFO - Setting next_dagrun for latest_only_with_trigger to 2023-08-27T20:21:06.687802+00:00, run_after=2023-08-28T00:21:06.687802+00:00
[2023-08-28T00:21:06.715+0000] {processor.py:179} INFO - Processing /home/airflow/.local/lib/python3.8/site-packages/airflow/example_dags/example_latest_only_with_trigger.py took 0.162 seconds
[2023-08-28T00:21:36.869+0000] {processor.py:157} INFO - Started process (PID=1421) to work on /home/airflow/.local/lib/python3.8/site-packages/airflow/example_dags/example_latest_only_with_trigger.py
[2023-08-28T00:21:36.876+0000] {processor.py:829} INFO - Processing file /home/airflow/.local/lib/python3.8/site-packages/airflow/example_dags/example_latest_only_with_trigger.py for tasks to queue
[2023-08-28T00:21:36.882+0000] {logging_mixin.py:151} INFO - [2023-08-28T00:21:36.882+0000] {dagbag.py:539} INFO - Filling up the DagBag from /home/airflow/.local/lib/python3.8/site-packages/airflow/example_dags/example_latest_only_with_trigger.py
[2023-08-28T00:21:36.932+0000] {processor.py:839} INFO - DAG(s) dict_keys(['latest_only_with_trigger']) retrieved from /home/airflow/.local/lib/python3.8/site-packages/airflow/example_dags/example_latest_only_with_trigger.py
[2023-08-28T00:21:37.121+0000] {logging_mixin.py:151} INFO - [2023-08-28T00:21:37.118+0000] {dag.py:2907} INFO - Sync 1 DAGs
[2023-08-28T00:21:37.210+0000] {logging_mixin.py:151} INFO - [2023-08-28T00:21:37.209+0000] {dag.py:3677} INFO - Setting next_dagrun for latest_only_with_trigger to 2023-08-27T20:21:37.208268+00:00, run_after=2023-08-28T00:21:37.208268+00:00
[2023-08-28T00:21:37.287+0000] {processor.py:179} INFO - Processing /home/airflow/.local/lib/python3.8/site-packages/airflow/example_dags/example_latest_only_with_trigger.py took 0.424 seconds
