[2023-08-28T00:01:57.481+0000] {processor.py:157} INFO - Started process (PID=46) to work on /home/airflow/.local/lib/python3.8/site-packages/airflow/example_dags/example_branch_labels.py
[2023-08-28T00:01:57.482+0000] {processor.py:829} INFO - Processing file /home/airflow/.local/lib/python3.8/site-packages/airflow/example_dags/example_branch_labels.py for tasks to queue
[2023-08-28T00:01:57.487+0000] {logging_mixin.py:151} INFO - [2023-08-28T00:01:57.487+0000] {dagbag.py:539} INFO - Filling up the DagBag from /home/airflow/.local/lib/python3.8/site-packages/airflow/example_dags/example_branch_labels.py
[2023-08-28T00:01:57.504+0000] {processor.py:839} INFO - DAG(s) dict_keys(['example_branch_labels']) retrieved from /home/airflow/.local/lib/python3.8/site-packages/airflow/example_dags/example_branch_labels.py
[2023-08-28T00:01:58.270+0000] {logging_mixin.py:151} INFO - [2023-08-28T00:01:58.269+0000] {manager.py:501} INFO - Created Permission View: can edit on DAG:example_branch_labels
[2023-08-28T00:01:58.379+0000] {logging_mixin.py:151} INFO - [2023-08-28T00:01:58.377+0000] {manager.py:501} INFO - Created Permission View: can delete on DAG:example_branch_labels
[2023-08-28T00:01:58.403+0000] {logging_mixin.py:151} INFO - [2023-08-28T00:01:58.402+0000] {manager.py:501} INFO - Created Permission View: can read on DAG:example_branch_labels
[2023-08-28T00:01:58.519+0000] {logging_mixin.py:151} INFO - [2023-08-28T00:01:58.518+0000] {dag.py:2907} INFO - Sync 1 DAGs
[2023-08-28T00:01:58.559+0000] {logging_mixin.py:151} INFO - [2023-08-28T00:01:58.559+0000] {dag.py:2929} INFO - Creating ORM DAG for example_branch_labels
[2023-08-28T00:01:58.657+0000] {logging_mixin.py:151} INFO - [2023-08-28T00:01:58.656+0000] {dag.py:3677} INFO - Setting next_dagrun for example_branch_labels to 2023-08-27T00:00:00+00:00, run_after=2023-08-28T00:00:00+00:00
[2023-08-28T00:01:58.711+0000] {processor.py:179} INFO - Processing /home/airflow/.local/lib/python3.8/site-packages/airflow/example_dags/example_branch_labels.py took 1.234 seconds
[2023-08-28T00:02:29.522+0000] {processor.py:157} INFO - Started process (PID=101) to work on /home/airflow/.local/lib/python3.8/site-packages/airflow/example_dags/example_branch_labels.py
[2023-08-28T00:02:29.524+0000] {processor.py:829} INFO - Processing file /home/airflow/.local/lib/python3.8/site-packages/airflow/example_dags/example_branch_labels.py for tasks to queue
[2023-08-28T00:02:29.529+0000] {logging_mixin.py:151} INFO - [2023-08-28T00:02:29.528+0000] {dagbag.py:539} INFO - Filling up the DagBag from /home/airflow/.local/lib/python3.8/site-packages/airflow/example_dags/example_branch_labels.py
[2023-08-28T00:02:29.552+0000] {processor.py:839} INFO - DAG(s) dict_keys(['example_branch_labels']) retrieved from /home/airflow/.local/lib/python3.8/site-packages/airflow/example_dags/example_branch_labels.py
[2023-08-28T00:02:29.655+0000] {logging_mixin.py:151} INFO - [2023-08-28T00:02:29.655+0000] {dag.py:2907} INFO - Sync 1 DAGs
[2023-08-28T00:02:29.807+0000] {logging_mixin.py:151} INFO - [2023-08-28T00:02:29.806+0000] {dag.py:3677} INFO - Setting next_dagrun for example_branch_labels to 2023-08-27T00:00:00+00:00, run_after=2023-08-28T00:00:00+00:00
[2023-08-28T00:02:29.831+0000] {processor.py:179} INFO - Processing /home/airflow/.local/lib/python3.8/site-packages/airflow/example_dags/example_branch_labels.py took 0.315 seconds
[2023-08-28T00:03:00.191+0000] {processor.py:157} INFO - Started process (PID=155) to work on /home/airflow/.local/lib/python3.8/site-packages/airflow/example_dags/example_branch_labels.py
[2023-08-28T00:03:00.195+0000] {processor.py:829} INFO - Processing file /home/airflow/.local/lib/python3.8/site-packages/airflow/example_dags/example_branch_labels.py for tasks to queue
[2023-08-28T00:03:00.218+0000] {logging_mixin.py:151} INFO - [2023-08-28T00:03:00.215+0000] {dagbag.py:539} INFO - Filling up the DagBag from /home/airflow/.local/lib/python3.8/site-packages/airflow/example_dags/example_branch_labels.py
[2023-08-28T00:03:00.266+0000] {processor.py:839} INFO - DAG(s) dict_keys(['example_branch_labels']) retrieved from /home/airflow/.local/lib/python3.8/site-packages/airflow/example_dags/example_branch_labels.py
[2023-08-28T00:03:00.432+0000] {logging_mixin.py:151} INFO - [2023-08-28T00:03:00.432+0000] {dag.py:2907} INFO - Sync 1 DAGs
[2023-08-28T00:03:00.515+0000] {logging_mixin.py:151} INFO - [2023-08-28T00:03:00.515+0000] {dag.py:3677} INFO - Setting next_dagrun for example_branch_labels to 2023-08-27T00:00:00+00:00, run_after=2023-08-28T00:00:00+00:00
[2023-08-28T00:03:00.562+0000] {processor.py:179} INFO - Processing /home/airflow/.local/lib/python3.8/site-packages/airflow/example_dags/example_branch_labels.py took 0.379 seconds
[2023-08-28T00:03:32.016+0000] {processor.py:157} INFO - Started process (PID=209) to work on /home/airflow/.local/lib/python3.8/site-packages/airflow/example_dags/example_branch_labels.py
[2023-08-28T00:03:32.020+0000] {processor.py:829} INFO - Processing file /home/airflow/.local/lib/python3.8/site-packages/airflow/example_dags/example_branch_labels.py for tasks to queue
[2023-08-28T00:03:32.037+0000] {logging_mixin.py:151} INFO - [2023-08-28T00:03:32.037+0000] {dagbag.py:539} INFO - Filling up the DagBag from /home/airflow/.local/lib/python3.8/site-packages/airflow/example_dags/example_branch_labels.py
[2023-08-28T00:03:32.083+0000] {processor.py:839} INFO - DAG(s) dict_keys(['example_branch_labels']) retrieved from /home/airflow/.local/lib/python3.8/site-packages/airflow/example_dags/example_branch_labels.py
[2023-08-28T00:03:32.381+0000] {logging_mixin.py:151} INFO - [2023-08-28T00:03:32.381+0000] {dag.py:2907} INFO - Sync 1 DAGs
[2023-08-28T00:03:32.447+0000] {logging_mixin.py:151} INFO - [2023-08-28T00:03:32.447+0000] {dag.py:3677} INFO - Setting next_dagrun for example_branch_labels to 2023-08-27T00:00:00+00:00, run_after=2023-08-28T00:00:00+00:00
[2023-08-28T00:03:32.517+0000] {processor.py:179} INFO - Processing /home/airflow/.local/lib/python3.8/site-packages/airflow/example_dags/example_branch_labels.py took 0.510 seconds
[2023-08-28T00:04:02.724+0000] {processor.py:157} INFO - Started process (PID=264) to work on /home/airflow/.local/lib/python3.8/site-packages/airflow/example_dags/example_branch_labels.py
[2023-08-28T00:04:02.726+0000] {processor.py:829} INFO - Processing file /home/airflow/.local/lib/python3.8/site-packages/airflow/example_dags/example_branch_labels.py for tasks to queue
[2023-08-28T00:04:02.729+0000] {logging_mixin.py:151} INFO - [2023-08-28T00:04:02.729+0000] {dagbag.py:539} INFO - Filling up the DagBag from /home/airflow/.local/lib/python3.8/site-packages/airflow/example_dags/example_branch_labels.py
[2023-08-28T00:04:02.742+0000] {processor.py:839} INFO - DAG(s) dict_keys(['example_branch_labels']) retrieved from /home/airflow/.local/lib/python3.8/site-packages/airflow/example_dags/example_branch_labels.py
[2023-08-28T00:04:02.819+0000] {logging_mixin.py:151} INFO - [2023-08-28T00:04:02.819+0000] {dag.py:2907} INFO - Sync 1 DAGs
[2023-08-28T00:04:02.858+0000] {logging_mixin.py:151} INFO - [2023-08-28T00:04:02.858+0000] {dag.py:3677} INFO - Setting next_dagrun for example_branch_labels to 2023-08-27T00:00:00+00:00, run_after=2023-08-28T00:00:00+00:00
[2023-08-28T00:04:02.883+0000] {processor.py:179} INFO - Processing /home/airflow/.local/lib/python3.8/site-packages/airflow/example_dags/example_branch_labels.py took 0.162 seconds
[2023-08-28T00:04:32.940+0000] {processor.py:157} INFO - Started process (PID=319) to work on /home/airflow/.local/lib/python3.8/site-packages/airflow/example_dags/example_branch_labels.py
[2023-08-28T00:04:32.941+0000] {processor.py:829} INFO - Processing file /home/airflow/.local/lib/python3.8/site-packages/airflow/example_dags/example_branch_labels.py for tasks to queue
[2023-08-28T00:04:32.944+0000] {logging_mixin.py:151} INFO - [2023-08-28T00:04:32.943+0000] {dagbag.py:539} INFO - Filling up the DagBag from /home/airflow/.local/lib/python3.8/site-packages/airflow/example_dags/example_branch_labels.py
[2023-08-28T00:04:32.956+0000] {processor.py:839} INFO - DAG(s) dict_keys(['example_branch_labels']) retrieved from /home/airflow/.local/lib/python3.8/site-packages/airflow/example_dags/example_branch_labels.py
[2023-08-28T00:04:33.041+0000] {logging_mixin.py:151} INFO - [2023-08-28T00:04:33.041+0000] {dag.py:2907} INFO - Sync 1 DAGs
[2023-08-28T00:04:33.077+0000] {logging_mixin.py:151} INFO - [2023-08-28T00:04:33.076+0000] {dag.py:3677} INFO - Setting next_dagrun for example_branch_labels to 2023-08-27T00:00:00+00:00, run_after=2023-08-28T00:00:00+00:00
[2023-08-28T00:04:33.099+0000] {processor.py:179} INFO - Processing /home/airflow/.local/lib/python3.8/site-packages/airflow/example_dags/example_branch_labels.py took 0.162 seconds
[2023-08-28T00:05:03.323+0000] {processor.py:157} INFO - Started process (PID=374) to work on /home/airflow/.local/lib/python3.8/site-packages/airflow/example_dags/example_branch_labels.py
[2023-08-28T00:05:03.325+0000] {processor.py:829} INFO - Processing file /home/airflow/.local/lib/python3.8/site-packages/airflow/example_dags/example_branch_labels.py for tasks to queue
[2023-08-28T00:05:03.327+0000] {logging_mixin.py:151} INFO - [2023-08-28T00:05:03.327+0000] {dagbag.py:539} INFO - Filling up the DagBag from /home/airflow/.local/lib/python3.8/site-packages/airflow/example_dags/example_branch_labels.py
[2023-08-28T00:05:03.338+0000] {processor.py:839} INFO - DAG(s) dict_keys(['example_branch_labels']) retrieved from /home/airflow/.local/lib/python3.8/site-packages/airflow/example_dags/example_branch_labels.py
[2023-08-28T00:05:03.410+0000] {logging_mixin.py:151} INFO - [2023-08-28T00:05:03.409+0000] {dag.py:2907} INFO - Sync 1 DAGs
[2023-08-28T00:05:03.444+0000] {logging_mixin.py:151} INFO - [2023-08-28T00:05:03.444+0000] {dag.py:3677} INFO - Setting next_dagrun for example_branch_labels to 2023-08-27T00:00:00+00:00, run_after=2023-08-28T00:00:00+00:00
[2023-08-28T00:05:03.467+0000] {processor.py:179} INFO - Processing /home/airflow/.local/lib/python3.8/site-packages/airflow/example_dags/example_branch_labels.py took 0.146 seconds
[2023-08-28T00:08:44.958+0000] {processor.py:157} INFO - Started process (PID=54) to work on /home/airflow/.local/lib/python3.8/site-packages/airflow/example_dags/example_branch_labels.py
[2023-08-28T00:08:44.977+0000] {processor.py:829} INFO - Processing file /home/airflow/.local/lib/python3.8/site-packages/airflow/example_dags/example_branch_labels.py for tasks to queue
[2023-08-28T00:08:45.035+0000] {logging_mixin.py:151} INFO - [2023-08-28T00:08:45.034+0000] {dagbag.py:539} INFO - Filling up the DagBag from /home/airflow/.local/lib/python3.8/site-packages/airflow/example_dags/example_branch_labels.py
[2023-08-28T00:08:45.135+0000] {processor.py:839} INFO - DAG(s) dict_keys(['example_branch_labels']) retrieved from /home/airflow/.local/lib/python3.8/site-packages/airflow/example_dags/example_branch_labels.py
[2023-08-28T00:08:45.971+0000] {logging_mixin.py:151} INFO - [2023-08-28T00:08:45.970+0000] {dag.py:2907} INFO - Sync 1 DAGs
[2023-08-28T00:08:46.126+0000] {logging_mixin.py:151} INFO - [2023-08-28T00:08:46.124+0000] {dag.py:3677} INFO - Setting next_dagrun for example_branch_labels to 2023-08-27T00:00:00+00:00, run_after=2023-08-28T00:00:00+00:00
[2023-08-28T00:08:46.246+0000] {processor.py:179} INFO - Processing /home/airflow/.local/lib/python3.8/site-packages/airflow/example_dags/example_branch_labels.py took 1.337 seconds
[2023-08-28T00:09:16.518+0000] {processor.py:157} INFO - Started process (PID=109) to work on /home/airflow/.local/lib/python3.8/site-packages/airflow/example_dags/example_branch_labels.py
[2023-08-28T00:09:16.519+0000] {processor.py:829} INFO - Processing file /home/airflow/.local/lib/python3.8/site-packages/airflow/example_dags/example_branch_labels.py for tasks to queue
[2023-08-28T00:09:16.522+0000] {logging_mixin.py:151} INFO - [2023-08-28T00:09:16.521+0000] {dagbag.py:539} INFO - Filling up the DagBag from /home/airflow/.local/lib/python3.8/site-packages/airflow/example_dags/example_branch_labels.py
[2023-08-28T00:09:16.541+0000] {processor.py:839} INFO - DAG(s) dict_keys(['example_branch_labels']) retrieved from /home/airflow/.local/lib/python3.8/site-packages/airflow/example_dags/example_branch_labels.py
[2023-08-28T00:09:16.767+0000] {logging_mixin.py:151} INFO - [2023-08-28T00:09:16.767+0000] {dag.py:2907} INFO - Sync 1 DAGs
[2023-08-28T00:09:16.807+0000] {logging_mixin.py:151} INFO - [2023-08-28T00:09:16.807+0000] {dag.py:3677} INFO - Setting next_dagrun for example_branch_labels to 2023-08-27T00:00:00+00:00, run_after=2023-08-28T00:00:00+00:00
[2023-08-28T00:09:16.833+0000] {processor.py:179} INFO - Processing /home/airflow/.local/lib/python3.8/site-packages/airflow/example_dags/example_branch_labels.py took 0.319 seconds
[2023-08-28T00:09:47.099+0000] {processor.py:157} INFO - Started process (PID=163) to work on /home/airflow/.local/lib/python3.8/site-packages/airflow/example_dags/example_branch_labels.py
[2023-08-28T00:09:47.101+0000] {processor.py:829} INFO - Processing file /home/airflow/.local/lib/python3.8/site-packages/airflow/example_dags/example_branch_labels.py for tasks to queue
[2023-08-28T00:09:47.106+0000] {logging_mixin.py:151} INFO - [2023-08-28T00:09:47.106+0000] {dagbag.py:539} INFO - Filling up the DagBag from /home/airflow/.local/lib/python3.8/site-packages/airflow/example_dags/example_branch_labels.py
[2023-08-28T00:09:47.124+0000] {processor.py:839} INFO - DAG(s) dict_keys(['example_branch_labels']) retrieved from /home/airflow/.local/lib/python3.8/site-packages/airflow/example_dags/example_branch_labels.py
[2023-08-28T00:09:47.231+0000] {logging_mixin.py:151} INFO - [2023-08-28T00:09:47.231+0000] {dag.py:2907} INFO - Sync 1 DAGs
[2023-08-28T00:09:47.283+0000] {logging_mixin.py:151} INFO - [2023-08-28T00:09:47.282+0000] {dag.py:3677} INFO - Setting next_dagrun for example_branch_labels to 2023-08-27T00:00:00+00:00, run_after=2023-08-28T00:00:00+00:00
[2023-08-28T00:09:47.324+0000] {processor.py:179} INFO - Processing /home/airflow/.local/lib/python3.8/site-packages/airflow/example_dags/example_branch_labels.py took 0.230 seconds
[2023-08-28T00:10:17.408+0000] {processor.py:157} INFO - Started process (PID=218) to work on /home/airflow/.local/lib/python3.8/site-packages/airflow/example_dags/example_branch_labels.py
[2023-08-28T00:10:17.414+0000] {processor.py:829} INFO - Processing file /home/airflow/.local/lib/python3.8/site-packages/airflow/example_dags/example_branch_labels.py for tasks to queue
[2023-08-28T00:10:17.421+0000] {logging_mixin.py:151} INFO - [2023-08-28T00:10:17.420+0000] {dagbag.py:539} INFO - Filling up the DagBag from /home/airflow/.local/lib/python3.8/site-packages/airflow/example_dags/example_branch_labels.py
[2023-08-28T00:10:17.446+0000] {processor.py:839} INFO - DAG(s) dict_keys(['example_branch_labels']) retrieved from /home/airflow/.local/lib/python3.8/site-packages/airflow/example_dags/example_branch_labels.py
[2023-08-28T00:10:17.534+0000] {logging_mixin.py:151} INFO - [2023-08-28T00:10:17.534+0000] {dag.py:2907} INFO - Sync 1 DAGs
[2023-08-28T00:10:17.582+0000] {logging_mixin.py:151} INFO - [2023-08-28T00:10:17.582+0000] {dag.py:3677} INFO - Setting next_dagrun for example_branch_labels to 2023-08-27T00:00:00+00:00, run_after=2023-08-28T00:00:00+00:00
[2023-08-28T00:10:17.610+0000] {processor.py:179} INFO - Processing /home/airflow/.local/lib/python3.8/site-packages/airflow/example_dags/example_branch_labels.py took 0.209 seconds
[2023-08-28T00:10:48.089+0000] {processor.py:157} INFO - Started process (PID=273) to work on /home/airflow/.local/lib/python3.8/site-packages/airflow/example_dags/example_branch_labels.py
[2023-08-28T00:10:48.090+0000] {processor.py:829} INFO - Processing file /home/airflow/.local/lib/python3.8/site-packages/airflow/example_dags/example_branch_labels.py for tasks to queue
[2023-08-28T00:10:48.095+0000] {logging_mixin.py:151} INFO - [2023-08-28T00:10:48.094+0000] {dagbag.py:539} INFO - Filling up the DagBag from /home/airflow/.local/lib/python3.8/site-packages/airflow/example_dags/example_branch_labels.py
[2023-08-28T00:10:48.109+0000] {processor.py:839} INFO - DAG(s) dict_keys(['example_branch_labels']) retrieved from /home/airflow/.local/lib/python3.8/site-packages/airflow/example_dags/example_branch_labels.py
[2023-08-28T00:10:48.202+0000] {logging_mixin.py:151} INFO - [2023-08-28T00:10:48.202+0000] {dag.py:2907} INFO - Sync 1 DAGs
[2023-08-28T00:10:48.241+0000] {logging_mixin.py:151} INFO - [2023-08-28T00:10:48.241+0000] {dag.py:3677} INFO - Setting next_dagrun for example_branch_labels to 2023-08-27T00:00:00+00:00, run_after=2023-08-28T00:00:00+00:00
[2023-08-28T00:10:48.265+0000] {processor.py:179} INFO - Processing /home/airflow/.local/lib/python3.8/site-packages/airflow/example_dags/example_branch_labels.py took 0.181 seconds
[2023-08-28T00:11:19.101+0000] {processor.py:157} INFO - Started process (PID=327) to work on /home/airflow/.local/lib/python3.8/site-packages/airflow/example_dags/example_branch_labels.py
[2023-08-28T00:11:19.103+0000] {processor.py:829} INFO - Processing file /home/airflow/.local/lib/python3.8/site-packages/airflow/example_dags/example_branch_labels.py for tasks to queue
[2023-08-28T00:11:19.106+0000] {logging_mixin.py:151} INFO - [2023-08-28T00:11:19.106+0000] {dagbag.py:539} INFO - Filling up the DagBag from /home/airflow/.local/lib/python3.8/site-packages/airflow/example_dags/example_branch_labels.py
[2023-08-28T00:11:19.117+0000] {processor.py:839} INFO - DAG(s) dict_keys(['example_branch_labels']) retrieved from /home/airflow/.local/lib/python3.8/site-packages/airflow/example_dags/example_branch_labels.py
[2023-08-28T00:11:19.193+0000] {logging_mixin.py:151} INFO - [2023-08-28T00:11:19.193+0000] {dag.py:2907} INFO - Sync 1 DAGs
[2023-08-28T00:11:19.234+0000] {logging_mixin.py:151} INFO - [2023-08-28T00:11:19.233+0000] {dag.py:3677} INFO - Setting next_dagrun for example_branch_labels to 2023-08-27T00:00:00+00:00, run_after=2023-08-28T00:00:00+00:00
[2023-08-28T00:11:19.260+0000] {processor.py:179} INFO - Processing /home/airflow/.local/lib/python3.8/site-packages/airflow/example_dags/example_branch_labels.py took 0.163 seconds
[2023-08-28T00:11:49.791+0000] {processor.py:157} INFO - Started process (PID=381) to work on /home/airflow/.local/lib/python3.8/site-packages/airflow/example_dags/example_branch_labels.py
[2023-08-28T00:11:49.793+0000] {processor.py:829} INFO - Processing file /home/airflow/.local/lib/python3.8/site-packages/airflow/example_dags/example_branch_labels.py for tasks to queue
[2023-08-28T00:11:49.795+0000] {logging_mixin.py:151} INFO - [2023-08-28T00:11:49.795+0000] {dagbag.py:539} INFO - Filling up the DagBag from /home/airflow/.local/lib/python3.8/site-packages/airflow/example_dags/example_branch_labels.py
[2023-08-28T00:11:49.805+0000] {processor.py:839} INFO - DAG(s) dict_keys(['example_branch_labels']) retrieved from /home/airflow/.local/lib/python3.8/site-packages/airflow/example_dags/example_branch_labels.py
[2023-08-28T00:11:49.875+0000] {logging_mixin.py:151} INFO - [2023-08-28T00:11:49.875+0000] {dag.py:2907} INFO - Sync 1 DAGs
[2023-08-28T00:11:49.911+0000] {logging_mixin.py:151} INFO - [2023-08-28T00:11:49.911+0000] {dag.py:3677} INFO - Setting next_dagrun for example_branch_labels to 2023-08-27T00:00:00+00:00, run_after=2023-08-28T00:00:00+00:00
[2023-08-28T00:11:49.933+0000] {processor.py:179} INFO - Processing /home/airflow/.local/lib/python3.8/site-packages/airflow/example_dags/example_branch_labels.py took 0.145 seconds
[2023-08-28T00:12:20.860+0000] {processor.py:157} INFO - Started process (PID=436) to work on /home/airflow/.local/lib/python3.8/site-packages/airflow/example_dags/example_branch_labels.py
[2023-08-28T00:12:20.863+0000] {processor.py:829} INFO - Processing file /home/airflow/.local/lib/python3.8/site-packages/airflow/example_dags/example_branch_labels.py for tasks to queue
[2023-08-28T00:12:20.870+0000] {logging_mixin.py:151} INFO - [2023-08-28T00:12:20.869+0000] {dagbag.py:539} INFO - Filling up the DagBag from /home/airflow/.local/lib/python3.8/site-packages/airflow/example_dags/example_branch_labels.py
[2023-08-28T00:12:20.890+0000] {processor.py:839} INFO - DAG(s) dict_keys(['example_branch_labels']) retrieved from /home/airflow/.local/lib/python3.8/site-packages/airflow/example_dags/example_branch_labels.py
[2023-08-28T00:12:21.005+0000] {logging_mixin.py:151} INFO - [2023-08-28T00:12:21.005+0000] {dag.py:2907} INFO - Sync 1 DAGs
[2023-08-28T00:12:21.049+0000] {logging_mixin.py:151} INFO - [2023-08-28T00:12:21.049+0000] {dag.py:3677} INFO - Setting next_dagrun for example_branch_labels to 2023-08-27T00:00:00+00:00, run_after=2023-08-28T00:00:00+00:00
[2023-08-28T00:12:21.082+0000] {processor.py:179} INFO - Processing /home/airflow/.local/lib/python3.8/site-packages/airflow/example_dags/example_branch_labels.py took 0.235 seconds
[2023-08-28T00:12:51.752+0000] {processor.py:157} INFO - Started process (PID=491) to work on /home/airflow/.local/lib/python3.8/site-packages/airflow/example_dags/example_branch_labels.py
[2023-08-28T00:12:51.755+0000] {processor.py:829} INFO - Processing file /home/airflow/.local/lib/python3.8/site-packages/airflow/example_dags/example_branch_labels.py for tasks to queue
[2023-08-28T00:12:51.759+0000] {logging_mixin.py:151} INFO - [2023-08-28T00:12:51.758+0000] {dagbag.py:539} INFO - Filling up the DagBag from /home/airflow/.local/lib/python3.8/site-packages/airflow/example_dags/example_branch_labels.py
[2023-08-28T00:12:51.777+0000] {processor.py:839} INFO - DAG(s) dict_keys(['example_branch_labels']) retrieved from /home/airflow/.local/lib/python3.8/site-packages/airflow/example_dags/example_branch_labels.py
[2023-08-28T00:12:51.855+0000] {logging_mixin.py:151} INFO - [2023-08-28T00:12:51.855+0000] {dag.py:2907} INFO - Sync 1 DAGs
[2023-08-28T00:12:51.892+0000] {logging_mixin.py:151} INFO - [2023-08-28T00:12:51.891+0000] {dag.py:3677} INFO - Setting next_dagrun for example_branch_labels to 2023-08-27T00:00:00+00:00, run_after=2023-08-28T00:00:00+00:00
[2023-08-28T00:12:51.916+0000] {processor.py:179} INFO - Processing /home/airflow/.local/lib/python3.8/site-packages/airflow/example_dags/example_branch_labels.py took 0.169 seconds
[2023-08-28T00:13:22.537+0000] {processor.py:157} INFO - Started process (PID=545) to work on /home/airflow/.local/lib/python3.8/site-packages/airflow/example_dags/example_branch_labels.py
[2023-08-28T00:13:22.548+0000] {processor.py:829} INFO - Processing file /home/airflow/.local/lib/python3.8/site-packages/airflow/example_dags/example_branch_labels.py for tasks to queue
[2023-08-28T00:13:22.577+0000] {logging_mixin.py:151} INFO - [2023-08-28T00:13:22.575+0000] {dagbag.py:539} INFO - Filling up the DagBag from /home/airflow/.local/lib/python3.8/site-packages/airflow/example_dags/example_branch_labels.py
[2023-08-28T00:13:22.610+0000] {processor.py:839} INFO - DAG(s) dict_keys(['example_branch_labels']) retrieved from /home/airflow/.local/lib/python3.8/site-packages/airflow/example_dags/example_branch_labels.py
[2023-08-28T00:13:22.915+0000] {logging_mixin.py:151} INFO - [2023-08-28T00:13:22.915+0000] {dag.py:2907} INFO - Sync 1 DAGs
[2023-08-28T00:13:22.975+0000] {logging_mixin.py:151} INFO - [2023-08-28T00:13:22.973+0000] {dag.py:3677} INFO - Setting next_dagrun for example_branch_labels to 2023-08-27T00:00:00+00:00, run_after=2023-08-28T00:00:00+00:00
[2023-08-28T00:13:23.024+0000] {processor.py:179} INFO - Processing /home/airflow/.local/lib/python3.8/site-packages/airflow/example_dags/example_branch_labels.py took 0.501 seconds
[2023-08-28T00:13:53.235+0000] {processor.py:157} INFO - Started process (PID=600) to work on /home/airflow/.local/lib/python3.8/site-packages/airflow/example_dags/example_branch_labels.py
[2023-08-28T00:13:53.237+0000] {processor.py:829} INFO - Processing file /home/airflow/.local/lib/python3.8/site-packages/airflow/example_dags/example_branch_labels.py for tasks to queue
[2023-08-28T00:13:53.241+0000] {logging_mixin.py:151} INFO - [2023-08-28T00:13:53.240+0000] {dagbag.py:539} INFO - Filling up the DagBag from /home/airflow/.local/lib/python3.8/site-packages/airflow/example_dags/example_branch_labels.py
[2023-08-28T00:13:53.260+0000] {processor.py:839} INFO - DAG(s) dict_keys(['example_branch_labels']) retrieved from /home/airflow/.local/lib/python3.8/site-packages/airflow/example_dags/example_branch_labels.py
[2023-08-28T00:13:53.343+0000] {logging_mixin.py:151} INFO - [2023-08-28T00:13:53.343+0000] {dag.py:2907} INFO - Sync 1 DAGs
[2023-08-28T00:13:53.386+0000] {logging_mixin.py:151} INFO - [2023-08-28T00:13:53.385+0000] {dag.py:3677} INFO - Setting next_dagrun for example_branch_labels to 2023-08-27T00:00:00+00:00, run_after=2023-08-28T00:00:00+00:00
[2023-08-28T00:13:53.422+0000] {processor.py:179} INFO - Processing /home/airflow/.local/lib/python3.8/site-packages/airflow/example_dags/example_branch_labels.py took 0.193 seconds
[2023-08-28T00:14:23.524+0000] {processor.py:157} INFO - Started process (PID=655) to work on /home/airflow/.local/lib/python3.8/site-packages/airflow/example_dags/example_branch_labels.py
[2023-08-28T00:14:23.526+0000] {processor.py:829} INFO - Processing file /home/airflow/.local/lib/python3.8/site-packages/airflow/example_dags/example_branch_labels.py for tasks to queue
[2023-08-28T00:14:23.529+0000] {logging_mixin.py:151} INFO - [2023-08-28T00:14:23.529+0000] {dagbag.py:539} INFO - Filling up the DagBag from /home/airflow/.local/lib/python3.8/site-packages/airflow/example_dags/example_branch_labels.py
[2023-08-28T00:14:23.541+0000] {processor.py:839} INFO - DAG(s) dict_keys(['example_branch_labels']) retrieved from /home/airflow/.local/lib/python3.8/site-packages/airflow/example_dags/example_branch_labels.py
[2023-08-28T00:14:23.619+0000] {logging_mixin.py:151} INFO - [2023-08-28T00:14:23.619+0000] {dag.py:2907} INFO - Sync 1 DAGs
[2023-08-28T00:14:23.659+0000] {logging_mixin.py:151} INFO - [2023-08-28T00:14:23.659+0000] {dag.py:3677} INFO - Setting next_dagrun for example_branch_labels to 2023-08-27T00:00:00+00:00, run_after=2023-08-28T00:00:00+00:00
[2023-08-28T00:14:23.692+0000] {processor.py:179} INFO - Processing /home/airflow/.local/lib/python3.8/site-packages/airflow/example_dags/example_branch_labels.py took 0.172 seconds
[2023-08-28T00:14:53.812+0000] {processor.py:157} INFO - Started process (PID=710) to work on /home/airflow/.local/lib/python3.8/site-packages/airflow/example_dags/example_branch_labels.py
[2023-08-28T00:14:53.815+0000] {processor.py:829} INFO - Processing file /home/airflow/.local/lib/python3.8/site-packages/airflow/example_dags/example_branch_labels.py for tasks to queue
[2023-08-28T00:14:53.818+0000] {logging_mixin.py:151} INFO - [2023-08-28T00:14:53.818+0000] {dagbag.py:539} INFO - Filling up the DagBag from /home/airflow/.local/lib/python3.8/site-packages/airflow/example_dags/example_branch_labels.py
[2023-08-28T00:14:53.832+0000] {processor.py:839} INFO - DAG(s) dict_keys(['example_branch_labels']) retrieved from /home/airflow/.local/lib/python3.8/site-packages/airflow/example_dags/example_branch_labels.py
[2023-08-28T00:14:53.919+0000] {logging_mixin.py:151} INFO - [2023-08-28T00:14:53.919+0000] {dag.py:2907} INFO - Sync 1 DAGs
[2023-08-28T00:14:53.958+0000] {logging_mixin.py:151} INFO - [2023-08-28T00:14:53.958+0000] {dag.py:3677} INFO - Setting next_dagrun for example_branch_labels to 2023-08-27T00:00:00+00:00, run_after=2023-08-28T00:00:00+00:00
[2023-08-28T00:14:53.984+0000] {processor.py:179} INFO - Processing /home/airflow/.local/lib/python3.8/site-packages/airflow/example_dags/example_branch_labels.py took 0.176 seconds
[2023-08-28T00:15:25.390+0000] {processor.py:157} INFO - Started process (PID=765) to work on /home/airflow/.local/lib/python3.8/site-packages/airflow/example_dags/example_branch_labels.py
[2023-08-28T00:15:25.391+0000] {processor.py:829} INFO - Processing file /home/airflow/.local/lib/python3.8/site-packages/airflow/example_dags/example_branch_labels.py for tasks to queue
[2023-08-28T00:15:25.395+0000] {logging_mixin.py:151} INFO - [2023-08-28T00:15:25.394+0000] {dagbag.py:539} INFO - Filling up the DagBag from /home/airflow/.local/lib/python3.8/site-packages/airflow/example_dags/example_branch_labels.py
[2023-08-28T00:15:25.407+0000] {processor.py:839} INFO - DAG(s) dict_keys(['example_branch_labels']) retrieved from /home/airflow/.local/lib/python3.8/site-packages/airflow/example_dags/example_branch_labels.py
[2023-08-28T00:15:25.479+0000] {logging_mixin.py:151} INFO - [2023-08-28T00:15:25.479+0000] {dag.py:2907} INFO - Sync 1 DAGs
[2023-08-28T00:15:25.517+0000] {logging_mixin.py:151} INFO - [2023-08-28T00:15:25.516+0000] {dag.py:3677} INFO - Setting next_dagrun for example_branch_labels to 2023-08-27T00:00:00+00:00, run_after=2023-08-28T00:00:00+00:00
[2023-08-28T00:15:25.540+0000] {processor.py:179} INFO - Processing /home/airflow/.local/lib/python3.8/site-packages/airflow/example_dags/example_branch_labels.py took 0.153 seconds
[2023-08-28T00:15:56.334+0000] {processor.py:157} INFO - Started process (PID=820) to work on /home/airflow/.local/lib/python3.8/site-packages/airflow/example_dags/example_branch_labels.py
[2023-08-28T00:15:56.335+0000] {processor.py:829} INFO - Processing file /home/airflow/.local/lib/python3.8/site-packages/airflow/example_dags/example_branch_labels.py for tasks to queue
[2023-08-28T00:15:56.338+0000] {logging_mixin.py:151} INFO - [2023-08-28T00:15:56.337+0000] {dagbag.py:539} INFO - Filling up the DagBag from /home/airflow/.local/lib/python3.8/site-packages/airflow/example_dags/example_branch_labels.py
[2023-08-28T00:15:56.349+0000] {processor.py:839} INFO - DAG(s) dict_keys(['example_branch_labels']) retrieved from /home/airflow/.local/lib/python3.8/site-packages/airflow/example_dags/example_branch_labels.py
[2023-08-28T00:15:56.421+0000] {logging_mixin.py:151} INFO - [2023-08-28T00:15:56.421+0000] {dag.py:2907} INFO - Sync 1 DAGs
[2023-08-28T00:15:56.456+0000] {logging_mixin.py:151} INFO - [2023-08-28T00:15:56.456+0000] {dag.py:3677} INFO - Setting next_dagrun for example_branch_labels to 2023-08-27T00:00:00+00:00, run_after=2023-08-28T00:00:00+00:00
[2023-08-28T00:15:56.479+0000] {processor.py:179} INFO - Processing /home/airflow/.local/lib/python3.8/site-packages/airflow/example_dags/example_branch_labels.py took 0.148 seconds
[2023-08-28T00:16:26.947+0000] {processor.py:157} INFO - Started process (PID=875) to work on /home/airflow/.local/lib/python3.8/site-packages/airflow/example_dags/example_branch_labels.py
[2023-08-28T00:16:26.948+0000] {processor.py:829} INFO - Processing file /home/airflow/.local/lib/python3.8/site-packages/airflow/example_dags/example_branch_labels.py for tasks to queue
[2023-08-28T00:16:26.950+0000] {logging_mixin.py:151} INFO - [2023-08-28T00:16:26.950+0000] {dagbag.py:539} INFO - Filling up the DagBag from /home/airflow/.local/lib/python3.8/site-packages/airflow/example_dags/example_branch_labels.py
[2023-08-28T00:16:26.962+0000] {processor.py:839} INFO - DAG(s) dict_keys(['example_branch_labels']) retrieved from /home/airflow/.local/lib/python3.8/site-packages/airflow/example_dags/example_branch_labels.py
[2023-08-28T00:16:27.034+0000] {logging_mixin.py:151} INFO - [2023-08-28T00:16:27.034+0000] {dag.py:2907} INFO - Sync 1 DAGs
[2023-08-28T00:16:27.078+0000] {logging_mixin.py:151} INFO - [2023-08-28T00:16:27.077+0000] {dag.py:3677} INFO - Setting next_dagrun for example_branch_labels to 2023-08-27T00:00:00+00:00, run_after=2023-08-28T00:00:00+00:00
[2023-08-28T00:16:27.103+0000] {processor.py:179} INFO - Processing /home/airflow/.local/lib/python3.8/site-packages/airflow/example_dags/example_branch_labels.py took 0.159 seconds
[2023-08-28T00:16:58.094+0000] {processor.py:157} INFO - Started process (PID=930) to work on /home/airflow/.local/lib/python3.8/site-packages/airflow/example_dags/example_branch_labels.py
[2023-08-28T00:16:58.095+0000] {processor.py:829} INFO - Processing file /home/airflow/.local/lib/python3.8/site-packages/airflow/example_dags/example_branch_labels.py for tasks to queue
[2023-08-28T00:16:58.098+0000] {logging_mixin.py:151} INFO - [2023-08-28T00:16:58.098+0000] {dagbag.py:539} INFO - Filling up the DagBag from /home/airflow/.local/lib/python3.8/site-packages/airflow/example_dags/example_branch_labels.py
[2023-08-28T00:16:58.110+0000] {processor.py:839} INFO - DAG(s) dict_keys(['example_branch_labels']) retrieved from /home/airflow/.local/lib/python3.8/site-packages/airflow/example_dags/example_branch_labels.py
[2023-08-28T00:16:58.181+0000] {logging_mixin.py:151} INFO - [2023-08-28T00:16:58.181+0000] {dag.py:2907} INFO - Sync 1 DAGs
[2023-08-28T00:16:58.225+0000] {logging_mixin.py:151} INFO - [2023-08-28T00:16:58.224+0000] {dag.py:3677} INFO - Setting next_dagrun for example_branch_labels to 2023-08-27T00:00:00+00:00, run_after=2023-08-28T00:00:00+00:00
[2023-08-28T00:16:58.250+0000] {processor.py:179} INFO - Processing /home/airflow/.local/lib/python3.8/site-packages/airflow/example_dags/example_branch_labels.py took 0.160 seconds
[2023-08-28T00:17:28.404+0000] {processor.py:157} INFO - Started process (PID=985) to work on /home/airflow/.local/lib/python3.8/site-packages/airflow/example_dags/example_branch_labels.py
[2023-08-28T00:17:28.406+0000] {processor.py:829} INFO - Processing file /home/airflow/.local/lib/python3.8/site-packages/airflow/example_dags/example_branch_labels.py for tasks to queue
[2023-08-28T00:17:28.408+0000] {logging_mixin.py:151} INFO - [2023-08-28T00:17:28.408+0000] {dagbag.py:539} INFO - Filling up the DagBag from /home/airflow/.local/lib/python3.8/site-packages/airflow/example_dags/example_branch_labels.py
[2023-08-28T00:17:28.420+0000] {processor.py:839} INFO - DAG(s) dict_keys(['example_branch_labels']) retrieved from /home/airflow/.local/lib/python3.8/site-packages/airflow/example_dags/example_branch_labels.py
[2023-08-28T00:17:28.495+0000] {logging_mixin.py:151} INFO - [2023-08-28T00:17:28.495+0000] {dag.py:2907} INFO - Sync 1 DAGs
[2023-08-28T00:17:28.542+0000] {logging_mixin.py:151} INFO - [2023-08-28T00:17:28.542+0000] {dag.py:3677} INFO - Setting next_dagrun for example_branch_labels to 2023-08-27T00:00:00+00:00, run_after=2023-08-28T00:00:00+00:00
[2023-08-28T00:17:28.573+0000] {processor.py:179} INFO - Processing /home/airflow/.local/lib/python3.8/site-packages/airflow/example_dags/example_branch_labels.py took 0.172 seconds
[2023-08-28T00:18:02.917+0000] {processor.py:157} INFO - Started process (PID=1040) to work on /home/airflow/.local/lib/python3.8/site-packages/airflow/example_dags/example_branch_labels.py
[2023-08-28T00:18:02.925+0000] {processor.py:829} INFO - Processing file /home/airflow/.local/lib/python3.8/site-packages/airflow/example_dags/example_branch_labels.py for tasks to queue
[2023-08-28T00:18:02.984+0000] {logging_mixin.py:151} INFO - [2023-08-28T00:18:02.983+0000] {dagbag.py:539} INFO - Filling up the DagBag from /home/airflow/.local/lib/python3.8/site-packages/airflow/example_dags/example_branch_labels.py
[2023-08-28T00:18:03.064+0000] {processor.py:839} INFO - DAG(s) dict_keys(['example_branch_labels']) retrieved from /home/airflow/.local/lib/python3.8/site-packages/airflow/example_dags/example_branch_labels.py
[2023-08-28T00:18:03.888+0000] {logging_mixin.py:151} INFO - [2023-08-28T00:18:03.872+0000] {dag.py:2907} INFO - Sync 1 DAGs
[2023-08-28T00:18:04.135+0000] {logging_mixin.py:151} INFO - [2023-08-28T00:18:04.131+0000] {dag.py:3677} INFO - Setting next_dagrun for example_branch_labels to 2023-08-27T00:00:00+00:00, run_after=2023-08-28T00:00:00+00:00
[2023-08-28T00:18:04.292+0000] {processor.py:179} INFO - Processing /home/airflow/.local/lib/python3.8/site-packages/airflow/example_dags/example_branch_labels.py took 1.394 seconds
[2023-08-28T00:18:35.074+0000] {processor.py:157} INFO - Started process (PID=1094) to work on /home/airflow/.local/lib/python3.8/site-packages/airflow/example_dags/example_branch_labels.py
[2023-08-28T00:18:35.076+0000] {processor.py:829} INFO - Processing file /home/airflow/.local/lib/python3.8/site-packages/airflow/example_dags/example_branch_labels.py for tasks to queue
[2023-08-28T00:18:35.080+0000] {logging_mixin.py:151} INFO - [2023-08-28T00:18:35.079+0000] {dagbag.py:539} INFO - Filling up the DagBag from /home/airflow/.local/lib/python3.8/site-packages/airflow/example_dags/example_branch_labels.py
[2023-08-28T00:18:35.095+0000] {processor.py:839} INFO - DAG(s) dict_keys(['example_branch_labels']) retrieved from /home/airflow/.local/lib/python3.8/site-packages/airflow/example_dags/example_branch_labels.py
[2023-08-28T00:18:35.197+0000] {logging_mixin.py:151} INFO - [2023-08-28T00:18:35.197+0000] {dag.py:2907} INFO - Sync 1 DAGs
[2023-08-28T00:18:35.245+0000] {logging_mixin.py:151} INFO - [2023-08-28T00:18:35.244+0000] {dag.py:3677} INFO - Setting next_dagrun for example_branch_labels to 2023-08-27T00:00:00+00:00, run_after=2023-08-28T00:00:00+00:00
[2023-08-28T00:18:35.282+0000] {processor.py:179} INFO - Processing /home/airflow/.local/lib/python3.8/site-packages/airflow/example_dags/example_branch_labels.py took 0.213 seconds
[2023-08-28T00:19:06.101+0000] {processor.py:157} INFO - Started process (PID=1149) to work on /home/airflow/.local/lib/python3.8/site-packages/airflow/example_dags/example_branch_labels.py
[2023-08-28T00:19:06.103+0000] {processor.py:829} INFO - Processing file /home/airflow/.local/lib/python3.8/site-packages/airflow/example_dags/example_branch_labels.py for tasks to queue
[2023-08-28T00:19:06.110+0000] {logging_mixin.py:151} INFO - [2023-08-28T00:19:06.109+0000] {dagbag.py:539} INFO - Filling up the DagBag from /home/airflow/.local/lib/python3.8/site-packages/airflow/example_dags/example_branch_labels.py
[2023-08-28T00:19:06.137+0000] {processor.py:839} INFO - DAG(s) dict_keys(['example_branch_labels']) retrieved from /home/airflow/.local/lib/python3.8/site-packages/airflow/example_dags/example_branch_labels.py
[2023-08-28T00:19:06.218+0000] {logging_mixin.py:151} INFO - [2023-08-28T00:19:06.218+0000] {dag.py:2907} INFO - Sync 1 DAGs
[2023-08-28T00:19:06.265+0000] {logging_mixin.py:151} INFO - [2023-08-28T00:19:06.265+0000] {dag.py:3677} INFO - Setting next_dagrun for example_branch_labels to 2023-08-27T00:00:00+00:00, run_after=2023-08-28T00:00:00+00:00
[2023-08-28T00:19:06.293+0000] {processor.py:179} INFO - Processing /home/airflow/.local/lib/python3.8/site-packages/airflow/example_dags/example_branch_labels.py took 0.200 seconds
[2023-08-28T00:19:36.543+0000] {processor.py:157} INFO - Started process (PID=1204) to work on /home/airflow/.local/lib/python3.8/site-packages/airflow/example_dags/example_branch_labels.py
[2023-08-28T00:19:36.545+0000] {processor.py:829} INFO - Processing file /home/airflow/.local/lib/python3.8/site-packages/airflow/example_dags/example_branch_labels.py for tasks to queue
[2023-08-28T00:19:36.547+0000] {logging_mixin.py:151} INFO - [2023-08-28T00:19:36.547+0000] {dagbag.py:539} INFO - Filling up the DagBag from /home/airflow/.local/lib/python3.8/site-packages/airflow/example_dags/example_branch_labels.py
[2023-08-28T00:19:36.564+0000] {processor.py:839} INFO - DAG(s) dict_keys(['example_branch_labels']) retrieved from /home/airflow/.local/lib/python3.8/site-packages/airflow/example_dags/example_branch_labels.py
[2023-08-28T00:19:36.669+0000] {logging_mixin.py:151} INFO - [2023-08-28T00:19:36.669+0000] {dag.py:2907} INFO - Sync 1 DAGs
[2023-08-28T00:19:36.708+0000] {logging_mixin.py:151} INFO - [2023-08-28T00:19:36.708+0000] {dag.py:3677} INFO - Setting next_dagrun for example_branch_labels to 2023-08-27T00:00:00+00:00, run_after=2023-08-28T00:00:00+00:00
[2023-08-28T00:19:36.733+0000] {processor.py:179} INFO - Processing /home/airflow/.local/lib/python3.8/site-packages/airflow/example_dags/example_branch_labels.py took 0.194 seconds
[2023-08-28T00:20:07.336+0000] {processor.py:157} INFO - Started process (PID=1259) to work on /home/airflow/.local/lib/python3.8/site-packages/airflow/example_dags/example_branch_labels.py
[2023-08-28T00:20:07.338+0000] {processor.py:829} INFO - Processing file /home/airflow/.local/lib/python3.8/site-packages/airflow/example_dags/example_branch_labels.py for tasks to queue
[2023-08-28T00:20:07.341+0000] {logging_mixin.py:151} INFO - [2023-08-28T00:20:07.340+0000] {dagbag.py:539} INFO - Filling up the DagBag from /home/airflow/.local/lib/python3.8/site-packages/airflow/example_dags/example_branch_labels.py
[2023-08-28T00:20:07.357+0000] {processor.py:839} INFO - DAG(s) dict_keys(['example_branch_labels']) retrieved from /home/airflow/.local/lib/python3.8/site-packages/airflow/example_dags/example_branch_labels.py
[2023-08-28T00:20:07.452+0000] {logging_mixin.py:151} INFO - [2023-08-28T00:20:07.452+0000] {dag.py:2907} INFO - Sync 1 DAGs
[2023-08-28T00:20:07.513+0000] {logging_mixin.py:151} INFO - [2023-08-28T00:20:07.512+0000] {dag.py:3677} INFO - Setting next_dagrun for example_branch_labels to 2023-08-27T00:00:00+00:00, run_after=2023-08-28T00:00:00+00:00
[2023-08-28T00:20:07.570+0000] {processor.py:179} INFO - Processing /home/airflow/.local/lib/python3.8/site-packages/airflow/example_dags/example_branch_labels.py took 0.238 seconds
[2023-08-28T00:20:37.777+0000] {processor.py:157} INFO - Started process (PID=1314) to work on /home/airflow/.local/lib/python3.8/site-packages/airflow/example_dags/example_branch_labels.py
[2023-08-28T00:20:37.779+0000] {processor.py:829} INFO - Processing file /home/airflow/.local/lib/python3.8/site-packages/airflow/example_dags/example_branch_labels.py for tasks to queue
[2023-08-28T00:20:37.784+0000] {logging_mixin.py:151} INFO - [2023-08-28T00:20:37.783+0000] {dagbag.py:539} INFO - Filling up the DagBag from /home/airflow/.local/lib/python3.8/site-packages/airflow/example_dags/example_branch_labels.py
[2023-08-28T00:20:37.809+0000] {processor.py:839} INFO - DAG(s) dict_keys(['example_branch_labels']) retrieved from /home/airflow/.local/lib/python3.8/site-packages/airflow/example_dags/example_branch_labels.py
[2023-08-28T00:20:38.027+0000] {logging_mixin.py:151} INFO - [2023-08-28T00:20:38.027+0000] {dag.py:2907} INFO - Sync 1 DAGs
[2023-08-28T00:20:38.102+0000] {logging_mixin.py:151} INFO - [2023-08-28T00:20:38.102+0000] {dag.py:3677} INFO - Setting next_dagrun for example_branch_labels to 2023-08-27T00:00:00+00:00, run_after=2023-08-28T00:00:00+00:00
[2023-08-28T00:20:38.138+0000] {processor.py:179} INFO - Processing /home/airflow/.local/lib/python3.8/site-packages/airflow/example_dags/example_branch_labels.py took 0.368 seconds
[2023-08-28T00:21:08.783+0000] {processor.py:157} INFO - Started process (PID=1369) to work on /home/airflow/.local/lib/python3.8/site-packages/airflow/example_dags/example_branch_labels.py
[2023-08-28T00:21:08.784+0000] {processor.py:829} INFO - Processing file /home/airflow/.local/lib/python3.8/site-packages/airflow/example_dags/example_branch_labels.py for tasks to queue
[2023-08-28T00:21:08.787+0000] {logging_mixin.py:151} INFO - [2023-08-28T00:21:08.787+0000] {dagbag.py:539} INFO - Filling up the DagBag from /home/airflow/.local/lib/python3.8/site-packages/airflow/example_dags/example_branch_labels.py
[2023-08-28T00:21:08.804+0000] {processor.py:839} INFO - DAG(s) dict_keys(['example_branch_labels']) retrieved from /home/airflow/.local/lib/python3.8/site-packages/airflow/example_dags/example_branch_labels.py
[2023-08-28T00:21:08.887+0000] {logging_mixin.py:151} INFO - [2023-08-28T00:21:08.887+0000] {dag.py:2907} INFO - Sync 1 DAGs
[2023-08-28T00:21:08.928+0000] {logging_mixin.py:151} INFO - [2023-08-28T00:21:08.927+0000] {dag.py:3677} INFO - Setting next_dagrun for example_branch_labels to 2023-08-27T00:00:00+00:00, run_after=2023-08-28T00:00:00+00:00
[2023-08-28T00:21:08.955+0000] {processor.py:179} INFO - Processing /home/airflow/.local/lib/python3.8/site-packages/airflow/example_dags/example_branch_labels.py took 0.176 seconds
[2023-08-28T00:21:39.457+0000] {processor.py:157} INFO - Started process (PID=1424) to work on /home/airflow/.local/lib/python3.8/site-packages/airflow/example_dags/example_branch_labels.py
[2023-08-28T00:21:39.460+0000] {processor.py:829} INFO - Processing file /home/airflow/.local/lib/python3.8/site-packages/airflow/example_dags/example_branch_labels.py for tasks to queue
[2023-08-28T00:21:39.464+0000] {logging_mixin.py:151} INFO - [2023-08-28T00:21:39.463+0000] {dagbag.py:539} INFO - Filling up the DagBag from /home/airflow/.local/lib/python3.8/site-packages/airflow/example_dags/example_branch_labels.py
[2023-08-28T00:21:39.482+0000] {processor.py:839} INFO - DAG(s) dict_keys(['example_branch_labels']) retrieved from /home/airflow/.local/lib/python3.8/site-packages/airflow/example_dags/example_branch_labels.py
[2023-08-28T00:21:39.571+0000] {logging_mixin.py:151} INFO - [2023-08-28T00:21:39.571+0000] {dag.py:2907} INFO - Sync 1 DAGs
[2023-08-28T00:21:39.636+0000] {logging_mixin.py:151} INFO - [2023-08-28T00:21:39.635+0000] {dag.py:3677} INFO - Setting next_dagrun for example_branch_labels to 2023-08-27T00:00:00+00:00, run_after=2023-08-28T00:00:00+00:00
[2023-08-28T00:21:39.678+0000] {processor.py:179} INFO - Processing /home/airflow/.local/lib/python3.8/site-packages/airflow/example_dags/example_branch_labels.py took 0.226 seconds
