[2023-08-28T00:01:55.090+0000] {processor.py:157} INFO - Started process (PID=38) to work on /home/airflow/.local/lib/python3.8/site-packages/airflow/example_dags/example_short_circuit_operator.py
[2023-08-28T00:01:55.094+0000] {processor.py:829} INFO - Processing file /home/airflow/.local/lib/python3.8/site-packages/airflow/example_dags/example_short_circuit_operator.py for tasks to queue
[2023-08-28T00:01:55.101+0000] {logging_mixin.py:151} INFO - [2023-08-28T00:01:55.100+0000] {dagbag.py:539} INFO - Filling up the DagBag from /home/airflow/.local/lib/python3.8/site-packages/airflow/example_dags/example_short_circuit_operator.py
[2023-08-28T00:01:55.121+0000] {processor.py:839} INFO - DAG(s) dict_keys(['example_short_circuit_operator']) retrieved from /home/airflow/.local/lib/python3.8/site-packages/airflow/example_dags/example_short_circuit_operator.py
[2023-08-28T00:01:55.386+0000] {logging_mixin.py:151} INFO - [2023-08-28T00:01:55.386+0000] {manager.py:501} INFO - Created Permission View: can edit on DAG:example_short_circuit_operator
[2023-08-28T00:01:55.398+0000] {logging_mixin.py:151} INFO - [2023-08-28T00:01:55.397+0000] {manager.py:501} INFO - Created Permission View: can delete on DAG:example_short_circuit_operator
[2023-08-28T00:01:55.404+0000] {logging_mixin.py:151} INFO - [2023-08-28T00:01:55.404+0000] {manager.py:501} INFO - Created Permission View: can read on DAG:example_short_circuit_operator
[2023-08-28T00:01:55.423+0000] {logging_mixin.py:151} INFO - [2023-08-28T00:01:55.423+0000] {dag.py:2907} INFO - Sync 1 DAGs
[2023-08-28T00:01:55.434+0000] {logging_mixin.py:151} INFO - [2023-08-28T00:01:55.433+0000] {dag.py:2929} INFO - Creating ORM DAG for example_short_circuit_operator
[2023-08-28T00:01:55.454+0000] {logging_mixin.py:151} INFO - [2023-08-28T00:01:55.453+0000] {dag.py:3677} INFO - Setting next_dagrun for example_short_circuit_operator to 2023-08-27T00:01:55.453099+00:00, run_after=2023-08-28T00:01:55.453099+00:00
[2023-08-28T00:01:55.472+0000] {processor.py:179} INFO - Processing /home/airflow/.local/lib/python3.8/site-packages/airflow/example_dags/example_short_circuit_operator.py took 0.385 seconds
[2023-08-28T00:02:27.271+0000] {processor.py:157} INFO - Started process (PID=93) to work on /home/airflow/.local/lib/python3.8/site-packages/airflow/example_dags/example_short_circuit_operator.py
[2023-08-28T00:02:27.273+0000] {processor.py:829} INFO - Processing file /home/airflow/.local/lib/python3.8/site-packages/airflow/example_dags/example_short_circuit_operator.py for tasks to queue
[2023-08-28T00:02:27.276+0000] {logging_mixin.py:151} INFO - [2023-08-28T00:02:27.276+0000] {dagbag.py:539} INFO - Filling up the DagBag from /home/airflow/.local/lib/python3.8/site-packages/airflow/example_dags/example_short_circuit_operator.py
[2023-08-28T00:02:27.288+0000] {processor.py:839} INFO - DAG(s) dict_keys(['example_short_circuit_operator']) retrieved from /home/airflow/.local/lib/python3.8/site-packages/airflow/example_dags/example_short_circuit_operator.py
[2023-08-28T00:02:27.389+0000] {logging_mixin.py:151} INFO - [2023-08-28T00:02:27.388+0000] {dag.py:2907} INFO - Sync 1 DAGs
[2023-08-28T00:02:27.526+0000] {logging_mixin.py:151} INFO - [2023-08-28T00:02:27.525+0000] {dag.py:3677} INFO - Setting next_dagrun for example_short_circuit_operator to 2023-08-27T00:02:27.525116+00:00, run_after=2023-08-28T00:02:27.525116+00:00
[2023-08-28T00:02:27.557+0000] {processor.py:179} INFO - Processing /home/airflow/.local/lib/python3.8/site-packages/airflow/example_dags/example_short_circuit_operator.py took 0.289 seconds
[2023-08-28T00:02:58.119+0000] {processor.py:157} INFO - Started process (PID=148) to work on /home/airflow/.local/lib/python3.8/site-packages/airflow/example_dags/example_short_circuit_operator.py
[2023-08-28T00:02:58.121+0000] {processor.py:829} INFO - Processing file /home/airflow/.local/lib/python3.8/site-packages/airflow/example_dags/example_short_circuit_operator.py for tasks to queue
[2023-08-28T00:02:58.125+0000] {logging_mixin.py:151} INFO - [2023-08-28T00:02:58.124+0000] {dagbag.py:539} INFO - Filling up the DagBag from /home/airflow/.local/lib/python3.8/site-packages/airflow/example_dags/example_short_circuit_operator.py
[2023-08-28T00:02:58.141+0000] {processor.py:839} INFO - DAG(s) dict_keys(['example_short_circuit_operator']) retrieved from /home/airflow/.local/lib/python3.8/site-packages/airflow/example_dags/example_short_circuit_operator.py
[2023-08-28T00:02:58.231+0000] {logging_mixin.py:151} INFO - [2023-08-28T00:02:58.231+0000] {dag.py:2907} INFO - Sync 1 DAGs
[2023-08-28T00:02:58.297+0000] {logging_mixin.py:151} INFO - [2023-08-28T00:02:58.297+0000] {dag.py:3677} INFO - Setting next_dagrun for example_short_circuit_operator to 2023-08-27T00:02:58.296403+00:00, run_after=2023-08-28T00:02:58.296403+00:00
[2023-08-28T00:02:58.333+0000] {processor.py:179} INFO - Processing /home/airflow/.local/lib/python3.8/site-packages/airflow/example_dags/example_short_circuit_operator.py took 0.217 seconds
[2023-08-28T00:03:30.431+0000] {processor.py:157} INFO - Started process (PID=202) to work on /home/airflow/.local/lib/python3.8/site-packages/airflow/example_dags/example_short_circuit_operator.py
[2023-08-28T00:03:30.443+0000] {processor.py:829} INFO - Processing file /home/airflow/.local/lib/python3.8/site-packages/airflow/example_dags/example_short_circuit_operator.py for tasks to queue
[2023-08-28T00:03:30.454+0000] {logging_mixin.py:151} INFO - [2023-08-28T00:03:30.453+0000] {dagbag.py:539} INFO - Filling up the DagBag from /home/airflow/.local/lib/python3.8/site-packages/airflow/example_dags/example_short_circuit_operator.py
[2023-08-28T00:03:30.506+0000] {processor.py:839} INFO - DAG(s) dict_keys(['example_short_circuit_operator']) retrieved from /home/airflow/.local/lib/python3.8/site-packages/airflow/example_dags/example_short_circuit_operator.py
[2023-08-28T00:03:30.695+0000] {logging_mixin.py:151} INFO - [2023-08-28T00:03:30.694+0000] {dag.py:2907} INFO - Sync 1 DAGs
[2023-08-28T00:03:30.806+0000] {logging_mixin.py:151} INFO - [2023-08-28T00:03:30.806+0000] {dag.py:3677} INFO - Setting next_dagrun for example_short_circuit_operator to 2023-08-27T00:03:30.804973+00:00, run_after=2023-08-28T00:03:30.804973+00:00
[2023-08-28T00:03:30.891+0000] {processor.py:179} INFO - Processing /home/airflow/.local/lib/python3.8/site-packages/airflow/example_dags/example_short_circuit_operator.py took 0.460 seconds
[2023-08-28T00:04:01.844+0000] {processor.py:157} INFO - Started process (PID=257) to work on /home/airflow/.local/lib/python3.8/site-packages/airflow/example_dags/example_short_circuit_operator.py
[2023-08-28T00:04:01.849+0000] {processor.py:829} INFO - Processing file /home/airflow/.local/lib/python3.8/site-packages/airflow/example_dags/example_short_circuit_operator.py for tasks to queue
[2023-08-28T00:04:01.855+0000] {logging_mixin.py:151} INFO - [2023-08-28T00:04:01.854+0000] {dagbag.py:539} INFO - Filling up the DagBag from /home/airflow/.local/lib/python3.8/site-packages/airflow/example_dags/example_short_circuit_operator.py
[2023-08-28T00:04:01.868+0000] {processor.py:839} INFO - DAG(s) dict_keys(['example_short_circuit_operator']) retrieved from /home/airflow/.local/lib/python3.8/site-packages/airflow/example_dags/example_short_circuit_operator.py
[2023-08-28T00:04:01.971+0000] {logging_mixin.py:151} INFO - [2023-08-28T00:04:01.971+0000] {dag.py:2907} INFO - Sync 1 DAGs
[2023-08-28T00:04:02.013+0000] {logging_mixin.py:151} INFO - [2023-08-28T00:04:02.012+0000] {dag.py:3677} INFO - Setting next_dagrun for example_short_circuit_operator to 2023-08-27T00:04:02.011510+00:00, run_after=2023-08-28T00:04:02.011510+00:00
[2023-08-28T00:04:02.047+0000] {processor.py:179} INFO - Processing /home/airflow/.local/lib/python3.8/site-packages/airflow/example_dags/example_short_circuit_operator.py took 0.217 seconds
[2023-08-28T00:04:32.250+0000] {processor.py:157} INFO - Started process (PID=312) to work on /home/airflow/.local/lib/python3.8/site-packages/airflow/example_dags/example_short_circuit_operator.py
[2023-08-28T00:04:32.251+0000] {processor.py:829} INFO - Processing file /home/airflow/.local/lib/python3.8/site-packages/airflow/example_dags/example_short_circuit_operator.py for tasks to queue
[2023-08-28T00:04:32.255+0000] {logging_mixin.py:151} INFO - [2023-08-28T00:04:32.254+0000] {dagbag.py:539} INFO - Filling up the DagBag from /home/airflow/.local/lib/python3.8/site-packages/airflow/example_dags/example_short_circuit_operator.py
[2023-08-28T00:04:32.268+0000] {processor.py:839} INFO - DAG(s) dict_keys(['example_short_circuit_operator']) retrieved from /home/airflow/.local/lib/python3.8/site-packages/airflow/example_dags/example_short_circuit_operator.py
[2023-08-28T00:04:32.345+0000] {logging_mixin.py:151} INFO - [2023-08-28T00:04:32.344+0000] {dag.py:2907} INFO - Sync 1 DAGs
[2023-08-28T00:04:32.382+0000] {logging_mixin.py:151} INFO - [2023-08-28T00:04:32.381+0000] {dag.py:3677} INFO - Setting next_dagrun for example_short_circuit_operator to 2023-08-27T00:04:32.380788+00:00, run_after=2023-08-28T00:04:32.380788+00:00
[2023-08-28T00:04:32.411+0000] {processor.py:179} INFO - Processing /home/airflow/.local/lib/python3.8/site-packages/airflow/example_dags/example_short_circuit_operator.py took 0.165 seconds
[2023-08-28T00:05:02.640+0000] {processor.py:157} INFO - Started process (PID=367) to work on /home/airflow/.local/lib/python3.8/site-packages/airflow/example_dags/example_short_circuit_operator.py
[2023-08-28T00:05:02.642+0000] {processor.py:829} INFO - Processing file /home/airflow/.local/lib/python3.8/site-packages/airflow/example_dags/example_short_circuit_operator.py for tasks to queue
[2023-08-28T00:05:02.645+0000] {logging_mixin.py:151} INFO - [2023-08-28T00:05:02.644+0000] {dagbag.py:539} INFO - Filling up the DagBag from /home/airflow/.local/lib/python3.8/site-packages/airflow/example_dags/example_short_circuit_operator.py
[2023-08-28T00:05:02.657+0000] {processor.py:839} INFO - DAG(s) dict_keys(['example_short_circuit_operator']) retrieved from /home/airflow/.local/lib/python3.8/site-packages/airflow/example_dags/example_short_circuit_operator.py
[2023-08-28T00:05:02.736+0000] {logging_mixin.py:151} INFO - [2023-08-28T00:05:02.736+0000] {dag.py:2907} INFO - Sync 1 DAGs
[2023-08-28T00:05:02.771+0000] {logging_mixin.py:151} INFO - [2023-08-28T00:05:02.771+0000] {dag.py:3677} INFO - Setting next_dagrun for example_short_circuit_operator to 2023-08-27T00:05:02.770825+00:00, run_after=2023-08-28T00:05:02.770825+00:00
[2023-08-28T00:05:02.800+0000] {processor.py:179} INFO - Processing /home/airflow/.local/lib/python3.8/site-packages/airflow/example_dags/example_short_circuit_operator.py took 0.163 seconds
[2023-08-28T00:08:40.081+0000] {processor.py:157} INFO - Started process (PID=40) to work on /home/airflow/.local/lib/python3.8/site-packages/airflow/example_dags/example_short_circuit_operator.py
[2023-08-28T00:08:40.088+0000] {processor.py:829} INFO - Processing file /home/airflow/.local/lib/python3.8/site-packages/airflow/example_dags/example_short_circuit_operator.py for tasks to queue
[2023-08-28T00:08:40.095+0000] {logging_mixin.py:151} INFO - [2023-08-28T00:08:40.094+0000] {dagbag.py:539} INFO - Filling up the DagBag from /home/airflow/.local/lib/python3.8/site-packages/airflow/example_dags/example_short_circuit_operator.py
[2023-08-28T00:08:40.120+0000] {processor.py:839} INFO - DAG(s) dict_keys(['example_short_circuit_operator']) retrieved from /home/airflow/.local/lib/python3.8/site-packages/airflow/example_dags/example_short_circuit_operator.py
[2023-08-28T00:08:40.363+0000] {logging_mixin.py:151} INFO - [2023-08-28T00:08:40.363+0000] {dag.py:2907} INFO - Sync 1 DAGs
[2023-08-28T00:08:40.482+0000] {logging_mixin.py:151} INFO - [2023-08-28T00:08:40.481+0000] {dag.py:3677} INFO - Setting next_dagrun for example_short_circuit_operator to 2023-08-27T00:08:40.477332+00:00, run_after=2023-08-28T00:08:40.477332+00:00
[2023-08-28T00:08:40.570+0000] {processor.py:179} INFO - Processing /home/airflow/.local/lib/python3.8/site-packages/airflow/example_dags/example_short_circuit_operator.py took 0.499 seconds
[2023-08-28T00:09:11.443+0000] {processor.py:157} INFO - Started process (PID=94) to work on /home/airflow/.local/lib/python3.8/site-packages/airflow/example_dags/example_short_circuit_operator.py
[2023-08-28T00:09:11.446+0000] {processor.py:829} INFO - Processing file /home/airflow/.local/lib/python3.8/site-packages/airflow/example_dags/example_short_circuit_operator.py for tasks to queue
[2023-08-28T00:09:11.449+0000] {logging_mixin.py:151} INFO - [2023-08-28T00:09:11.448+0000] {dagbag.py:539} INFO - Filling up the DagBag from /home/airflow/.local/lib/python3.8/site-packages/airflow/example_dags/example_short_circuit_operator.py
[2023-08-28T00:09:11.463+0000] {processor.py:839} INFO - DAG(s) dict_keys(['example_short_circuit_operator']) retrieved from /home/airflow/.local/lib/python3.8/site-packages/airflow/example_dags/example_short_circuit_operator.py
[2023-08-28T00:09:11.547+0000] {logging_mixin.py:151} INFO - [2023-08-28T00:09:11.546+0000] {dag.py:2907} INFO - Sync 1 DAGs
[2023-08-28T00:09:11.703+0000] {logging_mixin.py:151} INFO - [2023-08-28T00:09:11.703+0000] {dag.py:3677} INFO - Setting next_dagrun for example_short_circuit_operator to 2023-08-27T00:09:11.702493+00:00, run_after=2023-08-28T00:09:11.702493+00:00
[2023-08-28T00:09:11.739+0000] {processor.py:179} INFO - Processing /home/airflow/.local/lib/python3.8/site-packages/airflow/example_dags/example_short_circuit_operator.py took 0.299 seconds
[2023-08-28T00:09:42.271+0000] {processor.py:157} INFO - Started process (PID=149) to work on /home/airflow/.local/lib/python3.8/site-packages/airflow/example_dags/example_short_circuit_operator.py
[2023-08-28T00:09:42.272+0000] {processor.py:829} INFO - Processing file /home/airflow/.local/lib/python3.8/site-packages/airflow/example_dags/example_short_circuit_operator.py for tasks to queue
[2023-08-28T00:09:42.276+0000] {logging_mixin.py:151} INFO - [2023-08-28T00:09:42.275+0000] {dagbag.py:539} INFO - Filling up the DagBag from /home/airflow/.local/lib/python3.8/site-packages/airflow/example_dags/example_short_circuit_operator.py
[2023-08-28T00:09:42.297+0000] {processor.py:839} INFO - DAG(s) dict_keys(['example_short_circuit_operator']) retrieved from /home/airflow/.local/lib/python3.8/site-packages/airflow/example_dags/example_short_circuit_operator.py
[2023-08-28T00:09:42.401+0000] {logging_mixin.py:151} INFO - [2023-08-28T00:09:42.401+0000] {dag.py:2907} INFO - Sync 1 DAGs
[2023-08-28T00:09:42.438+0000] {logging_mixin.py:151} INFO - [2023-08-28T00:09:42.437+0000] {dag.py:3677} INFO - Setting next_dagrun for example_short_circuit_operator to 2023-08-27T00:09:42.436930+00:00, run_after=2023-08-28T00:09:42.436930+00:00
[2023-08-28T00:09:42.463+0000] {processor.py:179} INFO - Processing /home/airflow/.local/lib/python3.8/site-packages/airflow/example_dags/example_short_circuit_operator.py took 0.195 seconds
[2023-08-28T00:10:13.519+0000] {processor.py:157} INFO - Started process (PID=204) to work on /home/airflow/.local/lib/python3.8/site-packages/airflow/example_dags/example_short_circuit_operator.py
[2023-08-28T00:10:13.522+0000] {processor.py:829} INFO - Processing file /home/airflow/.local/lib/python3.8/site-packages/airflow/example_dags/example_short_circuit_operator.py for tasks to queue
[2023-08-28T00:10:13.526+0000] {logging_mixin.py:151} INFO - [2023-08-28T00:10:13.525+0000] {dagbag.py:539} INFO - Filling up the DagBag from /home/airflow/.local/lib/python3.8/site-packages/airflow/example_dags/example_short_circuit_operator.py
[2023-08-28T00:10:13.544+0000] {processor.py:839} INFO - DAG(s) dict_keys(['example_short_circuit_operator']) retrieved from /home/airflow/.local/lib/python3.8/site-packages/airflow/example_dags/example_short_circuit_operator.py
[2023-08-28T00:10:13.636+0000] {logging_mixin.py:151} INFO - [2023-08-28T00:10:13.636+0000] {dag.py:2907} INFO - Sync 1 DAGs
[2023-08-28T00:10:13.682+0000] {logging_mixin.py:151} INFO - [2023-08-28T00:10:13.681+0000] {dag.py:3677} INFO - Setting next_dagrun for example_short_circuit_operator to 2023-08-27T00:10:13.681039+00:00, run_after=2023-08-28T00:10:13.681039+00:00
[2023-08-28T00:10:13.721+0000] {processor.py:179} INFO - Processing /home/airflow/.local/lib/python3.8/site-packages/airflow/example_dags/example_short_circuit_operator.py took 0.207 seconds
[2023-08-28T00:10:43.784+0000] {processor.py:157} INFO - Started process (PID=259) to work on /home/airflow/.local/lib/python3.8/site-packages/airflow/example_dags/example_short_circuit_operator.py
[2023-08-28T00:10:43.785+0000] {processor.py:829} INFO - Processing file /home/airflow/.local/lib/python3.8/site-packages/airflow/example_dags/example_short_circuit_operator.py for tasks to queue
[2023-08-28T00:10:43.787+0000] {logging_mixin.py:151} INFO - [2023-08-28T00:10:43.787+0000] {dagbag.py:539} INFO - Filling up the DagBag from /home/airflow/.local/lib/python3.8/site-packages/airflow/example_dags/example_short_circuit_operator.py
[2023-08-28T00:10:43.797+0000] {processor.py:839} INFO - DAG(s) dict_keys(['example_short_circuit_operator']) retrieved from /home/airflow/.local/lib/python3.8/site-packages/airflow/example_dags/example_short_circuit_operator.py
[2023-08-28T00:10:43.868+0000] {logging_mixin.py:151} INFO - [2023-08-28T00:10:43.868+0000] {dag.py:2907} INFO - Sync 1 DAGs
[2023-08-28T00:10:43.902+0000] {logging_mixin.py:151} INFO - [2023-08-28T00:10:43.902+0000] {dag.py:3677} INFO - Setting next_dagrun for example_short_circuit_operator to 2023-08-27T00:10:43.901321+00:00, run_after=2023-08-28T00:10:43.901321+00:00
[2023-08-28T00:10:43.926+0000] {processor.py:179} INFO - Processing /home/airflow/.local/lib/python3.8/site-packages/airflow/example_dags/example_short_circuit_operator.py took 0.145 seconds
[2023-08-28T00:11:14.876+0000] {processor.py:157} INFO - Started process (PID=314) to work on /home/airflow/.local/lib/python3.8/site-packages/airflow/example_dags/example_short_circuit_operator.py
[2023-08-28T00:11:14.877+0000] {processor.py:829} INFO - Processing file /home/airflow/.local/lib/python3.8/site-packages/airflow/example_dags/example_short_circuit_operator.py for tasks to queue
[2023-08-28T00:11:14.879+0000] {logging_mixin.py:151} INFO - [2023-08-28T00:11:14.879+0000] {dagbag.py:539} INFO - Filling up the DagBag from /home/airflow/.local/lib/python3.8/site-packages/airflow/example_dags/example_short_circuit_operator.py
[2023-08-28T00:11:14.888+0000] {processor.py:839} INFO - DAG(s) dict_keys(['example_short_circuit_operator']) retrieved from /home/airflow/.local/lib/python3.8/site-packages/airflow/example_dags/example_short_circuit_operator.py
[2023-08-28T00:11:15.013+0000] {logging_mixin.py:151} INFO - [2023-08-28T00:11:15.012+0000] {dag.py:2907} INFO - Sync 1 DAGs
[2023-08-28T00:11:15.113+0000] {logging_mixin.py:151} INFO - [2023-08-28T00:11:15.111+0000] {dag.py:3677} INFO - Setting next_dagrun for example_short_circuit_operator to 2023-08-27T00:11:15.107117+00:00, run_after=2023-08-28T00:11:15.107117+00:00
[2023-08-28T00:11:15.221+0000] {processor.py:179} INFO - Processing /home/airflow/.local/lib/python3.8/site-packages/airflow/example_dags/example_short_circuit_operator.py took 0.348 seconds
[2023-08-28T00:11:46.168+0000] {processor.py:157} INFO - Started process (PID=374) to work on /home/airflow/.local/lib/python3.8/site-packages/airflow/example_dags/example_short_circuit_operator.py
[2023-08-28T00:11:46.169+0000] {processor.py:829} INFO - Processing file /home/airflow/.local/lib/python3.8/site-packages/airflow/example_dags/example_short_circuit_operator.py for tasks to queue
[2023-08-28T00:11:46.173+0000] {logging_mixin.py:151} INFO - [2023-08-28T00:11:46.172+0000] {dagbag.py:539} INFO - Filling up the DagBag from /home/airflow/.local/lib/python3.8/site-packages/airflow/example_dags/example_short_circuit_operator.py
[2023-08-28T00:11:46.185+0000] {processor.py:839} INFO - DAG(s) dict_keys(['example_short_circuit_operator']) retrieved from /home/airflow/.local/lib/python3.8/site-packages/airflow/example_dags/example_short_circuit_operator.py
[2023-08-28T00:11:46.259+0000] {logging_mixin.py:151} INFO - [2023-08-28T00:11:46.258+0000] {dag.py:2907} INFO - Sync 1 DAGs
[2023-08-28T00:11:46.297+0000] {logging_mixin.py:151} INFO - [2023-08-28T00:11:46.296+0000] {dag.py:3677} INFO - Setting next_dagrun for example_short_circuit_operator to 2023-08-27T00:11:46.296057+00:00, run_after=2023-08-28T00:11:46.296057+00:00
[2023-08-28T00:11:46.324+0000] {processor.py:179} INFO - Processing /home/airflow/.local/lib/python3.8/site-packages/airflow/example_dags/example_short_circuit_operator.py took 0.160 seconds
[2023-08-28T00:12:17.087+0000] {processor.py:157} INFO - Started process (PID=429) to work on /home/airflow/.local/lib/python3.8/site-packages/airflow/example_dags/example_short_circuit_operator.py
[2023-08-28T00:12:17.090+0000] {processor.py:829} INFO - Processing file /home/airflow/.local/lib/python3.8/site-packages/airflow/example_dags/example_short_circuit_operator.py for tasks to queue
[2023-08-28T00:12:17.094+0000] {logging_mixin.py:151} INFO - [2023-08-28T00:12:17.093+0000] {dagbag.py:539} INFO - Filling up the DagBag from /home/airflow/.local/lib/python3.8/site-packages/airflow/example_dags/example_short_circuit_operator.py
[2023-08-28T00:12:17.115+0000] {processor.py:839} INFO - DAG(s) dict_keys(['example_short_circuit_operator']) retrieved from /home/airflow/.local/lib/python3.8/site-packages/airflow/example_dags/example_short_circuit_operator.py
[2023-08-28T00:12:17.252+0000] {logging_mixin.py:151} INFO - [2023-08-28T00:12:17.251+0000] {dag.py:2907} INFO - Sync 1 DAGs
[2023-08-28T00:12:17.307+0000] {logging_mixin.py:151} INFO - [2023-08-28T00:12:17.307+0000] {dag.py:3677} INFO - Setting next_dagrun for example_short_circuit_operator to 2023-08-27T00:12:17.305904+00:00, run_after=2023-08-28T00:12:17.305904+00:00
[2023-08-28T00:12:17.351+0000] {processor.py:179} INFO - Processing /home/airflow/.local/lib/python3.8/site-packages/airflow/example_dags/example_short_circuit_operator.py took 0.268 seconds
[2023-08-28T00:12:48.001+0000] {processor.py:157} INFO - Started process (PID=484) to work on /home/airflow/.local/lib/python3.8/site-packages/airflow/example_dags/example_short_circuit_operator.py
[2023-08-28T00:12:48.003+0000] {processor.py:829} INFO - Processing file /home/airflow/.local/lib/python3.8/site-packages/airflow/example_dags/example_short_circuit_operator.py for tasks to queue
[2023-08-28T00:12:48.005+0000] {logging_mixin.py:151} INFO - [2023-08-28T00:12:48.005+0000] {dagbag.py:539} INFO - Filling up the DagBag from /home/airflow/.local/lib/python3.8/site-packages/airflow/example_dags/example_short_circuit_operator.py
[2023-08-28T00:12:48.014+0000] {processor.py:839} INFO - DAG(s) dict_keys(['example_short_circuit_operator']) retrieved from /home/airflow/.local/lib/python3.8/site-packages/airflow/example_dags/example_short_circuit_operator.py
[2023-08-28T00:12:48.098+0000] {logging_mixin.py:151} INFO - [2023-08-28T00:12:48.098+0000] {dag.py:2907} INFO - Sync 1 DAGs
[2023-08-28T00:12:48.135+0000] {logging_mixin.py:151} INFO - [2023-08-28T00:12:48.135+0000] {dag.py:3677} INFO - Setting next_dagrun for example_short_circuit_operator to 2023-08-27T00:12:48.134247+00:00, run_after=2023-08-28T00:12:48.134247+00:00
[2023-08-28T00:12:48.162+0000] {processor.py:179} INFO - Processing /home/airflow/.local/lib/python3.8/site-packages/airflow/example_dags/example_short_circuit_operator.py took 0.164 seconds
[2023-08-28T00:13:18.903+0000] {processor.py:157} INFO - Started process (PID=538) to work on /home/airflow/.local/lib/python3.8/site-packages/airflow/example_dags/example_short_circuit_operator.py
[2023-08-28T00:13:18.912+0000] {processor.py:829} INFO - Processing file /home/airflow/.local/lib/python3.8/site-packages/airflow/example_dags/example_short_circuit_operator.py for tasks to queue
[2023-08-28T00:13:18.922+0000] {logging_mixin.py:151} INFO - [2023-08-28T00:13:18.921+0000] {dagbag.py:539} INFO - Filling up the DagBag from /home/airflow/.local/lib/python3.8/site-packages/airflow/example_dags/example_short_circuit_operator.py
[2023-08-28T00:13:18.943+0000] {processor.py:839} INFO - DAG(s) dict_keys(['example_short_circuit_operator']) retrieved from /home/airflow/.local/lib/python3.8/site-packages/airflow/example_dags/example_short_circuit_operator.py
[2023-08-28T00:13:19.083+0000] {logging_mixin.py:151} INFO - [2023-08-28T00:13:19.082+0000] {dag.py:2907} INFO - Sync 1 DAGs
[2023-08-28T00:13:19.173+0000] {logging_mixin.py:151} INFO - [2023-08-28T00:13:19.173+0000] {dag.py:3677} INFO - Setting next_dagrun for example_short_circuit_operator to 2023-08-27T00:13:19.171520+00:00, run_after=2023-08-28T00:13:19.171520+00:00
[2023-08-28T00:13:19.211+0000] {processor.py:179} INFO - Processing /home/airflow/.local/lib/python3.8/site-packages/airflow/example_dags/example_short_circuit_operator.py took 0.316 seconds
[2023-08-28T00:13:49.463+0000] {processor.py:157} INFO - Started process (PID=593) to work on /home/airflow/.local/lib/python3.8/site-packages/airflow/example_dags/example_short_circuit_operator.py
[2023-08-28T00:13:49.465+0000] {processor.py:829} INFO - Processing file /home/airflow/.local/lib/python3.8/site-packages/airflow/example_dags/example_short_circuit_operator.py for tasks to queue
[2023-08-28T00:13:49.467+0000] {logging_mixin.py:151} INFO - [2023-08-28T00:13:49.467+0000] {dagbag.py:539} INFO - Filling up the DagBag from /home/airflow/.local/lib/python3.8/site-packages/airflow/example_dags/example_short_circuit_operator.py
[2023-08-28T00:13:49.477+0000] {processor.py:839} INFO - DAG(s) dict_keys(['example_short_circuit_operator']) retrieved from /home/airflow/.local/lib/python3.8/site-packages/airflow/example_dags/example_short_circuit_operator.py
[2023-08-28T00:13:49.551+0000] {logging_mixin.py:151} INFO - [2023-08-28T00:13:49.551+0000] {dag.py:2907} INFO - Sync 1 DAGs
[2023-08-28T00:13:49.587+0000] {logging_mixin.py:151} INFO - [2023-08-28T00:13:49.587+0000] {dag.py:3677} INFO - Setting next_dagrun for example_short_circuit_operator to 2023-08-27T00:13:49.586396+00:00, run_after=2023-08-28T00:13:49.586396+00:00
[2023-08-28T00:13:49.615+0000] {processor.py:179} INFO - Processing /home/airflow/.local/lib/python3.8/site-packages/airflow/example_dags/example_short_circuit_operator.py took 0.154 seconds
[2023-08-28T00:14:19.838+0000] {processor.py:157} INFO - Started process (PID=648) to work on /home/airflow/.local/lib/python3.8/site-packages/airflow/example_dags/example_short_circuit_operator.py
[2023-08-28T00:14:19.839+0000] {processor.py:829} INFO - Processing file /home/airflow/.local/lib/python3.8/site-packages/airflow/example_dags/example_short_circuit_operator.py for tasks to queue
[2023-08-28T00:14:19.842+0000] {logging_mixin.py:151} INFO - [2023-08-28T00:14:19.841+0000] {dagbag.py:539} INFO - Filling up the DagBag from /home/airflow/.local/lib/python3.8/site-packages/airflow/example_dags/example_short_circuit_operator.py
[2023-08-28T00:14:19.853+0000] {processor.py:839} INFO - DAG(s) dict_keys(['example_short_circuit_operator']) retrieved from /home/airflow/.local/lib/python3.8/site-packages/airflow/example_dags/example_short_circuit_operator.py
[2023-08-28T00:14:19.944+0000] {logging_mixin.py:151} INFO - [2023-08-28T00:14:19.944+0000] {dag.py:2907} INFO - Sync 1 DAGs
[2023-08-28T00:14:19.989+0000] {logging_mixin.py:151} INFO - [2023-08-28T00:14:19.988+0000] {dag.py:3677} INFO - Setting next_dagrun for example_short_circuit_operator to 2023-08-27T00:14:19.987665+00:00, run_after=2023-08-28T00:14:19.987665+00:00
[2023-08-28T00:14:20.023+0000] {processor.py:179} INFO - Processing /home/airflow/.local/lib/python3.8/site-packages/airflow/example_dags/example_short_circuit_operator.py took 0.188 seconds
[2023-08-28T00:14:50.769+0000] {processor.py:157} INFO - Started process (PID=703) to work on /home/airflow/.local/lib/python3.8/site-packages/airflow/example_dags/example_short_circuit_operator.py
[2023-08-28T00:14:50.770+0000] {processor.py:829} INFO - Processing file /home/airflow/.local/lib/python3.8/site-packages/airflow/example_dags/example_short_circuit_operator.py for tasks to queue
[2023-08-28T00:14:50.774+0000] {logging_mixin.py:151} INFO - [2023-08-28T00:14:50.773+0000] {dagbag.py:539} INFO - Filling up the DagBag from /home/airflow/.local/lib/python3.8/site-packages/airflow/example_dags/example_short_circuit_operator.py
[2023-08-28T00:14:50.784+0000] {processor.py:839} INFO - DAG(s) dict_keys(['example_short_circuit_operator']) retrieved from /home/airflow/.local/lib/python3.8/site-packages/airflow/example_dags/example_short_circuit_operator.py
[2023-08-28T00:14:50.861+0000] {logging_mixin.py:151} INFO - [2023-08-28T00:14:50.861+0000] {dag.py:2907} INFO - Sync 1 DAGs
[2023-08-28T00:14:50.899+0000] {logging_mixin.py:151} INFO - [2023-08-28T00:14:50.898+0000] {dag.py:3677} INFO - Setting next_dagrun for example_short_circuit_operator to 2023-08-27T00:14:50.897846+00:00, run_after=2023-08-28T00:14:50.897846+00:00
[2023-08-28T00:14:50.928+0000] {processor.py:179} INFO - Processing /home/airflow/.local/lib/python3.8/site-packages/airflow/example_dags/example_short_circuit_operator.py took 0.162 seconds
[2023-08-28T00:15:21.653+0000] {processor.py:157} INFO - Started process (PID=758) to work on /home/airflow/.local/lib/python3.8/site-packages/airflow/example_dags/example_short_circuit_operator.py
[2023-08-28T00:15:21.655+0000] {processor.py:829} INFO - Processing file /home/airflow/.local/lib/python3.8/site-packages/airflow/example_dags/example_short_circuit_operator.py for tasks to queue
[2023-08-28T00:15:21.661+0000] {logging_mixin.py:151} INFO - [2023-08-28T00:15:21.660+0000] {dagbag.py:539} INFO - Filling up the DagBag from /home/airflow/.local/lib/python3.8/site-packages/airflow/example_dags/example_short_circuit_operator.py
[2023-08-28T00:15:21.675+0000] {processor.py:839} INFO - DAG(s) dict_keys(['example_short_circuit_operator']) retrieved from /home/airflow/.local/lib/python3.8/site-packages/airflow/example_dags/example_short_circuit_operator.py
[2023-08-28T00:15:21.777+0000] {logging_mixin.py:151} INFO - [2023-08-28T00:15:21.776+0000] {dag.py:2907} INFO - Sync 1 DAGs
[2023-08-28T00:15:21.827+0000] {logging_mixin.py:151} INFO - [2023-08-28T00:15:21.827+0000] {dag.py:3677} INFO - Setting next_dagrun for example_short_circuit_operator to 2023-08-27T00:15:21.826487+00:00, run_after=2023-08-28T00:15:21.826487+00:00
[2023-08-28T00:15:21.894+0000] {processor.py:179} INFO - Processing /home/airflow/.local/lib/python3.8/site-packages/airflow/example_dags/example_short_circuit_operator.py took 0.245 seconds
[2023-08-28T00:15:52.557+0000] {processor.py:157} INFO - Started process (PID=813) to work on /home/airflow/.local/lib/python3.8/site-packages/airflow/example_dags/example_short_circuit_operator.py
[2023-08-28T00:15:52.559+0000] {processor.py:829} INFO - Processing file /home/airflow/.local/lib/python3.8/site-packages/airflow/example_dags/example_short_circuit_operator.py for tasks to queue
[2023-08-28T00:15:52.561+0000] {logging_mixin.py:151} INFO - [2023-08-28T00:15:52.561+0000] {dagbag.py:539} INFO - Filling up the DagBag from /home/airflow/.local/lib/python3.8/site-packages/airflow/example_dags/example_short_circuit_operator.py
[2023-08-28T00:15:52.572+0000] {processor.py:839} INFO - DAG(s) dict_keys(['example_short_circuit_operator']) retrieved from /home/airflow/.local/lib/python3.8/site-packages/airflow/example_dags/example_short_circuit_operator.py
[2023-08-28T00:15:52.648+0000] {logging_mixin.py:151} INFO - [2023-08-28T00:15:52.648+0000] {dag.py:2907} INFO - Sync 1 DAGs
[2023-08-28T00:15:52.685+0000] {logging_mixin.py:151} INFO - [2023-08-28T00:15:52.684+0000] {dag.py:3677} INFO - Setting next_dagrun for example_short_circuit_operator to 2023-08-27T00:15:52.684049+00:00, run_after=2023-08-28T00:15:52.684049+00:00
[2023-08-28T00:15:52.712+0000] {processor.py:179} INFO - Processing /home/airflow/.local/lib/python3.8/site-packages/airflow/example_dags/example_short_circuit_operator.py took 0.158 seconds
[2023-08-28T00:16:22.951+0000] {processor.py:157} INFO - Started process (PID=868) to work on /home/airflow/.local/lib/python3.8/site-packages/airflow/example_dags/example_short_circuit_operator.py
[2023-08-28T00:16:22.952+0000] {processor.py:829} INFO - Processing file /home/airflow/.local/lib/python3.8/site-packages/airflow/example_dags/example_short_circuit_operator.py for tasks to queue
[2023-08-28T00:16:22.955+0000] {logging_mixin.py:151} INFO - [2023-08-28T00:16:22.954+0000] {dagbag.py:539} INFO - Filling up the DagBag from /home/airflow/.local/lib/python3.8/site-packages/airflow/example_dags/example_short_circuit_operator.py
[2023-08-28T00:16:22.965+0000] {processor.py:839} INFO - DAG(s) dict_keys(['example_short_circuit_operator']) retrieved from /home/airflow/.local/lib/python3.8/site-packages/airflow/example_dags/example_short_circuit_operator.py
[2023-08-28T00:16:23.041+0000] {logging_mixin.py:151} INFO - [2023-08-28T00:16:23.040+0000] {dag.py:2907} INFO - Sync 1 DAGs
[2023-08-28T00:16:23.078+0000] {logging_mixin.py:151} INFO - [2023-08-28T00:16:23.078+0000] {dag.py:3677} INFO - Setting next_dagrun for example_short_circuit_operator to 2023-08-27T00:16:23.077188+00:00, run_after=2023-08-28T00:16:23.077188+00:00
[2023-08-28T00:16:23.107+0000] {processor.py:179} INFO - Processing /home/airflow/.local/lib/python3.8/site-packages/airflow/example_dags/example_short_circuit_operator.py took 0.159 seconds
[2023-08-28T00:16:53.260+0000] {processor.py:157} INFO - Started process (PID=923) to work on /home/airflow/.local/lib/python3.8/site-packages/airflow/example_dags/example_short_circuit_operator.py
[2023-08-28T00:16:53.262+0000] {processor.py:829} INFO - Processing file /home/airflow/.local/lib/python3.8/site-packages/airflow/example_dags/example_short_circuit_operator.py for tasks to queue
[2023-08-28T00:16:53.265+0000] {logging_mixin.py:151} INFO - [2023-08-28T00:16:53.265+0000] {dagbag.py:539} INFO - Filling up the DagBag from /home/airflow/.local/lib/python3.8/site-packages/airflow/example_dags/example_short_circuit_operator.py
[2023-08-28T00:16:53.275+0000] {processor.py:839} INFO - DAG(s) dict_keys(['example_short_circuit_operator']) retrieved from /home/airflow/.local/lib/python3.8/site-packages/airflow/example_dags/example_short_circuit_operator.py
[2023-08-28T00:16:53.349+0000] {logging_mixin.py:151} INFO - [2023-08-28T00:16:53.349+0000] {dag.py:2907} INFO - Sync 1 DAGs
[2023-08-28T00:16:53.384+0000] {logging_mixin.py:151} INFO - [2023-08-28T00:16:53.384+0000] {dag.py:3677} INFO - Setting next_dagrun for example_short_circuit_operator to 2023-08-27T00:16:53.383851+00:00, run_after=2023-08-28T00:16:53.383851+00:00
[2023-08-28T00:16:53.411+0000] {processor.py:179} INFO - Processing /home/airflow/.local/lib/python3.8/site-packages/airflow/example_dags/example_short_circuit_operator.py took 0.154 seconds
[2023-08-28T00:17:23.890+0000] {processor.py:157} INFO - Started process (PID=978) to work on /home/airflow/.local/lib/python3.8/site-packages/airflow/example_dags/example_short_circuit_operator.py
[2023-08-28T00:17:23.892+0000] {processor.py:829} INFO - Processing file /home/airflow/.local/lib/python3.8/site-packages/airflow/example_dags/example_short_circuit_operator.py for tasks to queue
[2023-08-28T00:17:23.895+0000] {logging_mixin.py:151} INFO - [2023-08-28T00:17:23.895+0000] {dagbag.py:539} INFO - Filling up the DagBag from /home/airflow/.local/lib/python3.8/site-packages/airflow/example_dags/example_short_circuit_operator.py
[2023-08-28T00:17:23.980+0000] {processor.py:839} INFO - DAG(s) dict_keys(['example_short_circuit_operator']) retrieved from /home/airflow/.local/lib/python3.8/site-packages/airflow/example_dags/example_short_circuit_operator.py
[2023-08-28T00:17:24.474+0000] {logging_mixin.py:151} INFO - [2023-08-28T00:17:24.472+0000] {dag.py:2907} INFO - Sync 1 DAGs
[2023-08-28T00:17:24.654+0000] {logging_mixin.py:151} INFO - [2023-08-28T00:17:24.652+0000] {dag.py:3677} INFO - Setting next_dagrun for example_short_circuit_operator to 2023-08-27T00:17:24.645435+00:00, run_after=2023-08-28T00:17:24.645435+00:00
[2023-08-28T00:17:24.734+0000] {processor.py:179} INFO - Processing /home/airflow/.local/lib/python3.8/site-packages/airflow/example_dags/example_short_circuit_operator.py took 0.848 seconds
[2023-08-28T00:17:54.997+0000] {processor.py:157} INFO - Started process (PID=1033) to work on /home/airflow/.local/lib/python3.8/site-packages/airflow/example_dags/example_short_circuit_operator.py
[2023-08-28T00:17:54.999+0000] {processor.py:829} INFO - Processing file /home/airflow/.local/lib/python3.8/site-packages/airflow/example_dags/example_short_circuit_operator.py for tasks to queue
[2023-08-28T00:17:55.003+0000] {logging_mixin.py:151} INFO - [2023-08-28T00:17:55.002+0000] {dagbag.py:539} INFO - Filling up the DagBag from /home/airflow/.local/lib/python3.8/site-packages/airflow/example_dags/example_short_circuit_operator.py
[2023-08-28T00:17:55.015+0000] {processor.py:839} INFO - DAG(s) dict_keys(['example_short_circuit_operator']) retrieved from /home/airflow/.local/lib/python3.8/site-packages/airflow/example_dags/example_short_circuit_operator.py
[2023-08-28T00:17:55.101+0000] {logging_mixin.py:151} INFO - [2023-08-28T00:17:55.101+0000] {dag.py:2907} INFO - Sync 1 DAGs
[2023-08-28T00:17:55.190+0000] {logging_mixin.py:151} INFO - [2023-08-28T00:17:55.190+0000] {dag.py:3677} INFO - Setting next_dagrun for example_short_circuit_operator to 2023-08-27T00:17:55.188902+00:00, run_after=2023-08-28T00:17:55.188902+00:00
[2023-08-28T00:17:55.260+0000] {processor.py:179} INFO - Processing /home/airflow/.local/lib/python3.8/site-packages/airflow/example_dags/example_short_circuit_operator.py took 0.266 seconds
[2023-08-28T00:18:26.468+0000] {processor.py:157} INFO - Started process (PID=1087) to work on /home/airflow/.local/lib/python3.8/site-packages/airflow/example_dags/example_short_circuit_operator.py
[2023-08-28T00:18:26.471+0000] {processor.py:829} INFO - Processing file /home/airflow/.local/lib/python3.8/site-packages/airflow/example_dags/example_short_circuit_operator.py for tasks to queue
[2023-08-28T00:18:26.474+0000] {logging_mixin.py:151} INFO - [2023-08-28T00:18:26.473+0000] {dagbag.py:539} INFO - Filling up the DagBag from /home/airflow/.local/lib/python3.8/site-packages/airflow/example_dags/example_short_circuit_operator.py
[2023-08-28T00:18:26.489+0000] {processor.py:839} INFO - DAG(s) dict_keys(['example_short_circuit_operator']) retrieved from /home/airflow/.local/lib/python3.8/site-packages/airflow/example_dags/example_short_circuit_operator.py
[2023-08-28T00:18:26.638+0000] {logging_mixin.py:151} INFO - [2023-08-28T00:18:26.637+0000] {dag.py:2907} INFO - Sync 1 DAGs
[2023-08-28T00:18:26.723+0000] {logging_mixin.py:151} INFO - [2023-08-28T00:18:26.722+0000] {dag.py:3677} INFO - Setting next_dagrun for example_short_circuit_operator to 2023-08-27T00:18:26.717665+00:00, run_after=2023-08-28T00:18:26.717665+00:00
[2023-08-28T00:18:26.761+0000] {processor.py:179} INFO - Processing /home/airflow/.local/lib/python3.8/site-packages/airflow/example_dags/example_short_circuit_operator.py took 0.301 seconds
[2023-08-28T00:18:57.823+0000] {processor.py:157} INFO - Started process (PID=1142) to work on /home/airflow/.local/lib/python3.8/site-packages/airflow/example_dags/example_short_circuit_operator.py
[2023-08-28T00:18:57.824+0000] {processor.py:829} INFO - Processing file /home/airflow/.local/lib/python3.8/site-packages/airflow/example_dags/example_short_circuit_operator.py for tasks to queue
[2023-08-28T00:18:57.827+0000] {logging_mixin.py:151} INFO - [2023-08-28T00:18:57.827+0000] {dagbag.py:539} INFO - Filling up the DagBag from /home/airflow/.local/lib/python3.8/site-packages/airflow/example_dags/example_short_circuit_operator.py
[2023-08-28T00:18:57.838+0000] {processor.py:839} INFO - DAG(s) dict_keys(['example_short_circuit_operator']) retrieved from /home/airflow/.local/lib/python3.8/site-packages/airflow/example_dags/example_short_circuit_operator.py
[2023-08-28T00:18:57.919+0000] {logging_mixin.py:151} INFO - [2023-08-28T00:18:57.918+0000] {dag.py:2907} INFO - Sync 1 DAGs
[2023-08-28T00:18:57.982+0000] {logging_mixin.py:151} INFO - [2023-08-28T00:18:57.981+0000] {dag.py:3677} INFO - Setting next_dagrun for example_short_circuit_operator to 2023-08-27T00:18:57.980726+00:00, run_after=2023-08-28T00:18:57.980726+00:00
[2023-08-28T00:18:58.016+0000] {processor.py:179} INFO - Processing /home/airflow/.local/lib/python3.8/site-packages/airflow/example_dags/example_short_circuit_operator.py took 0.196 seconds
[2023-08-28T00:19:28.674+0000] {processor.py:157} INFO - Started process (PID=1197) to work on /home/airflow/.local/lib/python3.8/site-packages/airflow/example_dags/example_short_circuit_operator.py
[2023-08-28T00:19:28.676+0000] {processor.py:829} INFO - Processing file /home/airflow/.local/lib/python3.8/site-packages/airflow/example_dags/example_short_circuit_operator.py for tasks to queue
[2023-08-28T00:19:28.678+0000] {logging_mixin.py:151} INFO - [2023-08-28T00:19:28.678+0000] {dagbag.py:539} INFO - Filling up the DagBag from /home/airflow/.local/lib/python3.8/site-packages/airflow/example_dags/example_short_circuit_operator.py
[2023-08-28T00:19:28.688+0000] {processor.py:839} INFO - DAG(s) dict_keys(['example_short_circuit_operator']) retrieved from /home/airflow/.local/lib/python3.8/site-packages/airflow/example_dags/example_short_circuit_operator.py
[2023-08-28T00:19:28.763+0000] {logging_mixin.py:151} INFO - [2023-08-28T00:19:28.762+0000] {dag.py:2907} INFO - Sync 1 DAGs
[2023-08-28T00:19:28.812+0000] {logging_mixin.py:151} INFO - [2023-08-28T00:19:28.812+0000] {dag.py:3677} INFO - Setting next_dagrun for example_short_circuit_operator to 2023-08-27T00:19:28.810248+00:00, run_after=2023-08-28T00:19:28.810248+00:00
[2023-08-28T00:19:28.847+0000] {processor.py:179} INFO - Processing /home/airflow/.local/lib/python3.8/site-packages/airflow/example_dags/example_short_circuit_operator.py took 0.176 seconds
[2023-08-28T00:19:59.246+0000] {processor.py:157} INFO - Started process (PID=1252) to work on /home/airflow/.local/lib/python3.8/site-packages/airflow/example_dags/example_short_circuit_operator.py
[2023-08-28T00:19:59.249+0000] {processor.py:829} INFO - Processing file /home/airflow/.local/lib/python3.8/site-packages/airflow/example_dags/example_short_circuit_operator.py for tasks to queue
[2023-08-28T00:19:59.252+0000] {logging_mixin.py:151} INFO - [2023-08-28T00:19:59.252+0000] {dagbag.py:539} INFO - Filling up the DagBag from /home/airflow/.local/lib/python3.8/site-packages/airflow/example_dags/example_short_circuit_operator.py
[2023-08-28T00:19:59.267+0000] {processor.py:839} INFO - DAG(s) dict_keys(['example_short_circuit_operator']) retrieved from /home/airflow/.local/lib/python3.8/site-packages/airflow/example_dags/example_short_circuit_operator.py
[2023-08-28T00:19:59.422+0000] {logging_mixin.py:151} INFO - [2023-08-28T00:19:59.422+0000] {dag.py:2907} INFO - Sync 1 DAGs
[2023-08-28T00:19:59.480+0000] {logging_mixin.py:151} INFO - [2023-08-28T00:19:59.480+0000] {dag.py:3677} INFO - Setting next_dagrun for example_short_circuit_operator to 2023-08-27T00:19:59.479125+00:00, run_after=2023-08-28T00:19:59.479125+00:00
[2023-08-28T00:19:59.523+0000] {processor.py:179} INFO - Processing /home/airflow/.local/lib/python3.8/site-packages/airflow/example_dags/example_short_circuit_operator.py took 0.282 seconds
[2023-08-28T00:20:29.867+0000] {processor.py:157} INFO - Started process (PID=1307) to work on /home/airflow/.local/lib/python3.8/site-packages/airflow/example_dags/example_short_circuit_operator.py
[2023-08-28T00:20:29.870+0000] {processor.py:829} INFO - Processing file /home/airflow/.local/lib/python3.8/site-packages/airflow/example_dags/example_short_circuit_operator.py for tasks to queue
[2023-08-28T00:20:29.892+0000] {logging_mixin.py:151} INFO - [2023-08-28T00:20:29.891+0000] {dagbag.py:539} INFO - Filling up the DagBag from /home/airflow/.local/lib/python3.8/site-packages/airflow/example_dags/example_short_circuit_operator.py
[2023-08-28T00:20:29.923+0000] {processor.py:839} INFO - DAG(s) dict_keys(['example_short_circuit_operator']) retrieved from /home/airflow/.local/lib/python3.8/site-packages/airflow/example_dags/example_short_circuit_operator.py
[2023-08-28T00:20:30.043+0000] {logging_mixin.py:151} INFO - [2023-08-28T00:20:30.043+0000] {dag.py:2907} INFO - Sync 1 DAGs
[2023-08-28T00:20:30.095+0000] {logging_mixin.py:151} INFO - [2023-08-28T00:20:30.094+0000] {dag.py:3677} INFO - Setting next_dagrun for example_short_circuit_operator to 2023-08-27T00:20:30.093865+00:00, run_after=2023-08-28T00:20:30.093865+00:00
[2023-08-28T00:20:30.138+0000] {processor.py:179} INFO - Processing /home/airflow/.local/lib/python3.8/site-packages/airflow/example_dags/example_short_circuit_operator.py took 0.274 seconds
[2023-08-28T00:21:01.130+0000] {processor.py:157} INFO - Started process (PID=1362) to work on /home/airflow/.local/lib/python3.8/site-packages/airflow/example_dags/example_short_circuit_operator.py
[2023-08-28T00:21:01.132+0000] {processor.py:829} INFO - Processing file /home/airflow/.local/lib/python3.8/site-packages/airflow/example_dags/example_short_circuit_operator.py for tasks to queue
[2023-08-28T00:21:01.136+0000] {logging_mixin.py:151} INFO - [2023-08-28T00:21:01.136+0000] {dagbag.py:539} INFO - Filling up the DagBag from /home/airflow/.local/lib/python3.8/site-packages/airflow/example_dags/example_short_circuit_operator.py
[2023-08-28T00:21:01.146+0000] {processor.py:839} INFO - DAG(s) dict_keys(['example_short_circuit_operator']) retrieved from /home/airflow/.local/lib/python3.8/site-packages/airflow/example_dags/example_short_circuit_operator.py
[2023-08-28T00:21:01.221+0000] {logging_mixin.py:151} INFO - [2023-08-28T00:21:01.220+0000] {dag.py:2907} INFO - Sync 1 DAGs
[2023-08-28T00:21:01.257+0000] {logging_mixin.py:151} INFO - [2023-08-28T00:21:01.256+0000] {dag.py:3677} INFO - Setting next_dagrun for example_short_circuit_operator to 2023-08-27T00:21:01.255810+00:00, run_after=2023-08-28T00:21:01.255810+00:00
[2023-08-28T00:21:01.295+0000] {processor.py:179} INFO - Processing /home/airflow/.local/lib/python3.8/site-packages/airflow/example_dags/example_short_circuit_operator.py took 0.168 seconds
[2023-08-28T00:21:32.082+0000] {processor.py:157} INFO - Started process (PID=1417) to work on /home/airflow/.local/lib/python3.8/site-packages/airflow/example_dags/example_short_circuit_operator.py
[2023-08-28T00:21:32.086+0000] {processor.py:829} INFO - Processing file /home/airflow/.local/lib/python3.8/site-packages/airflow/example_dags/example_short_circuit_operator.py for tasks to queue
[2023-08-28T00:21:32.094+0000] {logging_mixin.py:151} INFO - [2023-08-28T00:21:32.093+0000] {dagbag.py:539} INFO - Filling up the DagBag from /home/airflow/.local/lib/python3.8/site-packages/airflow/example_dags/example_short_circuit_operator.py
[2023-08-28T00:21:32.116+0000] {processor.py:839} INFO - DAG(s) dict_keys(['example_short_circuit_operator']) retrieved from /home/airflow/.local/lib/python3.8/site-packages/airflow/example_dags/example_short_circuit_operator.py
[2023-08-28T00:21:32.259+0000] {logging_mixin.py:151} INFO - [2023-08-28T00:21:32.259+0000] {dag.py:2907} INFO - Sync 1 DAGs
[2023-08-28T00:21:32.316+0000] {logging_mixin.py:151} INFO - [2023-08-28T00:21:32.316+0000] {dag.py:3677} INFO - Setting next_dagrun for example_short_circuit_operator to 2023-08-27T00:21:32.314497+00:00, run_after=2023-08-28T00:21:32.314497+00:00
[2023-08-28T00:21:32.371+0000] {processor.py:179} INFO - Processing /home/airflow/.local/lib/python3.8/site-packages/airflow/example_dags/example_short_circuit_operator.py took 0.295 seconds
[2023-08-28T00:22:02.530+0000] {processor.py:157} INFO - Started process (PID=1472) to work on /home/airflow/.local/lib/python3.8/site-packages/airflow/example_dags/example_short_circuit_operator.py
[2023-08-28T00:22:02.532+0000] {processor.py:829} INFO - Processing file /home/airflow/.local/lib/python3.8/site-packages/airflow/example_dags/example_short_circuit_operator.py for tasks to queue
[2023-08-28T00:22:02.535+0000] {logging_mixin.py:151} INFO - [2023-08-28T00:22:02.534+0000] {dagbag.py:539} INFO - Filling up the DagBag from /home/airflow/.local/lib/python3.8/site-packages/airflow/example_dags/example_short_circuit_operator.py
[2023-08-28T00:22:02.547+0000] {processor.py:839} INFO - DAG(s) dict_keys(['example_short_circuit_operator']) retrieved from /home/airflow/.local/lib/python3.8/site-packages/airflow/example_dags/example_short_circuit_operator.py
[2023-08-28T00:22:02.709+0000] {logging_mixin.py:151} INFO - [2023-08-28T00:22:02.708+0000] {dag.py:2907} INFO - Sync 1 DAGs
[2023-08-28T00:22:02.756+0000] {logging_mixin.py:151} INFO - [2023-08-28T00:22:02.755+0000] {dag.py:3677} INFO - Setting next_dagrun for example_short_circuit_operator to 2023-08-27T00:22:02.754662+00:00, run_after=2023-08-28T00:22:02.754662+00:00
[2023-08-28T00:22:02.787+0000] {processor.py:179} INFO - Processing /home/airflow/.local/lib/python3.8/site-packages/airflow/example_dags/example_short_circuit_operator.py took 0.260 seconds
