[2023-08-28T00:02:05.902+0000] {processor.py:157} INFO - Started process (PID=68) to work on /home/airflow/.local/lib/python3.8/site-packages/airflow/example_dags/example_kubernetes_executor.py
[2023-08-28T00:02:05.904+0000] {processor.py:829} INFO - Processing file /home/airflow/.local/lib/python3.8/site-packages/airflow/example_dags/example_kubernetes_executor.py for tasks to queue
[2023-08-28T00:02:05.906+0000] {logging_mixin.py:151} INFO - [2023-08-28T00:02:05.906+0000] {dagbag.py:539} INFO - Filling up the DagBag from /home/airflow/.local/lib/python3.8/site-packages/airflow/example_dags/example_kubernetes_executor.py
[2023-08-28T00:02:06.787+0000] {processor.py:839} INFO - DAG(s) dict_keys(['example_kubernetes_executor']) retrieved from /home/airflow/.local/lib/python3.8/site-packages/airflow/example_dags/example_kubernetes_executor.py
[2023-08-28T00:02:07.215+0000] {logging_mixin.py:151} INFO - [2023-08-28T00:02:07.215+0000] {manager.py:501} INFO - Created Permission View: can edit on DAG:example_kubernetes_executor
[2023-08-28T00:02:07.239+0000] {logging_mixin.py:151} INFO - [2023-08-28T00:02:07.238+0000] {manager.py:501} INFO - Created Permission View: can delete on DAG:example_kubernetes_executor
[2023-08-28T00:02:07.248+0000] {logging_mixin.py:151} INFO - [2023-08-28T00:02:07.248+0000] {manager.py:501} INFO - Created Permission View: can read on DAG:example_kubernetes_executor
[2023-08-28T00:02:07.277+0000] {logging_mixin.py:151} INFO - [2023-08-28T00:02:07.276+0000] {dag.py:2907} INFO - Sync 1 DAGs
[2023-08-28T00:02:07.298+0000] {logging_mixin.py:151} INFO - [2023-08-28T00:02:07.297+0000] {dag.py:2929} INFO - Creating ORM DAG for example_kubernetes_executor
[2023-08-28T00:02:07.302+0000] {logging_mixin.py:151} INFO - [2023-08-28T00:02:07.302+0000] {dag.py:3677} INFO - Setting next_dagrun for example_kubernetes_executor to None, run_after=None
[2023-08-28T00:02:07.349+0000] {processor.py:179} INFO - Processing /home/airflow/.local/lib/python3.8/site-packages/airflow/example_dags/example_kubernetes_executor.py took 1.450 seconds
[2023-08-28T00:02:37.662+0000] {processor.py:157} INFO - Started process (PID=123) to work on /home/airflow/.local/lib/python3.8/site-packages/airflow/example_dags/example_kubernetes_executor.py
[2023-08-28T00:02:37.663+0000] {processor.py:829} INFO - Processing file /home/airflow/.local/lib/python3.8/site-packages/airflow/example_dags/example_kubernetes_executor.py for tasks to queue
[2023-08-28T00:02:37.665+0000] {logging_mixin.py:151} INFO - [2023-08-28T00:02:37.665+0000] {dagbag.py:539} INFO - Filling up the DagBag from /home/airflow/.local/lib/python3.8/site-packages/airflow/example_dags/example_kubernetes_executor.py
[2023-08-28T00:02:37.967+0000] {processor.py:839} INFO - DAG(s) dict_keys(['example_kubernetes_executor']) retrieved from /home/airflow/.local/lib/python3.8/site-packages/airflow/example_dags/example_kubernetes_executor.py
[2023-08-28T00:02:38.066+0000] {logging_mixin.py:151} INFO - [2023-08-28T00:02:38.065+0000] {dag.py:2907} INFO - Sync 1 DAGs
[2023-08-28T00:02:38.098+0000] {logging_mixin.py:151} INFO - [2023-08-28T00:02:38.097+0000] {dag.py:3677} INFO - Setting next_dagrun for example_kubernetes_executor to None, run_after=None
[2023-08-28T00:02:38.145+0000] {processor.py:179} INFO - Processing /home/airflow/.local/lib/python3.8/site-packages/airflow/example_dags/example_kubernetes_executor.py took 0.487 seconds
[2023-08-28T00:03:08.457+0000] {processor.py:157} INFO - Started process (PID=178) to work on /home/airflow/.local/lib/python3.8/site-packages/airflow/example_dags/example_kubernetes_executor.py
[2023-08-28T00:03:08.460+0000] {processor.py:829} INFO - Processing file /home/airflow/.local/lib/python3.8/site-packages/airflow/example_dags/example_kubernetes_executor.py for tasks to queue
[2023-08-28T00:03:08.464+0000] {logging_mixin.py:151} INFO - [2023-08-28T00:03:08.463+0000] {dagbag.py:539} INFO - Filling up the DagBag from /home/airflow/.local/lib/python3.8/site-packages/airflow/example_dags/example_kubernetes_executor.py
[2023-08-28T00:03:08.807+0000] {processor.py:839} INFO - DAG(s) dict_keys(['example_kubernetes_executor']) retrieved from /home/airflow/.local/lib/python3.8/site-packages/airflow/example_dags/example_kubernetes_executor.py
[2023-08-28T00:03:08.894+0000] {logging_mixin.py:151} INFO - [2023-08-28T00:03:08.894+0000] {dag.py:2907} INFO - Sync 1 DAGs
[2023-08-28T00:03:08.912+0000] {logging_mixin.py:151} INFO - [2023-08-28T00:03:08.912+0000] {dag.py:3677} INFO - Setting next_dagrun for example_kubernetes_executor to None, run_after=None
[2023-08-28T00:03:08.941+0000] {processor.py:179} INFO - Processing /home/airflow/.local/lib/python3.8/site-packages/airflow/example_dags/example_kubernetes_executor.py took 0.488 seconds
[2023-08-28T00:03:39.080+0000] {processor.py:157} INFO - Started process (PID=232) to work on /home/airflow/.local/lib/python3.8/site-packages/airflow/example_dags/example_kubernetes_executor.py
[2023-08-28T00:03:39.084+0000] {processor.py:829} INFO - Processing file /home/airflow/.local/lib/python3.8/site-packages/airflow/example_dags/example_kubernetes_executor.py for tasks to queue
[2023-08-28T00:03:39.087+0000] {logging_mixin.py:151} INFO - [2023-08-28T00:03:39.087+0000] {dagbag.py:539} INFO - Filling up the DagBag from /home/airflow/.local/lib/python3.8/site-packages/airflow/example_dags/example_kubernetes_executor.py
[2023-08-28T00:03:39.448+0000] {processor.py:839} INFO - DAG(s) dict_keys(['example_kubernetes_executor']) retrieved from /home/airflow/.local/lib/python3.8/site-packages/airflow/example_dags/example_kubernetes_executor.py
[2023-08-28T00:03:39.540+0000] {logging_mixin.py:151} INFO - [2023-08-28T00:03:39.539+0000] {dag.py:2907} INFO - Sync 1 DAGs
[2023-08-28T00:03:39.558+0000] {logging_mixin.py:151} INFO - [2023-08-28T00:03:39.558+0000] {dag.py:3677} INFO - Setting next_dagrun for example_kubernetes_executor to None, run_after=None
[2023-08-28T00:03:39.593+0000] {processor.py:179} INFO - Processing /home/airflow/.local/lib/python3.8/site-packages/airflow/example_dags/example_kubernetes_executor.py took 0.524 seconds
[2023-08-28T00:04:09.678+0000] {processor.py:157} INFO - Started process (PID=288) to work on /home/airflow/.local/lib/python3.8/site-packages/airflow/example_dags/example_kubernetes_executor.py
[2023-08-28T00:04:09.684+0000] {processor.py:829} INFO - Processing file /home/airflow/.local/lib/python3.8/site-packages/airflow/example_dags/example_kubernetes_executor.py for tasks to queue
[2023-08-28T00:04:09.688+0000] {logging_mixin.py:151} INFO - [2023-08-28T00:04:09.687+0000] {dagbag.py:539} INFO - Filling up the DagBag from /home/airflow/.local/lib/python3.8/site-packages/airflow/example_dags/example_kubernetes_executor.py
[2023-08-28T00:04:09.936+0000] {processor.py:839} INFO - DAG(s) dict_keys(['example_kubernetes_executor']) retrieved from /home/airflow/.local/lib/python3.8/site-packages/airflow/example_dags/example_kubernetes_executor.py
[2023-08-28T00:04:10.023+0000] {logging_mixin.py:151} INFO - [2023-08-28T00:04:10.023+0000] {dag.py:2907} INFO - Sync 1 DAGs
[2023-08-28T00:04:10.040+0000] {logging_mixin.py:151} INFO - [2023-08-28T00:04:10.040+0000] {dag.py:3677} INFO - Setting next_dagrun for example_kubernetes_executor to None, run_after=None
[2023-08-28T00:04:10.073+0000] {processor.py:179} INFO - Processing /home/airflow/.local/lib/python3.8/site-packages/airflow/example_dags/example_kubernetes_executor.py took 0.400 seconds
[2023-08-28T00:04:40.174+0000] {processor.py:157} INFO - Started process (PID=344) to work on /home/airflow/.local/lib/python3.8/site-packages/airflow/example_dags/example_kubernetes_executor.py
[2023-08-28T00:04:40.175+0000] {processor.py:829} INFO - Processing file /home/airflow/.local/lib/python3.8/site-packages/airflow/example_dags/example_kubernetes_executor.py for tasks to queue
[2023-08-28T00:04:40.177+0000] {logging_mixin.py:151} INFO - [2023-08-28T00:04:40.177+0000] {dagbag.py:539} INFO - Filling up the DagBag from /home/airflow/.local/lib/python3.8/site-packages/airflow/example_dags/example_kubernetes_executor.py
[2023-08-28T00:04:40.424+0000] {processor.py:839} INFO - DAG(s) dict_keys(['example_kubernetes_executor']) retrieved from /home/airflow/.local/lib/python3.8/site-packages/airflow/example_dags/example_kubernetes_executor.py
[2023-08-28T00:04:40.513+0000] {logging_mixin.py:151} INFO - [2023-08-28T00:04:40.513+0000] {dag.py:2907} INFO - Sync 1 DAGs
[2023-08-28T00:04:40.531+0000] {logging_mixin.py:151} INFO - [2023-08-28T00:04:40.531+0000] {dag.py:3677} INFO - Setting next_dagrun for example_kubernetes_executor to None, run_after=None
[2023-08-28T00:04:40.558+0000] {processor.py:179} INFO - Processing /home/airflow/.local/lib/python3.8/site-packages/airflow/example_dags/example_kubernetes_executor.py took 0.388 seconds
[2023-08-28T00:05:10.721+0000] {processor.py:157} INFO - Started process (PID=400) to work on /home/airflow/.local/lib/python3.8/site-packages/airflow/example_dags/example_kubernetes_executor.py
[2023-08-28T00:05:10.723+0000] {processor.py:829} INFO - Processing file /home/airflow/.local/lib/python3.8/site-packages/airflow/example_dags/example_kubernetes_executor.py for tasks to queue
[2023-08-28T00:05:10.726+0000] {logging_mixin.py:151} INFO - [2023-08-28T00:05:10.725+0000] {dagbag.py:539} INFO - Filling up the DagBag from /home/airflow/.local/lib/python3.8/site-packages/airflow/example_dags/example_kubernetes_executor.py
[2023-08-28T00:05:10.971+0000] {processor.py:839} INFO - DAG(s) dict_keys(['example_kubernetes_executor']) retrieved from /home/airflow/.local/lib/python3.8/site-packages/airflow/example_dags/example_kubernetes_executor.py
[2023-08-28T00:05:11.067+0000] {logging_mixin.py:151} INFO - [2023-08-28T00:05:11.067+0000] {dag.py:2907} INFO - Sync 1 DAGs
[2023-08-28T00:05:11.087+0000] {logging_mixin.py:151} INFO - [2023-08-28T00:05:11.087+0000] {dag.py:3677} INFO - Setting next_dagrun for example_kubernetes_executor to None, run_after=None
[2023-08-28T00:05:11.119+0000] {processor.py:179} INFO - Processing /home/airflow/.local/lib/python3.8/site-packages/airflow/example_dags/example_kubernetes_executor.py took 0.402 seconds
[2023-08-28T00:08:53.042+0000] {processor.py:157} INFO - Started process (PID=76) to work on /home/airflow/.local/lib/python3.8/site-packages/airflow/example_dags/example_kubernetes_executor.py
[2023-08-28T00:08:53.044+0000] {processor.py:829} INFO - Processing file /home/airflow/.local/lib/python3.8/site-packages/airflow/example_dags/example_kubernetes_executor.py for tasks to queue
[2023-08-28T00:08:53.047+0000] {logging_mixin.py:151} INFO - [2023-08-28T00:08:53.047+0000] {dagbag.py:539} INFO - Filling up the DagBag from /home/airflow/.local/lib/python3.8/site-packages/airflow/example_dags/example_kubernetes_executor.py
[2023-08-28T00:08:53.637+0000] {processor.py:839} INFO - DAG(s) dict_keys(['example_kubernetes_executor']) retrieved from /home/airflow/.local/lib/python3.8/site-packages/airflow/example_dags/example_kubernetes_executor.py
[2023-08-28T00:08:53.759+0000] {logging_mixin.py:151} INFO - [2023-08-28T00:08:53.758+0000] {dag.py:2907} INFO - Sync 1 DAGs
[2023-08-28T00:08:53.781+0000] {logging_mixin.py:151} INFO - [2023-08-28T00:08:53.780+0000] {dag.py:3677} INFO - Setting next_dagrun for example_kubernetes_executor to None, run_after=None
[2023-08-28T00:08:53.814+0000] {processor.py:179} INFO - Processing /home/airflow/.local/lib/python3.8/site-packages/airflow/example_dags/example_kubernetes_executor.py took 0.776 seconds
[2023-08-28T00:09:27.949+0000] {processor.py:157} INFO - Started process (PID=131) to work on /home/airflow/.local/lib/python3.8/site-packages/airflow/example_dags/example_kubernetes_executor.py
[2023-08-28T00:09:27.954+0000] {processor.py:829} INFO - Processing file /home/airflow/.local/lib/python3.8/site-packages/airflow/example_dags/example_kubernetes_executor.py for tasks to queue
[2023-08-28T00:09:27.962+0000] {logging_mixin.py:151} INFO - [2023-08-28T00:09:27.960+0000] {dagbag.py:539} INFO - Filling up the DagBag from /home/airflow/.local/lib/python3.8/site-packages/airflow/example_dags/example_kubernetes_executor.py
[2023-08-28T00:09:28.410+0000] {processor.py:839} INFO - DAG(s) dict_keys(['example_kubernetes_executor']) retrieved from /home/airflow/.local/lib/python3.8/site-packages/airflow/example_dags/example_kubernetes_executor.py
[2023-08-28T00:09:28.505+0000] {logging_mixin.py:151} INFO - [2023-08-28T00:09:28.504+0000] {dag.py:2907} INFO - Sync 1 DAGs
[2023-08-28T00:09:28.521+0000] {logging_mixin.py:151} INFO - [2023-08-28T00:09:28.521+0000] {dag.py:3677} INFO - Setting next_dagrun for example_kubernetes_executor to None, run_after=None
[2023-08-28T00:09:28.547+0000] {processor.py:179} INFO - Processing /home/airflow/.local/lib/python3.8/site-packages/airflow/example_dags/example_kubernetes_executor.py took 0.611 seconds
[2023-08-28T00:09:59.541+0000] {processor.py:157} INFO - Started process (PID=186) to work on /home/airflow/.local/lib/python3.8/site-packages/airflow/example_dags/example_kubernetes_executor.py
[2023-08-28T00:09:59.557+0000] {processor.py:829} INFO - Processing file /home/airflow/.local/lib/python3.8/site-packages/airflow/example_dags/example_kubernetes_executor.py for tasks to queue
[2023-08-28T00:09:59.570+0000] {logging_mixin.py:151} INFO - [2023-08-28T00:09:59.568+0000] {dagbag.py:539} INFO - Filling up the DagBag from /home/airflow/.local/lib/python3.8/site-packages/airflow/example_dags/example_kubernetes_executor.py
[2023-08-28T00:10:00.128+0000] {processor.py:839} INFO - DAG(s) dict_keys(['example_kubernetes_executor']) retrieved from /home/airflow/.local/lib/python3.8/site-packages/airflow/example_dags/example_kubernetes_executor.py
[2023-08-28T00:10:00.270+0000] {logging_mixin.py:151} INFO - [2023-08-28T00:10:00.269+0000] {dag.py:2907} INFO - Sync 1 DAGs
[2023-08-28T00:10:00.292+0000] {logging_mixin.py:151} INFO - [2023-08-28T00:10:00.291+0000] {dag.py:3677} INFO - Setting next_dagrun for example_kubernetes_executor to None, run_after=None
[2023-08-28T00:10:00.326+0000] {processor.py:179} INFO - Processing /home/airflow/.local/lib/python3.8/site-packages/airflow/example_dags/example_kubernetes_executor.py took 0.791 seconds
[2023-08-28T00:10:30.566+0000] {processor.py:157} INFO - Started process (PID=242) to work on /home/airflow/.local/lib/python3.8/site-packages/airflow/example_dags/example_kubernetes_executor.py
[2023-08-28T00:10:30.568+0000] {processor.py:829} INFO - Processing file /home/airflow/.local/lib/python3.8/site-packages/airflow/example_dags/example_kubernetes_executor.py for tasks to queue
[2023-08-28T00:10:30.572+0000] {logging_mixin.py:151} INFO - [2023-08-28T00:10:30.571+0000] {dagbag.py:539} INFO - Filling up the DagBag from /home/airflow/.local/lib/python3.8/site-packages/airflow/example_dags/example_kubernetes_executor.py
[2023-08-28T00:10:31.026+0000] {processor.py:839} INFO - DAG(s) dict_keys(['example_kubernetes_executor']) retrieved from /home/airflow/.local/lib/python3.8/site-packages/airflow/example_dags/example_kubernetes_executor.py
[2023-08-28T00:10:31.176+0000] {logging_mixin.py:151} INFO - [2023-08-28T00:10:31.175+0000] {dag.py:2907} INFO - Sync 1 DAGs
[2023-08-28T00:10:31.203+0000] {logging_mixin.py:151} INFO - [2023-08-28T00:10:31.202+0000] {dag.py:3677} INFO - Setting next_dagrun for example_kubernetes_executor to None, run_after=None
[2023-08-28T00:10:31.236+0000] {processor.py:179} INFO - Processing /home/airflow/.local/lib/python3.8/site-packages/airflow/example_dags/example_kubernetes_executor.py took 0.674 seconds
[2023-08-28T00:11:01.297+0000] {processor.py:157} INFO - Started process (PID=298) to work on /home/airflow/.local/lib/python3.8/site-packages/airflow/example_dags/example_kubernetes_executor.py
[2023-08-28T00:11:01.299+0000] {processor.py:829} INFO - Processing file /home/airflow/.local/lib/python3.8/site-packages/airflow/example_dags/example_kubernetes_executor.py for tasks to queue
[2023-08-28T00:11:01.302+0000] {logging_mixin.py:151} INFO - [2023-08-28T00:11:01.302+0000] {dagbag.py:539} INFO - Filling up the DagBag from /home/airflow/.local/lib/python3.8/site-packages/airflow/example_dags/example_kubernetes_executor.py
[2023-08-28T00:11:01.681+0000] {processor.py:839} INFO - DAG(s) dict_keys(['example_kubernetes_executor']) retrieved from /home/airflow/.local/lib/python3.8/site-packages/airflow/example_dags/example_kubernetes_executor.py
[2023-08-28T00:11:01.836+0000] {logging_mixin.py:151} INFO - [2023-08-28T00:11:01.835+0000] {dag.py:2907} INFO - Sync 1 DAGs
[2023-08-28T00:11:01.871+0000] {logging_mixin.py:151} INFO - [2023-08-28T00:11:01.871+0000] {dag.py:3677} INFO - Setting next_dagrun for example_kubernetes_executor to None, run_after=None
[2023-08-28T00:11:01.905+0000] {processor.py:179} INFO - Processing /home/airflow/.local/lib/python3.8/site-packages/airflow/example_dags/example_kubernetes_executor.py took 0.613 seconds
[2023-08-28T00:11:32.332+0000] {processor.py:157} INFO - Started process (PID=352) to work on /home/airflow/.local/lib/python3.8/site-packages/airflow/example_dags/example_kubernetes_executor.py
[2023-08-28T00:11:32.344+0000] {processor.py:829} INFO - Processing file /home/airflow/.local/lib/python3.8/site-packages/airflow/example_dags/example_kubernetes_executor.py for tasks to queue
[2023-08-28T00:11:32.349+0000] {logging_mixin.py:151} INFO - [2023-08-28T00:11:32.348+0000] {dagbag.py:539} INFO - Filling up the DagBag from /home/airflow/.local/lib/python3.8/site-packages/airflow/example_dags/example_kubernetes_executor.py
[2023-08-28T00:11:32.701+0000] {processor.py:839} INFO - DAG(s) dict_keys(['example_kubernetes_executor']) retrieved from /home/airflow/.local/lib/python3.8/site-packages/airflow/example_dags/example_kubernetes_executor.py
[2023-08-28T00:11:32.808+0000] {logging_mixin.py:151} INFO - [2023-08-28T00:11:32.808+0000] {dag.py:2907} INFO - Sync 1 DAGs
[2023-08-28T00:11:32.840+0000] {logging_mixin.py:151} INFO - [2023-08-28T00:11:32.840+0000] {dag.py:3677} INFO - Setting next_dagrun for example_kubernetes_executor to None, run_after=None
[2023-08-28T00:11:32.868+0000] {processor.py:179} INFO - Processing /home/airflow/.local/lib/python3.8/site-packages/airflow/example_dags/example_kubernetes_executor.py took 0.542 seconds
[2023-08-28T00:12:02.995+0000] {processor.py:157} INFO - Started process (PID=408) to work on /home/airflow/.local/lib/python3.8/site-packages/airflow/example_dags/example_kubernetes_executor.py
[2023-08-28T00:12:02.997+0000] {processor.py:829} INFO - Processing file /home/airflow/.local/lib/python3.8/site-packages/airflow/example_dags/example_kubernetes_executor.py for tasks to queue
[2023-08-28T00:12:02.999+0000] {logging_mixin.py:151} INFO - [2023-08-28T00:12:02.999+0000] {dagbag.py:539} INFO - Filling up the DagBag from /home/airflow/.local/lib/python3.8/site-packages/airflow/example_dags/example_kubernetes_executor.py
[2023-08-28T00:12:03.304+0000] {processor.py:839} INFO - DAG(s) dict_keys(['example_kubernetes_executor']) retrieved from /home/airflow/.local/lib/python3.8/site-packages/airflow/example_dags/example_kubernetes_executor.py
[2023-08-28T00:12:03.391+0000] {logging_mixin.py:151} INFO - [2023-08-28T00:12:03.391+0000] {dag.py:2907} INFO - Sync 1 DAGs
[2023-08-28T00:12:03.407+0000] {logging_mixin.py:151} INFO - [2023-08-28T00:12:03.407+0000] {dag.py:3677} INFO - Setting next_dagrun for example_kubernetes_executor to None, run_after=None
[2023-08-28T00:12:03.435+0000] {processor.py:179} INFO - Processing /home/airflow/.local/lib/python3.8/site-packages/airflow/example_dags/example_kubernetes_executor.py took 0.443 seconds
[2023-08-28T00:12:33.561+0000] {processor.py:157} INFO - Started process (PID=464) to work on /home/airflow/.local/lib/python3.8/site-packages/airflow/example_dags/example_kubernetes_executor.py
[2023-08-28T00:12:33.564+0000] {processor.py:829} INFO - Processing file /home/airflow/.local/lib/python3.8/site-packages/airflow/example_dags/example_kubernetes_executor.py for tasks to queue
[2023-08-28T00:12:33.567+0000] {logging_mixin.py:151} INFO - [2023-08-28T00:12:33.567+0000] {dagbag.py:539} INFO - Filling up the DagBag from /home/airflow/.local/lib/python3.8/site-packages/airflow/example_dags/example_kubernetes_executor.py
[2023-08-28T00:12:33.894+0000] {processor.py:839} INFO - DAG(s) dict_keys(['example_kubernetes_executor']) retrieved from /home/airflow/.local/lib/python3.8/site-packages/airflow/example_dags/example_kubernetes_executor.py
[2023-08-28T00:12:33.984+0000] {logging_mixin.py:151} INFO - [2023-08-28T00:12:33.984+0000] {dag.py:2907} INFO - Sync 1 DAGs
[2023-08-28T00:12:34.002+0000] {logging_mixin.py:151} INFO - [2023-08-28T00:12:34.001+0000] {dag.py:3677} INFO - Setting next_dagrun for example_kubernetes_executor to None, run_after=None
[2023-08-28T00:12:34.026+0000] {processor.py:179} INFO - Processing /home/airflow/.local/lib/python3.8/site-packages/airflow/example_dags/example_kubernetes_executor.py took 0.469 seconds
[2023-08-28T00:13:04.723+0000] {processor.py:157} INFO - Started process (PID=519) to work on /home/airflow/.local/lib/python3.8/site-packages/airflow/example_dags/example_kubernetes_executor.py
[2023-08-28T00:13:04.730+0000] {processor.py:829} INFO - Processing file /home/airflow/.local/lib/python3.8/site-packages/airflow/example_dags/example_kubernetes_executor.py for tasks to queue
[2023-08-28T00:13:04.739+0000] {logging_mixin.py:151} INFO - [2023-08-28T00:13:04.737+0000] {dagbag.py:539} INFO - Filling up the DagBag from /home/airflow/.local/lib/python3.8/site-packages/airflow/example_dags/example_kubernetes_executor.py
[2023-08-28T00:13:05.434+0000] {processor.py:839} INFO - DAG(s) dict_keys(['example_kubernetes_executor']) retrieved from /home/airflow/.local/lib/python3.8/site-packages/airflow/example_dags/example_kubernetes_executor.py
[2023-08-28T00:13:05.533+0000] {logging_mixin.py:151} INFO - [2023-08-28T00:13:05.532+0000] {dag.py:2907} INFO - Sync 1 DAGs
[2023-08-28T00:13:05.555+0000] {logging_mixin.py:151} INFO - [2023-08-28T00:13:05.555+0000] {dag.py:3677} INFO - Setting next_dagrun for example_kubernetes_executor to None, run_after=None
[2023-08-28T00:13:05.584+0000] {processor.py:179} INFO - Processing /home/airflow/.local/lib/python3.8/site-packages/airflow/example_dags/example_kubernetes_executor.py took 0.874 seconds
[2023-08-28T00:13:35.859+0000] {processor.py:157} INFO - Started process (PID=572) to work on /home/airflow/.local/lib/python3.8/site-packages/airflow/example_dags/example_kubernetes_executor.py
[2023-08-28T00:13:35.872+0000] {processor.py:829} INFO - Processing file /home/airflow/.local/lib/python3.8/site-packages/airflow/example_dags/example_kubernetes_executor.py for tasks to queue
[2023-08-28T00:13:35.902+0000] {logging_mixin.py:151} INFO - [2023-08-28T00:13:35.901+0000] {dagbag.py:539} INFO - Filling up the DagBag from /home/airflow/.local/lib/python3.8/site-packages/airflow/example_dags/example_kubernetes_executor.py
[2023-08-28T00:13:36.664+0000] {processor.py:839} INFO - DAG(s) dict_keys(['example_kubernetes_executor']) retrieved from /home/airflow/.local/lib/python3.8/site-packages/airflow/example_dags/example_kubernetes_executor.py
[2023-08-28T00:13:37.002+0000] {logging_mixin.py:151} INFO - [2023-08-28T00:13:37.000+0000] {dag.py:2907} INFO - Sync 1 DAGs
[2023-08-28T00:13:37.081+0000] {logging_mixin.py:151} INFO - [2023-08-28T00:13:37.080+0000] {dag.py:3677} INFO - Setting next_dagrun for example_kubernetes_executor to None, run_after=None
[2023-08-28T00:13:37.177+0000] {processor.py:179} INFO - Processing /home/airflow/.local/lib/python3.8/site-packages/airflow/example_dags/example_kubernetes_executor.py took 1.331 seconds
[2023-08-28T00:14:07.572+0000] {processor.py:157} INFO - Started process (PID=629) to work on /home/airflow/.local/lib/python3.8/site-packages/airflow/example_dags/example_kubernetes_executor.py
[2023-08-28T00:14:07.574+0000] {processor.py:829} INFO - Processing file /home/airflow/.local/lib/python3.8/site-packages/airflow/example_dags/example_kubernetes_executor.py for tasks to queue
[2023-08-28T00:14:07.578+0000] {logging_mixin.py:151} INFO - [2023-08-28T00:14:07.578+0000] {dagbag.py:539} INFO - Filling up the DagBag from /home/airflow/.local/lib/python3.8/site-packages/airflow/example_dags/example_kubernetes_executor.py
[2023-08-28T00:14:07.869+0000] {processor.py:839} INFO - DAG(s) dict_keys(['example_kubernetes_executor']) retrieved from /home/airflow/.local/lib/python3.8/site-packages/airflow/example_dags/example_kubernetes_executor.py
[2023-08-28T00:14:07.956+0000] {logging_mixin.py:151} INFO - [2023-08-28T00:14:07.955+0000] {dag.py:2907} INFO - Sync 1 DAGs
[2023-08-28T00:14:07.972+0000] {logging_mixin.py:151} INFO - [2023-08-28T00:14:07.971+0000] {dag.py:3677} INFO - Setting next_dagrun for example_kubernetes_executor to None, run_after=None
[2023-08-28T00:14:07.996+0000] {processor.py:179} INFO - Processing /home/airflow/.local/lib/python3.8/site-packages/airflow/example_dags/example_kubernetes_executor.py took 0.431 seconds
[2023-08-28T00:14:38.982+0000] {processor.py:157} INFO - Started process (PID=685) to work on /home/airflow/.local/lib/python3.8/site-packages/airflow/example_dags/example_kubernetes_executor.py
[2023-08-28T00:14:38.984+0000] {processor.py:829} INFO - Processing file /home/airflow/.local/lib/python3.8/site-packages/airflow/example_dags/example_kubernetes_executor.py for tasks to queue
[2023-08-28T00:14:38.987+0000] {logging_mixin.py:151} INFO - [2023-08-28T00:14:38.987+0000] {dagbag.py:539} INFO - Filling up the DagBag from /home/airflow/.local/lib/python3.8/site-packages/airflow/example_dags/example_kubernetes_executor.py
[2023-08-28T00:14:39.306+0000] {processor.py:839} INFO - DAG(s) dict_keys(['example_kubernetes_executor']) retrieved from /home/airflow/.local/lib/python3.8/site-packages/airflow/example_dags/example_kubernetes_executor.py
[2023-08-28T00:14:39.425+0000] {logging_mixin.py:151} INFO - [2023-08-28T00:14:39.424+0000] {dag.py:2907} INFO - Sync 1 DAGs
[2023-08-28T00:14:39.466+0000] {logging_mixin.py:151} INFO - [2023-08-28T00:14:39.466+0000] {dag.py:3677} INFO - Setting next_dagrun for example_kubernetes_executor to None, run_after=None
[2023-08-28T00:14:39.500+0000] {processor.py:179} INFO - Processing /home/airflow/.local/lib/python3.8/site-packages/airflow/example_dags/example_kubernetes_executor.py took 0.523 seconds
[2023-08-28T00:15:09.904+0000] {processor.py:157} INFO - Started process (PID=740) to work on /home/airflow/.local/lib/python3.8/site-packages/airflow/example_dags/example_kubernetes_executor.py
[2023-08-28T00:15:09.906+0000] {processor.py:829} INFO - Processing file /home/airflow/.local/lib/python3.8/site-packages/airflow/example_dags/example_kubernetes_executor.py for tasks to queue
[2023-08-28T00:15:09.909+0000] {logging_mixin.py:151} INFO - [2023-08-28T00:15:09.909+0000] {dagbag.py:539} INFO - Filling up the DagBag from /home/airflow/.local/lib/python3.8/site-packages/airflow/example_dags/example_kubernetes_executor.py
[2023-08-28T00:15:10.219+0000] {processor.py:839} INFO - DAG(s) dict_keys(['example_kubernetes_executor']) retrieved from /home/airflow/.local/lib/python3.8/site-packages/airflow/example_dags/example_kubernetes_executor.py
[2023-08-28T00:15:10.312+0000] {logging_mixin.py:151} INFO - [2023-08-28T00:15:10.312+0000] {dag.py:2907} INFO - Sync 1 DAGs
[2023-08-28T00:15:10.331+0000] {logging_mixin.py:151} INFO - [2023-08-28T00:15:10.330+0000] {dag.py:3677} INFO - Setting next_dagrun for example_kubernetes_executor to None, run_after=None
[2023-08-28T00:15:10.365+0000] {processor.py:179} INFO - Processing /home/airflow/.local/lib/python3.8/site-packages/airflow/example_dags/example_kubernetes_executor.py took 0.466 seconds
[2023-08-28T00:15:40.606+0000] {processor.py:157} INFO - Started process (PID=795) to work on /home/airflow/.local/lib/python3.8/site-packages/airflow/example_dags/example_kubernetes_executor.py
[2023-08-28T00:15:40.608+0000] {processor.py:829} INFO - Processing file /home/airflow/.local/lib/python3.8/site-packages/airflow/example_dags/example_kubernetes_executor.py for tasks to queue
[2023-08-28T00:15:40.611+0000] {logging_mixin.py:151} INFO - [2023-08-28T00:15:40.610+0000] {dagbag.py:539} INFO - Filling up the DagBag from /home/airflow/.local/lib/python3.8/site-packages/airflow/example_dags/example_kubernetes_executor.py
[2023-08-28T00:15:40.938+0000] {processor.py:839} INFO - DAG(s) dict_keys(['example_kubernetes_executor']) retrieved from /home/airflow/.local/lib/python3.8/site-packages/airflow/example_dags/example_kubernetes_executor.py
[2023-08-28T00:15:41.044+0000] {logging_mixin.py:151} INFO - [2023-08-28T00:15:41.044+0000] {dag.py:2907} INFO - Sync 1 DAGs
[2023-08-28T00:15:41.065+0000] {logging_mixin.py:151} INFO - [2023-08-28T00:15:41.064+0000] {dag.py:3677} INFO - Setting next_dagrun for example_kubernetes_executor to None, run_after=None
[2023-08-28T00:15:41.096+0000] {processor.py:179} INFO - Processing /home/airflow/.local/lib/python3.8/site-packages/airflow/example_dags/example_kubernetes_executor.py took 0.494 seconds
[2023-08-28T00:16:11.871+0000] {processor.py:157} INFO - Started process (PID=850) to work on /home/airflow/.local/lib/python3.8/site-packages/airflow/example_dags/example_kubernetes_executor.py
[2023-08-28T00:16:11.873+0000] {processor.py:829} INFO - Processing file /home/airflow/.local/lib/python3.8/site-packages/airflow/example_dags/example_kubernetes_executor.py for tasks to queue
[2023-08-28T00:16:11.877+0000] {logging_mixin.py:151} INFO - [2023-08-28T00:16:11.876+0000] {dagbag.py:539} INFO - Filling up the DagBag from /home/airflow/.local/lib/python3.8/site-packages/airflow/example_dags/example_kubernetes_executor.py
[2023-08-28T00:16:12.196+0000] {processor.py:839} INFO - DAG(s) dict_keys(['example_kubernetes_executor']) retrieved from /home/airflow/.local/lib/python3.8/site-packages/airflow/example_dags/example_kubernetes_executor.py
[2023-08-28T00:16:12.314+0000] {logging_mixin.py:151} INFO - [2023-08-28T00:16:12.313+0000] {dag.py:2907} INFO - Sync 1 DAGs
[2023-08-28T00:16:12.335+0000] {logging_mixin.py:151} INFO - [2023-08-28T00:16:12.334+0000] {dag.py:3677} INFO - Setting next_dagrun for example_kubernetes_executor to None, run_after=None
[2023-08-28T00:16:12.380+0000] {processor.py:179} INFO - Processing /home/airflow/.local/lib/python3.8/site-packages/airflow/example_dags/example_kubernetes_executor.py took 0.515 seconds
[2023-08-28T00:16:43.027+0000] {processor.py:157} INFO - Started process (PID=905) to work on /home/airflow/.local/lib/python3.8/site-packages/airflow/example_dags/example_kubernetes_executor.py
[2023-08-28T00:16:43.029+0000] {processor.py:829} INFO - Processing file /home/airflow/.local/lib/python3.8/site-packages/airflow/example_dags/example_kubernetes_executor.py for tasks to queue
[2023-08-28T00:16:43.033+0000] {logging_mixin.py:151} INFO - [2023-08-28T00:16:43.032+0000] {dagbag.py:539} INFO - Filling up the DagBag from /home/airflow/.local/lib/python3.8/site-packages/airflow/example_dags/example_kubernetes_executor.py
[2023-08-28T00:16:43.324+0000] {processor.py:839} INFO - DAG(s) dict_keys(['example_kubernetes_executor']) retrieved from /home/airflow/.local/lib/python3.8/site-packages/airflow/example_dags/example_kubernetes_executor.py
[2023-08-28T00:16:43.413+0000] {logging_mixin.py:151} INFO - [2023-08-28T00:16:43.412+0000] {dag.py:2907} INFO - Sync 1 DAGs
[2023-08-28T00:16:43.439+0000] {logging_mixin.py:151} INFO - [2023-08-28T00:16:43.439+0000] {dag.py:3677} INFO - Setting next_dagrun for example_kubernetes_executor to None, run_after=None
[2023-08-28T00:16:43.468+0000] {processor.py:179} INFO - Processing /home/airflow/.local/lib/python3.8/site-packages/airflow/example_dags/example_kubernetes_executor.py took 0.446 seconds
[2023-08-28T00:17:14.352+0000] {processor.py:157} INFO - Started process (PID=960) to work on /home/airflow/.local/lib/python3.8/site-packages/airflow/example_dags/example_kubernetes_executor.py
[2023-08-28T00:17:14.354+0000] {processor.py:829} INFO - Processing file /home/airflow/.local/lib/python3.8/site-packages/airflow/example_dags/example_kubernetes_executor.py for tasks to queue
[2023-08-28T00:17:14.358+0000] {logging_mixin.py:151} INFO - [2023-08-28T00:17:14.357+0000] {dagbag.py:539} INFO - Filling up the DagBag from /home/airflow/.local/lib/python3.8/site-packages/airflow/example_dags/example_kubernetes_executor.py
[2023-08-28T00:17:14.636+0000] {processor.py:839} INFO - DAG(s) dict_keys(['example_kubernetes_executor']) retrieved from /home/airflow/.local/lib/python3.8/site-packages/airflow/example_dags/example_kubernetes_executor.py
[2023-08-28T00:17:14.728+0000] {logging_mixin.py:151} INFO - [2023-08-28T00:17:14.727+0000] {dag.py:2907} INFO - Sync 1 DAGs
[2023-08-28T00:17:14.746+0000] {logging_mixin.py:151} INFO - [2023-08-28T00:17:14.745+0000] {dag.py:3677} INFO - Setting next_dagrun for example_kubernetes_executor to None, run_after=None
[2023-08-28T00:17:14.772+0000] {processor.py:179} INFO - Processing /home/airflow/.local/lib/python3.8/site-packages/airflow/example_dags/example_kubernetes_executor.py took 0.424 seconds
[2023-08-28T00:17:45.090+0000] {processor.py:157} INFO - Started process (PID=1015) to work on /home/airflow/.local/lib/python3.8/site-packages/airflow/example_dags/example_kubernetes_executor.py
[2023-08-28T00:17:45.094+0000] {processor.py:829} INFO - Processing file /home/airflow/.local/lib/python3.8/site-packages/airflow/example_dags/example_kubernetes_executor.py for tasks to queue
[2023-08-28T00:17:45.113+0000] {logging_mixin.py:151} INFO - [2023-08-28T00:17:45.111+0000] {dagbag.py:539} INFO - Filling up the DagBag from /home/airflow/.local/lib/python3.8/site-packages/airflow/example_dags/example_kubernetes_executor.py
[2023-08-28T00:17:45.628+0000] {processor.py:839} INFO - DAG(s) dict_keys(['example_kubernetes_executor']) retrieved from /home/airflow/.local/lib/python3.8/site-packages/airflow/example_dags/example_kubernetes_executor.py
[2023-08-28T00:17:45.821+0000] {logging_mixin.py:151} INFO - [2023-08-28T00:17:45.821+0000] {dag.py:2907} INFO - Sync 1 DAGs
[2023-08-28T00:17:45.865+0000] {logging_mixin.py:151} INFO - [2023-08-28T00:17:45.865+0000] {dag.py:3677} INFO - Setting next_dagrun for example_kubernetes_executor to None, run_after=None
[2023-08-28T00:17:45.919+0000] {processor.py:179} INFO - Processing /home/airflow/.local/lib/python3.8/site-packages/airflow/example_dags/example_kubernetes_executor.py took 0.838 seconds
[2023-08-28T00:18:16.464+0000] {processor.py:157} INFO - Started process (PID=1070) to work on /home/airflow/.local/lib/python3.8/site-packages/airflow/example_dags/example_kubernetes_executor.py
[2023-08-28T00:18:16.470+0000] {processor.py:829} INFO - Processing file /home/airflow/.local/lib/python3.8/site-packages/airflow/example_dags/example_kubernetes_executor.py for tasks to queue
[2023-08-28T00:18:16.478+0000] {logging_mixin.py:151} INFO - [2023-08-28T00:18:16.477+0000] {dagbag.py:539} INFO - Filling up the DagBag from /home/airflow/.local/lib/python3.8/site-packages/airflow/example_dags/example_kubernetes_executor.py
[2023-08-28T00:18:17.532+0000] {processor.py:839} INFO - DAG(s) dict_keys(['example_kubernetes_executor']) retrieved from /home/airflow/.local/lib/python3.8/site-packages/airflow/example_dags/example_kubernetes_executor.py
[2023-08-28T00:18:17.981+0000] {logging_mixin.py:151} INFO - [2023-08-28T00:18:17.974+0000] {dag.py:2907} INFO - Sync 1 DAGs
[2023-08-28T00:18:18.103+0000] {logging_mixin.py:151} INFO - [2023-08-28T00:18:18.102+0000] {dag.py:3677} INFO - Setting next_dagrun for example_kubernetes_executor to None, run_after=None
[2023-08-28T00:18:18.290+0000] {processor.py:179} INFO - Processing /home/airflow/.local/lib/python3.8/site-packages/airflow/example_dags/example_kubernetes_executor.py took 1.857 seconds
[2023-08-28T00:18:48.981+0000] {processor.py:157} INFO - Started process (PID=1124) to work on /home/airflow/.local/lib/python3.8/site-packages/airflow/example_dags/example_kubernetes_executor.py
[2023-08-28T00:18:48.983+0000] {processor.py:829} INFO - Processing file /home/airflow/.local/lib/python3.8/site-packages/airflow/example_dags/example_kubernetes_executor.py for tasks to queue
[2023-08-28T00:18:48.989+0000] {logging_mixin.py:151} INFO - [2023-08-28T00:18:48.988+0000] {dagbag.py:539} INFO - Filling up the DagBag from /home/airflow/.local/lib/python3.8/site-packages/airflow/example_dags/example_kubernetes_executor.py
[2023-08-28T00:18:49.529+0000] {processor.py:839} INFO - DAG(s) dict_keys(['example_kubernetes_executor']) retrieved from /home/airflow/.local/lib/python3.8/site-packages/airflow/example_dags/example_kubernetes_executor.py
[2023-08-28T00:18:49.822+0000] {logging_mixin.py:151} INFO - [2023-08-28T00:18:49.822+0000] {dag.py:2907} INFO - Sync 1 DAGs
[2023-08-28T00:18:49.867+0000] {logging_mixin.py:151} INFO - [2023-08-28T00:18:49.866+0000] {dag.py:3677} INFO - Setting next_dagrun for example_kubernetes_executor to None, run_after=None
[2023-08-28T00:18:49.941+0000] {processor.py:179} INFO - Processing /home/airflow/.local/lib/python3.8/site-packages/airflow/example_dags/example_kubernetes_executor.py took 0.967 seconds
[2023-08-28T00:19:20.538+0000] {processor.py:157} INFO - Started process (PID=1187) to work on /home/airflow/.local/lib/python3.8/site-packages/airflow/example_dags/example_kubernetes_executor.py
[2023-08-28T00:19:20.541+0000] {processor.py:829} INFO - Processing file /home/airflow/.local/lib/python3.8/site-packages/airflow/example_dags/example_kubernetes_executor.py for tasks to queue
[2023-08-28T00:19:20.546+0000] {logging_mixin.py:151} INFO - [2023-08-28T00:19:20.545+0000] {dagbag.py:539} INFO - Filling up the DagBag from /home/airflow/.local/lib/python3.8/site-packages/airflow/example_dags/example_kubernetes_executor.py
[2023-08-28T00:19:21.091+0000] {processor.py:839} INFO - DAG(s) dict_keys(['example_kubernetes_executor']) retrieved from /home/airflow/.local/lib/python3.8/site-packages/airflow/example_dags/example_kubernetes_executor.py
[2023-08-28T00:19:21.198+0000] {logging_mixin.py:151} INFO - [2023-08-28T00:19:21.197+0000] {dag.py:2907} INFO - Sync 1 DAGs
[2023-08-28T00:19:21.221+0000] {logging_mixin.py:151} INFO - [2023-08-28T00:19:21.220+0000] {dag.py:3677} INFO - Setting next_dagrun for example_kubernetes_executor to None, run_after=None
[2023-08-28T00:19:21.255+0000] {processor.py:179} INFO - Processing /home/airflow/.local/lib/python3.8/site-packages/airflow/example_dags/example_kubernetes_executor.py took 0.722 seconds
[2023-08-28T00:19:51.411+0000] {processor.py:157} INFO - Started process (PID=1242) to work on /home/airflow/.local/lib/python3.8/site-packages/airflow/example_dags/example_kubernetes_executor.py
[2023-08-28T00:19:51.415+0000] {processor.py:829} INFO - Processing file /home/airflow/.local/lib/python3.8/site-packages/airflow/example_dags/example_kubernetes_executor.py for tasks to queue
[2023-08-28T00:19:51.422+0000] {logging_mixin.py:151} INFO - [2023-08-28T00:19:51.421+0000] {dagbag.py:539} INFO - Filling up the DagBag from /home/airflow/.local/lib/python3.8/site-packages/airflow/example_dags/example_kubernetes_executor.py
[2023-08-28T00:19:51.846+0000] {processor.py:839} INFO - DAG(s) dict_keys(['example_kubernetes_executor']) retrieved from /home/airflow/.local/lib/python3.8/site-packages/airflow/example_dags/example_kubernetes_executor.py
[2023-08-28T00:19:51.964+0000] {logging_mixin.py:151} INFO - [2023-08-28T00:19:51.963+0000] {dag.py:2907} INFO - Sync 1 DAGs
[2023-08-28T00:19:51.988+0000] {logging_mixin.py:151} INFO - [2023-08-28T00:19:51.988+0000] {dag.py:3677} INFO - Setting next_dagrun for example_kubernetes_executor to None, run_after=None
[2023-08-28T00:19:52.043+0000] {processor.py:179} INFO - Processing /home/airflow/.local/lib/python3.8/site-packages/airflow/example_dags/example_kubernetes_executor.py took 0.637 seconds
[2023-08-28T00:20:22.806+0000] {processor.py:157} INFO - Started process (PID=1297) to work on /home/airflow/.local/lib/python3.8/site-packages/airflow/example_dags/example_kubernetes_executor.py
[2023-08-28T00:20:22.807+0000] {processor.py:829} INFO - Processing file /home/airflow/.local/lib/python3.8/site-packages/airflow/example_dags/example_kubernetes_executor.py for tasks to queue
[2023-08-28T00:20:22.810+0000] {logging_mixin.py:151} INFO - [2023-08-28T00:20:22.810+0000] {dagbag.py:539} INFO - Filling up the DagBag from /home/airflow/.local/lib/python3.8/site-packages/airflow/example_dags/example_kubernetes_executor.py
[2023-08-28T00:20:23.115+0000] {processor.py:839} INFO - DAG(s) dict_keys(['example_kubernetes_executor']) retrieved from /home/airflow/.local/lib/python3.8/site-packages/airflow/example_dags/example_kubernetes_executor.py
[2023-08-28T00:20:23.206+0000] {logging_mixin.py:151} INFO - [2023-08-28T00:20:23.206+0000] {dag.py:2907} INFO - Sync 1 DAGs
[2023-08-28T00:20:23.225+0000] {logging_mixin.py:151} INFO - [2023-08-28T00:20:23.225+0000] {dag.py:3677} INFO - Setting next_dagrun for example_kubernetes_executor to None, run_after=None
[2023-08-28T00:20:23.255+0000] {processor.py:179} INFO - Processing /home/airflow/.local/lib/python3.8/site-packages/airflow/example_dags/example_kubernetes_executor.py took 0.453 seconds
[2023-08-28T00:20:53.932+0000] {processor.py:157} INFO - Started process (PID=1352) to work on /home/airflow/.local/lib/python3.8/site-packages/airflow/example_dags/example_kubernetes_executor.py
[2023-08-28T00:20:53.934+0000] {processor.py:829} INFO - Processing file /home/airflow/.local/lib/python3.8/site-packages/airflow/example_dags/example_kubernetes_executor.py for tasks to queue
[2023-08-28T00:20:53.938+0000] {logging_mixin.py:151} INFO - [2023-08-28T00:20:53.938+0000] {dagbag.py:539} INFO - Filling up the DagBag from /home/airflow/.local/lib/python3.8/site-packages/airflow/example_dags/example_kubernetes_executor.py
[2023-08-28T00:20:54.289+0000] {processor.py:839} INFO - DAG(s) dict_keys(['example_kubernetes_executor']) retrieved from /home/airflow/.local/lib/python3.8/site-packages/airflow/example_dags/example_kubernetes_executor.py
[2023-08-28T00:20:54.393+0000] {logging_mixin.py:151} INFO - [2023-08-28T00:20:54.392+0000] {dag.py:2907} INFO - Sync 1 DAGs
[2023-08-28T00:20:54.415+0000] {logging_mixin.py:151} INFO - [2023-08-28T00:20:54.415+0000] {dag.py:3677} INFO - Setting next_dagrun for example_kubernetes_executor to None, run_after=None
[2023-08-28T00:20:54.471+0000] {processor.py:179} INFO - Processing /home/airflow/.local/lib/python3.8/site-packages/airflow/example_dags/example_kubernetes_executor.py took 0.544 seconds
[2023-08-28T00:21:24.941+0000] {processor.py:157} INFO - Started process (PID=1407) to work on /home/airflow/.local/lib/python3.8/site-packages/airflow/example_dags/example_kubernetes_executor.py
[2023-08-28T00:21:24.946+0000] {processor.py:829} INFO - Processing file /home/airflow/.local/lib/python3.8/site-packages/airflow/example_dags/example_kubernetes_executor.py for tasks to queue
[2023-08-28T00:21:24.960+0000] {logging_mixin.py:151} INFO - [2023-08-28T00:21:24.955+0000] {dagbag.py:539} INFO - Filling up the DagBag from /home/airflow/.local/lib/python3.8/site-packages/airflow/example_dags/example_kubernetes_executor.py
[2023-08-28T00:21:25.484+0000] {processor.py:839} INFO - DAG(s) dict_keys(['example_kubernetes_executor']) retrieved from /home/airflow/.local/lib/python3.8/site-packages/airflow/example_dags/example_kubernetes_executor.py
[2023-08-28T00:21:25.628+0000] {logging_mixin.py:151} INFO - [2023-08-28T00:21:25.627+0000] {dag.py:2907} INFO - Sync 1 DAGs
[2023-08-28T00:21:25.656+0000] {logging_mixin.py:151} INFO - [2023-08-28T00:21:25.655+0000] {dag.py:3677} INFO - Setting next_dagrun for example_kubernetes_executor to None, run_after=None
[2023-08-28T00:21:25.694+0000] {processor.py:179} INFO - Processing /home/airflow/.local/lib/python3.8/site-packages/airflow/example_dags/example_kubernetes_executor.py took 0.775 seconds
[2023-08-28T00:21:56.172+0000] {processor.py:157} INFO - Started process (PID=1462) to work on /home/airflow/.local/lib/python3.8/site-packages/airflow/example_dags/example_kubernetes_executor.py
[2023-08-28T00:21:56.175+0000] {processor.py:829} INFO - Processing file /home/airflow/.local/lib/python3.8/site-packages/airflow/example_dags/example_kubernetes_executor.py for tasks to queue
[2023-08-28T00:21:56.178+0000] {logging_mixin.py:151} INFO - [2023-08-28T00:21:56.177+0000] {dagbag.py:539} INFO - Filling up the DagBag from /home/airflow/.local/lib/python3.8/site-packages/airflow/example_dags/example_kubernetes_executor.py
[2023-08-28T00:21:56.510+0000] {processor.py:839} INFO - DAG(s) dict_keys(['example_kubernetes_executor']) retrieved from /home/airflow/.local/lib/python3.8/site-packages/airflow/example_dags/example_kubernetes_executor.py
[2023-08-28T00:21:56.637+0000] {logging_mixin.py:151} INFO - [2023-08-28T00:21:56.636+0000] {dag.py:2907} INFO - Sync 1 DAGs
[2023-08-28T00:21:56.664+0000] {logging_mixin.py:151} INFO - [2023-08-28T00:21:56.663+0000] {dag.py:3677} INFO - Setting next_dagrun for example_kubernetes_executor to None, run_after=None
[2023-08-28T00:21:56.695+0000] {processor.py:179} INFO - Processing /home/airflow/.local/lib/python3.8/site-packages/airflow/example_dags/example_kubernetes_executor.py took 0.527 seconds
