[2023-08-28T00:02:05.280+0000] {processor.py:157} INFO - Started process (PID=65) to work on /home/airflow/.local/lib/python3.8/site-packages/airflow/example_dags/example_trigger_controller_dag.py
[2023-08-28T00:02:05.286+0000] {processor.py:829} INFO - Processing file /home/airflow/.local/lib/python3.8/site-packages/airflow/example_dags/example_trigger_controller_dag.py for tasks to queue
[2023-08-28T00:02:05.290+0000] {logging_mixin.py:151} INFO - [2023-08-28T00:02:05.289+0000] {dagbag.py:539} INFO - Filling up the DagBag from /home/airflow/.local/lib/python3.8/site-packages/airflow/example_dags/example_trigger_controller_dag.py
[2023-08-28T00:02:05.314+0000] {processor.py:839} INFO - DAG(s) dict_keys(['example_trigger_controller_dag']) retrieved from /home/airflow/.local/lib/python3.8/site-packages/airflow/example_dags/example_trigger_controller_dag.py
[2023-08-28T00:02:05.599+0000] {logging_mixin.py:151} INFO - [2023-08-28T00:02:05.598+0000] {manager.py:501} INFO - Created Permission View: can edit on DAG:example_trigger_controller_dag
[2023-08-28T00:02:05.609+0000] {logging_mixin.py:151} INFO - [2023-08-28T00:02:05.609+0000] {manager.py:501} INFO - Created Permission View: can delete on DAG:example_trigger_controller_dag
[2023-08-28T00:02:05.616+0000] {logging_mixin.py:151} INFO - [2023-08-28T00:02:05.615+0000] {manager.py:501} INFO - Created Permission View: can read on DAG:example_trigger_controller_dag
[2023-08-28T00:02:05.635+0000] {logging_mixin.py:151} INFO - [2023-08-28T00:02:05.634+0000] {dag.py:2907} INFO - Sync 1 DAGs
[2023-08-28T00:02:05.645+0000] {logging_mixin.py:151} INFO - [2023-08-28T00:02:05.645+0000] {dag.py:2929} INFO - Creating ORM DAG for example_trigger_controller_dag
[2023-08-28T00:02:05.664+0000] {logging_mixin.py:151} INFO - [2023-08-28T00:02:05.664+0000] {dag.py:3677} INFO - Setting next_dagrun for example_trigger_controller_dag to 2021-01-01T00:00:00+00:00, run_after=2021-01-01T00:00:00+00:00
[2023-08-28T00:02:05.684+0000] {processor.py:179} INFO - Processing /home/airflow/.local/lib/python3.8/site-packages/airflow/example_dags/example_trigger_controller_dag.py took 0.409 seconds
[2023-08-28T00:02:36.190+0000] {processor.py:157} INFO - Started process (PID=120) to work on /home/airflow/.local/lib/python3.8/site-packages/airflow/example_dags/example_trigger_controller_dag.py
[2023-08-28T00:02:36.193+0000] {processor.py:829} INFO - Processing file /home/airflow/.local/lib/python3.8/site-packages/airflow/example_dags/example_trigger_controller_dag.py for tasks to queue
[2023-08-28T00:02:36.197+0000] {logging_mixin.py:151} INFO - [2023-08-28T00:02:36.196+0000] {dagbag.py:539} INFO - Filling up the DagBag from /home/airflow/.local/lib/python3.8/site-packages/airflow/example_dags/example_trigger_controller_dag.py
[2023-08-28T00:02:36.207+0000] {processor.py:839} INFO - DAG(s) dict_keys(['example_trigger_controller_dag']) retrieved from /home/airflow/.local/lib/python3.8/site-packages/airflow/example_dags/example_trigger_controller_dag.py
[2023-08-28T00:02:36.409+0000] {logging_mixin.py:151} INFO - [2023-08-28T00:02:36.409+0000] {dag.py:2907} INFO - Sync 1 DAGs
[2023-08-28T00:02:36.445+0000] {logging_mixin.py:151} INFO - [2023-08-28T00:02:36.445+0000] {dag.py:3677} INFO - Setting next_dagrun for example_trigger_controller_dag to 2021-01-01T00:00:00+00:00, run_after=2021-01-01T00:00:00+00:00
[2023-08-28T00:02:36.478+0000] {processor.py:179} INFO - Processing /home/airflow/.local/lib/python3.8/site-packages/airflow/example_dags/example_trigger_controller_dag.py took 0.291 seconds
[2023-08-28T00:03:07.041+0000] {processor.py:157} INFO - Started process (PID=175) to work on /home/airflow/.local/lib/python3.8/site-packages/airflow/example_dags/example_trigger_controller_dag.py
[2023-08-28T00:03:07.043+0000] {processor.py:829} INFO - Processing file /home/airflow/.local/lib/python3.8/site-packages/airflow/example_dags/example_trigger_controller_dag.py for tasks to queue
[2023-08-28T00:03:07.047+0000] {logging_mixin.py:151} INFO - [2023-08-28T00:03:07.047+0000] {dagbag.py:539} INFO - Filling up the DagBag from /home/airflow/.local/lib/python3.8/site-packages/airflow/example_dags/example_trigger_controller_dag.py
[2023-08-28T00:03:07.060+0000] {processor.py:839} INFO - DAG(s) dict_keys(['example_trigger_controller_dag']) retrieved from /home/airflow/.local/lib/python3.8/site-packages/airflow/example_dags/example_trigger_controller_dag.py
[2023-08-28T00:03:07.163+0000] {logging_mixin.py:151} INFO - [2023-08-28T00:03:07.163+0000] {dag.py:2907} INFO - Sync 1 DAGs
[2023-08-28T00:03:07.210+0000] {logging_mixin.py:151} INFO - [2023-08-28T00:03:07.209+0000] {dag.py:3677} INFO - Setting next_dagrun for example_trigger_controller_dag to 2021-01-01T00:00:00+00:00, run_after=2021-01-01T00:00:00+00:00
[2023-08-28T00:03:07.236+0000] {processor.py:179} INFO - Processing /home/airflow/.local/lib/python3.8/site-packages/airflow/example_dags/example_trigger_controller_dag.py took 0.200 seconds
[2023-08-28T00:03:37.423+0000] {processor.py:157} INFO - Started process (PID=229) to work on /home/airflow/.local/lib/python3.8/site-packages/airflow/example_dags/example_trigger_controller_dag.py
[2023-08-28T00:03:37.425+0000] {processor.py:829} INFO - Processing file /home/airflow/.local/lib/python3.8/site-packages/airflow/example_dags/example_trigger_controller_dag.py for tasks to queue
[2023-08-28T00:03:37.429+0000] {logging_mixin.py:151} INFO - [2023-08-28T00:03:37.429+0000] {dagbag.py:539} INFO - Filling up the DagBag from /home/airflow/.local/lib/python3.8/site-packages/airflow/example_dags/example_trigger_controller_dag.py
[2023-08-28T00:03:37.439+0000] {processor.py:839} INFO - DAG(s) dict_keys(['example_trigger_controller_dag']) retrieved from /home/airflow/.local/lib/python3.8/site-packages/airflow/example_dags/example_trigger_controller_dag.py
[2023-08-28T00:03:37.528+0000] {logging_mixin.py:151} INFO - [2023-08-28T00:03:37.527+0000] {dag.py:2907} INFO - Sync 1 DAGs
[2023-08-28T00:03:37.595+0000] {logging_mixin.py:151} INFO - [2023-08-28T00:03:37.594+0000] {dag.py:3677} INFO - Setting next_dagrun for example_trigger_controller_dag to 2021-01-01T00:00:00+00:00, run_after=2021-01-01T00:00:00+00:00
[2023-08-28T00:03:37.649+0000] {processor.py:179} INFO - Processing /home/airflow/.local/lib/python3.8/site-packages/airflow/example_dags/example_trigger_controller_dag.py took 0.232 seconds
[2023-08-28T00:04:08.073+0000] {processor.py:157} INFO - Started process (PID=284) to work on /home/airflow/.local/lib/python3.8/site-packages/airflow/example_dags/example_trigger_controller_dag.py
[2023-08-28T00:04:08.074+0000] {processor.py:829} INFO - Processing file /home/airflow/.local/lib/python3.8/site-packages/airflow/example_dags/example_trigger_controller_dag.py for tasks to queue
[2023-08-28T00:04:08.076+0000] {logging_mixin.py:151} INFO - [2023-08-28T00:04:08.076+0000] {dagbag.py:539} INFO - Filling up the DagBag from /home/airflow/.local/lib/python3.8/site-packages/airflow/example_dags/example_trigger_controller_dag.py
[2023-08-28T00:04:08.083+0000] {processor.py:839} INFO - DAG(s) dict_keys(['example_trigger_controller_dag']) retrieved from /home/airflow/.local/lib/python3.8/site-packages/airflow/example_dags/example_trigger_controller_dag.py
[2023-08-28T00:04:08.154+0000] {logging_mixin.py:151} INFO - [2023-08-28T00:04:08.154+0000] {dag.py:2907} INFO - Sync 1 DAGs
[2023-08-28T00:04:08.188+0000] {logging_mixin.py:151} INFO - [2023-08-28T00:04:08.187+0000] {dag.py:3677} INFO - Setting next_dagrun for example_trigger_controller_dag to 2021-01-01T00:00:00+00:00, run_after=2021-01-01T00:00:00+00:00
[2023-08-28T00:04:08.211+0000] {processor.py:179} INFO - Processing /home/airflow/.local/lib/python3.8/site-packages/airflow/example_dags/example_trigger_controller_dag.py took 0.140 seconds
[2023-08-28T00:04:38.561+0000] {processor.py:157} INFO - Started process (PID=339) to work on /home/airflow/.local/lib/python3.8/site-packages/airflow/example_dags/example_trigger_controller_dag.py
[2023-08-28T00:04:38.564+0000] {processor.py:829} INFO - Processing file /home/airflow/.local/lib/python3.8/site-packages/airflow/example_dags/example_trigger_controller_dag.py for tasks to queue
[2023-08-28T00:04:38.570+0000] {logging_mixin.py:151} INFO - [2023-08-28T00:04:38.570+0000] {dagbag.py:539} INFO - Filling up the DagBag from /home/airflow/.local/lib/python3.8/site-packages/airflow/example_dags/example_trigger_controller_dag.py
[2023-08-28T00:04:38.579+0000] {processor.py:839} INFO - DAG(s) dict_keys(['example_trigger_controller_dag']) retrieved from /home/airflow/.local/lib/python3.8/site-packages/airflow/example_dags/example_trigger_controller_dag.py
[2023-08-28T00:04:38.662+0000] {logging_mixin.py:151} INFO - [2023-08-28T00:04:38.662+0000] {dag.py:2907} INFO - Sync 1 DAGs
[2023-08-28T00:04:38.699+0000] {logging_mixin.py:151} INFO - [2023-08-28T00:04:38.699+0000] {dag.py:3677} INFO - Setting next_dagrun for example_trigger_controller_dag to 2021-01-01T00:00:00+00:00, run_after=2021-01-01T00:00:00+00:00
[2023-08-28T00:04:38.729+0000] {processor.py:179} INFO - Processing /home/airflow/.local/lib/python3.8/site-packages/airflow/example_dags/example_trigger_controller_dag.py took 0.174 seconds
[2023-08-28T00:05:08.841+0000] {processor.py:157} INFO - Started process (PID=394) to work on /home/airflow/.local/lib/python3.8/site-packages/airflow/example_dags/example_trigger_controller_dag.py
[2023-08-28T00:05:08.844+0000] {processor.py:829} INFO - Processing file /home/airflow/.local/lib/python3.8/site-packages/airflow/example_dags/example_trigger_controller_dag.py for tasks to queue
[2023-08-28T00:05:08.850+0000] {logging_mixin.py:151} INFO - [2023-08-28T00:05:08.850+0000] {dagbag.py:539} INFO - Filling up the DagBag from /home/airflow/.local/lib/python3.8/site-packages/airflow/example_dags/example_trigger_controller_dag.py
[2023-08-28T00:05:08.859+0000] {processor.py:839} INFO - DAG(s) dict_keys(['example_trigger_controller_dag']) retrieved from /home/airflow/.local/lib/python3.8/site-packages/airflow/example_dags/example_trigger_controller_dag.py
[2023-08-28T00:05:08.946+0000] {logging_mixin.py:151} INFO - [2023-08-28T00:05:08.945+0000] {dag.py:2907} INFO - Sync 1 DAGs
[2023-08-28T00:05:08.985+0000] {logging_mixin.py:151} INFO - [2023-08-28T00:05:08.985+0000] {dag.py:3677} INFO - Setting next_dagrun for example_trigger_controller_dag to 2021-01-01T00:00:00+00:00, run_after=2021-01-01T00:00:00+00:00
[2023-08-28T00:05:09.018+0000] {processor.py:179} INFO - Processing /home/airflow/.local/lib/python3.8/site-packages/airflow/example_dags/example_trigger_controller_dag.py took 0.181 seconds
[2023-08-28T00:08:52.466+0000] {processor.py:157} INFO - Started process (PID=73) to work on /home/airflow/.local/lib/python3.8/site-packages/airflow/example_dags/example_trigger_controller_dag.py
[2023-08-28T00:08:52.468+0000] {processor.py:829} INFO - Processing file /home/airflow/.local/lib/python3.8/site-packages/airflow/example_dags/example_trigger_controller_dag.py for tasks to queue
[2023-08-28T00:08:52.471+0000] {logging_mixin.py:151} INFO - [2023-08-28T00:08:52.470+0000] {dagbag.py:539} INFO - Filling up the DagBag from /home/airflow/.local/lib/python3.8/site-packages/airflow/example_dags/example_trigger_controller_dag.py
[2023-08-28T00:08:52.482+0000] {processor.py:839} INFO - DAG(s) dict_keys(['example_trigger_controller_dag']) retrieved from /home/airflow/.local/lib/python3.8/site-packages/airflow/example_dags/example_trigger_controller_dag.py
[2023-08-28T00:08:52.608+0000] {logging_mixin.py:151} INFO - [2023-08-28T00:08:52.607+0000] {dag.py:2907} INFO - Sync 1 DAGs
[2023-08-28T00:08:52.701+0000] {logging_mixin.py:151} INFO - [2023-08-28T00:08:52.700+0000] {dag.py:3677} INFO - Setting next_dagrun for example_trigger_controller_dag to 2021-01-01T00:00:00+00:00, run_after=2021-01-01T00:00:00+00:00
[2023-08-28T00:08:52.979+0000] {processor.py:179} INFO - Processing /home/airflow/.local/lib/python3.8/site-packages/airflow/example_dags/example_trigger_controller_dag.py took 0.516 seconds
[2023-08-28T00:09:27.196+0000] {processor.py:157} INFO - Started process (PID=128) to work on /home/airflow/.local/lib/python3.8/site-packages/airflow/example_dags/example_trigger_controller_dag.py
[2023-08-28T00:09:27.203+0000] {processor.py:829} INFO - Processing file /home/airflow/.local/lib/python3.8/site-packages/airflow/example_dags/example_trigger_controller_dag.py for tasks to queue
[2023-08-28T00:09:27.436+0000] {logging_mixin.py:151} INFO - [2023-08-28T00:09:27.436+0000] {dagbag.py:539} INFO - Filling up the DagBag from /home/airflow/.local/lib/python3.8/site-packages/airflow/example_dags/example_trigger_controller_dag.py
[2023-08-28T00:09:27.447+0000] {processor.py:839} INFO - DAG(s) dict_keys(['example_trigger_controller_dag']) retrieved from /home/airflow/.local/lib/python3.8/site-packages/airflow/example_dags/example_trigger_controller_dag.py
[2023-08-28T00:09:27.600+0000] {logging_mixin.py:151} INFO - [2023-08-28T00:09:27.600+0000] {dag.py:2907} INFO - Sync 1 DAGs
[2023-08-28T00:09:27.650+0000] {logging_mixin.py:151} INFO - [2023-08-28T00:09:27.649+0000] {dag.py:3677} INFO - Setting next_dagrun for example_trigger_controller_dag to 2021-01-01T00:00:00+00:00, run_after=2021-01-01T00:00:00+00:00
[2023-08-28T00:09:27.747+0000] {processor.py:179} INFO - Processing /home/airflow/.local/lib/python3.8/site-packages/airflow/example_dags/example_trigger_controller_dag.py took 0.563 seconds
[2023-08-28T00:09:58.769+0000] {processor.py:157} INFO - Started process (PID=183) to work on /home/airflow/.local/lib/python3.8/site-packages/airflow/example_dags/example_trigger_controller_dag.py
[2023-08-28T00:09:58.771+0000] {processor.py:829} INFO - Processing file /home/airflow/.local/lib/python3.8/site-packages/airflow/example_dags/example_trigger_controller_dag.py for tasks to queue
[2023-08-28T00:09:58.783+0000] {logging_mixin.py:151} INFO - [2023-08-28T00:09:58.781+0000] {dagbag.py:539} INFO - Filling up the DagBag from /home/airflow/.local/lib/python3.8/site-packages/airflow/example_dags/example_trigger_controller_dag.py
[2023-08-28T00:09:58.794+0000] {processor.py:839} INFO - DAG(s) dict_keys(['example_trigger_controller_dag']) retrieved from /home/airflow/.local/lib/python3.8/site-packages/airflow/example_dags/example_trigger_controller_dag.py
[2023-08-28T00:09:58.908+0000] {logging_mixin.py:151} INFO - [2023-08-28T00:09:58.907+0000] {dag.py:2907} INFO - Sync 1 DAGs
[2023-08-28T00:09:58.968+0000] {logging_mixin.py:151} INFO - [2023-08-28T00:09:58.967+0000] {dag.py:3677} INFO - Setting next_dagrun for example_trigger_controller_dag to 2021-01-01T00:00:00+00:00, run_after=2021-01-01T00:00:00+00:00
[2023-08-28T00:09:59.028+0000] {processor.py:179} INFO - Processing /home/airflow/.local/lib/python3.8/site-packages/airflow/example_dags/example_trigger_controller_dag.py took 0.270 seconds
[2023-08-28T00:10:29.116+0000] {processor.py:157} INFO - Started process (PID=238) to work on /home/airflow/.local/lib/python3.8/site-packages/airflow/example_dags/example_trigger_controller_dag.py
[2023-08-28T00:10:29.119+0000] {processor.py:829} INFO - Processing file /home/airflow/.local/lib/python3.8/site-packages/airflow/example_dags/example_trigger_controller_dag.py for tasks to queue
[2023-08-28T00:10:29.123+0000] {logging_mixin.py:151} INFO - [2023-08-28T00:10:29.123+0000] {dagbag.py:539} INFO - Filling up the DagBag from /home/airflow/.local/lib/python3.8/site-packages/airflow/example_dags/example_trigger_controller_dag.py
[2023-08-28T00:10:29.135+0000] {processor.py:839} INFO - DAG(s) dict_keys(['example_trigger_controller_dag']) retrieved from /home/airflow/.local/lib/python3.8/site-packages/airflow/example_dags/example_trigger_controller_dag.py
[2023-08-28T00:10:29.223+0000] {logging_mixin.py:151} INFO - [2023-08-28T00:10:29.223+0000] {dag.py:2907} INFO - Sync 1 DAGs
[2023-08-28T00:10:29.262+0000] {logging_mixin.py:151} INFO - [2023-08-28T00:10:29.261+0000] {dag.py:3677} INFO - Setting next_dagrun for example_trigger_controller_dag to 2021-01-01T00:00:00+00:00, run_after=2021-01-01T00:00:00+00:00
[2023-08-28T00:10:29.291+0000] {processor.py:179} INFO - Processing /home/airflow/.local/lib/python3.8/site-packages/airflow/example_dags/example_trigger_controller_dag.py took 0.180 seconds
[2023-08-28T00:10:59.437+0000] {processor.py:157} INFO - Started process (PID=293) to work on /home/airflow/.local/lib/python3.8/site-packages/airflow/example_dags/example_trigger_controller_dag.py
[2023-08-28T00:10:59.439+0000] {processor.py:829} INFO - Processing file /home/airflow/.local/lib/python3.8/site-packages/airflow/example_dags/example_trigger_controller_dag.py for tasks to queue
[2023-08-28T00:10:59.444+0000] {logging_mixin.py:151} INFO - [2023-08-28T00:10:59.443+0000] {dagbag.py:539} INFO - Filling up the DagBag from /home/airflow/.local/lib/python3.8/site-packages/airflow/example_dags/example_trigger_controller_dag.py
[2023-08-28T00:10:59.454+0000] {processor.py:839} INFO - DAG(s) dict_keys(['example_trigger_controller_dag']) retrieved from /home/airflow/.local/lib/python3.8/site-packages/airflow/example_dags/example_trigger_controller_dag.py
[2023-08-28T00:10:59.535+0000] {logging_mixin.py:151} INFO - [2023-08-28T00:10:59.535+0000] {dag.py:2907} INFO - Sync 1 DAGs
[2023-08-28T00:10:59.571+0000] {logging_mixin.py:151} INFO - [2023-08-28T00:10:59.570+0000] {dag.py:3677} INFO - Setting next_dagrun for example_trigger_controller_dag to 2021-01-01T00:00:00+00:00, run_after=2021-01-01T00:00:00+00:00
[2023-08-28T00:10:59.595+0000] {processor.py:179} INFO - Processing /home/airflow/.local/lib/python3.8/site-packages/airflow/example_dags/example_trigger_controller_dag.py took 0.163 seconds
[2023-08-28T00:11:29.914+0000] {processor.py:157} INFO - Started process (PID=347) to work on /home/airflow/.local/lib/python3.8/site-packages/airflow/example_dags/example_trigger_controller_dag.py
[2023-08-28T00:11:29.916+0000] {processor.py:829} INFO - Processing file /home/airflow/.local/lib/python3.8/site-packages/airflow/example_dags/example_trigger_controller_dag.py for tasks to queue
[2023-08-28T00:11:29.920+0000] {logging_mixin.py:151} INFO - [2023-08-28T00:11:29.919+0000] {dagbag.py:539} INFO - Filling up the DagBag from /home/airflow/.local/lib/python3.8/site-packages/airflow/example_dags/example_trigger_controller_dag.py
[2023-08-28T00:11:29.928+0000] {processor.py:839} INFO - DAG(s) dict_keys(['example_trigger_controller_dag']) retrieved from /home/airflow/.local/lib/python3.8/site-packages/airflow/example_dags/example_trigger_controller_dag.py
[2023-08-28T00:11:30.007+0000] {logging_mixin.py:151} INFO - [2023-08-28T00:11:30.007+0000] {dag.py:2907} INFO - Sync 1 DAGs
[2023-08-28T00:11:30.042+0000] {logging_mixin.py:151} INFO - [2023-08-28T00:11:30.042+0000] {dag.py:3677} INFO - Setting next_dagrun for example_trigger_controller_dag to 2021-01-01T00:00:00+00:00, run_after=2021-01-01T00:00:00+00:00
[2023-08-28T00:11:30.066+0000] {processor.py:179} INFO - Processing /home/airflow/.local/lib/python3.8/site-packages/airflow/example_dags/example_trigger_controller_dag.py took 0.157 seconds
[2023-08-28T00:12:00.133+0000] {processor.py:157} INFO - Started process (PID=401) to work on /home/airflow/.local/lib/python3.8/site-packages/airflow/example_dags/example_trigger_controller_dag.py
[2023-08-28T00:12:00.137+0000] {processor.py:829} INFO - Processing file /home/airflow/.local/lib/python3.8/site-packages/airflow/example_dags/example_trigger_controller_dag.py for tasks to queue
[2023-08-28T00:12:00.143+0000] {logging_mixin.py:151} INFO - [2023-08-28T00:12:00.142+0000] {dagbag.py:539} INFO - Filling up the DagBag from /home/airflow/.local/lib/python3.8/site-packages/airflow/example_dags/example_trigger_controller_dag.py
[2023-08-28T00:12:00.156+0000] {processor.py:839} INFO - DAG(s) dict_keys(['example_trigger_controller_dag']) retrieved from /home/airflow/.local/lib/python3.8/site-packages/airflow/example_dags/example_trigger_controller_dag.py
[2023-08-28T00:12:00.241+0000] {logging_mixin.py:151} INFO - [2023-08-28T00:12:00.241+0000] {dag.py:2907} INFO - Sync 1 DAGs
[2023-08-28T00:12:00.283+0000] {logging_mixin.py:151} INFO - [2023-08-28T00:12:00.282+0000] {dag.py:3677} INFO - Setting next_dagrun for example_trigger_controller_dag to 2021-01-01T00:00:00+00:00, run_after=2021-01-01T00:00:00+00:00
[2023-08-28T00:12:00.312+0000] {processor.py:179} INFO - Processing /home/airflow/.local/lib/python3.8/site-packages/airflow/example_dags/example_trigger_controller_dag.py took 0.187 seconds
[2023-08-28T00:12:30.799+0000] {processor.py:157} INFO - Started process (PID=456) to work on /home/airflow/.local/lib/python3.8/site-packages/airflow/example_dags/example_trigger_controller_dag.py
[2023-08-28T00:12:30.801+0000] {processor.py:829} INFO - Processing file /home/airflow/.local/lib/python3.8/site-packages/airflow/example_dags/example_trigger_controller_dag.py for tasks to queue
[2023-08-28T00:12:30.805+0000] {logging_mixin.py:151} INFO - [2023-08-28T00:12:30.805+0000] {dagbag.py:539} INFO - Filling up the DagBag from /home/airflow/.local/lib/python3.8/site-packages/airflow/example_dags/example_trigger_controller_dag.py
[2023-08-28T00:12:30.817+0000] {processor.py:839} INFO - DAG(s) dict_keys(['example_trigger_controller_dag']) retrieved from /home/airflow/.local/lib/python3.8/site-packages/airflow/example_dags/example_trigger_controller_dag.py
[2023-08-28T00:12:30.905+0000] {logging_mixin.py:151} INFO - [2023-08-28T00:12:30.904+0000] {dag.py:2907} INFO - Sync 1 DAGs
[2023-08-28T00:12:30.953+0000] {logging_mixin.py:151} INFO - [2023-08-28T00:12:30.953+0000] {dag.py:3677} INFO - Setting next_dagrun for example_trigger_controller_dag to 2021-01-01T00:00:00+00:00, run_after=2021-01-01T00:00:00+00:00
[2023-08-28T00:12:30.988+0000] {processor.py:179} INFO - Processing /home/airflow/.local/lib/python3.8/site-packages/airflow/example_dags/example_trigger_controller_dag.py took 0.194 seconds
[2023-08-28T00:13:01.300+0000] {processor.py:157} INFO - Started process (PID=511) to work on /home/airflow/.local/lib/python3.8/site-packages/airflow/example_dags/example_trigger_controller_dag.py
[2023-08-28T00:13:01.304+0000] {processor.py:829} INFO - Processing file /home/airflow/.local/lib/python3.8/site-packages/airflow/example_dags/example_trigger_controller_dag.py for tasks to queue
[2023-08-28T00:13:01.310+0000] {logging_mixin.py:151} INFO - [2023-08-28T00:13:01.309+0000] {dagbag.py:539} INFO - Filling up the DagBag from /home/airflow/.local/lib/python3.8/site-packages/airflow/example_dags/example_trigger_controller_dag.py
[2023-08-28T00:13:01.323+0000] {processor.py:839} INFO - DAG(s) dict_keys(['example_trigger_controller_dag']) retrieved from /home/airflow/.local/lib/python3.8/site-packages/airflow/example_dags/example_trigger_controller_dag.py
[2023-08-28T00:13:01.473+0000] {logging_mixin.py:151} INFO - [2023-08-28T00:13:01.473+0000] {dag.py:2907} INFO - Sync 1 DAGs
[2023-08-28T00:13:01.520+0000] {logging_mixin.py:151} INFO - [2023-08-28T00:13:01.519+0000] {dag.py:3677} INFO - Setting next_dagrun for example_trigger_controller_dag to 2021-01-01T00:00:00+00:00, run_after=2021-01-01T00:00:00+00:00
[2023-08-28T00:13:01.573+0000] {processor.py:179} INFO - Processing /home/airflow/.local/lib/python3.8/site-packages/airflow/example_dags/example_trigger_controller_dag.py took 0.278 seconds
[2023-08-28T00:13:32.137+0000] {processor.py:157} INFO - Started process (PID=565) to work on /home/airflow/.local/lib/python3.8/site-packages/airflow/example_dags/example_trigger_controller_dag.py
[2023-08-28T00:13:32.139+0000] {processor.py:829} INFO - Processing file /home/airflow/.local/lib/python3.8/site-packages/airflow/example_dags/example_trigger_controller_dag.py for tasks to queue
[2023-08-28T00:13:32.143+0000] {logging_mixin.py:151} INFO - [2023-08-28T00:13:32.143+0000] {dagbag.py:539} INFO - Filling up the DagBag from /home/airflow/.local/lib/python3.8/site-packages/airflow/example_dags/example_trigger_controller_dag.py
[2023-08-28T00:13:32.155+0000] {processor.py:839} INFO - DAG(s) dict_keys(['example_trigger_controller_dag']) retrieved from /home/airflow/.local/lib/python3.8/site-packages/airflow/example_dags/example_trigger_controller_dag.py
[2023-08-28T00:13:32.242+0000] {logging_mixin.py:151} INFO - [2023-08-28T00:13:32.241+0000] {dag.py:2907} INFO - Sync 1 DAGs
[2023-08-28T00:13:32.280+0000] {logging_mixin.py:151} INFO - [2023-08-28T00:13:32.280+0000] {dag.py:3677} INFO - Setting next_dagrun for example_trigger_controller_dag to 2021-01-01T00:00:00+00:00, run_after=2021-01-01T00:00:00+00:00
[2023-08-28T00:13:32.310+0000] {processor.py:179} INFO - Processing /home/airflow/.local/lib/python3.8/site-packages/airflow/example_dags/example_trigger_controller_dag.py took 0.178 seconds
[2023-08-28T00:14:02.766+0000] {processor.py:157} INFO - Started process (PID=620) to work on /home/airflow/.local/lib/python3.8/site-packages/airflow/example_dags/example_trigger_controller_dag.py
[2023-08-28T00:14:02.768+0000] {processor.py:829} INFO - Processing file /home/airflow/.local/lib/python3.8/site-packages/airflow/example_dags/example_trigger_controller_dag.py for tasks to queue
[2023-08-28T00:14:02.773+0000] {logging_mixin.py:151} INFO - [2023-08-28T00:14:02.773+0000] {dagbag.py:539} INFO - Filling up the DagBag from /home/airflow/.local/lib/python3.8/site-packages/airflow/example_dags/example_trigger_controller_dag.py
[2023-08-28T00:14:02.784+0000] {processor.py:839} INFO - DAG(s) dict_keys(['example_trigger_controller_dag']) retrieved from /home/airflow/.local/lib/python3.8/site-packages/airflow/example_dags/example_trigger_controller_dag.py
[2023-08-28T00:14:02.883+0000] {logging_mixin.py:151} INFO - [2023-08-28T00:14:02.883+0000] {dag.py:2907} INFO - Sync 1 DAGs
[2023-08-28T00:14:02.936+0000] {logging_mixin.py:151} INFO - [2023-08-28T00:14:02.935+0000] {dag.py:3677} INFO - Setting next_dagrun for example_trigger_controller_dag to 2021-01-01T00:00:00+00:00, run_after=2021-01-01T00:00:00+00:00
[2023-08-28T00:14:02.972+0000] {processor.py:179} INFO - Processing /home/airflow/.local/lib/python3.8/site-packages/airflow/example_dags/example_trigger_controller_dag.py took 0.210 seconds
[2023-08-28T00:14:33.091+0000] {processor.py:157} INFO - Started process (PID=675) to work on /home/airflow/.local/lib/python3.8/site-packages/airflow/example_dags/example_trigger_controller_dag.py
[2023-08-28T00:14:33.093+0000] {processor.py:829} INFO - Processing file /home/airflow/.local/lib/python3.8/site-packages/airflow/example_dags/example_trigger_controller_dag.py for tasks to queue
[2023-08-28T00:14:33.096+0000] {logging_mixin.py:151} INFO - [2023-08-28T00:14:33.096+0000] {dagbag.py:539} INFO - Filling up the DagBag from /home/airflow/.local/lib/python3.8/site-packages/airflow/example_dags/example_trigger_controller_dag.py
[2023-08-28T00:14:33.106+0000] {processor.py:839} INFO - DAG(s) dict_keys(['example_trigger_controller_dag']) retrieved from /home/airflow/.local/lib/python3.8/site-packages/airflow/example_dags/example_trigger_controller_dag.py
[2023-08-28T00:14:33.186+0000] {logging_mixin.py:151} INFO - [2023-08-28T00:14:33.185+0000] {dag.py:2907} INFO - Sync 1 DAGs
[2023-08-28T00:14:33.221+0000] {logging_mixin.py:151} INFO - [2023-08-28T00:14:33.221+0000] {dag.py:3677} INFO - Setting next_dagrun for example_trigger_controller_dag to 2021-01-01T00:00:00+00:00, run_after=2021-01-01T00:00:00+00:00
[2023-08-28T00:14:33.253+0000] {processor.py:179} INFO - Processing /home/airflow/.local/lib/python3.8/site-packages/airflow/example_dags/example_trigger_controller_dag.py took 0.166 seconds
[2023-08-28T00:15:04.108+0000] {processor.py:157} INFO - Started process (PID=730) to work on /home/airflow/.local/lib/python3.8/site-packages/airflow/example_dags/example_trigger_controller_dag.py
[2023-08-28T00:15:04.109+0000] {processor.py:829} INFO - Processing file /home/airflow/.local/lib/python3.8/site-packages/airflow/example_dags/example_trigger_controller_dag.py for tasks to queue
[2023-08-28T00:15:04.112+0000] {logging_mixin.py:151} INFO - [2023-08-28T00:15:04.112+0000] {dagbag.py:539} INFO - Filling up the DagBag from /home/airflow/.local/lib/python3.8/site-packages/airflow/example_dags/example_trigger_controller_dag.py
[2023-08-28T00:15:04.121+0000] {processor.py:839} INFO - DAG(s) dict_keys(['example_trigger_controller_dag']) retrieved from /home/airflow/.local/lib/python3.8/site-packages/airflow/example_dags/example_trigger_controller_dag.py
[2023-08-28T00:15:04.204+0000] {logging_mixin.py:151} INFO - [2023-08-28T00:15:04.204+0000] {dag.py:2907} INFO - Sync 1 DAGs
[2023-08-28T00:15:04.243+0000] {logging_mixin.py:151} INFO - [2023-08-28T00:15:04.243+0000] {dag.py:3677} INFO - Setting next_dagrun for example_trigger_controller_dag to 2021-01-01T00:00:00+00:00, run_after=2021-01-01T00:00:00+00:00
[2023-08-28T00:15:04.267+0000] {processor.py:179} INFO - Processing /home/airflow/.local/lib/python3.8/site-packages/airflow/example_dags/example_trigger_controller_dag.py took 0.162 seconds
[2023-08-28T00:15:34.916+0000] {processor.py:157} INFO - Started process (PID=785) to work on /home/airflow/.local/lib/python3.8/site-packages/airflow/example_dags/example_trigger_controller_dag.py
[2023-08-28T00:15:34.918+0000] {processor.py:829} INFO - Processing file /home/airflow/.local/lib/python3.8/site-packages/airflow/example_dags/example_trigger_controller_dag.py for tasks to queue
[2023-08-28T00:15:34.923+0000] {logging_mixin.py:151} INFO - [2023-08-28T00:15:34.922+0000] {dagbag.py:539} INFO - Filling up the DagBag from /home/airflow/.local/lib/python3.8/site-packages/airflow/example_dags/example_trigger_controller_dag.py
[2023-08-28T00:15:34.937+0000] {processor.py:839} INFO - DAG(s) dict_keys(['example_trigger_controller_dag']) retrieved from /home/airflow/.local/lib/python3.8/site-packages/airflow/example_dags/example_trigger_controller_dag.py
[2023-08-28T00:15:35.039+0000] {logging_mixin.py:151} INFO - [2023-08-28T00:15:35.038+0000] {dag.py:2907} INFO - Sync 1 DAGs
[2023-08-28T00:15:35.089+0000] {logging_mixin.py:151} INFO - [2023-08-28T00:15:35.089+0000] {dag.py:3677} INFO - Setting next_dagrun for example_trigger_controller_dag to 2021-01-01T00:00:00+00:00, run_after=2021-01-01T00:00:00+00:00
[2023-08-28T00:15:35.159+0000] {processor.py:179} INFO - Processing /home/airflow/.local/lib/python3.8/site-packages/airflow/example_dags/example_trigger_controller_dag.py took 0.253 seconds
[2023-08-28T00:16:05.617+0000] {processor.py:157} INFO - Started process (PID=840) to work on /home/airflow/.local/lib/python3.8/site-packages/airflow/example_dags/example_trigger_controller_dag.py
[2023-08-28T00:16:05.619+0000] {processor.py:829} INFO - Processing file /home/airflow/.local/lib/python3.8/site-packages/airflow/example_dags/example_trigger_controller_dag.py for tasks to queue
[2023-08-28T00:16:05.623+0000] {logging_mixin.py:151} INFO - [2023-08-28T00:16:05.622+0000] {dagbag.py:539} INFO - Filling up the DagBag from /home/airflow/.local/lib/python3.8/site-packages/airflow/example_dags/example_trigger_controller_dag.py
[2023-08-28T00:16:05.631+0000] {processor.py:839} INFO - DAG(s) dict_keys(['example_trigger_controller_dag']) retrieved from /home/airflow/.local/lib/python3.8/site-packages/airflow/example_dags/example_trigger_controller_dag.py
[2023-08-28T00:16:05.720+0000] {logging_mixin.py:151} INFO - [2023-08-28T00:16:05.720+0000] {dag.py:2907} INFO - Sync 1 DAGs
[2023-08-28T00:16:05.760+0000] {logging_mixin.py:151} INFO - [2023-08-28T00:16:05.759+0000] {dag.py:3677} INFO - Setting next_dagrun for example_trigger_controller_dag to 2021-01-01T00:00:00+00:00, run_after=2021-01-01T00:00:00+00:00
[2023-08-28T00:16:05.790+0000] {processor.py:179} INFO - Processing /home/airflow/.local/lib/python3.8/site-packages/airflow/example_dags/example_trigger_controller_dag.py took 0.177 seconds
[2023-08-28T00:16:36.263+0000] {processor.py:157} INFO - Started process (PID=895) to work on /home/airflow/.local/lib/python3.8/site-packages/airflow/example_dags/example_trigger_controller_dag.py
[2023-08-28T00:16:36.266+0000] {processor.py:829} INFO - Processing file /home/airflow/.local/lib/python3.8/site-packages/airflow/example_dags/example_trigger_controller_dag.py for tasks to queue
[2023-08-28T00:16:36.270+0000] {logging_mixin.py:151} INFO - [2023-08-28T00:16:36.270+0000] {dagbag.py:539} INFO - Filling up the DagBag from /home/airflow/.local/lib/python3.8/site-packages/airflow/example_dags/example_trigger_controller_dag.py
[2023-08-28T00:16:36.280+0000] {processor.py:839} INFO - DAG(s) dict_keys(['example_trigger_controller_dag']) retrieved from /home/airflow/.local/lib/python3.8/site-packages/airflow/example_dags/example_trigger_controller_dag.py
[2023-08-28T00:16:36.357+0000] {logging_mixin.py:151} INFO - [2023-08-28T00:16:36.357+0000] {dag.py:2907} INFO - Sync 1 DAGs
[2023-08-28T00:16:36.395+0000] {logging_mixin.py:151} INFO - [2023-08-28T00:16:36.395+0000] {dag.py:3677} INFO - Setting next_dagrun for example_trigger_controller_dag to 2021-01-01T00:00:00+00:00, run_after=2021-01-01T00:00:00+00:00
[2023-08-28T00:16:36.422+0000] {processor.py:179} INFO - Processing /home/airflow/.local/lib/python3.8/site-packages/airflow/example_dags/example_trigger_controller_dag.py took 0.163 seconds
[2023-08-28T00:17:06.492+0000] {processor.py:157} INFO - Started process (PID=950) to work on /home/airflow/.local/lib/python3.8/site-packages/airflow/example_dags/example_trigger_controller_dag.py
[2023-08-28T00:17:06.494+0000] {processor.py:829} INFO - Processing file /home/airflow/.local/lib/python3.8/site-packages/airflow/example_dags/example_trigger_controller_dag.py for tasks to queue
[2023-08-28T00:17:06.497+0000] {logging_mixin.py:151} INFO - [2023-08-28T00:17:06.496+0000] {dagbag.py:539} INFO - Filling up the DagBag from /home/airflow/.local/lib/python3.8/site-packages/airflow/example_dags/example_trigger_controller_dag.py
[2023-08-28T00:17:06.505+0000] {processor.py:839} INFO - DAG(s) dict_keys(['example_trigger_controller_dag']) retrieved from /home/airflow/.local/lib/python3.8/site-packages/airflow/example_dags/example_trigger_controller_dag.py
[2023-08-28T00:17:06.577+0000] {logging_mixin.py:151} INFO - [2023-08-28T00:17:06.577+0000] {dag.py:2907} INFO - Sync 1 DAGs
[2023-08-28T00:17:06.612+0000] {logging_mixin.py:151} INFO - [2023-08-28T00:17:06.612+0000] {dag.py:3677} INFO - Setting next_dagrun for example_trigger_controller_dag to 2021-01-01T00:00:00+00:00, run_after=2021-01-01T00:00:00+00:00
[2023-08-28T00:17:06.636+0000] {processor.py:179} INFO - Processing /home/airflow/.local/lib/python3.8/site-packages/airflow/example_dags/example_trigger_controller_dag.py took 0.148 seconds
[2023-08-28T00:17:36.893+0000] {processor.py:157} INFO - Started process (PID=1005) to work on /home/airflow/.local/lib/python3.8/site-packages/airflow/example_dags/example_trigger_controller_dag.py
[2023-08-28T00:17:36.896+0000] {processor.py:829} INFO - Processing file /home/airflow/.local/lib/python3.8/site-packages/airflow/example_dags/example_trigger_controller_dag.py for tasks to queue
[2023-08-28T00:17:36.901+0000] {logging_mixin.py:151} INFO - [2023-08-28T00:17:36.901+0000] {dagbag.py:539} INFO - Filling up the DagBag from /home/airflow/.local/lib/python3.8/site-packages/airflow/example_dags/example_trigger_controller_dag.py
[2023-08-28T00:17:36.926+0000] {processor.py:839} INFO - DAG(s) dict_keys(['example_trigger_controller_dag']) retrieved from /home/airflow/.local/lib/python3.8/site-packages/airflow/example_dags/example_trigger_controller_dag.py
[2023-08-28T00:17:37.153+0000] {logging_mixin.py:151} INFO - [2023-08-28T00:17:37.151+0000] {dag.py:2907} INFO - Sync 1 DAGs
[2023-08-28T00:17:37.315+0000] {logging_mixin.py:151} INFO - [2023-08-28T00:17:37.314+0000] {dag.py:3677} INFO - Setting next_dagrun for example_trigger_controller_dag to 2021-01-01T00:00:00+00:00, run_after=2021-01-01T00:00:00+00:00
[2023-08-28T00:17:37.378+0000] {processor.py:179} INFO - Processing /home/airflow/.local/lib/python3.8/site-packages/airflow/example_dags/example_trigger_controller_dag.py took 0.491 seconds
[2023-08-28T00:18:08.285+0000] {processor.py:157} INFO - Started process (PID=1060) to work on /home/airflow/.local/lib/python3.8/site-packages/airflow/example_dags/example_trigger_controller_dag.py
[2023-08-28T00:18:08.286+0000] {processor.py:829} INFO - Processing file /home/airflow/.local/lib/python3.8/site-packages/airflow/example_dags/example_trigger_controller_dag.py for tasks to queue
[2023-08-28T00:18:08.289+0000] {logging_mixin.py:151} INFO - [2023-08-28T00:18:08.289+0000] {dagbag.py:539} INFO - Filling up the DagBag from /home/airflow/.local/lib/python3.8/site-packages/airflow/example_dags/example_trigger_controller_dag.py
[2023-08-28T00:18:08.298+0000] {processor.py:839} INFO - DAG(s) dict_keys(['example_trigger_controller_dag']) retrieved from /home/airflow/.local/lib/python3.8/site-packages/airflow/example_dags/example_trigger_controller_dag.py
[2023-08-28T00:18:08.390+0000] {logging_mixin.py:151} INFO - [2023-08-28T00:18:08.389+0000] {dag.py:2907} INFO - Sync 1 DAGs
[2023-08-28T00:18:08.441+0000] {logging_mixin.py:151} INFO - [2023-08-28T00:18:08.440+0000] {dag.py:3677} INFO - Setting next_dagrun for example_trigger_controller_dag to 2021-01-01T00:00:00+00:00, run_after=2021-01-01T00:00:00+00:00
[2023-08-28T00:18:08.476+0000] {processor.py:179} INFO - Processing /home/airflow/.local/lib/python3.8/site-packages/airflow/example_dags/example_trigger_controller_dag.py took 0.195 seconds
[2023-08-28T00:18:38.842+0000] {processor.py:157} INFO - Started process (PID=1114) to work on /home/airflow/.local/lib/python3.8/site-packages/airflow/example_dags/example_trigger_controller_dag.py
[2023-08-28T00:18:38.846+0000] {processor.py:829} INFO - Processing file /home/airflow/.local/lib/python3.8/site-packages/airflow/example_dags/example_trigger_controller_dag.py for tasks to queue
[2023-08-28T00:18:38.860+0000] {logging_mixin.py:151} INFO - [2023-08-28T00:18:38.859+0000] {dagbag.py:539} INFO - Filling up the DagBag from /home/airflow/.local/lib/python3.8/site-packages/airflow/example_dags/example_trigger_controller_dag.py
[2023-08-28T00:18:38.887+0000] {processor.py:839} INFO - DAG(s) dict_keys(['example_trigger_controller_dag']) retrieved from /home/airflow/.local/lib/python3.8/site-packages/airflow/example_dags/example_trigger_controller_dag.py
[2023-08-28T00:18:39.072+0000] {logging_mixin.py:151} INFO - [2023-08-28T00:18:39.071+0000] {dag.py:2907} INFO - Sync 1 DAGs
[2023-08-28T00:18:39.381+0000] {logging_mixin.py:151} INFO - [2023-08-28T00:18:39.380+0000] {dag.py:3677} INFO - Setting next_dagrun for example_trigger_controller_dag to 2021-01-01T00:00:00+00:00, run_after=2021-01-01T00:00:00+00:00
[2023-08-28T00:18:39.459+0000] {processor.py:179} INFO - Processing /home/airflow/.local/lib/python3.8/site-packages/airflow/example_dags/example_trigger_controller_dag.py took 0.631 seconds
[2023-08-28T00:19:09.958+0000] {processor.py:157} INFO - Started process (PID=1169) to work on /home/airflow/.local/lib/python3.8/site-packages/airflow/example_dags/example_trigger_controller_dag.py
[2023-08-28T00:19:09.960+0000] {processor.py:829} INFO - Processing file /home/airflow/.local/lib/python3.8/site-packages/airflow/example_dags/example_trigger_controller_dag.py for tasks to queue
[2023-08-28T00:19:09.963+0000] {logging_mixin.py:151} INFO - [2023-08-28T00:19:09.962+0000] {dagbag.py:539} INFO - Filling up the DagBag from /home/airflow/.local/lib/python3.8/site-packages/airflow/example_dags/example_trigger_controller_dag.py
[2023-08-28T00:19:09.970+0000] {processor.py:839} INFO - DAG(s) dict_keys(['example_trigger_controller_dag']) retrieved from /home/airflow/.local/lib/python3.8/site-packages/airflow/example_dags/example_trigger_controller_dag.py
[2023-08-28T00:19:10.055+0000] {logging_mixin.py:151} INFO - [2023-08-28T00:19:10.055+0000] {dag.py:2907} INFO - Sync 1 DAGs
[2023-08-28T00:19:10.090+0000] {logging_mixin.py:151} INFO - [2023-08-28T00:19:10.090+0000] {dag.py:3677} INFO - Setting next_dagrun for example_trigger_controller_dag to 2021-01-01T00:00:00+00:00, run_after=2021-01-01T00:00:00+00:00
[2023-08-28T00:19:10.116+0000] {processor.py:179} INFO - Processing /home/airflow/.local/lib/python3.8/site-packages/airflow/example_dags/example_trigger_controller_dag.py took 0.162 seconds
[2023-08-28T00:19:40.183+0000] {processor.py:157} INFO - Started process (PID=1224) to work on /home/airflow/.local/lib/python3.8/site-packages/airflow/example_dags/example_trigger_controller_dag.py
[2023-08-28T00:19:40.185+0000] {processor.py:829} INFO - Processing file /home/airflow/.local/lib/python3.8/site-packages/airflow/example_dags/example_trigger_controller_dag.py for tasks to queue
[2023-08-28T00:19:40.188+0000] {logging_mixin.py:151} INFO - [2023-08-28T00:19:40.188+0000] {dagbag.py:539} INFO - Filling up the DagBag from /home/airflow/.local/lib/python3.8/site-packages/airflow/example_dags/example_trigger_controller_dag.py
[2023-08-28T00:19:40.198+0000] {processor.py:839} INFO - DAG(s) dict_keys(['example_trigger_controller_dag']) retrieved from /home/airflow/.local/lib/python3.8/site-packages/airflow/example_dags/example_trigger_controller_dag.py
[2023-08-28T00:19:40.282+0000] {logging_mixin.py:151} INFO - [2023-08-28T00:19:40.282+0000] {dag.py:2907} INFO - Sync 1 DAGs
[2023-08-28T00:19:40.318+0000] {logging_mixin.py:151} INFO - [2023-08-28T00:19:40.318+0000] {dag.py:3677} INFO - Setting next_dagrun for example_trigger_controller_dag to 2021-01-01T00:00:00+00:00, run_after=2021-01-01T00:00:00+00:00
[2023-08-28T00:19:40.346+0000] {processor.py:179} INFO - Processing /home/airflow/.local/lib/python3.8/site-packages/airflow/example_dags/example_trigger_controller_dag.py took 0.166 seconds
[2023-08-28T00:20:11.312+0000] {processor.py:157} INFO - Started process (PID=1279) to work on /home/airflow/.local/lib/python3.8/site-packages/airflow/example_dags/example_trigger_controller_dag.py
[2023-08-28T00:20:11.314+0000] {processor.py:829} INFO - Processing file /home/airflow/.local/lib/python3.8/site-packages/airflow/example_dags/example_trigger_controller_dag.py for tasks to queue
[2023-08-28T00:20:11.318+0000] {logging_mixin.py:151} INFO - [2023-08-28T00:20:11.317+0000] {dagbag.py:539} INFO - Filling up the DagBag from /home/airflow/.local/lib/python3.8/site-packages/airflow/example_dags/example_trigger_controller_dag.py
[2023-08-28T00:20:11.331+0000] {processor.py:839} INFO - DAG(s) dict_keys(['example_trigger_controller_dag']) retrieved from /home/airflow/.local/lib/python3.8/site-packages/airflow/example_dags/example_trigger_controller_dag.py
[2023-08-28T00:20:11.445+0000] {logging_mixin.py:151} INFO - [2023-08-28T00:20:11.444+0000] {dag.py:2907} INFO - Sync 1 DAGs
[2023-08-28T00:20:11.490+0000] {logging_mixin.py:151} INFO - [2023-08-28T00:20:11.490+0000] {dag.py:3677} INFO - Setting next_dagrun for example_trigger_controller_dag to 2021-01-01T00:00:00+00:00, run_after=2021-01-01T00:00:00+00:00
[2023-08-28T00:20:11.533+0000] {processor.py:179} INFO - Processing /home/airflow/.local/lib/python3.8/site-packages/airflow/example_dags/example_trigger_controller_dag.py took 0.227 seconds
[2023-08-28T00:20:41.796+0000] {processor.py:157} INFO - Started process (PID=1334) to work on /home/airflow/.local/lib/python3.8/site-packages/airflow/example_dags/example_trigger_controller_dag.py
[2023-08-28T00:20:41.798+0000] {processor.py:829} INFO - Processing file /home/airflow/.local/lib/python3.8/site-packages/airflow/example_dags/example_trigger_controller_dag.py for tasks to queue
[2023-08-28T00:20:41.800+0000] {logging_mixin.py:151} INFO - [2023-08-28T00:20:41.800+0000] {dagbag.py:539} INFO - Filling up the DagBag from /home/airflow/.local/lib/python3.8/site-packages/airflow/example_dags/example_trigger_controller_dag.py
[2023-08-28T00:20:41.809+0000] {processor.py:839} INFO - DAG(s) dict_keys(['example_trigger_controller_dag']) retrieved from /home/airflow/.local/lib/python3.8/site-packages/airflow/example_dags/example_trigger_controller_dag.py
[2023-08-28T00:20:41.897+0000] {logging_mixin.py:151} INFO - [2023-08-28T00:20:41.897+0000] {dag.py:2907} INFO - Sync 1 DAGs
[2023-08-28T00:20:41.933+0000] {logging_mixin.py:151} INFO - [2023-08-28T00:20:41.933+0000] {dag.py:3677} INFO - Setting next_dagrun for example_trigger_controller_dag to 2021-01-01T00:00:00+00:00, run_after=2021-01-01T00:00:00+00:00
[2023-08-28T00:20:41.959+0000] {processor.py:179} INFO - Processing /home/airflow/.local/lib/python3.8/site-packages/airflow/example_dags/example_trigger_controller_dag.py took 0.165 seconds
[2023-08-28T00:21:12.166+0000] {processor.py:157} INFO - Started process (PID=1389) to work on /home/airflow/.local/lib/python3.8/site-packages/airflow/example_dags/example_trigger_controller_dag.py
[2023-08-28T00:21:12.168+0000] {processor.py:829} INFO - Processing file /home/airflow/.local/lib/python3.8/site-packages/airflow/example_dags/example_trigger_controller_dag.py for tasks to queue
[2023-08-28T00:21:12.171+0000] {logging_mixin.py:151} INFO - [2023-08-28T00:21:12.170+0000] {dagbag.py:539} INFO - Filling up the DagBag from /home/airflow/.local/lib/python3.8/site-packages/airflow/example_dags/example_trigger_controller_dag.py
[2023-08-28T00:21:12.179+0000] {processor.py:839} INFO - DAG(s) dict_keys(['example_trigger_controller_dag']) retrieved from /home/airflow/.local/lib/python3.8/site-packages/airflow/example_dags/example_trigger_controller_dag.py
[2023-08-28T00:21:12.261+0000] {logging_mixin.py:151} INFO - [2023-08-28T00:21:12.261+0000] {dag.py:2907} INFO - Sync 1 DAGs
[2023-08-28T00:21:12.300+0000] {logging_mixin.py:151} INFO - [2023-08-28T00:21:12.299+0000] {dag.py:3677} INFO - Setting next_dagrun for example_trigger_controller_dag to 2021-01-01T00:00:00+00:00, run_after=2021-01-01T00:00:00+00:00
[2023-08-28T00:21:12.350+0000] {processor.py:179} INFO - Processing /home/airflow/.local/lib/python3.8/site-packages/airflow/example_dags/example_trigger_controller_dag.py took 0.187 seconds
[2023-08-28T00:21:43.829+0000] {processor.py:157} INFO - Started process (PID=1444) to work on /home/airflow/.local/lib/python3.8/site-packages/airflow/example_dags/example_trigger_controller_dag.py
[2023-08-28T00:21:43.831+0000] {processor.py:829} INFO - Processing file /home/airflow/.local/lib/python3.8/site-packages/airflow/example_dags/example_trigger_controller_dag.py for tasks to queue
[2023-08-28T00:21:43.833+0000] {logging_mixin.py:151} INFO - [2023-08-28T00:21:43.833+0000] {dagbag.py:539} INFO - Filling up the DagBag from /home/airflow/.local/lib/python3.8/site-packages/airflow/example_dags/example_trigger_controller_dag.py
[2023-08-28T00:21:43.841+0000] {processor.py:839} INFO - DAG(s) dict_keys(['example_trigger_controller_dag']) retrieved from /home/airflow/.local/lib/python3.8/site-packages/airflow/example_dags/example_trigger_controller_dag.py
[2023-08-28T00:21:43.926+0000] {logging_mixin.py:151} INFO - [2023-08-28T00:21:43.926+0000] {dag.py:2907} INFO - Sync 1 DAGs
[2023-08-28T00:21:43.974+0000] {logging_mixin.py:151} INFO - [2023-08-28T00:21:43.973+0000] {dag.py:3677} INFO - Setting next_dagrun for example_trigger_controller_dag to 2021-01-01T00:00:00+00:00, run_after=2021-01-01T00:00:00+00:00
[2023-08-28T00:21:44.011+0000] {processor.py:179} INFO - Processing /home/airflow/.local/lib/python3.8/site-packages/airflow/example_dags/example_trigger_controller_dag.py took 0.185 seconds
