[2023-08-28T00:02:03.892+0000] {processor.py:157} INFO - Started process (PID=60) to work on /home/airflow/.local/lib/python3.8/site-packages/airflow/example_dags/example_trigger_target_dag.py
[2023-08-28T00:02:03.893+0000] {processor.py:829} INFO - Processing file /home/airflow/.local/lib/python3.8/site-packages/airflow/example_dags/example_trigger_target_dag.py for tasks to queue
[2023-08-28T00:02:03.895+0000] {logging_mixin.py:151} INFO - [2023-08-28T00:02:03.895+0000] {dagbag.py:539} INFO - Filling up the DagBag from /home/airflow/.local/lib/python3.8/site-packages/airflow/example_dags/example_trigger_target_dag.py
[2023-08-28T00:02:03.904+0000] {processor.py:839} INFO - DAG(s) dict_keys(['example_trigger_target_dag']) retrieved from /home/airflow/.local/lib/python3.8/site-packages/airflow/example_dags/example_trigger_target_dag.py
[2023-08-28T00:02:04.158+0000] {logging_mixin.py:151} INFO - [2023-08-28T00:02:04.158+0000] {manager.py:501} INFO - Created Permission View: can edit on DAG:example_trigger_target_dag
[2023-08-28T00:02:04.171+0000] {logging_mixin.py:151} INFO - [2023-08-28T00:02:04.171+0000] {manager.py:501} INFO - Created Permission View: can delete on DAG:example_trigger_target_dag
[2023-08-28T00:02:04.179+0000] {logging_mixin.py:151} INFO - [2023-08-28T00:02:04.178+0000] {manager.py:501} INFO - Created Permission View: can read on DAG:example_trigger_target_dag
[2023-08-28T00:02:04.197+0000] {logging_mixin.py:151} INFO - [2023-08-28T00:02:04.196+0000] {dag.py:2907} INFO - Sync 1 DAGs
[2023-08-28T00:02:04.206+0000] {logging_mixin.py:151} INFO - [2023-08-28T00:02:04.206+0000] {dag.py:2929} INFO - Creating ORM DAG for example_trigger_target_dag
[2023-08-28T00:02:04.207+0000] {logging_mixin.py:151} INFO - [2023-08-28T00:02:04.207+0000] {dag.py:3677} INFO - Setting next_dagrun for example_trigger_target_dag to None, run_after=None
[2023-08-28T00:02:04.230+0000] {processor.py:179} INFO - Processing /home/airflow/.local/lib/python3.8/site-packages/airflow/example_dags/example_trigger_target_dag.py took 0.341 seconds
[2023-08-28T00:02:34.437+0000] {processor.py:157} INFO - Started process (PID=115) to work on /home/airflow/.local/lib/python3.8/site-packages/airflow/example_dags/example_trigger_target_dag.py
[2023-08-28T00:02:34.439+0000] {processor.py:829} INFO - Processing file /home/airflow/.local/lib/python3.8/site-packages/airflow/example_dags/example_trigger_target_dag.py for tasks to queue
[2023-08-28T00:02:34.443+0000] {logging_mixin.py:151} INFO - [2023-08-28T00:02:34.442+0000] {dagbag.py:539} INFO - Filling up the DagBag from /home/airflow/.local/lib/python3.8/site-packages/airflow/example_dags/example_trigger_target_dag.py
[2023-08-28T00:02:34.455+0000] {processor.py:839} INFO - DAG(s) dict_keys(['example_trigger_target_dag']) retrieved from /home/airflow/.local/lib/python3.8/site-packages/airflow/example_dags/example_trigger_target_dag.py
[2023-08-28T00:02:34.619+0000] {logging_mixin.py:151} INFO - [2023-08-28T00:02:34.618+0000] {dag.py:2907} INFO - Sync 1 DAGs
[2023-08-28T00:02:34.637+0000] {logging_mixin.py:151} INFO - [2023-08-28T00:02:34.637+0000] {dag.py:3677} INFO - Setting next_dagrun for example_trigger_target_dag to None, run_after=None
[2023-08-28T00:02:34.666+0000] {processor.py:179} INFO - Processing /home/airflow/.local/lib/python3.8/site-packages/airflow/example_dags/example_trigger_target_dag.py took 0.235 seconds
[2023-08-28T00:03:05.213+0000] {processor.py:157} INFO - Started process (PID=170) to work on /home/airflow/.local/lib/python3.8/site-packages/airflow/example_dags/example_trigger_target_dag.py
[2023-08-28T00:03:05.214+0000] {processor.py:829} INFO - Processing file /home/airflow/.local/lib/python3.8/site-packages/airflow/example_dags/example_trigger_target_dag.py for tasks to queue
[2023-08-28T00:03:05.216+0000] {logging_mixin.py:151} INFO - [2023-08-28T00:03:05.216+0000] {dagbag.py:539} INFO - Filling up the DagBag from /home/airflow/.local/lib/python3.8/site-packages/airflow/example_dags/example_trigger_target_dag.py
[2023-08-28T00:03:05.224+0000] {processor.py:839} INFO - DAG(s) dict_keys(['example_trigger_target_dag']) retrieved from /home/airflow/.local/lib/python3.8/site-packages/airflow/example_dags/example_trigger_target_dag.py
[2023-08-28T00:03:05.297+0000] {logging_mixin.py:151} INFO - [2023-08-28T00:03:05.297+0000] {dag.py:2907} INFO - Sync 1 DAGs
[2023-08-28T00:03:05.315+0000] {logging_mixin.py:151} INFO - [2023-08-28T00:03:05.314+0000] {dag.py:3677} INFO - Setting next_dagrun for example_trigger_target_dag to None, run_after=None
[2023-08-28T00:03:05.339+0000] {processor.py:179} INFO - Processing /home/airflow/.local/lib/python3.8/site-packages/airflow/example_dags/example_trigger_target_dag.py took 0.129 seconds
[2023-08-28T00:03:35.705+0000] {processor.py:157} INFO - Started process (PID=224) to work on /home/airflow/.local/lib/python3.8/site-packages/airflow/example_dags/example_trigger_target_dag.py
[2023-08-28T00:03:35.707+0000] {processor.py:829} INFO - Processing file /home/airflow/.local/lib/python3.8/site-packages/airflow/example_dags/example_trigger_target_dag.py for tasks to queue
[2023-08-28T00:03:35.709+0000] {logging_mixin.py:151} INFO - [2023-08-28T00:03:35.709+0000] {dagbag.py:539} INFO - Filling up the DagBag from /home/airflow/.local/lib/python3.8/site-packages/airflow/example_dags/example_trigger_target_dag.py
[2023-08-28T00:03:35.717+0000] {processor.py:839} INFO - DAG(s) dict_keys(['example_trigger_target_dag']) retrieved from /home/airflow/.local/lib/python3.8/site-packages/airflow/example_dags/example_trigger_target_dag.py
[2023-08-28T00:03:35.794+0000] {logging_mixin.py:151} INFO - [2023-08-28T00:03:35.794+0000] {dag.py:2907} INFO - Sync 1 DAGs
[2023-08-28T00:03:35.811+0000] {logging_mixin.py:151} INFO - [2023-08-28T00:03:35.811+0000] {dag.py:3677} INFO - Setting next_dagrun for example_trigger_target_dag to None, run_after=None
[2023-08-28T00:03:35.844+0000] {processor.py:179} INFO - Processing /home/airflow/.local/lib/python3.8/site-packages/airflow/example_dags/example_trigger_target_dag.py took 0.142 seconds
[2023-08-28T00:04:06.589+0000] {processor.py:157} INFO - Started process (PID=279) to work on /home/airflow/.local/lib/python3.8/site-packages/airflow/example_dags/example_trigger_target_dag.py
[2023-08-28T00:04:06.590+0000] {processor.py:829} INFO - Processing file /home/airflow/.local/lib/python3.8/site-packages/airflow/example_dags/example_trigger_target_dag.py for tasks to queue
[2023-08-28T00:04:06.593+0000] {logging_mixin.py:151} INFO - [2023-08-28T00:04:06.592+0000] {dagbag.py:539} INFO - Filling up the DagBag from /home/airflow/.local/lib/python3.8/site-packages/airflow/example_dags/example_trigger_target_dag.py
[2023-08-28T00:04:06.601+0000] {processor.py:839} INFO - DAG(s) dict_keys(['example_trigger_target_dag']) retrieved from /home/airflow/.local/lib/python3.8/site-packages/airflow/example_dags/example_trigger_target_dag.py
[2023-08-28T00:04:06.673+0000] {logging_mixin.py:151} INFO - [2023-08-28T00:04:06.673+0000] {dag.py:2907} INFO - Sync 1 DAGs
[2023-08-28T00:04:06.690+0000] {logging_mixin.py:151} INFO - [2023-08-28T00:04:06.690+0000] {dag.py:3677} INFO - Setting next_dagrun for example_trigger_target_dag to None, run_after=None
[2023-08-28T00:04:06.713+0000] {processor.py:179} INFO - Processing /home/airflow/.local/lib/python3.8/site-packages/airflow/example_dags/example_trigger_target_dag.py took 0.127 seconds
[2023-08-28T00:04:37.046+0000] {processor.py:157} INFO - Started process (PID=334) to work on /home/airflow/.local/lib/python3.8/site-packages/airflow/example_dags/example_trigger_target_dag.py
[2023-08-28T00:04:37.048+0000] {processor.py:829} INFO - Processing file /home/airflow/.local/lib/python3.8/site-packages/airflow/example_dags/example_trigger_target_dag.py for tasks to queue
[2023-08-28T00:04:37.050+0000] {logging_mixin.py:151} INFO - [2023-08-28T00:04:37.050+0000] {dagbag.py:539} INFO - Filling up the DagBag from /home/airflow/.local/lib/python3.8/site-packages/airflow/example_dags/example_trigger_target_dag.py
[2023-08-28T00:04:37.060+0000] {processor.py:839} INFO - DAG(s) dict_keys(['example_trigger_target_dag']) retrieved from /home/airflow/.local/lib/python3.8/site-packages/airflow/example_dags/example_trigger_target_dag.py
[2023-08-28T00:04:37.144+0000] {logging_mixin.py:151} INFO - [2023-08-28T00:04:37.143+0000] {dag.py:2907} INFO - Sync 1 DAGs
[2023-08-28T00:04:37.162+0000] {logging_mixin.py:151} INFO - [2023-08-28T00:04:37.162+0000] {dag.py:3677} INFO - Setting next_dagrun for example_trigger_target_dag to None, run_after=None
[2023-08-28T00:04:37.190+0000] {processor.py:179} INFO - Processing /home/airflow/.local/lib/python3.8/site-packages/airflow/example_dags/example_trigger_target_dag.py took 0.147 seconds
[2023-08-28T00:05:08.292+0000] {processor.py:157} INFO - Started process (PID=389) to work on /home/airflow/.local/lib/python3.8/site-packages/airflow/example_dags/example_trigger_target_dag.py
[2023-08-28T00:05:08.295+0000] {processor.py:829} INFO - Processing file /home/airflow/.local/lib/python3.8/site-packages/airflow/example_dags/example_trigger_target_dag.py for tasks to queue
[2023-08-28T00:05:08.301+0000] {logging_mixin.py:151} INFO - [2023-08-28T00:05:08.301+0000] {dagbag.py:539} INFO - Filling up the DagBag from /home/airflow/.local/lib/python3.8/site-packages/airflow/example_dags/example_trigger_target_dag.py
[2023-08-28T00:05:08.317+0000] {processor.py:839} INFO - DAG(s) dict_keys(['example_trigger_target_dag']) retrieved from /home/airflow/.local/lib/python3.8/site-packages/airflow/example_dags/example_trigger_target_dag.py
[2023-08-28T00:05:08.395+0000] {logging_mixin.py:151} INFO - [2023-08-28T00:05:08.395+0000] {dag.py:2907} INFO - Sync 1 DAGs
[2023-08-28T00:05:08.416+0000] {logging_mixin.py:151} INFO - [2023-08-28T00:05:08.416+0000] {dag.py:3677} INFO - Setting next_dagrun for example_trigger_target_dag to None, run_after=None
[2023-08-28T00:05:08.445+0000] {processor.py:179} INFO - Processing /home/airflow/.local/lib/python3.8/site-packages/airflow/example_dags/example_trigger_target_dag.py took 0.157 seconds
[2023-08-28T00:08:50.542+0000] {processor.py:157} INFO - Started process (PID=68) to work on /home/airflow/.local/lib/python3.8/site-packages/airflow/example_dags/example_trigger_target_dag.py
[2023-08-28T00:08:50.547+0000] {processor.py:829} INFO - Processing file /home/airflow/.local/lib/python3.8/site-packages/airflow/example_dags/example_trigger_target_dag.py for tasks to queue
[2023-08-28T00:08:50.552+0000] {logging_mixin.py:151} INFO - [2023-08-28T00:08:50.551+0000] {dagbag.py:539} INFO - Filling up the DagBag from /home/airflow/.local/lib/python3.8/site-packages/airflow/example_dags/example_trigger_target_dag.py
[2023-08-28T00:08:50.582+0000] {processor.py:839} INFO - DAG(s) dict_keys(['example_trigger_target_dag']) retrieved from /home/airflow/.local/lib/python3.8/site-packages/airflow/example_dags/example_trigger_target_dag.py
[2023-08-28T00:08:50.715+0000] {logging_mixin.py:151} INFO - [2023-08-28T00:08:50.714+0000] {dag.py:2907} INFO - Sync 1 DAGs
[2023-08-28T00:08:50.755+0000] {logging_mixin.py:151} INFO - [2023-08-28T00:08:50.754+0000] {dag.py:3677} INFO - Setting next_dagrun for example_trigger_target_dag to None, run_after=None
[2023-08-28T00:08:50.805+0000] {processor.py:179} INFO - Processing /home/airflow/.local/lib/python3.8/site-packages/airflow/example_dags/example_trigger_target_dag.py took 0.268 seconds
[2023-08-28T00:09:23.111+0000] {processor.py:157} INFO - Started process (PID=123) to work on /home/airflow/.local/lib/python3.8/site-packages/airflow/example_dags/example_trigger_target_dag.py
[2023-08-28T00:09:23.117+0000] {processor.py:829} INFO - Processing file /home/airflow/.local/lib/python3.8/site-packages/airflow/example_dags/example_trigger_target_dag.py for tasks to queue
[2023-08-28T00:09:23.125+0000] {logging_mixin.py:151} INFO - [2023-08-28T00:09:23.123+0000] {dagbag.py:539} INFO - Filling up the DagBag from /home/airflow/.local/lib/python3.8/site-packages/airflow/example_dags/example_trigger_target_dag.py
[2023-08-28T00:09:23.345+0000] {processor.py:839} INFO - DAG(s) dict_keys(['example_trigger_target_dag']) retrieved from /home/airflow/.local/lib/python3.8/site-packages/airflow/example_dags/example_trigger_target_dag.py
[2023-08-28T00:09:23.464+0000] {logging_mixin.py:151} INFO - [2023-08-28T00:09:23.464+0000] {dag.py:2907} INFO - Sync 1 DAGs
[2023-08-28T00:09:23.501+0000] {logging_mixin.py:151} INFO - [2023-08-28T00:09:23.500+0000] {dag.py:3677} INFO - Setting next_dagrun for example_trigger_target_dag to None, run_after=None
[2023-08-28T00:09:23.698+0000] {processor.py:179} INFO - Processing /home/airflow/.local/lib/python3.8/site-packages/airflow/example_dags/example_trigger_target_dag.py took 0.601 seconds
[2023-08-28T00:09:54.119+0000] {processor.py:157} INFO - Started process (PID=178) to work on /home/airflow/.local/lib/python3.8/site-packages/airflow/example_dags/example_trigger_target_dag.py
[2023-08-28T00:09:54.121+0000] {processor.py:829} INFO - Processing file /home/airflow/.local/lib/python3.8/site-packages/airflow/example_dags/example_trigger_target_dag.py for tasks to queue
[2023-08-28T00:09:54.126+0000] {logging_mixin.py:151} INFO - [2023-08-28T00:09:54.125+0000] {dagbag.py:539} INFO - Filling up the DagBag from /home/airflow/.local/lib/python3.8/site-packages/airflow/example_dags/example_trigger_target_dag.py
[2023-08-28T00:09:54.138+0000] {processor.py:839} INFO - DAG(s) dict_keys(['example_trigger_target_dag']) retrieved from /home/airflow/.local/lib/python3.8/site-packages/airflow/example_dags/example_trigger_target_dag.py
[2023-08-28T00:09:54.219+0000] {logging_mixin.py:151} INFO - [2023-08-28T00:09:54.219+0000] {dag.py:2907} INFO - Sync 1 DAGs
[2023-08-28T00:09:54.236+0000] {logging_mixin.py:151} INFO - [2023-08-28T00:09:54.235+0000] {dag.py:3677} INFO - Setting next_dagrun for example_trigger_target_dag to None, run_after=None
[2023-08-28T00:09:54.260+0000] {processor.py:179} INFO - Processing /home/airflow/.local/lib/python3.8/site-packages/airflow/example_dags/example_trigger_target_dag.py took 0.147 seconds
[2023-08-28T00:10:25.127+0000] {processor.py:157} INFO - Started process (PID=233) to work on /home/airflow/.local/lib/python3.8/site-packages/airflow/example_dags/example_trigger_target_dag.py
[2023-08-28T00:10:25.131+0000] {processor.py:829} INFO - Processing file /home/airflow/.local/lib/python3.8/site-packages/airflow/example_dags/example_trigger_target_dag.py for tasks to queue
[2023-08-28T00:10:25.137+0000] {logging_mixin.py:151} INFO - [2023-08-28T00:10:25.137+0000] {dagbag.py:539} INFO - Filling up the DagBag from /home/airflow/.local/lib/python3.8/site-packages/airflow/example_dags/example_trigger_target_dag.py
[2023-08-28T00:10:25.149+0000] {processor.py:839} INFO - DAG(s) dict_keys(['example_trigger_target_dag']) retrieved from /home/airflow/.local/lib/python3.8/site-packages/airflow/example_dags/example_trigger_target_dag.py
[2023-08-28T00:10:25.236+0000] {logging_mixin.py:151} INFO - [2023-08-28T00:10:25.236+0000] {dag.py:2907} INFO - Sync 1 DAGs
[2023-08-28T00:10:25.271+0000] {logging_mixin.py:151} INFO - [2023-08-28T00:10:25.271+0000] {dag.py:3677} INFO - Setting next_dagrun for example_trigger_target_dag to None, run_after=None
[2023-08-28T00:10:25.311+0000] {processor.py:179} INFO - Processing /home/airflow/.local/lib/python3.8/site-packages/airflow/example_dags/example_trigger_target_dag.py took 0.187 seconds
[2023-08-28T00:10:55.910+0000] {processor.py:157} INFO - Started process (PID=288) to work on /home/airflow/.local/lib/python3.8/site-packages/airflow/example_dags/example_trigger_target_dag.py
[2023-08-28T00:10:55.912+0000] {processor.py:829} INFO - Processing file /home/airflow/.local/lib/python3.8/site-packages/airflow/example_dags/example_trigger_target_dag.py for tasks to queue
[2023-08-28T00:10:55.914+0000] {logging_mixin.py:151} INFO - [2023-08-28T00:10:55.914+0000] {dagbag.py:539} INFO - Filling up the DagBag from /home/airflow/.local/lib/python3.8/site-packages/airflow/example_dags/example_trigger_target_dag.py
[2023-08-28T00:10:55.923+0000] {processor.py:839} INFO - DAG(s) dict_keys(['example_trigger_target_dag']) retrieved from /home/airflow/.local/lib/python3.8/site-packages/airflow/example_dags/example_trigger_target_dag.py
[2023-08-28T00:10:56.000+0000] {logging_mixin.py:151} INFO - [2023-08-28T00:10:56.000+0000] {dag.py:2907} INFO - Sync 1 DAGs
[2023-08-28T00:10:56.023+0000] {logging_mixin.py:151} INFO - [2023-08-28T00:10:56.023+0000] {dag.py:3677} INFO - Setting next_dagrun for example_trigger_target_dag to None, run_after=None
[2023-08-28T00:10:56.049+0000] {processor.py:179} INFO - Processing /home/airflow/.local/lib/python3.8/site-packages/airflow/example_dags/example_trigger_target_dag.py took 0.142 seconds
[2023-08-28T00:11:26.222+0000] {processor.py:157} INFO - Started process (PID=342) to work on /home/airflow/.local/lib/python3.8/site-packages/airflow/example_dags/example_trigger_target_dag.py
[2023-08-28T00:11:26.223+0000] {processor.py:829} INFO - Processing file /home/airflow/.local/lib/python3.8/site-packages/airflow/example_dags/example_trigger_target_dag.py for tasks to queue
[2023-08-28T00:11:26.225+0000] {logging_mixin.py:151} INFO - [2023-08-28T00:11:26.225+0000] {dagbag.py:539} INFO - Filling up the DagBag from /home/airflow/.local/lib/python3.8/site-packages/airflow/example_dags/example_trigger_target_dag.py
[2023-08-28T00:11:26.234+0000] {processor.py:839} INFO - DAG(s) dict_keys(['example_trigger_target_dag']) retrieved from /home/airflow/.local/lib/python3.8/site-packages/airflow/example_dags/example_trigger_target_dag.py
[2023-08-28T00:11:26.305+0000] {logging_mixin.py:151} INFO - [2023-08-28T00:11:26.305+0000] {dag.py:2907} INFO - Sync 1 DAGs
[2023-08-28T00:11:26.327+0000] {logging_mixin.py:151} INFO - [2023-08-28T00:11:26.326+0000] {dag.py:3677} INFO - Setting next_dagrun for example_trigger_target_dag to None, run_after=None
[2023-08-28T00:11:26.353+0000] {processor.py:179} INFO - Processing /home/airflow/.local/lib/python3.8/site-packages/airflow/example_dags/example_trigger_target_dag.py took 0.134 seconds
[2023-08-28T00:11:56.500+0000] {processor.py:157} INFO - Started process (PID=396) to work on /home/airflow/.local/lib/python3.8/site-packages/airflow/example_dags/example_trigger_target_dag.py
[2023-08-28T00:11:56.502+0000] {processor.py:829} INFO - Processing file /home/airflow/.local/lib/python3.8/site-packages/airflow/example_dags/example_trigger_target_dag.py for tasks to queue
[2023-08-28T00:11:56.505+0000] {logging_mixin.py:151} INFO - [2023-08-28T00:11:56.504+0000] {dagbag.py:539} INFO - Filling up the DagBag from /home/airflow/.local/lib/python3.8/site-packages/airflow/example_dags/example_trigger_target_dag.py
[2023-08-28T00:11:56.513+0000] {processor.py:839} INFO - DAG(s) dict_keys(['example_trigger_target_dag']) retrieved from /home/airflow/.local/lib/python3.8/site-packages/airflow/example_dags/example_trigger_target_dag.py
[2023-08-28T00:11:56.593+0000] {logging_mixin.py:151} INFO - [2023-08-28T00:11:56.593+0000] {dag.py:2907} INFO - Sync 1 DAGs
[2023-08-28T00:11:56.612+0000] {logging_mixin.py:151} INFO - [2023-08-28T00:11:56.611+0000] {dag.py:3677} INFO - Setting next_dagrun for example_trigger_target_dag to None, run_after=None
[2023-08-28T00:11:56.639+0000] {processor.py:179} INFO - Processing /home/airflow/.local/lib/python3.8/site-packages/airflow/example_dags/example_trigger_target_dag.py took 0.142 seconds
[2023-08-28T00:12:27.411+0000] {processor.py:157} INFO - Started process (PID=451) to work on /home/airflow/.local/lib/python3.8/site-packages/airflow/example_dags/example_trigger_target_dag.py
[2023-08-28T00:12:27.413+0000] {processor.py:829} INFO - Processing file /home/airflow/.local/lib/python3.8/site-packages/airflow/example_dags/example_trigger_target_dag.py for tasks to queue
[2023-08-28T00:12:27.415+0000] {logging_mixin.py:151} INFO - [2023-08-28T00:12:27.415+0000] {dagbag.py:539} INFO - Filling up the DagBag from /home/airflow/.local/lib/python3.8/site-packages/airflow/example_dags/example_trigger_target_dag.py
[2023-08-28T00:12:27.424+0000] {processor.py:839} INFO - DAG(s) dict_keys(['example_trigger_target_dag']) retrieved from /home/airflow/.local/lib/python3.8/site-packages/airflow/example_dags/example_trigger_target_dag.py
[2023-08-28T00:12:27.497+0000] {logging_mixin.py:151} INFO - [2023-08-28T00:12:27.497+0000] {dag.py:2907} INFO - Sync 1 DAGs
[2023-08-28T00:12:27.514+0000] {logging_mixin.py:151} INFO - [2023-08-28T00:12:27.514+0000] {dag.py:3677} INFO - Setting next_dagrun for example_trigger_target_dag to None, run_after=None
[2023-08-28T00:12:27.545+0000] {processor.py:179} INFO - Processing /home/airflow/.local/lib/python3.8/site-packages/airflow/example_dags/example_trigger_target_dag.py took 0.137 seconds
[2023-08-28T00:12:57.811+0000] {processor.py:157} INFO - Started process (PID=506) to work on /home/airflow/.local/lib/python3.8/site-packages/airflow/example_dags/example_trigger_target_dag.py
[2023-08-28T00:12:57.814+0000] {processor.py:829} INFO - Processing file /home/airflow/.local/lib/python3.8/site-packages/airflow/example_dags/example_trigger_target_dag.py for tasks to queue
[2023-08-28T00:12:57.817+0000] {logging_mixin.py:151} INFO - [2023-08-28T00:12:57.817+0000] {dagbag.py:539} INFO - Filling up the DagBag from /home/airflow/.local/lib/python3.8/site-packages/airflow/example_dags/example_trigger_target_dag.py
[2023-08-28T00:12:57.830+0000] {processor.py:839} INFO - DAG(s) dict_keys(['example_trigger_target_dag']) retrieved from /home/airflow/.local/lib/python3.8/site-packages/airflow/example_dags/example_trigger_target_dag.py
[2023-08-28T00:12:57.910+0000] {logging_mixin.py:151} INFO - [2023-08-28T00:12:57.910+0000] {dag.py:2907} INFO - Sync 1 DAGs
[2023-08-28T00:12:57.928+0000] {logging_mixin.py:151} INFO - [2023-08-28T00:12:57.928+0000] {dag.py:3677} INFO - Setting next_dagrun for example_trigger_target_dag to None, run_after=None
[2023-08-28T00:12:57.954+0000] {processor.py:179} INFO - Processing /home/airflow/.local/lib/python3.8/site-packages/airflow/example_dags/example_trigger_target_dag.py took 0.149 seconds
[2023-08-28T00:13:28.772+0000] {processor.py:157} INFO - Started process (PID=560) to work on /home/airflow/.local/lib/python3.8/site-packages/airflow/example_dags/example_trigger_target_dag.py
[2023-08-28T00:13:28.779+0000] {processor.py:829} INFO - Processing file /home/airflow/.local/lib/python3.8/site-packages/airflow/example_dags/example_trigger_target_dag.py for tasks to queue
[2023-08-28T00:13:28.783+0000] {logging_mixin.py:151} INFO - [2023-08-28T00:13:28.782+0000] {dagbag.py:539} INFO - Filling up the DagBag from /home/airflow/.local/lib/python3.8/site-packages/airflow/example_dags/example_trigger_target_dag.py
[2023-08-28T00:13:28.793+0000] {processor.py:839} INFO - DAG(s) dict_keys(['example_trigger_target_dag']) retrieved from /home/airflow/.local/lib/python3.8/site-packages/airflow/example_dags/example_trigger_target_dag.py
[2023-08-28T00:13:28.906+0000] {logging_mixin.py:151} INFO - [2023-08-28T00:13:28.906+0000] {dag.py:2907} INFO - Sync 1 DAGs
[2023-08-28T00:13:28.943+0000] {logging_mixin.py:151} INFO - [2023-08-28T00:13:28.943+0000] {dag.py:3677} INFO - Setting next_dagrun for example_trigger_target_dag to None, run_after=None
[2023-08-28T00:13:28.972+0000] {processor.py:179} INFO - Processing /home/airflow/.local/lib/python3.8/site-packages/airflow/example_dags/example_trigger_target_dag.py took 0.204 seconds
[2023-08-28T00:13:59.252+0000] {processor.py:157} INFO - Started process (PID=615) to work on /home/airflow/.local/lib/python3.8/site-packages/airflow/example_dags/example_trigger_target_dag.py
[2023-08-28T00:13:59.254+0000] {processor.py:829} INFO - Processing file /home/airflow/.local/lib/python3.8/site-packages/airflow/example_dags/example_trigger_target_dag.py for tasks to queue
[2023-08-28T00:13:59.258+0000] {logging_mixin.py:151} INFO - [2023-08-28T00:13:59.257+0000] {dagbag.py:539} INFO - Filling up the DagBag from /home/airflow/.local/lib/python3.8/site-packages/airflow/example_dags/example_trigger_target_dag.py
[2023-08-28T00:13:59.269+0000] {processor.py:839} INFO - DAG(s) dict_keys(['example_trigger_target_dag']) retrieved from /home/airflow/.local/lib/python3.8/site-packages/airflow/example_dags/example_trigger_target_dag.py
[2023-08-28T00:13:59.356+0000] {logging_mixin.py:151} INFO - [2023-08-28T00:13:59.356+0000] {dag.py:2907} INFO - Sync 1 DAGs
[2023-08-28T00:13:59.375+0000] {logging_mixin.py:151} INFO - [2023-08-28T00:13:59.375+0000] {dag.py:3677} INFO - Setting next_dagrun for example_trigger_target_dag to None, run_after=None
[2023-08-28T00:13:59.403+0000] {processor.py:179} INFO - Processing /home/airflow/.local/lib/python3.8/site-packages/airflow/example_dags/example_trigger_target_dag.py took 0.155 seconds
[2023-08-28T00:14:29.607+0000] {processor.py:157} INFO - Started process (PID=670) to work on /home/airflow/.local/lib/python3.8/site-packages/airflow/example_dags/example_trigger_target_dag.py
[2023-08-28T00:14:29.609+0000] {processor.py:829} INFO - Processing file /home/airflow/.local/lib/python3.8/site-packages/airflow/example_dags/example_trigger_target_dag.py for tasks to queue
[2023-08-28T00:14:29.612+0000] {logging_mixin.py:151} INFO - [2023-08-28T00:14:29.612+0000] {dagbag.py:539} INFO - Filling up the DagBag from /home/airflow/.local/lib/python3.8/site-packages/airflow/example_dags/example_trigger_target_dag.py
[2023-08-28T00:14:29.622+0000] {processor.py:839} INFO - DAG(s) dict_keys(['example_trigger_target_dag']) retrieved from /home/airflow/.local/lib/python3.8/site-packages/airflow/example_dags/example_trigger_target_dag.py
[2023-08-28T00:14:29.697+0000] {logging_mixin.py:151} INFO - [2023-08-28T00:14:29.697+0000] {dag.py:2907} INFO - Sync 1 DAGs
[2023-08-28T00:14:29.716+0000] {logging_mixin.py:151} INFO - [2023-08-28T00:14:29.716+0000] {dag.py:3677} INFO - Setting next_dagrun for example_trigger_target_dag to None, run_after=None
[2023-08-28T00:14:29.749+0000] {processor.py:179} INFO - Processing /home/airflow/.local/lib/python3.8/site-packages/airflow/example_dags/example_trigger_target_dag.py took 0.145 seconds
[2023-08-28T00:15:00.670+0000] {processor.py:157} INFO - Started process (PID=725) to work on /home/airflow/.local/lib/python3.8/site-packages/airflow/example_dags/example_trigger_target_dag.py
[2023-08-28T00:15:00.672+0000] {processor.py:829} INFO - Processing file /home/airflow/.local/lib/python3.8/site-packages/airflow/example_dags/example_trigger_target_dag.py for tasks to queue
[2023-08-28T00:15:00.674+0000] {logging_mixin.py:151} INFO - [2023-08-28T00:15:00.673+0000] {dagbag.py:539} INFO - Filling up the DagBag from /home/airflow/.local/lib/python3.8/site-packages/airflow/example_dags/example_trigger_target_dag.py
[2023-08-28T00:15:00.682+0000] {processor.py:839} INFO - DAG(s) dict_keys(['example_trigger_target_dag']) retrieved from /home/airflow/.local/lib/python3.8/site-packages/airflow/example_dags/example_trigger_target_dag.py
[2023-08-28T00:15:00.753+0000] {logging_mixin.py:151} INFO - [2023-08-28T00:15:00.753+0000] {dag.py:2907} INFO - Sync 1 DAGs
[2023-08-28T00:15:00.770+0000] {logging_mixin.py:151} INFO - [2023-08-28T00:15:00.769+0000] {dag.py:3677} INFO - Setting next_dagrun for example_trigger_target_dag to None, run_after=None
[2023-08-28T00:15:00.793+0000] {processor.py:179} INFO - Processing /home/airflow/.local/lib/python3.8/site-packages/airflow/example_dags/example_trigger_target_dag.py took 0.125 seconds
[2023-08-28T00:15:31.394+0000] {processor.py:157} INFO - Started process (PID=780) to work on /home/airflow/.local/lib/python3.8/site-packages/airflow/example_dags/example_trigger_target_dag.py
[2023-08-28T00:15:31.397+0000] {processor.py:829} INFO - Processing file /home/airflow/.local/lib/python3.8/site-packages/airflow/example_dags/example_trigger_target_dag.py for tasks to queue
[2023-08-28T00:15:31.399+0000] {logging_mixin.py:151} INFO - [2023-08-28T00:15:31.399+0000] {dagbag.py:539} INFO - Filling up the DagBag from /home/airflow/.local/lib/python3.8/site-packages/airflow/example_dags/example_trigger_target_dag.py
[2023-08-28T00:15:31.408+0000] {processor.py:839} INFO - DAG(s) dict_keys(['example_trigger_target_dag']) retrieved from /home/airflow/.local/lib/python3.8/site-packages/airflow/example_dags/example_trigger_target_dag.py
[2023-08-28T00:15:31.492+0000] {logging_mixin.py:151} INFO - [2023-08-28T00:15:31.491+0000] {dag.py:2907} INFO - Sync 1 DAGs
[2023-08-28T00:15:31.509+0000] {logging_mixin.py:151} INFO - [2023-08-28T00:15:31.509+0000] {dag.py:3677} INFO - Setting next_dagrun for example_trigger_target_dag to None, run_after=None
[2023-08-28T00:15:31.534+0000] {processor.py:179} INFO - Processing /home/airflow/.local/lib/python3.8/site-packages/airflow/example_dags/example_trigger_target_dag.py took 0.143 seconds
[2023-08-28T00:16:02.148+0000] {processor.py:157} INFO - Started process (PID=835) to work on /home/airflow/.local/lib/python3.8/site-packages/airflow/example_dags/example_trigger_target_dag.py
[2023-08-28T00:16:02.149+0000] {processor.py:829} INFO - Processing file /home/airflow/.local/lib/python3.8/site-packages/airflow/example_dags/example_trigger_target_dag.py for tasks to queue
[2023-08-28T00:16:02.152+0000] {logging_mixin.py:151} INFO - [2023-08-28T00:16:02.151+0000] {dagbag.py:539} INFO - Filling up the DagBag from /home/airflow/.local/lib/python3.8/site-packages/airflow/example_dags/example_trigger_target_dag.py
[2023-08-28T00:16:02.160+0000] {processor.py:839} INFO - DAG(s) dict_keys(['example_trigger_target_dag']) retrieved from /home/airflow/.local/lib/python3.8/site-packages/airflow/example_dags/example_trigger_target_dag.py
[2023-08-28T00:16:02.232+0000] {logging_mixin.py:151} INFO - [2023-08-28T00:16:02.231+0000] {dag.py:2907} INFO - Sync 1 DAGs
[2023-08-28T00:16:02.248+0000] {logging_mixin.py:151} INFO - [2023-08-28T00:16:02.248+0000] {dag.py:3677} INFO - Setting next_dagrun for example_trigger_target_dag to None, run_after=None
[2023-08-28T00:16:02.278+0000] {processor.py:179} INFO - Processing /home/airflow/.local/lib/python3.8/site-packages/airflow/example_dags/example_trigger_target_dag.py took 0.133 seconds
[2023-08-28T00:16:32.671+0000] {processor.py:157} INFO - Started process (PID=890) to work on /home/airflow/.local/lib/python3.8/site-packages/airflow/example_dags/example_trigger_target_dag.py
[2023-08-28T00:16:32.673+0000] {processor.py:829} INFO - Processing file /home/airflow/.local/lib/python3.8/site-packages/airflow/example_dags/example_trigger_target_dag.py for tasks to queue
[2023-08-28T00:16:32.676+0000] {logging_mixin.py:151} INFO - [2023-08-28T00:16:32.676+0000] {dagbag.py:539} INFO - Filling up the DagBag from /home/airflow/.local/lib/python3.8/site-packages/airflow/example_dags/example_trigger_target_dag.py
[2023-08-28T00:16:32.685+0000] {processor.py:839} INFO - DAG(s) dict_keys(['example_trigger_target_dag']) retrieved from /home/airflow/.local/lib/python3.8/site-packages/airflow/example_dags/example_trigger_target_dag.py
[2023-08-28T00:16:32.763+0000] {logging_mixin.py:151} INFO - [2023-08-28T00:16:32.762+0000] {dag.py:2907} INFO - Sync 1 DAGs
[2023-08-28T00:16:32.783+0000] {logging_mixin.py:151} INFO - [2023-08-28T00:16:32.783+0000] {dag.py:3677} INFO - Setting next_dagrun for example_trigger_target_dag to None, run_after=None
[2023-08-28T00:16:32.809+0000] {processor.py:179} INFO - Processing /home/airflow/.local/lib/python3.8/site-packages/airflow/example_dags/example_trigger_target_dag.py took 0.141 seconds
[2023-08-28T00:17:02.856+0000] {processor.py:157} INFO - Started process (PID=945) to work on /home/airflow/.local/lib/python3.8/site-packages/airflow/example_dags/example_trigger_target_dag.py
[2023-08-28T00:17:02.857+0000] {processor.py:829} INFO - Processing file /home/airflow/.local/lib/python3.8/site-packages/airflow/example_dags/example_trigger_target_dag.py for tasks to queue
[2023-08-28T00:17:02.859+0000] {logging_mixin.py:151} INFO - [2023-08-28T00:17:02.859+0000] {dagbag.py:539} INFO - Filling up the DagBag from /home/airflow/.local/lib/python3.8/site-packages/airflow/example_dags/example_trigger_target_dag.py
[2023-08-28T00:17:02.868+0000] {processor.py:839} INFO - DAG(s) dict_keys(['example_trigger_target_dag']) retrieved from /home/airflow/.local/lib/python3.8/site-packages/airflow/example_dags/example_trigger_target_dag.py
[2023-08-28T00:17:02.959+0000] {logging_mixin.py:151} INFO - [2023-08-28T00:17:02.959+0000] {dag.py:2907} INFO - Sync 1 DAGs
[2023-08-28T00:17:02.977+0000] {logging_mixin.py:151} INFO - [2023-08-28T00:17:02.977+0000] {dag.py:3677} INFO - Setting next_dagrun for example_trigger_target_dag to None, run_after=None
[2023-08-28T00:17:03.004+0000] {processor.py:179} INFO - Processing /home/airflow/.local/lib/python3.8/site-packages/airflow/example_dags/example_trigger_target_dag.py took 0.152 seconds
[2023-08-28T00:17:33.831+0000] {processor.py:157} INFO - Started process (PID=1000) to work on /home/airflow/.local/lib/python3.8/site-packages/airflow/example_dags/example_trigger_target_dag.py
[2023-08-28T00:17:33.834+0000] {processor.py:829} INFO - Processing file /home/airflow/.local/lib/python3.8/site-packages/airflow/example_dags/example_trigger_target_dag.py for tasks to queue
[2023-08-28T00:17:33.838+0000] {logging_mixin.py:151} INFO - [2023-08-28T00:17:33.838+0000] {dagbag.py:539} INFO - Filling up the DagBag from /home/airflow/.local/lib/python3.8/site-packages/airflow/example_dags/example_trigger_target_dag.py
[2023-08-28T00:17:33.851+0000] {processor.py:839} INFO - DAG(s) dict_keys(['example_trigger_target_dag']) retrieved from /home/airflow/.local/lib/python3.8/site-packages/airflow/example_dags/example_trigger_target_dag.py
[2023-08-28T00:17:33.945+0000] {logging_mixin.py:151} INFO - [2023-08-28T00:17:33.945+0000] {dag.py:2907} INFO - Sync 1 DAGs
[2023-08-28T00:17:33.966+0000] {logging_mixin.py:151} INFO - [2023-08-28T00:17:33.966+0000] {dag.py:3677} INFO - Setting next_dagrun for example_trigger_target_dag to None, run_after=None
[2023-08-28T00:17:33.995+0000] {processor.py:179} INFO - Processing /home/airflow/.local/lib/python3.8/site-packages/airflow/example_dags/example_trigger_target_dag.py took 0.168 seconds
[2023-08-28T00:18:07.536+0000] {processor.py:157} INFO - Started process (PID=1055) to work on /home/airflow/.local/lib/python3.8/site-packages/airflow/example_dags/example_trigger_target_dag.py
[2023-08-28T00:18:07.539+0000] {processor.py:829} INFO - Processing file /home/airflow/.local/lib/python3.8/site-packages/airflow/example_dags/example_trigger_target_dag.py for tasks to queue
[2023-08-28T00:18:07.543+0000] {logging_mixin.py:151} INFO - [2023-08-28T00:18:07.542+0000] {dagbag.py:539} INFO - Filling up the DagBag from /home/airflow/.local/lib/python3.8/site-packages/airflow/example_dags/example_trigger_target_dag.py
[2023-08-28T00:18:07.583+0000] {processor.py:839} INFO - DAG(s) dict_keys(['example_trigger_target_dag']) retrieved from /home/airflow/.local/lib/python3.8/site-packages/airflow/example_dags/example_trigger_target_dag.py
[2023-08-28T00:18:07.708+0000] {logging_mixin.py:151} INFO - [2023-08-28T00:18:07.708+0000] {dag.py:2907} INFO - Sync 1 DAGs
[2023-08-28T00:18:07.738+0000] {logging_mixin.py:151} INFO - [2023-08-28T00:18:07.738+0000] {dag.py:3677} INFO - Setting next_dagrun for example_trigger_target_dag to None, run_after=None
[2023-08-28T00:18:07.769+0000] {processor.py:179} INFO - Processing /home/airflow/.local/lib/python3.8/site-packages/airflow/example_dags/example_trigger_target_dag.py took 0.237 seconds
[2023-08-28T00:18:38.047+0000] {processor.py:157} INFO - Started process (PID=1109) to work on /home/airflow/.local/lib/python3.8/site-packages/airflow/example_dags/example_trigger_target_dag.py
[2023-08-28T00:18:38.049+0000] {processor.py:829} INFO - Processing file /home/airflow/.local/lib/python3.8/site-packages/airflow/example_dags/example_trigger_target_dag.py for tasks to queue
[2023-08-28T00:18:38.051+0000] {logging_mixin.py:151} INFO - [2023-08-28T00:18:38.051+0000] {dagbag.py:539} INFO - Filling up the DagBag from /home/airflow/.local/lib/python3.8/site-packages/airflow/example_dags/example_trigger_target_dag.py
[2023-08-28T00:18:38.060+0000] {processor.py:839} INFO - DAG(s) dict_keys(['example_trigger_target_dag']) retrieved from /home/airflow/.local/lib/python3.8/site-packages/airflow/example_dags/example_trigger_target_dag.py
[2023-08-28T00:18:38.134+0000] {logging_mixin.py:151} INFO - [2023-08-28T00:18:38.134+0000] {dag.py:2907} INFO - Sync 1 DAGs
[2023-08-28T00:18:38.161+0000] {logging_mixin.py:151} INFO - [2023-08-28T00:18:38.161+0000] {dag.py:3677} INFO - Setting next_dagrun for example_trigger_target_dag to None, run_after=None
[2023-08-28T00:18:38.193+0000] {processor.py:179} INFO - Processing /home/airflow/.local/lib/python3.8/site-packages/airflow/example_dags/example_trigger_target_dag.py took 0.148 seconds
[2023-08-28T00:19:09.075+0000] {processor.py:157} INFO - Started process (PID=1164) to work on /home/airflow/.local/lib/python3.8/site-packages/airflow/example_dags/example_trigger_target_dag.py
[2023-08-28T00:19:09.077+0000] {processor.py:829} INFO - Processing file /home/airflow/.local/lib/python3.8/site-packages/airflow/example_dags/example_trigger_target_dag.py for tasks to queue
[2023-08-28T00:19:09.081+0000] {logging_mixin.py:151} INFO - [2023-08-28T00:19:09.080+0000] {dagbag.py:539} INFO - Filling up the DagBag from /home/airflow/.local/lib/python3.8/site-packages/airflow/example_dags/example_trigger_target_dag.py
[2023-08-28T00:19:09.099+0000] {processor.py:839} INFO - DAG(s) dict_keys(['example_trigger_target_dag']) retrieved from /home/airflow/.local/lib/python3.8/site-packages/airflow/example_dags/example_trigger_target_dag.py
[2023-08-28T00:19:09.341+0000] {logging_mixin.py:151} INFO - [2023-08-28T00:19:09.340+0000] {dag.py:2907} INFO - Sync 1 DAGs
[2023-08-28T00:19:09.384+0000] {logging_mixin.py:151} INFO - [2023-08-28T00:19:09.383+0000] {dag.py:3677} INFO - Setting next_dagrun for example_trigger_target_dag to None, run_after=None
[2023-08-28T00:19:09.431+0000] {processor.py:179} INFO - Processing /home/airflow/.local/lib/python3.8/site-packages/airflow/example_dags/example_trigger_target_dag.py took 0.359 seconds
[2023-08-28T00:19:39.588+0000] {processor.py:157} INFO - Started process (PID=1219) to work on /home/airflow/.local/lib/python3.8/site-packages/airflow/example_dags/example_trigger_target_dag.py
[2023-08-28T00:19:39.590+0000] {processor.py:829} INFO - Processing file /home/airflow/.local/lib/python3.8/site-packages/airflow/example_dags/example_trigger_target_dag.py for tasks to queue
[2023-08-28T00:19:39.593+0000] {logging_mixin.py:151} INFO - [2023-08-28T00:19:39.592+0000] {dagbag.py:539} INFO - Filling up the DagBag from /home/airflow/.local/lib/python3.8/site-packages/airflow/example_dags/example_trigger_target_dag.py
[2023-08-28T00:19:39.602+0000] {processor.py:839} INFO - DAG(s) dict_keys(['example_trigger_target_dag']) retrieved from /home/airflow/.local/lib/python3.8/site-packages/airflow/example_dags/example_trigger_target_dag.py
[2023-08-28T00:19:39.680+0000] {logging_mixin.py:151} INFO - [2023-08-28T00:19:39.680+0000] {dag.py:2907} INFO - Sync 1 DAGs
[2023-08-28T00:19:39.697+0000] {logging_mixin.py:151} INFO - [2023-08-28T00:19:39.696+0000] {dag.py:3677} INFO - Setting next_dagrun for example_trigger_target_dag to None, run_after=None
[2023-08-28T00:19:39.720+0000] {processor.py:179} INFO - Processing /home/airflow/.local/lib/python3.8/site-packages/airflow/example_dags/example_trigger_target_dag.py took 0.136 seconds
[2023-08-28T00:20:10.715+0000] {processor.py:157} INFO - Started process (PID=1274) to work on /home/airflow/.local/lib/python3.8/site-packages/airflow/example_dags/example_trigger_target_dag.py
[2023-08-28T00:20:10.719+0000] {processor.py:829} INFO - Processing file /home/airflow/.local/lib/python3.8/site-packages/airflow/example_dags/example_trigger_target_dag.py for tasks to queue
[2023-08-28T00:20:10.724+0000] {logging_mixin.py:151} INFO - [2023-08-28T00:20:10.724+0000] {dagbag.py:539} INFO - Filling up the DagBag from /home/airflow/.local/lib/python3.8/site-packages/airflow/example_dags/example_trigger_target_dag.py
[2023-08-28T00:20:10.735+0000] {processor.py:839} INFO - DAG(s) dict_keys(['example_trigger_target_dag']) retrieved from /home/airflow/.local/lib/python3.8/site-packages/airflow/example_dags/example_trigger_target_dag.py
[2023-08-28T00:20:10.817+0000] {logging_mixin.py:151} INFO - [2023-08-28T00:20:10.817+0000] {dag.py:2907} INFO - Sync 1 DAGs
[2023-08-28T00:20:10.834+0000] {logging_mixin.py:151} INFO - [2023-08-28T00:20:10.834+0000] {dag.py:3677} INFO - Setting next_dagrun for example_trigger_target_dag to None, run_after=None
[2023-08-28T00:20:10.865+0000] {processor.py:179} INFO - Processing /home/airflow/.local/lib/python3.8/site-packages/airflow/example_dags/example_trigger_target_dag.py took 0.160 seconds
[2023-08-28T00:20:41.338+0000] {processor.py:157} INFO - Started process (PID=1329) to work on /home/airflow/.local/lib/python3.8/site-packages/airflow/example_dags/example_trigger_target_dag.py
[2023-08-28T00:20:41.339+0000] {processor.py:829} INFO - Processing file /home/airflow/.local/lib/python3.8/site-packages/airflow/example_dags/example_trigger_target_dag.py for tasks to queue
[2023-08-28T00:20:41.341+0000] {logging_mixin.py:151} INFO - [2023-08-28T00:20:41.341+0000] {dagbag.py:539} INFO - Filling up the DagBag from /home/airflow/.local/lib/python3.8/site-packages/airflow/example_dags/example_trigger_target_dag.py
[2023-08-28T00:20:41.350+0000] {processor.py:839} INFO - DAG(s) dict_keys(['example_trigger_target_dag']) retrieved from /home/airflow/.local/lib/python3.8/site-packages/airflow/example_dags/example_trigger_target_dag.py
[2023-08-28T00:20:41.427+0000] {logging_mixin.py:151} INFO - [2023-08-28T00:20:41.427+0000] {dag.py:2907} INFO - Sync 1 DAGs
[2023-08-28T00:20:41.445+0000] {logging_mixin.py:151} INFO - [2023-08-28T00:20:41.445+0000] {dag.py:3677} INFO - Setting next_dagrun for example_trigger_target_dag to None, run_after=None
[2023-08-28T00:20:41.471+0000] {processor.py:179} INFO - Processing /home/airflow/.local/lib/python3.8/site-packages/airflow/example_dags/example_trigger_target_dag.py took 0.136 seconds
[2023-08-28T00:21:11.688+0000] {processor.py:157} INFO - Started process (PID=1384) to work on /home/airflow/.local/lib/python3.8/site-packages/airflow/example_dags/example_trigger_target_dag.py
[2023-08-28T00:21:11.689+0000] {processor.py:829} INFO - Processing file /home/airflow/.local/lib/python3.8/site-packages/airflow/example_dags/example_trigger_target_dag.py for tasks to queue
[2023-08-28T00:21:11.692+0000] {logging_mixin.py:151} INFO - [2023-08-28T00:21:11.692+0000] {dagbag.py:539} INFO - Filling up the DagBag from /home/airflow/.local/lib/python3.8/site-packages/airflow/example_dags/example_trigger_target_dag.py
[2023-08-28T00:21:11.702+0000] {processor.py:839} INFO - DAG(s) dict_keys(['example_trigger_target_dag']) retrieved from /home/airflow/.local/lib/python3.8/site-packages/airflow/example_dags/example_trigger_target_dag.py
[2023-08-28T00:21:11.782+0000] {logging_mixin.py:151} INFO - [2023-08-28T00:21:11.781+0000] {dag.py:2907} INFO - Sync 1 DAGs
[2023-08-28T00:21:11.801+0000] {logging_mixin.py:151} INFO - [2023-08-28T00:21:11.801+0000] {dag.py:3677} INFO - Setting next_dagrun for example_trigger_target_dag to None, run_after=None
[2023-08-28T00:21:11.826+0000] {processor.py:179} INFO - Processing /home/airflow/.local/lib/python3.8/site-packages/airflow/example_dags/example_trigger_target_dag.py took 0.141 seconds
[2023-08-28T00:21:43.029+0000] {processor.py:157} INFO - Started process (PID=1439) to work on /home/airflow/.local/lib/python3.8/site-packages/airflow/example_dags/example_trigger_target_dag.py
[2023-08-28T00:21:43.033+0000] {processor.py:829} INFO - Processing file /home/airflow/.local/lib/python3.8/site-packages/airflow/example_dags/example_trigger_target_dag.py for tasks to queue
[2023-08-28T00:21:43.039+0000] {logging_mixin.py:151} INFO - [2023-08-28T00:21:43.038+0000] {dagbag.py:539} INFO - Filling up the DagBag from /home/airflow/.local/lib/python3.8/site-packages/airflow/example_dags/example_trigger_target_dag.py
[2023-08-28T00:21:43.060+0000] {processor.py:839} INFO - DAG(s) dict_keys(['example_trigger_target_dag']) retrieved from /home/airflow/.local/lib/python3.8/site-packages/airflow/example_dags/example_trigger_target_dag.py
[2023-08-28T00:21:43.175+0000] {logging_mixin.py:151} INFO - [2023-08-28T00:21:43.175+0000] {dag.py:2907} INFO - Sync 1 DAGs
[2023-08-28T00:21:43.239+0000] {logging_mixin.py:151} INFO - [2023-08-28T00:21:43.238+0000] {dag.py:3677} INFO - Setting next_dagrun for example_trigger_target_dag to None, run_after=None
[2023-08-28T00:21:43.327+0000] {processor.py:179} INFO - Processing /home/airflow/.local/lib/python3.8/site-packages/airflow/example_dags/example_trigger_target_dag.py took 0.302 seconds
