[2023-08-28T00:01:54.584+0000] {processor.py:157} INFO - Started process (PID=35) to work on /home/airflow/.local/lib/python3.8/site-packages/airflow/example_dags/example_xcomargs.py
[2023-08-28T00:01:54.586+0000] {processor.py:829} INFO - Processing file /home/airflow/.local/lib/python3.8/site-packages/airflow/example_dags/example_xcomargs.py for tasks to queue
[2023-08-28T00:01:54.590+0000] {logging_mixin.py:151} INFO - [2023-08-28T00:01:54.590+0000] {dagbag.py:539} INFO - Filling up the DagBag from /home/airflow/.local/lib/python3.8/site-packages/airflow/example_dags/example_xcomargs.py
[2023-08-28T00:01:54.611+0000] {processor.py:839} INFO - DAG(s) dict_keys(['example_xcom_args_with_operators', 'example_xcom_args']) retrieved from /home/airflow/.local/lib/python3.8/site-packages/airflow/example_dags/example_xcomargs.py
[2023-08-28T00:01:54.916+0000] {logging_mixin.py:151} INFO - [2023-08-28T00:01:54.916+0000] {manager.py:501} INFO - Created Permission View: can edit on DAG:example_xcom_args_with_operators
[2023-08-28T00:01:54.930+0000] {logging_mixin.py:151} INFO - [2023-08-28T00:01:54.930+0000] {manager.py:501} INFO - Created Permission View: can delete on DAG:example_xcom_args_with_operators
[2023-08-28T00:01:54.939+0000] {logging_mixin.py:151} INFO - [2023-08-28T00:01:54.939+0000] {manager.py:501} INFO - Created Permission View: can read on DAG:example_xcom_args_with_operators
[2023-08-28T00:01:54.971+0000] {logging_mixin.py:151} INFO - [2023-08-28T00:01:54.971+0000] {manager.py:501} INFO - Created Permission View: can edit on DAG:example_xcom_args
[2023-08-28T00:01:54.978+0000] {logging_mixin.py:151} INFO - [2023-08-28T00:01:54.978+0000] {manager.py:501} INFO - Created Permission View: can delete on DAG:example_xcom_args
[2023-08-28T00:01:54.985+0000] {logging_mixin.py:151} INFO - [2023-08-28T00:01:54.985+0000] {manager.py:501} INFO - Created Permission View: can read on DAG:example_xcom_args
[2023-08-28T00:01:54.992+0000] {logging_mixin.py:151} INFO - [2023-08-28T00:01:54.992+0000] {dag.py:2907} INFO - Sync 2 DAGs
[2023-08-28T00:01:55.005+0000] {logging_mixin.py:151} INFO - [2023-08-28T00:01:55.005+0000] {dag.py:2929} INFO - Creating ORM DAG for example_xcom_args
[2023-08-28T00:01:55.007+0000] {logging_mixin.py:151} INFO - [2023-08-28T00:01:55.006+0000] {dag.py:2929} INFO - Creating ORM DAG for example_xcom_args_with_operators
[2023-08-28T00:01:55.008+0000] {logging_mixin.py:151} INFO - [2023-08-28T00:01:55.008+0000] {dag.py:3677} INFO - Setting next_dagrun for example_xcom_args to None, run_after=None
[2023-08-28T00:01:55.009+0000] {logging_mixin.py:151} INFO - [2023-08-28T00:01:55.009+0000] {dag.py:3677} INFO - Setting next_dagrun for example_xcom_args_with_operators to None, run_after=None
[2023-08-28T00:01:55.029+0000] {processor.py:179} INFO - Processing /home/airflow/.local/lib/python3.8/site-packages/airflow/example_dags/example_xcomargs.py took 0.448 seconds
[2023-08-28T00:02:26.945+0000] {processor.py:157} INFO - Started process (PID=90) to work on /home/airflow/.local/lib/python3.8/site-packages/airflow/example_dags/example_xcomargs.py
[2023-08-28T00:02:26.950+0000] {processor.py:829} INFO - Processing file /home/airflow/.local/lib/python3.8/site-packages/airflow/example_dags/example_xcomargs.py for tasks to queue
[2023-08-28T00:02:26.952+0000] {logging_mixin.py:151} INFO - [2023-08-28T00:02:26.952+0000] {dagbag.py:539} INFO - Filling up the DagBag from /home/airflow/.local/lib/python3.8/site-packages/airflow/example_dags/example_xcomargs.py
[2023-08-28T00:02:26.966+0000] {processor.py:839} INFO - DAG(s) dict_keys(['example_xcom_args_with_operators', 'example_xcom_args']) retrieved from /home/airflow/.local/lib/python3.8/site-packages/airflow/example_dags/example_xcomargs.py
[2023-08-28T00:02:27.059+0000] {logging_mixin.py:151} INFO - [2023-08-28T00:02:27.059+0000] {dag.py:2907} INFO - Sync 2 DAGs
[2023-08-28T00:02:27.191+0000] {logging_mixin.py:151} INFO - [2023-08-28T00:02:27.191+0000] {dag.py:3677} INFO - Setting next_dagrun for example_xcom_args to None, run_after=None
[2023-08-28T00:02:27.195+0000] {logging_mixin.py:151} INFO - [2023-08-28T00:02:27.195+0000] {dag.py:3677} INFO - Setting next_dagrun for example_xcom_args_with_operators to None, run_after=None
[2023-08-28T00:02:27.223+0000] {processor.py:179} INFO - Processing /home/airflow/.local/lib/python3.8/site-packages/airflow/example_dags/example_xcomargs.py took 0.282 seconds
[2023-08-28T00:02:57.906+0000] {processor.py:157} INFO - Started process (PID=145) to work on /home/airflow/.local/lib/python3.8/site-packages/airflow/example_dags/example_xcomargs.py
[2023-08-28T00:02:57.909+0000] {processor.py:829} INFO - Processing file /home/airflow/.local/lib/python3.8/site-packages/airflow/example_dags/example_xcomargs.py for tasks to queue
[2023-08-28T00:02:57.913+0000] {logging_mixin.py:151} INFO - [2023-08-28T00:02:57.912+0000] {dagbag.py:539} INFO - Filling up the DagBag from /home/airflow/.local/lib/python3.8/site-packages/airflow/example_dags/example_xcomargs.py
[2023-08-28T00:02:57.926+0000] {processor.py:839} INFO - DAG(s) dict_keys(['example_xcom_args_with_operators', 'example_xcom_args']) retrieved from /home/airflow/.local/lib/python3.8/site-packages/airflow/example_dags/example_xcomargs.py
[2023-08-28T00:02:58.015+0000] {logging_mixin.py:151} INFO - [2023-08-28T00:02:58.015+0000] {dag.py:2907} INFO - Sync 2 DAGs
[2023-08-28T00:02:58.040+0000] {logging_mixin.py:151} INFO - [2023-08-28T00:02:58.040+0000] {dag.py:3677} INFO - Setting next_dagrun for example_xcom_args to None, run_after=None
[2023-08-28T00:02:58.047+0000] {logging_mixin.py:151} INFO - [2023-08-28T00:02:58.046+0000] {dag.py:3677} INFO - Setting next_dagrun for example_xcom_args_with_operators to None, run_after=None
[2023-08-28T00:02:58.074+0000] {processor.py:179} INFO - Processing /home/airflow/.local/lib/python3.8/site-packages/airflow/example_dags/example_xcomargs.py took 0.173 seconds
[2023-08-28T00:03:29.353+0000] {processor.py:157} INFO - Started process (PID=199) to work on /home/airflow/.local/lib/python3.8/site-packages/airflow/example_dags/example_xcomargs.py
[2023-08-28T00:03:29.364+0000] {processor.py:829} INFO - Processing file /home/airflow/.local/lib/python3.8/site-packages/airflow/example_dags/example_xcomargs.py for tasks to queue
[2023-08-28T00:03:29.381+0000] {logging_mixin.py:151} INFO - [2023-08-28T00:03:29.380+0000] {dagbag.py:539} INFO - Filling up the DagBag from /home/airflow/.local/lib/python3.8/site-packages/airflow/example_dags/example_xcomargs.py
[2023-08-28T00:03:29.436+0000] {processor.py:839} INFO - DAG(s) dict_keys(['example_xcom_args', 'example_xcom_args_with_operators']) retrieved from /home/airflow/.local/lib/python3.8/site-packages/airflow/example_dags/example_xcomargs.py
[2023-08-28T00:03:29.961+0000] {logging_mixin.py:151} INFO - [2023-08-28T00:03:29.960+0000] {dag.py:2907} INFO - Sync 2 DAGs
[2023-08-28T00:03:30.092+0000] {logging_mixin.py:151} INFO - [2023-08-28T00:03:30.092+0000] {dag.py:3677} INFO - Setting next_dagrun for example_xcom_args to None, run_after=None
[2023-08-28T00:03:30.118+0000] {logging_mixin.py:151} INFO - [2023-08-28T00:03:30.118+0000] {dag.py:3677} INFO - Setting next_dagrun for example_xcom_args_with_operators to None, run_after=None
[2023-08-28T00:03:30.239+0000] {processor.py:179} INFO - Processing /home/airflow/.local/lib/python3.8/site-packages/airflow/example_dags/example_xcomargs.py took 0.910 seconds
[2023-08-28T00:04:00.616+0000] {processor.py:157} INFO - Started process (PID=254) to work on /home/airflow/.local/lib/python3.8/site-packages/airflow/example_dags/example_xcomargs.py
[2023-08-28T00:04:00.617+0000] {processor.py:829} INFO - Processing file /home/airflow/.local/lib/python3.8/site-packages/airflow/example_dags/example_xcomargs.py for tasks to queue
[2023-08-28T00:04:00.621+0000] {logging_mixin.py:151} INFO - [2023-08-28T00:04:00.620+0000] {dagbag.py:539} INFO - Filling up the DagBag from /home/airflow/.local/lib/python3.8/site-packages/airflow/example_dags/example_xcomargs.py
[2023-08-28T00:04:00.635+0000] {processor.py:839} INFO - DAG(s) dict_keys(['example_xcom_args', 'example_xcom_args_with_operators']) retrieved from /home/airflow/.local/lib/python3.8/site-packages/airflow/example_dags/example_xcomargs.py
[2023-08-28T00:04:00.722+0000] {logging_mixin.py:151} INFO - [2023-08-28T00:04:00.722+0000] {dag.py:2907} INFO - Sync 2 DAGs
[2023-08-28T00:04:00.744+0000] {logging_mixin.py:151} INFO - [2023-08-28T00:04:00.744+0000] {dag.py:3677} INFO - Setting next_dagrun for example_xcom_args to None, run_after=None
[2023-08-28T00:04:00.748+0000] {logging_mixin.py:151} INFO - [2023-08-28T00:04:00.748+0000] {dag.py:3677} INFO - Setting next_dagrun for example_xcom_args_with_operators to None, run_after=None
[2023-08-28T00:04:00.776+0000] {processor.py:179} INFO - Processing /home/airflow/.local/lib/python3.8/site-packages/airflow/example_dags/example_xcomargs.py took 0.165 seconds
[2023-08-28T00:04:31.049+0000] {processor.py:157} INFO - Started process (PID=309) to work on /home/airflow/.local/lib/python3.8/site-packages/airflow/example_dags/example_xcomargs.py
[2023-08-28T00:04:31.051+0000] {processor.py:829} INFO - Processing file /home/airflow/.local/lib/python3.8/site-packages/airflow/example_dags/example_xcomargs.py for tasks to queue
[2023-08-28T00:04:31.055+0000] {logging_mixin.py:151} INFO - [2023-08-28T00:04:31.055+0000] {dagbag.py:539} INFO - Filling up the DagBag from /home/airflow/.local/lib/python3.8/site-packages/airflow/example_dags/example_xcomargs.py
[2023-08-28T00:04:31.073+0000] {processor.py:839} INFO - DAG(s) dict_keys(['example_xcom_args_with_operators', 'example_xcom_args']) retrieved from /home/airflow/.local/lib/python3.8/site-packages/airflow/example_dags/example_xcomargs.py
[2023-08-28T00:04:31.155+0000] {logging_mixin.py:151} INFO - [2023-08-28T00:04:31.155+0000] {dag.py:2907} INFO - Sync 2 DAGs
[2023-08-28T00:04:31.177+0000] {logging_mixin.py:151} INFO - [2023-08-28T00:04:31.177+0000] {dag.py:3677} INFO - Setting next_dagrun for example_xcom_args to None, run_after=None
[2023-08-28T00:04:31.181+0000] {logging_mixin.py:151} INFO - [2023-08-28T00:04:31.181+0000] {dag.py:3677} INFO - Setting next_dagrun for example_xcom_args_with_operators to None, run_after=None
[2023-08-28T00:04:31.209+0000] {processor.py:179} INFO - Processing /home/airflow/.local/lib/python3.8/site-packages/airflow/example_dags/example_xcomargs.py took 0.168 seconds
[2023-08-28T00:05:01.443+0000] {processor.py:157} INFO - Started process (PID=364) to work on /home/airflow/.local/lib/python3.8/site-packages/airflow/example_dags/example_xcomargs.py
[2023-08-28T00:05:01.445+0000] {processor.py:829} INFO - Processing file /home/airflow/.local/lib/python3.8/site-packages/airflow/example_dags/example_xcomargs.py for tasks to queue
[2023-08-28T00:05:01.447+0000] {logging_mixin.py:151} INFO - [2023-08-28T00:05:01.447+0000] {dagbag.py:539} INFO - Filling up the DagBag from /home/airflow/.local/lib/python3.8/site-packages/airflow/example_dags/example_xcomargs.py
[2023-08-28T00:05:01.462+0000] {processor.py:839} INFO - DAG(s) dict_keys(['example_xcom_args', 'example_xcom_args_with_operators']) retrieved from /home/airflow/.local/lib/python3.8/site-packages/airflow/example_dags/example_xcomargs.py
[2023-08-28T00:05:01.545+0000] {logging_mixin.py:151} INFO - [2023-08-28T00:05:01.545+0000] {dag.py:2907} INFO - Sync 2 DAGs
[2023-08-28T00:05:01.566+0000] {logging_mixin.py:151} INFO - [2023-08-28T00:05:01.566+0000] {dag.py:3677} INFO - Setting next_dagrun for example_xcom_args to None, run_after=None
[2023-08-28T00:05:01.570+0000] {logging_mixin.py:151} INFO - [2023-08-28T00:05:01.570+0000] {dag.py:3677} INFO - Setting next_dagrun for example_xcom_args_with_operators to None, run_after=None
[2023-08-28T00:05:01.597+0000] {processor.py:179} INFO - Processing /home/airflow/.local/lib/python3.8/site-packages/airflow/example_dags/example_xcomargs.py took 0.158 seconds
[2023-08-28T00:08:38.965+0000] {processor.py:157} INFO - Started process (PID=37) to work on /home/airflow/.local/lib/python3.8/site-packages/airflow/example_dags/example_xcomargs.py
[2023-08-28T00:08:38.969+0000] {processor.py:829} INFO - Processing file /home/airflow/.local/lib/python3.8/site-packages/airflow/example_dags/example_xcomargs.py for tasks to queue
[2023-08-28T00:08:38.978+0000] {logging_mixin.py:151} INFO - [2023-08-28T00:08:38.977+0000] {dagbag.py:539} INFO - Filling up the DagBag from /home/airflow/.local/lib/python3.8/site-packages/airflow/example_dags/example_xcomargs.py
[2023-08-28T00:08:39.030+0000] {processor.py:839} INFO - DAG(s) dict_keys(['example_xcom_args', 'example_xcom_args_with_operators']) retrieved from /home/airflow/.local/lib/python3.8/site-packages/airflow/example_dags/example_xcomargs.py
[2023-08-28T00:08:39.225+0000] {logging_mixin.py:151} INFO - [2023-08-28T00:08:39.224+0000] {dag.py:2907} INFO - Sync 2 DAGs
[2023-08-28T00:08:39.319+0000] {logging_mixin.py:151} INFO - [2023-08-28T00:08:39.318+0000] {dag.py:3677} INFO - Setting next_dagrun for example_xcom_args to None, run_after=None
[2023-08-28T00:08:39.343+0000] {logging_mixin.py:151} INFO - [2023-08-28T00:08:39.341+0000] {dag.py:3677} INFO - Setting next_dagrun for example_xcom_args_with_operators to None, run_after=None
[2023-08-28T00:08:39.573+0000] {processor.py:179} INFO - Processing /home/airflow/.local/lib/python3.8/site-packages/airflow/example_dags/example_xcomargs.py took 0.620 seconds
[2023-08-28T00:09:10.979+0000] {processor.py:157} INFO - Started process (PID=91) to work on /home/airflow/.local/lib/python3.8/site-packages/airflow/example_dags/example_xcomargs.py
[2023-08-28T00:09:10.983+0000] {processor.py:829} INFO - Processing file /home/airflow/.local/lib/python3.8/site-packages/airflow/example_dags/example_xcomargs.py for tasks to queue
[2023-08-28T00:09:10.987+0000] {logging_mixin.py:151} INFO - [2023-08-28T00:09:10.987+0000] {dagbag.py:539} INFO - Filling up the DagBag from /home/airflow/.local/lib/python3.8/site-packages/airflow/example_dags/example_xcomargs.py
[2023-08-28T00:09:11.024+0000] {processor.py:839} INFO - DAG(s) dict_keys(['example_xcom_args', 'example_xcom_args_with_operators']) retrieved from /home/airflow/.local/lib/python3.8/site-packages/airflow/example_dags/example_xcomargs.py
[2023-08-28T00:09:11.268+0000] {logging_mixin.py:151} INFO - [2023-08-28T00:09:11.267+0000] {dag.py:2907} INFO - Sync 2 DAGs
[2023-08-28T00:09:11.294+0000] {logging_mixin.py:151} INFO - [2023-08-28T00:09:11.294+0000] {dag.py:3677} INFO - Setting next_dagrun for example_xcom_args to None, run_after=None
[2023-08-28T00:09:11.301+0000] {logging_mixin.py:151} INFO - [2023-08-28T00:09:11.301+0000] {dag.py:3677} INFO - Setting next_dagrun for example_xcom_args_with_operators to None, run_after=None
[2023-08-28T00:09:11.335+0000] {processor.py:179} INFO - Processing /home/airflow/.local/lib/python3.8/site-packages/airflow/example_dags/example_xcomargs.py took 0.362 seconds
[2023-08-28T00:09:41.896+0000] {processor.py:157} INFO - Started process (PID=146) to work on /home/airflow/.local/lib/python3.8/site-packages/airflow/example_dags/example_xcomargs.py
[2023-08-28T00:09:41.898+0000] {processor.py:829} INFO - Processing file /home/airflow/.local/lib/python3.8/site-packages/airflow/example_dags/example_xcomargs.py for tasks to queue
[2023-08-28T00:09:41.901+0000] {logging_mixin.py:151} INFO - [2023-08-28T00:09:41.900+0000] {dagbag.py:539} INFO - Filling up the DagBag from /home/airflow/.local/lib/python3.8/site-packages/airflow/example_dags/example_xcomargs.py
[2023-08-28T00:09:41.912+0000] {processor.py:839} INFO - DAG(s) dict_keys(['example_xcom_args', 'example_xcom_args_with_operators']) retrieved from /home/airflow/.local/lib/python3.8/site-packages/airflow/example_dags/example_xcomargs.py
[2023-08-28T00:09:42.004+0000] {logging_mixin.py:151} INFO - [2023-08-28T00:09:42.004+0000] {dag.py:2907} INFO - Sync 2 DAGs
[2023-08-28T00:09:42.027+0000] {logging_mixin.py:151} INFO - [2023-08-28T00:09:42.027+0000] {dag.py:3677} INFO - Setting next_dagrun for example_xcom_args to None, run_after=None
[2023-08-28T00:09:42.032+0000] {logging_mixin.py:151} INFO - [2023-08-28T00:09:42.032+0000] {dag.py:3677} INFO - Setting next_dagrun for example_xcom_args_with_operators to None, run_after=None
[2023-08-28T00:09:42.060+0000] {processor.py:179} INFO - Processing /home/airflow/.local/lib/python3.8/site-packages/airflow/example_dags/example_xcomargs.py took 0.167 seconds
[2023-08-28T00:10:13.027+0000] {processor.py:157} INFO - Started process (PID=201) to work on /home/airflow/.local/lib/python3.8/site-packages/airflow/example_dags/example_xcomargs.py
[2023-08-28T00:10:13.028+0000] {processor.py:829} INFO - Processing file /home/airflow/.local/lib/python3.8/site-packages/airflow/example_dags/example_xcomargs.py for tasks to queue
[2023-08-28T00:10:13.030+0000] {logging_mixin.py:151} INFO - [2023-08-28T00:10:13.030+0000] {dagbag.py:539} INFO - Filling up the DagBag from /home/airflow/.local/lib/python3.8/site-packages/airflow/example_dags/example_xcomargs.py
[2023-08-28T00:10:13.043+0000] {processor.py:839} INFO - DAG(s) dict_keys(['example_xcom_args', 'example_xcom_args_with_operators']) retrieved from /home/airflow/.local/lib/python3.8/site-packages/airflow/example_dags/example_xcomargs.py
[2023-08-28T00:10:13.125+0000] {logging_mixin.py:151} INFO - [2023-08-28T00:10:13.125+0000] {dag.py:2907} INFO - Sync 2 DAGs
[2023-08-28T00:10:13.147+0000] {logging_mixin.py:151} INFO - [2023-08-28T00:10:13.147+0000] {dag.py:3677} INFO - Setting next_dagrun for example_xcom_args to None, run_after=None
[2023-08-28T00:10:13.151+0000] {logging_mixin.py:151} INFO - [2023-08-28T00:10:13.151+0000] {dag.py:3677} INFO - Setting next_dagrun for example_xcom_args_with_operators to None, run_after=None
[2023-08-28T00:10:13.187+0000] {processor.py:179} INFO - Processing /home/airflow/.local/lib/python3.8/site-packages/airflow/example_dags/example_xcomargs.py took 0.164 seconds
[2023-08-28T00:10:43.448+0000] {processor.py:157} INFO - Started process (PID=256) to work on /home/airflow/.local/lib/python3.8/site-packages/airflow/example_dags/example_xcomargs.py
[2023-08-28T00:10:43.449+0000] {processor.py:829} INFO - Processing file /home/airflow/.local/lib/python3.8/site-packages/airflow/example_dags/example_xcomargs.py for tasks to queue
[2023-08-28T00:10:43.452+0000] {logging_mixin.py:151} INFO - [2023-08-28T00:10:43.451+0000] {dagbag.py:539} INFO - Filling up the DagBag from /home/airflow/.local/lib/python3.8/site-packages/airflow/example_dags/example_xcomargs.py
[2023-08-28T00:10:43.463+0000] {processor.py:839} INFO - DAG(s) dict_keys(['example_xcom_args', 'example_xcom_args_with_operators']) retrieved from /home/airflow/.local/lib/python3.8/site-packages/airflow/example_dags/example_xcomargs.py
[2023-08-28T00:10:43.547+0000] {logging_mixin.py:151} INFO - [2023-08-28T00:10:43.546+0000] {dag.py:2907} INFO - Sync 2 DAGs
[2023-08-28T00:10:43.574+0000] {logging_mixin.py:151} INFO - [2023-08-28T00:10:43.574+0000] {dag.py:3677} INFO - Setting next_dagrun for example_xcom_args to None, run_after=None
[2023-08-28T00:10:43.579+0000] {logging_mixin.py:151} INFO - [2023-08-28T00:10:43.579+0000] {dag.py:3677} INFO - Setting next_dagrun for example_xcom_args_with_operators to None, run_after=None
[2023-08-28T00:10:43.606+0000] {processor.py:179} INFO - Processing /home/airflow/.local/lib/python3.8/site-packages/airflow/example_dags/example_xcomargs.py took 0.161 seconds
[2023-08-28T00:11:14.567+0000] {processor.py:157} INFO - Started process (PID=311) to work on /home/airflow/.local/lib/python3.8/site-packages/airflow/example_dags/example_xcomargs.py
[2023-08-28T00:11:14.569+0000] {processor.py:829} INFO - Processing file /home/airflow/.local/lib/python3.8/site-packages/airflow/example_dags/example_xcomargs.py for tasks to queue
[2023-08-28T00:11:14.571+0000] {logging_mixin.py:151} INFO - [2023-08-28T00:11:14.570+0000] {dagbag.py:539} INFO - Filling up the DagBag from /home/airflow/.local/lib/python3.8/site-packages/airflow/example_dags/example_xcomargs.py
[2023-08-28T00:11:14.581+0000] {processor.py:839} INFO - DAG(s) dict_keys(['example_xcom_args', 'example_xcom_args_with_operators']) retrieved from /home/airflow/.local/lib/python3.8/site-packages/airflow/example_dags/example_xcomargs.py
[2023-08-28T00:11:14.654+0000] {logging_mixin.py:151} INFO - [2023-08-28T00:11:14.653+0000] {dag.py:2907} INFO - Sync 2 DAGs
[2023-08-28T00:11:14.675+0000] {logging_mixin.py:151} INFO - [2023-08-28T00:11:14.675+0000] {dag.py:3677} INFO - Setting next_dagrun for example_xcom_args to None, run_after=None
[2023-08-28T00:11:14.679+0000] {logging_mixin.py:151} INFO - [2023-08-28T00:11:14.679+0000] {dag.py:3677} INFO - Setting next_dagrun for example_xcom_args_with_operators to None, run_after=None
[2023-08-28T00:11:14.701+0000] {processor.py:179} INFO - Processing /home/airflow/.local/lib/python3.8/site-packages/airflow/example_dags/example_xcomargs.py took 0.137 seconds
[2023-08-28T00:11:45.698+0000] {processor.py:157} INFO - Started process (PID=365) to work on /home/airflow/.local/lib/python3.8/site-packages/airflow/example_dags/example_xcomargs.py
[2023-08-28T00:11:45.700+0000] {processor.py:829} INFO - Processing file /home/airflow/.local/lib/python3.8/site-packages/airflow/example_dags/example_xcomargs.py for tasks to queue
[2023-08-28T00:11:45.703+0000] {logging_mixin.py:151} INFO - [2023-08-28T00:11:45.703+0000] {dagbag.py:539} INFO - Filling up the DagBag from /home/airflow/.local/lib/python3.8/site-packages/airflow/example_dags/example_xcomargs.py
[2023-08-28T00:11:45.726+0000] {processor.py:839} INFO - DAG(s) dict_keys(['example_xcom_args', 'example_xcom_args_with_operators']) retrieved from /home/airflow/.local/lib/python3.8/site-packages/airflow/example_dags/example_xcomargs.py
[2023-08-28T00:11:45.886+0000] {logging_mixin.py:151} INFO - [2023-08-28T00:11:45.886+0000] {dag.py:2907} INFO - Sync 2 DAGs
[2023-08-28T00:11:45.941+0000] {logging_mixin.py:151} INFO - [2023-08-28T00:11:45.941+0000] {dag.py:3677} INFO - Setting next_dagrun for example_xcom_args to None, run_after=None
[2023-08-28T00:11:45.947+0000] {logging_mixin.py:151} INFO - [2023-08-28T00:11:45.947+0000] {dag.py:3677} INFO - Setting next_dagrun for example_xcom_args_with_operators to None, run_after=None
[2023-08-28T00:11:45.974+0000] {processor.py:179} INFO - Processing /home/airflow/.local/lib/python3.8/site-packages/airflow/example_dags/example_xcomargs.py took 0.280 seconds
[2023-08-28T00:12:16.577+0000] {processor.py:157} INFO - Started process (PID=426) to work on /home/airflow/.local/lib/python3.8/site-packages/airflow/example_dags/example_xcomargs.py
[2023-08-28T00:12:16.578+0000] {processor.py:829} INFO - Processing file /home/airflow/.local/lib/python3.8/site-packages/airflow/example_dags/example_xcomargs.py for tasks to queue
[2023-08-28T00:12:16.582+0000] {logging_mixin.py:151} INFO - [2023-08-28T00:12:16.581+0000] {dagbag.py:539} INFO - Filling up the DagBag from /home/airflow/.local/lib/python3.8/site-packages/airflow/example_dags/example_xcomargs.py
[2023-08-28T00:12:16.600+0000] {processor.py:839} INFO - DAG(s) dict_keys(['example_xcom_args_with_operators', 'example_xcom_args']) retrieved from /home/airflow/.local/lib/python3.8/site-packages/airflow/example_dags/example_xcomargs.py
[2023-08-28T00:12:16.695+0000] {logging_mixin.py:151} INFO - [2023-08-28T00:12:16.694+0000] {dag.py:2907} INFO - Sync 2 DAGs
[2023-08-28T00:12:16.732+0000] {logging_mixin.py:151} INFO - [2023-08-28T00:12:16.732+0000] {dag.py:3677} INFO - Setting next_dagrun for example_xcom_args to None, run_after=None
[2023-08-28T00:12:16.744+0000] {logging_mixin.py:151} INFO - [2023-08-28T00:12:16.744+0000] {dag.py:3677} INFO - Setting next_dagrun for example_xcom_args_with_operators to None, run_after=None
[2023-08-28T00:12:16.798+0000] {processor.py:179} INFO - Processing /home/airflow/.local/lib/python3.8/site-packages/airflow/example_dags/example_xcomargs.py took 0.226 seconds
[2023-08-28T00:12:47.826+0000] {processor.py:157} INFO - Started process (PID=481) to work on /home/airflow/.local/lib/python3.8/site-packages/airflow/example_dags/example_xcomargs.py
[2023-08-28T00:12:47.827+0000] {processor.py:829} INFO - Processing file /home/airflow/.local/lib/python3.8/site-packages/airflow/example_dags/example_xcomargs.py for tasks to queue
[2023-08-28T00:12:47.830+0000] {logging_mixin.py:151} INFO - [2023-08-28T00:12:47.830+0000] {dagbag.py:539} INFO - Filling up the DagBag from /home/airflow/.local/lib/python3.8/site-packages/airflow/example_dags/example_xcomargs.py
[2023-08-28T00:12:47.844+0000] {processor.py:839} INFO - DAG(s) dict_keys(['example_xcom_args', 'example_xcom_args_with_operators']) retrieved from /home/airflow/.local/lib/python3.8/site-packages/airflow/example_dags/example_xcomargs.py
[2023-08-28T00:12:47.925+0000] {logging_mixin.py:151} INFO - [2023-08-28T00:12:47.925+0000] {dag.py:2907} INFO - Sync 2 DAGs
[2023-08-28T00:12:47.946+0000] {logging_mixin.py:151} INFO - [2023-08-28T00:12:47.946+0000] {dag.py:3677} INFO - Setting next_dagrun for example_xcom_args to None, run_after=None
[2023-08-28T00:12:47.950+0000] {logging_mixin.py:151} INFO - [2023-08-28T00:12:47.950+0000] {dag.py:3677} INFO - Setting next_dagrun for example_xcom_args_with_operators to None, run_after=None
[2023-08-28T00:12:47.975+0000] {processor.py:179} INFO - Processing /home/airflow/.local/lib/python3.8/site-packages/airflow/example_dags/example_xcomargs.py took 0.154 seconds
[2023-08-28T00:13:18.118+0000] {processor.py:157} INFO - Started process (PID=535) to work on /home/airflow/.local/lib/python3.8/site-packages/airflow/example_dags/example_xcomargs.py
[2023-08-28T00:13:18.121+0000] {processor.py:829} INFO - Processing file /home/airflow/.local/lib/python3.8/site-packages/airflow/example_dags/example_xcomargs.py for tasks to queue
[2023-08-28T00:13:18.129+0000] {logging_mixin.py:151} INFO - [2023-08-28T00:13:18.128+0000] {dagbag.py:539} INFO - Filling up the DagBag from /home/airflow/.local/lib/python3.8/site-packages/airflow/example_dags/example_xcomargs.py
[2023-08-28T00:13:18.152+0000] {processor.py:839} INFO - DAG(s) dict_keys(['example_xcom_args', 'example_xcom_args_with_operators']) retrieved from /home/airflow/.local/lib/python3.8/site-packages/airflow/example_dags/example_xcomargs.py
[2023-08-28T00:13:18.344+0000] {logging_mixin.py:151} INFO - [2023-08-28T00:13:18.343+0000] {dag.py:2907} INFO - Sync 2 DAGs
[2023-08-28T00:13:18.398+0000] {logging_mixin.py:151} INFO - [2023-08-28T00:13:18.397+0000] {dag.py:3677} INFO - Setting next_dagrun for example_xcom_args to None, run_after=None
[2023-08-28T00:13:18.405+0000] {logging_mixin.py:151} INFO - [2023-08-28T00:13:18.405+0000] {dag.py:3677} INFO - Setting next_dagrun for example_xcom_args_with_operators to None, run_after=None
[2023-08-28T00:13:18.486+0000] {processor.py:179} INFO - Processing /home/airflow/.local/lib/python3.8/site-packages/airflow/example_dags/example_xcomargs.py took 0.373 seconds
[2023-08-28T00:13:49.288+0000] {processor.py:157} INFO - Started process (PID=590) to work on /home/airflow/.local/lib/python3.8/site-packages/airflow/example_dags/example_xcomargs.py
[2023-08-28T00:13:49.289+0000] {processor.py:829} INFO - Processing file /home/airflow/.local/lib/python3.8/site-packages/airflow/example_dags/example_xcomargs.py for tasks to queue
[2023-08-28T00:13:49.292+0000] {logging_mixin.py:151} INFO - [2023-08-28T00:13:49.292+0000] {dagbag.py:539} INFO - Filling up the DagBag from /home/airflow/.local/lib/python3.8/site-packages/airflow/example_dags/example_xcomargs.py
[2023-08-28T00:13:49.305+0000] {processor.py:839} INFO - DAG(s) dict_keys(['example_xcom_args_with_operators', 'example_xcom_args']) retrieved from /home/airflow/.local/lib/python3.8/site-packages/airflow/example_dags/example_xcomargs.py
[2023-08-28T00:13:49.389+0000] {logging_mixin.py:151} INFO - [2023-08-28T00:13:49.389+0000] {dag.py:2907} INFO - Sync 2 DAGs
[2023-08-28T00:13:49.410+0000] {logging_mixin.py:151} INFO - [2023-08-28T00:13:49.409+0000] {dag.py:3677} INFO - Setting next_dagrun for example_xcom_args to None, run_after=None
[2023-08-28T00:13:49.414+0000] {logging_mixin.py:151} INFO - [2023-08-28T00:13:49.413+0000] {dag.py:3677} INFO - Setting next_dagrun for example_xcom_args_with_operators to None, run_after=None
[2023-08-28T00:13:49.438+0000] {processor.py:179} INFO - Processing /home/airflow/.local/lib/python3.8/site-packages/airflow/example_dags/example_xcomargs.py took 0.154 seconds
[2023-08-28T00:14:19.575+0000] {processor.py:157} INFO - Started process (PID=645) to work on /home/airflow/.local/lib/python3.8/site-packages/airflow/example_dags/example_xcomargs.py
[2023-08-28T00:14:19.578+0000] {processor.py:829} INFO - Processing file /home/airflow/.local/lib/python3.8/site-packages/airflow/example_dags/example_xcomargs.py for tasks to queue
[2023-08-28T00:14:19.586+0000] {logging_mixin.py:151} INFO - [2023-08-28T00:14:19.585+0000] {dagbag.py:539} INFO - Filling up the DagBag from /home/airflow/.local/lib/python3.8/site-packages/airflow/example_dags/example_xcomargs.py
[2023-08-28T00:14:19.615+0000] {processor.py:839} INFO - DAG(s) dict_keys(['example_xcom_args_with_operators', 'example_xcom_args']) retrieved from /home/airflow/.local/lib/python3.8/site-packages/airflow/example_dags/example_xcomargs.py
[2023-08-28T00:14:19.731+0000] {logging_mixin.py:151} INFO - [2023-08-28T00:14:19.730+0000] {dag.py:2907} INFO - Sync 2 DAGs
[2023-08-28T00:14:19.763+0000] {logging_mixin.py:151} INFO - [2023-08-28T00:14:19.762+0000] {dag.py:3677} INFO - Setting next_dagrun for example_xcom_args to None, run_after=None
[2023-08-28T00:14:19.769+0000] {logging_mixin.py:151} INFO - [2023-08-28T00:14:19.769+0000] {dag.py:3677} INFO - Setting next_dagrun for example_xcom_args_with_operators to None, run_after=None
[2023-08-28T00:14:19.804+0000] {processor.py:179} INFO - Processing /home/airflow/.local/lib/python3.8/site-packages/airflow/example_dags/example_xcomargs.py took 0.235 seconds
[2023-08-28T00:14:50.573+0000] {processor.py:157} INFO - Started process (PID=700) to work on /home/airflow/.local/lib/python3.8/site-packages/airflow/example_dags/example_xcomargs.py
[2023-08-28T00:14:50.575+0000] {processor.py:829} INFO - Processing file /home/airflow/.local/lib/python3.8/site-packages/airflow/example_dags/example_xcomargs.py for tasks to queue
[2023-08-28T00:14:50.578+0000] {logging_mixin.py:151} INFO - [2023-08-28T00:14:50.577+0000] {dagbag.py:539} INFO - Filling up the DagBag from /home/airflow/.local/lib/python3.8/site-packages/airflow/example_dags/example_xcomargs.py
[2023-08-28T00:14:50.592+0000] {processor.py:839} INFO - DAG(s) dict_keys(['example_xcom_args', 'example_xcom_args_with_operators']) retrieved from /home/airflow/.local/lib/python3.8/site-packages/airflow/example_dags/example_xcomargs.py
[2023-08-28T00:14:50.676+0000] {logging_mixin.py:151} INFO - [2023-08-28T00:14:50.675+0000] {dag.py:2907} INFO - Sync 2 DAGs
[2023-08-28T00:14:50.698+0000] {logging_mixin.py:151} INFO - [2023-08-28T00:14:50.698+0000] {dag.py:3677} INFO - Setting next_dagrun for example_xcom_args to None, run_after=None
[2023-08-28T00:14:50.703+0000] {logging_mixin.py:151} INFO - [2023-08-28T00:14:50.703+0000] {dag.py:3677} INFO - Setting next_dagrun for example_xcom_args_with_operators to None, run_after=None
[2023-08-28T00:14:50.739+0000] {processor.py:179} INFO - Processing /home/airflow/.local/lib/python3.8/site-packages/airflow/example_dags/example_xcomargs.py took 0.170 seconds
[2023-08-28T00:15:21.441+0000] {processor.py:157} INFO - Started process (PID=755) to work on /home/airflow/.local/lib/python3.8/site-packages/airflow/example_dags/example_xcomargs.py
[2023-08-28T00:15:21.443+0000] {processor.py:829} INFO - Processing file /home/airflow/.local/lib/python3.8/site-packages/airflow/example_dags/example_xcomargs.py for tasks to queue
[2023-08-28T00:15:21.446+0000] {logging_mixin.py:151} INFO - [2023-08-28T00:15:21.445+0000] {dagbag.py:539} INFO - Filling up the DagBag from /home/airflow/.local/lib/python3.8/site-packages/airflow/example_dags/example_xcomargs.py
[2023-08-28T00:15:21.461+0000] {processor.py:839} INFO - DAG(s) dict_keys(['example_xcom_args', 'example_xcom_args_with_operators']) retrieved from /home/airflow/.local/lib/python3.8/site-packages/airflow/example_dags/example_xcomargs.py
[2023-08-28T00:15:21.566+0000] {logging_mixin.py:151} INFO - [2023-08-28T00:15:21.566+0000] {dag.py:2907} INFO - Sync 2 DAGs
[2023-08-28T00:15:21.590+0000] {logging_mixin.py:151} INFO - [2023-08-28T00:15:21.589+0000] {dag.py:3677} INFO - Setting next_dagrun for example_xcom_args to None, run_after=None
[2023-08-28T00:15:21.595+0000] {logging_mixin.py:151} INFO - [2023-08-28T00:15:21.595+0000] {dag.py:3677} INFO - Setting next_dagrun for example_xcom_args_with_operators to None, run_after=None
[2023-08-28T00:15:21.623+0000] {processor.py:179} INFO - Processing /home/airflow/.local/lib/python3.8/site-packages/airflow/example_dags/example_xcomargs.py took 0.187 seconds
[2023-08-28T00:15:52.325+0000] {processor.py:157} INFO - Started process (PID=810) to work on /home/airflow/.local/lib/python3.8/site-packages/airflow/example_dags/example_xcomargs.py
[2023-08-28T00:15:52.326+0000] {processor.py:829} INFO - Processing file /home/airflow/.local/lib/python3.8/site-packages/airflow/example_dags/example_xcomargs.py for tasks to queue
[2023-08-28T00:15:52.335+0000] {logging_mixin.py:151} INFO - [2023-08-28T00:15:52.334+0000] {dagbag.py:539} INFO - Filling up the DagBag from /home/airflow/.local/lib/python3.8/site-packages/airflow/example_dags/example_xcomargs.py
[2023-08-28T00:15:52.357+0000] {processor.py:839} INFO - DAG(s) dict_keys(['example_xcom_args', 'example_xcom_args_with_operators']) retrieved from /home/airflow/.local/lib/python3.8/site-packages/airflow/example_dags/example_xcomargs.py
[2023-08-28T00:15:52.465+0000] {logging_mixin.py:151} INFO - [2023-08-28T00:15:52.464+0000] {dag.py:2907} INFO - Sync 2 DAGs
[2023-08-28T00:15:52.496+0000] {logging_mixin.py:151} INFO - [2023-08-28T00:15:52.496+0000] {dag.py:3677} INFO - Setting next_dagrun for example_xcom_args to None, run_after=None
[2023-08-28T00:15:52.501+0000] {logging_mixin.py:151} INFO - [2023-08-28T00:15:52.500+0000] {dag.py:3677} INFO - Setting next_dagrun for example_xcom_args_with_operators to None, run_after=None
[2023-08-28T00:15:52.529+0000] {processor.py:179} INFO - Processing /home/airflow/.local/lib/python3.8/site-packages/airflow/example_dags/example_xcomargs.py took 0.209 seconds
[2023-08-28T00:16:22.771+0000] {processor.py:157} INFO - Started process (PID=865) to work on /home/airflow/.local/lib/python3.8/site-packages/airflow/example_dags/example_xcomargs.py
[2023-08-28T00:16:22.774+0000] {processor.py:829} INFO - Processing file /home/airflow/.local/lib/python3.8/site-packages/airflow/example_dags/example_xcomargs.py for tasks to queue
[2023-08-28T00:16:22.777+0000] {logging_mixin.py:151} INFO - [2023-08-28T00:16:22.776+0000] {dagbag.py:539} INFO - Filling up the DagBag from /home/airflow/.local/lib/python3.8/site-packages/airflow/example_dags/example_xcomargs.py
[2023-08-28T00:16:22.792+0000] {processor.py:839} INFO - DAG(s) dict_keys(['example_xcom_args', 'example_xcom_args_with_operators']) retrieved from /home/airflow/.local/lib/python3.8/site-packages/airflow/example_dags/example_xcomargs.py
[2023-08-28T00:16:22.874+0000] {logging_mixin.py:151} INFO - [2023-08-28T00:16:22.874+0000] {dag.py:2907} INFO - Sync 2 DAGs
[2023-08-28T00:16:22.896+0000] {logging_mixin.py:151} INFO - [2023-08-28T00:16:22.896+0000] {dag.py:3677} INFO - Setting next_dagrun for example_xcom_args to None, run_after=None
[2023-08-28T00:16:22.900+0000] {logging_mixin.py:151} INFO - [2023-08-28T00:16:22.900+0000] {dag.py:3677} INFO - Setting next_dagrun for example_xcom_args_with_operators to None, run_after=None
[2023-08-28T00:16:22.926+0000] {processor.py:179} INFO - Processing /home/airflow/.local/lib/python3.8/site-packages/airflow/example_dags/example_xcomargs.py took 0.159 seconds
[2023-08-28T00:16:53.073+0000] {processor.py:157} INFO - Started process (PID=920) to work on /home/airflow/.local/lib/python3.8/site-packages/airflow/example_dags/example_xcomargs.py
[2023-08-28T00:16:53.076+0000] {processor.py:829} INFO - Processing file /home/airflow/.local/lib/python3.8/site-packages/airflow/example_dags/example_xcomargs.py for tasks to queue
[2023-08-28T00:16:53.081+0000] {logging_mixin.py:151} INFO - [2023-08-28T00:16:53.080+0000] {dagbag.py:539} INFO - Filling up the DagBag from /home/airflow/.local/lib/python3.8/site-packages/airflow/example_dags/example_xcomargs.py
[2023-08-28T00:16:53.096+0000] {processor.py:839} INFO - DAG(s) dict_keys(['example_xcom_args_with_operators', 'example_xcom_args']) retrieved from /home/airflow/.local/lib/python3.8/site-packages/airflow/example_dags/example_xcomargs.py
[2023-08-28T00:16:53.173+0000] {logging_mixin.py:151} INFO - [2023-08-28T00:16:53.173+0000] {dag.py:2907} INFO - Sync 2 DAGs
[2023-08-28T00:16:53.194+0000] {logging_mixin.py:151} INFO - [2023-08-28T00:16:53.194+0000] {dag.py:3677} INFO - Setting next_dagrun for example_xcom_args to None, run_after=None
[2023-08-28T00:16:53.199+0000] {logging_mixin.py:151} INFO - [2023-08-28T00:16:53.199+0000] {dag.py:3677} INFO - Setting next_dagrun for example_xcom_args_with_operators to None, run_after=None
[2023-08-28T00:16:53.228+0000] {processor.py:179} INFO - Processing /home/airflow/.local/lib/python3.8/site-packages/airflow/example_dags/example_xcomargs.py took 0.161 seconds
[2023-08-28T00:17:23.696+0000] {processor.py:157} INFO - Started process (PID=975) to work on /home/airflow/.local/lib/python3.8/site-packages/airflow/example_dags/example_xcomargs.py
[2023-08-28T00:17:23.698+0000] {processor.py:829} INFO - Processing file /home/airflow/.local/lib/python3.8/site-packages/airflow/example_dags/example_xcomargs.py for tasks to queue
[2023-08-28T00:17:23.701+0000] {logging_mixin.py:151} INFO - [2023-08-28T00:17:23.701+0000] {dagbag.py:539} INFO - Filling up the DagBag from /home/airflow/.local/lib/python3.8/site-packages/airflow/example_dags/example_xcomargs.py
[2023-08-28T00:17:23.720+0000] {processor.py:839} INFO - DAG(s) dict_keys(['example_xcom_args_with_operators', 'example_xcom_args']) retrieved from /home/airflow/.local/lib/python3.8/site-packages/airflow/example_dags/example_xcomargs.py
[2023-08-28T00:17:23.809+0000] {logging_mixin.py:151} INFO - [2023-08-28T00:17:23.809+0000] {dag.py:2907} INFO - Sync 2 DAGs
[2023-08-28T00:17:23.830+0000] {logging_mixin.py:151} INFO - [2023-08-28T00:17:23.829+0000] {dag.py:3677} INFO - Setting next_dagrun for example_xcom_args to None, run_after=None
[2023-08-28T00:17:23.834+0000] {logging_mixin.py:151} INFO - [2023-08-28T00:17:23.833+0000] {dag.py:3677} INFO - Setting next_dagrun for example_xcom_args_with_operators to None, run_after=None
[2023-08-28T00:17:23.859+0000] {processor.py:179} INFO - Processing /home/airflow/.local/lib/python3.8/site-packages/airflow/example_dags/example_xcomargs.py took 0.167 seconds
[2023-08-28T00:17:54.434+0000] {processor.py:157} INFO - Started process (PID=1030) to work on /home/airflow/.local/lib/python3.8/site-packages/airflow/example_dags/example_xcomargs.py
[2023-08-28T00:17:54.435+0000] {processor.py:829} INFO - Processing file /home/airflow/.local/lib/python3.8/site-packages/airflow/example_dags/example_xcomargs.py for tasks to queue
[2023-08-28T00:17:54.438+0000] {logging_mixin.py:151} INFO - [2023-08-28T00:17:54.438+0000] {dagbag.py:539} INFO - Filling up the DagBag from /home/airflow/.local/lib/python3.8/site-packages/airflow/example_dags/example_xcomargs.py
[2023-08-28T00:17:54.450+0000] {processor.py:839} INFO - DAG(s) dict_keys(['example_xcom_args_with_operators', 'example_xcom_args']) retrieved from /home/airflow/.local/lib/python3.8/site-packages/airflow/example_dags/example_xcomargs.py
[2023-08-28T00:17:54.611+0000] {logging_mixin.py:151} INFO - [2023-08-28T00:17:54.607+0000] {dag.py:2907} INFO - Sync 2 DAGs
[2023-08-28T00:17:54.651+0000] {logging_mixin.py:151} INFO - [2023-08-28T00:17:54.650+0000] {dag.py:3677} INFO - Setting next_dagrun for example_xcom_args to None, run_after=None
[2023-08-28T00:17:54.658+0000] {logging_mixin.py:151} INFO - [2023-08-28T00:17:54.658+0000] {dag.py:3677} INFO - Setting next_dagrun for example_xcom_args_with_operators to None, run_after=None
[2023-08-28T00:17:54.703+0000] {processor.py:179} INFO - Processing /home/airflow/.local/lib/python3.8/site-packages/airflow/example_dags/example_xcomargs.py took 0.273 seconds
[2023-08-28T00:18:26.037+0000] {processor.py:157} INFO - Started process (PID=1084) to work on /home/airflow/.local/lib/python3.8/site-packages/airflow/example_dags/example_xcomargs.py
[2023-08-28T00:18:26.039+0000] {processor.py:829} INFO - Processing file /home/airflow/.local/lib/python3.8/site-packages/airflow/example_dags/example_xcomargs.py for tasks to queue
[2023-08-28T00:18:26.043+0000] {logging_mixin.py:151} INFO - [2023-08-28T00:18:26.042+0000] {dagbag.py:539} INFO - Filling up the DagBag from /home/airflow/.local/lib/python3.8/site-packages/airflow/example_dags/example_xcomargs.py
[2023-08-28T00:18:26.068+0000] {processor.py:839} INFO - DAG(s) dict_keys(['example_xcom_args', 'example_xcom_args_with_operators']) retrieved from /home/airflow/.local/lib/python3.8/site-packages/airflow/example_dags/example_xcomargs.py
[2023-08-28T00:18:26.171+0000] {logging_mixin.py:151} INFO - [2023-08-28T00:18:26.170+0000] {dag.py:2907} INFO - Sync 2 DAGs
[2023-08-28T00:18:26.200+0000] {logging_mixin.py:151} INFO - [2023-08-28T00:18:26.200+0000] {dag.py:3677} INFO - Setting next_dagrun for example_xcom_args to None, run_after=None
[2023-08-28T00:18:26.209+0000] {logging_mixin.py:151} INFO - [2023-08-28T00:18:26.208+0000] {dag.py:3677} INFO - Setting next_dagrun for example_xcom_args_with_operators to None, run_after=None
[2023-08-28T00:18:26.241+0000] {processor.py:179} INFO - Processing /home/airflow/.local/lib/python3.8/site-packages/airflow/example_dags/example_xcomargs.py took 0.207 seconds
[2023-08-28T00:18:57.192+0000] {processor.py:157} INFO - Started process (PID=1139) to work on /home/airflow/.local/lib/python3.8/site-packages/airflow/example_dags/example_xcomargs.py
[2023-08-28T00:18:57.196+0000] {processor.py:829} INFO - Processing file /home/airflow/.local/lib/python3.8/site-packages/airflow/example_dags/example_xcomargs.py for tasks to queue
[2023-08-28T00:18:57.203+0000] {logging_mixin.py:151} INFO - [2023-08-28T00:18:57.202+0000] {dagbag.py:539} INFO - Filling up the DagBag from /home/airflow/.local/lib/python3.8/site-packages/airflow/example_dags/example_xcomargs.py
[2023-08-28T00:18:57.223+0000] {processor.py:839} INFO - DAG(s) dict_keys(['example_xcom_args', 'example_xcom_args_with_operators']) retrieved from /home/airflow/.local/lib/python3.8/site-packages/airflow/example_dags/example_xcomargs.py
[2023-08-28T00:18:57.371+0000] {logging_mixin.py:151} INFO - [2023-08-28T00:18:57.371+0000] {dag.py:2907} INFO - Sync 2 DAGs
[2023-08-28T00:18:57.406+0000] {logging_mixin.py:151} INFO - [2023-08-28T00:18:57.406+0000] {dag.py:3677} INFO - Setting next_dagrun for example_xcom_args to None, run_after=None
[2023-08-28T00:18:57.414+0000] {logging_mixin.py:151} INFO - [2023-08-28T00:18:57.414+0000] {dag.py:3677} INFO - Setting next_dagrun for example_xcom_args_with_operators to None, run_after=None
[2023-08-28T00:18:57.513+0000] {processor.py:179} INFO - Processing /home/airflow/.local/lib/python3.8/site-packages/airflow/example_dags/example_xcomargs.py took 0.325 seconds
[2023-08-28T00:19:28.326+0000] {processor.py:157} INFO - Started process (PID=1194) to work on /home/airflow/.local/lib/python3.8/site-packages/airflow/example_dags/example_xcomargs.py
[2023-08-28T00:19:28.328+0000] {processor.py:829} INFO - Processing file /home/airflow/.local/lib/python3.8/site-packages/airflow/example_dags/example_xcomargs.py for tasks to queue
[2023-08-28T00:19:28.333+0000] {logging_mixin.py:151} INFO - [2023-08-28T00:19:28.332+0000] {dagbag.py:539} INFO - Filling up the DagBag from /home/airflow/.local/lib/python3.8/site-packages/airflow/example_dags/example_xcomargs.py
[2023-08-28T00:19:28.348+0000] {processor.py:839} INFO - DAG(s) dict_keys(['example_xcom_args', 'example_xcom_args_with_operators']) retrieved from /home/airflow/.local/lib/python3.8/site-packages/airflow/example_dags/example_xcomargs.py
[2023-08-28T00:19:28.439+0000] {logging_mixin.py:151} INFO - [2023-08-28T00:19:28.438+0000] {dag.py:2907} INFO - Sync 2 DAGs
[2023-08-28T00:19:28.464+0000] {logging_mixin.py:151} INFO - [2023-08-28T00:19:28.463+0000] {dag.py:3677} INFO - Setting next_dagrun for example_xcom_args to None, run_after=None
[2023-08-28T00:19:28.468+0000] {logging_mixin.py:151} INFO - [2023-08-28T00:19:28.468+0000] {dag.py:3677} INFO - Setting next_dagrun for example_xcom_args_with_operators to None, run_after=None
[2023-08-28T00:19:28.493+0000] {processor.py:179} INFO - Processing /home/airflow/.local/lib/python3.8/site-packages/airflow/example_dags/example_xcomargs.py took 0.171 seconds
[2023-08-28T00:19:58.732+0000] {processor.py:157} INFO - Started process (PID=1249) to work on /home/airflow/.local/lib/python3.8/site-packages/airflow/example_dags/example_xcomargs.py
[2023-08-28T00:19:58.736+0000] {processor.py:829} INFO - Processing file /home/airflow/.local/lib/python3.8/site-packages/airflow/example_dags/example_xcomargs.py for tasks to queue
[2023-08-28T00:19:58.740+0000] {logging_mixin.py:151} INFO - [2023-08-28T00:19:58.739+0000] {dagbag.py:539} INFO - Filling up the DagBag from /home/airflow/.local/lib/python3.8/site-packages/airflow/example_dags/example_xcomargs.py
[2023-08-28T00:19:58.751+0000] {processor.py:839} INFO - DAG(s) dict_keys(['example_xcom_args', 'example_xcom_args_with_operators']) retrieved from /home/airflow/.local/lib/python3.8/site-packages/airflow/example_dags/example_xcomargs.py
[2023-08-28T00:19:58.852+0000] {logging_mixin.py:151} INFO - [2023-08-28T00:19:58.852+0000] {dag.py:2907} INFO - Sync 2 DAGs
[2023-08-28T00:19:58.876+0000] {logging_mixin.py:151} INFO - [2023-08-28T00:19:58.875+0000] {dag.py:3677} INFO - Setting next_dagrun for example_xcom_args to None, run_after=None
[2023-08-28T00:19:58.880+0000] {logging_mixin.py:151} INFO - [2023-08-28T00:19:58.880+0000] {dag.py:3677} INFO - Setting next_dagrun for example_xcom_args_with_operators to None, run_after=None
[2023-08-28T00:19:58.926+0000] {processor.py:179} INFO - Processing /home/airflow/.local/lib/python3.8/site-packages/airflow/example_dags/example_xcomargs.py took 0.199 seconds
[2023-08-28T00:20:29.542+0000] {processor.py:157} INFO - Started process (PID=1304) to work on /home/airflow/.local/lib/python3.8/site-packages/airflow/example_dags/example_xcomargs.py
[2023-08-28T00:20:29.544+0000] {processor.py:829} INFO - Processing file /home/airflow/.local/lib/python3.8/site-packages/airflow/example_dags/example_xcomargs.py for tasks to queue
[2023-08-28T00:20:29.546+0000] {logging_mixin.py:151} INFO - [2023-08-28T00:20:29.546+0000] {dagbag.py:539} INFO - Filling up the DagBag from /home/airflow/.local/lib/python3.8/site-packages/airflow/example_dags/example_xcomargs.py
[2023-08-28T00:20:29.558+0000] {processor.py:839} INFO - DAG(s) dict_keys(['example_xcom_args', 'example_xcom_args_with_operators']) retrieved from /home/airflow/.local/lib/python3.8/site-packages/airflow/example_dags/example_xcomargs.py
[2023-08-28T00:20:29.633+0000] {logging_mixin.py:151} INFO - [2023-08-28T00:20:29.633+0000] {dag.py:2907} INFO - Sync 2 DAGs
[2023-08-28T00:20:29.654+0000] {logging_mixin.py:151} INFO - [2023-08-28T00:20:29.654+0000] {dag.py:3677} INFO - Setting next_dagrun for example_xcom_args to None, run_after=None
[2023-08-28T00:20:29.658+0000] {logging_mixin.py:151} INFO - [2023-08-28T00:20:29.658+0000] {dag.py:3677} INFO - Setting next_dagrun for example_xcom_args_with_operators to None, run_after=None
[2023-08-28T00:20:29.681+0000] {processor.py:179} INFO - Processing /home/airflow/.local/lib/python3.8/site-packages/airflow/example_dags/example_xcomargs.py took 0.141 seconds
[2023-08-28T00:21:00.485+0000] {processor.py:157} INFO - Started process (PID=1359) to work on /home/airflow/.local/lib/python3.8/site-packages/airflow/example_dags/example_xcomargs.py
[2023-08-28T00:21:00.487+0000] {processor.py:829} INFO - Processing file /home/airflow/.local/lib/python3.8/site-packages/airflow/example_dags/example_xcomargs.py for tasks to queue
[2023-08-28T00:21:00.491+0000] {logging_mixin.py:151} INFO - [2023-08-28T00:21:00.491+0000] {dagbag.py:539} INFO - Filling up the DagBag from /home/airflow/.local/lib/python3.8/site-packages/airflow/example_dags/example_xcomargs.py
[2023-08-28T00:21:00.510+0000] {processor.py:839} INFO - DAG(s) dict_keys(['example_xcom_args_with_operators', 'example_xcom_args']) retrieved from /home/airflow/.local/lib/python3.8/site-packages/airflow/example_dags/example_xcomargs.py
[2023-08-28T00:21:00.688+0000] {logging_mixin.py:151} INFO - [2023-08-28T00:21:00.687+0000] {dag.py:2907} INFO - Sync 2 DAGs
[2023-08-28T00:21:00.774+0000] {logging_mixin.py:151} INFO - [2023-08-28T00:21:00.772+0000] {dag.py:3677} INFO - Setting next_dagrun for example_xcom_args to None, run_after=None
[2023-08-28T00:21:00.787+0000] {logging_mixin.py:151} INFO - [2023-08-28T00:21:00.786+0000] {dag.py:3677} INFO - Setting next_dagrun for example_xcom_args_with_operators to None, run_after=None
[2023-08-28T00:21:00.864+0000] {processor.py:179} INFO - Processing /home/airflow/.local/lib/python3.8/site-packages/airflow/example_dags/example_xcomargs.py took 0.383 seconds
[2023-08-28T00:21:31.312+0000] {processor.py:157} INFO - Started process (PID=1414) to work on /home/airflow/.local/lib/python3.8/site-packages/airflow/example_dags/example_xcomargs.py
[2023-08-28T00:21:31.315+0000] {processor.py:829} INFO - Processing file /home/airflow/.local/lib/python3.8/site-packages/airflow/example_dags/example_xcomargs.py for tasks to queue
[2023-08-28T00:21:31.320+0000] {logging_mixin.py:151} INFO - [2023-08-28T00:21:31.320+0000] {dagbag.py:539} INFO - Filling up the DagBag from /home/airflow/.local/lib/python3.8/site-packages/airflow/example_dags/example_xcomargs.py
[2023-08-28T00:21:31.336+0000] {processor.py:839} INFO - DAG(s) dict_keys(['example_xcom_args', 'example_xcom_args_with_operators']) retrieved from /home/airflow/.local/lib/python3.8/site-packages/airflow/example_dags/example_xcomargs.py
[2023-08-28T00:21:31.677+0000] {logging_mixin.py:151} INFO - [2023-08-28T00:21:31.677+0000] {dag.py:2907} INFO - Sync 2 DAGs
[2023-08-28T00:21:31.721+0000] {logging_mixin.py:151} INFO - [2023-08-28T00:21:31.721+0000] {dag.py:3677} INFO - Setting next_dagrun for example_xcom_args to None, run_after=None
[2023-08-28T00:21:31.737+0000] {logging_mixin.py:151} INFO - [2023-08-28T00:21:31.736+0000] {dag.py:3677} INFO - Setting next_dagrun for example_xcom_args_with_operators to None, run_after=None
[2023-08-28T00:21:31.876+0000] {processor.py:179} INFO - Processing /home/airflow/.local/lib/python3.8/site-packages/airflow/example_dags/example_xcomargs.py took 0.567 seconds
[2023-08-28T00:22:02.168+0000] {processor.py:157} INFO - Started process (PID=1469) to work on /home/airflow/.local/lib/python3.8/site-packages/airflow/example_dags/example_xcomargs.py
[2023-08-28T00:22:02.170+0000] {processor.py:829} INFO - Processing file /home/airflow/.local/lib/python3.8/site-packages/airflow/example_dags/example_xcomargs.py for tasks to queue
[2023-08-28T00:22:02.172+0000] {logging_mixin.py:151} INFO - [2023-08-28T00:22:02.172+0000] {dagbag.py:539} INFO - Filling up the DagBag from /home/airflow/.local/lib/python3.8/site-packages/airflow/example_dags/example_xcomargs.py
[2023-08-28T00:22:02.183+0000] {processor.py:839} INFO - DAG(s) dict_keys(['example_xcom_args', 'example_xcom_args_with_operators']) retrieved from /home/airflow/.local/lib/python3.8/site-packages/airflow/example_dags/example_xcomargs.py
[2023-08-28T00:22:02.262+0000] {logging_mixin.py:151} INFO - [2023-08-28T00:22:02.262+0000] {dag.py:2907} INFO - Sync 2 DAGs
[2023-08-28T00:22:02.283+0000] {logging_mixin.py:151} INFO - [2023-08-28T00:22:02.283+0000] {dag.py:3677} INFO - Setting next_dagrun for example_xcom_args to None, run_after=None
[2023-08-28T00:22:02.287+0000] {logging_mixin.py:151} INFO - [2023-08-28T00:22:02.287+0000] {dag.py:3677} INFO - Setting next_dagrun for example_xcom_args_with_operators to None, run_after=None
[2023-08-28T00:22:02.311+0000] {processor.py:179} INFO - Processing /home/airflow/.local/lib/python3.8/site-packages/airflow/example_dags/example_xcomargs.py took 0.146 seconds
