[2023-08-28T00:02:07.380+0000] {processor.py:157} INFO - Started process (PID=70) to work on /home/airflow/.local/lib/python3.8/site-packages/airflow/example_dags/example_params_ui_tutorial.py
[2023-08-28T00:02:07.382+0000] {processor.py:829} INFO - Processing file /home/airflow/.local/lib/python3.8/site-packages/airflow/example_dags/example_params_ui_tutorial.py for tasks to queue
[2023-08-28T00:02:07.384+0000] {logging_mixin.py:151} INFO - [2023-08-28T00:02:07.383+0000] {dagbag.py:539} INFO - Filling up the DagBag from /home/airflow/.local/lib/python3.8/site-packages/airflow/example_dags/example_params_ui_tutorial.py
[2023-08-28T00:02:07.430+0000] {processor.py:839} INFO - DAG(s) dict_keys(['example_params_ui_tutorial']) retrieved from /home/airflow/.local/lib/python3.8/site-packages/airflow/example_dags/example_params_ui_tutorial.py
[2023-08-28T00:02:07.749+0000] {logging_mixin.py:151} INFO - [2023-08-28T00:02:07.749+0000] {manager.py:501} INFO - Created Permission View: can edit on DAG:example_params_ui_tutorial
[2023-08-28T00:02:07.762+0000] {logging_mixin.py:151} INFO - [2023-08-28T00:02:07.762+0000] {manager.py:501} INFO - Created Permission View: can delete on DAG:example_params_ui_tutorial
[2023-08-28T00:02:07.770+0000] {logging_mixin.py:151} INFO - [2023-08-28T00:02:07.769+0000] {manager.py:501} INFO - Created Permission View: can read on DAG:example_params_ui_tutorial
[2023-08-28T00:02:07.791+0000] {logging_mixin.py:151} INFO - [2023-08-28T00:02:07.791+0000] {dag.py:2907} INFO - Sync 1 DAGs
[2023-08-28T00:02:07.805+0000] {logging_mixin.py:151} INFO - [2023-08-28T00:02:07.805+0000] {dag.py:2929} INFO - Creating ORM DAG for example_params_ui_tutorial
[2023-08-28T00:02:07.806+0000] {logging_mixin.py:151} INFO - [2023-08-28T00:02:07.806+0000] {dag.py:3677} INFO - Setting next_dagrun for example_params_ui_tutorial to None, run_after=None
[2023-08-28T00:02:07.844+0000] {processor.py:179} INFO - Processing /home/airflow/.local/lib/python3.8/site-packages/airflow/example_dags/example_params_ui_tutorial.py took 0.467 seconds
[2023-08-28T00:02:38.073+0000] {processor.py:157} INFO - Started process (PID=126) to work on /home/airflow/.local/lib/python3.8/site-packages/airflow/example_dags/example_params_ui_tutorial.py
[2023-08-28T00:02:38.075+0000] {processor.py:829} INFO - Processing file /home/airflow/.local/lib/python3.8/site-packages/airflow/example_dags/example_params_ui_tutorial.py for tasks to queue
[2023-08-28T00:02:38.079+0000] {logging_mixin.py:151} INFO - [2023-08-28T00:02:38.078+0000] {dagbag.py:539} INFO - Filling up the DagBag from /home/airflow/.local/lib/python3.8/site-packages/airflow/example_dags/example_params_ui_tutorial.py
[2023-08-28T00:02:38.146+0000] {processor.py:839} INFO - DAG(s) dict_keys(['example_params_ui_tutorial']) retrieved from /home/airflow/.local/lib/python3.8/site-packages/airflow/example_dags/example_params_ui_tutorial.py
[2023-08-28T00:02:38.276+0000] {logging_mixin.py:151} INFO - [2023-08-28T00:02:38.276+0000] {dag.py:2907} INFO - Sync 1 DAGs
[2023-08-28T00:02:38.297+0000] {logging_mixin.py:151} INFO - [2023-08-28T00:02:38.297+0000] {dag.py:3677} INFO - Setting next_dagrun for example_params_ui_tutorial to None, run_after=None
[2023-08-28T00:02:38.332+0000] {processor.py:179} INFO - Processing /home/airflow/.local/lib/python3.8/site-packages/airflow/example_dags/example_params_ui_tutorial.py took 0.263 seconds
[2023-08-28T00:03:08.706+0000] {processor.py:157} INFO - Started process (PID=180) to work on /home/airflow/.local/lib/python3.8/site-packages/airflow/example_dags/example_params_ui_tutorial.py
[2023-08-28T00:03:08.708+0000] {processor.py:829} INFO - Processing file /home/airflow/.local/lib/python3.8/site-packages/airflow/example_dags/example_params_ui_tutorial.py for tasks to queue
[2023-08-28T00:03:08.710+0000] {logging_mixin.py:151} INFO - [2023-08-28T00:03:08.710+0000] {dagbag.py:539} INFO - Filling up the DagBag from /home/airflow/.local/lib/python3.8/site-packages/airflow/example_dags/example_params_ui_tutorial.py
[2023-08-28T00:03:08.764+0000] {processor.py:839} INFO - DAG(s) dict_keys(['example_params_ui_tutorial']) retrieved from /home/airflow/.local/lib/python3.8/site-packages/airflow/example_dags/example_params_ui_tutorial.py
[2023-08-28T00:03:08.866+0000] {logging_mixin.py:151} INFO - [2023-08-28T00:03:08.865+0000] {dag.py:2907} INFO - Sync 1 DAGs
[2023-08-28T00:03:08.884+0000] {logging_mixin.py:151} INFO - [2023-08-28T00:03:08.884+0000] {dag.py:3677} INFO - Setting next_dagrun for example_params_ui_tutorial to None, run_after=None
[2023-08-28T00:03:08.910+0000] {processor.py:179} INFO - Processing /home/airflow/.local/lib/python3.8/site-packages/airflow/example_dags/example_params_ui_tutorial.py took 0.208 seconds
[2023-08-28T00:03:39.351+0000] {processor.py:157} INFO - Started process (PID=234) to work on /home/airflow/.local/lib/python3.8/site-packages/airflow/example_dags/example_params_ui_tutorial.py
[2023-08-28T00:03:39.353+0000] {processor.py:829} INFO - Processing file /home/airflow/.local/lib/python3.8/site-packages/airflow/example_dags/example_params_ui_tutorial.py for tasks to queue
[2023-08-28T00:03:39.355+0000] {logging_mixin.py:151} INFO - [2023-08-28T00:03:39.355+0000] {dagbag.py:539} INFO - Filling up the DagBag from /home/airflow/.local/lib/python3.8/site-packages/airflow/example_dags/example_params_ui_tutorial.py
[2023-08-28T00:03:39.401+0000] {processor.py:839} INFO - DAG(s) dict_keys(['example_params_ui_tutorial']) retrieved from /home/airflow/.local/lib/python3.8/site-packages/airflow/example_dags/example_params_ui_tutorial.py
[2023-08-28T00:03:39.511+0000] {logging_mixin.py:151} INFO - [2023-08-28T00:03:39.511+0000] {dag.py:2907} INFO - Sync 1 DAGs
[2023-08-28T00:03:39.529+0000] {logging_mixin.py:151} INFO - [2023-08-28T00:03:39.529+0000] {dag.py:3677} INFO - Setting next_dagrun for example_params_ui_tutorial to None, run_after=None
[2023-08-28T00:03:39.556+0000] {processor.py:179} INFO - Processing /home/airflow/.local/lib/python3.8/site-packages/airflow/example_dags/example_params_ui_tutorial.py took 0.209 seconds
[2023-08-28T00:04:09.692+0000] {processor.py:157} INFO - Started process (PID=289) to work on /home/airflow/.local/lib/python3.8/site-packages/airflow/example_dags/example_params_ui_tutorial.py
[2023-08-28T00:04:09.694+0000] {processor.py:829} INFO - Processing file /home/airflow/.local/lib/python3.8/site-packages/airflow/example_dags/example_params_ui_tutorial.py for tasks to queue
[2023-08-28T00:04:09.698+0000] {logging_mixin.py:151} INFO - [2023-08-28T00:04:09.697+0000] {dagbag.py:539} INFO - Filling up the DagBag from /home/airflow/.local/lib/python3.8/site-packages/airflow/example_dags/example_params_ui_tutorial.py
[2023-08-28T00:04:09.741+0000] {processor.py:839} INFO - DAG(s) dict_keys(['example_params_ui_tutorial']) retrieved from /home/airflow/.local/lib/python3.8/site-packages/airflow/example_dags/example_params_ui_tutorial.py
[2023-08-28T00:04:09.846+0000] {logging_mixin.py:151} INFO - [2023-08-28T00:04:09.846+0000] {dag.py:2907} INFO - Sync 1 DAGs
[2023-08-28T00:04:09.864+0000] {logging_mixin.py:151} INFO - [2023-08-28T00:04:09.864+0000] {dag.py:3677} INFO - Setting next_dagrun for example_params_ui_tutorial to None, run_after=None
[2023-08-28T00:04:09.890+0000] {processor.py:179} INFO - Processing /home/airflow/.local/lib/python3.8/site-packages/airflow/example_dags/example_params_ui_tutorial.py took 0.204 seconds
[2023-08-28T00:04:39.968+0000] {processor.py:157} INFO - Started process (PID=343) to work on /home/airflow/.local/lib/python3.8/site-packages/airflow/example_dags/example_params_ui_tutorial.py
[2023-08-28T00:04:39.970+0000] {processor.py:829} INFO - Processing file /home/airflow/.local/lib/python3.8/site-packages/airflow/example_dags/example_params_ui_tutorial.py for tasks to queue
[2023-08-28T00:04:39.973+0000] {logging_mixin.py:151} INFO - [2023-08-28T00:04:39.972+0000] {dagbag.py:539} INFO - Filling up the DagBag from /home/airflow/.local/lib/python3.8/site-packages/airflow/example_dags/example_params_ui_tutorial.py
[2023-08-28T00:04:40.012+0000] {processor.py:839} INFO - DAG(s) dict_keys(['example_params_ui_tutorial']) retrieved from /home/airflow/.local/lib/python3.8/site-packages/airflow/example_dags/example_params_ui_tutorial.py
[2023-08-28T00:04:40.108+0000] {logging_mixin.py:151} INFO - [2023-08-28T00:04:40.108+0000] {dag.py:2907} INFO - Sync 1 DAGs
[2023-08-28T00:04:40.124+0000] {logging_mixin.py:151} INFO - [2023-08-28T00:04:40.124+0000] {dag.py:3677} INFO - Setting next_dagrun for example_params_ui_tutorial to None, run_after=None
[2023-08-28T00:04:40.148+0000] {processor.py:179} INFO - Processing /home/airflow/.local/lib/python3.8/site-packages/airflow/example_dags/example_params_ui_tutorial.py took 0.183 seconds
[2023-08-28T00:05:10.274+0000] {processor.py:157} INFO - Started process (PID=398) to work on /home/airflow/.local/lib/python3.8/site-packages/airflow/example_dags/example_params_ui_tutorial.py
[2023-08-28T00:05:10.275+0000] {processor.py:829} INFO - Processing file /home/airflow/.local/lib/python3.8/site-packages/airflow/example_dags/example_params_ui_tutorial.py for tasks to queue
[2023-08-28T00:05:10.278+0000] {logging_mixin.py:151} INFO - [2023-08-28T00:05:10.278+0000] {dagbag.py:539} INFO - Filling up the DagBag from /home/airflow/.local/lib/python3.8/site-packages/airflow/example_dags/example_params_ui_tutorial.py
[2023-08-28T00:05:10.331+0000] {processor.py:839} INFO - DAG(s) dict_keys(['example_params_ui_tutorial']) retrieved from /home/airflow/.local/lib/python3.8/site-packages/airflow/example_dags/example_params_ui_tutorial.py
[2023-08-28T00:05:10.450+0000] {logging_mixin.py:151} INFO - [2023-08-28T00:05:10.450+0000] {dag.py:2907} INFO - Sync 1 DAGs
[2023-08-28T00:05:10.470+0000] {logging_mixin.py:151} INFO - [2023-08-28T00:05:10.469+0000] {dag.py:3677} INFO - Setting next_dagrun for example_params_ui_tutorial to None, run_after=None
[2023-08-28T00:05:10.501+0000] {processor.py:179} INFO - Processing /home/airflow/.local/lib/python3.8/site-packages/airflow/example_dags/example_params_ui_tutorial.py took 0.231 seconds
[2023-08-28T00:08:53.848+0000] {processor.py:157} INFO - Started process (PID=78) to work on /home/airflow/.local/lib/python3.8/site-packages/airflow/example_dags/example_params_ui_tutorial.py
[2023-08-28T00:08:53.849+0000] {processor.py:829} INFO - Processing file /home/airflow/.local/lib/python3.8/site-packages/airflow/example_dags/example_params_ui_tutorial.py for tasks to queue
[2023-08-28T00:08:53.852+0000] {logging_mixin.py:151} INFO - [2023-08-28T00:08:53.851+0000] {dagbag.py:539} INFO - Filling up the DagBag from /home/airflow/.local/lib/python3.8/site-packages/airflow/example_dags/example_params_ui_tutorial.py
[2023-08-28T00:08:53.891+0000] {processor.py:839} INFO - DAG(s) dict_keys(['example_params_ui_tutorial']) retrieved from /home/airflow/.local/lib/python3.8/site-packages/airflow/example_dags/example_params_ui_tutorial.py
[2023-08-28T00:08:53.995+0000] {logging_mixin.py:151} INFO - [2023-08-28T00:08:53.994+0000] {dag.py:2907} INFO - Sync 1 DAGs
[2023-08-28T00:08:54.102+0000] {logging_mixin.py:151} INFO - [2023-08-28T00:08:54.102+0000] {dag.py:3677} INFO - Setting next_dagrun for example_params_ui_tutorial to None, run_after=None
[2023-08-28T00:08:54.129+0000] {processor.py:179} INFO - Processing /home/airflow/.local/lib/python3.8/site-packages/airflow/example_dags/example_params_ui_tutorial.py took 0.285 seconds
[2023-08-28T00:09:28.471+0000] {processor.py:157} INFO - Started process (PID=133) to work on /home/airflow/.local/lib/python3.8/site-packages/airflow/example_dags/example_params_ui_tutorial.py
[2023-08-28T00:09:28.473+0000] {processor.py:829} INFO - Processing file /home/airflow/.local/lib/python3.8/site-packages/airflow/example_dags/example_params_ui_tutorial.py for tasks to queue
[2023-08-28T00:09:28.476+0000] {logging_mixin.py:151} INFO - [2023-08-28T00:09:28.475+0000] {dagbag.py:539} INFO - Filling up the DagBag from /home/airflow/.local/lib/python3.8/site-packages/airflow/example_dags/example_params_ui_tutorial.py
[2023-08-28T00:09:28.515+0000] {processor.py:839} INFO - DAG(s) dict_keys(['example_params_ui_tutorial']) retrieved from /home/airflow/.local/lib/python3.8/site-packages/airflow/example_dags/example_params_ui_tutorial.py
[2023-08-28T00:09:28.620+0000] {logging_mixin.py:151} INFO - [2023-08-28T00:09:28.620+0000] {dag.py:2907} INFO - Sync 1 DAGs
[2023-08-28T00:09:28.637+0000] {logging_mixin.py:151} INFO - [2023-08-28T00:09:28.637+0000] {dag.py:3677} INFO - Setting next_dagrun for example_params_ui_tutorial to None, run_after=None
[2023-08-28T00:09:28.663+0000] {processor.py:179} INFO - Processing /home/airflow/.local/lib/python3.8/site-packages/airflow/example_dags/example_params_ui_tutorial.py took 0.195 seconds
[2023-08-28T00:10:00.024+0000] {processor.py:157} INFO - Started process (PID=188) to work on /home/airflow/.local/lib/python3.8/site-packages/airflow/example_dags/example_params_ui_tutorial.py
[2023-08-28T00:10:00.031+0000] {processor.py:829} INFO - Processing file /home/airflow/.local/lib/python3.8/site-packages/airflow/example_dags/example_params_ui_tutorial.py for tasks to queue
[2023-08-28T00:10:00.046+0000] {logging_mixin.py:151} INFO - [2023-08-28T00:10:00.046+0000] {dagbag.py:539} INFO - Filling up the DagBag from /home/airflow/.local/lib/python3.8/site-packages/airflow/example_dags/example_params_ui_tutorial.py
[2023-08-28T00:10:00.128+0000] {processor.py:839} INFO - DAG(s) dict_keys(['example_params_ui_tutorial']) retrieved from /home/airflow/.local/lib/python3.8/site-packages/airflow/example_dags/example_params_ui_tutorial.py
[2023-08-28T00:10:00.282+0000] {logging_mixin.py:151} INFO - [2023-08-28T00:10:00.281+0000] {dag.py:2907} INFO - Sync 1 DAGs
[2023-08-28T00:10:00.303+0000] {logging_mixin.py:151} INFO - [2023-08-28T00:10:00.303+0000] {dag.py:3677} INFO - Setting next_dagrun for example_params_ui_tutorial to None, run_after=None
[2023-08-28T00:10:00.340+0000] {processor.py:179} INFO - Processing /home/airflow/.local/lib/python3.8/site-packages/airflow/example_dags/example_params_ui_tutorial.py took 0.330 seconds
[2023-08-28T00:10:30.593+0000] {processor.py:157} INFO - Started process (PID=243) to work on /home/airflow/.local/lib/python3.8/site-packages/airflow/example_dags/example_params_ui_tutorial.py
[2023-08-28T00:10:30.597+0000] {processor.py:829} INFO - Processing file /home/airflow/.local/lib/python3.8/site-packages/airflow/example_dags/example_params_ui_tutorial.py for tasks to queue
[2023-08-28T00:10:30.600+0000] {logging_mixin.py:151} INFO - [2023-08-28T00:10:30.600+0000] {dagbag.py:539} INFO - Filling up the DagBag from /home/airflow/.local/lib/python3.8/site-packages/airflow/example_dags/example_params_ui_tutorial.py
[2023-08-28T00:10:30.655+0000] {processor.py:839} INFO - DAG(s) dict_keys(['example_params_ui_tutorial']) retrieved from /home/airflow/.local/lib/python3.8/site-packages/airflow/example_dags/example_params_ui_tutorial.py
[2023-08-28T00:10:30.838+0000] {logging_mixin.py:151} INFO - [2023-08-28T00:10:30.838+0000] {dag.py:2907} INFO - Sync 1 DAGs
[2023-08-28T00:10:30.862+0000] {logging_mixin.py:151} INFO - [2023-08-28T00:10:30.862+0000] {dag.py:3677} INFO - Setting next_dagrun for example_params_ui_tutorial to None, run_after=None
[2023-08-28T00:10:30.896+0000] {processor.py:179} INFO - Processing /home/airflow/.local/lib/python3.8/site-packages/airflow/example_dags/example_params_ui_tutorial.py took 0.307 seconds
[2023-08-28T00:11:01.020+0000] {processor.py:157} INFO - Started process (PID=297) to work on /home/airflow/.local/lib/python3.8/site-packages/airflow/example_dags/example_params_ui_tutorial.py
[2023-08-28T00:11:01.025+0000] {processor.py:829} INFO - Processing file /home/airflow/.local/lib/python3.8/site-packages/airflow/example_dags/example_params_ui_tutorial.py for tasks to queue
[2023-08-28T00:11:01.031+0000] {logging_mixin.py:151} INFO - [2023-08-28T00:11:01.030+0000] {dagbag.py:539} INFO - Filling up the DagBag from /home/airflow/.local/lib/python3.8/site-packages/airflow/example_dags/example_params_ui_tutorial.py
[2023-08-28T00:11:01.098+0000] {processor.py:839} INFO - DAG(s) dict_keys(['example_params_ui_tutorial']) retrieved from /home/airflow/.local/lib/python3.8/site-packages/airflow/example_dags/example_params_ui_tutorial.py
[2023-08-28T00:11:01.210+0000] {logging_mixin.py:151} INFO - [2023-08-28T00:11:01.210+0000] {dag.py:2907} INFO - Sync 1 DAGs
[2023-08-28T00:11:01.228+0000] {logging_mixin.py:151} INFO - [2023-08-28T00:11:01.228+0000] {dag.py:3677} INFO - Setting next_dagrun for example_params_ui_tutorial to None, run_after=None
[2023-08-28T00:11:01.259+0000] {processor.py:179} INFO - Processing /home/airflow/.local/lib/python3.8/site-packages/airflow/example_dags/example_params_ui_tutorial.py took 0.242 seconds
[2023-08-28T00:11:31.302+0000] {processor.py:157} INFO - Started process (PID=351) to work on /home/airflow/.local/lib/python3.8/site-packages/airflow/example_dags/example_params_ui_tutorial.py
[2023-08-28T00:11:31.303+0000] {processor.py:829} INFO - Processing file /home/airflow/.local/lib/python3.8/site-packages/airflow/example_dags/example_params_ui_tutorial.py for tasks to queue
[2023-08-28T00:11:31.306+0000] {logging_mixin.py:151} INFO - [2023-08-28T00:11:31.306+0000] {dagbag.py:539} INFO - Filling up the DagBag from /home/airflow/.local/lib/python3.8/site-packages/airflow/example_dags/example_params_ui_tutorial.py
[2023-08-28T00:11:31.347+0000] {processor.py:839} INFO - DAG(s) dict_keys(['example_params_ui_tutorial']) retrieved from /home/airflow/.local/lib/python3.8/site-packages/airflow/example_dags/example_params_ui_tutorial.py
[2023-08-28T00:11:31.453+0000] {logging_mixin.py:151} INFO - [2023-08-28T00:11:31.453+0000] {dag.py:2907} INFO - Sync 1 DAGs
[2023-08-28T00:11:31.471+0000] {logging_mixin.py:151} INFO - [2023-08-28T00:11:31.471+0000] {dag.py:3677} INFO - Setting next_dagrun for example_params_ui_tutorial to None, run_after=None
[2023-08-28T00:11:31.502+0000] {processor.py:179} INFO - Processing /home/airflow/.local/lib/python3.8/site-packages/airflow/example_dags/example_params_ui_tutorial.py took 0.203 seconds
[2023-08-28T00:12:01.548+0000] {processor.py:157} INFO - Started process (PID=405) to work on /home/airflow/.local/lib/python3.8/site-packages/airflow/example_dags/example_params_ui_tutorial.py
[2023-08-28T00:12:01.551+0000] {processor.py:829} INFO - Processing file /home/airflow/.local/lib/python3.8/site-packages/airflow/example_dags/example_params_ui_tutorial.py for tasks to queue
[2023-08-28T00:12:01.555+0000] {logging_mixin.py:151} INFO - [2023-08-28T00:12:01.555+0000] {dagbag.py:539} INFO - Filling up the DagBag from /home/airflow/.local/lib/python3.8/site-packages/airflow/example_dags/example_params_ui_tutorial.py
[2023-08-28T00:12:01.616+0000] {processor.py:839} INFO - DAG(s) dict_keys(['example_params_ui_tutorial']) retrieved from /home/airflow/.local/lib/python3.8/site-packages/airflow/example_dags/example_params_ui_tutorial.py
[2023-08-28T00:12:01.760+0000] {logging_mixin.py:151} INFO - [2023-08-28T00:12:01.760+0000] {dag.py:2907} INFO - Sync 1 DAGs
[2023-08-28T00:12:01.809+0000] {logging_mixin.py:151} INFO - [2023-08-28T00:12:01.809+0000] {dag.py:3677} INFO - Setting next_dagrun for example_params_ui_tutorial to None, run_after=None
[2023-08-28T00:12:01.899+0000] {processor.py:179} INFO - Processing /home/airflow/.local/lib/python3.8/site-packages/airflow/example_dags/example_params_ui_tutorial.py took 0.354 seconds
[2023-08-28T00:12:32.104+0000] {processor.py:157} INFO - Started process (PID=460) to work on /home/airflow/.local/lib/python3.8/site-packages/airflow/example_dags/example_params_ui_tutorial.py
[2023-08-28T00:12:32.105+0000] {processor.py:829} INFO - Processing file /home/airflow/.local/lib/python3.8/site-packages/airflow/example_dags/example_params_ui_tutorial.py for tasks to queue
[2023-08-28T00:12:32.108+0000] {logging_mixin.py:151} INFO - [2023-08-28T00:12:32.107+0000] {dagbag.py:539} INFO - Filling up the DagBag from /home/airflow/.local/lib/python3.8/site-packages/airflow/example_dags/example_params_ui_tutorial.py
[2023-08-28T00:12:32.165+0000] {processor.py:839} INFO - DAG(s) dict_keys(['example_params_ui_tutorial']) retrieved from /home/airflow/.local/lib/python3.8/site-packages/airflow/example_dags/example_params_ui_tutorial.py
[2023-08-28T00:12:32.272+0000] {logging_mixin.py:151} INFO - [2023-08-28T00:12:32.272+0000] {dag.py:2907} INFO - Sync 1 DAGs
[2023-08-28T00:12:32.300+0000] {logging_mixin.py:151} INFO - [2023-08-28T00:12:32.299+0000] {dag.py:3677} INFO - Setting next_dagrun for example_params_ui_tutorial to None, run_after=None
[2023-08-28T00:12:32.349+0000] {processor.py:179} INFO - Processing /home/airflow/.local/lib/python3.8/site-packages/airflow/example_dags/example_params_ui_tutorial.py took 0.248 seconds
[2023-08-28T00:13:03.005+0000] {processor.py:157} INFO - Started process (PID=515) to work on /home/airflow/.local/lib/python3.8/site-packages/airflow/example_dags/example_params_ui_tutorial.py
[2023-08-28T00:13:03.006+0000] {processor.py:829} INFO - Processing file /home/airflow/.local/lib/python3.8/site-packages/airflow/example_dags/example_params_ui_tutorial.py for tasks to queue
[2023-08-28T00:13:03.009+0000] {logging_mixin.py:151} INFO - [2023-08-28T00:13:03.008+0000] {dagbag.py:539} INFO - Filling up the DagBag from /home/airflow/.local/lib/python3.8/site-packages/airflow/example_dags/example_params_ui_tutorial.py
[2023-08-28T00:13:03.078+0000] {processor.py:839} INFO - DAG(s) dict_keys(['example_params_ui_tutorial']) retrieved from /home/airflow/.local/lib/python3.8/site-packages/airflow/example_dags/example_params_ui_tutorial.py
[2023-08-28T00:13:03.384+0000] {logging_mixin.py:151} INFO - [2023-08-28T00:13:03.383+0000] {dag.py:2907} INFO - Sync 1 DAGs
[2023-08-28T00:13:03.474+0000] {logging_mixin.py:151} INFO - [2023-08-28T00:13:03.473+0000] {dag.py:3677} INFO - Setting next_dagrun for example_params_ui_tutorial to None, run_after=None
[2023-08-28T00:13:03.568+0000] {processor.py:179} INFO - Processing /home/airflow/.local/lib/python3.8/site-packages/airflow/example_dags/example_params_ui_tutorial.py took 0.565 seconds
[2023-08-28T00:13:34.554+0000] {processor.py:157} INFO - Started process (PID=569) to work on /home/airflow/.local/lib/python3.8/site-packages/airflow/example_dags/example_params_ui_tutorial.py
[2023-08-28T00:13:34.556+0000] {processor.py:829} INFO - Processing file /home/airflow/.local/lib/python3.8/site-packages/airflow/example_dags/example_params_ui_tutorial.py for tasks to queue
[2023-08-28T00:13:34.559+0000] {logging_mixin.py:151} INFO - [2023-08-28T00:13:34.559+0000] {dagbag.py:539} INFO - Filling up the DagBag from /home/airflow/.local/lib/python3.8/site-packages/airflow/example_dags/example_params_ui_tutorial.py
[2023-08-28T00:13:34.608+0000] {processor.py:839} INFO - DAG(s) dict_keys(['example_params_ui_tutorial']) retrieved from /home/airflow/.local/lib/python3.8/site-packages/airflow/example_dags/example_params_ui_tutorial.py
[2023-08-28T00:13:34.713+0000] {logging_mixin.py:151} INFO - [2023-08-28T00:13:34.713+0000] {dag.py:2907} INFO - Sync 1 DAGs
[2023-08-28T00:13:34.733+0000] {logging_mixin.py:151} INFO - [2023-08-28T00:13:34.733+0000] {dag.py:3677} INFO - Setting next_dagrun for example_params_ui_tutorial to None, run_after=None
[2023-08-28T00:13:34.767+0000] {processor.py:179} INFO - Processing /home/airflow/.local/lib/python3.8/site-packages/airflow/example_dags/example_params_ui_tutorial.py took 0.216 seconds
[2023-08-28T00:14:05.226+0000] {processor.py:157} INFO - Started process (PID=624) to work on /home/airflow/.local/lib/python3.8/site-packages/airflow/example_dags/example_params_ui_tutorial.py
[2023-08-28T00:14:05.228+0000] {processor.py:829} INFO - Processing file /home/airflow/.local/lib/python3.8/site-packages/airflow/example_dags/example_params_ui_tutorial.py for tasks to queue
[2023-08-28T00:14:05.234+0000] {logging_mixin.py:151} INFO - [2023-08-28T00:14:05.233+0000] {dagbag.py:539} INFO - Filling up the DagBag from /home/airflow/.local/lib/python3.8/site-packages/airflow/example_dags/example_params_ui_tutorial.py
[2023-08-28T00:14:05.286+0000] {processor.py:839} INFO - DAG(s) dict_keys(['example_params_ui_tutorial']) retrieved from /home/airflow/.local/lib/python3.8/site-packages/airflow/example_dags/example_params_ui_tutorial.py
[2023-08-28T00:14:05.382+0000] {logging_mixin.py:151} INFO - [2023-08-28T00:14:05.381+0000] {dag.py:2907} INFO - Sync 1 DAGs
[2023-08-28T00:14:05.398+0000] {logging_mixin.py:151} INFO - [2023-08-28T00:14:05.398+0000] {dag.py:3677} INFO - Setting next_dagrun for example_params_ui_tutorial to None, run_after=None
[2023-08-28T00:14:05.422+0000] {processor.py:179} INFO - Processing /home/airflow/.local/lib/python3.8/site-packages/airflow/example_dags/example_params_ui_tutorial.py took 0.200 seconds
[2023-08-28T00:14:35.521+0000] {processor.py:157} INFO - Started process (PID=679) to work on /home/airflow/.local/lib/python3.8/site-packages/airflow/example_dags/example_params_ui_tutorial.py
[2023-08-28T00:14:35.524+0000] {processor.py:829} INFO - Processing file /home/airflow/.local/lib/python3.8/site-packages/airflow/example_dags/example_params_ui_tutorial.py for tasks to queue
[2023-08-28T00:14:35.527+0000] {logging_mixin.py:151} INFO - [2023-08-28T00:14:35.527+0000] {dagbag.py:539} INFO - Filling up the DagBag from /home/airflow/.local/lib/python3.8/site-packages/airflow/example_dags/example_params_ui_tutorial.py
[2023-08-28T00:14:35.575+0000] {processor.py:839} INFO - DAG(s) dict_keys(['example_params_ui_tutorial']) retrieved from /home/airflow/.local/lib/python3.8/site-packages/airflow/example_dags/example_params_ui_tutorial.py
[2023-08-28T00:14:35.674+0000] {logging_mixin.py:151} INFO - [2023-08-28T00:14:35.674+0000] {dag.py:2907} INFO - Sync 1 DAGs
[2023-08-28T00:14:35.690+0000] {logging_mixin.py:151} INFO - [2023-08-28T00:14:35.690+0000] {dag.py:3677} INFO - Setting next_dagrun for example_params_ui_tutorial to None, run_after=None
[2023-08-28T00:14:35.714+0000] {processor.py:179} INFO - Processing /home/airflow/.local/lib/python3.8/site-packages/airflow/example_dags/example_params_ui_tutorial.py took 0.197 seconds
[2023-08-28T00:15:06.472+0000] {processor.py:157} INFO - Started process (PID=734) to work on /home/airflow/.local/lib/python3.8/site-packages/airflow/example_dags/example_params_ui_tutorial.py
[2023-08-28T00:15:06.474+0000] {processor.py:829} INFO - Processing file /home/airflow/.local/lib/python3.8/site-packages/airflow/example_dags/example_params_ui_tutorial.py for tasks to queue
[2023-08-28T00:15:06.476+0000] {logging_mixin.py:151} INFO - [2023-08-28T00:15:06.476+0000] {dagbag.py:539} INFO - Filling up the DagBag from /home/airflow/.local/lib/python3.8/site-packages/airflow/example_dags/example_params_ui_tutorial.py
[2023-08-28T00:15:06.525+0000] {processor.py:839} INFO - DAG(s) dict_keys(['example_params_ui_tutorial']) retrieved from /home/airflow/.local/lib/python3.8/site-packages/airflow/example_dags/example_params_ui_tutorial.py
[2023-08-28T00:15:06.620+0000] {logging_mixin.py:151} INFO - [2023-08-28T00:15:06.620+0000] {dag.py:2907} INFO - Sync 1 DAGs
[2023-08-28T00:15:06.636+0000] {logging_mixin.py:151} INFO - [2023-08-28T00:15:06.636+0000] {dag.py:3677} INFO - Setting next_dagrun for example_params_ui_tutorial to None, run_after=None
[2023-08-28T00:15:06.659+0000] {processor.py:179} INFO - Processing /home/airflow/.local/lib/python3.8/site-packages/airflow/example_dags/example_params_ui_tutorial.py took 0.190 seconds
[2023-08-28T00:15:37.153+0000] {processor.py:157} INFO - Started process (PID=789) to work on /home/airflow/.local/lib/python3.8/site-packages/airflow/example_dags/example_params_ui_tutorial.py
[2023-08-28T00:15:37.154+0000] {processor.py:829} INFO - Processing file /home/airflow/.local/lib/python3.8/site-packages/airflow/example_dags/example_params_ui_tutorial.py for tasks to queue
[2023-08-28T00:15:37.156+0000] {logging_mixin.py:151} INFO - [2023-08-28T00:15:37.156+0000] {dagbag.py:539} INFO - Filling up the DagBag from /home/airflow/.local/lib/python3.8/site-packages/airflow/example_dags/example_params_ui_tutorial.py
[2023-08-28T00:15:37.194+0000] {processor.py:839} INFO - DAG(s) dict_keys(['example_params_ui_tutorial']) retrieved from /home/airflow/.local/lib/python3.8/site-packages/airflow/example_dags/example_params_ui_tutorial.py
[2023-08-28T00:15:37.290+0000] {logging_mixin.py:151} INFO - [2023-08-28T00:15:37.290+0000] {dag.py:2907} INFO - Sync 1 DAGs
[2023-08-28T00:15:37.306+0000] {logging_mixin.py:151} INFO - [2023-08-28T00:15:37.306+0000] {dag.py:3677} INFO - Setting next_dagrun for example_params_ui_tutorial to None, run_after=None
[2023-08-28T00:15:37.330+0000] {processor.py:179} INFO - Processing /home/airflow/.local/lib/python3.8/site-packages/airflow/example_dags/example_params_ui_tutorial.py took 0.180 seconds
[2023-08-28T00:16:08.092+0000] {processor.py:157} INFO - Started process (PID=844) to work on /home/airflow/.local/lib/python3.8/site-packages/airflow/example_dags/example_params_ui_tutorial.py
[2023-08-28T00:16:08.094+0000] {processor.py:829} INFO - Processing file /home/airflow/.local/lib/python3.8/site-packages/airflow/example_dags/example_params_ui_tutorial.py for tasks to queue
[2023-08-28T00:16:08.098+0000] {logging_mixin.py:151} INFO - [2023-08-28T00:16:08.097+0000] {dagbag.py:539} INFO - Filling up the DagBag from /home/airflow/.local/lib/python3.8/site-packages/airflow/example_dags/example_params_ui_tutorial.py
[2023-08-28T00:16:08.161+0000] {processor.py:839} INFO - DAG(s) dict_keys(['example_params_ui_tutorial']) retrieved from /home/airflow/.local/lib/python3.8/site-packages/airflow/example_dags/example_params_ui_tutorial.py
[2023-08-28T00:16:08.276+0000] {logging_mixin.py:151} INFO - [2023-08-28T00:16:08.275+0000] {dag.py:2907} INFO - Sync 1 DAGs
[2023-08-28T00:16:08.299+0000] {logging_mixin.py:151} INFO - [2023-08-28T00:16:08.299+0000] {dag.py:3677} INFO - Setting next_dagrun for example_params_ui_tutorial to None, run_after=None
[2023-08-28T00:16:08.330+0000] {processor.py:179} INFO - Processing /home/airflow/.local/lib/python3.8/site-packages/airflow/example_dags/example_params_ui_tutorial.py took 0.243 seconds
[2023-08-28T00:16:38.510+0000] {processor.py:157} INFO - Started process (PID=899) to work on /home/airflow/.local/lib/python3.8/site-packages/airflow/example_dags/example_params_ui_tutorial.py
[2023-08-28T00:16:38.512+0000] {processor.py:829} INFO - Processing file /home/airflow/.local/lib/python3.8/site-packages/airflow/example_dags/example_params_ui_tutorial.py for tasks to queue
[2023-08-28T00:16:38.514+0000] {logging_mixin.py:151} INFO - [2023-08-28T00:16:38.514+0000] {dagbag.py:539} INFO - Filling up the DagBag from /home/airflow/.local/lib/python3.8/site-packages/airflow/example_dags/example_params_ui_tutorial.py
[2023-08-28T00:16:38.568+0000] {processor.py:839} INFO - DAG(s) dict_keys(['example_params_ui_tutorial']) retrieved from /home/airflow/.local/lib/python3.8/site-packages/airflow/example_dags/example_params_ui_tutorial.py
[2023-08-28T00:16:38.665+0000] {logging_mixin.py:151} INFO - [2023-08-28T00:16:38.665+0000] {dag.py:2907} INFO - Sync 1 DAGs
[2023-08-28T00:16:38.682+0000] {logging_mixin.py:151} INFO - [2023-08-28T00:16:38.682+0000] {dag.py:3677} INFO - Setting next_dagrun for example_params_ui_tutorial to None, run_after=None
[2023-08-28T00:16:38.706+0000] {processor.py:179} INFO - Processing /home/airflow/.local/lib/python3.8/site-packages/airflow/example_dags/example_params_ui_tutorial.py took 0.199 seconds
[2023-08-28T00:17:08.924+0000] {processor.py:157} INFO - Started process (PID=954) to work on /home/airflow/.local/lib/python3.8/site-packages/airflow/example_dags/example_params_ui_tutorial.py
[2023-08-28T00:17:08.926+0000] {processor.py:829} INFO - Processing file /home/airflow/.local/lib/python3.8/site-packages/airflow/example_dags/example_params_ui_tutorial.py for tasks to queue
[2023-08-28T00:17:08.929+0000] {logging_mixin.py:151} INFO - [2023-08-28T00:17:08.929+0000] {dagbag.py:539} INFO - Filling up the DagBag from /home/airflow/.local/lib/python3.8/site-packages/airflow/example_dags/example_params_ui_tutorial.py
[2023-08-28T00:17:08.972+0000] {processor.py:839} INFO - DAG(s) dict_keys(['example_params_ui_tutorial']) retrieved from /home/airflow/.local/lib/python3.8/site-packages/airflow/example_dags/example_params_ui_tutorial.py
[2023-08-28T00:17:09.066+0000] {logging_mixin.py:151} INFO - [2023-08-28T00:17:09.066+0000] {dag.py:2907} INFO - Sync 1 DAGs
[2023-08-28T00:17:09.083+0000] {logging_mixin.py:151} INFO - [2023-08-28T00:17:09.082+0000] {dag.py:3677} INFO - Setting next_dagrun for example_params_ui_tutorial to None, run_after=None
[2023-08-28T00:17:09.107+0000] {processor.py:179} INFO - Processing /home/airflow/.local/lib/python3.8/site-packages/airflow/example_dags/example_params_ui_tutorial.py took 0.186 seconds
[2023-08-28T00:17:39.644+0000] {processor.py:157} INFO - Started process (PID=1009) to work on /home/airflow/.local/lib/python3.8/site-packages/airflow/example_dags/example_params_ui_tutorial.py
[2023-08-28T00:17:39.649+0000] {processor.py:829} INFO - Processing file /home/airflow/.local/lib/python3.8/site-packages/airflow/example_dags/example_params_ui_tutorial.py for tasks to queue
[2023-08-28T00:17:39.662+0000] {logging_mixin.py:151} INFO - [2023-08-28T00:17:39.660+0000] {dagbag.py:539} INFO - Filling up the DagBag from /home/airflow/.local/lib/python3.8/site-packages/airflow/example_dags/example_params_ui_tutorial.py
[2023-08-28T00:17:39.878+0000] {processor.py:839} INFO - DAG(s) dict_keys(['example_params_ui_tutorial']) retrieved from /home/airflow/.local/lib/python3.8/site-packages/airflow/example_dags/example_params_ui_tutorial.py
[2023-08-28T00:17:40.445+0000] {logging_mixin.py:151} INFO - [2023-08-28T00:17:40.444+0000] {dag.py:2907} INFO - Sync 1 DAGs
[2023-08-28T00:17:40.528+0000] {logging_mixin.py:151} INFO - [2023-08-28T00:17:40.527+0000] {dag.py:3677} INFO - Setting next_dagrun for example_params_ui_tutorial to None, run_after=None
[2023-08-28T00:17:40.605+0000] {processor.py:179} INFO - Processing /home/airflow/.local/lib/python3.8/site-packages/airflow/example_dags/example_params_ui_tutorial.py took 0.990 seconds
[2023-08-28T00:18:11.200+0000] {processor.py:157} INFO - Started process (PID=1064) to work on /home/airflow/.local/lib/python3.8/site-packages/airflow/example_dags/example_params_ui_tutorial.py
[2023-08-28T00:18:11.217+0000] {processor.py:829} INFO - Processing file /home/airflow/.local/lib/python3.8/site-packages/airflow/example_dags/example_params_ui_tutorial.py for tasks to queue
[2023-08-28T00:18:11.239+0000] {logging_mixin.py:151} INFO - [2023-08-28T00:18:11.236+0000] {dagbag.py:539} INFO - Filling up the DagBag from /home/airflow/.local/lib/python3.8/site-packages/airflow/example_dags/example_params_ui_tutorial.py
[2023-08-28T00:18:11.439+0000] {processor.py:839} INFO - DAG(s) dict_keys(['example_params_ui_tutorial']) retrieved from /home/airflow/.local/lib/python3.8/site-packages/airflow/example_dags/example_params_ui_tutorial.py
[2023-08-28T00:18:11.693+0000] {logging_mixin.py:151} INFO - [2023-08-28T00:18:11.693+0000] {dag.py:2907} INFO - Sync 1 DAGs
[2023-08-28T00:18:11.720+0000] {logging_mixin.py:151} INFO - [2023-08-28T00:18:11.719+0000] {dag.py:3677} INFO - Setting next_dagrun for example_params_ui_tutorial to None, run_after=None
[2023-08-28T00:18:11.776+0000] {processor.py:179} INFO - Processing /home/airflow/.local/lib/python3.8/site-packages/airflow/example_dags/example_params_ui_tutorial.py took 0.598 seconds
[2023-08-28T00:18:42.076+0000] {processor.py:157} INFO - Started process (PID=1118) to work on /home/airflow/.local/lib/python3.8/site-packages/airflow/example_dags/example_params_ui_tutorial.py
[2023-08-28T00:18:42.079+0000] {processor.py:829} INFO - Processing file /home/airflow/.local/lib/python3.8/site-packages/airflow/example_dags/example_params_ui_tutorial.py for tasks to queue
[2023-08-28T00:18:42.084+0000] {logging_mixin.py:151} INFO - [2023-08-28T00:18:42.083+0000] {dagbag.py:539} INFO - Filling up the DagBag from /home/airflow/.local/lib/python3.8/site-packages/airflow/example_dags/example_params_ui_tutorial.py
[2023-08-28T00:18:42.159+0000] {processor.py:839} INFO - DAG(s) dict_keys(['example_params_ui_tutorial']) retrieved from /home/airflow/.local/lib/python3.8/site-packages/airflow/example_dags/example_params_ui_tutorial.py
[2023-08-28T00:18:42.269+0000] {logging_mixin.py:151} INFO - [2023-08-28T00:18:42.268+0000] {dag.py:2907} INFO - Sync 1 DAGs
[2023-08-28T00:18:42.289+0000] {logging_mixin.py:151} INFO - [2023-08-28T00:18:42.289+0000] {dag.py:3677} INFO - Setting next_dagrun for example_params_ui_tutorial to None, run_after=None
[2023-08-28T00:18:42.339+0000] {processor.py:179} INFO - Processing /home/airflow/.local/lib/python3.8/site-packages/airflow/example_dags/example_params_ui_tutorial.py took 0.270 seconds
[2023-08-28T00:19:12.522+0000] {processor.py:157} INFO - Started process (PID=1173) to work on /home/airflow/.local/lib/python3.8/site-packages/airflow/example_dags/example_params_ui_tutorial.py
[2023-08-28T00:19:12.526+0000] {processor.py:829} INFO - Processing file /home/airflow/.local/lib/python3.8/site-packages/airflow/example_dags/example_params_ui_tutorial.py for tasks to queue
[2023-08-28T00:19:12.533+0000] {logging_mixin.py:151} INFO - [2023-08-28T00:19:12.532+0000] {dagbag.py:539} INFO - Filling up the DagBag from /home/airflow/.local/lib/python3.8/site-packages/airflow/example_dags/example_params_ui_tutorial.py
[2023-08-28T00:19:12.693+0000] {processor.py:839} INFO - DAG(s) dict_keys(['example_params_ui_tutorial']) retrieved from /home/airflow/.local/lib/python3.8/site-packages/airflow/example_dags/example_params_ui_tutorial.py
[2023-08-28T00:19:12.830+0000] {logging_mixin.py:151} INFO - [2023-08-28T00:19:12.829+0000] {dag.py:2907} INFO - Sync 1 DAGs
[2023-08-28T00:19:12.849+0000] {logging_mixin.py:151} INFO - [2023-08-28T00:19:12.849+0000] {dag.py:3677} INFO - Setting next_dagrun for example_params_ui_tutorial to None, run_after=None
[2023-08-28T00:19:12.899+0000] {processor.py:179} INFO - Processing /home/airflow/.local/lib/python3.8/site-packages/airflow/example_dags/example_params_ui_tutorial.py took 0.387 seconds
[2023-08-28T00:19:44.024+0000] {processor.py:157} INFO - Started process (PID=1228) to work on /home/airflow/.local/lib/python3.8/site-packages/airflow/example_dags/example_params_ui_tutorial.py
[2023-08-28T00:19:44.027+0000] {processor.py:829} INFO - Processing file /home/airflow/.local/lib/python3.8/site-packages/airflow/example_dags/example_params_ui_tutorial.py for tasks to queue
[2023-08-28T00:19:44.033+0000] {logging_mixin.py:151} INFO - [2023-08-28T00:19:44.032+0000] {dagbag.py:539} INFO - Filling up the DagBag from /home/airflow/.local/lib/python3.8/site-packages/airflow/example_dags/example_params_ui_tutorial.py
[2023-08-28T00:19:44.213+0000] {processor.py:839} INFO - DAG(s) dict_keys(['example_params_ui_tutorial']) retrieved from /home/airflow/.local/lib/python3.8/site-packages/airflow/example_dags/example_params_ui_tutorial.py
[2023-08-28T00:19:44.432+0000] {logging_mixin.py:151} INFO - [2023-08-28T00:19:44.431+0000] {dag.py:2907} INFO - Sync 1 DAGs
[2023-08-28T00:19:44.490+0000] {logging_mixin.py:151} INFO - [2023-08-28T00:19:44.489+0000] {dag.py:3677} INFO - Setting next_dagrun for example_params_ui_tutorial to None, run_after=None
[2023-08-28T00:19:44.556+0000] {processor.py:179} INFO - Processing /home/airflow/.local/lib/python3.8/site-packages/airflow/example_dags/example_params_ui_tutorial.py took 0.542 seconds
[2023-08-28T00:20:15.129+0000] {processor.py:157} INFO - Started process (PID=1283) to work on /home/airflow/.local/lib/python3.8/site-packages/airflow/example_dags/example_params_ui_tutorial.py
[2023-08-28T00:20:15.133+0000] {processor.py:829} INFO - Processing file /home/airflow/.local/lib/python3.8/site-packages/airflow/example_dags/example_params_ui_tutorial.py for tasks to queue
[2023-08-28T00:20:15.138+0000] {logging_mixin.py:151} INFO - [2023-08-28T00:20:15.137+0000] {dagbag.py:539} INFO - Filling up the DagBag from /home/airflow/.local/lib/python3.8/site-packages/airflow/example_dags/example_params_ui_tutorial.py
[2023-08-28T00:20:15.192+0000] {processor.py:839} INFO - DAG(s) dict_keys(['example_params_ui_tutorial']) retrieved from /home/airflow/.local/lib/python3.8/site-packages/airflow/example_dags/example_params_ui_tutorial.py
[2023-08-28T00:20:15.315+0000] {logging_mixin.py:151} INFO - [2023-08-28T00:20:15.315+0000] {dag.py:2907} INFO - Sync 1 DAGs
[2023-08-28T00:20:15.346+0000] {logging_mixin.py:151} INFO - [2023-08-28T00:20:15.346+0000] {dag.py:3677} INFO - Setting next_dagrun for example_params_ui_tutorial to None, run_after=None
[2023-08-28T00:20:15.392+0000] {processor.py:179} INFO - Processing /home/airflow/.local/lib/python3.8/site-packages/airflow/example_dags/example_params_ui_tutorial.py took 0.268 seconds
[2023-08-28T00:20:46.304+0000] {processor.py:157} INFO - Started process (PID=1338) to work on /home/airflow/.local/lib/python3.8/site-packages/airflow/example_dags/example_params_ui_tutorial.py
[2023-08-28T00:20:46.306+0000] {processor.py:829} INFO - Processing file /home/airflow/.local/lib/python3.8/site-packages/airflow/example_dags/example_params_ui_tutorial.py for tasks to queue
[2023-08-28T00:20:46.310+0000] {logging_mixin.py:151} INFO - [2023-08-28T00:20:46.309+0000] {dagbag.py:539} INFO - Filling up the DagBag from /home/airflow/.local/lib/python3.8/site-packages/airflow/example_dags/example_params_ui_tutorial.py
[2023-08-28T00:20:46.359+0000] {processor.py:839} INFO - DAG(s) dict_keys(['example_params_ui_tutorial']) retrieved from /home/airflow/.local/lib/python3.8/site-packages/airflow/example_dags/example_params_ui_tutorial.py
[2023-08-28T00:20:46.485+0000] {logging_mixin.py:151} INFO - [2023-08-28T00:20:46.485+0000] {dag.py:2907} INFO - Sync 1 DAGs
[2023-08-28T00:20:46.506+0000] {logging_mixin.py:151} INFO - [2023-08-28T00:20:46.505+0000] {dag.py:3677} INFO - Setting next_dagrun for example_params_ui_tutorial to None, run_after=None
[2023-08-28T00:20:46.538+0000] {processor.py:179} INFO - Processing /home/airflow/.local/lib/python3.8/site-packages/airflow/example_dags/example_params_ui_tutorial.py took 0.238 seconds
[2023-08-28T00:21:16.643+0000] {processor.py:157} INFO - Started process (PID=1393) to work on /home/airflow/.local/lib/python3.8/site-packages/airflow/example_dags/example_params_ui_tutorial.py
[2023-08-28T00:21:16.646+0000] {processor.py:829} INFO - Processing file /home/airflow/.local/lib/python3.8/site-packages/airflow/example_dags/example_params_ui_tutorial.py for tasks to queue
[2023-08-28T00:21:16.652+0000] {logging_mixin.py:151} INFO - [2023-08-28T00:21:16.651+0000] {dagbag.py:539} INFO - Filling up the DagBag from /home/airflow/.local/lib/python3.8/site-packages/airflow/example_dags/example_params_ui_tutorial.py
[2023-08-28T00:21:16.705+0000] {processor.py:839} INFO - DAG(s) dict_keys(['example_params_ui_tutorial']) retrieved from /home/airflow/.local/lib/python3.8/site-packages/airflow/example_dags/example_params_ui_tutorial.py
[2023-08-28T00:21:16.810+0000] {logging_mixin.py:151} INFO - [2023-08-28T00:21:16.810+0000] {dag.py:2907} INFO - Sync 1 DAGs
[2023-08-28T00:21:16.829+0000] {logging_mixin.py:151} INFO - [2023-08-28T00:21:16.829+0000] {dag.py:3677} INFO - Setting next_dagrun for example_params_ui_tutorial to None, run_after=None
[2023-08-28T00:21:16.858+0000] {processor.py:179} INFO - Processing /home/airflow/.local/lib/python3.8/site-packages/airflow/example_dags/example_params_ui_tutorial.py took 0.219 seconds
[2023-08-28T00:21:47.334+0000] {processor.py:157} INFO - Started process (PID=1448) to work on /home/airflow/.local/lib/python3.8/site-packages/airflow/example_dags/example_params_ui_tutorial.py
[2023-08-28T00:21:47.339+0000] {processor.py:829} INFO - Processing file /home/airflow/.local/lib/python3.8/site-packages/airflow/example_dags/example_params_ui_tutorial.py for tasks to queue
[2023-08-28T00:21:47.347+0000] {logging_mixin.py:151} INFO - [2023-08-28T00:21:47.345+0000] {dagbag.py:539} INFO - Filling up the DagBag from /home/airflow/.local/lib/python3.8/site-packages/airflow/example_dags/example_params_ui_tutorial.py
[2023-08-28T00:21:47.407+0000] {processor.py:839} INFO - DAG(s) dict_keys(['example_params_ui_tutorial']) retrieved from /home/airflow/.local/lib/python3.8/site-packages/airflow/example_dags/example_params_ui_tutorial.py
[2023-08-28T00:21:47.511+0000] {logging_mixin.py:151} INFO - [2023-08-28T00:21:47.511+0000] {dag.py:2907} INFO - Sync 1 DAGs
[2023-08-28T00:21:47.533+0000] {logging_mixin.py:151} INFO - [2023-08-28T00:21:47.533+0000] {dag.py:3677} INFO - Setting next_dagrun for example_params_ui_tutorial to None, run_after=None
[2023-08-28T00:21:47.563+0000] {processor.py:179} INFO - Processing /home/airflow/.local/lib/python3.8/site-packages/airflow/example_dags/example_params_ui_tutorial.py took 0.240 seconds
