[2023-08-28T00:02:03.073+0000] {processor.py:157} INFO - Started process (PID=57) to work on /home/airflow/.local/lib/python3.8/site-packages/airflow/example_dags/example_dag_decorator.py
[2023-08-28T00:02:03.075+0000] {processor.py:829} INFO - Processing file /home/airflow/.local/lib/python3.8/site-packages/airflow/example_dags/example_dag_decorator.py for tasks to queue
[2023-08-28T00:02:03.077+0000] {logging_mixin.py:151} INFO - [2023-08-28T00:02:03.077+0000] {dagbag.py:539} INFO - Filling up the DagBag from /home/airflow/.local/lib/python3.8/site-packages/airflow/example_dags/example_dag_decorator.py
[2023-08-28T00:02:03.335+0000] {processor.py:839} INFO - DAG(s) dict_keys(['example_dag_decorator']) retrieved from /home/airflow/.local/lib/python3.8/site-packages/airflow/example_dags/example_dag_decorator.py
[2023-08-28T00:02:03.493+0000] {logging_mixin.py:151} INFO - [2023-08-28T00:02:03.493+0000] {manager.py:501} INFO - Created Permission View: can edit on DAG:example_dag_decorator
[2023-08-28T00:02:03.506+0000] {logging_mixin.py:151} INFO - [2023-08-28T00:02:03.506+0000] {manager.py:501} INFO - Created Permission View: can delete on DAG:example_dag_decorator
[2023-08-28T00:02:03.520+0000] {logging_mixin.py:151} INFO - [2023-08-28T00:02:03.519+0000] {manager.py:501} INFO - Created Permission View: can read on DAG:example_dag_decorator
[2023-08-28T00:02:03.539+0000] {logging_mixin.py:151} INFO - [2023-08-28T00:02:03.538+0000] {dag.py:2907} INFO - Sync 1 DAGs
[2023-08-28T00:02:03.549+0000] {logging_mixin.py:151} INFO - [2023-08-28T00:02:03.548+0000] {dag.py:2929} INFO - Creating ORM DAG for example_dag_decorator
[2023-08-28T00:02:03.550+0000] {logging_mixin.py:151} INFO - [2023-08-28T00:02:03.550+0000] {dag.py:3677} INFO - Setting next_dagrun for example_dag_decorator to None, run_after=None
[2023-08-28T00:02:03.565+0000] {processor.py:179} INFO - Processing /home/airflow/.local/lib/python3.8/site-packages/airflow/example_dags/example_dag_decorator.py took 0.495 seconds
[2023-08-28T00:02:33.689+0000] {processor.py:157} INFO - Started process (PID=112) to work on /home/airflow/.local/lib/python3.8/site-packages/airflow/example_dags/example_dag_decorator.py
[2023-08-28T00:02:33.690+0000] {processor.py:829} INFO - Processing file /home/airflow/.local/lib/python3.8/site-packages/airflow/example_dags/example_dag_decorator.py for tasks to queue
[2023-08-28T00:02:33.693+0000] {logging_mixin.py:151} INFO - [2023-08-28T00:02:33.692+0000] {dagbag.py:539} INFO - Filling up the DagBag from /home/airflow/.local/lib/python3.8/site-packages/airflow/example_dags/example_dag_decorator.py
[2023-08-28T00:02:33.840+0000] {processor.py:839} INFO - DAG(s) dict_keys(['example_dag_decorator']) retrieved from /home/airflow/.local/lib/python3.8/site-packages/airflow/example_dags/example_dag_decorator.py
[2023-08-28T00:02:34.039+0000] {logging_mixin.py:151} INFO - [2023-08-28T00:02:34.039+0000] {dag.py:2907} INFO - Sync 1 DAGs
[2023-08-28T00:02:34.054+0000] {logging_mixin.py:151} INFO - [2023-08-28T00:02:34.054+0000] {dag.py:3677} INFO - Setting next_dagrun for example_dag_decorator to None, run_after=None
[2023-08-28T00:02:34.091+0000] {processor.py:179} INFO - Processing /home/airflow/.local/lib/python3.8/site-packages/airflow/example_dags/example_dag_decorator.py took 0.405 seconds
[2023-08-28T00:03:04.880+0000] {processor.py:157} INFO - Started process (PID=167) to work on /home/airflow/.local/lib/python3.8/site-packages/airflow/example_dags/example_dag_decorator.py
[2023-08-28T00:03:04.883+0000] {processor.py:829} INFO - Processing file /home/airflow/.local/lib/python3.8/site-packages/airflow/example_dags/example_dag_decorator.py for tasks to queue
[2023-08-28T00:03:04.887+0000] {logging_mixin.py:151} INFO - [2023-08-28T00:03:04.887+0000] {dagbag.py:539} INFO - Filling up the DagBag from /home/airflow/.local/lib/python3.8/site-packages/airflow/example_dags/example_dag_decorator.py
[2023-08-28T00:03:04.967+0000] {processor.py:839} INFO - DAG(s) dict_keys(['example_dag_decorator']) retrieved from /home/airflow/.local/lib/python3.8/site-packages/airflow/example_dags/example_dag_decorator.py
[2023-08-28T00:03:05.143+0000] {logging_mixin.py:151} INFO - [2023-08-28T00:03:05.143+0000] {dag.py:2907} INFO - Sync 1 DAGs
[2023-08-28T00:03:05.160+0000] {logging_mixin.py:151} INFO - [2023-08-28T00:03:05.160+0000] {dag.py:3677} INFO - Setting next_dagrun for example_dag_decorator to None, run_after=None
[2023-08-28T00:03:05.188+0000] {processor.py:179} INFO - Processing /home/airflow/.local/lib/python3.8/site-packages/airflow/example_dags/example_dag_decorator.py took 0.312 seconds
[2023-08-28T00:03:35.299+0000] {processor.py:157} INFO - Started process (PID=221) to work on /home/airflow/.local/lib/python3.8/site-packages/airflow/example_dags/example_dag_decorator.py
[2023-08-28T00:03:35.301+0000] {processor.py:829} INFO - Processing file /home/airflow/.local/lib/python3.8/site-packages/airflow/example_dags/example_dag_decorator.py for tasks to queue
[2023-08-28T00:03:35.305+0000] {logging_mixin.py:151} INFO - [2023-08-28T00:03:35.304+0000] {dagbag.py:539} INFO - Filling up the DagBag from /home/airflow/.local/lib/python3.8/site-packages/airflow/example_dags/example_dag_decorator.py
[2023-08-28T00:03:35.400+0000] {processor.py:839} INFO - DAG(s) dict_keys(['example_dag_decorator']) retrieved from /home/airflow/.local/lib/python3.8/site-packages/airflow/example_dags/example_dag_decorator.py
[2023-08-28T00:03:35.622+0000] {logging_mixin.py:151} INFO - [2023-08-28T00:03:35.622+0000] {dag.py:2907} INFO - Sync 1 DAGs
[2023-08-28T00:03:35.636+0000] {logging_mixin.py:151} INFO - [2023-08-28T00:03:35.636+0000] {dag.py:3677} INFO - Setting next_dagrun for example_dag_decorator to None, run_after=None
[2023-08-28T00:03:35.669+0000] {processor.py:179} INFO - Processing /home/airflow/.local/lib/python3.8/site-packages/airflow/example_dags/example_dag_decorator.py took 0.374 seconds
[2023-08-28T00:04:06.243+0000] {processor.py:157} INFO - Started process (PID=276) to work on /home/airflow/.local/lib/python3.8/site-packages/airflow/example_dags/example_dag_decorator.py
[2023-08-28T00:04:06.244+0000] {processor.py:829} INFO - Processing file /home/airflow/.local/lib/python3.8/site-packages/airflow/example_dags/example_dag_decorator.py for tasks to queue
[2023-08-28T00:04:06.247+0000] {logging_mixin.py:151} INFO - [2023-08-28T00:04:06.247+0000] {dagbag.py:539} INFO - Filling up the DagBag from /home/airflow/.local/lib/python3.8/site-packages/airflow/example_dags/example_dag_decorator.py
[2023-08-28T00:04:06.325+0000] {processor.py:839} INFO - DAG(s) dict_keys(['example_dag_decorator']) retrieved from /home/airflow/.local/lib/python3.8/site-packages/airflow/example_dags/example_dag_decorator.py
[2023-08-28T00:04:06.521+0000] {logging_mixin.py:151} INFO - [2023-08-28T00:04:06.521+0000] {dag.py:2907} INFO - Sync 1 DAGs
[2023-08-28T00:04:06.540+0000] {logging_mixin.py:151} INFO - [2023-08-28T00:04:06.540+0000] {dag.py:3677} INFO - Setting next_dagrun for example_dag_decorator to None, run_after=None
[2023-08-28T00:04:06.565+0000] {processor.py:179} INFO - Processing /home/airflow/.local/lib/python3.8/site-packages/airflow/example_dags/example_dag_decorator.py took 0.326 seconds
[2023-08-28T00:04:36.810+0000] {processor.py:157} INFO - Started process (PID=332) to work on /home/airflow/.local/lib/python3.8/site-packages/airflow/example_dags/example_dag_decorator.py
[2023-08-28T00:04:36.812+0000] {processor.py:829} INFO - Processing file /home/airflow/.local/lib/python3.8/site-packages/airflow/example_dags/example_dag_decorator.py for tasks to queue
[2023-08-28T00:04:36.816+0000] {logging_mixin.py:151} INFO - [2023-08-28T00:04:36.815+0000] {dagbag.py:539} INFO - Filling up the DagBag from /home/airflow/.local/lib/python3.8/site-packages/airflow/example_dags/example_dag_decorator.py
[2023-08-28T00:04:36.923+0000] {processor.py:839} INFO - DAG(s) dict_keys(['example_dag_decorator']) retrieved from /home/airflow/.local/lib/python3.8/site-packages/airflow/example_dags/example_dag_decorator.py
[2023-08-28T00:04:37.035+0000] {logging_mixin.py:151} INFO - [2023-08-28T00:04:37.034+0000] {dag.py:2907} INFO - Sync 1 DAGs
[2023-08-28T00:04:37.055+0000] {logging_mixin.py:151} INFO - [2023-08-28T00:04:37.054+0000] {dag.py:3677} INFO - Setting next_dagrun for example_dag_decorator to None, run_after=None
[2023-08-28T00:04:37.083+0000] {processor.py:179} INFO - Processing /home/airflow/.local/lib/python3.8/site-packages/airflow/example_dags/example_dag_decorator.py took 0.277 seconds
[2023-08-28T00:05:07.937+0000] {processor.py:157} INFO - Started process (PID=387) to work on /home/airflow/.local/lib/python3.8/site-packages/airflow/example_dags/example_dag_decorator.py
[2023-08-28T00:05:07.939+0000] {processor.py:829} INFO - Processing file /home/airflow/.local/lib/python3.8/site-packages/airflow/example_dags/example_dag_decorator.py for tasks to queue
[2023-08-28T00:05:07.942+0000] {logging_mixin.py:151} INFO - [2023-08-28T00:05:07.942+0000] {dagbag.py:539} INFO - Filling up the DagBag from /home/airflow/.local/lib/python3.8/site-packages/airflow/example_dags/example_dag_decorator.py
[2023-08-28T00:05:08.054+0000] {processor.py:839} INFO - DAG(s) dict_keys(['example_dag_decorator']) retrieved from /home/airflow/.local/lib/python3.8/site-packages/airflow/example_dags/example_dag_decorator.py
[2023-08-28T00:05:08.345+0000] {logging_mixin.py:151} INFO - [2023-08-28T00:05:08.344+0000] {dag.py:2907} INFO - Sync 1 DAGs
[2023-08-28T00:05:08.359+0000] {logging_mixin.py:151} INFO - [2023-08-28T00:05:08.358+0000] {dag.py:3677} INFO - Setting next_dagrun for example_dag_decorator to None, run_after=None
[2023-08-28T00:05:08.392+0000] {processor.py:179} INFO - Processing /home/airflow/.local/lib/python3.8/site-packages/airflow/example_dags/example_dag_decorator.py took 0.459 seconds
[2023-08-28T00:08:49.422+0000] {processor.py:157} INFO - Started process (PID=65) to work on /home/airflow/.local/lib/python3.8/site-packages/airflow/example_dags/example_dag_decorator.py
[2023-08-28T00:08:49.426+0000] {processor.py:829} INFO - Processing file /home/airflow/.local/lib/python3.8/site-packages/airflow/example_dags/example_dag_decorator.py for tasks to queue
[2023-08-28T00:08:49.435+0000] {logging_mixin.py:151} INFO - [2023-08-28T00:08:49.434+0000] {dagbag.py:539} INFO - Filling up the DagBag from /home/airflow/.local/lib/python3.8/site-packages/airflow/example_dags/example_dag_decorator.py
[2023-08-28T00:08:49.748+0000] {processor.py:839} INFO - DAG(s) dict_keys(['example_dag_decorator']) retrieved from /home/airflow/.local/lib/python3.8/site-packages/airflow/example_dags/example_dag_decorator.py
[2023-08-28T00:08:50.293+0000] {logging_mixin.py:151} INFO - [2023-08-28T00:08:50.292+0000] {dag.py:2907} INFO - Sync 1 DAGs
[2023-08-28T00:08:50.333+0000] {logging_mixin.py:151} INFO - [2023-08-28T00:08:50.333+0000] {dag.py:3677} INFO - Setting next_dagrun for example_dag_decorator to None, run_after=None
[2023-08-28T00:08:50.453+0000] {processor.py:179} INFO - Processing /home/airflow/.local/lib/python3.8/site-packages/airflow/example_dags/example_dag_decorator.py took 1.040 seconds
[2023-08-28T00:09:21.432+0000] {processor.py:157} INFO - Started process (PID=120) to work on /home/airflow/.local/lib/python3.8/site-packages/airflow/example_dags/example_dag_decorator.py
[2023-08-28T00:09:21.460+0000] {processor.py:829} INFO - Processing file /home/airflow/.local/lib/python3.8/site-packages/airflow/example_dags/example_dag_decorator.py for tasks to queue
[2023-08-28T00:09:21.476+0000] {logging_mixin.py:151} INFO - [2023-08-28T00:09:21.474+0000] {dagbag.py:539} INFO - Filling up the DagBag from /home/airflow/.local/lib/python3.8/site-packages/airflow/example_dags/example_dag_decorator.py
[2023-08-28T00:09:22.025+0000] {processor.py:839} INFO - DAG(s) dict_keys(['example_dag_decorator']) retrieved from /home/airflow/.local/lib/python3.8/site-packages/airflow/example_dags/example_dag_decorator.py
[2023-08-28T00:09:22.831+0000] {logging_mixin.py:151} INFO - [2023-08-28T00:09:22.830+0000] {dag.py:2907} INFO - Sync 1 DAGs
[2023-08-28T00:09:22.895+0000] {logging_mixin.py:151} INFO - [2023-08-28T00:09:22.894+0000] {dag.py:3677} INFO - Setting next_dagrun for example_dag_decorator to None, run_after=None
[2023-08-28T00:09:22.996+0000] {processor.py:179} INFO - Processing /home/airflow/.local/lib/python3.8/site-packages/airflow/example_dags/example_dag_decorator.py took 1.574 seconds
[2023-08-28T00:09:53.075+0000] {processor.py:157} INFO - Started process (PID=176) to work on /home/airflow/.local/lib/python3.8/site-packages/airflow/example_dags/example_dag_decorator.py
[2023-08-28T00:09:53.077+0000] {processor.py:829} INFO - Processing file /home/airflow/.local/lib/python3.8/site-packages/airflow/example_dags/example_dag_decorator.py for tasks to queue
[2023-08-28T00:09:53.079+0000] {logging_mixin.py:151} INFO - [2023-08-28T00:09:53.079+0000] {dagbag.py:539} INFO - Filling up the DagBag from /home/airflow/.local/lib/python3.8/site-packages/airflow/example_dags/example_dag_decorator.py
[2023-08-28T00:09:53.155+0000] {processor.py:839} INFO - DAG(s) dict_keys(['example_dag_decorator']) retrieved from /home/airflow/.local/lib/python3.8/site-packages/airflow/example_dags/example_dag_decorator.py
[2023-08-28T00:09:53.378+0000] {logging_mixin.py:151} INFO - [2023-08-28T00:09:53.378+0000] {dag.py:2907} INFO - Sync 1 DAGs
[2023-08-28T00:09:53.397+0000] {logging_mixin.py:151} INFO - [2023-08-28T00:09:53.396+0000] {dag.py:3677} INFO - Setting next_dagrun for example_dag_decorator to None, run_after=None
[2023-08-28T00:09:53.432+0000] {processor.py:179} INFO - Processing /home/airflow/.local/lib/python3.8/site-packages/airflow/example_dags/example_dag_decorator.py took 0.360 seconds
[2023-08-28T00:10:23.746+0000] {processor.py:157} INFO - Started process (PID=230) to work on /home/airflow/.local/lib/python3.8/site-packages/airflow/example_dags/example_dag_decorator.py
[2023-08-28T00:10:23.750+0000] {processor.py:829} INFO - Processing file /home/airflow/.local/lib/python3.8/site-packages/airflow/example_dags/example_dag_decorator.py for tasks to queue
[2023-08-28T00:10:23.761+0000] {logging_mixin.py:151} INFO - [2023-08-28T00:10:23.760+0000] {dagbag.py:539} INFO - Filling up the DagBag from /home/airflow/.local/lib/python3.8/site-packages/airflow/example_dags/example_dag_decorator.py
[2023-08-28T00:10:23.876+0000] {processor.py:839} INFO - DAG(s) dict_keys(['example_dag_decorator']) retrieved from /home/airflow/.local/lib/python3.8/site-packages/airflow/example_dags/example_dag_decorator.py
[2023-08-28T00:10:25.028+0000] {logging_mixin.py:151} INFO - [2023-08-28T00:10:25.026+0000] {dag.py:2907} INFO - Sync 1 DAGs
[2023-08-28T00:10:25.049+0000] {logging_mixin.py:151} INFO - [2023-08-28T00:10:25.048+0000] {dag.py:3677} INFO - Setting next_dagrun for example_dag_decorator to None, run_after=None
[2023-08-28T00:10:25.092+0000] {processor.py:179} INFO - Processing /home/airflow/.local/lib/python3.8/site-packages/airflow/example_dags/example_dag_decorator.py took 1.353 seconds
[2023-08-28T00:10:55.566+0000] {processor.py:157} INFO - Started process (PID=285) to work on /home/airflow/.local/lib/python3.8/site-packages/airflow/example_dags/example_dag_decorator.py
[2023-08-28T00:10:55.568+0000] {processor.py:829} INFO - Processing file /home/airflow/.local/lib/python3.8/site-packages/airflow/example_dags/example_dag_decorator.py for tasks to queue
[2023-08-28T00:10:55.572+0000] {logging_mixin.py:151} INFO - [2023-08-28T00:10:55.571+0000] {dagbag.py:539} INFO - Filling up the DagBag from /home/airflow/.local/lib/python3.8/site-packages/airflow/example_dags/example_dag_decorator.py
[2023-08-28T00:10:55.661+0000] {processor.py:839} INFO - DAG(s) dict_keys(['example_dag_decorator']) retrieved from /home/airflow/.local/lib/python3.8/site-packages/airflow/example_dags/example_dag_decorator.py
[2023-08-28T00:10:55.842+0000] {logging_mixin.py:151} INFO - [2023-08-28T00:10:55.842+0000] {dag.py:2907} INFO - Sync 1 DAGs
[2023-08-28T00:10:55.855+0000] {logging_mixin.py:151} INFO - [2023-08-28T00:10:55.855+0000] {dag.py:3677} INFO - Setting next_dagrun for example_dag_decorator to None, run_after=None
[2023-08-28T00:10:55.881+0000] {processor.py:179} INFO - Processing /home/airflow/.local/lib/python3.8/site-packages/airflow/example_dags/example_dag_decorator.py took 0.320 seconds
[2023-08-28T00:11:26.051+0000] {processor.py:157} INFO - Started process (PID=340) to work on /home/airflow/.local/lib/python3.8/site-packages/airflow/example_dags/example_dag_decorator.py
[2023-08-28T00:11:26.052+0000] {processor.py:829} INFO - Processing file /home/airflow/.local/lib/python3.8/site-packages/airflow/example_dags/example_dag_decorator.py for tasks to queue
[2023-08-28T00:11:26.055+0000] {logging_mixin.py:151} INFO - [2023-08-28T00:11:26.054+0000] {dagbag.py:539} INFO - Filling up the DagBag from /home/airflow/.local/lib/python3.8/site-packages/airflow/example_dags/example_dag_decorator.py
[2023-08-28T00:11:26.149+0000] {processor.py:839} INFO - DAG(s) dict_keys(['example_dag_decorator']) retrieved from /home/airflow/.local/lib/python3.8/site-packages/airflow/example_dags/example_dag_decorator.py
[2023-08-28T00:11:26.227+0000] {logging_mixin.py:151} INFO - [2023-08-28T00:11:26.227+0000] {dag.py:2907} INFO - Sync 1 DAGs
[2023-08-28T00:11:26.245+0000] {logging_mixin.py:151} INFO - [2023-08-28T00:11:26.245+0000] {dag.py:3677} INFO - Setting next_dagrun for example_dag_decorator to None, run_after=None
[2023-08-28T00:11:26.269+0000] {processor.py:179} INFO - Processing /home/airflow/.local/lib/python3.8/site-packages/airflow/example_dags/example_dag_decorator.py took 0.222 seconds
[2023-08-28T00:11:56.327+0000] {processor.py:157} INFO - Started process (PID=394) to work on /home/airflow/.local/lib/python3.8/site-packages/airflow/example_dags/example_dag_decorator.py
[2023-08-28T00:11:56.329+0000] {processor.py:829} INFO - Processing file /home/airflow/.local/lib/python3.8/site-packages/airflow/example_dags/example_dag_decorator.py for tasks to queue
[2023-08-28T00:11:56.331+0000] {logging_mixin.py:151} INFO - [2023-08-28T00:11:56.331+0000] {dagbag.py:539} INFO - Filling up the DagBag from /home/airflow/.local/lib/python3.8/site-packages/airflow/example_dags/example_dag_decorator.py
[2023-08-28T00:11:56.407+0000] {processor.py:839} INFO - DAG(s) dict_keys(['example_dag_decorator']) retrieved from /home/airflow/.local/lib/python3.8/site-packages/airflow/example_dags/example_dag_decorator.py
[2023-08-28T00:11:56.600+0000] {logging_mixin.py:151} INFO - [2023-08-28T00:11:56.600+0000] {dag.py:2907} INFO - Sync 1 DAGs
[2023-08-28T00:11:56.614+0000] {logging_mixin.py:151} INFO - [2023-08-28T00:11:56.614+0000] {dag.py:3677} INFO - Setting next_dagrun for example_dag_decorator to None, run_after=None
[2023-08-28T00:11:56.649+0000] {processor.py:179} INFO - Processing /home/airflow/.local/lib/python3.8/site-packages/airflow/example_dags/example_dag_decorator.py took 0.324 seconds
[2023-08-28T00:12:26.976+0000] {processor.py:157} INFO - Started process (PID=448) to work on /home/airflow/.local/lib/python3.8/site-packages/airflow/example_dags/example_dag_decorator.py
[2023-08-28T00:12:26.978+0000] {processor.py:829} INFO - Processing file /home/airflow/.local/lib/python3.8/site-packages/airflow/example_dags/example_dag_decorator.py for tasks to queue
[2023-08-28T00:12:26.983+0000] {logging_mixin.py:151} INFO - [2023-08-28T00:12:26.983+0000] {dagbag.py:539} INFO - Filling up the DagBag from /home/airflow/.local/lib/python3.8/site-packages/airflow/example_dags/example_dag_decorator.py
[2023-08-28T00:12:27.091+0000] {processor.py:839} INFO - DAG(s) dict_keys(['example_dag_decorator']) retrieved from /home/airflow/.local/lib/python3.8/site-packages/airflow/example_dags/example_dag_decorator.py
[2023-08-28T00:12:27.341+0000] {logging_mixin.py:151} INFO - [2023-08-28T00:12:27.341+0000] {dag.py:2907} INFO - Sync 1 DAGs
[2023-08-28T00:12:27.355+0000] {logging_mixin.py:151} INFO - [2023-08-28T00:12:27.355+0000] {dag.py:3677} INFO - Setting next_dagrun for example_dag_decorator to None, run_after=None
[2023-08-28T00:12:27.384+0000] {processor.py:179} INFO - Processing /home/airflow/.local/lib/python3.8/site-packages/airflow/example_dags/example_dag_decorator.py took 0.412 seconds
[2023-08-28T00:12:57.639+0000] {processor.py:157} INFO - Started process (PID=504) to work on /home/airflow/.local/lib/python3.8/site-packages/airflow/example_dags/example_dag_decorator.py
[2023-08-28T00:12:57.640+0000] {processor.py:829} INFO - Processing file /home/airflow/.local/lib/python3.8/site-packages/airflow/example_dags/example_dag_decorator.py for tasks to queue
[2023-08-28T00:12:57.643+0000] {logging_mixin.py:151} INFO - [2023-08-28T00:12:57.642+0000] {dagbag.py:539} INFO - Filling up the DagBag from /home/airflow/.local/lib/python3.8/site-packages/airflow/example_dags/example_dag_decorator.py
[2023-08-28T00:12:57.722+0000] {processor.py:839} INFO - DAG(s) dict_keys(['example_dag_decorator']) retrieved from /home/airflow/.local/lib/python3.8/site-packages/airflow/example_dags/example_dag_decorator.py
[2023-08-28T00:12:57.915+0000] {logging_mixin.py:151} INFO - [2023-08-28T00:12:57.914+0000] {dag.py:2907} INFO - Sync 1 DAGs
[2023-08-28T00:12:57.927+0000] {logging_mixin.py:151} INFO - [2023-08-28T00:12:57.927+0000] {dag.py:3677} INFO - Setting next_dagrun for example_dag_decorator to None, run_after=None
[2023-08-28T00:12:57.956+0000] {processor.py:179} INFO - Processing /home/airflow/.local/lib/python3.8/site-packages/airflow/example_dags/example_dag_decorator.py took 0.320 seconds
[2023-08-28T00:13:28.301+0000] {processor.py:157} INFO - Started process (PID=557) to work on /home/airflow/.local/lib/python3.8/site-packages/airflow/example_dags/example_dag_decorator.py
[2023-08-28T00:13:28.303+0000] {processor.py:829} INFO - Processing file /home/airflow/.local/lib/python3.8/site-packages/airflow/example_dags/example_dag_decorator.py for tasks to queue
[2023-08-28T00:13:28.308+0000] {logging_mixin.py:151} INFO - [2023-08-28T00:13:28.308+0000] {dagbag.py:539} INFO - Filling up the DagBag from /home/airflow/.local/lib/python3.8/site-packages/airflow/example_dags/example_dag_decorator.py
[2023-08-28T00:13:28.407+0000] {processor.py:839} INFO - DAG(s) dict_keys(['example_dag_decorator']) retrieved from /home/airflow/.local/lib/python3.8/site-packages/airflow/example_dags/example_dag_decorator.py
[2023-08-28T00:13:28.667+0000] {logging_mixin.py:151} INFO - [2023-08-28T00:13:28.666+0000] {dag.py:2907} INFO - Sync 1 DAGs
[2023-08-28T00:13:28.689+0000] {logging_mixin.py:151} INFO - [2023-08-28T00:13:28.689+0000] {dag.py:3677} INFO - Setting next_dagrun for example_dag_decorator to None, run_after=None
[2023-08-28T00:13:28.733+0000] {processor.py:179} INFO - Processing /home/airflow/.local/lib/python3.8/site-packages/airflow/example_dags/example_dag_decorator.py took 0.438 seconds
[2023-08-28T00:13:58.997+0000] {processor.py:157} INFO - Started process (PID=613) to work on /home/airflow/.local/lib/python3.8/site-packages/airflow/example_dags/example_dag_decorator.py
[2023-08-28T00:13:59.001+0000] {processor.py:829} INFO - Processing file /home/airflow/.local/lib/python3.8/site-packages/airflow/example_dags/example_dag_decorator.py for tasks to queue
[2023-08-28T00:13:59.005+0000] {logging_mixin.py:151} INFO - [2023-08-28T00:13:59.004+0000] {dagbag.py:539} INFO - Filling up the DagBag from /home/airflow/.local/lib/python3.8/site-packages/airflow/example_dags/example_dag_decorator.py
[2023-08-28T00:13:59.111+0000] {processor.py:839} INFO - DAG(s) dict_keys(['example_dag_decorator']) retrieved from /home/airflow/.local/lib/python3.8/site-packages/airflow/example_dags/example_dag_decorator.py
[2023-08-28T00:13:59.349+0000] {logging_mixin.py:151} INFO - [2023-08-28T00:13:59.348+0000] {dag.py:2907} INFO - Sync 1 DAGs
[2023-08-28T00:13:59.363+0000] {logging_mixin.py:151} INFO - [2023-08-28T00:13:59.363+0000] {dag.py:3677} INFO - Setting next_dagrun for example_dag_decorator to None, run_after=None
[2023-08-28T00:13:59.390+0000] {processor.py:179} INFO - Processing /home/airflow/.local/lib/python3.8/site-packages/airflow/example_dags/example_dag_decorator.py took 0.401 seconds
[2023-08-28T00:14:29.525+0000] {processor.py:157} INFO - Started process (PID=669) to work on /home/airflow/.local/lib/python3.8/site-packages/airflow/example_dags/example_dag_decorator.py
[2023-08-28T00:14:29.527+0000] {processor.py:829} INFO - Processing file /home/airflow/.local/lib/python3.8/site-packages/airflow/example_dags/example_dag_decorator.py for tasks to queue
[2023-08-28T00:14:29.531+0000] {logging_mixin.py:151} INFO - [2023-08-28T00:14:29.530+0000] {dagbag.py:539} INFO - Filling up the DagBag from /home/airflow/.local/lib/python3.8/site-packages/airflow/example_dags/example_dag_decorator.py
[2023-08-28T00:14:29.616+0000] {processor.py:839} INFO - DAG(s) dict_keys(['example_dag_decorator']) retrieved from /home/airflow/.local/lib/python3.8/site-packages/airflow/example_dags/example_dag_decorator.py
[2023-08-28T00:14:29.799+0000] {logging_mixin.py:151} INFO - [2023-08-28T00:14:29.799+0000] {dag.py:2907} INFO - Sync 1 DAGs
[2023-08-28T00:14:29.813+0000] {logging_mixin.py:151} INFO - [2023-08-28T00:14:29.813+0000] {dag.py:3677} INFO - Setting next_dagrun for example_dag_decorator to None, run_after=None
[2023-08-28T00:14:29.837+0000] {processor.py:179} INFO - Processing /home/airflow/.local/lib/python3.8/site-packages/airflow/example_dags/example_dag_decorator.py took 0.315 seconds
[2023-08-28T00:15:00.343+0000] {processor.py:157} INFO - Started process (PID=722) to work on /home/airflow/.local/lib/python3.8/site-packages/airflow/example_dags/example_dag_decorator.py
[2023-08-28T00:15:00.346+0000] {processor.py:829} INFO - Processing file /home/airflow/.local/lib/python3.8/site-packages/airflow/example_dags/example_dag_decorator.py for tasks to queue
[2023-08-28T00:15:00.349+0000] {logging_mixin.py:151} INFO - [2023-08-28T00:15:00.349+0000] {dagbag.py:539} INFO - Filling up the DagBag from /home/airflow/.local/lib/python3.8/site-packages/airflow/example_dags/example_dag_decorator.py
[2023-08-28T00:15:00.432+0000] {processor.py:839} INFO - DAG(s) dict_keys(['example_dag_decorator']) retrieved from /home/airflow/.local/lib/python3.8/site-packages/airflow/example_dags/example_dag_decorator.py
[2023-08-28T00:15:00.604+0000] {logging_mixin.py:151} INFO - [2023-08-28T00:15:00.604+0000] {dag.py:2907} INFO - Sync 1 DAGs
[2023-08-28T00:15:00.618+0000] {logging_mixin.py:151} INFO - [2023-08-28T00:15:00.617+0000] {dag.py:3677} INFO - Setting next_dagrun for example_dag_decorator to None, run_after=None
[2023-08-28T00:15:00.645+0000] {processor.py:179} INFO - Processing /home/airflow/.local/lib/python3.8/site-packages/airflow/example_dags/example_dag_decorator.py took 0.306 seconds
[2023-08-28T00:15:30.955+0000] {processor.py:157} INFO - Started process (PID=777) to work on /home/airflow/.local/lib/python3.8/site-packages/airflow/example_dags/example_dag_decorator.py
[2023-08-28T00:15:30.958+0000] {processor.py:829} INFO - Processing file /home/airflow/.local/lib/python3.8/site-packages/airflow/example_dags/example_dag_decorator.py for tasks to queue
[2023-08-28T00:15:30.964+0000] {logging_mixin.py:151} INFO - [2023-08-28T00:15:30.963+0000] {dagbag.py:539} INFO - Filling up the DagBag from /home/airflow/.local/lib/python3.8/site-packages/airflow/example_dags/example_dag_decorator.py
[2023-08-28T00:15:31.089+0000] {processor.py:839} INFO - DAG(s) dict_keys(['example_dag_decorator']) retrieved from /home/airflow/.local/lib/python3.8/site-packages/airflow/example_dags/example_dag_decorator.py
[2023-08-28T00:15:31.323+0000] {logging_mixin.py:151} INFO - [2023-08-28T00:15:31.323+0000] {dag.py:2907} INFO - Sync 1 DAGs
[2023-08-28T00:15:31.337+0000] {logging_mixin.py:151} INFO - [2023-08-28T00:15:31.336+0000] {dag.py:3677} INFO - Setting next_dagrun for example_dag_decorator to None, run_after=None
[2023-08-28T00:15:31.367+0000] {processor.py:179} INFO - Processing /home/airflow/.local/lib/python3.8/site-packages/airflow/example_dags/example_dag_decorator.py took 0.418 seconds
[2023-08-28T00:16:01.687+0000] {processor.py:157} INFO - Started process (PID=832) to work on /home/airflow/.local/lib/python3.8/site-packages/airflow/example_dags/example_dag_decorator.py
[2023-08-28T00:16:01.692+0000] {processor.py:829} INFO - Processing file /home/airflow/.local/lib/python3.8/site-packages/airflow/example_dags/example_dag_decorator.py for tasks to queue
[2023-08-28T00:16:01.694+0000] {logging_mixin.py:151} INFO - [2023-08-28T00:16:01.694+0000] {dagbag.py:539} INFO - Filling up the DagBag from /home/airflow/.local/lib/python3.8/site-packages/airflow/example_dags/example_dag_decorator.py
[2023-08-28T00:16:01.785+0000] {processor.py:839} INFO - DAG(s) dict_keys(['example_dag_decorator']) retrieved from /home/airflow/.local/lib/python3.8/site-packages/airflow/example_dags/example_dag_decorator.py
[2023-08-28T00:16:02.080+0000] {logging_mixin.py:151} INFO - [2023-08-28T00:16:02.080+0000] {dag.py:2907} INFO - Sync 1 DAGs
[2023-08-28T00:16:02.094+0000] {logging_mixin.py:151} INFO - [2023-08-28T00:16:02.094+0000] {dag.py:3677} INFO - Setting next_dagrun for example_dag_decorator to None, run_after=None
[2023-08-28T00:16:02.121+0000] {processor.py:179} INFO - Processing /home/airflow/.local/lib/python3.8/site-packages/airflow/example_dags/example_dag_decorator.py took 0.438 seconds
[2023-08-28T00:16:32.200+0000] {processor.py:157} INFO - Started process (PID=888) to work on /home/airflow/.local/lib/python3.8/site-packages/airflow/example_dags/example_dag_decorator.py
[2023-08-28T00:16:32.202+0000] {processor.py:829} INFO - Processing file /home/airflow/.local/lib/python3.8/site-packages/airflow/example_dags/example_dag_decorator.py for tasks to queue
[2023-08-28T00:16:32.205+0000] {logging_mixin.py:151} INFO - [2023-08-28T00:16:32.205+0000] {dagbag.py:539} INFO - Filling up the DagBag from /home/airflow/.local/lib/python3.8/site-packages/airflow/example_dags/example_dag_decorator.py
[2023-08-28T00:16:32.310+0000] {processor.py:839} INFO - DAG(s) dict_keys(['example_dag_decorator']) retrieved from /home/airflow/.local/lib/python3.8/site-packages/airflow/example_dags/example_dag_decorator.py
[2023-08-28T00:16:32.592+0000] {logging_mixin.py:151} INFO - [2023-08-28T00:16:32.591+0000] {dag.py:2907} INFO - Sync 1 DAGs
[2023-08-28T00:16:32.610+0000] {logging_mixin.py:151} INFO - [2023-08-28T00:16:32.610+0000] {dag.py:3677} INFO - Setting next_dagrun for example_dag_decorator to None, run_after=None
[2023-08-28T00:16:32.641+0000] {processor.py:179} INFO - Processing /home/airflow/.local/lib/python3.8/site-packages/airflow/example_dags/example_dag_decorator.py took 0.444 seconds
[2023-08-28T00:17:02.690+0000] {processor.py:157} INFO - Started process (PID=943) to work on /home/airflow/.local/lib/python3.8/site-packages/airflow/example_dags/example_dag_decorator.py
[2023-08-28T00:17:02.692+0000] {processor.py:829} INFO - Processing file /home/airflow/.local/lib/python3.8/site-packages/airflow/example_dags/example_dag_decorator.py for tasks to queue
[2023-08-28T00:17:02.694+0000] {logging_mixin.py:151} INFO - [2023-08-28T00:17:02.694+0000] {dagbag.py:539} INFO - Filling up the DagBag from /home/airflow/.local/lib/python3.8/site-packages/airflow/example_dags/example_dag_decorator.py
[2023-08-28T00:17:02.782+0000] {processor.py:839} INFO - DAG(s) dict_keys(['example_dag_decorator']) retrieved from /home/airflow/.local/lib/python3.8/site-packages/airflow/example_dags/example_dag_decorator.py
[2023-08-28T00:17:02.982+0000] {logging_mixin.py:151} INFO - [2023-08-28T00:17:02.982+0000] {dag.py:2907} INFO - Sync 1 DAGs
[2023-08-28T00:17:02.995+0000] {logging_mixin.py:151} INFO - [2023-08-28T00:17:02.994+0000] {dag.py:3677} INFO - Setting next_dagrun for example_dag_decorator to None, run_after=None
[2023-08-28T00:17:03.022+0000] {processor.py:179} INFO - Processing /home/airflow/.local/lib/python3.8/site-packages/airflow/example_dags/example_dag_decorator.py took 0.334 seconds
[2023-08-28T00:17:33.291+0000] {processor.py:157} INFO - Started process (PID=997) to work on /home/airflow/.local/lib/python3.8/site-packages/airflow/example_dags/example_dag_decorator.py
[2023-08-28T00:17:33.294+0000] {processor.py:829} INFO - Processing file /home/airflow/.local/lib/python3.8/site-packages/airflow/example_dags/example_dag_decorator.py for tasks to queue
[2023-08-28T00:17:33.317+0000] {logging_mixin.py:151} INFO - [2023-08-28T00:17:33.316+0000] {dagbag.py:539} INFO - Filling up the DagBag from /home/airflow/.local/lib/python3.8/site-packages/airflow/example_dags/example_dag_decorator.py
[2023-08-28T00:17:33.486+0000] {processor.py:839} INFO - DAG(s) dict_keys(['example_dag_decorator']) retrieved from /home/airflow/.local/lib/python3.8/site-packages/airflow/example_dags/example_dag_decorator.py
[2023-08-28T00:17:33.746+0000] {logging_mixin.py:151} INFO - [2023-08-28T00:17:33.746+0000] {dag.py:2907} INFO - Sync 1 DAGs
[2023-08-28T00:17:33.762+0000] {logging_mixin.py:151} INFO - [2023-08-28T00:17:33.761+0000] {dag.py:3677} INFO - Setting next_dagrun for example_dag_decorator to None, run_after=None
[2023-08-28T00:17:33.799+0000] {processor.py:179} INFO - Processing /home/airflow/.local/lib/python3.8/site-packages/airflow/example_dags/example_dag_decorator.py took 0.514 seconds
[2023-08-28T00:18:06.887+0000] {processor.py:157} INFO - Started process (PID=1052) to work on /home/airflow/.local/lib/python3.8/site-packages/airflow/example_dags/example_dag_decorator.py
[2023-08-28T00:18:06.895+0000] {processor.py:829} INFO - Processing file /home/airflow/.local/lib/python3.8/site-packages/airflow/example_dags/example_dag_decorator.py for tasks to queue
[2023-08-28T00:18:06.914+0000] {logging_mixin.py:151} INFO - [2023-08-28T00:18:06.914+0000] {dagbag.py:539} INFO - Filling up the DagBag from /home/airflow/.local/lib/python3.8/site-packages/airflow/example_dags/example_dag_decorator.py
[2023-08-28T00:18:07.068+0000] {processor.py:839} INFO - DAG(s) dict_keys(['example_dag_decorator']) retrieved from /home/airflow/.local/lib/python3.8/site-packages/airflow/example_dags/example_dag_decorator.py
[2023-08-28T00:18:07.335+0000] {logging_mixin.py:151} INFO - [2023-08-28T00:18:07.335+0000] {dag.py:2907} INFO - Sync 1 DAGs
[2023-08-28T00:18:07.353+0000] {logging_mixin.py:151} INFO - [2023-08-28T00:18:07.353+0000] {dag.py:3677} INFO - Setting next_dagrun for example_dag_decorator to None, run_after=None
[2023-08-28T00:18:07.402+0000] {processor.py:179} INFO - Processing /home/airflow/.local/lib/python3.8/site-packages/airflow/example_dags/example_dag_decorator.py took 0.522 seconds
[2023-08-28T00:18:37.629+0000] {processor.py:157} INFO - Started process (PID=1106) to work on /home/airflow/.local/lib/python3.8/site-packages/airflow/example_dags/example_dag_decorator.py
[2023-08-28T00:18:37.631+0000] {processor.py:829} INFO - Processing file /home/airflow/.local/lib/python3.8/site-packages/airflow/example_dags/example_dag_decorator.py for tasks to queue
[2023-08-28T00:18:37.634+0000] {logging_mixin.py:151} INFO - [2023-08-28T00:18:37.633+0000] {dagbag.py:539} INFO - Filling up the DagBag from /home/airflow/.local/lib/python3.8/site-packages/airflow/example_dags/example_dag_decorator.py
[2023-08-28T00:18:37.720+0000] {processor.py:839} INFO - DAG(s) dict_keys(['example_dag_decorator']) retrieved from /home/airflow/.local/lib/python3.8/site-packages/airflow/example_dags/example_dag_decorator.py
[2023-08-28T00:18:37.921+0000] {logging_mixin.py:151} INFO - [2023-08-28T00:18:37.921+0000] {dag.py:2907} INFO - Sync 1 DAGs
[2023-08-28T00:18:37.934+0000] {logging_mixin.py:151} INFO - [2023-08-28T00:18:37.934+0000] {dag.py:3677} INFO - Setting next_dagrun for example_dag_decorator to None, run_after=None
[2023-08-28T00:18:37.962+0000] {processor.py:179} INFO - Processing /home/airflow/.local/lib/python3.8/site-packages/airflow/example_dags/example_dag_decorator.py took 0.336 seconds
[2023-08-28T00:19:08.590+0000] {processor.py:157} INFO - Started process (PID=1161) to work on /home/airflow/.local/lib/python3.8/site-packages/airflow/example_dags/example_dag_decorator.py
[2023-08-28T00:19:08.593+0000] {processor.py:829} INFO - Processing file /home/airflow/.local/lib/python3.8/site-packages/airflow/example_dags/example_dag_decorator.py for tasks to queue
[2023-08-28T00:19:08.597+0000] {logging_mixin.py:151} INFO - [2023-08-28T00:19:08.597+0000] {dagbag.py:539} INFO - Filling up the DagBag from /home/airflow/.local/lib/python3.8/site-packages/airflow/example_dags/example_dag_decorator.py
[2023-08-28T00:19:08.689+0000] {processor.py:839} INFO - DAG(s) dict_keys(['example_dag_decorator']) retrieved from /home/airflow/.local/lib/python3.8/site-packages/airflow/example_dags/example_dag_decorator.py
[2023-08-28T00:19:08.980+0000] {logging_mixin.py:151} INFO - [2023-08-28T00:19:08.979+0000] {dag.py:2907} INFO - Sync 1 DAGs
[2023-08-28T00:19:08.998+0000] {logging_mixin.py:151} INFO - [2023-08-28T00:19:08.997+0000] {dag.py:3677} INFO - Setting next_dagrun for example_dag_decorator to None, run_after=None
[2023-08-28T00:19:09.039+0000] {processor.py:179} INFO - Processing /home/airflow/.local/lib/python3.8/site-packages/airflow/example_dags/example_dag_decorator.py took 0.458 seconds
[2023-08-28T00:19:39.096+0000] {processor.py:157} INFO - Started process (PID=1216) to work on /home/airflow/.local/lib/python3.8/site-packages/airflow/example_dags/example_dag_decorator.py
[2023-08-28T00:19:39.098+0000] {processor.py:829} INFO - Processing file /home/airflow/.local/lib/python3.8/site-packages/airflow/example_dags/example_dag_decorator.py for tasks to queue
[2023-08-28T00:19:39.101+0000] {logging_mixin.py:151} INFO - [2023-08-28T00:19:39.100+0000] {dagbag.py:539} INFO - Filling up the DagBag from /home/airflow/.local/lib/python3.8/site-packages/airflow/example_dags/example_dag_decorator.py
[2023-08-28T00:19:39.177+0000] {processor.py:839} INFO - DAG(s) dict_keys(['example_dag_decorator']) retrieved from /home/airflow/.local/lib/python3.8/site-packages/airflow/example_dags/example_dag_decorator.py
[2023-08-28T00:19:39.359+0000] {logging_mixin.py:151} INFO - [2023-08-28T00:19:39.359+0000] {dag.py:2907} INFO - Sync 1 DAGs
[2023-08-28T00:19:39.373+0000] {logging_mixin.py:151} INFO - [2023-08-28T00:19:39.373+0000] {dag.py:3677} INFO - Setting next_dagrun for example_dag_decorator to None, run_after=None
[2023-08-28T00:19:39.398+0000] {processor.py:179} INFO - Processing /home/airflow/.local/lib/python3.8/site-packages/airflow/example_dags/example_dag_decorator.py took 0.305 seconds
[2023-08-28T00:20:10.238+0000] {processor.py:157} INFO - Started process (PID=1271) to work on /home/airflow/.local/lib/python3.8/site-packages/airflow/example_dags/example_dag_decorator.py
[2023-08-28T00:20:10.239+0000] {processor.py:829} INFO - Processing file /home/airflow/.local/lib/python3.8/site-packages/airflow/example_dags/example_dag_decorator.py for tasks to queue
[2023-08-28T00:20:10.245+0000] {logging_mixin.py:151} INFO - [2023-08-28T00:20:10.245+0000] {dagbag.py:539} INFO - Filling up the DagBag from /home/airflow/.local/lib/python3.8/site-packages/airflow/example_dags/example_dag_decorator.py
[2023-08-28T00:20:10.379+0000] {processor.py:839} INFO - DAG(s) dict_keys(['example_dag_decorator']) retrieved from /home/airflow/.local/lib/python3.8/site-packages/airflow/example_dags/example_dag_decorator.py
[2023-08-28T00:20:10.612+0000] {logging_mixin.py:151} INFO - [2023-08-28T00:20:10.612+0000] {dag.py:2907} INFO - Sync 1 DAGs
[2023-08-28T00:20:10.627+0000] {logging_mixin.py:151} INFO - [2023-08-28T00:20:10.626+0000] {dag.py:3677} INFO - Setting next_dagrun for example_dag_decorator to None, run_after=None
[2023-08-28T00:20:10.666+0000] {processor.py:179} INFO - Processing /home/airflow/.local/lib/python3.8/site-packages/airflow/example_dags/example_dag_decorator.py took 0.432 seconds
[2023-08-28T00:20:40.995+0000] {processor.py:157} INFO - Started process (PID=1326) to work on /home/airflow/.local/lib/python3.8/site-packages/airflow/example_dags/example_dag_decorator.py
[2023-08-28T00:20:40.996+0000] {processor.py:829} INFO - Processing file /home/airflow/.local/lib/python3.8/site-packages/airflow/example_dags/example_dag_decorator.py for tasks to queue
[2023-08-28T00:20:40.999+0000] {logging_mixin.py:151} INFO - [2023-08-28T00:20:40.999+0000] {dagbag.py:539} INFO - Filling up the DagBag from /home/airflow/.local/lib/python3.8/site-packages/airflow/example_dags/example_dag_decorator.py
[2023-08-28T00:20:41.075+0000] {processor.py:839} INFO - DAG(s) dict_keys(['example_dag_decorator']) retrieved from /home/airflow/.local/lib/python3.8/site-packages/airflow/example_dags/example_dag_decorator.py
[2023-08-28T00:20:41.262+0000] {logging_mixin.py:151} INFO - [2023-08-28T00:20:41.262+0000] {dag.py:2907} INFO - Sync 1 DAGs
[2023-08-28T00:20:41.277+0000] {logging_mixin.py:151} INFO - [2023-08-28T00:20:41.277+0000] {dag.py:3677} INFO - Setting next_dagrun for example_dag_decorator to None, run_after=None
[2023-08-28T00:20:41.309+0000] {processor.py:179} INFO - Processing /home/airflow/.local/lib/python3.8/site-packages/airflow/example_dags/example_dag_decorator.py took 0.318 seconds
[2023-08-28T00:21:11.383+0000] {processor.py:157} INFO - Started process (PID=1381) to work on /home/airflow/.local/lib/python3.8/site-packages/airflow/example_dags/example_dag_decorator.py
[2023-08-28T00:21:11.385+0000] {processor.py:829} INFO - Processing file /home/airflow/.local/lib/python3.8/site-packages/airflow/example_dags/example_dag_decorator.py for tasks to queue
[2023-08-28T00:21:11.388+0000] {logging_mixin.py:151} INFO - [2023-08-28T00:21:11.388+0000] {dagbag.py:539} INFO - Filling up the DagBag from /home/airflow/.local/lib/python3.8/site-packages/airflow/example_dags/example_dag_decorator.py
[2023-08-28T00:21:11.475+0000] {processor.py:839} INFO - DAG(s) dict_keys(['example_dag_decorator']) retrieved from /home/airflow/.local/lib/python3.8/site-packages/airflow/example_dags/example_dag_decorator.py
[2023-08-28T00:21:11.551+0000] {logging_mixin.py:151} INFO - [2023-08-28T00:21:11.550+0000] {dag.py:2907} INFO - Sync 1 DAGs
[2023-08-28T00:21:11.568+0000] {logging_mixin.py:151} INFO - [2023-08-28T00:21:11.568+0000] {dag.py:3677} INFO - Setting next_dagrun for example_dag_decorator to None, run_after=None
[2023-08-28T00:21:11.593+0000] {processor.py:179} INFO - Processing /home/airflow/.local/lib/python3.8/site-packages/airflow/example_dags/example_dag_decorator.py took 0.213 seconds
[2023-08-28T00:21:42.056+0000] {processor.py:157} INFO - Started process (PID=1436) to work on /home/airflow/.local/lib/python3.8/site-packages/airflow/example_dags/example_dag_decorator.py
[2023-08-28T00:21:42.058+0000] {processor.py:829} INFO - Processing file /home/airflow/.local/lib/python3.8/site-packages/airflow/example_dags/example_dag_decorator.py for tasks to queue
[2023-08-28T00:21:42.061+0000] {logging_mixin.py:151} INFO - [2023-08-28T00:21:42.061+0000] {dagbag.py:539} INFO - Filling up the DagBag from /home/airflow/.local/lib/python3.8/site-packages/airflow/example_dags/example_dag_decorator.py
[2023-08-28T00:21:42.145+0000] {processor.py:839} INFO - DAG(s) dict_keys(['example_dag_decorator']) retrieved from /home/airflow/.local/lib/python3.8/site-packages/airflow/example_dags/example_dag_decorator.py
[2023-08-28T00:21:42.478+0000] {logging_mixin.py:151} INFO - [2023-08-28T00:21:42.477+0000] {dag.py:2907} INFO - Sync 1 DAGs
[2023-08-28T00:21:42.515+0000] {logging_mixin.py:151} INFO - [2023-08-28T00:21:42.513+0000] {dag.py:3677} INFO - Setting next_dagrun for example_dag_decorator to None, run_after=None
[2023-08-28T00:21:42.838+0000] {processor.py:179} INFO - Processing /home/airflow/.local/lib/python3.8/site-packages/airflow/example_dags/example_dag_decorator.py took 0.780 seconds
