[2023-08-28T00:02:01.030+0000] {processor.py:157} INFO - Started process (PID=50) to work on /home/airflow/.local/lib/python3.8/site-packages/airflow/example_dags/example_branch_python_dop_operator_3.py
[2023-08-28T00:02:01.033+0000] {processor.py:829} INFO - Processing file /home/airflow/.local/lib/python3.8/site-packages/airflow/example_dags/example_branch_python_dop_operator_3.py for tasks to queue
[2023-08-28T00:02:01.037+0000] {logging_mixin.py:151} INFO - [2023-08-28T00:02:01.036+0000] {dagbag.py:539} INFO - Filling up the DagBag from /home/airflow/.local/lib/python3.8/site-packages/airflow/example_dags/example_branch_python_dop_operator_3.py
[2023-08-28T00:02:01.073+0000] {processor.py:839} INFO - DAG(s) dict_keys(['example_branch_dop_operator_v3']) retrieved from /home/airflow/.local/lib/python3.8/site-packages/airflow/example_dags/example_branch_python_dop_operator_3.py
[2023-08-28T00:02:01.507+0000] {logging_mixin.py:151} INFO - [2023-08-28T00:02:01.507+0000] {manager.py:501} INFO - Created Permission View: can edit on DAG:example_branch_dop_operator_v3
[2023-08-28T00:02:01.526+0000] {logging_mixin.py:151} INFO - [2023-08-28T00:02:01.526+0000] {manager.py:501} INFO - Created Permission View: can delete on DAG:example_branch_dop_operator_v3
[2023-08-28T00:02:01.538+0000] {logging_mixin.py:151} INFO - [2023-08-28T00:02:01.537+0000] {manager.py:501} INFO - Created Permission View: can read on DAG:example_branch_dop_operator_v3
[2023-08-28T00:02:01.562+0000] {logging_mixin.py:151} INFO - [2023-08-28T00:02:01.561+0000] {dag.py:2907} INFO - Sync 1 DAGs
[2023-08-28T00:02:01.580+0000] {logging_mixin.py:151} INFO - [2023-08-28T00:02:01.580+0000] {dag.py:2929} INFO - Creating ORM DAG for example_branch_dop_operator_v3
[2023-08-28T00:02:01.607+0000] {logging_mixin.py:151} INFO - [2023-08-28T00:02:01.607+0000] {dag.py:3677} INFO - Setting next_dagrun for example_branch_dop_operator_v3 to 2023-08-28T00:01:00+00:00, run_after=2023-08-28T00:02:00+00:00
[2023-08-28T00:02:01.629+0000] {processor.py:179} INFO - Processing /home/airflow/.local/lib/python3.8/site-packages/airflow/example_dags/example_branch_python_dop_operator_3.py took 0.606 seconds
[2023-08-28T00:02:32.571+0000] {processor.py:157} INFO - Started process (PID=105) to work on /home/airflow/.local/lib/python3.8/site-packages/airflow/example_dags/example_branch_python_dop_operator_3.py
[2023-08-28T00:02:32.574+0000] {processor.py:829} INFO - Processing file /home/airflow/.local/lib/python3.8/site-packages/airflow/example_dags/example_branch_python_dop_operator_3.py for tasks to queue
[2023-08-28T00:02:32.578+0000] {logging_mixin.py:151} INFO - [2023-08-28T00:02:32.577+0000] {dagbag.py:539} INFO - Filling up the DagBag from /home/airflow/.local/lib/python3.8/site-packages/airflow/example_dags/example_branch_python_dop_operator_3.py
[2023-08-28T00:02:32.599+0000] {processor.py:839} INFO - DAG(s) dict_keys(['example_branch_dop_operator_v3']) retrieved from /home/airflow/.local/lib/python3.8/site-packages/airflow/example_dags/example_branch_python_dop_operator_3.py
[2023-08-28T00:02:32.805+0000] {logging_mixin.py:151} INFO - [2023-08-28T00:02:32.805+0000] {dag.py:2907} INFO - Sync 1 DAGs
[2023-08-28T00:02:32.848+0000] {logging_mixin.py:151} INFO - [2023-08-28T00:02:32.848+0000] {dag.py:3677} INFO - Setting next_dagrun for example_branch_dop_operator_v3 to 2023-08-28T00:01:00+00:00, run_after=2023-08-28T00:02:00+00:00
[2023-08-28T00:02:32.874+0000] {processor.py:179} INFO - Processing /home/airflow/.local/lib/python3.8/site-packages/airflow/example_dags/example_branch_python_dop_operator_3.py took 0.309 seconds
[2023-08-28T00:03:03.230+0000] {processor.py:157} INFO - Started process (PID=160) to work on /home/airflow/.local/lib/python3.8/site-packages/airflow/example_dags/example_branch_python_dop_operator_3.py
[2023-08-28T00:03:03.233+0000] {processor.py:829} INFO - Processing file /home/airflow/.local/lib/python3.8/site-packages/airflow/example_dags/example_branch_python_dop_operator_3.py for tasks to queue
[2023-08-28T00:03:03.239+0000] {logging_mixin.py:151} INFO - [2023-08-28T00:03:03.238+0000] {dagbag.py:539} INFO - Filling up the DagBag from /home/airflow/.local/lib/python3.8/site-packages/airflow/example_dags/example_branch_python_dop_operator_3.py
[2023-08-28T00:03:03.267+0000] {processor.py:839} INFO - DAG(s) dict_keys(['example_branch_dop_operator_v3']) retrieved from /home/airflow/.local/lib/python3.8/site-packages/airflow/example_dags/example_branch_python_dop_operator_3.py
[2023-08-28T00:03:03.357+0000] {logging_mixin.py:151} INFO - [2023-08-28T00:03:03.357+0000] {dag.py:2907} INFO - Sync 1 DAGs
[2023-08-28T00:03:03.401+0000] {logging_mixin.py:151} INFO - [2023-08-28T00:03:03.401+0000] {dag.py:3677} INFO - Setting next_dagrun for example_branch_dop_operator_v3 to 2023-08-28T00:02:00+00:00, run_after=2023-08-28T00:03:00+00:00
[2023-08-28T00:03:03.428+0000] {processor.py:179} INFO - Processing /home/airflow/.local/lib/python3.8/site-packages/airflow/example_dags/example_branch_python_dop_operator_3.py took 0.202 seconds
[2023-08-28T00:03:33.488+0000] {processor.py:157} INFO - Started process (PID=214) to work on /home/airflow/.local/lib/python3.8/site-packages/airflow/example_dags/example_branch_python_dop_operator_3.py
[2023-08-28T00:03:33.492+0000] {processor.py:829} INFO - Processing file /home/airflow/.local/lib/python3.8/site-packages/airflow/example_dags/example_branch_python_dop_operator_3.py for tasks to queue
[2023-08-28T00:03:33.501+0000] {logging_mixin.py:151} INFO - [2023-08-28T00:03:33.500+0000] {dagbag.py:539} INFO - Filling up the DagBag from /home/airflow/.local/lib/python3.8/site-packages/airflow/example_dags/example_branch_python_dop_operator_3.py
[2023-08-28T00:03:33.520+0000] {processor.py:839} INFO - DAG(s) dict_keys(['example_branch_dop_operator_v3']) retrieved from /home/airflow/.local/lib/python3.8/site-packages/airflow/example_dags/example_branch_python_dop_operator_3.py
[2023-08-28T00:03:33.608+0000] {logging_mixin.py:151} INFO - [2023-08-28T00:03:33.608+0000] {dag.py:2907} INFO - Sync 1 DAGs
[2023-08-28T00:03:33.665+0000] {logging_mixin.py:151} INFO - [2023-08-28T00:03:33.665+0000] {dag.py:3677} INFO - Setting next_dagrun for example_branch_dop_operator_v3 to 2023-08-28T00:02:00+00:00, run_after=2023-08-28T00:03:00+00:00
[2023-08-28T00:03:33.718+0000] {processor.py:179} INFO - Processing /home/airflow/.local/lib/python3.8/site-packages/airflow/example_dags/example_branch_python_dop_operator_3.py took 0.233 seconds
[2023-08-28T00:04:04.327+0000] {processor.py:157} INFO - Started process (PID=269) to work on /home/airflow/.local/lib/python3.8/site-packages/airflow/example_dags/example_branch_python_dop_operator_3.py
[2023-08-28T00:04:04.329+0000] {processor.py:829} INFO - Processing file /home/airflow/.local/lib/python3.8/site-packages/airflow/example_dags/example_branch_python_dop_operator_3.py for tasks to queue
[2023-08-28T00:04:04.332+0000] {logging_mixin.py:151} INFO - [2023-08-28T00:04:04.331+0000] {dagbag.py:539} INFO - Filling up the DagBag from /home/airflow/.local/lib/python3.8/site-packages/airflow/example_dags/example_branch_python_dop_operator_3.py
[2023-08-28T00:04:04.346+0000] {processor.py:839} INFO - DAG(s) dict_keys(['example_branch_dop_operator_v3']) retrieved from /home/airflow/.local/lib/python3.8/site-packages/airflow/example_dags/example_branch_python_dop_operator_3.py
[2023-08-28T00:04:04.434+0000] {logging_mixin.py:151} INFO - [2023-08-28T00:04:04.434+0000] {dag.py:2907} INFO - Sync 1 DAGs
[2023-08-28T00:04:04.489+0000] {logging_mixin.py:151} INFO - [2023-08-28T00:04:04.489+0000] {dag.py:3677} INFO - Setting next_dagrun for example_branch_dop_operator_v3 to 2023-08-28T00:03:00+00:00, run_after=2023-08-28T00:04:00+00:00
[2023-08-28T00:04:04.530+0000] {processor.py:179} INFO - Processing /home/airflow/.local/lib/python3.8/site-packages/airflow/example_dags/example_branch_python_dop_operator_3.py took 0.205 seconds
[2023-08-28T00:04:35.593+0000] {processor.py:157} INFO - Started process (PID=324) to work on /home/airflow/.local/lib/python3.8/site-packages/airflow/example_dags/example_branch_python_dop_operator_3.py
[2023-08-28T00:04:35.596+0000] {processor.py:829} INFO - Processing file /home/airflow/.local/lib/python3.8/site-packages/airflow/example_dags/example_branch_python_dop_operator_3.py for tasks to queue
[2023-08-28T00:04:35.603+0000] {logging_mixin.py:151} INFO - [2023-08-28T00:04:35.602+0000] {dagbag.py:539} INFO - Filling up the DagBag from /home/airflow/.local/lib/python3.8/site-packages/airflow/example_dags/example_branch_python_dop_operator_3.py
[2023-08-28T00:04:35.620+0000] {processor.py:839} INFO - DAG(s) dict_keys(['example_branch_dop_operator_v3']) retrieved from /home/airflow/.local/lib/python3.8/site-packages/airflow/example_dags/example_branch_python_dop_operator_3.py
[2023-08-28T00:04:35.748+0000] {logging_mixin.py:151} INFO - [2023-08-28T00:04:35.747+0000] {dag.py:2907} INFO - Sync 1 DAGs
[2023-08-28T00:04:35.827+0000] {logging_mixin.py:151} INFO - [2023-08-28T00:04:35.827+0000] {dag.py:3677} INFO - Setting next_dagrun for example_branch_dop_operator_v3 to 2023-08-28T00:03:00+00:00, run_after=2023-08-28T00:04:00+00:00
[2023-08-28T00:04:35.893+0000] {processor.py:179} INFO - Processing /home/airflow/.local/lib/python3.8/site-packages/airflow/example_dags/example_branch_python_dop_operator_3.py took 0.306 seconds
[2023-08-28T00:05:06.249+0000] {processor.py:157} INFO - Started process (PID=379) to work on /home/airflow/.local/lib/python3.8/site-packages/airflow/example_dags/example_branch_python_dop_operator_3.py
[2023-08-28T00:05:06.250+0000] {processor.py:829} INFO - Processing file /home/airflow/.local/lib/python3.8/site-packages/airflow/example_dags/example_branch_python_dop_operator_3.py for tasks to queue
[2023-08-28T00:05:06.252+0000] {logging_mixin.py:151} INFO - [2023-08-28T00:05:06.252+0000] {dagbag.py:539} INFO - Filling up the DagBag from /home/airflow/.local/lib/python3.8/site-packages/airflow/example_dags/example_branch_python_dop_operator_3.py
[2023-08-28T00:05:06.264+0000] {processor.py:839} INFO - DAG(s) dict_keys(['example_branch_dop_operator_v3']) retrieved from /home/airflow/.local/lib/python3.8/site-packages/airflow/example_dags/example_branch_python_dop_operator_3.py
[2023-08-28T00:05:06.336+0000] {logging_mixin.py:151} INFO - [2023-08-28T00:05:06.336+0000] {dag.py:2907} INFO - Sync 1 DAGs
[2023-08-28T00:05:06.377+0000] {logging_mixin.py:151} INFO - [2023-08-28T00:05:06.377+0000] {dag.py:3677} INFO - Setting next_dagrun for example_branch_dop_operator_v3 to 2023-08-28T00:04:00+00:00, run_after=2023-08-28T00:05:00+00:00
[2023-08-28T00:05:06.403+0000] {processor.py:179} INFO - Processing /home/airflow/.local/lib/python3.8/site-packages/airflow/example_dags/example_branch_python_dop_operator_3.py took 0.158 seconds
[2023-08-28T00:08:47.051+0000] {processor.py:157} INFO - Started process (PID=58) to work on /home/airflow/.local/lib/python3.8/site-packages/airflow/example_dags/example_branch_python_dop_operator_3.py
[2023-08-28T00:08:47.054+0000] {processor.py:829} INFO - Processing file /home/airflow/.local/lib/python3.8/site-packages/airflow/example_dags/example_branch_python_dop_operator_3.py for tasks to queue
[2023-08-28T00:08:47.076+0000] {logging_mixin.py:151} INFO - [2023-08-28T00:08:47.072+0000] {dagbag.py:539} INFO - Filling up the DagBag from /home/airflow/.local/lib/python3.8/site-packages/airflow/example_dags/example_branch_python_dop_operator_3.py
[2023-08-28T00:08:47.101+0000] {processor.py:839} INFO - DAG(s) dict_keys(['example_branch_dop_operator_v3']) retrieved from /home/airflow/.local/lib/python3.8/site-packages/airflow/example_dags/example_branch_python_dop_operator_3.py
[2023-08-28T00:08:47.259+0000] {logging_mixin.py:151} INFO - [2023-08-28T00:08:47.259+0000] {dag.py:2907} INFO - Sync 1 DAGs
[2023-08-28T00:08:47.322+0000] {logging_mixin.py:151} INFO - [2023-08-28T00:08:47.321+0000] {dag.py:3677} INFO - Setting next_dagrun for example_branch_dop_operator_v3 to 2023-08-28T00:07:00+00:00, run_after=2023-08-28T00:08:00+00:00
[2023-08-28T00:08:47.408+0000] {processor.py:179} INFO - Processing /home/airflow/.local/lib/python3.8/site-packages/airflow/example_dags/example_branch_python_dop_operator_3.py took 0.364 seconds
[2023-08-28T00:09:17.686+0000] {processor.py:157} INFO - Started process (PID=113) to work on /home/airflow/.local/lib/python3.8/site-packages/airflow/example_dags/example_branch_python_dop_operator_3.py
[2023-08-28T00:09:17.688+0000] {processor.py:829} INFO - Processing file /home/airflow/.local/lib/python3.8/site-packages/airflow/example_dags/example_branch_python_dop_operator_3.py for tasks to queue
[2023-08-28T00:09:17.690+0000] {logging_mixin.py:151} INFO - [2023-08-28T00:09:17.689+0000] {dagbag.py:539} INFO - Filling up the DagBag from /home/airflow/.local/lib/python3.8/site-packages/airflow/example_dags/example_branch_python_dop_operator_3.py
[2023-08-28T00:09:17.701+0000] {processor.py:839} INFO - DAG(s) dict_keys(['example_branch_dop_operator_v3']) retrieved from /home/airflow/.local/lib/python3.8/site-packages/airflow/example_dags/example_branch_python_dop_operator_3.py
[2023-08-28T00:09:17.874+0000] {logging_mixin.py:151} INFO - [2023-08-28T00:09:17.874+0000] {dag.py:2907} INFO - Sync 1 DAGs
[2023-08-28T00:09:17.997+0000] {logging_mixin.py:151} INFO - [2023-08-28T00:09:17.997+0000] {dag.py:3677} INFO - Setting next_dagrun for example_branch_dop_operator_v3 to 2023-08-28T00:08:00+00:00, run_after=2023-08-28T00:09:00+00:00
[2023-08-28T00:09:18.032+0000] {processor.py:179} INFO - Processing /home/airflow/.local/lib/python3.8/site-packages/airflow/example_dags/example_branch_python_dop_operator_3.py took 0.348 seconds
[2023-08-28T00:09:48.088+0000] {processor.py:157} INFO - Started process (PID=168) to work on /home/airflow/.local/lib/python3.8/site-packages/airflow/example_dags/example_branch_python_dop_operator_3.py
[2023-08-28T00:09:48.089+0000] {processor.py:829} INFO - Processing file /home/airflow/.local/lib/python3.8/site-packages/airflow/example_dags/example_branch_python_dop_operator_3.py for tasks to queue
[2023-08-28T00:09:48.091+0000] {logging_mixin.py:151} INFO - [2023-08-28T00:09:48.091+0000] {dagbag.py:539} INFO - Filling up the DagBag from /home/airflow/.local/lib/python3.8/site-packages/airflow/example_dags/example_branch_python_dop_operator_3.py
[2023-08-28T00:09:48.103+0000] {processor.py:839} INFO - DAG(s) dict_keys(['example_branch_dop_operator_v3']) retrieved from /home/airflow/.local/lib/python3.8/site-packages/airflow/example_dags/example_branch_python_dop_operator_3.py
[2023-08-28T00:09:48.172+0000] {logging_mixin.py:151} INFO - [2023-08-28T00:09:48.172+0000] {dag.py:2907} INFO - Sync 1 DAGs
[2023-08-28T00:09:48.211+0000] {logging_mixin.py:151} INFO - [2023-08-28T00:09:48.211+0000] {dag.py:3677} INFO - Setting next_dagrun for example_branch_dop_operator_v3 to 2023-08-28T00:08:00+00:00, run_after=2023-08-28T00:09:00+00:00
[2023-08-28T00:09:48.234+0000] {processor.py:179} INFO - Processing /home/airflow/.local/lib/python3.8/site-packages/airflow/example_dags/example_branch_python_dop_operator_3.py took 0.149 seconds
[2023-08-28T00:10:19.133+0000] {processor.py:157} INFO - Started process (PID=223) to work on /home/airflow/.local/lib/python3.8/site-packages/airflow/example_dags/example_branch_python_dop_operator_3.py
[2023-08-28T00:10:19.134+0000] {processor.py:829} INFO - Processing file /home/airflow/.local/lib/python3.8/site-packages/airflow/example_dags/example_branch_python_dop_operator_3.py for tasks to queue
[2023-08-28T00:10:19.137+0000] {logging_mixin.py:151} INFO - [2023-08-28T00:10:19.136+0000] {dagbag.py:539} INFO - Filling up the DagBag from /home/airflow/.local/lib/python3.8/site-packages/airflow/example_dags/example_branch_python_dop_operator_3.py
[2023-08-28T00:10:19.149+0000] {processor.py:839} INFO - DAG(s) dict_keys(['example_branch_dop_operator_v3']) retrieved from /home/airflow/.local/lib/python3.8/site-packages/airflow/example_dags/example_branch_python_dop_operator_3.py
[2023-08-28T00:10:19.227+0000] {logging_mixin.py:151} INFO - [2023-08-28T00:10:19.227+0000] {dag.py:2907} INFO - Sync 1 DAGs
[2023-08-28T00:10:19.269+0000] {logging_mixin.py:151} INFO - [2023-08-28T00:10:19.269+0000] {dag.py:3677} INFO - Setting next_dagrun for example_branch_dop_operator_v3 to 2023-08-28T00:09:00+00:00, run_after=2023-08-28T00:10:00+00:00
[2023-08-28T00:10:19.297+0000] {processor.py:179} INFO - Processing /home/airflow/.local/lib/python3.8/site-packages/airflow/example_dags/example_branch_python_dop_operator_3.py took 0.167 seconds
[2023-08-28T00:10:49.901+0000] {processor.py:157} INFO - Started process (PID=278) to work on /home/airflow/.local/lib/python3.8/site-packages/airflow/example_dags/example_branch_python_dop_operator_3.py
[2023-08-28T00:10:49.903+0000] {processor.py:829} INFO - Processing file /home/airflow/.local/lib/python3.8/site-packages/airflow/example_dags/example_branch_python_dop_operator_3.py for tasks to queue
[2023-08-28T00:10:49.906+0000] {logging_mixin.py:151} INFO - [2023-08-28T00:10:49.905+0000] {dagbag.py:539} INFO - Filling up the DagBag from /home/airflow/.local/lib/python3.8/site-packages/airflow/example_dags/example_branch_python_dop_operator_3.py
[2023-08-28T00:10:49.920+0000] {processor.py:839} INFO - DAG(s) dict_keys(['example_branch_dop_operator_v3']) retrieved from /home/airflow/.local/lib/python3.8/site-packages/airflow/example_dags/example_branch_python_dop_operator_3.py
[2023-08-28T00:10:49.999+0000] {logging_mixin.py:151} INFO - [2023-08-28T00:10:49.999+0000] {dag.py:2907} INFO - Sync 1 DAGs
[2023-08-28T00:10:50.048+0000] {logging_mixin.py:151} INFO - [2023-08-28T00:10:50.048+0000] {dag.py:3677} INFO - Setting next_dagrun for example_branch_dop_operator_v3 to 2023-08-28T00:09:00+00:00, run_after=2023-08-28T00:10:00+00:00
[2023-08-28T00:10:50.085+0000] {processor.py:179} INFO - Processing /home/airflow/.local/lib/python3.8/site-packages/airflow/example_dags/example_branch_python_dop_operator_3.py took 0.188 seconds
[2023-08-28T00:11:20.598+0000] {processor.py:157} INFO - Started process (PID=332) to work on /home/airflow/.local/lib/python3.8/site-packages/airflow/example_dags/example_branch_python_dop_operator_3.py
[2023-08-28T00:11:20.599+0000] {processor.py:829} INFO - Processing file /home/airflow/.local/lib/python3.8/site-packages/airflow/example_dags/example_branch_python_dop_operator_3.py for tasks to queue
[2023-08-28T00:11:20.601+0000] {logging_mixin.py:151} INFO - [2023-08-28T00:11:20.601+0000] {dagbag.py:539} INFO - Filling up the DagBag from /home/airflow/.local/lib/python3.8/site-packages/airflow/example_dags/example_branch_python_dop_operator_3.py
[2023-08-28T00:11:20.613+0000] {processor.py:839} INFO - DAG(s) dict_keys(['example_branch_dop_operator_v3']) retrieved from /home/airflow/.local/lib/python3.8/site-packages/airflow/example_dags/example_branch_python_dop_operator_3.py
[2023-08-28T00:11:20.698+0000] {logging_mixin.py:151} INFO - [2023-08-28T00:11:20.698+0000] {dag.py:2907} INFO - Sync 1 DAGs
[2023-08-28T00:11:20.748+0000] {logging_mixin.py:151} INFO - [2023-08-28T00:11:20.748+0000] {dag.py:3677} INFO - Setting next_dagrun for example_branch_dop_operator_v3 to 2023-08-28T00:10:00+00:00, run_after=2023-08-28T00:11:00+00:00
[2023-08-28T00:11:20.774+0000] {processor.py:179} INFO - Processing /home/airflow/.local/lib/python3.8/site-packages/airflow/example_dags/example_branch_python_dop_operator_3.py took 0.180 seconds
[2023-08-28T00:11:51.296+0000] {processor.py:157} INFO - Started process (PID=386) to work on /home/airflow/.local/lib/python3.8/site-packages/airflow/example_dags/example_branch_python_dop_operator_3.py
[2023-08-28T00:11:51.298+0000] {processor.py:829} INFO - Processing file /home/airflow/.local/lib/python3.8/site-packages/airflow/example_dags/example_branch_python_dop_operator_3.py for tasks to queue
[2023-08-28T00:11:51.300+0000] {logging_mixin.py:151} INFO - [2023-08-28T00:11:51.300+0000] {dagbag.py:539} INFO - Filling up the DagBag from /home/airflow/.local/lib/python3.8/site-packages/airflow/example_dags/example_branch_python_dop_operator_3.py
[2023-08-28T00:11:51.312+0000] {processor.py:839} INFO - DAG(s) dict_keys(['example_branch_dop_operator_v3']) retrieved from /home/airflow/.local/lib/python3.8/site-packages/airflow/example_dags/example_branch_python_dop_operator_3.py
[2023-08-28T00:11:51.393+0000] {logging_mixin.py:151} INFO - [2023-08-28T00:11:51.392+0000] {dag.py:2907} INFO - Sync 1 DAGs
[2023-08-28T00:11:51.441+0000] {logging_mixin.py:151} INFO - [2023-08-28T00:11:51.440+0000] {dag.py:3677} INFO - Setting next_dagrun for example_branch_dop_operator_v3 to 2023-08-28T00:10:00+00:00, run_after=2023-08-28T00:11:00+00:00
[2023-08-28T00:11:51.476+0000] {processor.py:179} INFO - Processing /home/airflow/.local/lib/python3.8/site-packages/airflow/example_dags/example_branch_python_dop_operator_3.py took 0.183 seconds
[2023-08-28T00:12:22.046+0000] {processor.py:157} INFO - Started process (PID=441) to work on /home/airflow/.local/lib/python3.8/site-packages/airflow/example_dags/example_branch_python_dop_operator_3.py
[2023-08-28T00:12:22.047+0000] {processor.py:829} INFO - Processing file /home/airflow/.local/lib/python3.8/site-packages/airflow/example_dags/example_branch_python_dop_operator_3.py for tasks to queue
[2023-08-28T00:12:22.050+0000] {logging_mixin.py:151} INFO - [2023-08-28T00:12:22.050+0000] {dagbag.py:539} INFO - Filling up the DagBag from /home/airflow/.local/lib/python3.8/site-packages/airflow/example_dags/example_branch_python_dop_operator_3.py
[2023-08-28T00:12:22.069+0000] {processor.py:839} INFO - DAG(s) dict_keys(['example_branch_dop_operator_v3']) retrieved from /home/airflow/.local/lib/python3.8/site-packages/airflow/example_dags/example_branch_python_dop_operator_3.py
[2023-08-28T00:12:22.158+0000] {logging_mixin.py:151} INFO - [2023-08-28T00:12:22.158+0000] {dag.py:2907} INFO - Sync 1 DAGs
[2023-08-28T00:12:22.201+0000] {logging_mixin.py:151} INFO - [2023-08-28T00:12:22.201+0000] {dag.py:3677} INFO - Setting next_dagrun for example_branch_dop_operator_v3 to 2023-08-28T00:11:00+00:00, run_after=2023-08-28T00:12:00+00:00
[2023-08-28T00:12:22.228+0000] {processor.py:179} INFO - Processing /home/airflow/.local/lib/python3.8/site-packages/airflow/example_dags/example_branch_python_dop_operator_3.py took 0.185 seconds
[2023-08-28T00:12:52.423+0000] {processor.py:157} INFO - Started process (PID=496) to work on /home/airflow/.local/lib/python3.8/site-packages/airflow/example_dags/example_branch_python_dop_operator_3.py
[2023-08-28T00:12:52.426+0000] {processor.py:829} INFO - Processing file /home/airflow/.local/lib/python3.8/site-packages/airflow/example_dags/example_branch_python_dop_operator_3.py for tasks to queue
[2023-08-28T00:12:52.430+0000] {logging_mixin.py:151} INFO - [2023-08-28T00:12:52.430+0000] {dagbag.py:539} INFO - Filling up the DagBag from /home/airflow/.local/lib/python3.8/site-packages/airflow/example_dags/example_branch_python_dop_operator_3.py
[2023-08-28T00:12:52.449+0000] {processor.py:839} INFO - DAG(s) dict_keys(['example_branch_dop_operator_v3']) retrieved from /home/airflow/.local/lib/python3.8/site-packages/airflow/example_dags/example_branch_python_dop_operator_3.py
[2023-08-28T00:12:52.531+0000] {logging_mixin.py:151} INFO - [2023-08-28T00:12:52.530+0000] {dag.py:2907} INFO - Sync 1 DAGs
[2023-08-28T00:12:52.578+0000] {logging_mixin.py:151} INFO - [2023-08-28T00:12:52.578+0000] {dag.py:3677} INFO - Setting next_dagrun for example_branch_dop_operator_v3 to 2023-08-28T00:11:00+00:00, run_after=2023-08-28T00:12:00+00:00
[2023-08-28T00:12:52.619+0000] {processor.py:179} INFO - Processing /home/airflow/.local/lib/python3.8/site-packages/airflow/example_dags/example_branch_python_dop_operator_3.py took 0.202 seconds
[2023-08-28T00:13:23.580+0000] {processor.py:157} INFO - Started process (PID=550) to work on /home/airflow/.local/lib/python3.8/site-packages/airflow/example_dags/example_branch_python_dop_operator_3.py
[2023-08-28T00:13:23.581+0000] {processor.py:829} INFO - Processing file /home/airflow/.local/lib/python3.8/site-packages/airflow/example_dags/example_branch_python_dop_operator_3.py for tasks to queue
[2023-08-28T00:13:23.584+0000] {logging_mixin.py:151} INFO - [2023-08-28T00:13:23.583+0000] {dagbag.py:539} INFO - Filling up the DagBag from /home/airflow/.local/lib/python3.8/site-packages/airflow/example_dags/example_branch_python_dop_operator_3.py
[2023-08-28T00:13:23.596+0000] {processor.py:839} INFO - DAG(s) dict_keys(['example_branch_dop_operator_v3']) retrieved from /home/airflow/.local/lib/python3.8/site-packages/airflow/example_dags/example_branch_python_dop_operator_3.py
[2023-08-28T00:13:23.678+0000] {logging_mixin.py:151} INFO - [2023-08-28T00:13:23.678+0000] {dag.py:2907} INFO - Sync 1 DAGs
[2023-08-28T00:13:23.733+0000] {logging_mixin.py:151} INFO - [2023-08-28T00:13:23.733+0000] {dag.py:3677} INFO - Setting next_dagrun for example_branch_dop_operator_v3 to 2023-08-28T00:12:00+00:00, run_after=2023-08-28T00:13:00+00:00
[2023-08-28T00:13:23.764+0000] {processor.py:179} INFO - Processing /home/airflow/.local/lib/python3.8/site-packages/airflow/example_dags/example_branch_python_dop_operator_3.py took 0.187 seconds
[2023-08-28T00:13:53.845+0000] {processor.py:157} INFO - Started process (PID=605) to work on /home/airflow/.local/lib/python3.8/site-packages/airflow/example_dags/example_branch_python_dop_operator_3.py
[2023-08-28T00:13:53.847+0000] {processor.py:829} INFO - Processing file /home/airflow/.local/lib/python3.8/site-packages/airflow/example_dags/example_branch_python_dop_operator_3.py for tasks to queue
[2023-08-28T00:13:53.849+0000] {logging_mixin.py:151} INFO - [2023-08-28T00:13:53.849+0000] {dagbag.py:539} INFO - Filling up the DagBag from /home/airflow/.local/lib/python3.8/site-packages/airflow/example_dags/example_branch_python_dop_operator_3.py
[2023-08-28T00:13:53.864+0000] {processor.py:839} INFO - DAG(s) dict_keys(['example_branch_dop_operator_v3']) retrieved from /home/airflow/.local/lib/python3.8/site-packages/airflow/example_dags/example_branch_python_dop_operator_3.py
[2023-08-28T00:13:53.956+0000] {logging_mixin.py:151} INFO - [2023-08-28T00:13:53.956+0000] {dag.py:2907} INFO - Sync 1 DAGs
[2023-08-28T00:13:54.020+0000] {logging_mixin.py:151} INFO - [2023-08-28T00:13:54.020+0000] {dag.py:3677} INFO - Setting next_dagrun for example_branch_dop_operator_v3 to 2023-08-28T00:12:00+00:00, run_after=2023-08-28T00:13:00+00:00
[2023-08-28T00:13:54.046+0000] {processor.py:179} INFO - Processing /home/airflow/.local/lib/python3.8/site-packages/airflow/example_dags/example_branch_python_dop_operator_3.py took 0.205 seconds
[2023-08-28T00:14:25.370+0000] {processor.py:157} INFO - Started process (PID=660) to work on /home/airflow/.local/lib/python3.8/site-packages/airflow/example_dags/example_branch_python_dop_operator_3.py
[2023-08-28T00:14:25.376+0000] {processor.py:829} INFO - Processing file /home/airflow/.local/lib/python3.8/site-packages/airflow/example_dags/example_branch_python_dop_operator_3.py for tasks to queue
[2023-08-28T00:14:25.396+0000] {logging_mixin.py:151} INFO - [2023-08-28T00:14:25.395+0000] {dagbag.py:539} INFO - Filling up the DagBag from /home/airflow/.local/lib/python3.8/site-packages/airflow/example_dags/example_branch_python_dop_operator_3.py
[2023-08-28T00:14:25.458+0000] {processor.py:839} INFO - DAG(s) dict_keys(['example_branch_dop_operator_v3']) retrieved from /home/airflow/.local/lib/python3.8/site-packages/airflow/example_dags/example_branch_python_dop_operator_3.py
[2023-08-28T00:14:25.581+0000] {logging_mixin.py:151} INFO - [2023-08-28T00:14:25.581+0000] {dag.py:2907} INFO - Sync 1 DAGs
[2023-08-28T00:14:25.655+0000] {logging_mixin.py:151} INFO - [2023-08-28T00:14:25.655+0000] {dag.py:3677} INFO - Setting next_dagrun for example_branch_dop_operator_v3 to 2023-08-28T00:13:00+00:00, run_after=2023-08-28T00:14:00+00:00
[2023-08-28T00:14:25.704+0000] {processor.py:179} INFO - Processing /home/airflow/.local/lib/python3.8/site-packages/airflow/example_dags/example_branch_python_dop_operator_3.py took 0.338 seconds
[2023-08-28T00:14:56.248+0000] {processor.py:157} INFO - Started process (PID=715) to work on /home/airflow/.local/lib/python3.8/site-packages/airflow/example_dags/example_branch_python_dop_operator_3.py
[2023-08-28T00:14:56.250+0000] {processor.py:829} INFO - Processing file /home/airflow/.local/lib/python3.8/site-packages/airflow/example_dags/example_branch_python_dop_operator_3.py for tasks to queue
[2023-08-28T00:14:56.254+0000] {logging_mixin.py:151} INFO - [2023-08-28T00:14:56.253+0000] {dagbag.py:539} INFO - Filling up the DagBag from /home/airflow/.local/lib/python3.8/site-packages/airflow/example_dags/example_branch_python_dop_operator_3.py
[2023-08-28T00:14:56.270+0000] {processor.py:839} INFO - DAG(s) dict_keys(['example_branch_dop_operator_v3']) retrieved from /home/airflow/.local/lib/python3.8/site-packages/airflow/example_dags/example_branch_python_dop_operator_3.py
[2023-08-28T00:14:56.350+0000] {logging_mixin.py:151} INFO - [2023-08-28T00:14:56.349+0000] {dag.py:2907} INFO - Sync 1 DAGs
[2023-08-28T00:14:56.394+0000] {logging_mixin.py:151} INFO - [2023-08-28T00:14:56.394+0000] {dag.py:3677} INFO - Setting next_dagrun for example_branch_dop_operator_v3 to 2023-08-28T00:13:00+00:00, run_after=2023-08-28T00:14:00+00:00
[2023-08-28T00:14:56.423+0000] {processor.py:179} INFO - Processing /home/airflow/.local/lib/python3.8/site-packages/airflow/example_dags/example_branch_python_dop_operator_3.py took 0.179 seconds
[2023-08-28T00:15:27.032+0000] {processor.py:157} INFO - Started process (PID=770) to work on /home/airflow/.local/lib/python3.8/site-packages/airflow/example_dags/example_branch_python_dop_operator_3.py
[2023-08-28T00:15:27.034+0000] {processor.py:829} INFO - Processing file /home/airflow/.local/lib/python3.8/site-packages/airflow/example_dags/example_branch_python_dop_operator_3.py for tasks to queue
[2023-08-28T00:15:27.038+0000] {logging_mixin.py:151} INFO - [2023-08-28T00:15:27.037+0000] {dagbag.py:539} INFO - Filling up the DagBag from /home/airflow/.local/lib/python3.8/site-packages/airflow/example_dags/example_branch_python_dop_operator_3.py
[2023-08-28T00:15:27.057+0000] {processor.py:839} INFO - DAG(s) dict_keys(['example_branch_dop_operator_v3']) retrieved from /home/airflow/.local/lib/python3.8/site-packages/airflow/example_dags/example_branch_python_dop_operator_3.py
[2023-08-28T00:15:27.149+0000] {logging_mixin.py:151} INFO - [2023-08-28T00:15:27.149+0000] {dag.py:2907} INFO - Sync 1 DAGs
[2023-08-28T00:15:27.202+0000] {logging_mixin.py:151} INFO - [2023-08-28T00:15:27.201+0000] {dag.py:3677} INFO - Setting next_dagrun for example_branch_dop_operator_v3 to 2023-08-28T00:14:00+00:00, run_after=2023-08-28T00:15:00+00:00
[2023-08-28T00:15:27.231+0000] {processor.py:179} INFO - Processing /home/airflow/.local/lib/python3.8/site-packages/airflow/example_dags/example_branch_python_dop_operator_3.py took 0.203 seconds
[2023-08-28T00:15:57.970+0000] {processor.py:157} INFO - Started process (PID=825) to work on /home/airflow/.local/lib/python3.8/site-packages/airflow/example_dags/example_branch_python_dop_operator_3.py
[2023-08-28T00:15:57.972+0000] {processor.py:829} INFO - Processing file /home/airflow/.local/lib/python3.8/site-packages/airflow/example_dags/example_branch_python_dop_operator_3.py for tasks to queue
[2023-08-28T00:15:57.974+0000] {logging_mixin.py:151} INFO - [2023-08-28T00:15:57.974+0000] {dagbag.py:539} INFO - Filling up the DagBag from /home/airflow/.local/lib/python3.8/site-packages/airflow/example_dags/example_branch_python_dop_operator_3.py
[2023-08-28T00:15:57.988+0000] {processor.py:839} INFO - DAG(s) dict_keys(['example_branch_dop_operator_v3']) retrieved from /home/airflow/.local/lib/python3.8/site-packages/airflow/example_dags/example_branch_python_dop_operator_3.py
[2023-08-28T00:15:58.069+0000] {logging_mixin.py:151} INFO - [2023-08-28T00:15:58.068+0000] {dag.py:2907} INFO - Sync 1 DAGs
[2023-08-28T00:15:58.117+0000] {logging_mixin.py:151} INFO - [2023-08-28T00:15:58.117+0000] {dag.py:3677} INFO - Setting next_dagrun for example_branch_dop_operator_v3 to 2023-08-28T00:14:00+00:00, run_after=2023-08-28T00:15:00+00:00
[2023-08-28T00:15:58.143+0000] {processor.py:179} INFO - Processing /home/airflow/.local/lib/python3.8/site-packages/airflow/example_dags/example_branch_python_dop_operator_3.py took 0.179 seconds
[2023-08-28T00:16:28.549+0000] {processor.py:157} INFO - Started process (PID=880) to work on /home/airflow/.local/lib/python3.8/site-packages/airflow/example_dags/example_branch_python_dop_operator_3.py
[2023-08-28T00:16:28.552+0000] {processor.py:829} INFO - Processing file /home/airflow/.local/lib/python3.8/site-packages/airflow/example_dags/example_branch_python_dop_operator_3.py for tasks to queue
[2023-08-28T00:16:28.556+0000] {logging_mixin.py:151} INFO - [2023-08-28T00:16:28.555+0000] {dagbag.py:539} INFO - Filling up the DagBag from /home/airflow/.local/lib/python3.8/site-packages/airflow/example_dags/example_branch_python_dop_operator_3.py
[2023-08-28T00:16:28.570+0000] {processor.py:839} INFO - DAG(s) dict_keys(['example_branch_dop_operator_v3']) retrieved from /home/airflow/.local/lib/python3.8/site-packages/airflow/example_dags/example_branch_python_dop_operator_3.py
[2023-08-28T00:16:28.654+0000] {logging_mixin.py:151} INFO - [2023-08-28T00:16:28.654+0000] {dag.py:2907} INFO - Sync 1 DAGs
[2023-08-28T00:16:28.707+0000] {logging_mixin.py:151} INFO - [2023-08-28T00:16:28.707+0000] {dag.py:3677} INFO - Setting next_dagrun for example_branch_dop_operator_v3 to 2023-08-28T00:15:00+00:00, run_after=2023-08-28T00:16:00+00:00
[2023-08-28T00:16:28.734+0000] {processor.py:179} INFO - Processing /home/airflow/.local/lib/python3.8/site-packages/airflow/example_dags/example_branch_python_dop_operator_3.py took 0.188 seconds
[2023-08-28T00:16:58.823+0000] {processor.py:157} INFO - Started process (PID=934) to work on /home/airflow/.local/lib/python3.8/site-packages/airflow/example_dags/example_branch_python_dop_operator_3.py
[2023-08-28T00:16:58.824+0000] {processor.py:829} INFO - Processing file /home/airflow/.local/lib/python3.8/site-packages/airflow/example_dags/example_branch_python_dop_operator_3.py for tasks to queue
[2023-08-28T00:16:58.826+0000] {logging_mixin.py:151} INFO - [2023-08-28T00:16:58.825+0000] {dagbag.py:539} INFO - Filling up the DagBag from /home/airflow/.local/lib/python3.8/site-packages/airflow/example_dags/example_branch_python_dop_operator_3.py
[2023-08-28T00:16:58.837+0000] {processor.py:839} INFO - DAG(s) dict_keys(['example_branch_dop_operator_v3']) retrieved from /home/airflow/.local/lib/python3.8/site-packages/airflow/example_dags/example_branch_python_dop_operator_3.py
[2023-08-28T00:16:58.906+0000] {logging_mixin.py:151} INFO - [2023-08-28T00:16:58.906+0000] {dag.py:2907} INFO - Sync 1 DAGs
[2023-08-28T00:16:58.944+0000] {logging_mixin.py:151} INFO - [2023-08-28T00:16:58.944+0000] {dag.py:3677} INFO - Setting next_dagrun for example_branch_dop_operator_v3 to 2023-08-28T00:15:00+00:00, run_after=2023-08-28T00:16:00+00:00
[2023-08-28T00:16:58.966+0000] {processor.py:179} INFO - Processing /home/airflow/.local/lib/python3.8/site-packages/airflow/example_dags/example_branch_python_dop_operator_3.py took 0.146 seconds
[2023-08-28T00:17:29.022+0000] {processor.py:157} INFO - Started process (PID=989) to work on /home/airflow/.local/lib/python3.8/site-packages/airflow/example_dags/example_branch_python_dop_operator_3.py
[2023-08-28T00:17:29.024+0000] {processor.py:829} INFO - Processing file /home/airflow/.local/lib/python3.8/site-packages/airflow/example_dags/example_branch_python_dop_operator_3.py for tasks to queue
[2023-08-28T00:17:29.028+0000] {logging_mixin.py:151} INFO - [2023-08-28T00:17:29.027+0000] {dagbag.py:539} INFO - Filling up the DagBag from /home/airflow/.local/lib/python3.8/site-packages/airflow/example_dags/example_branch_python_dop_operator_3.py
[2023-08-28T00:17:29.044+0000] {processor.py:839} INFO - DAG(s) dict_keys(['example_branch_dop_operator_v3']) retrieved from /home/airflow/.local/lib/python3.8/site-packages/airflow/example_dags/example_branch_python_dop_operator_3.py
[2023-08-28T00:17:29.148+0000] {logging_mixin.py:151} INFO - [2023-08-28T00:17:29.147+0000] {dag.py:2907} INFO - Sync 1 DAGs
[2023-08-28T00:17:29.220+0000] {logging_mixin.py:151} INFO - [2023-08-28T00:17:29.219+0000] {dag.py:3677} INFO - Setting next_dagrun for example_branch_dop_operator_v3 to 2023-08-28T00:16:00+00:00, run_after=2023-08-28T00:17:00+00:00
[2023-08-28T00:17:29.264+0000] {processor.py:179} INFO - Processing /home/airflow/.local/lib/python3.8/site-packages/airflow/example_dags/example_branch_python_dop_operator_3.py took 0.247 seconds
[2023-08-28T00:18:05.177+0000] {processor.py:157} INFO - Started process (PID=1044) to work on /home/airflow/.local/lib/python3.8/site-packages/airflow/example_dags/example_branch_python_dop_operator_3.py
[2023-08-28T00:18:05.179+0000] {processor.py:829} INFO - Processing file /home/airflow/.local/lib/python3.8/site-packages/airflow/example_dags/example_branch_python_dop_operator_3.py for tasks to queue
[2023-08-28T00:18:05.183+0000] {logging_mixin.py:151} INFO - [2023-08-28T00:18:05.182+0000] {dagbag.py:539} INFO - Filling up the DagBag from /home/airflow/.local/lib/python3.8/site-packages/airflow/example_dags/example_branch_python_dop_operator_3.py
[2023-08-28T00:18:05.203+0000] {processor.py:839} INFO - DAG(s) dict_keys(['example_branch_dop_operator_v3']) retrieved from /home/airflow/.local/lib/python3.8/site-packages/airflow/example_dags/example_branch_python_dop_operator_3.py
[2023-08-28T00:18:05.284+0000] {logging_mixin.py:151} INFO - [2023-08-28T00:18:05.283+0000] {dag.py:2907} INFO - Sync 1 DAGs
[2023-08-28T00:18:05.334+0000] {logging_mixin.py:151} INFO - [2023-08-28T00:18:05.334+0000] {dag.py:3677} INFO - Setting next_dagrun for example_branch_dop_operator_v3 to 2023-08-28T00:17:00+00:00, run_after=2023-08-28T00:18:00+00:00
[2023-08-28T00:18:05.367+0000] {processor.py:179} INFO - Processing /home/airflow/.local/lib/python3.8/site-packages/airflow/example_dags/example_branch_python_dop_operator_3.py took 0.196 seconds
[2023-08-28T00:18:35.590+0000] {processor.py:157} INFO - Started process (PID=1098) to work on /home/airflow/.local/lib/python3.8/site-packages/airflow/example_dags/example_branch_python_dop_operator_3.py
[2023-08-28T00:18:35.592+0000] {processor.py:829} INFO - Processing file /home/airflow/.local/lib/python3.8/site-packages/airflow/example_dags/example_branch_python_dop_operator_3.py for tasks to queue
[2023-08-28T00:18:35.595+0000] {logging_mixin.py:151} INFO - [2023-08-28T00:18:35.595+0000] {dagbag.py:539} INFO - Filling up the DagBag from /home/airflow/.local/lib/python3.8/site-packages/airflow/example_dags/example_branch_python_dop_operator_3.py
[2023-08-28T00:18:35.609+0000] {processor.py:839} INFO - DAG(s) dict_keys(['example_branch_dop_operator_v3']) retrieved from /home/airflow/.local/lib/python3.8/site-packages/airflow/example_dags/example_branch_python_dop_operator_3.py
[2023-08-28T00:18:35.686+0000] {logging_mixin.py:151} INFO - [2023-08-28T00:18:35.686+0000] {dag.py:2907} INFO - Sync 1 DAGs
[2023-08-28T00:18:35.728+0000] {logging_mixin.py:151} INFO - [2023-08-28T00:18:35.728+0000] {dag.py:3677} INFO - Setting next_dagrun for example_branch_dop_operator_v3 to 2023-08-28T00:17:00+00:00, run_after=2023-08-28T00:18:00+00:00
[2023-08-28T00:18:35.756+0000] {processor.py:179} INFO - Processing /home/airflow/.local/lib/python3.8/site-packages/airflow/example_dags/example_branch_python_dop_operator_3.py took 0.169 seconds
[2023-08-28T00:19:06.891+0000] {processor.py:157} INFO - Started process (PID=1153) to work on /home/airflow/.local/lib/python3.8/site-packages/airflow/example_dags/example_branch_python_dop_operator_3.py
[2023-08-28T00:19:06.893+0000] {processor.py:829} INFO - Processing file /home/airflow/.local/lib/python3.8/site-packages/airflow/example_dags/example_branch_python_dop_operator_3.py for tasks to queue
[2023-08-28T00:19:06.896+0000] {logging_mixin.py:151} INFO - [2023-08-28T00:19:06.895+0000] {dagbag.py:539} INFO - Filling up the DagBag from /home/airflow/.local/lib/python3.8/site-packages/airflow/example_dags/example_branch_python_dop_operator_3.py
[2023-08-28T00:19:06.913+0000] {processor.py:839} INFO - DAG(s) dict_keys(['example_branch_dop_operator_v3']) retrieved from /home/airflow/.local/lib/python3.8/site-packages/airflow/example_dags/example_branch_python_dop_operator_3.py
[2023-08-28T00:19:06.995+0000] {logging_mixin.py:151} INFO - [2023-08-28T00:19:06.995+0000] {dag.py:2907} INFO - Sync 1 DAGs
[2023-08-28T00:19:07.055+0000] {logging_mixin.py:151} INFO - [2023-08-28T00:19:07.054+0000] {dag.py:3677} INFO - Setting next_dagrun for example_branch_dop_operator_v3 to 2023-08-28T00:18:00+00:00, run_after=2023-08-28T00:19:00+00:00
[2023-08-28T00:19:07.095+0000] {processor.py:179} INFO - Processing /home/airflow/.local/lib/python3.8/site-packages/airflow/example_dags/example_branch_python_dop_operator_3.py took 0.208 seconds
[2023-08-28T00:19:37.161+0000] {processor.py:157} INFO - Started process (PID=1208) to work on /home/airflow/.local/lib/python3.8/site-packages/airflow/example_dags/example_branch_python_dop_operator_3.py
[2023-08-28T00:19:37.163+0000] {processor.py:829} INFO - Processing file /home/airflow/.local/lib/python3.8/site-packages/airflow/example_dags/example_branch_python_dop_operator_3.py for tasks to queue
[2023-08-28T00:19:37.165+0000] {logging_mixin.py:151} INFO - [2023-08-28T00:19:37.165+0000] {dagbag.py:539} INFO - Filling up the DagBag from /home/airflow/.local/lib/python3.8/site-packages/airflow/example_dags/example_branch_python_dop_operator_3.py
[2023-08-28T00:19:37.177+0000] {processor.py:839} INFO - DAG(s) dict_keys(['example_branch_dop_operator_v3']) retrieved from /home/airflow/.local/lib/python3.8/site-packages/airflow/example_dags/example_branch_python_dop_operator_3.py
[2023-08-28T00:19:37.246+0000] {logging_mixin.py:151} INFO - [2023-08-28T00:19:37.245+0000] {dag.py:2907} INFO - Sync 1 DAGs
[2023-08-28T00:19:37.285+0000] {logging_mixin.py:151} INFO - [2023-08-28T00:19:37.284+0000] {dag.py:3677} INFO - Setting next_dagrun for example_branch_dop_operator_v3 to 2023-08-28T00:18:00+00:00, run_after=2023-08-28T00:19:00+00:00
[2023-08-28T00:19:37.311+0000] {processor.py:179} INFO - Processing /home/airflow/.local/lib/python3.8/site-packages/airflow/example_dags/example_branch_python_dop_operator_3.py took 0.152 seconds
[2023-08-28T00:20:07.831+0000] {processor.py:157} INFO - Started process (PID=1263) to work on /home/airflow/.local/lib/python3.8/site-packages/airflow/example_dags/example_branch_python_dop_operator_3.py
[2023-08-28T00:20:07.833+0000] {processor.py:829} INFO - Processing file /home/airflow/.local/lib/python3.8/site-packages/airflow/example_dags/example_branch_python_dop_operator_3.py for tasks to queue
[2023-08-28T00:20:07.836+0000] {logging_mixin.py:151} INFO - [2023-08-28T00:20:07.836+0000] {dagbag.py:539} INFO - Filling up the DagBag from /home/airflow/.local/lib/python3.8/site-packages/airflow/example_dags/example_branch_python_dop_operator_3.py
[2023-08-28T00:20:07.848+0000] {processor.py:839} INFO - DAG(s) dict_keys(['example_branch_dop_operator_v3']) retrieved from /home/airflow/.local/lib/python3.8/site-packages/airflow/example_dags/example_branch_python_dop_operator_3.py
[2023-08-28T00:20:07.944+0000] {logging_mixin.py:151} INFO - [2023-08-28T00:20:07.944+0000] {dag.py:2907} INFO - Sync 1 DAGs
[2023-08-28T00:20:07.994+0000] {logging_mixin.py:151} INFO - [2023-08-28T00:20:07.994+0000] {dag.py:3677} INFO - Setting next_dagrun for example_branch_dop_operator_v3 to 2023-08-28T00:19:00+00:00, run_after=2023-08-28T00:20:00+00:00
[2023-08-28T00:20:08.028+0000] {processor.py:179} INFO - Processing /home/airflow/.local/lib/python3.8/site-packages/airflow/example_dags/example_branch_python_dop_operator_3.py took 0.200 seconds
[2023-08-28T00:20:38.621+0000] {processor.py:157} INFO - Started process (PID=1318) to work on /home/airflow/.local/lib/python3.8/site-packages/airflow/example_dags/example_branch_python_dop_operator_3.py
[2023-08-28T00:20:38.624+0000] {processor.py:829} INFO - Processing file /home/airflow/.local/lib/python3.8/site-packages/airflow/example_dags/example_branch_python_dop_operator_3.py for tasks to queue
[2023-08-28T00:20:38.626+0000] {logging_mixin.py:151} INFO - [2023-08-28T00:20:38.626+0000] {dagbag.py:539} INFO - Filling up the DagBag from /home/airflow/.local/lib/python3.8/site-packages/airflow/example_dags/example_branch_python_dop_operator_3.py
[2023-08-28T00:20:38.648+0000] {processor.py:839} INFO - DAG(s) dict_keys(['example_branch_dop_operator_v3']) retrieved from /home/airflow/.local/lib/python3.8/site-packages/airflow/example_dags/example_branch_python_dop_operator_3.py
[2023-08-28T00:20:38.737+0000] {logging_mixin.py:151} INFO - [2023-08-28T00:20:38.737+0000] {dag.py:2907} INFO - Sync 1 DAGs
[2023-08-28T00:20:38.781+0000] {logging_mixin.py:151} INFO - [2023-08-28T00:20:38.780+0000] {dag.py:3677} INFO - Setting next_dagrun for example_branch_dop_operator_v3 to 2023-08-28T00:19:00+00:00, run_after=2023-08-28T00:20:00+00:00
[2023-08-28T00:20:38.809+0000] {processor.py:179} INFO - Processing /home/airflow/.local/lib/python3.8/site-packages/airflow/example_dags/example_branch_python_dop_operator_3.py took 0.191 seconds
[2023-08-28T00:21:09.227+0000] {processor.py:157} INFO - Started process (PID=1373) to work on /home/airflow/.local/lib/python3.8/site-packages/airflow/example_dags/example_branch_python_dop_operator_3.py
[2023-08-28T00:21:09.229+0000] {processor.py:829} INFO - Processing file /home/airflow/.local/lib/python3.8/site-packages/airflow/example_dags/example_branch_python_dop_operator_3.py for tasks to queue
[2023-08-28T00:21:09.231+0000] {logging_mixin.py:151} INFO - [2023-08-28T00:21:09.231+0000] {dagbag.py:539} INFO - Filling up the DagBag from /home/airflow/.local/lib/python3.8/site-packages/airflow/example_dags/example_branch_python_dop_operator_3.py
[2023-08-28T00:21:09.244+0000] {processor.py:839} INFO - DAG(s) dict_keys(['example_branch_dop_operator_v3']) retrieved from /home/airflow/.local/lib/python3.8/site-packages/airflow/example_dags/example_branch_python_dop_operator_3.py
[2023-08-28T00:21:09.318+0000] {logging_mixin.py:151} INFO - [2023-08-28T00:21:09.318+0000] {dag.py:2907} INFO - Sync 1 DAGs
[2023-08-28T00:21:09.360+0000] {logging_mixin.py:151} INFO - [2023-08-28T00:21:09.360+0000] {dag.py:3677} INFO - Setting next_dagrun for example_branch_dop_operator_v3 to 2023-08-28T00:20:00+00:00, run_after=2023-08-28T00:21:00+00:00
[2023-08-28T00:21:09.389+0000] {processor.py:179} INFO - Processing /home/airflow/.local/lib/python3.8/site-packages/airflow/example_dags/example_branch_python_dop_operator_3.py took 0.165 seconds
[2023-08-28T00:21:40.714+0000] {processor.py:157} INFO - Started process (PID=1428) to work on /home/airflow/.local/lib/python3.8/site-packages/airflow/example_dags/example_branch_python_dop_operator_3.py
[2023-08-28T00:21:40.716+0000] {processor.py:829} INFO - Processing file /home/airflow/.local/lib/python3.8/site-packages/airflow/example_dags/example_branch_python_dop_operator_3.py for tasks to queue
[2023-08-28T00:21:40.719+0000] {logging_mixin.py:151} INFO - [2023-08-28T00:21:40.719+0000] {dagbag.py:539} INFO - Filling up the DagBag from /home/airflow/.local/lib/python3.8/site-packages/airflow/example_dags/example_branch_python_dop_operator_3.py
[2023-08-28T00:21:40.732+0000] {processor.py:839} INFO - DAG(s) dict_keys(['example_branch_dop_operator_v3']) retrieved from /home/airflow/.local/lib/python3.8/site-packages/airflow/example_dags/example_branch_python_dop_operator_3.py
[2023-08-28T00:21:40.849+0000] {logging_mixin.py:151} INFO - [2023-08-28T00:21:40.849+0000] {dag.py:2907} INFO - Sync 1 DAGs
[2023-08-28T00:21:40.934+0000] {logging_mixin.py:151} INFO - [2023-08-28T00:21:40.933+0000] {dag.py:3677} INFO - Setting next_dagrun for example_branch_dop_operator_v3 to 2023-08-28T00:20:00+00:00, run_after=2023-08-28T00:21:00+00:00
[2023-08-28T00:21:40.976+0000] {processor.py:179} INFO - Processing /home/airflow/.local/lib/python3.8/site-packages/airflow/example_dags/example_branch_python_dop_operator_3.py took 0.265 seconds
