[2023-08-28T00:02:05.744+0000] {processor.py:157} INFO - Started process (PID=67) to work on /home/airflow/.local/lib/python3.8/site-packages/airflow/example_dags/example_task_group_decorator.py
[2023-08-28T00:02:05.746+0000] {processor.py:829} INFO - Processing file /home/airflow/.local/lib/python3.8/site-packages/airflow/example_dags/example_task_group_decorator.py for tasks to queue
[2023-08-28T00:02:05.751+0000] {logging_mixin.py:151} INFO - [2023-08-28T00:02:05.750+0000] {dagbag.py:539} INFO - Filling up the DagBag from /home/airflow/.local/lib/python3.8/site-packages/airflow/example_dags/example_task_group_decorator.py
[2023-08-28T00:02:05.775+0000] {processor.py:839} INFO - DAG(s) dict_keys(['example_task_group_decorator']) retrieved from /home/airflow/.local/lib/python3.8/site-packages/airflow/example_dags/example_task_group_decorator.py
[2023-08-28T00:02:06.213+0000] {logging_mixin.py:151} INFO - [2023-08-28T00:02:06.213+0000] {manager.py:501} INFO - Created Permission View: can edit on DAG:example_task_group_decorator
[2023-08-28T00:02:06.278+0000] {logging_mixin.py:151} INFO - [2023-08-28T00:02:06.277+0000] {manager.py:501} INFO - Created Permission View: can delete on DAG:example_task_group_decorator
[2023-08-28T00:02:06.343+0000] {logging_mixin.py:151} INFO - [2023-08-28T00:02:06.343+0000] {manager.py:501} INFO - Created Permission View: can read on DAG:example_task_group_decorator
[2023-08-28T00:02:06.380+0000] {logging_mixin.py:151} INFO - [2023-08-28T00:02:06.380+0000] {dag.py:2907} INFO - Sync 1 DAGs
[2023-08-28T00:02:06.397+0000] {logging_mixin.py:151} INFO - [2023-08-28T00:02:06.397+0000] {dag.py:2929} INFO - Creating ORM DAG for example_task_group_decorator
[2023-08-28T00:02:06.421+0000] {logging_mixin.py:151} INFO - [2023-08-28T00:02:06.421+0000] {dag.py:3677} INFO - Setting next_dagrun for example_task_group_decorator to 2023-08-27T00:02:06.420510+00:00, run_after=2023-08-28T00:02:06.420510+00:00
[2023-08-28T00:02:06.445+0000] {processor.py:179} INFO - Processing /home/airflow/.local/lib/python3.8/site-packages/airflow/example_dags/example_task_group_decorator.py took 0.705 seconds
[2023-08-28T00:02:36.515+0000] {processor.py:157} INFO - Started process (PID=122) to work on /home/airflow/.local/lib/python3.8/site-packages/airflow/example_dags/example_task_group_decorator.py
[2023-08-28T00:02:36.517+0000] {processor.py:829} INFO - Processing file /home/airflow/.local/lib/python3.8/site-packages/airflow/example_dags/example_task_group_decorator.py for tasks to queue
[2023-08-28T00:02:36.520+0000] {logging_mixin.py:151} INFO - [2023-08-28T00:02:36.520+0000] {dagbag.py:539} INFO - Filling up the DagBag from /home/airflow/.local/lib/python3.8/site-packages/airflow/example_dags/example_task_group_decorator.py
[2023-08-28T00:02:36.641+0000] {processor.py:839} INFO - DAG(s) dict_keys(['example_task_group_decorator']) retrieved from /home/airflow/.local/lib/python3.8/site-packages/airflow/example_dags/example_task_group_decorator.py
[2023-08-28T00:02:36.721+0000] {logging_mixin.py:151} INFO - [2023-08-28T00:02:36.721+0000] {dag.py:2907} INFO - Sync 1 DAGs
[2023-08-28T00:02:36.754+0000] {logging_mixin.py:151} INFO - [2023-08-28T00:02:36.754+0000] {dag.py:3677} INFO - Setting next_dagrun for example_task_group_decorator to 2023-08-27T00:02:36.753526+00:00, run_after=2023-08-28T00:02:36.753526+00:00
[2023-08-28T00:02:36.778+0000] {processor.py:179} INFO - Processing /home/airflow/.local/lib/python3.8/site-packages/airflow/example_dags/example_task_group_decorator.py took 0.267 seconds
[2023-08-28T00:03:07.440+0000] {processor.py:157} INFO - Started process (PID=177) to work on /home/airflow/.local/lib/python3.8/site-packages/airflow/example_dags/example_task_group_decorator.py
[2023-08-28T00:03:07.442+0000] {processor.py:829} INFO - Processing file /home/airflow/.local/lib/python3.8/site-packages/airflow/example_dags/example_task_group_decorator.py for tasks to queue
[2023-08-28T00:03:07.445+0000] {logging_mixin.py:151} INFO - [2023-08-28T00:03:07.445+0000] {dagbag.py:539} INFO - Filling up the DagBag from /home/airflow/.local/lib/python3.8/site-packages/airflow/example_dags/example_task_group_decorator.py
[2023-08-28T00:03:07.467+0000] {processor.py:839} INFO - DAG(s) dict_keys(['example_task_group_decorator']) retrieved from /home/airflow/.local/lib/python3.8/site-packages/airflow/example_dags/example_task_group_decorator.py
[2023-08-28T00:03:07.553+0000] {logging_mixin.py:151} INFO - [2023-08-28T00:03:07.552+0000] {dag.py:2907} INFO - Sync 1 DAGs
[2023-08-28T00:03:07.589+0000] {logging_mixin.py:151} INFO - [2023-08-28T00:03:07.588+0000] {dag.py:3677} INFO - Setting next_dagrun for example_task_group_decorator to 2023-08-27T00:03:07.588062+00:00, run_after=2023-08-28T00:03:07.588062+00:00
[2023-08-28T00:03:07.613+0000] {processor.py:179} INFO - Processing /home/airflow/.local/lib/python3.8/site-packages/airflow/example_dags/example_task_group_decorator.py took 0.177 seconds
[2023-08-28T00:03:37.722+0000] {processor.py:157} INFO - Started process (PID=231) to work on /home/airflow/.local/lib/python3.8/site-packages/airflow/example_dags/example_task_group_decorator.py
[2023-08-28T00:03:37.724+0000] {processor.py:829} INFO - Processing file /home/airflow/.local/lib/python3.8/site-packages/airflow/example_dags/example_task_group_decorator.py for tasks to queue
[2023-08-28T00:03:37.729+0000] {logging_mixin.py:151} INFO - [2023-08-28T00:03:37.728+0000] {dagbag.py:539} INFO - Filling up the DagBag from /home/airflow/.local/lib/python3.8/site-packages/airflow/example_dags/example_task_group_decorator.py
[2023-08-28T00:03:37.782+0000] {processor.py:839} INFO - DAG(s) dict_keys(['example_task_group_decorator']) retrieved from /home/airflow/.local/lib/python3.8/site-packages/airflow/example_dags/example_task_group_decorator.py
[2023-08-28T00:03:37.903+0000] {logging_mixin.py:151} INFO - [2023-08-28T00:03:37.903+0000] {dag.py:2907} INFO - Sync 1 DAGs
[2023-08-28T00:03:38.004+0000] {logging_mixin.py:151} INFO - [2023-08-28T00:03:38.004+0000] {dag.py:3677} INFO - Setting next_dagrun for example_task_group_decorator to 2023-08-27T00:03:38.002279+00:00, run_after=2023-08-28T00:03:38.002279+00:00
[2023-08-28T00:03:38.063+0000] {processor.py:179} INFO - Processing /home/airflow/.local/lib/python3.8/site-packages/airflow/example_dags/example_task_group_decorator.py took 0.348 seconds
[2023-08-28T00:04:08.240+0000] {processor.py:157} INFO - Started process (PID=286) to work on /home/airflow/.local/lib/python3.8/site-packages/airflow/example_dags/example_task_group_decorator.py
[2023-08-28T00:04:08.241+0000] {processor.py:829} INFO - Processing file /home/airflow/.local/lib/python3.8/site-packages/airflow/example_dags/example_task_group_decorator.py for tasks to queue
[2023-08-28T00:04:08.244+0000] {logging_mixin.py:151} INFO - [2023-08-28T00:04:08.243+0000] {dagbag.py:539} INFO - Filling up the DagBag from /home/airflow/.local/lib/python3.8/site-packages/airflow/example_dags/example_task_group_decorator.py
[2023-08-28T00:04:08.260+0000] {processor.py:839} INFO - DAG(s) dict_keys(['example_task_group_decorator']) retrieved from /home/airflow/.local/lib/python3.8/site-packages/airflow/example_dags/example_task_group_decorator.py
[2023-08-28T00:04:08.334+0000] {logging_mixin.py:151} INFO - [2023-08-28T00:04:08.334+0000] {dag.py:2907} INFO - Sync 1 DAGs
[2023-08-28T00:04:08.371+0000] {logging_mixin.py:151} INFO - [2023-08-28T00:04:08.371+0000] {dag.py:3677} INFO - Setting next_dagrun for example_task_group_decorator to 2023-08-27T00:04:08.370576+00:00, run_after=2023-08-28T00:04:08.370576+00:00
[2023-08-28T00:04:08.398+0000] {processor.py:179} INFO - Processing /home/airflow/.local/lib/python3.8/site-packages/airflow/example_dags/example_task_group_decorator.py took 0.162 seconds
[2023-08-28T00:04:38.758+0000] {processor.py:157} INFO - Started process (PID=341) to work on /home/airflow/.local/lib/python3.8/site-packages/airflow/example_dags/example_task_group_decorator.py
[2023-08-28T00:04:38.760+0000] {processor.py:829} INFO - Processing file /home/airflow/.local/lib/python3.8/site-packages/airflow/example_dags/example_task_group_decorator.py for tasks to queue
[2023-08-28T00:04:38.764+0000] {logging_mixin.py:151} INFO - [2023-08-28T00:04:38.763+0000] {dagbag.py:539} INFO - Filling up the DagBag from /home/airflow/.local/lib/python3.8/site-packages/airflow/example_dags/example_task_group_decorator.py
[2023-08-28T00:04:38.781+0000] {processor.py:839} INFO - DAG(s) dict_keys(['example_task_group_decorator']) retrieved from /home/airflow/.local/lib/python3.8/site-packages/airflow/example_dags/example_task_group_decorator.py
[2023-08-28T00:04:38.864+0000] {logging_mixin.py:151} INFO - [2023-08-28T00:04:38.864+0000] {dag.py:2907} INFO - Sync 1 DAGs
[2023-08-28T00:04:38.901+0000] {logging_mixin.py:151} INFO - [2023-08-28T00:04:38.901+0000] {dag.py:3677} INFO - Setting next_dagrun for example_task_group_decorator to 2023-08-27T00:04:38.900805+00:00, run_after=2023-08-28T00:04:38.900805+00:00
[2023-08-28T00:04:38.931+0000] {processor.py:179} INFO - Processing /home/airflow/.local/lib/python3.8/site-packages/airflow/example_dags/example_task_group_decorator.py took 0.176 seconds
[2023-08-28T00:05:09.060+0000] {processor.py:157} INFO - Started process (PID=396) to work on /home/airflow/.local/lib/python3.8/site-packages/airflow/example_dags/example_task_group_decorator.py
[2023-08-28T00:05:09.064+0000] {processor.py:829} INFO - Processing file /home/airflow/.local/lib/python3.8/site-packages/airflow/example_dags/example_task_group_decorator.py for tasks to queue
[2023-08-28T00:05:09.068+0000] {logging_mixin.py:151} INFO - [2023-08-28T00:05:09.067+0000] {dagbag.py:539} INFO - Filling up the DagBag from /home/airflow/.local/lib/python3.8/site-packages/airflow/example_dags/example_task_group_decorator.py
[2023-08-28T00:05:09.087+0000] {processor.py:839} INFO - DAG(s) dict_keys(['example_task_group_decorator']) retrieved from /home/airflow/.local/lib/python3.8/site-packages/airflow/example_dags/example_task_group_decorator.py
[2023-08-28T00:05:09.174+0000] {logging_mixin.py:151} INFO - [2023-08-28T00:05:09.174+0000] {dag.py:2907} INFO - Sync 1 DAGs
[2023-08-28T00:05:09.216+0000] {logging_mixin.py:151} INFO - [2023-08-28T00:05:09.215+0000] {dag.py:3677} INFO - Setting next_dagrun for example_task_group_decorator to 2023-08-27T00:05:09.215181+00:00, run_after=2023-08-28T00:05:09.215181+00:00
[2023-08-28T00:05:09.242+0000] {processor.py:179} INFO - Processing /home/airflow/.local/lib/python3.8/site-packages/airflow/example_dags/example_task_group_decorator.py took 0.185 seconds
[2023-08-28T00:08:53.031+0000] {processor.py:157} INFO - Started process (PID=75) to work on /home/airflow/.local/lib/python3.8/site-packages/airflow/example_dags/example_task_group_decorator.py
[2023-08-28T00:08:53.034+0000] {processor.py:829} INFO - Processing file /home/airflow/.local/lib/python3.8/site-packages/airflow/example_dags/example_task_group_decorator.py for tasks to queue
[2023-08-28T00:08:53.036+0000] {logging_mixin.py:151} INFO - [2023-08-28T00:08:53.036+0000] {dagbag.py:539} INFO - Filling up the DagBag from /home/airflow/.local/lib/python3.8/site-packages/airflow/example_dags/example_task_group_decorator.py
[2023-08-28T00:08:53.055+0000] {processor.py:839} INFO - DAG(s) dict_keys(['example_task_group_decorator']) retrieved from /home/airflow/.local/lib/python3.8/site-packages/airflow/example_dags/example_task_group_decorator.py
[2023-08-28T00:08:53.162+0000] {logging_mixin.py:151} INFO - [2023-08-28T00:08:53.162+0000] {dag.py:2907} INFO - Sync 1 DAGs
[2023-08-28T00:08:53.328+0000] {logging_mixin.py:151} INFO - [2023-08-28T00:08:53.327+0000] {dag.py:3677} INFO - Setting next_dagrun for example_task_group_decorator to 2023-08-27T00:08:53.325424+00:00, run_after=2023-08-28T00:08:53.325424+00:00
[2023-08-28T00:08:53.374+0000] {processor.py:179} INFO - Processing /home/airflow/.local/lib/python3.8/site-packages/airflow/example_dags/example_task_group_decorator.py took 0.346 seconds
[2023-08-28T00:09:27.858+0000] {processor.py:157} INFO - Started process (PID=130) to work on /home/airflow/.local/lib/python3.8/site-packages/airflow/example_dags/example_task_group_decorator.py
[2023-08-28T00:09:27.863+0000] {processor.py:829} INFO - Processing file /home/airflow/.local/lib/python3.8/site-packages/airflow/example_dags/example_task_group_decorator.py for tasks to queue
[2023-08-28T00:09:27.874+0000] {logging_mixin.py:151} INFO - [2023-08-28T00:09:27.872+0000] {dagbag.py:539} INFO - Filling up the DagBag from /home/airflow/.local/lib/python3.8/site-packages/airflow/example_dags/example_task_group_decorator.py
[2023-08-28T00:09:27.957+0000] {processor.py:839} INFO - DAG(s) dict_keys(['example_task_group_decorator']) retrieved from /home/airflow/.local/lib/python3.8/site-packages/airflow/example_dags/example_task_group_decorator.py
[2023-08-28T00:09:28.130+0000] {logging_mixin.py:151} INFO - [2023-08-28T00:09:28.130+0000] {dag.py:2907} INFO - Sync 1 DAGs
[2023-08-28T00:09:28.193+0000] {logging_mixin.py:151} INFO - [2023-08-28T00:09:28.192+0000] {dag.py:3677} INFO - Setting next_dagrun for example_task_group_decorator to 2023-08-27T00:09:28.191253+00:00, run_after=2023-08-28T00:09:28.191253+00:00
[2023-08-28T00:09:28.230+0000] {processor.py:179} INFO - Processing /home/airflow/.local/lib/python3.8/site-packages/airflow/example_dags/example_task_group_decorator.py took 0.389 seconds
[2023-08-28T00:09:59.099+0000] {processor.py:157} INFO - Started process (PID=185) to work on /home/airflow/.local/lib/python3.8/site-packages/airflow/example_dags/example_task_group_decorator.py
[2023-08-28T00:09:59.102+0000] {processor.py:829} INFO - Processing file /home/airflow/.local/lib/python3.8/site-packages/airflow/example_dags/example_task_group_decorator.py for tasks to queue
[2023-08-28T00:09:59.106+0000] {logging_mixin.py:151} INFO - [2023-08-28T00:09:59.105+0000] {dagbag.py:539} INFO - Filling up the DagBag from /home/airflow/.local/lib/python3.8/site-packages/airflow/example_dags/example_task_group_decorator.py
[2023-08-28T00:09:59.131+0000] {processor.py:839} INFO - DAG(s) dict_keys(['example_task_group_decorator']) retrieved from /home/airflow/.local/lib/python3.8/site-packages/airflow/example_dags/example_task_group_decorator.py
[2023-08-28T00:09:59.248+0000] {logging_mixin.py:151} INFO - [2023-08-28T00:09:59.248+0000] {dag.py:2907} INFO - Sync 1 DAGs
[2023-08-28T00:09:59.324+0000] {logging_mixin.py:151} INFO - [2023-08-28T00:09:59.324+0000] {dag.py:3677} INFO - Setting next_dagrun for example_task_group_decorator to 2023-08-27T00:09:59.322930+00:00, run_after=2023-08-28T00:09:59.322930+00:00
[2023-08-28T00:09:59.381+0000] {processor.py:179} INFO - Processing /home/airflow/.local/lib/python3.8/site-packages/airflow/example_dags/example_task_group_decorator.py took 0.290 seconds
[2023-08-28T00:10:30.331+0000] {processor.py:157} INFO - Started process (PID=240) to work on /home/airflow/.local/lib/python3.8/site-packages/airflow/example_dags/example_task_group_decorator.py
[2023-08-28T00:10:30.334+0000] {processor.py:829} INFO - Processing file /home/airflow/.local/lib/python3.8/site-packages/airflow/example_dags/example_task_group_decorator.py for tasks to queue
[2023-08-28T00:10:30.338+0000] {logging_mixin.py:151} INFO - [2023-08-28T00:10:30.337+0000] {dagbag.py:539} INFO - Filling up the DagBag from /home/airflow/.local/lib/python3.8/site-packages/airflow/example_dags/example_task_group_decorator.py
[2023-08-28T00:10:30.372+0000] {processor.py:839} INFO - DAG(s) dict_keys(['example_task_group_decorator']) retrieved from /home/airflow/.local/lib/python3.8/site-packages/airflow/example_dags/example_task_group_decorator.py
[2023-08-28T00:10:30.473+0000] {logging_mixin.py:151} INFO - [2023-08-28T00:10:30.473+0000] {dag.py:2907} INFO - Sync 1 DAGs
[2023-08-28T00:10:30.518+0000] {logging_mixin.py:151} INFO - [2023-08-28T00:10:30.518+0000] {dag.py:3677} INFO - Setting next_dagrun for example_task_group_decorator to 2023-08-27T00:10:30.517758+00:00, run_after=2023-08-28T00:10:30.517758+00:00
[2023-08-28T00:10:30.551+0000] {processor.py:179} INFO - Processing /home/airflow/.local/lib/python3.8/site-packages/airflow/example_dags/example_task_group_decorator.py took 0.225 seconds
[2023-08-28T00:11:00.650+0000] {processor.py:157} INFO - Started process (PID=296) to work on /home/airflow/.local/lib/python3.8/site-packages/airflow/example_dags/example_task_group_decorator.py
[2023-08-28T00:11:00.655+0000] {processor.py:829} INFO - Processing file /home/airflow/.local/lib/python3.8/site-packages/airflow/example_dags/example_task_group_decorator.py for tasks to queue
[2023-08-28T00:11:00.684+0000] {logging_mixin.py:151} INFO - [2023-08-28T00:11:00.682+0000] {dagbag.py:539} INFO - Filling up the DagBag from /home/airflow/.local/lib/python3.8/site-packages/airflow/example_dags/example_task_group_decorator.py
[2023-08-28T00:11:00.749+0000] {processor.py:839} INFO - DAG(s) dict_keys(['example_task_group_decorator']) retrieved from /home/airflow/.local/lib/python3.8/site-packages/airflow/example_dags/example_task_group_decorator.py
[2023-08-28T00:11:00.937+0000] {logging_mixin.py:151} INFO - [2023-08-28T00:11:00.937+0000] {dag.py:2907} INFO - Sync 1 DAGs
[2023-08-28T00:11:01.002+0000] {logging_mixin.py:151} INFO - [2023-08-28T00:11:01.002+0000] {dag.py:3677} INFO - Setting next_dagrun for example_task_group_decorator to 2023-08-27T00:11:01.000890+00:00, run_after=2023-08-28T00:11:01.000890+00:00
[2023-08-28T00:11:01.056+0000] {processor.py:179} INFO - Processing /home/airflow/.local/lib/python3.8/site-packages/airflow/example_dags/example_task_group_decorator.py took 0.426 seconds
[2023-08-28T00:11:31.106+0000] {processor.py:157} INFO - Started process (PID=349) to work on /home/airflow/.local/lib/python3.8/site-packages/airflow/example_dags/example_task_group_decorator.py
[2023-08-28T00:11:31.107+0000] {processor.py:829} INFO - Processing file /home/airflow/.local/lib/python3.8/site-packages/airflow/example_dags/example_task_group_decorator.py for tasks to queue
[2023-08-28T00:11:31.110+0000] {logging_mixin.py:151} INFO - [2023-08-28T00:11:31.110+0000] {dagbag.py:539} INFO - Filling up the DagBag from /home/airflow/.local/lib/python3.8/site-packages/airflow/example_dags/example_task_group_decorator.py
[2023-08-28T00:11:31.132+0000] {processor.py:839} INFO - DAG(s) dict_keys(['example_task_group_decorator']) retrieved from /home/airflow/.local/lib/python3.8/site-packages/airflow/example_dags/example_task_group_decorator.py
[2023-08-28T00:11:31.207+0000] {logging_mixin.py:151} INFO - [2023-08-28T00:11:31.207+0000] {dag.py:2907} INFO - Sync 1 DAGs
[2023-08-28T00:11:31.243+0000] {logging_mixin.py:151} INFO - [2023-08-28T00:11:31.243+0000] {dag.py:3677} INFO - Setting next_dagrun for example_task_group_decorator to 2023-08-27T00:11:31.242931+00:00, run_after=2023-08-28T00:11:31.242931+00:00
[2023-08-28T00:11:31.286+0000] {processor.py:179} INFO - Processing /home/airflow/.local/lib/python3.8/site-packages/airflow/example_dags/example_task_group_decorator.py took 0.184 seconds
[2023-08-28T00:12:01.355+0000] {processor.py:157} INFO - Started process (PID=403) to work on /home/airflow/.local/lib/python3.8/site-packages/airflow/example_dags/example_task_group_decorator.py
[2023-08-28T00:12:01.357+0000] {processor.py:829} INFO - Processing file /home/airflow/.local/lib/python3.8/site-packages/airflow/example_dags/example_task_group_decorator.py for tasks to queue
[2023-08-28T00:12:01.360+0000] {logging_mixin.py:151} INFO - [2023-08-28T00:12:01.359+0000] {dagbag.py:539} INFO - Filling up the DagBag from /home/airflow/.local/lib/python3.8/site-packages/airflow/example_dags/example_task_group_decorator.py
[2023-08-28T00:12:01.384+0000] {processor.py:839} INFO - DAG(s) dict_keys(['example_task_group_decorator']) retrieved from /home/airflow/.local/lib/python3.8/site-packages/airflow/example_dags/example_task_group_decorator.py
[2023-08-28T00:12:01.467+0000] {logging_mixin.py:151} INFO - [2023-08-28T00:12:01.467+0000] {dag.py:2907} INFO - Sync 1 DAGs
[2023-08-28T00:12:01.504+0000] {logging_mixin.py:151} INFO - [2023-08-28T00:12:01.503+0000] {dag.py:3677} INFO - Setting next_dagrun for example_task_group_decorator to 2023-08-27T00:12:01.502984+00:00, run_after=2023-08-28T00:12:01.502984+00:00
[2023-08-28T00:12:01.542+0000] {processor.py:179} INFO - Processing /home/airflow/.local/lib/python3.8/site-packages/airflow/example_dags/example_task_group_decorator.py took 0.191 seconds
[2023-08-28T00:12:31.861+0000] {processor.py:157} INFO - Started process (PID=458) to work on /home/airflow/.local/lib/python3.8/site-packages/airflow/example_dags/example_task_group_decorator.py
[2023-08-28T00:12:31.863+0000] {processor.py:829} INFO - Processing file /home/airflow/.local/lib/python3.8/site-packages/airflow/example_dags/example_task_group_decorator.py for tasks to queue
[2023-08-28T00:12:31.866+0000] {logging_mixin.py:151} INFO - [2023-08-28T00:12:31.866+0000] {dagbag.py:539} INFO - Filling up the DagBag from /home/airflow/.local/lib/python3.8/site-packages/airflow/example_dags/example_task_group_decorator.py
[2023-08-28T00:12:31.890+0000] {processor.py:839} INFO - DAG(s) dict_keys(['example_task_group_decorator']) retrieved from /home/airflow/.local/lib/python3.8/site-packages/airflow/example_dags/example_task_group_decorator.py
[2023-08-28T00:12:32.010+0000] {logging_mixin.py:151} INFO - [2023-08-28T00:12:32.010+0000] {dag.py:2907} INFO - Sync 1 DAGs
[2023-08-28T00:12:32.056+0000] {logging_mixin.py:151} INFO - [2023-08-28T00:12:32.056+0000] {dag.py:3677} INFO - Setting next_dagrun for example_task_group_decorator to 2023-08-27T00:12:32.055171+00:00, run_after=2023-08-28T00:12:32.055171+00:00
[2023-08-28T00:12:32.092+0000] {processor.py:179} INFO - Processing /home/airflow/.local/lib/python3.8/site-packages/airflow/example_dags/example_task_group_decorator.py took 0.236 seconds
[2023-08-28T00:13:02.705+0000] {processor.py:157} INFO - Started process (PID=513) to work on /home/airflow/.local/lib/python3.8/site-packages/airflow/example_dags/example_task_group_decorator.py
[2023-08-28T00:13:02.710+0000] {processor.py:829} INFO - Processing file /home/airflow/.local/lib/python3.8/site-packages/airflow/example_dags/example_task_group_decorator.py for tasks to queue
[2023-08-28T00:13:02.716+0000] {logging_mixin.py:151} INFO - [2023-08-28T00:13:02.715+0000] {dagbag.py:539} INFO - Filling up the DagBag from /home/airflow/.local/lib/python3.8/site-packages/airflow/example_dags/example_task_group_decorator.py
[2023-08-28T00:13:02.778+0000] {processor.py:839} INFO - DAG(s) dict_keys(['example_task_group_decorator']) retrieved from /home/airflow/.local/lib/python3.8/site-packages/airflow/example_dags/example_task_group_decorator.py
[2023-08-28T00:13:02.912+0000] {logging_mixin.py:151} INFO - [2023-08-28T00:13:02.911+0000] {dag.py:2907} INFO - Sync 1 DAGs
[2023-08-28T00:13:02.957+0000] {logging_mixin.py:151} INFO - [2023-08-28T00:13:02.957+0000] {dag.py:3677} INFO - Setting next_dagrun for example_task_group_decorator to 2023-08-27T00:13:02.956299+00:00, run_after=2023-08-28T00:13:02.956299+00:00
[2023-08-28T00:13:02.989+0000] {processor.py:179} INFO - Processing /home/airflow/.local/lib/python3.8/site-packages/airflow/example_dags/example_task_group_decorator.py took 0.292 seconds
[2023-08-28T00:13:33.305+0000] {processor.py:157} INFO - Started process (PID=567) to work on /home/airflow/.local/lib/python3.8/site-packages/airflow/example_dags/example_task_group_decorator.py
[2023-08-28T00:13:33.307+0000] {processor.py:829} INFO - Processing file /home/airflow/.local/lib/python3.8/site-packages/airflow/example_dags/example_task_group_decorator.py for tasks to queue
[2023-08-28T00:13:33.312+0000] {logging_mixin.py:151} INFO - [2023-08-28T00:13:33.312+0000] {dagbag.py:539} INFO - Filling up the DagBag from /home/airflow/.local/lib/python3.8/site-packages/airflow/example_dags/example_task_group_decorator.py
[2023-08-28T00:13:33.350+0000] {processor.py:839} INFO - DAG(s) dict_keys(['example_task_group_decorator']) retrieved from /home/airflow/.local/lib/python3.8/site-packages/airflow/example_dags/example_task_group_decorator.py
[2023-08-28T00:13:33.435+0000] {logging_mixin.py:151} INFO - [2023-08-28T00:13:33.435+0000] {dag.py:2907} INFO - Sync 1 DAGs
[2023-08-28T00:13:33.475+0000] {logging_mixin.py:151} INFO - [2023-08-28T00:13:33.474+0000] {dag.py:3677} INFO - Setting next_dagrun for example_task_group_decorator to 2023-08-27T00:13:33.473856+00:00, run_after=2023-08-28T00:13:33.473856+00:00
[2023-08-28T00:13:33.506+0000] {processor.py:179} INFO - Processing /home/airflow/.local/lib/python3.8/site-packages/airflow/example_dags/example_task_group_decorator.py took 0.207 seconds
[2023-08-28T00:14:04.031+0000] {processor.py:157} INFO - Started process (PID=622) to work on /home/airflow/.local/lib/python3.8/site-packages/airflow/example_dags/example_task_group_decorator.py
[2023-08-28T00:14:04.035+0000] {processor.py:829} INFO - Processing file /home/airflow/.local/lib/python3.8/site-packages/airflow/example_dags/example_task_group_decorator.py for tasks to queue
[2023-08-28T00:14:04.039+0000] {logging_mixin.py:151} INFO - [2023-08-28T00:14:04.039+0000] {dagbag.py:539} INFO - Filling up the DagBag from /home/airflow/.local/lib/python3.8/site-packages/airflow/example_dags/example_task_group_decorator.py
[2023-08-28T00:14:04.064+0000] {processor.py:839} INFO - DAG(s) dict_keys(['example_task_group_decorator']) retrieved from /home/airflow/.local/lib/python3.8/site-packages/airflow/example_dags/example_task_group_decorator.py
[2023-08-28T00:14:04.143+0000] {logging_mixin.py:151} INFO - [2023-08-28T00:14:04.142+0000] {dag.py:2907} INFO - Sync 1 DAGs
[2023-08-28T00:14:04.178+0000] {logging_mixin.py:151} INFO - [2023-08-28T00:14:04.178+0000] {dag.py:3677} INFO - Setting next_dagrun for example_task_group_decorator to 2023-08-27T00:14:04.177455+00:00, run_after=2023-08-28T00:14:04.177455+00:00
[2023-08-28T00:14:04.206+0000] {processor.py:179} INFO - Processing /home/airflow/.local/lib/python3.8/site-packages/airflow/example_dags/example_task_group_decorator.py took 0.180 seconds
[2023-08-28T00:14:34.312+0000] {processor.py:157} INFO - Started process (PID=677) to work on /home/airflow/.local/lib/python3.8/site-packages/airflow/example_dags/example_task_group_decorator.py
[2023-08-28T00:14:34.313+0000] {processor.py:829} INFO - Processing file /home/airflow/.local/lib/python3.8/site-packages/airflow/example_dags/example_task_group_decorator.py for tasks to queue
[2023-08-28T00:14:34.316+0000] {logging_mixin.py:151} INFO - [2023-08-28T00:14:34.316+0000] {dagbag.py:539} INFO - Filling up the DagBag from /home/airflow/.local/lib/python3.8/site-packages/airflow/example_dags/example_task_group_decorator.py
[2023-08-28T00:14:34.339+0000] {processor.py:839} INFO - DAG(s) dict_keys(['example_task_group_decorator']) retrieved from /home/airflow/.local/lib/python3.8/site-packages/airflow/example_dags/example_task_group_decorator.py
[2023-08-28T00:14:34.420+0000] {logging_mixin.py:151} INFO - [2023-08-28T00:14:34.420+0000] {dag.py:2907} INFO - Sync 1 DAGs
[2023-08-28T00:14:34.460+0000] {logging_mixin.py:151} INFO - [2023-08-28T00:14:34.459+0000] {dag.py:3677} INFO - Setting next_dagrun for example_task_group_decorator to 2023-08-27T00:14:34.459158+00:00, run_after=2023-08-28T00:14:34.459158+00:00
[2023-08-28T00:14:34.490+0000] {processor.py:179} INFO - Processing /home/airflow/.local/lib/python3.8/site-packages/airflow/example_dags/example_task_group_decorator.py took 0.182 seconds
[2023-08-28T00:15:05.269+0000] {processor.py:157} INFO - Started process (PID=732) to work on /home/airflow/.local/lib/python3.8/site-packages/airflow/example_dags/example_task_group_decorator.py
[2023-08-28T00:15:05.271+0000] {processor.py:829} INFO - Processing file /home/airflow/.local/lib/python3.8/site-packages/airflow/example_dags/example_task_group_decorator.py for tasks to queue
[2023-08-28T00:15:05.274+0000] {logging_mixin.py:151} INFO - [2023-08-28T00:15:05.273+0000] {dagbag.py:539} INFO - Filling up the DagBag from /home/airflow/.local/lib/python3.8/site-packages/airflow/example_dags/example_task_group_decorator.py
[2023-08-28T00:15:05.293+0000] {processor.py:839} INFO - DAG(s) dict_keys(['example_task_group_decorator']) retrieved from /home/airflow/.local/lib/python3.8/site-packages/airflow/example_dags/example_task_group_decorator.py
[2023-08-28T00:15:05.368+0000] {logging_mixin.py:151} INFO - [2023-08-28T00:15:05.367+0000] {dag.py:2907} INFO - Sync 1 DAGs
[2023-08-28T00:15:05.402+0000] {logging_mixin.py:151} INFO - [2023-08-28T00:15:05.402+0000] {dag.py:3677} INFO - Setting next_dagrun for example_task_group_decorator to 2023-08-27T00:15:05.401919+00:00, run_after=2023-08-28T00:15:05.401919+00:00
[2023-08-28T00:15:05.429+0000] {processor.py:179} INFO - Processing /home/airflow/.local/lib/python3.8/site-packages/airflow/example_dags/example_task_group_decorator.py took 0.164 seconds
[2023-08-28T00:15:35.952+0000] {processor.py:157} INFO - Started process (PID=787) to work on /home/airflow/.local/lib/python3.8/site-packages/airflow/example_dags/example_task_group_decorator.py
[2023-08-28T00:15:35.954+0000] {processor.py:829} INFO - Processing file /home/airflow/.local/lib/python3.8/site-packages/airflow/example_dags/example_task_group_decorator.py for tasks to queue
[2023-08-28T00:15:35.958+0000] {logging_mixin.py:151} INFO - [2023-08-28T00:15:35.957+0000] {dagbag.py:539} INFO - Filling up the DagBag from /home/airflow/.local/lib/python3.8/site-packages/airflow/example_dags/example_task_group_decorator.py
[2023-08-28T00:15:35.985+0000] {processor.py:839} INFO - DAG(s) dict_keys(['example_task_group_decorator']) retrieved from /home/airflow/.local/lib/python3.8/site-packages/airflow/example_dags/example_task_group_decorator.py
[2023-08-28T00:15:36.064+0000] {logging_mixin.py:151} INFO - [2023-08-28T00:15:36.064+0000] {dag.py:2907} INFO - Sync 1 DAGs
[2023-08-28T00:15:36.101+0000] {logging_mixin.py:151} INFO - [2023-08-28T00:15:36.101+0000] {dag.py:3677} INFO - Setting next_dagrun for example_task_group_decorator to 2023-08-27T00:15:36.100650+00:00, run_after=2023-08-28T00:15:36.100650+00:00
[2023-08-28T00:15:36.128+0000] {processor.py:179} INFO - Processing /home/airflow/.local/lib/python3.8/site-packages/airflow/example_dags/example_task_group_decorator.py took 0.181 seconds
[2023-08-28T00:16:06.846+0000] {processor.py:157} INFO - Started process (PID=842) to work on /home/airflow/.local/lib/python3.8/site-packages/airflow/example_dags/example_task_group_decorator.py
[2023-08-28T00:16:06.849+0000] {processor.py:829} INFO - Processing file /home/airflow/.local/lib/python3.8/site-packages/airflow/example_dags/example_task_group_decorator.py for tasks to queue
[2023-08-28T00:16:06.853+0000] {logging_mixin.py:151} INFO - [2023-08-28T00:16:06.852+0000] {dagbag.py:539} INFO - Filling up the DagBag from /home/airflow/.local/lib/python3.8/site-packages/airflow/example_dags/example_task_group_decorator.py
[2023-08-28T00:16:06.881+0000] {processor.py:839} INFO - DAG(s) dict_keys(['example_task_group_decorator']) retrieved from /home/airflow/.local/lib/python3.8/site-packages/airflow/example_dags/example_task_group_decorator.py
[2023-08-28T00:16:06.971+0000] {logging_mixin.py:151} INFO - [2023-08-28T00:16:06.971+0000] {dag.py:2907} INFO - Sync 1 DAGs
[2023-08-28T00:16:07.018+0000] {logging_mixin.py:151} INFO - [2023-08-28T00:16:07.018+0000] {dag.py:3677} INFO - Setting next_dagrun for example_task_group_decorator to 2023-08-27T00:16:07.017352+00:00, run_after=2023-08-28T00:16:07.017352+00:00
[2023-08-28T00:16:07.047+0000] {processor.py:179} INFO - Processing /home/airflow/.local/lib/python3.8/site-packages/airflow/example_dags/example_task_group_decorator.py took 0.207 seconds
[2023-08-28T00:16:37.306+0000] {processor.py:157} INFO - Started process (PID=897) to work on /home/airflow/.local/lib/python3.8/site-packages/airflow/example_dags/example_task_group_decorator.py
[2023-08-28T00:16:37.308+0000] {processor.py:829} INFO - Processing file /home/airflow/.local/lib/python3.8/site-packages/airflow/example_dags/example_task_group_decorator.py for tasks to queue
[2023-08-28T00:16:37.311+0000] {logging_mixin.py:151} INFO - [2023-08-28T00:16:37.311+0000] {dagbag.py:539} INFO - Filling up the DagBag from /home/airflow/.local/lib/python3.8/site-packages/airflow/example_dags/example_task_group_decorator.py
[2023-08-28T00:16:37.333+0000] {processor.py:839} INFO - DAG(s) dict_keys(['example_task_group_decorator']) retrieved from /home/airflow/.local/lib/python3.8/site-packages/airflow/example_dags/example_task_group_decorator.py
[2023-08-28T00:16:37.411+0000] {logging_mixin.py:151} INFO - [2023-08-28T00:16:37.411+0000] {dag.py:2907} INFO - Sync 1 DAGs
[2023-08-28T00:16:37.446+0000] {logging_mixin.py:151} INFO - [2023-08-28T00:16:37.446+0000] {dag.py:3677} INFO - Setting next_dagrun for example_task_group_decorator to 2023-08-27T00:16:37.445353+00:00, run_after=2023-08-28T00:16:37.445353+00:00
[2023-08-28T00:16:37.473+0000] {processor.py:179} INFO - Processing /home/airflow/.local/lib/python3.8/site-packages/airflow/example_dags/example_task_group_decorator.py took 0.171 seconds
[2023-08-28T00:17:07.672+0000] {processor.py:157} INFO - Started process (PID=952) to work on /home/airflow/.local/lib/python3.8/site-packages/airflow/example_dags/example_task_group_decorator.py
[2023-08-28T00:17:07.674+0000] {processor.py:829} INFO - Processing file /home/airflow/.local/lib/python3.8/site-packages/airflow/example_dags/example_task_group_decorator.py for tasks to queue
[2023-08-28T00:17:07.677+0000] {logging_mixin.py:151} INFO - [2023-08-28T00:17:07.676+0000] {dagbag.py:539} INFO - Filling up the DagBag from /home/airflow/.local/lib/python3.8/site-packages/airflow/example_dags/example_task_group_decorator.py
[2023-08-28T00:17:07.697+0000] {processor.py:839} INFO - DAG(s) dict_keys(['example_task_group_decorator']) retrieved from /home/airflow/.local/lib/python3.8/site-packages/airflow/example_dags/example_task_group_decorator.py
[2023-08-28T00:17:07.788+0000] {logging_mixin.py:151} INFO - [2023-08-28T00:17:07.787+0000] {dag.py:2907} INFO - Sync 1 DAGs
[2023-08-28T00:17:07.869+0000] {logging_mixin.py:151} INFO - [2023-08-28T00:17:07.868+0000] {dag.py:3677} INFO - Setting next_dagrun for example_task_group_decorator to 2023-08-27T00:17:07.867960+00:00, run_after=2023-08-28T00:17:07.867960+00:00
[2023-08-28T00:17:07.909+0000] {processor.py:179} INFO - Processing /home/airflow/.local/lib/python3.8/site-packages/airflow/example_dags/example_task_group_decorator.py took 0.241 seconds
[2023-08-28T00:17:38.200+0000] {processor.py:157} INFO - Started process (PID=1007) to work on /home/airflow/.local/lib/python3.8/site-packages/airflow/example_dags/example_task_group_decorator.py
[2023-08-28T00:17:38.203+0000] {processor.py:829} INFO - Processing file /home/airflow/.local/lib/python3.8/site-packages/airflow/example_dags/example_task_group_decorator.py for tasks to queue
[2023-08-28T00:17:38.209+0000] {logging_mixin.py:151} INFO - [2023-08-28T00:17:38.208+0000] {dagbag.py:539} INFO - Filling up the DagBag from /home/airflow/.local/lib/python3.8/site-packages/airflow/example_dags/example_task_group_decorator.py
[2023-08-28T00:17:38.251+0000] {processor.py:839} INFO - DAG(s) dict_keys(['example_task_group_decorator']) retrieved from /home/airflow/.local/lib/python3.8/site-packages/airflow/example_dags/example_task_group_decorator.py
[2023-08-28T00:17:38.365+0000] {logging_mixin.py:151} INFO - [2023-08-28T00:17:38.365+0000] {dag.py:2907} INFO - Sync 1 DAGs
[2023-08-28T00:17:38.420+0000] {logging_mixin.py:151} INFO - [2023-08-28T00:17:38.420+0000] {dag.py:3677} INFO - Setting next_dagrun for example_task_group_decorator to 2023-08-27T00:17:38.419155+00:00, run_after=2023-08-28T00:17:38.419155+00:00
[2023-08-28T00:17:38.463+0000] {processor.py:179} INFO - Processing /home/airflow/.local/lib/python3.8/site-packages/airflow/example_dags/example_task_group_decorator.py took 0.280 seconds
[2023-08-28T00:18:08.532+0000] {processor.py:157} INFO - Started process (PID=1062) to work on /home/airflow/.local/lib/python3.8/site-packages/airflow/example_dags/example_task_group_decorator.py
[2023-08-28T00:18:08.535+0000] {processor.py:829} INFO - Processing file /home/airflow/.local/lib/python3.8/site-packages/airflow/example_dags/example_task_group_decorator.py for tasks to queue
[2023-08-28T00:18:08.561+0000] {logging_mixin.py:151} INFO - [2023-08-28T00:18:08.559+0000] {dagbag.py:539} INFO - Filling up the DagBag from /home/airflow/.local/lib/python3.8/site-packages/airflow/example_dags/example_task_group_decorator.py
[2023-08-28T00:18:08.606+0000] {processor.py:839} INFO - DAG(s) dict_keys(['example_task_group_decorator']) retrieved from /home/airflow/.local/lib/python3.8/site-packages/airflow/example_dags/example_task_group_decorator.py
[2023-08-28T00:18:08.846+0000] {logging_mixin.py:151} INFO - [2023-08-28T00:18:08.845+0000] {dag.py:2907} INFO - Sync 1 DAGs
[2023-08-28T00:18:08.943+0000] {logging_mixin.py:151} INFO - [2023-08-28T00:18:08.942+0000] {dag.py:3677} INFO - Setting next_dagrun for example_task_group_decorator to 2023-08-27T00:18:08.937227+00:00, run_after=2023-08-28T00:18:08.937227+00:00
[2023-08-28T00:18:09.003+0000] {processor.py:179} INFO - Processing /home/airflow/.local/lib/python3.8/site-packages/airflow/example_dags/example_task_group_decorator.py took 0.477 seconds
[2023-08-28T00:18:39.554+0000] {processor.py:157} INFO - Started process (PID=1116) to work on /home/airflow/.local/lib/python3.8/site-packages/airflow/example_dags/example_task_group_decorator.py
[2023-08-28T00:18:39.558+0000] {processor.py:829} INFO - Processing file /home/airflow/.local/lib/python3.8/site-packages/airflow/example_dags/example_task_group_decorator.py for tasks to queue
[2023-08-28T00:18:39.564+0000] {logging_mixin.py:151} INFO - [2023-08-28T00:18:39.563+0000] {dagbag.py:539} INFO - Filling up the DagBag from /home/airflow/.local/lib/python3.8/site-packages/airflow/example_dags/example_task_group_decorator.py
[2023-08-28T00:18:39.593+0000] {processor.py:839} INFO - DAG(s) dict_keys(['example_task_group_decorator']) retrieved from /home/airflow/.local/lib/python3.8/site-packages/airflow/example_dags/example_task_group_decorator.py
[2023-08-28T00:18:39.809+0000] {logging_mixin.py:151} INFO - [2023-08-28T00:18:39.808+0000] {dag.py:2907} INFO - Sync 1 DAGs
[2023-08-28T00:18:39.887+0000] {logging_mixin.py:151} INFO - [2023-08-28T00:18:39.886+0000] {dag.py:3677} INFO - Setting next_dagrun for example_task_group_decorator to 2023-08-27T00:18:39.885336+00:00, run_after=2023-08-28T00:18:39.885336+00:00
[2023-08-28T00:18:39.963+0000] {processor.py:179} INFO - Processing /home/airflow/.local/lib/python3.8/site-packages/airflow/example_dags/example_task_group_decorator.py took 0.415 seconds
[2023-08-28T00:19:10.144+0000] {processor.py:157} INFO - Started process (PID=1171) to work on /home/airflow/.local/lib/python3.8/site-packages/airflow/example_dags/example_task_group_decorator.py
[2023-08-28T00:19:10.146+0000] {processor.py:829} INFO - Processing file /home/airflow/.local/lib/python3.8/site-packages/airflow/example_dags/example_task_group_decorator.py for tasks to queue
[2023-08-28T00:19:10.149+0000] {logging_mixin.py:151} INFO - [2023-08-28T00:19:10.149+0000] {dagbag.py:539} INFO - Filling up the DagBag from /home/airflow/.local/lib/python3.8/site-packages/airflow/example_dags/example_task_group_decorator.py
[2023-08-28T00:19:10.170+0000] {processor.py:839} INFO - DAG(s) dict_keys(['example_task_group_decorator']) retrieved from /home/airflow/.local/lib/python3.8/site-packages/airflow/example_dags/example_task_group_decorator.py
[2023-08-28T00:19:10.257+0000] {logging_mixin.py:151} INFO - [2023-08-28T00:19:10.257+0000] {dag.py:2907} INFO - Sync 1 DAGs
[2023-08-28T00:19:10.298+0000] {logging_mixin.py:151} INFO - [2023-08-28T00:19:10.298+0000] {dag.py:3677} INFO - Setting next_dagrun for example_task_group_decorator to 2023-08-27T00:19:10.297411+00:00, run_after=2023-08-28T00:19:10.297411+00:00
[2023-08-28T00:19:10.325+0000] {processor.py:179} INFO - Processing /home/airflow/.local/lib/python3.8/site-packages/airflow/example_dags/example_task_group_decorator.py took 0.184 seconds
[2023-08-28T00:19:40.535+0000] {processor.py:157} INFO - Started process (PID=1226) to work on /home/airflow/.local/lib/python3.8/site-packages/airflow/example_dags/example_task_group_decorator.py
[2023-08-28T00:19:40.536+0000] {processor.py:829} INFO - Processing file /home/airflow/.local/lib/python3.8/site-packages/airflow/example_dags/example_task_group_decorator.py for tasks to queue
[2023-08-28T00:19:40.539+0000] {logging_mixin.py:151} INFO - [2023-08-28T00:19:40.539+0000] {dagbag.py:539} INFO - Filling up the DagBag from /home/airflow/.local/lib/python3.8/site-packages/airflow/example_dags/example_task_group_decorator.py
[2023-08-28T00:19:40.557+0000] {processor.py:839} INFO - DAG(s) dict_keys(['example_task_group_decorator']) retrieved from /home/airflow/.local/lib/python3.8/site-packages/airflow/example_dags/example_task_group_decorator.py
[2023-08-28T00:19:40.632+0000] {logging_mixin.py:151} INFO - [2023-08-28T00:19:40.632+0000] {dag.py:2907} INFO - Sync 1 DAGs
[2023-08-28T00:19:40.671+0000] {logging_mixin.py:151} INFO - [2023-08-28T00:19:40.671+0000] {dag.py:3677} INFO - Setting next_dagrun for example_task_group_decorator to 2023-08-27T00:19:40.670040+00:00, run_after=2023-08-28T00:19:40.670040+00:00
[2023-08-28T00:19:40.700+0000] {processor.py:179} INFO - Processing /home/airflow/.local/lib/python3.8/site-packages/airflow/example_dags/example_task_group_decorator.py took 0.169 seconds
[2023-08-28T00:20:11.575+0000] {processor.py:157} INFO - Started process (PID=1281) to work on /home/airflow/.local/lib/python3.8/site-packages/airflow/example_dags/example_task_group_decorator.py
[2023-08-28T00:20:11.578+0000] {processor.py:829} INFO - Processing file /home/airflow/.local/lib/python3.8/site-packages/airflow/example_dags/example_task_group_decorator.py for tasks to queue
[2023-08-28T00:20:11.592+0000] {logging_mixin.py:151} INFO - [2023-08-28T00:20:11.591+0000] {dagbag.py:539} INFO - Filling up the DagBag from /home/airflow/.local/lib/python3.8/site-packages/airflow/example_dags/example_task_group_decorator.py
[2023-08-28T00:20:11.758+0000] {processor.py:839} INFO - DAG(s) dict_keys(['example_task_group_decorator']) retrieved from /home/airflow/.local/lib/python3.8/site-packages/airflow/example_dags/example_task_group_decorator.py
[2023-08-28T00:20:11.911+0000] {logging_mixin.py:151} INFO - [2023-08-28T00:20:11.909+0000] {dag.py:2907} INFO - Sync 1 DAGs
[2023-08-28T00:20:11.991+0000] {logging_mixin.py:151} INFO - [2023-08-28T00:20:11.990+0000] {dag.py:3677} INFO - Setting next_dagrun for example_task_group_decorator to 2023-08-27T00:20:11.989443+00:00, run_after=2023-08-28T00:20:11.989443+00:00
[2023-08-28T00:20:12.036+0000] {processor.py:179} INFO - Processing /home/airflow/.local/lib/python3.8/site-packages/airflow/example_dags/example_task_group_decorator.py took 0.467 seconds
[2023-08-28T00:20:43.022+0000] {processor.py:157} INFO - Started process (PID=1336) to work on /home/airflow/.local/lib/python3.8/site-packages/airflow/example_dags/example_task_group_decorator.py
[2023-08-28T00:20:43.024+0000] {processor.py:829} INFO - Processing file /home/airflow/.local/lib/python3.8/site-packages/airflow/example_dags/example_task_group_decorator.py for tasks to queue
[2023-08-28T00:20:43.027+0000] {logging_mixin.py:151} INFO - [2023-08-28T00:20:43.026+0000] {dagbag.py:539} INFO - Filling up the DagBag from /home/airflow/.local/lib/python3.8/site-packages/airflow/example_dags/example_task_group_decorator.py
[2023-08-28T00:20:43.052+0000] {processor.py:839} INFO - DAG(s) dict_keys(['example_task_group_decorator']) retrieved from /home/airflow/.local/lib/python3.8/site-packages/airflow/example_dags/example_task_group_decorator.py
[2023-08-28T00:20:43.139+0000] {logging_mixin.py:151} INFO - [2023-08-28T00:20:43.139+0000] {dag.py:2907} INFO - Sync 1 DAGs
[2023-08-28T00:20:43.193+0000] {logging_mixin.py:151} INFO - [2023-08-28T00:20:43.192+0000] {dag.py:3677} INFO - Setting next_dagrun for example_task_group_decorator to 2023-08-27T00:20:43.191345+00:00, run_after=2023-08-28T00:20:43.191345+00:00
[2023-08-28T00:20:43.239+0000] {processor.py:179} INFO - Processing /home/airflow/.local/lib/python3.8/site-packages/airflow/example_dags/example_task_group_decorator.py took 0.222 seconds
[2023-08-28T00:21:13.410+0000] {processor.py:157} INFO - Started process (PID=1391) to work on /home/airflow/.local/lib/python3.8/site-packages/airflow/example_dags/example_task_group_decorator.py
[2023-08-28T00:21:13.411+0000] {processor.py:829} INFO - Processing file /home/airflow/.local/lib/python3.8/site-packages/airflow/example_dags/example_task_group_decorator.py for tasks to queue
[2023-08-28T00:21:13.415+0000] {logging_mixin.py:151} INFO - [2023-08-28T00:21:13.414+0000] {dagbag.py:539} INFO - Filling up the DagBag from /home/airflow/.local/lib/python3.8/site-packages/airflow/example_dags/example_task_group_decorator.py
[2023-08-28T00:21:13.438+0000] {processor.py:839} INFO - DAG(s) dict_keys(['example_task_group_decorator']) retrieved from /home/airflow/.local/lib/python3.8/site-packages/airflow/example_dags/example_task_group_decorator.py
[2023-08-28T00:21:13.519+0000] {logging_mixin.py:151} INFO - [2023-08-28T00:21:13.518+0000] {dag.py:2907} INFO - Sync 1 DAGs
[2023-08-28T00:21:13.557+0000] {logging_mixin.py:151} INFO - [2023-08-28T00:21:13.557+0000] {dag.py:3677} INFO - Setting next_dagrun for example_task_group_decorator to 2023-08-27T00:21:13.556595+00:00, run_after=2023-08-28T00:21:13.556595+00:00
[2023-08-28T00:21:13.586+0000] {processor.py:179} INFO - Processing /home/airflow/.local/lib/python3.8/site-packages/airflow/example_dags/example_task_group_decorator.py took 0.180 seconds
[2023-08-28T00:21:44.041+0000] {processor.py:157} INFO - Started process (PID=1446) to work on /home/airflow/.local/lib/python3.8/site-packages/airflow/example_dags/example_task_group_decorator.py
[2023-08-28T00:21:44.042+0000] {processor.py:829} INFO - Processing file /home/airflow/.local/lib/python3.8/site-packages/airflow/example_dags/example_task_group_decorator.py for tasks to queue
[2023-08-28T00:21:44.045+0000] {logging_mixin.py:151} INFO - [2023-08-28T00:21:44.045+0000] {dagbag.py:539} INFO - Filling up the DagBag from /home/airflow/.local/lib/python3.8/site-packages/airflow/example_dags/example_task_group_decorator.py
[2023-08-28T00:21:44.065+0000] {processor.py:839} INFO - DAG(s) dict_keys(['example_task_group_decorator']) retrieved from /home/airflow/.local/lib/python3.8/site-packages/airflow/example_dags/example_task_group_decorator.py
[2023-08-28T00:21:44.146+0000] {logging_mixin.py:151} INFO - [2023-08-28T00:21:44.146+0000] {dag.py:2907} INFO - Sync 1 DAGs
[2023-08-28T00:21:44.182+0000] {logging_mixin.py:151} INFO - [2023-08-28T00:21:44.182+0000] {dag.py:3677} INFO - Setting next_dagrun for example_task_group_decorator to 2023-08-27T00:21:44.181617+00:00, run_after=2023-08-28T00:21:44.181617+00:00
[2023-08-28T00:21:44.209+0000] {processor.py:179} INFO - Processing /home/airflow/.local/lib/python3.8/site-packages/airflow/example_dags/example_task_group_decorator.py took 0.173 seconds
