[2023-08-28T00:02:06.554+0000] {processor.py:157} INFO - Started process (PID=69) to work on /home/airflow/.local/lib/python3.8/site-packages/airflow/example_dags/example_external_task_marker_dag.py
[2023-08-28T00:02:06.556+0000] {processor.py:829} INFO - Processing file /home/airflow/.local/lib/python3.8/site-packages/airflow/example_dags/example_external_task_marker_dag.py for tasks to queue
[2023-08-28T00:02:06.559+0000] {logging_mixin.py:151} INFO - [2023-08-28T00:02:06.559+0000] {dagbag.py:539} INFO - Filling up the DagBag from /home/airflow/.local/lib/python3.8/site-packages/airflow/example_dags/example_external_task_marker_dag.py
[2023-08-28T00:02:06.572+0000] {processor.py:839} INFO - DAG(s) dict_keys(['example_external_task_marker_parent', 'example_external_task_marker_child']) retrieved from /home/airflow/.local/lib/python3.8/site-packages/airflow/example_dags/example_external_task_marker_dag.py
[2023-08-28T00:02:07.060+0000] {logging_mixin.py:151} INFO - [2023-08-28T00:02:07.059+0000] {manager.py:501} INFO - Created Permission View: can edit on DAG:example_external_task_marker_parent
[2023-08-28T00:02:07.141+0000] {logging_mixin.py:151} INFO - [2023-08-28T00:02:07.141+0000] {manager.py:501} INFO - Created Permission View: can delete on DAG:example_external_task_marker_parent
[2023-08-28T00:02:07.154+0000] {logging_mixin.py:151} INFO - [2023-08-28T00:02:07.154+0000] {manager.py:501} INFO - Created Permission View: can read on DAG:example_external_task_marker_parent
[2023-08-28T00:02:07.225+0000] {logging_mixin.py:151} INFO - [2023-08-28T00:02:07.224+0000] {manager.py:501} INFO - Created Permission View: can edit on DAG:example_external_task_marker_child
[2023-08-28T00:02:07.240+0000] {logging_mixin.py:151} INFO - [2023-08-28T00:02:07.239+0000] {manager.py:501} INFO - Created Permission View: can delete on DAG:example_external_task_marker_child
[2023-08-28T00:02:07.248+0000] {logging_mixin.py:151} INFO - [2023-08-28T00:02:07.248+0000] {manager.py:501} INFO - Created Permission View: can read on DAG:example_external_task_marker_child
[2023-08-28T00:02:07.258+0000] {logging_mixin.py:151} INFO - [2023-08-28T00:02:07.257+0000] {dag.py:2907} INFO - Sync 2 DAGs
[2023-08-28T00:02:07.281+0000] {logging_mixin.py:151} INFO - [2023-08-28T00:02:07.281+0000] {dag.py:2929} INFO - Creating ORM DAG for example_external_task_marker_parent
[2023-08-28T00:02:07.283+0000] {logging_mixin.py:151} INFO - [2023-08-28T00:02:07.283+0000] {dag.py:2929} INFO - Creating ORM DAG for example_external_task_marker_child
[2023-08-28T00:02:07.286+0000] {logging_mixin.py:151} INFO - [2023-08-28T00:02:07.286+0000] {dag.py:3677} INFO - Setting next_dagrun for example_external_task_marker_child to None, run_after=None
[2023-08-28T00:02:07.288+0000] {logging_mixin.py:151} INFO - [2023-08-28T00:02:07.288+0000] {dag.py:3677} INFO - Setting next_dagrun for example_external_task_marker_parent to None, run_after=None
[2023-08-28T00:02:07.336+0000] {processor.py:179} INFO - Processing /home/airflow/.local/lib/python3.8/site-packages/airflow/example_dags/example_external_task_marker_dag.py took 0.786 seconds
[2023-08-28T00:02:37.666+0000] {processor.py:157} INFO - Started process (PID=124) to work on /home/airflow/.local/lib/python3.8/site-packages/airflow/example_dags/example_external_task_marker_dag.py
[2023-08-28T00:02:37.667+0000] {processor.py:829} INFO - Processing file /home/airflow/.local/lib/python3.8/site-packages/airflow/example_dags/example_external_task_marker_dag.py for tasks to queue
[2023-08-28T00:02:37.670+0000] {logging_mixin.py:151} INFO - [2023-08-28T00:02:37.670+0000] {dagbag.py:539} INFO - Filling up the DagBag from /home/airflow/.local/lib/python3.8/site-packages/airflow/example_dags/example_external_task_marker_dag.py
[2023-08-28T00:02:37.680+0000] {processor.py:839} INFO - DAG(s) dict_keys(['example_external_task_marker_child', 'example_external_task_marker_parent']) retrieved from /home/airflow/.local/lib/python3.8/site-packages/airflow/example_dags/example_external_task_marker_dag.py
[2023-08-28T00:02:37.773+0000] {logging_mixin.py:151} INFO - [2023-08-28T00:02:37.773+0000] {dag.py:2907} INFO - Sync 2 DAGs
[2023-08-28T00:02:37.798+0000] {logging_mixin.py:151} INFO - [2023-08-28T00:02:37.798+0000] {dag.py:3677} INFO - Setting next_dagrun for example_external_task_marker_child to None, run_after=None
[2023-08-28T00:02:37.802+0000] {logging_mixin.py:151} INFO - [2023-08-28T00:02:37.802+0000] {dag.py:3677} INFO - Setting next_dagrun for example_external_task_marker_parent to None, run_after=None
[2023-08-28T00:02:37.829+0000] {processor.py:179} INFO - Processing /home/airflow/.local/lib/python3.8/site-packages/airflow/example_dags/example_external_task_marker_dag.py took 0.166 seconds
[2023-08-28T00:03:08.463+0000] {processor.py:157} INFO - Started process (PID=179) to work on /home/airflow/.local/lib/python3.8/site-packages/airflow/example_dags/example_external_task_marker_dag.py
[2023-08-28T00:03:08.465+0000] {processor.py:829} INFO - Processing file /home/airflow/.local/lib/python3.8/site-packages/airflow/example_dags/example_external_task_marker_dag.py for tasks to queue
[2023-08-28T00:03:08.468+0000] {logging_mixin.py:151} INFO - [2023-08-28T00:03:08.468+0000] {dagbag.py:539} INFO - Filling up the DagBag from /home/airflow/.local/lib/python3.8/site-packages/airflow/example_dags/example_external_task_marker_dag.py
[2023-08-28T00:03:08.480+0000] {processor.py:839} INFO - DAG(s) dict_keys(['example_external_task_marker_parent', 'example_external_task_marker_child']) retrieved from /home/airflow/.local/lib/python3.8/site-packages/airflow/example_dags/example_external_task_marker_dag.py
[2023-08-28T00:03:08.585+0000] {logging_mixin.py:151} INFO - [2023-08-28T00:03:08.585+0000] {dag.py:2907} INFO - Sync 2 DAGs
[2023-08-28T00:03:08.625+0000] {logging_mixin.py:151} INFO - [2023-08-28T00:03:08.625+0000] {dag.py:3677} INFO - Setting next_dagrun for example_external_task_marker_child to None, run_after=None
[2023-08-28T00:03:08.635+0000] {logging_mixin.py:151} INFO - [2023-08-28T00:03:08.635+0000] {dag.py:3677} INFO - Setting next_dagrun for example_external_task_marker_parent to None, run_after=None
[2023-08-28T00:03:08.674+0000] {processor.py:179} INFO - Processing /home/airflow/.local/lib/python3.8/site-packages/airflow/example_dags/example_external_task_marker_dag.py took 0.215 seconds
[2023-08-28T00:03:39.075+0000] {processor.py:157} INFO - Started process (PID=233) to work on /home/airflow/.local/lib/python3.8/site-packages/airflow/example_dags/example_external_task_marker_dag.py
[2023-08-28T00:03:39.078+0000] {processor.py:829} INFO - Processing file /home/airflow/.local/lib/python3.8/site-packages/airflow/example_dags/example_external_task_marker_dag.py for tasks to queue
[2023-08-28T00:03:39.085+0000] {logging_mixin.py:151} INFO - [2023-08-28T00:03:39.084+0000] {dagbag.py:539} INFO - Filling up the DagBag from /home/airflow/.local/lib/python3.8/site-packages/airflow/example_dags/example_external_task_marker_dag.py
[2023-08-28T00:03:39.108+0000] {processor.py:839} INFO - DAG(s) dict_keys(['example_external_task_marker_child', 'example_external_task_marker_parent']) retrieved from /home/airflow/.local/lib/python3.8/site-packages/airflow/example_dags/example_external_task_marker_dag.py
[2023-08-28T00:03:39.232+0000] {logging_mixin.py:151} INFO - [2023-08-28T00:03:39.232+0000] {dag.py:2907} INFO - Sync 2 DAGs
[2023-08-28T00:03:39.274+0000] {logging_mixin.py:151} INFO - [2023-08-28T00:03:39.274+0000] {dag.py:3677} INFO - Setting next_dagrun for example_external_task_marker_child to None, run_after=None
[2023-08-28T00:03:39.281+0000] {logging_mixin.py:151} INFO - [2023-08-28T00:03:39.281+0000] {dag.py:3677} INFO - Setting next_dagrun for example_external_task_marker_parent to None, run_after=None
[2023-08-28T00:03:39.311+0000] {processor.py:179} INFO - Processing /home/airflow/.local/lib/python3.8/site-packages/airflow/example_dags/example_external_task_marker_dag.py took 0.240 seconds
[2023-08-28T00:04:09.423+0000] {processor.py:157} INFO - Started process (PID=287) to work on /home/airflow/.local/lib/python3.8/site-packages/airflow/example_dags/example_external_task_marker_dag.py
[2023-08-28T00:04:09.425+0000] {processor.py:829} INFO - Processing file /home/airflow/.local/lib/python3.8/site-packages/airflow/example_dags/example_external_task_marker_dag.py for tasks to queue
[2023-08-28T00:04:09.429+0000] {logging_mixin.py:151} INFO - [2023-08-28T00:04:09.428+0000] {dagbag.py:539} INFO - Filling up the DagBag from /home/airflow/.local/lib/python3.8/site-packages/airflow/example_dags/example_external_task_marker_dag.py
[2023-08-28T00:04:09.440+0000] {processor.py:839} INFO - DAG(s) dict_keys(['example_external_task_marker_parent', 'example_external_task_marker_child']) retrieved from /home/airflow/.local/lib/python3.8/site-packages/airflow/example_dags/example_external_task_marker_dag.py
[2023-08-28T00:04:09.531+0000] {logging_mixin.py:151} INFO - [2023-08-28T00:04:09.531+0000] {dag.py:2907} INFO - Sync 2 DAGs
[2023-08-28T00:04:09.591+0000] {logging_mixin.py:151} INFO - [2023-08-28T00:04:09.590+0000] {dag.py:3677} INFO - Setting next_dagrun for example_external_task_marker_child to None, run_after=None
[2023-08-28T00:04:09.603+0000] {logging_mixin.py:151} INFO - [2023-08-28T00:04:09.603+0000] {dag.py:3677} INFO - Setting next_dagrun for example_external_task_marker_parent to None, run_after=None
[2023-08-28T00:04:09.638+0000] {processor.py:179} INFO - Processing /home/airflow/.local/lib/python3.8/site-packages/airflow/example_dags/example_external_task_marker_dag.py took 0.219 seconds
[2023-08-28T00:04:39.777+0000] {processor.py:157} INFO - Started process (PID=342) to work on /home/airflow/.local/lib/python3.8/site-packages/airflow/example_dags/example_external_task_marker_dag.py
[2023-08-28T00:04:39.780+0000] {processor.py:829} INFO - Processing file /home/airflow/.local/lib/python3.8/site-packages/airflow/example_dags/example_external_task_marker_dag.py for tasks to queue
[2023-08-28T00:04:39.784+0000] {logging_mixin.py:151} INFO - [2023-08-28T00:04:39.783+0000] {dagbag.py:539} INFO - Filling up the DagBag from /home/airflow/.local/lib/python3.8/site-packages/airflow/example_dags/example_external_task_marker_dag.py
[2023-08-28T00:04:39.794+0000] {processor.py:839} INFO - DAG(s) dict_keys(['example_external_task_marker_child', 'example_external_task_marker_parent']) retrieved from /home/airflow/.local/lib/python3.8/site-packages/airflow/example_dags/example_external_task_marker_dag.py
[2023-08-28T00:04:39.877+0000] {logging_mixin.py:151} INFO - [2023-08-28T00:04:39.877+0000] {dag.py:2907} INFO - Sync 2 DAGs
[2023-08-28T00:04:39.900+0000] {logging_mixin.py:151} INFO - [2023-08-28T00:04:39.899+0000] {dag.py:3677} INFO - Setting next_dagrun for example_external_task_marker_child to None, run_after=None
[2023-08-28T00:04:39.904+0000] {logging_mixin.py:151} INFO - [2023-08-28T00:04:39.904+0000] {dag.py:3677} INFO - Setting next_dagrun for example_external_task_marker_parent to None, run_after=None
[2023-08-28T00:04:39.933+0000] {processor.py:179} INFO - Processing /home/airflow/.local/lib/python3.8/site-packages/airflow/example_dags/example_external_task_marker_dag.py took 0.160 seconds
[2023-08-28T00:05:10.099+0000] {processor.py:157} INFO - Started process (PID=397) to work on /home/airflow/.local/lib/python3.8/site-packages/airflow/example_dags/example_external_task_marker_dag.py
[2023-08-28T00:05:10.102+0000] {processor.py:829} INFO - Processing file /home/airflow/.local/lib/python3.8/site-packages/airflow/example_dags/example_external_task_marker_dag.py for tasks to queue
[2023-08-28T00:05:10.105+0000] {logging_mixin.py:151} INFO - [2023-08-28T00:05:10.104+0000] {dagbag.py:539} INFO - Filling up the DagBag from /home/airflow/.local/lib/python3.8/site-packages/airflow/example_dags/example_external_task_marker_dag.py
[2023-08-28T00:05:10.115+0000] {processor.py:839} INFO - DAG(s) dict_keys(['example_external_task_marker_child', 'example_external_task_marker_parent']) retrieved from /home/airflow/.local/lib/python3.8/site-packages/airflow/example_dags/example_external_task_marker_dag.py
[2023-08-28T00:05:10.210+0000] {logging_mixin.py:151} INFO - [2023-08-28T00:05:10.210+0000] {dag.py:2907} INFO - Sync 2 DAGs
[2023-08-28T00:05:10.233+0000] {logging_mixin.py:151} INFO - [2023-08-28T00:05:10.233+0000] {dag.py:3677} INFO - Setting next_dagrun for example_external_task_marker_child to None, run_after=None
[2023-08-28T00:05:10.238+0000] {logging_mixin.py:151} INFO - [2023-08-28T00:05:10.238+0000] {dag.py:3677} INFO - Setting next_dagrun for example_external_task_marker_parent to None, run_after=None
[2023-08-28T00:05:10.264+0000] {processor.py:179} INFO - Processing /home/airflow/.local/lib/python3.8/site-packages/airflow/example_dags/example_external_task_marker_dag.py took 0.169 seconds
[2023-08-28T00:08:53.456+0000] {processor.py:157} INFO - Started process (PID=77) to work on /home/airflow/.local/lib/python3.8/site-packages/airflow/example_dags/example_external_task_marker_dag.py
[2023-08-28T00:08:53.460+0000] {processor.py:829} INFO - Processing file /home/airflow/.local/lib/python3.8/site-packages/airflow/example_dags/example_external_task_marker_dag.py for tasks to queue
[2023-08-28T00:08:53.465+0000] {logging_mixin.py:151} INFO - [2023-08-28T00:08:53.464+0000] {dagbag.py:539} INFO - Filling up the DagBag from /home/airflow/.local/lib/python3.8/site-packages/airflow/example_dags/example_external_task_marker_dag.py
[2023-08-28T00:08:53.478+0000] {processor.py:839} INFO - DAG(s) dict_keys(['example_external_task_marker_parent', 'example_external_task_marker_child']) retrieved from /home/airflow/.local/lib/python3.8/site-packages/airflow/example_dags/example_external_task_marker_dag.py
[2023-08-28T00:08:53.646+0000] {logging_mixin.py:151} INFO - [2023-08-28T00:08:53.646+0000] {dag.py:2907} INFO - Sync 2 DAGs
[2023-08-28T00:08:53.678+0000] {logging_mixin.py:151} INFO - [2023-08-28T00:08:53.677+0000] {dag.py:3677} INFO - Setting next_dagrun for example_external_task_marker_child to None, run_after=None
[2023-08-28T00:08:53.684+0000] {logging_mixin.py:151} INFO - [2023-08-28T00:08:53.683+0000] {dag.py:3677} INFO - Setting next_dagrun for example_external_task_marker_parent to None, run_after=None
[2023-08-28T00:08:53.824+0000] {processor.py:179} INFO - Processing /home/airflow/.local/lib/python3.8/site-packages/airflow/example_dags/example_external_task_marker_dag.py took 0.378 seconds
[2023-08-28T00:09:28.269+0000] {processor.py:157} INFO - Started process (PID=132) to work on /home/airflow/.local/lib/python3.8/site-packages/airflow/example_dags/example_external_task_marker_dag.py
[2023-08-28T00:09:28.271+0000] {processor.py:829} INFO - Processing file /home/airflow/.local/lib/python3.8/site-packages/airflow/example_dags/example_external_task_marker_dag.py for tasks to queue
[2023-08-28T00:09:28.274+0000] {logging_mixin.py:151} INFO - [2023-08-28T00:09:28.274+0000] {dagbag.py:539} INFO - Filling up the DagBag from /home/airflow/.local/lib/python3.8/site-packages/airflow/example_dags/example_external_task_marker_dag.py
[2023-08-28T00:09:28.286+0000] {processor.py:839} INFO - DAG(s) dict_keys(['example_external_task_marker_parent', 'example_external_task_marker_child']) retrieved from /home/airflow/.local/lib/python3.8/site-packages/airflow/example_dags/example_external_task_marker_dag.py
[2023-08-28T00:09:28.389+0000] {logging_mixin.py:151} INFO - [2023-08-28T00:09:28.388+0000] {dag.py:2907} INFO - Sync 2 DAGs
[2023-08-28T00:09:28.415+0000] {logging_mixin.py:151} INFO - [2023-08-28T00:09:28.415+0000] {dag.py:3677} INFO - Setting next_dagrun for example_external_task_marker_child to None, run_after=None
[2023-08-28T00:09:28.419+0000] {logging_mixin.py:151} INFO - [2023-08-28T00:09:28.419+0000] {dag.py:3677} INFO - Setting next_dagrun for example_external_task_marker_parent to None, run_after=None
[2023-08-28T00:09:28.445+0000] {processor.py:179} INFO - Processing /home/airflow/.local/lib/python3.8/site-packages/airflow/example_dags/example_external_task_marker_dag.py took 0.180 seconds
[2023-08-28T00:09:59.545+0000] {processor.py:157} INFO - Started process (PID=187) to work on /home/airflow/.local/lib/python3.8/site-packages/airflow/example_dags/example_external_task_marker_dag.py
[2023-08-28T00:09:59.549+0000] {processor.py:829} INFO - Processing file /home/airflow/.local/lib/python3.8/site-packages/airflow/example_dags/example_external_task_marker_dag.py for tasks to queue
[2023-08-28T00:09:59.559+0000] {logging_mixin.py:151} INFO - [2023-08-28T00:09:59.557+0000] {dagbag.py:539} INFO - Filling up the DagBag from /home/airflow/.local/lib/python3.8/site-packages/airflow/example_dags/example_external_task_marker_dag.py
[2023-08-28T00:09:59.601+0000] {processor.py:839} INFO - DAG(s) dict_keys(['example_external_task_marker_parent', 'example_external_task_marker_child']) retrieved from /home/airflow/.local/lib/python3.8/site-packages/airflow/example_dags/example_external_task_marker_dag.py
[2023-08-28T00:09:59.778+0000] {logging_mixin.py:151} INFO - [2023-08-28T00:09:59.778+0000] {dag.py:2907} INFO - Sync 2 DAGs
[2023-08-28T00:09:59.831+0000] {logging_mixin.py:151} INFO - [2023-08-28T00:09:59.830+0000] {dag.py:3677} INFO - Setting next_dagrun for example_external_task_marker_child to None, run_after=None
[2023-08-28T00:09:59.860+0000] {logging_mixin.py:151} INFO - [2023-08-28T00:09:59.860+0000] {dag.py:3677} INFO - Setting next_dagrun for example_external_task_marker_parent to None, run_after=None
[2023-08-28T00:09:59.914+0000] {processor.py:179} INFO - Processing /home/airflow/.local/lib/python3.8/site-packages/airflow/example_dags/example_external_task_marker_dag.py took 0.374 seconds
[2023-08-28T00:10:30.339+0000] {processor.py:157} INFO - Started process (PID=241) to work on /home/airflow/.local/lib/python3.8/site-packages/airflow/example_dags/example_external_task_marker_dag.py
[2023-08-28T00:10:30.341+0000] {processor.py:829} INFO - Processing file /home/airflow/.local/lib/python3.8/site-packages/airflow/example_dags/example_external_task_marker_dag.py for tasks to queue
[2023-08-28T00:10:30.344+0000] {logging_mixin.py:151} INFO - [2023-08-28T00:10:30.344+0000] {dagbag.py:539} INFO - Filling up the DagBag from /home/airflow/.local/lib/python3.8/site-packages/airflow/example_dags/example_external_task_marker_dag.py
[2023-08-28T00:10:30.359+0000] {processor.py:839} INFO - DAG(s) dict_keys(['example_external_task_marker_child', 'example_external_task_marker_parent']) retrieved from /home/airflow/.local/lib/python3.8/site-packages/airflow/example_dags/example_external_task_marker_dag.py
[2023-08-28T00:10:30.465+0000] {logging_mixin.py:151} INFO - [2023-08-28T00:10:30.465+0000] {dag.py:2907} INFO - Sync 2 DAGs
[2023-08-28T00:10:30.498+0000] {logging_mixin.py:151} INFO - [2023-08-28T00:10:30.498+0000] {dag.py:3677} INFO - Setting next_dagrun for example_external_task_marker_child to None, run_after=None
[2023-08-28T00:10:30.503+0000] {logging_mixin.py:151} INFO - [2023-08-28T00:10:30.503+0000] {dag.py:3677} INFO - Setting next_dagrun for example_external_task_marker_parent to None, run_after=None
[2023-08-28T00:10:30.533+0000] {processor.py:179} INFO - Processing /home/airflow/.local/lib/python3.8/site-packages/airflow/example_dags/example_external_task_marker_dag.py took 0.198 seconds
[2023-08-28T00:11:00.572+0000] {processor.py:157} INFO - Started process (PID=295) to work on /home/airflow/.local/lib/python3.8/site-packages/airflow/example_dags/example_external_task_marker_dag.py
[2023-08-28T00:11:00.574+0000] {processor.py:829} INFO - Processing file /home/airflow/.local/lib/python3.8/site-packages/airflow/example_dags/example_external_task_marker_dag.py for tasks to queue
[2023-08-28T00:11:00.581+0000] {logging_mixin.py:151} INFO - [2023-08-28T00:11:00.581+0000] {dagbag.py:539} INFO - Filling up the DagBag from /home/airflow/.local/lib/python3.8/site-packages/airflow/example_dags/example_external_task_marker_dag.py
[2023-08-28T00:11:00.603+0000] {processor.py:839} INFO - DAG(s) dict_keys(['example_external_task_marker_parent', 'example_external_task_marker_child']) retrieved from /home/airflow/.local/lib/python3.8/site-packages/airflow/example_dags/example_external_task_marker_dag.py
[2023-08-28T00:11:00.837+0000] {logging_mixin.py:151} INFO - [2023-08-28T00:11:00.835+0000] {dag.py:2907} INFO - Sync 2 DAGs
[2023-08-28T00:11:00.878+0000] {logging_mixin.py:151} INFO - [2023-08-28T00:11:00.877+0000] {dag.py:3677} INFO - Setting next_dagrun for example_external_task_marker_child to None, run_after=None
[2023-08-28T00:11:00.913+0000] {logging_mixin.py:151} INFO - [2023-08-28T00:11:00.913+0000] {dag.py:3677} INFO - Setting next_dagrun for example_external_task_marker_parent to None, run_after=None
[2023-08-28T00:11:00.967+0000] {processor.py:179} INFO - Processing /home/airflow/.local/lib/python3.8/site-packages/airflow/example_dags/example_external_task_marker_dag.py took 0.399 seconds
[2023-08-28T00:11:31.112+0000] {processor.py:157} INFO - Started process (PID=350) to work on /home/airflow/.local/lib/python3.8/site-packages/airflow/example_dags/example_external_task_marker_dag.py
[2023-08-28T00:11:31.117+0000] {processor.py:829} INFO - Processing file /home/airflow/.local/lib/python3.8/site-packages/airflow/example_dags/example_external_task_marker_dag.py for tasks to queue
[2023-08-28T00:11:31.121+0000] {logging_mixin.py:151} INFO - [2023-08-28T00:11:31.121+0000] {dagbag.py:539} INFO - Filling up the DagBag from /home/airflow/.local/lib/python3.8/site-packages/airflow/example_dags/example_external_task_marker_dag.py
[2023-08-28T00:11:31.131+0000] {processor.py:839} INFO - DAG(s) dict_keys(['example_external_task_marker_child', 'example_external_task_marker_parent']) retrieved from /home/airflow/.local/lib/python3.8/site-packages/airflow/example_dags/example_external_task_marker_dag.py
[2023-08-28T00:11:31.207+0000] {logging_mixin.py:151} INFO - [2023-08-28T00:11:31.207+0000] {dag.py:2907} INFO - Sync 2 DAGs
[2023-08-28T00:11:31.229+0000] {logging_mixin.py:151} INFO - [2023-08-28T00:11:31.228+0000] {dag.py:3677} INFO - Setting next_dagrun for example_external_task_marker_child to None, run_after=None
[2023-08-28T00:11:31.233+0000] {logging_mixin.py:151} INFO - [2023-08-28T00:11:31.233+0000] {dag.py:3677} INFO - Setting next_dagrun for example_external_task_marker_parent to None, run_after=None
[2023-08-28T00:11:31.263+0000] {processor.py:179} INFO - Processing /home/airflow/.local/lib/python3.8/site-packages/airflow/example_dags/example_external_task_marker_dag.py took 0.155 seconds
[2023-08-28T00:12:01.360+0000] {processor.py:157} INFO - Started process (PID=404) to work on /home/airflow/.local/lib/python3.8/site-packages/airflow/example_dags/example_external_task_marker_dag.py
[2023-08-28T00:12:01.362+0000] {processor.py:829} INFO - Processing file /home/airflow/.local/lib/python3.8/site-packages/airflow/example_dags/example_external_task_marker_dag.py for tasks to queue
[2023-08-28T00:12:01.364+0000] {logging_mixin.py:151} INFO - [2023-08-28T00:12:01.364+0000] {dagbag.py:539} INFO - Filling up the DagBag from /home/airflow/.local/lib/python3.8/site-packages/airflow/example_dags/example_external_task_marker_dag.py
[2023-08-28T00:12:01.375+0000] {processor.py:839} INFO - DAG(s) dict_keys(['example_external_task_marker_child', 'example_external_task_marker_parent']) retrieved from /home/airflow/.local/lib/python3.8/site-packages/airflow/example_dags/example_external_task_marker_dag.py
[2023-08-28T00:12:01.463+0000] {logging_mixin.py:151} INFO - [2023-08-28T00:12:01.463+0000] {dag.py:2907} INFO - Sync 2 DAGs
[2023-08-28T00:12:01.486+0000] {logging_mixin.py:151} INFO - [2023-08-28T00:12:01.486+0000] {dag.py:3677} INFO - Setting next_dagrun for example_external_task_marker_child to None, run_after=None
[2023-08-28T00:12:01.490+0000] {logging_mixin.py:151} INFO - [2023-08-28T00:12:01.490+0000] {dag.py:3677} INFO - Setting next_dagrun for example_external_task_marker_parent to None, run_after=None
[2023-08-28T00:12:01.517+0000] {processor.py:179} INFO - Processing /home/airflow/.local/lib/python3.8/site-packages/airflow/example_dags/example_external_task_marker_dag.py took 0.159 seconds
[2023-08-28T00:12:31.867+0000] {processor.py:157} INFO - Started process (PID=459) to work on /home/airflow/.local/lib/python3.8/site-packages/airflow/example_dags/example_external_task_marker_dag.py
[2023-08-28T00:12:31.870+0000] {processor.py:829} INFO - Processing file /home/airflow/.local/lib/python3.8/site-packages/airflow/example_dags/example_external_task_marker_dag.py for tasks to queue
[2023-08-28T00:12:31.874+0000] {logging_mixin.py:151} INFO - [2023-08-28T00:12:31.873+0000] {dagbag.py:539} INFO - Filling up the DagBag from /home/airflow/.local/lib/python3.8/site-packages/airflow/example_dags/example_external_task_marker_dag.py
[2023-08-28T00:12:31.885+0000] {processor.py:839} INFO - DAG(s) dict_keys(['example_external_task_marker_parent', 'example_external_task_marker_child']) retrieved from /home/airflow/.local/lib/python3.8/site-packages/airflow/example_dags/example_external_task_marker_dag.py
[2023-08-28T00:12:32.007+0000] {logging_mixin.py:151} INFO - [2023-08-28T00:12:32.007+0000] {dag.py:2907} INFO - Sync 2 DAGs
[2023-08-28T00:12:32.035+0000] {logging_mixin.py:151} INFO - [2023-08-28T00:12:32.034+0000] {dag.py:3677} INFO - Setting next_dagrun for example_external_task_marker_child to None, run_after=None
[2023-08-28T00:12:32.040+0000] {logging_mixin.py:151} INFO - [2023-08-28T00:12:32.040+0000] {dag.py:3677} INFO - Setting next_dagrun for example_external_task_marker_parent to None, run_after=None
[2023-08-28T00:12:32.072+0000] {processor.py:179} INFO - Processing /home/airflow/.local/lib/python3.8/site-packages/airflow/example_dags/example_external_task_marker_dag.py took 0.208 seconds
[2023-08-28T00:13:02.720+0000] {processor.py:157} INFO - Started process (PID=514) to work on /home/airflow/.local/lib/python3.8/site-packages/airflow/example_dags/example_external_task_marker_dag.py
[2023-08-28T00:13:02.723+0000] {processor.py:829} INFO - Processing file /home/airflow/.local/lib/python3.8/site-packages/airflow/example_dags/example_external_task_marker_dag.py for tasks to queue
[2023-08-28T00:13:02.734+0000] {logging_mixin.py:151} INFO - [2023-08-28T00:13:02.733+0000] {dagbag.py:539} INFO - Filling up the DagBag from /home/airflow/.local/lib/python3.8/site-packages/airflow/example_dags/example_external_task_marker_dag.py
[2023-08-28T00:13:02.769+0000] {processor.py:839} INFO - DAG(s) dict_keys(['example_external_task_marker_parent', 'example_external_task_marker_child']) retrieved from /home/airflow/.local/lib/python3.8/site-packages/airflow/example_dags/example_external_task_marker_dag.py
[2023-08-28T00:13:02.912+0000] {logging_mixin.py:151} INFO - [2023-08-28T00:13:02.912+0000] {dag.py:2907} INFO - Sync 2 DAGs
[2023-08-28T00:13:02.939+0000] {logging_mixin.py:151} INFO - [2023-08-28T00:13:02.938+0000] {dag.py:3677} INFO - Setting next_dagrun for example_external_task_marker_child to None, run_after=None
[2023-08-28T00:13:02.944+0000] {logging_mixin.py:151} INFO - [2023-08-28T00:13:02.944+0000] {dag.py:3677} INFO - Setting next_dagrun for example_external_task_marker_parent to None, run_after=None
[2023-08-28T00:13:02.975+0000] {processor.py:179} INFO - Processing /home/airflow/.local/lib/python3.8/site-packages/airflow/example_dags/example_external_task_marker_dag.py took 0.261 seconds
[2023-08-28T00:13:33.310+0000] {processor.py:157} INFO - Started process (PID=568) to work on /home/airflow/.local/lib/python3.8/site-packages/airflow/example_dags/example_external_task_marker_dag.py
[2023-08-28T00:13:33.312+0000] {processor.py:829} INFO - Processing file /home/airflow/.local/lib/python3.8/site-packages/airflow/example_dags/example_external_task_marker_dag.py for tasks to queue
[2023-08-28T00:13:33.319+0000] {logging_mixin.py:151} INFO - [2023-08-28T00:13:33.318+0000] {dagbag.py:539} INFO - Filling up the DagBag from /home/airflow/.local/lib/python3.8/site-packages/airflow/example_dags/example_external_task_marker_dag.py
[2023-08-28T00:13:33.337+0000] {processor.py:839} INFO - DAG(s) dict_keys(['example_external_task_marker_child', 'example_external_task_marker_parent']) retrieved from /home/airflow/.local/lib/python3.8/site-packages/airflow/example_dags/example_external_task_marker_dag.py
[2023-08-28T00:13:33.428+0000] {logging_mixin.py:151} INFO - [2023-08-28T00:13:33.428+0000] {dag.py:2907} INFO - Sync 2 DAGs
[2023-08-28T00:13:33.453+0000] {logging_mixin.py:151} INFO - [2023-08-28T00:13:33.453+0000] {dag.py:3677} INFO - Setting next_dagrun for example_external_task_marker_child to None, run_after=None
[2023-08-28T00:13:33.458+0000] {logging_mixin.py:151} INFO - [2023-08-28T00:13:33.458+0000] {dag.py:3677} INFO - Setting next_dagrun for example_external_task_marker_parent to None, run_after=None
[2023-08-28T00:13:33.488+0000] {processor.py:179} INFO - Processing /home/airflow/.local/lib/python3.8/site-packages/airflow/example_dags/example_external_task_marker_dag.py took 0.183 seconds
[2023-08-28T00:14:04.039+0000] {processor.py:157} INFO - Started process (PID=623) to work on /home/airflow/.local/lib/python3.8/site-packages/airflow/example_dags/example_external_task_marker_dag.py
[2023-08-28T00:14:04.041+0000] {processor.py:829} INFO - Processing file /home/airflow/.local/lib/python3.8/site-packages/airflow/example_dags/example_external_task_marker_dag.py for tasks to queue
[2023-08-28T00:14:04.044+0000] {logging_mixin.py:151} INFO - [2023-08-28T00:14:04.043+0000] {dagbag.py:539} INFO - Filling up the DagBag from /home/airflow/.local/lib/python3.8/site-packages/airflow/example_dags/example_external_task_marker_dag.py
[2023-08-28T00:14:04.056+0000] {processor.py:839} INFO - DAG(s) dict_keys(['example_external_task_marker_parent', 'example_external_task_marker_child']) retrieved from /home/airflow/.local/lib/python3.8/site-packages/airflow/example_dags/example_external_task_marker_dag.py
[2023-08-28T00:14:04.138+0000] {logging_mixin.py:151} INFO - [2023-08-28T00:14:04.138+0000] {dag.py:2907} INFO - Sync 2 DAGs
[2023-08-28T00:14:04.161+0000] {logging_mixin.py:151} INFO - [2023-08-28T00:14:04.161+0000] {dag.py:3677} INFO - Setting next_dagrun for example_external_task_marker_child to None, run_after=None
[2023-08-28T00:14:04.165+0000] {logging_mixin.py:151} INFO - [2023-08-28T00:14:04.165+0000] {dag.py:3677} INFO - Setting next_dagrun for example_external_task_marker_parent to None, run_after=None
[2023-08-28T00:14:04.189+0000] {processor.py:179} INFO - Processing /home/airflow/.local/lib/python3.8/site-packages/airflow/example_dags/example_external_task_marker_dag.py took 0.157 seconds
[2023-08-28T00:14:34.318+0000] {processor.py:157} INFO - Started process (PID=678) to work on /home/airflow/.local/lib/python3.8/site-packages/airflow/example_dags/example_external_task_marker_dag.py
[2023-08-28T00:14:34.319+0000] {processor.py:829} INFO - Processing file /home/airflow/.local/lib/python3.8/site-packages/airflow/example_dags/example_external_task_marker_dag.py for tasks to queue
[2023-08-28T00:14:34.322+0000] {logging_mixin.py:151} INFO - [2023-08-28T00:14:34.322+0000] {dagbag.py:539} INFO - Filling up the DagBag from /home/airflow/.local/lib/python3.8/site-packages/airflow/example_dags/example_external_task_marker_dag.py
[2023-08-28T00:14:34.333+0000] {processor.py:839} INFO - DAG(s) dict_keys(['example_external_task_marker_parent', 'example_external_task_marker_child']) retrieved from /home/airflow/.local/lib/python3.8/site-packages/airflow/example_dags/example_external_task_marker_dag.py
[2023-08-28T00:14:34.417+0000] {logging_mixin.py:151} INFO - [2023-08-28T00:14:34.416+0000] {dag.py:2907} INFO - Sync 2 DAGs
[2023-08-28T00:14:34.441+0000] {logging_mixin.py:151} INFO - [2023-08-28T00:14:34.441+0000] {dag.py:3677} INFO - Setting next_dagrun for example_external_task_marker_child to None, run_after=None
[2023-08-28T00:14:34.448+0000] {logging_mixin.py:151} INFO - [2023-08-28T00:14:34.448+0000] {dag.py:3677} INFO - Setting next_dagrun for example_external_task_marker_parent to None, run_after=None
[2023-08-28T00:14:34.474+0000] {processor.py:179} INFO - Processing /home/airflow/.local/lib/python3.8/site-packages/airflow/example_dags/example_external_task_marker_dag.py took 0.160 seconds
[2023-08-28T00:15:05.270+0000] {processor.py:157} INFO - Started process (PID=733) to work on /home/airflow/.local/lib/python3.8/site-packages/airflow/example_dags/example_external_task_marker_dag.py
[2023-08-28T00:15:05.272+0000] {processor.py:829} INFO - Processing file /home/airflow/.local/lib/python3.8/site-packages/airflow/example_dags/example_external_task_marker_dag.py for tasks to queue
[2023-08-28T00:15:05.275+0000] {logging_mixin.py:151} INFO - [2023-08-28T00:15:05.274+0000] {dagbag.py:539} INFO - Filling up the DagBag from /home/airflow/.local/lib/python3.8/site-packages/airflow/example_dags/example_external_task_marker_dag.py
[2023-08-28T00:15:05.284+0000] {processor.py:839} INFO - DAG(s) dict_keys(['example_external_task_marker_child', 'example_external_task_marker_parent']) retrieved from /home/airflow/.local/lib/python3.8/site-packages/airflow/example_dags/example_external_task_marker_dag.py
[2023-08-28T00:15:05.360+0000] {logging_mixin.py:151} INFO - [2023-08-28T00:15:05.359+0000] {dag.py:2907} INFO - Sync 2 DAGs
[2023-08-28T00:15:05.381+0000] {logging_mixin.py:151} INFO - [2023-08-28T00:15:05.380+0000] {dag.py:3677} INFO - Setting next_dagrun for example_external_task_marker_child to None, run_after=None
[2023-08-28T00:15:05.384+0000] {logging_mixin.py:151} INFO - [2023-08-28T00:15:05.384+0000] {dag.py:3677} INFO - Setting next_dagrun for example_external_task_marker_parent to None, run_after=None
[2023-08-28T00:15:05.409+0000] {processor.py:179} INFO - Processing /home/airflow/.local/lib/python3.8/site-packages/airflow/example_dags/example_external_task_marker_dag.py took 0.142 seconds
[2023-08-28T00:15:35.961+0000] {processor.py:157} INFO - Started process (PID=788) to work on /home/airflow/.local/lib/python3.8/site-packages/airflow/example_dags/example_external_task_marker_dag.py
[2023-08-28T00:15:35.963+0000] {processor.py:829} INFO - Processing file /home/airflow/.local/lib/python3.8/site-packages/airflow/example_dags/example_external_task_marker_dag.py for tasks to queue
[2023-08-28T00:15:35.967+0000] {logging_mixin.py:151} INFO - [2023-08-28T00:15:35.967+0000] {dagbag.py:539} INFO - Filling up the DagBag from /home/airflow/.local/lib/python3.8/site-packages/airflow/example_dags/example_external_task_marker_dag.py
[2023-08-28T00:15:35.980+0000] {processor.py:839} INFO - DAG(s) dict_keys(['example_external_task_marker_child', 'example_external_task_marker_parent']) retrieved from /home/airflow/.local/lib/python3.8/site-packages/airflow/example_dags/example_external_task_marker_dag.py
[2023-08-28T00:15:36.063+0000] {logging_mixin.py:151} INFO - [2023-08-28T00:15:36.063+0000] {dag.py:2907} INFO - Sync 2 DAGs
[2023-08-28T00:15:36.086+0000] {logging_mixin.py:151} INFO - [2023-08-28T00:15:36.086+0000] {dag.py:3677} INFO - Setting next_dagrun for example_external_task_marker_child to None, run_after=None
[2023-08-28T00:15:36.090+0000] {logging_mixin.py:151} INFO - [2023-08-28T00:15:36.090+0000] {dag.py:3677} INFO - Setting next_dagrun for example_external_task_marker_parent to None, run_after=None
[2023-08-28T00:15:36.116+0000] {processor.py:179} INFO - Processing /home/airflow/.local/lib/python3.8/site-packages/airflow/example_dags/example_external_task_marker_dag.py took 0.160 seconds
[2023-08-28T00:16:06.852+0000] {processor.py:157} INFO - Started process (PID=843) to work on /home/airflow/.local/lib/python3.8/site-packages/airflow/example_dags/example_external_task_marker_dag.py
[2023-08-28T00:16:06.854+0000] {processor.py:829} INFO - Processing file /home/airflow/.local/lib/python3.8/site-packages/airflow/example_dags/example_external_task_marker_dag.py for tasks to queue
[2023-08-28T00:16:06.858+0000] {logging_mixin.py:151} INFO - [2023-08-28T00:16:06.857+0000] {dagbag.py:539} INFO - Filling up the DagBag from /home/airflow/.local/lib/python3.8/site-packages/airflow/example_dags/example_external_task_marker_dag.py
[2023-08-28T00:16:06.870+0000] {processor.py:839} INFO - DAG(s) dict_keys(['example_external_task_marker_parent', 'example_external_task_marker_child']) retrieved from /home/airflow/.local/lib/python3.8/site-packages/airflow/example_dags/example_external_task_marker_dag.py
[2023-08-28T00:16:06.966+0000] {logging_mixin.py:151} INFO - [2023-08-28T00:16:06.965+0000] {dag.py:2907} INFO - Sync 2 DAGs
[2023-08-28T00:16:06.996+0000] {logging_mixin.py:151} INFO - [2023-08-28T00:16:06.995+0000] {dag.py:3677} INFO - Setting next_dagrun for example_external_task_marker_child to None, run_after=None
[2023-08-28T00:16:07.002+0000] {logging_mixin.py:151} INFO - [2023-08-28T00:16:07.002+0000] {dag.py:3677} INFO - Setting next_dagrun for example_external_task_marker_parent to None, run_after=None
[2023-08-28T00:16:07.030+0000] {processor.py:179} INFO - Processing /home/airflow/.local/lib/python3.8/site-packages/airflow/example_dags/example_external_task_marker_dag.py took 0.182 seconds
[2023-08-28T00:16:37.312+0000] {processor.py:157} INFO - Started process (PID=898) to work on /home/airflow/.local/lib/python3.8/site-packages/airflow/example_dags/example_external_task_marker_dag.py
[2023-08-28T00:16:37.315+0000] {processor.py:829} INFO - Processing file /home/airflow/.local/lib/python3.8/site-packages/airflow/example_dags/example_external_task_marker_dag.py for tasks to queue
[2023-08-28T00:16:37.318+0000] {logging_mixin.py:151} INFO - [2023-08-28T00:16:37.317+0000] {dagbag.py:539} INFO - Filling up the DagBag from /home/airflow/.local/lib/python3.8/site-packages/airflow/example_dags/example_external_task_marker_dag.py
[2023-08-28T00:16:37.328+0000] {processor.py:839} INFO - DAG(s) dict_keys(['example_external_task_marker_parent', 'example_external_task_marker_child']) retrieved from /home/airflow/.local/lib/python3.8/site-packages/airflow/example_dags/example_external_task_marker_dag.py
[2023-08-28T00:16:37.409+0000] {logging_mixin.py:151} INFO - [2023-08-28T00:16:37.408+0000] {dag.py:2907} INFO - Sync 2 DAGs
[2023-08-28T00:16:37.429+0000] {logging_mixin.py:151} INFO - [2023-08-28T00:16:37.429+0000] {dag.py:3677} INFO - Setting next_dagrun for example_external_task_marker_child to None, run_after=None
[2023-08-28T00:16:37.433+0000] {logging_mixin.py:151} INFO - [2023-08-28T00:16:37.433+0000] {dag.py:3677} INFO - Setting next_dagrun for example_external_task_marker_parent to None, run_after=None
[2023-08-28T00:16:37.459+0000] {processor.py:179} INFO - Processing /home/airflow/.local/lib/python3.8/site-packages/airflow/example_dags/example_external_task_marker_dag.py took 0.150 seconds
[2023-08-28T00:17:07.679+0000] {processor.py:157} INFO - Started process (PID=953) to work on /home/airflow/.local/lib/python3.8/site-packages/airflow/example_dags/example_external_task_marker_dag.py
[2023-08-28T00:17:07.680+0000] {processor.py:829} INFO - Processing file /home/airflow/.local/lib/python3.8/site-packages/airflow/example_dags/example_external_task_marker_dag.py for tasks to queue
[2023-08-28T00:17:07.683+0000] {logging_mixin.py:151} INFO - [2023-08-28T00:17:07.682+0000] {dagbag.py:539} INFO - Filling up the DagBag from /home/airflow/.local/lib/python3.8/site-packages/airflow/example_dags/example_external_task_marker_dag.py
[2023-08-28T00:17:07.692+0000] {processor.py:839} INFO - DAG(s) dict_keys(['example_external_task_marker_child', 'example_external_task_marker_parent']) retrieved from /home/airflow/.local/lib/python3.8/site-packages/airflow/example_dags/example_external_task_marker_dag.py
[2023-08-28T00:17:07.779+0000] {logging_mixin.py:151} INFO - [2023-08-28T00:17:07.779+0000] {dag.py:2907} INFO - Sync 2 DAGs
[2023-08-28T00:17:07.826+0000] {logging_mixin.py:151} INFO - [2023-08-28T00:17:07.825+0000] {dag.py:3677} INFO - Setting next_dagrun for example_external_task_marker_child to None, run_after=None
[2023-08-28T00:17:07.841+0000] {logging_mixin.py:151} INFO - [2023-08-28T00:17:07.840+0000] {dag.py:3677} INFO - Setting next_dagrun for example_external_task_marker_parent to None, run_after=None
[2023-08-28T00:17:07.882+0000] {processor.py:179} INFO - Processing /home/airflow/.local/lib/python3.8/site-packages/airflow/example_dags/example_external_task_marker_dag.py took 0.207 seconds
[2023-08-28T00:17:38.202+0000] {processor.py:157} INFO - Started process (PID=1008) to work on /home/airflow/.local/lib/python3.8/site-packages/airflow/example_dags/example_external_task_marker_dag.py
[2023-08-28T00:17:38.204+0000] {processor.py:829} INFO - Processing file /home/airflow/.local/lib/python3.8/site-packages/airflow/example_dags/example_external_task_marker_dag.py for tasks to queue
[2023-08-28T00:17:38.209+0000] {logging_mixin.py:151} INFO - [2023-08-28T00:17:38.208+0000] {dagbag.py:539} INFO - Filling up the DagBag from /home/airflow/.local/lib/python3.8/site-packages/airflow/example_dags/example_external_task_marker_dag.py
[2023-08-28T00:17:38.225+0000] {processor.py:839} INFO - DAG(s) dict_keys(['example_external_task_marker_parent', 'example_external_task_marker_child']) retrieved from /home/airflow/.local/lib/python3.8/site-packages/airflow/example_dags/example_external_task_marker_dag.py
[2023-08-28T00:17:38.357+0000] {logging_mixin.py:151} INFO - [2023-08-28T00:17:38.357+0000] {dag.py:2907} INFO - Sync 2 DAGs
[2023-08-28T00:17:38.392+0000] {logging_mixin.py:151} INFO - [2023-08-28T00:17:38.391+0000] {dag.py:3677} INFO - Setting next_dagrun for example_external_task_marker_child to None, run_after=None
[2023-08-28T00:17:38.400+0000] {logging_mixin.py:151} INFO - [2023-08-28T00:17:38.400+0000] {dag.py:3677} INFO - Setting next_dagrun for example_external_task_marker_parent to None, run_after=None
[2023-08-28T00:17:38.443+0000] {processor.py:179} INFO - Processing /home/airflow/.local/lib/python3.8/site-packages/airflow/example_dags/example_external_task_marker_dag.py took 0.250 seconds
[2023-08-28T00:18:08.598+0000] {processor.py:157} INFO - Started process (PID=1063) to work on /home/airflow/.local/lib/python3.8/site-packages/airflow/example_dags/example_external_task_marker_dag.py
[2023-08-28T00:18:08.601+0000] {processor.py:829} INFO - Processing file /home/airflow/.local/lib/python3.8/site-packages/airflow/example_dags/example_external_task_marker_dag.py for tasks to queue
[2023-08-28T00:18:08.608+0000] {logging_mixin.py:151} INFO - [2023-08-28T00:18:08.607+0000] {dagbag.py:539} INFO - Filling up the DagBag from /home/airflow/.local/lib/python3.8/site-packages/airflow/example_dags/example_external_task_marker_dag.py
[2023-08-28T00:18:08.625+0000] {processor.py:839} INFO - DAG(s) dict_keys(['example_external_task_marker_child', 'example_external_task_marker_parent']) retrieved from /home/airflow/.local/lib/python3.8/site-packages/airflow/example_dags/example_external_task_marker_dag.py
[2023-08-28T00:18:08.870+0000] {logging_mixin.py:151} INFO - [2023-08-28T00:18:08.869+0000] {dag.py:2907} INFO - Sync 2 DAGs
[2023-08-28T00:18:08.915+0000] {logging_mixin.py:151} INFO - [2023-08-28T00:18:08.914+0000] {dag.py:3677} INFO - Setting next_dagrun for example_external_task_marker_child to None, run_after=None
[2023-08-28T00:18:08.926+0000] {logging_mixin.py:151} INFO - [2023-08-28T00:18:08.926+0000] {dag.py:3677} INFO - Setting next_dagrun for example_external_task_marker_parent to None, run_after=None
[2023-08-28T00:18:08.992+0000] {processor.py:179} INFO - Processing /home/airflow/.local/lib/python3.8/site-packages/airflow/example_dags/example_external_task_marker_dag.py took 0.397 seconds
[2023-08-28T00:18:39.722+0000] {processor.py:157} INFO - Started process (PID=1117) to work on /home/airflow/.local/lib/python3.8/site-packages/airflow/example_dags/example_external_task_marker_dag.py
[2023-08-28T00:18:39.727+0000] {processor.py:829} INFO - Processing file /home/airflow/.local/lib/python3.8/site-packages/airflow/example_dags/example_external_task_marker_dag.py for tasks to queue
[2023-08-28T00:18:39.736+0000] {logging_mixin.py:151} INFO - [2023-08-28T00:18:39.731+0000] {dagbag.py:539} INFO - Filling up the DagBag from /home/airflow/.local/lib/python3.8/site-packages/airflow/example_dags/example_external_task_marker_dag.py
[2023-08-28T00:18:39.761+0000] {processor.py:839} INFO - DAG(s) dict_keys(['example_external_task_marker_child', 'example_external_task_marker_parent']) retrieved from /home/airflow/.local/lib/python3.8/site-packages/airflow/example_dags/example_external_task_marker_dag.py
[2023-08-28T00:18:39.897+0000] {logging_mixin.py:151} INFO - [2023-08-28T00:18:39.897+0000] {dag.py:2907} INFO - Sync 2 DAGs
[2023-08-28T00:18:39.956+0000] {logging_mixin.py:151} INFO - [2023-08-28T00:18:39.955+0000] {dag.py:3677} INFO - Setting next_dagrun for example_external_task_marker_child to None, run_after=None
[2023-08-28T00:18:39.968+0000] {logging_mixin.py:151} INFO - [2023-08-28T00:18:39.967+0000] {dag.py:3677} INFO - Setting next_dagrun for example_external_task_marker_parent to None, run_after=None
[2023-08-28T00:18:40.024+0000] {processor.py:179} INFO - Processing /home/airflow/.local/lib/python3.8/site-packages/airflow/example_dags/example_external_task_marker_dag.py took 0.309 seconds
[2023-08-28T00:19:10.170+0000] {processor.py:157} INFO - Started process (PID=1172) to work on /home/airflow/.local/lib/python3.8/site-packages/airflow/example_dags/example_external_task_marker_dag.py
[2023-08-28T00:19:10.171+0000] {processor.py:829} INFO - Processing file /home/airflow/.local/lib/python3.8/site-packages/airflow/example_dags/example_external_task_marker_dag.py for tasks to queue
[2023-08-28T00:19:10.173+0000] {logging_mixin.py:151} INFO - [2023-08-28T00:19:10.173+0000] {dagbag.py:539} INFO - Filling up the DagBag from /home/airflow/.local/lib/python3.8/site-packages/airflow/example_dags/example_external_task_marker_dag.py
[2023-08-28T00:19:10.182+0000] {processor.py:839} INFO - DAG(s) dict_keys(['example_external_task_marker_parent', 'example_external_task_marker_child']) retrieved from /home/airflow/.local/lib/python3.8/site-packages/airflow/example_dags/example_external_task_marker_dag.py
[2023-08-28T00:19:10.270+0000] {logging_mixin.py:151} INFO - [2023-08-28T00:19:10.270+0000] {dag.py:2907} INFO - Sync 2 DAGs
[2023-08-28T00:19:10.293+0000] {logging_mixin.py:151} INFO - [2023-08-28T00:19:10.293+0000] {dag.py:3677} INFO - Setting next_dagrun for example_external_task_marker_child to None, run_after=None
[2023-08-28T00:19:10.298+0000] {logging_mixin.py:151} INFO - [2023-08-28T00:19:10.297+0000] {dag.py:3677} INFO - Setting next_dagrun for example_external_task_marker_parent to None, run_after=None
[2023-08-28T00:19:10.324+0000] {processor.py:179} INFO - Processing /home/airflow/.local/lib/python3.8/site-packages/airflow/example_dags/example_external_task_marker_dag.py took 0.157 seconds
[2023-08-28T00:19:40.540+0000] {processor.py:157} INFO - Started process (PID=1227) to work on /home/airflow/.local/lib/python3.8/site-packages/airflow/example_dags/example_external_task_marker_dag.py
[2023-08-28T00:19:40.541+0000] {processor.py:829} INFO - Processing file /home/airflow/.local/lib/python3.8/site-packages/airflow/example_dags/example_external_task_marker_dag.py for tasks to queue
[2023-08-28T00:19:40.544+0000] {logging_mixin.py:151} INFO - [2023-08-28T00:19:40.543+0000] {dagbag.py:539} INFO - Filling up the DagBag from /home/airflow/.local/lib/python3.8/site-packages/airflow/example_dags/example_external_task_marker_dag.py
[2023-08-28T00:19:40.552+0000] {processor.py:839} INFO - DAG(s) dict_keys(['example_external_task_marker_parent', 'example_external_task_marker_child']) retrieved from /home/airflow/.local/lib/python3.8/site-packages/airflow/example_dags/example_external_task_marker_dag.py
[2023-08-28T00:19:40.628+0000] {logging_mixin.py:151} INFO - [2023-08-28T00:19:40.628+0000] {dag.py:2907} INFO - Sync 2 DAGs
[2023-08-28T00:19:40.651+0000] {logging_mixin.py:151} INFO - [2023-08-28T00:19:40.651+0000] {dag.py:3677} INFO - Setting next_dagrun for example_external_task_marker_child to None, run_after=None
[2023-08-28T00:19:40.656+0000] {logging_mixin.py:151} INFO - [2023-08-28T00:19:40.656+0000] {dag.py:3677} INFO - Setting next_dagrun for example_external_task_marker_parent to None, run_after=None
[2023-08-28T00:19:40.684+0000] {processor.py:179} INFO - Processing /home/airflow/.local/lib/python3.8/site-packages/airflow/example_dags/example_external_task_marker_dag.py took 0.147 seconds
[2023-08-28T00:20:11.858+0000] {processor.py:157} INFO - Started process (PID=1282) to work on /home/airflow/.local/lib/python3.8/site-packages/airflow/example_dags/example_external_task_marker_dag.py
[2023-08-28T00:20:11.861+0000] {processor.py:829} INFO - Processing file /home/airflow/.local/lib/python3.8/site-packages/airflow/example_dags/example_external_task_marker_dag.py for tasks to queue
[2023-08-28T00:20:11.866+0000] {logging_mixin.py:151} INFO - [2023-08-28T00:20:11.866+0000] {dagbag.py:539} INFO - Filling up the DagBag from /home/airflow/.local/lib/python3.8/site-packages/airflow/example_dags/example_external_task_marker_dag.py
[2023-08-28T00:20:11.893+0000] {processor.py:839} INFO - DAG(s) dict_keys(['example_external_task_marker_parent', 'example_external_task_marker_child']) retrieved from /home/airflow/.local/lib/python3.8/site-packages/airflow/example_dags/example_external_task_marker_dag.py
[2023-08-28T00:20:12.058+0000] {logging_mixin.py:151} INFO - [2023-08-28T00:20:12.057+0000] {dag.py:2907} INFO - Sync 2 DAGs
[2023-08-28T00:20:12.082+0000] {logging_mixin.py:151} INFO - [2023-08-28T00:20:12.082+0000] {dag.py:3677} INFO - Setting next_dagrun for example_external_task_marker_child to None, run_after=None
[2023-08-28T00:20:12.087+0000] {logging_mixin.py:151} INFO - [2023-08-28T00:20:12.087+0000] {dag.py:3677} INFO - Setting next_dagrun for example_external_task_marker_parent to None, run_after=None
[2023-08-28T00:20:12.118+0000] {processor.py:179} INFO - Processing /home/airflow/.local/lib/python3.8/site-packages/airflow/example_dags/example_external_task_marker_dag.py took 0.266 seconds
[2023-08-28T00:20:43.028+0000] {processor.py:157} INFO - Started process (PID=1337) to work on /home/airflow/.local/lib/python3.8/site-packages/airflow/example_dags/example_external_task_marker_dag.py
[2023-08-28T00:20:43.030+0000] {processor.py:829} INFO - Processing file /home/airflow/.local/lib/python3.8/site-packages/airflow/example_dags/example_external_task_marker_dag.py for tasks to queue
[2023-08-28T00:20:43.034+0000] {logging_mixin.py:151} INFO - [2023-08-28T00:20:43.034+0000] {dagbag.py:539} INFO - Filling up the DagBag from /home/airflow/.local/lib/python3.8/site-packages/airflow/example_dags/example_external_task_marker_dag.py
[2023-08-28T00:20:43.048+0000] {processor.py:839} INFO - DAG(s) dict_keys(['example_external_task_marker_parent', 'example_external_task_marker_child']) retrieved from /home/airflow/.local/lib/python3.8/site-packages/airflow/example_dags/example_external_task_marker_dag.py
[2023-08-28T00:20:43.139+0000] {logging_mixin.py:151} INFO - [2023-08-28T00:20:43.139+0000] {dag.py:2907} INFO - Sync 2 DAGs
[2023-08-28T00:20:43.166+0000] {logging_mixin.py:151} INFO - [2023-08-28T00:20:43.165+0000] {dag.py:3677} INFO - Setting next_dagrun for example_external_task_marker_child to None, run_after=None
[2023-08-28T00:20:43.172+0000] {logging_mixin.py:151} INFO - [2023-08-28T00:20:43.172+0000] {dag.py:3677} INFO - Setting next_dagrun for example_external_task_marker_parent to None, run_after=None
[2023-08-28T00:20:43.210+0000] {processor.py:179} INFO - Processing /home/airflow/.local/lib/python3.8/site-packages/airflow/example_dags/example_external_task_marker_dag.py took 0.186 seconds
[2023-08-28T00:21:13.414+0000] {processor.py:157} INFO - Started process (PID=1392) to work on /home/airflow/.local/lib/python3.8/site-packages/airflow/example_dags/example_external_task_marker_dag.py
[2023-08-28T00:21:13.415+0000] {processor.py:829} INFO - Processing file /home/airflow/.local/lib/python3.8/site-packages/airflow/example_dags/example_external_task_marker_dag.py for tasks to queue
[2023-08-28T00:21:13.418+0000] {logging_mixin.py:151} INFO - [2023-08-28T00:21:13.418+0000] {dagbag.py:539} INFO - Filling up the DagBag from /home/airflow/.local/lib/python3.8/site-packages/airflow/example_dags/example_external_task_marker_dag.py
[2023-08-28T00:21:13.429+0000] {processor.py:839} INFO - DAG(s) dict_keys(['example_external_task_marker_parent', 'example_external_task_marker_child']) retrieved from /home/airflow/.local/lib/python3.8/site-packages/airflow/example_dags/example_external_task_marker_dag.py
[2023-08-28T00:21:13.514+0000] {logging_mixin.py:151} INFO - [2023-08-28T00:21:13.513+0000] {dag.py:2907} INFO - Sync 2 DAGs
[2023-08-28T00:21:13.535+0000] {logging_mixin.py:151} INFO - [2023-08-28T00:21:13.535+0000] {dag.py:3677} INFO - Setting next_dagrun for example_external_task_marker_child to None, run_after=None
[2023-08-28T00:21:13.540+0000] {logging_mixin.py:151} INFO - [2023-08-28T00:21:13.540+0000] {dag.py:3677} INFO - Setting next_dagrun for example_external_task_marker_parent to None, run_after=None
[2023-08-28T00:21:13.571+0000] {processor.py:179} INFO - Processing /home/airflow/.local/lib/python3.8/site-packages/airflow/example_dags/example_external_task_marker_dag.py took 0.161 seconds
[2023-08-28T00:21:44.103+0000] {processor.py:157} INFO - Started process (PID=1447) to work on /home/airflow/.local/lib/python3.8/site-packages/airflow/example_dags/example_external_task_marker_dag.py
[2023-08-28T00:21:44.105+0000] {processor.py:829} INFO - Processing file /home/airflow/.local/lib/python3.8/site-packages/airflow/example_dags/example_external_task_marker_dag.py for tasks to queue
[2023-08-28T00:21:44.107+0000] {logging_mixin.py:151} INFO - [2023-08-28T00:21:44.106+0000] {dagbag.py:539} INFO - Filling up the DagBag from /home/airflow/.local/lib/python3.8/site-packages/airflow/example_dags/example_external_task_marker_dag.py
[2023-08-28T00:21:44.115+0000] {processor.py:839} INFO - DAG(s) dict_keys(['example_external_task_marker_child', 'example_external_task_marker_parent']) retrieved from /home/airflow/.local/lib/python3.8/site-packages/airflow/example_dags/example_external_task_marker_dag.py
[2023-08-28T00:21:44.195+0000] {logging_mixin.py:151} INFO - [2023-08-28T00:21:44.194+0000] {dag.py:2907} INFO - Sync 2 DAGs
[2023-08-28T00:21:44.217+0000] {logging_mixin.py:151} INFO - [2023-08-28T00:21:44.216+0000] {dag.py:3677} INFO - Setting next_dagrun for example_external_task_marker_child to None, run_after=None
[2023-08-28T00:21:44.221+0000] {logging_mixin.py:151} INFO - [2023-08-28T00:21:44.221+0000] {dag.py:3677} INFO - Setting next_dagrun for example_external_task_marker_parent to None, run_after=None
[2023-08-28T00:21:44.244+0000] {processor.py:179} INFO - Processing /home/airflow/.local/lib/python3.8/site-packages/airflow/example_dags/example_external_task_marker_dag.py took 0.144 seconds
