[2023-08-28T00:01:56.521+0000] {processor.py:157} INFO - Started process (PID=43) to work on /home/airflow/.local/lib/python3.8/site-packages/airflow/example_dags/example_local_kubernetes_executor.py
[2023-08-28T00:01:56.523+0000] {processor.py:829} INFO - Processing file /home/airflow/.local/lib/python3.8/site-packages/airflow/example_dags/example_local_kubernetes_executor.py for tasks to queue
[2023-08-28T00:01:56.525+0000] {logging_mixin.py:151} INFO - [2023-08-28T00:01:56.525+0000] {dagbag.py:539} INFO - Filling up the DagBag from /home/airflow/.local/lib/python3.8/site-packages/airflow/example_dags/example_local_kubernetes_executor.py
[2023-08-28T00:01:58.586+0000] {processor.py:839} INFO - DAG(s) dict_keys(['example_local_kubernetes_executor']) retrieved from /home/airflow/.local/lib/python3.8/site-packages/airflow/example_dags/example_local_kubernetes_executor.py
[2023-08-28T00:01:58.936+0000] {logging_mixin.py:151} INFO - [2023-08-28T00:01:58.936+0000] {manager.py:501} INFO - Created Permission View: can edit on DAG:example_local_kubernetes_executor
[2023-08-28T00:01:58.983+0000] {logging_mixin.py:151} INFO - [2023-08-28T00:01:58.981+0000] {manager.py:501} INFO - Created Permission View: can delete on DAG:example_local_kubernetes_executor
[2023-08-28T00:01:59.009+0000] {logging_mixin.py:151} INFO - [2023-08-28T00:01:59.009+0000] {manager.py:501} INFO - Created Permission View: can read on DAG:example_local_kubernetes_executor
[2023-08-28T00:01:59.161+0000] {logging_mixin.py:151} INFO - [2023-08-28T00:01:59.153+0000] {dag.py:2907} INFO - Sync 1 DAGs
[2023-08-28T00:01:59.204+0000] {logging_mixin.py:151} INFO - [2023-08-28T00:01:59.203+0000] {dag.py:2929} INFO - Creating ORM DAG for example_local_kubernetes_executor
[2023-08-28T00:01:59.207+0000] {logging_mixin.py:151} INFO - [2023-08-28T00:01:59.207+0000] {dag.py:3677} INFO - Setting next_dagrun for example_local_kubernetes_executor to None, run_after=None
[2023-08-28T00:01:59.288+0000] {processor.py:179} INFO - Processing /home/airflow/.local/lib/python3.8/site-packages/airflow/example_dags/example_local_kubernetes_executor.py took 2.771 seconds
[2023-08-28T00:02:29.517+0000] {processor.py:157} INFO - Started process (PID=100) to work on /home/airflow/.local/lib/python3.8/site-packages/airflow/example_dags/example_local_kubernetes_executor.py
[2023-08-28T00:02:29.519+0000] {processor.py:829} INFO - Processing file /home/airflow/.local/lib/python3.8/site-packages/airflow/example_dags/example_local_kubernetes_executor.py for tasks to queue
[2023-08-28T00:02:29.524+0000] {logging_mixin.py:151} INFO - [2023-08-28T00:02:29.523+0000] {dagbag.py:539} INFO - Filling up the DagBag from /home/airflow/.local/lib/python3.8/site-packages/airflow/example_dags/example_local_kubernetes_executor.py
[2023-08-28T00:02:30.029+0000] {processor.py:839} INFO - DAG(s) dict_keys(['example_local_kubernetes_executor']) retrieved from /home/airflow/.local/lib/python3.8/site-packages/airflow/example_dags/example_local_kubernetes_executor.py
[2023-08-28T00:02:30.138+0000] {logging_mixin.py:151} INFO - [2023-08-28T00:02:30.137+0000] {dag.py:2907} INFO - Sync 1 DAGs
[2023-08-28T00:02:30.158+0000] {logging_mixin.py:151} INFO - [2023-08-28T00:02:30.158+0000] {dag.py:3677} INFO - Setting next_dagrun for example_local_kubernetes_executor to None, run_after=None
[2023-08-28T00:02:30.189+0000] {processor.py:179} INFO - Processing /home/airflow/.local/lib/python3.8/site-packages/airflow/example_dags/example_local_kubernetes_executor.py took 0.679 seconds
[2023-08-28T00:03:00.597+0000] {processor.py:157} INFO - Started process (PID=156) to work on /home/airflow/.local/lib/python3.8/site-packages/airflow/example_dags/example_local_kubernetes_executor.py
[2023-08-28T00:03:00.598+0000] {processor.py:829} INFO - Processing file /home/airflow/.local/lib/python3.8/site-packages/airflow/example_dags/example_local_kubernetes_executor.py for tasks to queue
[2023-08-28T00:03:00.602+0000] {logging_mixin.py:151} INFO - [2023-08-28T00:03:00.602+0000] {dagbag.py:539} INFO - Filling up the DagBag from /home/airflow/.local/lib/python3.8/site-packages/airflow/example_dags/example_local_kubernetes_executor.py
[2023-08-28T00:03:01.019+0000] {processor.py:839} INFO - DAG(s) dict_keys(['example_local_kubernetes_executor']) retrieved from /home/airflow/.local/lib/python3.8/site-packages/airflow/example_dags/example_local_kubernetes_executor.py
[2023-08-28T00:03:01.109+0000] {logging_mixin.py:151} INFO - [2023-08-28T00:03:01.109+0000] {dag.py:2907} INFO - Sync 1 DAGs
[2023-08-28T00:03:01.130+0000] {logging_mixin.py:151} INFO - [2023-08-28T00:03:01.130+0000] {dag.py:3677} INFO - Setting next_dagrun for example_local_kubernetes_executor to None, run_after=None
[2023-08-28T00:03:01.159+0000] {processor.py:179} INFO - Processing /home/airflow/.local/lib/python3.8/site-packages/airflow/example_dags/example_local_kubernetes_executor.py took 0.566 seconds
[2023-08-28T00:03:32.216+0000] {processor.py:157} INFO - Started process (PID=210) to work on /home/airflow/.local/lib/python3.8/site-packages/airflow/example_dags/example_local_kubernetes_executor.py
[2023-08-28T00:03:32.220+0000] {processor.py:829} INFO - Processing file /home/airflow/.local/lib/python3.8/site-packages/airflow/example_dags/example_local_kubernetes_executor.py for tasks to queue
[2023-08-28T00:03:32.242+0000] {logging_mixin.py:151} INFO - [2023-08-28T00:03:32.239+0000] {dagbag.py:539} INFO - Filling up the DagBag from /home/airflow/.local/lib/python3.8/site-packages/airflow/example_dags/example_local_kubernetes_executor.py
[2023-08-28T00:03:32.948+0000] {processor.py:839} INFO - DAG(s) dict_keys(['example_local_kubernetes_executor']) retrieved from /home/airflow/.local/lib/python3.8/site-packages/airflow/example_dags/example_local_kubernetes_executor.py
[2023-08-28T00:03:33.100+0000] {logging_mixin.py:151} INFO - [2023-08-28T00:03:33.099+0000] {dag.py:2907} INFO - Sync 1 DAGs
[2023-08-28T00:03:33.131+0000] {logging_mixin.py:151} INFO - [2023-08-28T00:03:33.131+0000] {dag.py:3677} INFO - Setting next_dagrun for example_local_kubernetes_executor to None, run_after=None
[2023-08-28T00:03:33.183+0000] {processor.py:179} INFO - Processing /home/airflow/.local/lib/python3.8/site-packages/airflow/example_dags/example_local_kubernetes_executor.py took 0.974 seconds
[2023-08-28T00:04:03.763+0000] {processor.py:157} INFO - Started process (PID=265) to work on /home/airflow/.local/lib/python3.8/site-packages/airflow/example_dags/example_local_kubernetes_executor.py
[2023-08-28T00:04:03.765+0000] {processor.py:829} INFO - Processing file /home/airflow/.local/lib/python3.8/site-packages/airflow/example_dags/example_local_kubernetes_executor.py for tasks to queue
[2023-08-28T00:04:03.767+0000] {logging_mixin.py:151} INFO - [2023-08-28T00:04:03.767+0000] {dagbag.py:539} INFO - Filling up the DagBag from /home/airflow/.local/lib/python3.8/site-packages/airflow/example_dags/example_local_kubernetes_executor.py
[2023-08-28T00:04:04.098+0000] {processor.py:839} INFO - DAG(s) dict_keys(['example_local_kubernetes_executor']) retrieved from /home/airflow/.local/lib/python3.8/site-packages/airflow/example_dags/example_local_kubernetes_executor.py
[2023-08-28T00:04:04.204+0000] {logging_mixin.py:151} INFO - [2023-08-28T00:04:04.204+0000] {dag.py:2907} INFO - Sync 1 DAGs
[2023-08-28T00:04:04.239+0000] {logging_mixin.py:151} INFO - [2023-08-28T00:04:04.239+0000] {dag.py:3677} INFO - Setting next_dagrun for example_local_kubernetes_executor to None, run_after=None
[2023-08-28T00:04:04.284+0000] {processor.py:179} INFO - Processing /home/airflow/.local/lib/python3.8/site-packages/airflow/example_dags/example_local_kubernetes_executor.py took 0.524 seconds
[2023-08-28T00:04:35.139+0000] {processor.py:157} INFO - Started process (PID=321) to work on /home/airflow/.local/lib/python3.8/site-packages/airflow/example_dags/example_local_kubernetes_executor.py
[2023-08-28T00:04:35.143+0000] {processor.py:829} INFO - Processing file /home/airflow/.local/lib/python3.8/site-packages/airflow/example_dags/example_local_kubernetes_executor.py for tasks to queue
[2023-08-28T00:04:35.146+0000] {logging_mixin.py:151} INFO - [2023-08-28T00:04:35.145+0000] {dagbag.py:539} INFO - Filling up the DagBag from /home/airflow/.local/lib/python3.8/site-packages/airflow/example_dags/example_local_kubernetes_executor.py
[2023-08-28T00:04:35.465+0000] {processor.py:839} INFO - DAG(s) dict_keys(['example_local_kubernetes_executor']) retrieved from /home/airflow/.local/lib/python3.8/site-packages/airflow/example_dags/example_local_kubernetes_executor.py
[2023-08-28T00:04:35.566+0000] {logging_mixin.py:151} INFO - [2023-08-28T00:04:35.565+0000] {dag.py:2907} INFO - Sync 1 DAGs
[2023-08-28T00:04:35.598+0000] {logging_mixin.py:151} INFO - [2023-08-28T00:04:35.597+0000] {dag.py:3677} INFO - Setting next_dagrun for example_local_kubernetes_executor to None, run_after=None
[2023-08-28T00:04:35.645+0000] {processor.py:179} INFO - Processing /home/airflow/.local/lib/python3.8/site-packages/airflow/example_dags/example_local_kubernetes_executor.py took 0.509 seconds
[2023-08-28T00:05:05.760+0000] {processor.py:157} INFO - Started process (PID=378) to work on /home/airflow/.local/lib/python3.8/site-packages/airflow/example_dags/example_local_kubernetes_executor.py
[2023-08-28T00:05:05.762+0000] {processor.py:829} INFO - Processing file /home/airflow/.local/lib/python3.8/site-packages/airflow/example_dags/example_local_kubernetes_executor.py for tasks to queue
[2023-08-28T00:05:05.764+0000] {logging_mixin.py:151} INFO - [2023-08-28T00:05:05.763+0000] {dagbag.py:539} INFO - Filling up the DagBag from /home/airflow/.local/lib/python3.8/site-packages/airflow/example_dags/example_local_kubernetes_executor.py
[2023-08-28T00:05:06.076+0000] {processor.py:839} INFO - DAG(s) dict_keys(['example_local_kubernetes_executor']) retrieved from /home/airflow/.local/lib/python3.8/site-packages/airflow/example_dags/example_local_kubernetes_executor.py
[2023-08-28T00:05:06.177+0000] {logging_mixin.py:151} INFO - [2023-08-28T00:05:06.177+0000] {dag.py:2907} INFO - Sync 1 DAGs
[2023-08-28T00:05:06.196+0000] {logging_mixin.py:151} INFO - [2023-08-28T00:05:06.196+0000] {dag.py:3677} INFO - Setting next_dagrun for example_local_kubernetes_executor to None, run_after=None
[2023-08-28T00:05:06.220+0000] {processor.py:179} INFO - Processing /home/airflow/.local/lib/python3.8/site-packages/airflow/example_dags/example_local_kubernetes_executor.py took 0.462 seconds
[2023-08-28T00:08:42.597+0000] {processor.py:157} INFO - Started process (PID=45) to work on /home/airflow/.local/lib/python3.8/site-packages/airflow/example_dags/example_local_kubernetes_executor.py
[2023-08-28T00:08:42.604+0000] {processor.py:829} INFO - Processing file /home/airflow/.local/lib/python3.8/site-packages/airflow/example_dags/example_local_kubernetes_executor.py for tasks to queue
[2023-08-28T00:08:42.636+0000] {logging_mixin.py:151} INFO - [2023-08-28T00:08:42.618+0000] {dagbag.py:539} INFO - Filling up the DagBag from /home/airflow/.local/lib/python3.8/site-packages/airflow/example_dags/example_local_kubernetes_executor.py
[2023-08-28T00:08:44.944+0000] {processor.py:839} INFO - DAG(s) dict_keys(['example_local_kubernetes_executor']) retrieved from /home/airflow/.local/lib/python3.8/site-packages/airflow/example_dags/example_local_kubernetes_executor.py
[2023-08-28T00:08:45.598+0000] {logging_mixin.py:151} INFO - [2023-08-28T00:08:45.594+0000] {dag.py:2907} INFO - Sync 1 DAGs
[2023-08-28T00:08:45.860+0000] {logging_mixin.py:151} INFO - [2023-08-28T00:08:45.859+0000] {dag.py:3677} INFO - Setting next_dagrun for example_local_kubernetes_executor to None, run_after=None
[2023-08-28T00:08:46.002+0000] {processor.py:179} INFO - Processing /home/airflow/.local/lib/python3.8/site-packages/airflow/example_dags/example_local_kubernetes_executor.py took 3.438 seconds
[2023-08-28T00:09:16.511+0000] {processor.py:157} INFO - Started process (PID=108) to work on /home/airflow/.local/lib/python3.8/site-packages/airflow/example_dags/example_local_kubernetes_executor.py
[2023-08-28T00:09:16.514+0000] {processor.py:829} INFO - Processing file /home/airflow/.local/lib/python3.8/site-packages/airflow/example_dags/example_local_kubernetes_executor.py for tasks to queue
[2023-08-28T00:09:16.518+0000] {logging_mixin.py:151} INFO - [2023-08-28T00:09:16.517+0000] {dagbag.py:539} INFO - Filling up the DagBag from /home/airflow/.local/lib/python3.8/site-packages/airflow/example_dags/example_local_kubernetes_executor.py
[2023-08-28T00:09:16.981+0000] {processor.py:839} INFO - DAG(s) dict_keys(['example_local_kubernetes_executor']) retrieved from /home/airflow/.local/lib/python3.8/site-packages/airflow/example_dags/example_local_kubernetes_executor.py
[2023-08-28T00:09:17.075+0000] {logging_mixin.py:151} INFO - [2023-08-28T00:09:17.074+0000] {dag.py:2907} INFO - Sync 1 DAGs
[2023-08-28T00:09:17.091+0000] {logging_mixin.py:151} INFO - [2023-08-28T00:09:17.091+0000] {dag.py:3677} INFO - Setting next_dagrun for example_local_kubernetes_executor to None, run_after=None
[2023-08-28T00:09:17.117+0000] {processor.py:179} INFO - Processing /home/airflow/.local/lib/python3.8/site-packages/airflow/example_dags/example_local_kubernetes_executor.py took 0.611 seconds
[2023-08-28T00:09:47.303+0000] {processor.py:157} INFO - Started process (PID=164) to work on /home/airflow/.local/lib/python3.8/site-packages/airflow/example_dags/example_local_kubernetes_executor.py
[2023-08-28T00:09:47.305+0000] {processor.py:829} INFO - Processing file /home/airflow/.local/lib/python3.8/site-packages/airflow/example_dags/example_local_kubernetes_executor.py for tasks to queue
[2023-08-28T00:09:47.310+0000] {logging_mixin.py:151} INFO - [2023-08-28T00:09:47.310+0000] {dagbag.py:539} INFO - Filling up the DagBag from /home/airflow/.local/lib/python3.8/site-packages/airflow/example_dags/example_local_kubernetes_executor.py
[2023-08-28T00:09:47.749+0000] {processor.py:839} INFO - DAG(s) dict_keys(['example_local_kubernetes_executor']) retrieved from /home/airflow/.local/lib/python3.8/site-packages/airflow/example_dags/example_local_kubernetes_executor.py
[2023-08-28T00:09:47.835+0000] {logging_mixin.py:151} INFO - [2023-08-28T00:09:47.834+0000] {dag.py:2907} INFO - Sync 1 DAGs
[2023-08-28T00:09:47.852+0000] {logging_mixin.py:151} INFO - [2023-08-28T00:09:47.851+0000] {dag.py:3677} INFO - Setting next_dagrun for example_local_kubernetes_executor to None, run_after=None
[2023-08-28T00:09:47.876+0000] {processor.py:179} INFO - Processing /home/airflow/.local/lib/python3.8/site-packages/airflow/example_dags/example_local_kubernetes_executor.py took 0.580 seconds
[2023-08-28T00:10:18.630+0000] {processor.py:157} INFO - Started process (PID=219) to work on /home/airflow/.local/lib/python3.8/site-packages/airflow/example_dags/example_local_kubernetes_executor.py
[2023-08-28T00:10:18.632+0000] {processor.py:829} INFO - Processing file /home/airflow/.local/lib/python3.8/site-packages/airflow/example_dags/example_local_kubernetes_executor.py for tasks to queue
[2023-08-28T00:10:18.637+0000] {logging_mixin.py:151} INFO - [2023-08-28T00:10:18.636+0000] {dagbag.py:539} INFO - Filling up the DagBag from /home/airflow/.local/lib/python3.8/site-packages/airflow/example_dags/example_local_kubernetes_executor.py
[2023-08-28T00:10:18.969+0000] {processor.py:839} INFO - DAG(s) dict_keys(['example_local_kubernetes_executor']) retrieved from /home/airflow/.local/lib/python3.8/site-packages/airflow/example_dags/example_local_kubernetes_executor.py
[2023-08-28T00:10:19.063+0000] {logging_mixin.py:151} INFO - [2023-08-28T00:10:19.062+0000] {dag.py:2907} INFO - Sync 1 DAGs
[2023-08-28T00:10:19.082+0000] {logging_mixin.py:151} INFO - [2023-08-28T00:10:19.081+0000] {dag.py:3677} INFO - Setting next_dagrun for example_local_kubernetes_executor to None, run_after=None
[2023-08-28T00:10:19.107+0000] {processor.py:179} INFO - Processing /home/airflow/.local/lib/python3.8/site-packages/airflow/example_dags/example_local_kubernetes_executor.py took 0.481 seconds
[2023-08-28T00:10:49.259+0000] {processor.py:157} INFO - Started process (PID=274) to work on /home/airflow/.local/lib/python3.8/site-packages/airflow/example_dags/example_local_kubernetes_executor.py
[2023-08-28T00:10:49.261+0000] {processor.py:829} INFO - Processing file /home/airflow/.local/lib/python3.8/site-packages/airflow/example_dags/example_local_kubernetes_executor.py for tasks to queue
[2023-08-28T00:10:49.267+0000] {logging_mixin.py:151} INFO - [2023-08-28T00:10:49.267+0000] {dagbag.py:539} INFO - Filling up the DagBag from /home/airflow/.local/lib/python3.8/site-packages/airflow/example_dags/example_local_kubernetes_executor.py
[2023-08-28T00:10:49.685+0000] {processor.py:839} INFO - DAG(s) dict_keys(['example_local_kubernetes_executor']) retrieved from /home/airflow/.local/lib/python3.8/site-packages/airflow/example_dags/example_local_kubernetes_executor.py
[2023-08-28T00:10:49.806+0000] {logging_mixin.py:151} INFO - [2023-08-28T00:10:49.805+0000] {dag.py:2907} INFO - Sync 1 DAGs
[2023-08-28T00:10:49.828+0000] {logging_mixin.py:151} INFO - [2023-08-28T00:10:49.828+0000] {dag.py:3677} INFO - Setting next_dagrun for example_local_kubernetes_executor to None, run_after=None
[2023-08-28T00:10:49.868+0000] {processor.py:179} INFO - Processing /home/airflow/.local/lib/python3.8/site-packages/airflow/example_dags/example_local_kubernetes_executor.py took 0.615 seconds
[2023-08-28T00:11:20.121+0000] {processor.py:157} INFO - Started process (PID=328) to work on /home/airflow/.local/lib/python3.8/site-packages/airflow/example_dags/example_local_kubernetes_executor.py
[2023-08-28T00:11:20.122+0000] {processor.py:829} INFO - Processing file /home/airflow/.local/lib/python3.8/site-packages/airflow/example_dags/example_local_kubernetes_executor.py for tasks to queue
[2023-08-28T00:11:20.125+0000] {logging_mixin.py:151} INFO - [2023-08-28T00:11:20.125+0000] {dagbag.py:539} INFO - Filling up the DagBag from /home/airflow/.local/lib/python3.8/site-packages/airflow/example_dags/example_local_kubernetes_executor.py
[2023-08-28T00:11:20.439+0000] {processor.py:839} INFO - DAG(s) dict_keys(['example_local_kubernetes_executor']) retrieved from /home/airflow/.local/lib/python3.8/site-packages/airflow/example_dags/example_local_kubernetes_executor.py
[2023-08-28T00:11:20.526+0000] {logging_mixin.py:151} INFO - [2023-08-28T00:11:20.526+0000] {dag.py:2907} INFO - Sync 1 DAGs
[2023-08-28T00:11:20.545+0000] {logging_mixin.py:151} INFO - [2023-08-28T00:11:20.544+0000] {dag.py:3677} INFO - Setting next_dagrun for example_local_kubernetes_executor to None, run_after=None
[2023-08-28T00:11:20.571+0000] {processor.py:179} INFO - Processing /home/airflow/.local/lib/python3.8/site-packages/airflow/example_dags/example_local_kubernetes_executor.py took 0.454 seconds
[2023-08-28T00:11:50.805+0000] {processor.py:157} INFO - Started process (PID=382) to work on /home/airflow/.local/lib/python3.8/site-packages/airflow/example_dags/example_local_kubernetes_executor.py
[2023-08-28T00:11:50.807+0000] {processor.py:829} INFO - Processing file /home/airflow/.local/lib/python3.8/site-packages/airflow/example_dags/example_local_kubernetes_executor.py for tasks to queue
[2023-08-28T00:11:50.811+0000] {logging_mixin.py:151} INFO - [2023-08-28T00:11:50.810+0000] {dagbag.py:539} INFO - Filling up the DagBag from /home/airflow/.local/lib/python3.8/site-packages/airflow/example_dags/example_local_kubernetes_executor.py
[2023-08-28T00:11:51.115+0000] {processor.py:839} INFO - DAG(s) dict_keys(['example_local_kubernetes_executor']) retrieved from /home/airflow/.local/lib/python3.8/site-packages/airflow/example_dags/example_local_kubernetes_executor.py
[2023-08-28T00:11:51.207+0000] {logging_mixin.py:151} INFO - [2023-08-28T00:11:51.206+0000] {dag.py:2907} INFO - Sync 1 DAGs
[2023-08-28T00:11:51.226+0000] {logging_mixin.py:151} INFO - [2023-08-28T00:11:51.226+0000] {dag.py:3677} INFO - Setting next_dagrun for example_local_kubernetes_executor to None, run_after=None
[2023-08-28T00:11:51.261+0000] {processor.py:179} INFO - Processing /home/airflow/.local/lib/python3.8/site-packages/airflow/example_dags/example_local_kubernetes_executor.py took 0.460 seconds
[2023-08-28T00:12:21.479+0000] {processor.py:157} INFO - Started process (PID=438) to work on /home/airflow/.local/lib/python3.8/site-packages/airflow/example_dags/example_local_kubernetes_executor.py
[2023-08-28T00:12:21.483+0000] {processor.py:829} INFO - Processing file /home/airflow/.local/lib/python3.8/site-packages/airflow/example_dags/example_local_kubernetes_executor.py for tasks to queue
[2023-08-28T00:12:21.488+0000] {logging_mixin.py:151} INFO - [2023-08-28T00:12:21.487+0000] {dagbag.py:539} INFO - Filling up the DagBag from /home/airflow/.local/lib/python3.8/site-packages/airflow/example_dags/example_local_kubernetes_executor.py
[2023-08-28T00:12:21.897+0000] {processor.py:839} INFO - DAG(s) dict_keys(['example_local_kubernetes_executor']) retrieved from /home/airflow/.local/lib/python3.8/site-packages/airflow/example_dags/example_local_kubernetes_executor.py
[2023-08-28T00:12:22.029+0000] {logging_mixin.py:151} INFO - [2023-08-28T00:12:22.028+0000] {dag.py:2907} INFO - Sync 1 DAGs
[2023-08-28T00:12:22.051+0000] {logging_mixin.py:151} INFO - [2023-08-28T00:12:22.051+0000] {dag.py:3677} INFO - Setting next_dagrun for example_local_kubernetes_executor to None, run_after=None
[2023-08-28T00:12:22.086+0000] {processor.py:179} INFO - Processing /home/airflow/.local/lib/python3.8/site-packages/airflow/example_dags/example_local_kubernetes_executor.py took 0.613 seconds
[2023-08-28T00:12:52.160+0000] {processor.py:157} INFO - Started process (PID=494) to work on /home/airflow/.local/lib/python3.8/site-packages/airflow/example_dags/example_local_kubernetes_executor.py
[2023-08-28T00:12:52.163+0000] {processor.py:829} INFO - Processing file /home/airflow/.local/lib/python3.8/site-packages/airflow/example_dags/example_local_kubernetes_executor.py for tasks to queue
[2023-08-28T00:12:52.166+0000] {logging_mixin.py:151} INFO - [2023-08-28T00:12:52.165+0000] {dagbag.py:539} INFO - Filling up the DagBag from /home/airflow/.local/lib/python3.8/site-packages/airflow/example_dags/example_local_kubernetes_executor.py
[2023-08-28T00:12:52.520+0000] {processor.py:839} INFO - DAG(s) dict_keys(['example_local_kubernetes_executor']) retrieved from /home/airflow/.local/lib/python3.8/site-packages/airflow/example_dags/example_local_kubernetes_executor.py
[2023-08-28T00:12:52.630+0000] {logging_mixin.py:151} INFO - [2023-08-28T00:12:52.629+0000] {dag.py:2907} INFO - Sync 1 DAGs
[2023-08-28T00:12:52.651+0000] {logging_mixin.py:151} INFO - [2023-08-28T00:12:52.650+0000] {dag.py:3677} INFO - Setting next_dagrun for example_local_kubernetes_executor to None, run_after=None
[2023-08-28T00:12:52.674+0000] {processor.py:179} INFO - Processing /home/airflow/.local/lib/python3.8/site-packages/airflow/example_dags/example_local_kubernetes_executor.py took 0.518 seconds
[2023-08-28T00:13:23.123+0000] {processor.py:157} INFO - Started process (PID=548) to work on /home/airflow/.local/lib/python3.8/site-packages/airflow/example_dags/example_local_kubernetes_executor.py
[2023-08-28T00:13:23.128+0000] {processor.py:829} INFO - Processing file /home/airflow/.local/lib/python3.8/site-packages/airflow/example_dags/example_local_kubernetes_executor.py for tasks to queue
[2023-08-28T00:13:23.134+0000] {logging_mixin.py:151} INFO - [2023-08-28T00:13:23.132+0000] {dagbag.py:539} INFO - Filling up the DagBag from /home/airflow/.local/lib/python3.8/site-packages/airflow/example_dags/example_local_kubernetes_executor.py
[2023-08-28T00:13:23.507+0000] {processor.py:839} INFO - DAG(s) dict_keys(['example_local_kubernetes_executor']) retrieved from /home/airflow/.local/lib/python3.8/site-packages/airflow/example_dags/example_local_kubernetes_executor.py
[2023-08-28T00:13:23.601+0000] {logging_mixin.py:151} INFO - [2023-08-28T00:13:23.600+0000] {dag.py:2907} INFO - Sync 1 DAGs
[2023-08-28T00:13:23.621+0000] {logging_mixin.py:151} INFO - [2023-08-28T00:13:23.621+0000] {dag.py:3677} INFO - Setting next_dagrun for example_local_kubernetes_executor to None, run_after=None
[2023-08-28T00:13:23.648+0000] {processor.py:179} INFO - Processing /home/airflow/.local/lib/python3.8/site-packages/airflow/example_dags/example_local_kubernetes_executor.py took 0.531 seconds
[2023-08-28T00:13:53.837+0000] {processor.py:157} INFO - Started process (PID=604) to work on /home/airflow/.local/lib/python3.8/site-packages/airflow/example_dags/example_local_kubernetes_executor.py
[2023-08-28T00:13:53.839+0000] {processor.py:829} INFO - Processing file /home/airflow/.local/lib/python3.8/site-packages/airflow/example_dags/example_local_kubernetes_executor.py for tasks to queue
[2023-08-28T00:13:53.842+0000] {logging_mixin.py:151} INFO - [2023-08-28T00:13:53.842+0000] {dagbag.py:539} INFO - Filling up the DagBag from /home/airflow/.local/lib/python3.8/site-packages/airflow/example_dags/example_local_kubernetes_executor.py
[2023-08-28T00:13:54.162+0000] {processor.py:839} INFO - DAG(s) dict_keys(['example_local_kubernetes_executor']) retrieved from /home/airflow/.local/lib/python3.8/site-packages/airflow/example_dags/example_local_kubernetes_executor.py
[2023-08-28T00:13:54.247+0000] {logging_mixin.py:151} INFO - [2023-08-28T00:13:54.246+0000] {dag.py:2907} INFO - Sync 1 DAGs
[2023-08-28T00:13:54.263+0000] {logging_mixin.py:151} INFO - [2023-08-28T00:13:54.263+0000] {dag.py:3677} INFO - Setting next_dagrun for example_local_kubernetes_executor to None, run_after=None
[2023-08-28T00:13:54.287+0000] {processor.py:179} INFO - Processing /home/airflow/.local/lib/python3.8/site-packages/airflow/example_dags/example_local_kubernetes_executor.py took 0.455 seconds
[2023-08-28T00:14:24.810+0000] {processor.py:157} INFO - Started process (PID=658) to work on /home/airflow/.local/lib/python3.8/site-packages/airflow/example_dags/example_local_kubernetes_executor.py
[2023-08-28T00:14:24.813+0000] {processor.py:829} INFO - Processing file /home/airflow/.local/lib/python3.8/site-packages/airflow/example_dags/example_local_kubernetes_executor.py for tasks to queue
[2023-08-28T00:14:24.838+0000] {logging_mixin.py:151} INFO - [2023-08-28T00:14:24.834+0000] {dagbag.py:539} INFO - Filling up the DagBag from /home/airflow/.local/lib/python3.8/site-packages/airflow/example_dags/example_local_kubernetes_executor.py
[2023-08-28T00:14:25.497+0000] {processor.py:839} INFO - DAG(s) dict_keys(['example_local_kubernetes_executor']) retrieved from /home/airflow/.local/lib/python3.8/site-packages/airflow/example_dags/example_local_kubernetes_executor.py
[2023-08-28T00:14:25.632+0000] {logging_mixin.py:151} INFO - [2023-08-28T00:14:25.631+0000] {dag.py:2907} INFO - Sync 1 DAGs
[2023-08-28T00:14:25.666+0000] {logging_mixin.py:151} INFO - [2023-08-28T00:14:25.666+0000] {dag.py:3677} INFO - Setting next_dagrun for example_local_kubernetes_executor to None, run_after=None
[2023-08-28T00:14:25.705+0000] {processor.py:179} INFO - Processing /home/airflow/.local/lib/python3.8/site-packages/airflow/example_dags/example_local_kubernetes_executor.py took 0.907 seconds
[2023-08-28T00:14:56.045+0000] {processor.py:157} INFO - Started process (PID=713) to work on /home/airflow/.local/lib/python3.8/site-packages/airflow/example_dags/example_local_kubernetes_executor.py
[2023-08-28T00:14:56.047+0000] {processor.py:829} INFO - Processing file /home/airflow/.local/lib/python3.8/site-packages/airflow/example_dags/example_local_kubernetes_executor.py for tasks to queue
[2023-08-28T00:14:56.049+0000] {logging_mixin.py:151} INFO - [2023-08-28T00:14:56.049+0000] {dagbag.py:539} INFO - Filling up the DagBag from /home/airflow/.local/lib/python3.8/site-packages/airflow/example_dags/example_local_kubernetes_executor.py
[2023-08-28T00:14:56.343+0000] {processor.py:839} INFO - DAG(s) dict_keys(['example_local_kubernetes_executor']) retrieved from /home/airflow/.local/lib/python3.8/site-packages/airflow/example_dags/example_local_kubernetes_executor.py
[2023-08-28T00:14:56.437+0000] {logging_mixin.py:151} INFO - [2023-08-28T00:14:56.437+0000] {dag.py:2907} INFO - Sync 1 DAGs
[2023-08-28T00:14:56.454+0000] {logging_mixin.py:151} INFO - [2023-08-28T00:14:56.454+0000] {dag.py:3677} INFO - Setting next_dagrun for example_local_kubernetes_executor to None, run_after=None
[2023-08-28T00:14:56.478+0000] {processor.py:179} INFO - Processing /home/airflow/.local/lib/python3.8/site-packages/airflow/example_dags/example_local_kubernetes_executor.py took 0.437 seconds
[2023-08-28T00:15:26.770+0000] {processor.py:157} INFO - Started process (PID=768) to work on /home/airflow/.local/lib/python3.8/site-packages/airflow/example_dags/example_local_kubernetes_executor.py
[2023-08-28T00:15:26.772+0000] {processor.py:829} INFO - Processing file /home/airflow/.local/lib/python3.8/site-packages/airflow/example_dags/example_local_kubernetes_executor.py for tasks to queue
[2023-08-28T00:15:26.776+0000] {logging_mixin.py:151} INFO - [2023-08-28T00:15:26.776+0000] {dagbag.py:539} INFO - Filling up the DagBag from /home/airflow/.local/lib/python3.8/site-packages/airflow/example_dags/example_local_kubernetes_executor.py
[2023-08-28T00:15:27.132+0000] {processor.py:839} INFO - DAG(s) dict_keys(['example_local_kubernetes_executor']) retrieved from /home/airflow/.local/lib/python3.8/site-packages/airflow/example_dags/example_local_kubernetes_executor.py
[2023-08-28T00:15:27.228+0000] {logging_mixin.py:151} INFO - [2023-08-28T00:15:27.227+0000] {dag.py:2907} INFO - Sync 1 DAGs
[2023-08-28T00:15:27.247+0000] {logging_mixin.py:151} INFO - [2023-08-28T00:15:27.246+0000] {dag.py:3677} INFO - Setting next_dagrun for example_local_kubernetes_executor to None, run_after=None
[2023-08-28T00:15:27.270+0000] {processor.py:179} INFO - Processing /home/airflow/.local/lib/python3.8/site-packages/airflow/example_dags/example_local_kubernetes_executor.py took 0.503 seconds
[2023-08-28T00:15:57.752+0000] {processor.py:157} INFO - Started process (PID=823) to work on /home/airflow/.local/lib/python3.8/site-packages/airflow/example_dags/example_local_kubernetes_executor.py
[2023-08-28T00:15:57.754+0000] {processor.py:829} INFO - Processing file /home/airflow/.local/lib/python3.8/site-packages/airflow/example_dags/example_local_kubernetes_executor.py for tasks to queue
[2023-08-28T00:15:57.761+0000] {logging_mixin.py:151} INFO - [2023-08-28T00:15:57.760+0000] {dagbag.py:539} INFO - Filling up the DagBag from /home/airflow/.local/lib/python3.8/site-packages/airflow/example_dags/example_local_kubernetes_executor.py
[2023-08-28T00:15:58.074+0000] {processor.py:839} INFO - DAG(s) dict_keys(['example_local_kubernetes_executor']) retrieved from /home/airflow/.local/lib/python3.8/site-packages/airflow/example_dags/example_local_kubernetes_executor.py
[2023-08-28T00:15:58.166+0000] {logging_mixin.py:151} INFO - [2023-08-28T00:15:58.166+0000] {dag.py:2907} INFO - Sync 1 DAGs
[2023-08-28T00:15:58.182+0000] {logging_mixin.py:151} INFO - [2023-08-28T00:15:58.182+0000] {dag.py:3677} INFO - Setting next_dagrun for example_local_kubernetes_executor to None, run_after=None
[2023-08-28T00:15:58.206+0000] {processor.py:179} INFO - Processing /home/airflow/.local/lib/python3.8/site-packages/airflow/example_dags/example_local_kubernetes_executor.py took 0.460 seconds
[2023-08-28T00:16:28.341+0000] {processor.py:157} INFO - Started process (PID=878) to work on /home/airflow/.local/lib/python3.8/site-packages/airflow/example_dags/example_local_kubernetes_executor.py
[2023-08-28T00:16:28.343+0000] {processor.py:829} INFO - Processing file /home/airflow/.local/lib/python3.8/site-packages/airflow/example_dags/example_local_kubernetes_executor.py for tasks to queue
[2023-08-28T00:16:28.345+0000] {logging_mixin.py:151} INFO - [2023-08-28T00:16:28.345+0000] {dagbag.py:539} INFO - Filling up the DagBag from /home/airflow/.local/lib/python3.8/site-packages/airflow/example_dags/example_local_kubernetes_executor.py
[2023-08-28T00:16:28.650+0000] {processor.py:839} INFO - DAG(s) dict_keys(['example_local_kubernetes_executor']) retrieved from /home/airflow/.local/lib/python3.8/site-packages/airflow/example_dags/example_local_kubernetes_executor.py
[2023-08-28T00:16:28.760+0000] {logging_mixin.py:151} INFO - [2023-08-28T00:16:28.759+0000] {dag.py:2907} INFO - Sync 1 DAGs
[2023-08-28T00:16:28.777+0000] {logging_mixin.py:151} INFO - [2023-08-28T00:16:28.777+0000] {dag.py:3677} INFO - Setting next_dagrun for example_local_kubernetes_executor to None, run_after=None
[2023-08-28T00:16:28.801+0000] {processor.py:179} INFO - Processing /home/airflow/.local/lib/python3.8/site-packages/airflow/example_dags/example_local_kubernetes_executor.py took 0.464 seconds
[2023-08-28T00:16:58.989+0000] {processor.py:157} INFO - Started process (PID=935) to work on /home/airflow/.local/lib/python3.8/site-packages/airflow/example_dags/example_local_kubernetes_executor.py
[2023-08-28T00:16:58.991+0000] {processor.py:829} INFO - Processing file /home/airflow/.local/lib/python3.8/site-packages/airflow/example_dags/example_local_kubernetes_executor.py for tasks to queue
[2023-08-28T00:16:58.993+0000] {logging_mixin.py:151} INFO - [2023-08-28T00:16:58.992+0000] {dagbag.py:539} INFO - Filling up the DagBag from /home/airflow/.local/lib/python3.8/site-packages/airflow/example_dags/example_local_kubernetes_executor.py
[2023-08-28T00:16:59.261+0000] {processor.py:839} INFO - DAG(s) dict_keys(['example_local_kubernetes_executor']) retrieved from /home/airflow/.local/lib/python3.8/site-packages/airflow/example_dags/example_local_kubernetes_executor.py
[2023-08-28T00:16:59.348+0000] {logging_mixin.py:151} INFO - [2023-08-28T00:16:59.346+0000] {dag.py:2907} INFO - Sync 1 DAGs
[2023-08-28T00:16:59.367+0000] {logging_mixin.py:151} INFO - [2023-08-28T00:16:59.367+0000] {dag.py:3677} INFO - Setting next_dagrun for example_local_kubernetes_executor to None, run_after=None
[2023-08-28T00:16:59.391+0000] {processor.py:179} INFO - Processing /home/airflow/.local/lib/python3.8/site-packages/airflow/example_dags/example_local_kubernetes_executor.py took 0.405 seconds
[2023-08-28T00:17:30.313+0000] {processor.py:157} INFO - Started process (PID=990) to work on /home/airflow/.local/lib/python3.8/site-packages/airflow/example_dags/example_local_kubernetes_executor.py
[2023-08-28T00:17:30.315+0000] {processor.py:829} INFO - Processing file /home/airflow/.local/lib/python3.8/site-packages/airflow/example_dags/example_local_kubernetes_executor.py for tasks to queue
[2023-08-28T00:17:30.318+0000] {logging_mixin.py:151} INFO - [2023-08-28T00:17:30.317+0000] {dagbag.py:539} INFO - Filling up the DagBag from /home/airflow/.local/lib/python3.8/site-packages/airflow/example_dags/example_local_kubernetes_executor.py
[2023-08-28T00:17:30.693+0000] {processor.py:839} INFO - DAG(s) dict_keys(['example_local_kubernetes_executor']) retrieved from /home/airflow/.local/lib/python3.8/site-packages/airflow/example_dags/example_local_kubernetes_executor.py
[2023-08-28T00:17:30.808+0000] {logging_mixin.py:151} INFO - [2023-08-28T00:17:30.807+0000] {dag.py:2907} INFO - Sync 1 DAGs
[2023-08-28T00:17:30.831+0000] {logging_mixin.py:151} INFO - [2023-08-28T00:17:30.831+0000] {dag.py:3677} INFO - Setting next_dagrun for example_local_kubernetes_executor to None, run_after=None
[2023-08-28T00:17:30.861+0000] {processor.py:179} INFO - Processing /home/airflow/.local/lib/python3.8/site-packages/airflow/example_dags/example_local_kubernetes_executor.py took 0.552 seconds
[2023-08-28T00:18:05.391+0000] {processor.py:157} INFO - Started process (PID=1045) to work on /home/airflow/.local/lib/python3.8/site-packages/airflow/example_dags/example_local_kubernetes_executor.py
[2023-08-28T00:18:05.392+0000] {processor.py:829} INFO - Processing file /home/airflow/.local/lib/python3.8/site-packages/airflow/example_dags/example_local_kubernetes_executor.py for tasks to queue
[2023-08-28T00:18:05.394+0000] {logging_mixin.py:151} INFO - [2023-08-28T00:18:05.394+0000] {dagbag.py:539} INFO - Filling up the DagBag from /home/airflow/.local/lib/python3.8/site-packages/airflow/example_dags/example_local_kubernetes_executor.py
[2023-08-28T00:18:05.799+0000] {processor.py:839} INFO - DAG(s) dict_keys(['example_local_kubernetes_executor']) retrieved from /home/airflow/.local/lib/python3.8/site-packages/airflow/example_dags/example_local_kubernetes_executor.py
[2023-08-28T00:18:05.946+0000] {logging_mixin.py:151} INFO - [2023-08-28T00:18:05.946+0000] {dag.py:2907} INFO - Sync 1 DAGs
[2023-08-28T00:18:05.978+0000] {logging_mixin.py:151} INFO - [2023-08-28T00:18:05.976+0000] {dag.py:3677} INFO - Setting next_dagrun for example_local_kubernetes_executor to None, run_after=None
[2023-08-28T00:18:06.010+0000] {processor.py:179} INFO - Processing /home/airflow/.local/lib/python3.8/site-packages/airflow/example_dags/example_local_kubernetes_executor.py took 0.622 seconds
[2023-08-28T00:18:36.774+0000] {processor.py:157} INFO - Started process (PID=1099) to work on /home/airflow/.local/lib/python3.8/site-packages/airflow/example_dags/example_local_kubernetes_executor.py
[2023-08-28T00:18:36.776+0000] {processor.py:829} INFO - Processing file /home/airflow/.local/lib/python3.8/site-packages/airflow/example_dags/example_local_kubernetes_executor.py for tasks to queue
[2023-08-28T00:18:36.781+0000] {logging_mixin.py:151} INFO - [2023-08-28T00:18:36.780+0000] {dagbag.py:539} INFO - Filling up the DagBag from /home/airflow/.local/lib/python3.8/site-packages/airflow/example_dags/example_local_kubernetes_executor.py
[2023-08-28T00:18:37.106+0000] {processor.py:839} INFO - DAG(s) dict_keys(['example_local_kubernetes_executor']) retrieved from /home/airflow/.local/lib/python3.8/site-packages/airflow/example_dags/example_local_kubernetes_executor.py
[2023-08-28T00:18:37.206+0000] {logging_mixin.py:151} INFO - [2023-08-28T00:18:37.205+0000] {dag.py:2907} INFO - Sync 1 DAGs
[2023-08-28T00:18:37.226+0000] {logging_mixin.py:151} INFO - [2023-08-28T00:18:37.226+0000] {dag.py:3677} INFO - Setting next_dagrun for example_local_kubernetes_executor to None, run_after=None
[2023-08-28T00:18:37.253+0000] {processor.py:179} INFO - Processing /home/airflow/.local/lib/python3.8/site-packages/airflow/example_dags/example_local_kubernetes_executor.py took 0.486 seconds
[2023-08-28T00:19:07.457+0000] {processor.py:157} INFO - Started process (PID=1155) to work on /home/airflow/.local/lib/python3.8/site-packages/airflow/example_dags/example_local_kubernetes_executor.py
[2023-08-28T00:19:07.460+0000] {processor.py:829} INFO - Processing file /home/airflow/.local/lib/python3.8/site-packages/airflow/example_dags/example_local_kubernetes_executor.py for tasks to queue
[2023-08-28T00:19:07.465+0000] {logging_mixin.py:151} INFO - [2023-08-28T00:19:07.464+0000] {dagbag.py:539} INFO - Filling up the DagBag from /home/airflow/.local/lib/python3.8/site-packages/airflow/example_dags/example_local_kubernetes_executor.py
[2023-08-28T00:19:08.081+0000] {processor.py:839} INFO - DAG(s) dict_keys(['example_local_kubernetes_executor']) retrieved from /home/airflow/.local/lib/python3.8/site-packages/airflow/example_dags/example_local_kubernetes_executor.py
[2023-08-28T00:19:08.268+0000] {logging_mixin.py:151} INFO - [2023-08-28T00:19:08.267+0000] {dag.py:2907} INFO - Sync 1 DAGs
[2023-08-28T00:19:08.298+0000] {logging_mixin.py:151} INFO - [2023-08-28T00:19:08.298+0000] {dag.py:3677} INFO - Setting next_dagrun for example_local_kubernetes_executor to None, run_after=None
[2023-08-28T00:19:08.330+0000] {processor.py:179} INFO - Processing /home/airflow/.local/lib/python3.8/site-packages/airflow/example_dags/example_local_kubernetes_executor.py took 0.879 seconds
[2023-08-28T00:19:38.450+0000] {processor.py:157} INFO - Started process (PID=1212) to work on /home/airflow/.local/lib/python3.8/site-packages/airflow/example_dags/example_local_kubernetes_executor.py
[2023-08-28T00:19:38.452+0000] {processor.py:829} INFO - Processing file /home/airflow/.local/lib/python3.8/site-packages/airflow/example_dags/example_local_kubernetes_executor.py for tasks to queue
[2023-08-28T00:19:38.454+0000] {logging_mixin.py:151} INFO - [2023-08-28T00:19:38.454+0000] {dagbag.py:539} INFO - Filling up the DagBag from /home/airflow/.local/lib/python3.8/site-packages/airflow/example_dags/example_local_kubernetes_executor.py
[2023-08-28T00:19:38.752+0000] {processor.py:839} INFO - DAG(s) dict_keys(['example_local_kubernetes_executor']) retrieved from /home/airflow/.local/lib/python3.8/site-packages/airflow/example_dags/example_local_kubernetes_executor.py
[2023-08-28T00:19:38.840+0000] {logging_mixin.py:151} INFO - [2023-08-28T00:19:38.840+0000] {dag.py:2907} INFO - Sync 1 DAGs
[2023-08-28T00:19:38.857+0000] {logging_mixin.py:151} INFO - [2023-08-28T00:19:38.857+0000] {dag.py:3677} INFO - Setting next_dagrun for example_local_kubernetes_executor to None, run_after=None
[2023-08-28T00:19:38.884+0000] {processor.py:179} INFO - Processing /home/airflow/.local/lib/python3.8/site-packages/airflow/example_dags/example_local_kubernetes_executor.py took 0.437 seconds
[2023-08-28T00:20:09.051+0000] {processor.py:157} INFO - Started process (PID=1264) to work on /home/airflow/.local/lib/python3.8/site-packages/airflow/example_dags/example_local_kubernetes_executor.py
[2023-08-28T00:20:09.053+0000] {processor.py:829} INFO - Processing file /home/airflow/.local/lib/python3.8/site-packages/airflow/example_dags/example_local_kubernetes_executor.py for tasks to queue
[2023-08-28T00:20:09.056+0000] {logging_mixin.py:151} INFO - [2023-08-28T00:20:09.055+0000] {dagbag.py:539} INFO - Filling up the DagBag from /home/airflow/.local/lib/python3.8/site-packages/airflow/example_dags/example_local_kubernetes_executor.py
[2023-08-28T00:20:09.439+0000] {processor.py:839} INFO - DAG(s) dict_keys(['example_local_kubernetes_executor']) retrieved from /home/airflow/.local/lib/python3.8/site-packages/airflow/example_dags/example_local_kubernetes_executor.py
[2023-08-28T00:20:09.603+0000] {logging_mixin.py:151} INFO - [2023-08-28T00:20:09.599+0000] {dag.py:2907} INFO - Sync 1 DAGs
[2023-08-28T00:20:09.640+0000] {logging_mixin.py:151} INFO - [2023-08-28T00:20:09.639+0000] {dag.py:3677} INFO - Setting next_dagrun for example_local_kubernetes_executor to None, run_after=None
[2023-08-28T00:20:09.722+0000] {processor.py:179} INFO - Processing /home/airflow/.local/lib/python3.8/site-packages/airflow/example_dags/example_local_kubernetes_executor.py took 0.674 seconds
[2023-08-28T00:20:39.880+0000] {processor.py:157} INFO - Started process (PID=1319) to work on /home/airflow/.local/lib/python3.8/site-packages/airflow/example_dags/example_local_kubernetes_executor.py
[2023-08-28T00:20:39.882+0000] {processor.py:829} INFO - Processing file /home/airflow/.local/lib/python3.8/site-packages/airflow/example_dags/example_local_kubernetes_executor.py for tasks to queue
[2023-08-28T00:20:39.886+0000] {logging_mixin.py:151} INFO - [2023-08-28T00:20:39.885+0000] {dagbag.py:539} INFO - Filling up the DagBag from /home/airflow/.local/lib/python3.8/site-packages/airflow/example_dags/example_local_kubernetes_executor.py
[2023-08-28T00:20:40.310+0000] {processor.py:839} INFO - DAG(s) dict_keys(['example_local_kubernetes_executor']) retrieved from /home/airflow/.local/lib/python3.8/site-packages/airflow/example_dags/example_local_kubernetes_executor.py
[2023-08-28T00:20:40.472+0000] {logging_mixin.py:151} INFO - [2023-08-28T00:20:40.472+0000] {dag.py:2907} INFO - Sync 1 DAGs
[2023-08-28T00:20:40.513+0000] {logging_mixin.py:151} INFO - [2023-08-28T00:20:40.513+0000] {dag.py:3677} INFO - Setting next_dagrun for example_local_kubernetes_executor to None, run_after=None
[2023-08-28T00:20:40.564+0000] {processor.py:179} INFO - Processing /home/airflow/.local/lib/python3.8/site-packages/airflow/example_dags/example_local_kubernetes_executor.py took 0.688 seconds
[2023-08-28T00:21:10.681+0000] {processor.py:157} INFO - Started process (PID=1375) to work on /home/airflow/.local/lib/python3.8/site-packages/airflow/example_dags/example_local_kubernetes_executor.py
[2023-08-28T00:21:10.683+0000] {processor.py:829} INFO - Processing file /home/airflow/.local/lib/python3.8/site-packages/airflow/example_dags/example_local_kubernetes_executor.py for tasks to queue
[2023-08-28T00:21:10.687+0000] {logging_mixin.py:151} INFO - [2023-08-28T00:21:10.686+0000] {dagbag.py:539} INFO - Filling up the DagBag from /home/airflow/.local/lib/python3.8/site-packages/airflow/example_dags/example_local_kubernetes_executor.py
[2023-08-28T00:21:11.002+0000] {processor.py:839} INFO - DAG(s) dict_keys(['example_local_kubernetes_executor']) retrieved from /home/airflow/.local/lib/python3.8/site-packages/airflow/example_dags/example_local_kubernetes_executor.py
[2023-08-28T00:21:11.090+0000] {logging_mixin.py:151} INFO - [2023-08-28T00:21:11.090+0000] {dag.py:2907} INFO - Sync 1 DAGs
[2023-08-28T00:21:11.108+0000] {logging_mixin.py:151} INFO - [2023-08-28T00:21:11.108+0000] {dag.py:3677} INFO - Setting next_dagrun for example_local_kubernetes_executor to None, run_after=None
[2023-08-28T00:21:11.154+0000] {processor.py:179} INFO - Processing /home/airflow/.local/lib/python3.8/site-packages/airflow/example_dags/example_local_kubernetes_executor.py took 0.477 seconds
[2023-08-28T00:21:41.261+0000] {processor.py:157} INFO - Started process (PID=1431) to work on /home/airflow/.local/lib/python3.8/site-packages/airflow/example_dags/example_local_kubernetes_executor.py
[2023-08-28T00:21:41.262+0000] {processor.py:829} INFO - Processing file /home/airflow/.local/lib/python3.8/site-packages/airflow/example_dags/example_local_kubernetes_executor.py for tasks to queue
[2023-08-28T00:21:41.265+0000] {logging_mixin.py:151} INFO - [2023-08-28T00:21:41.264+0000] {dagbag.py:539} INFO - Filling up the DagBag from /home/airflow/.local/lib/python3.8/site-packages/airflow/example_dags/example_local_kubernetes_executor.py
[2023-08-28T00:21:41.544+0000] {processor.py:839} INFO - DAG(s) dict_keys(['example_local_kubernetes_executor']) retrieved from /home/airflow/.local/lib/python3.8/site-packages/airflow/example_dags/example_local_kubernetes_executor.py
[2023-08-28T00:21:41.630+0000] {logging_mixin.py:151} INFO - [2023-08-28T00:21:41.630+0000] {dag.py:2907} INFO - Sync 1 DAGs
[2023-08-28T00:21:41.647+0000] {logging_mixin.py:151} INFO - [2023-08-28T00:21:41.647+0000] {dag.py:3677} INFO - Setting next_dagrun for example_local_kubernetes_executor to None, run_after=None
[2023-08-28T00:21:41.672+0000] {processor.py:179} INFO - Processing /home/airflow/.local/lib/python3.8/site-packages/airflow/example_dags/example_local_kubernetes_executor.py took 0.414 seconds
