[2023-08-28T00:02:02.562+0000] {processor.py:157} INFO - Started process (PID=55) to work on /home/airflow/.local/lib/python3.8/site-packages/airflow/example_dags/example_branch_operator_decorator.py
[2023-08-28T00:02:02.564+0000] {processor.py:829} INFO - Processing file /home/airflow/.local/lib/python3.8/site-packages/airflow/example_dags/example_branch_operator_decorator.py for tasks to queue
[2023-08-28T00:02:02.568+0000] {logging_mixin.py:151} INFO - [2023-08-28T00:02:02.568+0000] {dagbag.py:539} INFO - Filling up the DagBag from /home/airflow/.local/lib/python3.8/site-packages/airflow/example_dags/example_branch_operator_decorator.py
[2023-08-28T00:02:02.592+0000] {processor.py:839} INFO - DAG(s) dict_keys(['example_branch_python_operator_decorator']) retrieved from /home/airflow/.local/lib/python3.8/site-packages/airflow/example_dags/example_branch_operator_decorator.py
[2023-08-28T00:02:02.937+0000] {logging_mixin.py:151} INFO - [2023-08-28T00:02:02.937+0000] {manager.py:501} INFO - Created Permission View: can edit on DAG:example_branch_python_operator_decorator
[2023-08-28T00:02:02.952+0000] {logging_mixin.py:151} INFO - [2023-08-28T00:02:02.952+0000] {manager.py:501} INFO - Created Permission View: can delete on DAG:example_branch_python_operator_decorator
[2023-08-28T00:02:02.962+0000] {logging_mixin.py:151} INFO - [2023-08-28T00:02:02.961+0000] {manager.py:501} INFO - Created Permission View: can read on DAG:example_branch_python_operator_decorator
[2023-08-28T00:02:02.983+0000] {logging_mixin.py:151} INFO - [2023-08-28T00:02:02.983+0000] {dag.py:2907} INFO - Sync 1 DAGs
[2023-08-28T00:02:02.994+0000] {logging_mixin.py:151} INFO - [2023-08-28T00:02:02.993+0000] {dag.py:2929} INFO - Creating ORM DAG for example_branch_python_operator_decorator
[2023-08-28T00:02:03.016+0000] {logging_mixin.py:151} INFO - [2023-08-28T00:02:03.015+0000] {dag.py:3677} INFO - Setting next_dagrun for example_branch_python_operator_decorator to 2023-08-27T00:00:00+00:00, run_after=2023-08-28T00:00:00+00:00
[2023-08-28T00:02:03.038+0000] {processor.py:179} INFO - Processing /home/airflow/.local/lib/python3.8/site-packages/airflow/example_dags/example_branch_operator_decorator.py took 0.484 seconds
[2023-08-28T00:02:33.189+0000] {processor.py:157} INFO - Started process (PID=110) to work on /home/airflow/.local/lib/python3.8/site-packages/airflow/example_dags/example_branch_operator_decorator.py
[2023-08-28T00:02:33.191+0000] {processor.py:829} INFO - Processing file /home/airflow/.local/lib/python3.8/site-packages/airflow/example_dags/example_branch_operator_decorator.py for tasks to queue
[2023-08-28T00:02:33.193+0000] {logging_mixin.py:151} INFO - [2023-08-28T00:02:33.193+0000] {dagbag.py:539} INFO - Filling up the DagBag from /home/airflow/.local/lib/python3.8/site-packages/airflow/example_dags/example_branch_operator_decorator.py
[2023-08-28T00:02:33.208+0000] {processor.py:839} INFO - DAG(s) dict_keys(['example_branch_python_operator_decorator']) retrieved from /home/airflow/.local/lib/python3.8/site-packages/airflow/example_dags/example_branch_operator_decorator.py
[2023-08-28T00:02:33.374+0000] {logging_mixin.py:151} INFO - [2023-08-28T00:02:33.373+0000] {dag.py:2907} INFO - Sync 1 DAGs
[2023-08-28T00:02:33.411+0000] {logging_mixin.py:151} INFO - [2023-08-28T00:02:33.411+0000] {dag.py:3677} INFO - Setting next_dagrun for example_branch_python_operator_decorator to 2023-08-27T00:00:00+00:00, run_after=2023-08-28T00:00:00+00:00
[2023-08-28T00:02:33.439+0000] {processor.py:179} INFO - Processing /home/airflow/.local/lib/python3.8/site-packages/airflow/example_dags/example_branch_operator_decorator.py took 0.252 seconds
[2023-08-28T00:03:03.672+0000] {processor.py:157} INFO - Started process (PID=165) to work on /home/airflow/.local/lib/python3.8/site-packages/airflow/example_dags/example_branch_operator_decorator.py
[2023-08-28T00:03:03.674+0000] {processor.py:829} INFO - Processing file /home/airflow/.local/lib/python3.8/site-packages/airflow/example_dags/example_branch_operator_decorator.py for tasks to queue
[2023-08-28T00:03:03.676+0000] {logging_mixin.py:151} INFO - [2023-08-28T00:03:03.676+0000] {dagbag.py:539} INFO - Filling up the DagBag from /home/airflow/.local/lib/python3.8/site-packages/airflow/example_dags/example_branch_operator_decorator.py
[2023-08-28T00:03:03.690+0000] {processor.py:839} INFO - DAG(s) dict_keys(['example_branch_python_operator_decorator']) retrieved from /home/airflow/.local/lib/python3.8/site-packages/airflow/example_dags/example_branch_operator_decorator.py
[2023-08-28T00:03:03.765+0000] {logging_mixin.py:151} INFO - [2023-08-28T00:03:03.765+0000] {dag.py:2907} INFO - Sync 1 DAGs
[2023-08-28T00:03:03.808+0000] {logging_mixin.py:151} INFO - [2023-08-28T00:03:03.808+0000] {dag.py:3677} INFO - Setting next_dagrun for example_branch_python_operator_decorator to 2023-08-27T00:00:00+00:00, run_after=2023-08-28T00:00:00+00:00
[2023-08-28T00:03:03.831+0000] {processor.py:179} INFO - Processing /home/airflow/.local/lib/python3.8/site-packages/airflow/example_dags/example_branch_operator_decorator.py took 0.162 seconds
[2023-08-28T00:03:34.047+0000] {processor.py:157} INFO - Started process (PID=219) to work on /home/airflow/.local/lib/python3.8/site-packages/airflow/example_dags/example_branch_operator_decorator.py
[2023-08-28T00:03:34.049+0000] {processor.py:829} INFO - Processing file /home/airflow/.local/lib/python3.8/site-packages/airflow/example_dags/example_branch_operator_decorator.py for tasks to queue
[2023-08-28T00:03:34.052+0000] {logging_mixin.py:151} INFO - [2023-08-28T00:03:34.052+0000] {dagbag.py:539} INFO - Filling up the DagBag from /home/airflow/.local/lib/python3.8/site-packages/airflow/example_dags/example_branch_operator_decorator.py
[2023-08-28T00:03:34.070+0000] {processor.py:839} INFO - DAG(s) dict_keys(['example_branch_python_operator_decorator']) retrieved from /home/airflow/.local/lib/python3.8/site-packages/airflow/example_dags/example_branch_operator_decorator.py
[2023-08-28T00:03:34.173+0000] {logging_mixin.py:151} INFO - [2023-08-28T00:03:34.173+0000] {dag.py:2907} INFO - Sync 1 DAGs
[2023-08-28T00:03:34.216+0000] {logging_mixin.py:151} INFO - [2023-08-28T00:03:34.216+0000] {dag.py:3677} INFO - Setting next_dagrun for example_branch_python_operator_decorator to 2023-08-27T00:00:00+00:00, run_after=2023-08-28T00:00:00+00:00
[2023-08-28T00:03:34.246+0000] {processor.py:179} INFO - Processing /home/airflow/.local/lib/python3.8/site-packages/airflow/example_dags/example_branch_operator_decorator.py took 0.202 seconds
[2023-08-28T00:04:04.970+0000] {processor.py:157} INFO - Started process (PID=274) to work on /home/airflow/.local/lib/python3.8/site-packages/airflow/example_dags/example_branch_operator_decorator.py
[2023-08-28T00:04:04.972+0000] {processor.py:829} INFO - Processing file /home/airflow/.local/lib/python3.8/site-packages/airflow/example_dags/example_branch_operator_decorator.py for tasks to queue
[2023-08-28T00:04:04.975+0000] {logging_mixin.py:151} INFO - [2023-08-28T00:04:04.974+0000] {dagbag.py:539} INFO - Filling up the DagBag from /home/airflow/.local/lib/python3.8/site-packages/airflow/example_dags/example_branch_operator_decorator.py
[2023-08-28T00:04:04.991+0000] {processor.py:839} INFO - DAG(s) dict_keys(['example_branch_python_operator_decorator']) retrieved from /home/airflow/.local/lib/python3.8/site-packages/airflow/example_dags/example_branch_operator_decorator.py
[2023-08-28T00:04:05.084+0000] {logging_mixin.py:151} INFO - [2023-08-28T00:04:05.084+0000] {dag.py:2907} INFO - Sync 1 DAGs
[2023-08-28T00:04:05.147+0000] {logging_mixin.py:151} INFO - [2023-08-28T00:04:05.146+0000] {dag.py:3677} INFO - Setting next_dagrun for example_branch_python_operator_decorator to 2023-08-27T00:00:00+00:00, run_after=2023-08-28T00:00:00+00:00
[2023-08-28T00:04:05.199+0000] {processor.py:179} INFO - Processing /home/airflow/.local/lib/python3.8/site-packages/airflow/example_dags/example_branch_operator_decorator.py took 0.232 seconds
[2023-08-28T00:04:36.279+0000] {processor.py:157} INFO - Started process (PID=329) to work on /home/airflow/.local/lib/python3.8/site-packages/airflow/example_dags/example_branch_operator_decorator.py
[2023-08-28T00:04:36.282+0000] {processor.py:829} INFO - Processing file /home/airflow/.local/lib/python3.8/site-packages/airflow/example_dags/example_branch_operator_decorator.py for tasks to queue
[2023-08-28T00:04:36.285+0000] {logging_mixin.py:151} INFO - [2023-08-28T00:04:36.284+0000] {dagbag.py:539} INFO - Filling up the DagBag from /home/airflow/.local/lib/python3.8/site-packages/airflow/example_dags/example_branch_operator_decorator.py
[2023-08-28T00:04:36.299+0000] {processor.py:839} INFO - DAG(s) dict_keys(['example_branch_python_operator_decorator']) retrieved from /home/airflow/.local/lib/python3.8/site-packages/airflow/example_dags/example_branch_operator_decorator.py
[2023-08-28T00:04:36.379+0000] {logging_mixin.py:151} INFO - [2023-08-28T00:04:36.379+0000] {dag.py:2907} INFO - Sync 1 DAGs
[2023-08-28T00:04:36.419+0000] {logging_mixin.py:151} INFO - [2023-08-28T00:04:36.419+0000] {dag.py:3677} INFO - Setting next_dagrun for example_branch_python_operator_decorator to 2023-08-27T00:00:00+00:00, run_after=2023-08-28T00:00:00+00:00
[2023-08-28T00:04:36.446+0000] {processor.py:179} INFO - Processing /home/airflow/.local/lib/python3.8/site-packages/airflow/example_dags/example_branch_operator_decorator.py took 0.170 seconds
[2023-08-28T00:05:06.625+0000] {processor.py:157} INFO - Started process (PID=384) to work on /home/airflow/.local/lib/python3.8/site-packages/airflow/example_dags/example_branch_operator_decorator.py
[2023-08-28T00:05:06.626+0000] {processor.py:829} INFO - Processing file /home/airflow/.local/lib/python3.8/site-packages/airflow/example_dags/example_branch_operator_decorator.py for tasks to queue
[2023-08-28T00:05:06.628+0000] {logging_mixin.py:151} INFO - [2023-08-28T00:05:06.628+0000] {dagbag.py:539} INFO - Filling up the DagBag from /home/airflow/.local/lib/python3.8/site-packages/airflow/example_dags/example_branch_operator_decorator.py
[2023-08-28T00:05:06.640+0000] {processor.py:839} INFO - DAG(s) dict_keys(['example_branch_python_operator_decorator']) retrieved from /home/airflow/.local/lib/python3.8/site-packages/airflow/example_dags/example_branch_operator_decorator.py
[2023-08-28T00:05:06.713+0000] {logging_mixin.py:151} INFO - [2023-08-28T00:05:06.713+0000] {dag.py:2907} INFO - Sync 1 DAGs
[2023-08-28T00:05:06.753+0000] {logging_mixin.py:151} INFO - [2023-08-28T00:05:06.753+0000] {dag.py:3677} INFO - Setting next_dagrun for example_branch_python_operator_decorator to 2023-08-27T00:00:00+00:00, run_after=2023-08-28T00:00:00+00:00
[2023-08-28T00:05:06.777+0000] {processor.py:179} INFO - Processing /home/airflow/.local/lib/python3.8/site-packages/airflow/example_dags/example_branch_operator_decorator.py took 0.155 seconds
[2023-08-28T00:08:49.010+0000] {processor.py:157} INFO - Started process (PID=63) to work on /home/airflow/.local/lib/python3.8/site-packages/airflow/example_dags/example_branch_operator_decorator.py
[2023-08-28T00:08:49.015+0000] {processor.py:829} INFO - Processing file /home/airflow/.local/lib/python3.8/site-packages/airflow/example_dags/example_branch_operator_decorator.py for tasks to queue
[2023-08-28T00:08:49.019+0000] {logging_mixin.py:151} INFO - [2023-08-28T00:08:49.019+0000] {dagbag.py:539} INFO - Filling up the DagBag from /home/airflow/.local/lib/python3.8/site-packages/airflow/example_dags/example_branch_operator_decorator.py
[2023-08-28T00:08:49.043+0000] {processor.py:839} INFO - DAG(s) dict_keys(['example_branch_python_operator_decorator']) retrieved from /home/airflow/.local/lib/python3.8/site-packages/airflow/example_dags/example_branch_operator_decorator.py
[2023-08-28T00:08:49.198+0000] {logging_mixin.py:151} INFO - [2023-08-28T00:08:49.198+0000] {dag.py:2907} INFO - Sync 1 DAGs
[2023-08-28T00:08:49.285+0000] {logging_mixin.py:151} INFO - [2023-08-28T00:08:49.285+0000] {dag.py:3677} INFO - Setting next_dagrun for example_branch_python_operator_decorator to 2023-08-27T00:00:00+00:00, run_after=2023-08-28T00:00:00+00:00
[2023-08-28T00:08:49.337+0000] {processor.py:179} INFO - Processing /home/airflow/.local/lib/python3.8/site-packages/airflow/example_dags/example_branch_operator_decorator.py took 0.330 seconds
[2023-08-28T00:09:20.428+0000] {processor.py:157} INFO - Started process (PID=118) to work on /home/airflow/.local/lib/python3.8/site-packages/airflow/example_dags/example_branch_operator_decorator.py
[2023-08-28T00:09:20.437+0000] {processor.py:829} INFO - Processing file /home/airflow/.local/lib/python3.8/site-packages/airflow/example_dags/example_branch_operator_decorator.py for tasks to queue
[2023-08-28T00:09:20.449+0000] {logging_mixin.py:151} INFO - [2023-08-28T00:09:20.448+0000] {dagbag.py:539} INFO - Filling up the DagBag from /home/airflow/.local/lib/python3.8/site-packages/airflow/example_dags/example_branch_operator_decorator.py
[2023-08-28T00:09:20.681+0000] {processor.py:839} INFO - DAG(s) dict_keys(['example_branch_python_operator_decorator']) retrieved from /home/airflow/.local/lib/python3.8/site-packages/airflow/example_dags/example_branch_operator_decorator.py
[2023-08-28T00:09:20.921+0000] {logging_mixin.py:151} INFO - [2023-08-28T00:09:20.920+0000] {dag.py:2907} INFO - Sync 1 DAGs
[2023-08-28T00:09:21.082+0000] {logging_mixin.py:151} INFO - [2023-08-28T00:09:21.081+0000] {dag.py:3677} INFO - Setting next_dagrun for example_branch_python_operator_decorator to 2023-08-27T00:00:00+00:00, run_after=2023-08-28T00:00:00+00:00
[2023-08-28T00:09:21.256+0000] {processor.py:179} INFO - Processing /home/airflow/.local/lib/python3.8/site-packages/airflow/example_dags/example_branch_operator_decorator.py took 0.840 seconds
[2023-08-28T00:09:51.601+0000] {processor.py:157} INFO - Started process (PID=173) to work on /home/airflow/.local/lib/python3.8/site-packages/airflow/example_dags/example_branch_operator_decorator.py
[2023-08-28T00:09:51.603+0000] {processor.py:829} INFO - Processing file /home/airflow/.local/lib/python3.8/site-packages/airflow/example_dags/example_branch_operator_decorator.py for tasks to queue
[2023-08-28T00:09:51.607+0000] {logging_mixin.py:151} INFO - [2023-08-28T00:09:51.606+0000] {dagbag.py:539} INFO - Filling up the DagBag from /home/airflow/.local/lib/python3.8/site-packages/airflow/example_dags/example_branch_operator_decorator.py
[2023-08-28T00:09:51.624+0000] {processor.py:839} INFO - DAG(s) dict_keys(['example_branch_python_operator_decorator']) retrieved from /home/airflow/.local/lib/python3.8/site-packages/airflow/example_dags/example_branch_operator_decorator.py
[2023-08-28T00:09:51.710+0000] {logging_mixin.py:151} INFO - [2023-08-28T00:09:51.710+0000] {dag.py:2907} INFO - Sync 1 DAGs
[2023-08-28T00:09:51.751+0000] {logging_mixin.py:151} INFO - [2023-08-28T00:09:51.750+0000] {dag.py:3677} INFO - Setting next_dagrun for example_branch_python_operator_decorator to 2023-08-27T00:00:00+00:00, run_after=2023-08-28T00:00:00+00:00
[2023-08-28T00:09:51.778+0000] {processor.py:179} INFO - Processing /home/airflow/.local/lib/python3.8/site-packages/airflow/example_dags/example_branch_operator_decorator.py took 0.182 seconds
[2023-08-28T00:10:22.549+0000] {processor.py:157} INFO - Started process (PID=228) to work on /home/airflow/.local/lib/python3.8/site-packages/airflow/example_dags/example_branch_operator_decorator.py
[2023-08-28T00:10:22.551+0000] {processor.py:829} INFO - Processing file /home/airflow/.local/lib/python3.8/site-packages/airflow/example_dags/example_branch_operator_decorator.py for tasks to queue
[2023-08-28T00:10:22.557+0000] {logging_mixin.py:151} INFO - [2023-08-28T00:10:22.555+0000] {dagbag.py:539} INFO - Filling up the DagBag from /home/airflow/.local/lib/python3.8/site-packages/airflow/example_dags/example_branch_operator_decorator.py
[2023-08-28T00:10:22.578+0000] {processor.py:839} INFO - DAG(s) dict_keys(['example_branch_python_operator_decorator']) retrieved from /home/airflow/.local/lib/python3.8/site-packages/airflow/example_dags/example_branch_operator_decorator.py
[2023-08-28T00:10:22.662+0000] {logging_mixin.py:151} INFO - [2023-08-28T00:10:22.662+0000] {dag.py:2907} INFO - Sync 1 DAGs
[2023-08-28T00:10:22.702+0000] {logging_mixin.py:151} INFO - [2023-08-28T00:10:22.702+0000] {dag.py:3677} INFO - Setting next_dagrun for example_branch_python_operator_decorator to 2023-08-27T00:00:00+00:00, run_after=2023-08-28T00:00:00+00:00
[2023-08-28T00:10:22.729+0000] {processor.py:179} INFO - Processing /home/airflow/.local/lib/python3.8/site-packages/airflow/example_dags/example_branch_operator_decorator.py took 0.188 seconds
[2023-08-28T00:10:53.359+0000] {processor.py:157} INFO - Started process (PID=283) to work on /home/airflow/.local/lib/python3.8/site-packages/airflow/example_dags/example_branch_operator_decorator.py
[2023-08-28T00:10:53.360+0000] {processor.py:829} INFO - Processing file /home/airflow/.local/lib/python3.8/site-packages/airflow/example_dags/example_branch_operator_decorator.py for tasks to queue
[2023-08-28T00:10:53.364+0000] {logging_mixin.py:151} INFO - [2023-08-28T00:10:53.363+0000] {dagbag.py:539} INFO - Filling up the DagBag from /home/airflow/.local/lib/python3.8/site-packages/airflow/example_dags/example_branch_operator_decorator.py
[2023-08-28T00:10:53.384+0000] {processor.py:839} INFO - DAG(s) dict_keys(['example_branch_python_operator_decorator']) retrieved from /home/airflow/.local/lib/python3.8/site-packages/airflow/example_dags/example_branch_operator_decorator.py
[2023-08-28T00:10:53.467+0000] {logging_mixin.py:151} INFO - [2023-08-28T00:10:53.466+0000] {dag.py:2907} INFO - Sync 1 DAGs
[2023-08-28T00:10:53.508+0000] {logging_mixin.py:151} INFO - [2023-08-28T00:10:53.508+0000] {dag.py:3677} INFO - Setting next_dagrun for example_branch_python_operator_decorator to 2023-08-27T00:00:00+00:00, run_after=2023-08-28T00:00:00+00:00
[2023-08-28T00:10:53.545+0000] {processor.py:179} INFO - Processing /home/airflow/.local/lib/python3.8/site-packages/airflow/example_dags/example_branch_operator_decorator.py took 0.191 seconds
[2023-08-28T00:11:24.548+0000] {processor.py:157} INFO - Started process (PID=337) to work on /home/airflow/.local/lib/python3.8/site-packages/airflow/example_dags/example_branch_operator_decorator.py
[2023-08-28T00:11:24.551+0000] {processor.py:829} INFO - Processing file /home/airflow/.local/lib/python3.8/site-packages/airflow/example_dags/example_branch_operator_decorator.py for tasks to queue
[2023-08-28T00:11:24.560+0000] {logging_mixin.py:151} INFO - [2023-08-28T00:11:24.559+0000] {dagbag.py:539} INFO - Filling up the DagBag from /home/airflow/.local/lib/python3.8/site-packages/airflow/example_dags/example_branch_operator_decorator.py
[2023-08-28T00:11:24.605+0000] {processor.py:839} INFO - DAG(s) dict_keys(['example_branch_python_operator_decorator']) retrieved from /home/airflow/.local/lib/python3.8/site-packages/airflow/example_dags/example_branch_operator_decorator.py
[2023-08-28T00:11:24.699+0000] {logging_mixin.py:151} INFO - [2023-08-28T00:11:24.699+0000] {dag.py:2907} INFO - Sync 1 DAGs
[2023-08-28T00:11:24.743+0000] {logging_mixin.py:151} INFO - [2023-08-28T00:11:24.743+0000] {dag.py:3677} INFO - Setting next_dagrun for example_branch_python_operator_decorator to 2023-08-27T00:00:00+00:00, run_after=2023-08-28T00:00:00+00:00
[2023-08-28T00:11:24.776+0000] {processor.py:179} INFO - Processing /home/airflow/.local/lib/python3.8/site-packages/airflow/example_dags/example_branch_operator_decorator.py took 0.236 seconds
[2023-08-28T00:11:54.884+0000] {processor.py:157} INFO - Started process (PID=391) to work on /home/airflow/.local/lib/python3.8/site-packages/airflow/example_dags/example_branch_operator_decorator.py
[2023-08-28T00:11:54.885+0000] {processor.py:829} INFO - Processing file /home/airflow/.local/lib/python3.8/site-packages/airflow/example_dags/example_branch_operator_decorator.py for tasks to queue
[2023-08-28T00:11:54.889+0000] {logging_mixin.py:151} INFO - [2023-08-28T00:11:54.889+0000] {dagbag.py:539} INFO - Filling up the DagBag from /home/airflow/.local/lib/python3.8/site-packages/airflow/example_dags/example_branch_operator_decorator.py
[2023-08-28T00:11:54.905+0000] {processor.py:839} INFO - DAG(s) dict_keys(['example_branch_python_operator_decorator']) retrieved from /home/airflow/.local/lib/python3.8/site-packages/airflow/example_dags/example_branch_operator_decorator.py
[2023-08-28T00:11:54.984+0000] {logging_mixin.py:151} INFO - [2023-08-28T00:11:54.984+0000] {dag.py:2907} INFO - Sync 1 DAGs
[2023-08-28T00:11:55.026+0000] {logging_mixin.py:151} INFO - [2023-08-28T00:11:55.026+0000] {dag.py:3677} INFO - Setting next_dagrun for example_branch_python_operator_decorator to 2023-08-27T00:00:00+00:00, run_after=2023-08-28T00:00:00+00:00
[2023-08-28T00:11:55.058+0000] {processor.py:179} INFO - Processing /home/airflow/.local/lib/python3.8/site-packages/airflow/example_dags/example_branch_operator_decorator.py took 0.179 seconds
[2023-08-28T00:12:25.951+0000] {processor.py:157} INFO - Started process (PID=446) to work on /home/airflow/.local/lib/python3.8/site-packages/airflow/example_dags/example_branch_operator_decorator.py
[2023-08-28T00:12:25.953+0000] {processor.py:829} INFO - Processing file /home/airflow/.local/lib/python3.8/site-packages/airflow/example_dags/example_branch_operator_decorator.py for tasks to queue
[2023-08-28T00:12:25.957+0000] {logging_mixin.py:151} INFO - [2023-08-28T00:12:25.957+0000] {dagbag.py:539} INFO - Filling up the DagBag from /home/airflow/.local/lib/python3.8/site-packages/airflow/example_dags/example_branch_operator_decorator.py
[2023-08-28T00:12:25.991+0000] {processor.py:839} INFO - DAG(s) dict_keys(['example_branch_python_operator_decorator']) retrieved from /home/airflow/.local/lib/python3.8/site-packages/airflow/example_dags/example_branch_operator_decorator.py
[2023-08-28T00:12:26.065+0000] {logging_mixin.py:151} INFO - [2023-08-28T00:12:26.065+0000] {dag.py:2907} INFO - Sync 1 DAGs
[2023-08-28T00:12:26.101+0000] {logging_mixin.py:151} INFO - [2023-08-28T00:12:26.100+0000] {dag.py:3677} INFO - Setting next_dagrun for example_branch_python_operator_decorator to 2023-08-27T00:00:00+00:00, run_after=2023-08-28T00:00:00+00:00
[2023-08-28T00:12:26.125+0000] {processor.py:179} INFO - Processing /home/airflow/.local/lib/python3.8/site-packages/airflow/example_dags/example_branch_operator_decorator.py took 0.180 seconds
[2023-08-28T00:12:56.171+0000] {processor.py:157} INFO - Started process (PID=501) to work on /home/airflow/.local/lib/python3.8/site-packages/airflow/example_dags/example_branch_operator_decorator.py
[2023-08-28T00:12:56.173+0000] {processor.py:829} INFO - Processing file /home/airflow/.local/lib/python3.8/site-packages/airflow/example_dags/example_branch_operator_decorator.py for tasks to queue
[2023-08-28T00:12:56.176+0000] {logging_mixin.py:151} INFO - [2023-08-28T00:12:56.176+0000] {dagbag.py:539} INFO - Filling up the DagBag from /home/airflow/.local/lib/python3.8/site-packages/airflow/example_dags/example_branch_operator_decorator.py
[2023-08-28T00:12:56.193+0000] {processor.py:839} INFO - DAG(s) dict_keys(['example_branch_python_operator_decorator']) retrieved from /home/airflow/.local/lib/python3.8/site-packages/airflow/example_dags/example_branch_operator_decorator.py
[2023-08-28T00:12:56.273+0000] {logging_mixin.py:151} INFO - [2023-08-28T00:12:56.273+0000] {dag.py:2907} INFO - Sync 1 DAGs
[2023-08-28T00:12:56.311+0000] {logging_mixin.py:151} INFO - [2023-08-28T00:12:56.311+0000] {dag.py:3677} INFO - Setting next_dagrun for example_branch_python_operator_decorator to 2023-08-27T00:00:00+00:00, run_after=2023-08-28T00:00:00+00:00
[2023-08-28T00:12:56.335+0000] {processor.py:179} INFO - Processing /home/airflow/.local/lib/python3.8/site-packages/airflow/example_dags/example_branch_operator_decorator.py took 0.168 seconds
[2023-08-28T00:13:27.248+0000] {processor.py:157} INFO - Started process (PID=555) to work on /home/airflow/.local/lib/python3.8/site-packages/airflow/example_dags/example_branch_operator_decorator.py
[2023-08-28T00:13:27.250+0000] {processor.py:829} INFO - Processing file /home/airflow/.local/lib/python3.8/site-packages/airflow/example_dags/example_branch_operator_decorator.py for tasks to queue
[2023-08-28T00:13:27.254+0000] {logging_mixin.py:151} INFO - [2023-08-28T00:13:27.253+0000] {dagbag.py:539} INFO - Filling up the DagBag from /home/airflow/.local/lib/python3.8/site-packages/airflow/example_dags/example_branch_operator_decorator.py
[2023-08-28T00:13:27.273+0000] {processor.py:839} INFO - DAG(s) dict_keys(['example_branch_python_operator_decorator']) retrieved from /home/airflow/.local/lib/python3.8/site-packages/airflow/example_dags/example_branch_operator_decorator.py
[2023-08-28T00:13:27.354+0000] {logging_mixin.py:151} INFO - [2023-08-28T00:13:27.354+0000] {dag.py:2907} INFO - Sync 1 DAGs
[2023-08-28T00:13:27.405+0000] {logging_mixin.py:151} INFO - [2023-08-28T00:13:27.405+0000] {dag.py:3677} INFO - Setting next_dagrun for example_branch_python_operator_decorator to 2023-08-27T00:00:00+00:00, run_after=2023-08-28T00:00:00+00:00
[2023-08-28T00:13:27.434+0000] {processor.py:179} INFO - Processing /home/airflow/.local/lib/python3.8/site-packages/airflow/example_dags/example_branch_operator_decorator.py took 0.192 seconds
[2023-08-28T00:13:57.533+0000] {processor.py:157} INFO - Started process (PID=610) to work on /home/airflow/.local/lib/python3.8/site-packages/airflow/example_dags/example_branch_operator_decorator.py
[2023-08-28T00:13:57.534+0000] {processor.py:829} INFO - Processing file /home/airflow/.local/lib/python3.8/site-packages/airflow/example_dags/example_branch_operator_decorator.py for tasks to queue
[2023-08-28T00:13:57.538+0000] {logging_mixin.py:151} INFO - [2023-08-28T00:13:57.538+0000] {dagbag.py:539} INFO - Filling up the DagBag from /home/airflow/.local/lib/python3.8/site-packages/airflow/example_dags/example_branch_operator_decorator.py
[2023-08-28T00:13:57.555+0000] {processor.py:839} INFO - DAG(s) dict_keys(['example_branch_python_operator_decorator']) retrieved from /home/airflow/.local/lib/python3.8/site-packages/airflow/example_dags/example_branch_operator_decorator.py
[2023-08-28T00:13:57.636+0000] {logging_mixin.py:151} INFO - [2023-08-28T00:13:57.636+0000] {dag.py:2907} INFO - Sync 1 DAGs
[2023-08-28T00:13:57.674+0000] {logging_mixin.py:151} INFO - [2023-08-28T00:13:57.674+0000] {dag.py:3677} INFO - Setting next_dagrun for example_branch_python_operator_decorator to 2023-08-27T00:00:00+00:00, run_after=2023-08-28T00:00:00+00:00
[2023-08-28T00:13:57.698+0000] {processor.py:179} INFO - Processing /home/airflow/.local/lib/python3.8/site-packages/airflow/example_dags/example_branch_operator_decorator.py took 0.169 seconds
[2023-08-28T00:14:28.227+0000] {processor.py:157} INFO - Started process (PID=665) to work on /home/airflow/.local/lib/python3.8/site-packages/airflow/example_dags/example_branch_operator_decorator.py
[2023-08-28T00:14:28.229+0000] {processor.py:829} INFO - Processing file /home/airflow/.local/lib/python3.8/site-packages/airflow/example_dags/example_branch_operator_decorator.py for tasks to queue
[2023-08-28T00:14:28.233+0000] {logging_mixin.py:151} INFO - [2023-08-28T00:14:28.232+0000] {dagbag.py:539} INFO - Filling up the DagBag from /home/airflow/.local/lib/python3.8/site-packages/airflow/example_dags/example_branch_operator_decorator.py
[2023-08-28T00:14:28.251+0000] {processor.py:839} INFO - DAG(s) dict_keys(['example_branch_python_operator_decorator']) retrieved from /home/airflow/.local/lib/python3.8/site-packages/airflow/example_dags/example_branch_operator_decorator.py
[2023-08-28T00:14:28.333+0000] {logging_mixin.py:151} INFO - [2023-08-28T00:14:28.333+0000] {dag.py:2907} INFO - Sync 1 DAGs
[2023-08-28T00:14:28.374+0000] {logging_mixin.py:151} INFO - [2023-08-28T00:14:28.374+0000] {dag.py:3677} INFO - Setting next_dagrun for example_branch_python_operator_decorator to 2023-08-27T00:00:00+00:00, run_after=2023-08-28T00:00:00+00:00
[2023-08-28T00:14:28.400+0000] {processor.py:179} INFO - Processing /home/airflow/.local/lib/python3.8/site-packages/airflow/example_dags/example_branch_operator_decorator.py took 0.178 seconds
[2023-08-28T00:14:59.151+0000] {processor.py:157} INFO - Started process (PID=720) to work on /home/airflow/.local/lib/python3.8/site-packages/airflow/example_dags/example_branch_operator_decorator.py
[2023-08-28T00:14:59.153+0000] {processor.py:829} INFO - Processing file /home/airflow/.local/lib/python3.8/site-packages/airflow/example_dags/example_branch_operator_decorator.py for tasks to queue
[2023-08-28T00:14:59.159+0000] {logging_mixin.py:151} INFO - [2023-08-28T00:14:59.158+0000] {dagbag.py:539} INFO - Filling up the DagBag from /home/airflow/.local/lib/python3.8/site-packages/airflow/example_dags/example_branch_operator_decorator.py
[2023-08-28T00:14:59.176+0000] {processor.py:839} INFO - DAG(s) dict_keys(['example_branch_python_operator_decorator']) retrieved from /home/airflow/.local/lib/python3.8/site-packages/airflow/example_dags/example_branch_operator_decorator.py
[2023-08-28T00:14:59.261+0000] {logging_mixin.py:151} INFO - [2023-08-28T00:14:59.261+0000] {dag.py:2907} INFO - Sync 1 DAGs
[2023-08-28T00:14:59.301+0000] {logging_mixin.py:151} INFO - [2023-08-28T00:14:59.301+0000] {dag.py:3677} INFO - Setting next_dagrun for example_branch_python_operator_decorator to 2023-08-27T00:00:00+00:00, run_after=2023-08-28T00:00:00+00:00
[2023-08-28T00:14:59.331+0000] {processor.py:179} INFO - Processing /home/airflow/.local/lib/python3.8/site-packages/airflow/example_dags/example_branch_operator_decorator.py took 0.184 seconds
[2023-08-28T00:15:29.712+0000] {processor.py:157} INFO - Started process (PID=775) to work on /home/airflow/.local/lib/python3.8/site-packages/airflow/example_dags/example_branch_operator_decorator.py
[2023-08-28T00:15:29.714+0000] {processor.py:829} INFO - Processing file /home/airflow/.local/lib/python3.8/site-packages/airflow/example_dags/example_branch_operator_decorator.py for tasks to queue
[2023-08-28T00:15:29.719+0000] {logging_mixin.py:151} INFO - [2023-08-28T00:15:29.718+0000] {dagbag.py:539} INFO - Filling up the DagBag from /home/airflow/.local/lib/python3.8/site-packages/airflow/example_dags/example_branch_operator_decorator.py
[2023-08-28T00:15:29.740+0000] {processor.py:839} INFO - DAG(s) dict_keys(['example_branch_python_operator_decorator']) retrieved from /home/airflow/.local/lib/python3.8/site-packages/airflow/example_dags/example_branch_operator_decorator.py
[2023-08-28T00:15:29.824+0000] {logging_mixin.py:151} INFO - [2023-08-28T00:15:29.824+0000] {dag.py:2907} INFO - Sync 1 DAGs
[2023-08-28T00:15:29.865+0000] {logging_mixin.py:151} INFO - [2023-08-28T00:15:29.865+0000] {dag.py:3677} INFO - Setting next_dagrun for example_branch_python_operator_decorator to 2023-08-27T00:00:00+00:00, run_after=2023-08-28T00:00:00+00:00
[2023-08-28T00:15:29.906+0000] {processor.py:179} INFO - Processing /home/airflow/.local/lib/python3.8/site-packages/airflow/example_dags/example_branch_operator_decorator.py took 0.195 seconds
[2023-08-28T00:16:00.664+0000] {processor.py:157} INFO - Started process (PID=830) to work on /home/airflow/.local/lib/python3.8/site-packages/airflow/example_dags/example_branch_operator_decorator.py
[2023-08-28T00:16:00.667+0000] {processor.py:829} INFO - Processing file /home/airflow/.local/lib/python3.8/site-packages/airflow/example_dags/example_branch_operator_decorator.py for tasks to queue
[2023-08-28T00:16:00.670+0000] {logging_mixin.py:151} INFO - [2023-08-28T00:16:00.670+0000] {dagbag.py:539} INFO - Filling up the DagBag from /home/airflow/.local/lib/python3.8/site-packages/airflow/example_dags/example_branch_operator_decorator.py
[2023-08-28T00:16:00.685+0000] {processor.py:839} INFO - DAG(s) dict_keys(['example_branch_python_operator_decorator']) retrieved from /home/airflow/.local/lib/python3.8/site-packages/airflow/example_dags/example_branch_operator_decorator.py
[2023-08-28T00:16:00.765+0000] {logging_mixin.py:151} INFO - [2023-08-28T00:16:00.765+0000] {dag.py:2907} INFO - Sync 1 DAGs
[2023-08-28T00:16:00.808+0000] {logging_mixin.py:151} INFO - [2023-08-28T00:16:00.807+0000] {dag.py:3677} INFO - Setting next_dagrun for example_branch_python_operator_decorator to 2023-08-27T00:00:00+00:00, run_after=2023-08-28T00:00:00+00:00
[2023-08-28T00:16:00.843+0000] {processor.py:179} INFO - Processing /home/airflow/.local/lib/python3.8/site-packages/airflow/example_dags/example_branch_operator_decorator.py took 0.182 seconds
[2023-08-28T00:16:31.003+0000] {processor.py:157} INFO - Started process (PID=885) to work on /home/airflow/.local/lib/python3.8/site-packages/airflow/example_dags/example_branch_operator_decorator.py
[2023-08-28T00:16:31.005+0000] {processor.py:829} INFO - Processing file /home/airflow/.local/lib/python3.8/site-packages/airflow/example_dags/example_branch_operator_decorator.py for tasks to queue
[2023-08-28T00:16:31.008+0000] {logging_mixin.py:151} INFO - [2023-08-28T00:16:31.008+0000] {dagbag.py:539} INFO - Filling up the DagBag from /home/airflow/.local/lib/python3.8/site-packages/airflow/example_dags/example_branch_operator_decorator.py
[2023-08-28T00:16:31.024+0000] {processor.py:839} INFO - DAG(s) dict_keys(['example_branch_python_operator_decorator']) retrieved from /home/airflow/.local/lib/python3.8/site-packages/airflow/example_dags/example_branch_operator_decorator.py
[2023-08-28T00:16:31.103+0000] {logging_mixin.py:151} INFO - [2023-08-28T00:16:31.103+0000] {dag.py:2907} INFO - Sync 1 DAGs
[2023-08-28T00:16:31.140+0000] {logging_mixin.py:151} INFO - [2023-08-28T00:16:31.140+0000] {dag.py:3677} INFO - Setting next_dagrun for example_branch_python_operator_decorator to 2023-08-27T00:00:00+00:00, run_after=2023-08-28T00:00:00+00:00
[2023-08-28T00:16:31.164+0000] {processor.py:179} INFO - Processing /home/airflow/.local/lib/python3.8/site-packages/airflow/example_dags/example_branch_operator_decorator.py took 0.165 seconds
[2023-08-28T00:17:01.414+0000] {processor.py:157} INFO - Started process (PID=940) to work on /home/airflow/.local/lib/python3.8/site-packages/airflow/example_dags/example_branch_operator_decorator.py
[2023-08-28T00:17:01.416+0000] {processor.py:829} INFO - Processing file /home/airflow/.local/lib/python3.8/site-packages/airflow/example_dags/example_branch_operator_decorator.py for tasks to queue
[2023-08-28T00:17:01.419+0000] {logging_mixin.py:151} INFO - [2023-08-28T00:17:01.418+0000] {dagbag.py:539} INFO - Filling up the DagBag from /home/airflow/.local/lib/python3.8/site-packages/airflow/example_dags/example_branch_operator_decorator.py
[2023-08-28T00:17:01.436+0000] {processor.py:839} INFO - DAG(s) dict_keys(['example_branch_python_operator_decorator']) retrieved from /home/airflow/.local/lib/python3.8/site-packages/airflow/example_dags/example_branch_operator_decorator.py
[2023-08-28T00:17:01.514+0000] {logging_mixin.py:151} INFO - [2023-08-28T00:17:01.514+0000] {dag.py:2907} INFO - Sync 1 DAGs
[2023-08-28T00:17:01.552+0000] {logging_mixin.py:151} INFO - [2023-08-28T00:17:01.552+0000] {dag.py:3677} INFO - Setting next_dagrun for example_branch_python_operator_decorator to 2023-08-27T00:00:00+00:00, run_after=2023-08-28T00:00:00+00:00
[2023-08-28T00:17:01.576+0000] {processor.py:179} INFO - Processing /home/airflow/.local/lib/python3.8/site-packages/airflow/example_dags/example_branch_operator_decorator.py took 0.166 seconds
[2023-08-28T00:17:32.219+0000] {processor.py:157} INFO - Started process (PID=995) to work on /home/airflow/.local/lib/python3.8/site-packages/airflow/example_dags/example_branch_operator_decorator.py
[2023-08-28T00:17:32.225+0000] {processor.py:829} INFO - Processing file /home/airflow/.local/lib/python3.8/site-packages/airflow/example_dags/example_branch_operator_decorator.py for tasks to queue
[2023-08-28T00:17:32.238+0000] {logging_mixin.py:151} INFO - [2023-08-28T00:17:32.234+0000] {dagbag.py:539} INFO - Filling up the DagBag from /home/airflow/.local/lib/python3.8/site-packages/airflow/example_dags/example_branch_operator_decorator.py
[2023-08-28T00:17:32.266+0000] {processor.py:839} INFO - DAG(s) dict_keys(['example_branch_python_operator_decorator']) retrieved from /home/airflow/.local/lib/python3.8/site-packages/airflow/example_dags/example_branch_operator_decorator.py
[2023-08-28T00:17:32.396+0000] {logging_mixin.py:151} INFO - [2023-08-28T00:17:32.395+0000] {dag.py:2907} INFO - Sync 1 DAGs
[2023-08-28T00:17:32.454+0000] {logging_mixin.py:151} INFO - [2023-08-28T00:17:32.453+0000] {dag.py:3677} INFO - Setting next_dagrun for example_branch_python_operator_decorator to 2023-08-27T00:00:00+00:00, run_after=2023-08-28T00:00:00+00:00
[2023-08-28T00:17:32.521+0000] {processor.py:179} INFO - Processing /home/airflow/.local/lib/python3.8/site-packages/airflow/example_dags/example_branch_operator_decorator.py took 0.307 seconds
[2023-08-28T00:18:06.590+0000] {processor.py:157} INFO - Started process (PID=1050) to work on /home/airflow/.local/lib/python3.8/site-packages/airflow/example_dags/example_branch_operator_decorator.py
[2023-08-28T00:18:06.591+0000] {processor.py:829} INFO - Processing file /home/airflow/.local/lib/python3.8/site-packages/airflow/example_dags/example_branch_operator_decorator.py for tasks to queue
[2023-08-28T00:18:06.595+0000] {logging_mixin.py:151} INFO - [2023-08-28T00:18:06.594+0000] {dagbag.py:539} INFO - Filling up the DagBag from /home/airflow/.local/lib/python3.8/site-packages/airflow/example_dags/example_branch_operator_decorator.py
[2023-08-28T00:18:06.615+0000] {processor.py:839} INFO - DAG(s) dict_keys(['example_branch_python_operator_decorator']) retrieved from /home/airflow/.local/lib/python3.8/site-packages/airflow/example_dags/example_branch_operator_decorator.py
[2023-08-28T00:18:06.721+0000] {logging_mixin.py:151} INFO - [2023-08-28T00:18:06.721+0000] {dag.py:2907} INFO - Sync 1 DAGs
[2023-08-28T00:18:06.781+0000] {logging_mixin.py:151} INFO - [2023-08-28T00:18:06.781+0000] {dag.py:3677} INFO - Setting next_dagrun for example_branch_python_operator_decorator to 2023-08-27T00:00:00+00:00, run_after=2023-08-28T00:00:00+00:00
[2023-08-28T00:18:06.816+0000] {processor.py:179} INFO - Processing /home/airflow/.local/lib/python3.8/site-packages/airflow/example_dags/example_branch_operator_decorator.py took 0.230 seconds
[2023-08-28T00:18:37.447+0000] {processor.py:157} INFO - Started process (PID=1104) to work on /home/airflow/.local/lib/python3.8/site-packages/airflow/example_dags/example_branch_operator_decorator.py
[2023-08-28T00:18:37.448+0000] {processor.py:829} INFO - Processing file /home/airflow/.local/lib/python3.8/site-packages/airflow/example_dags/example_branch_operator_decorator.py for tasks to queue
[2023-08-28T00:18:37.450+0000] {logging_mixin.py:151} INFO - [2023-08-28T00:18:37.450+0000] {dagbag.py:539} INFO - Filling up the DagBag from /home/airflow/.local/lib/python3.8/site-packages/airflow/example_dags/example_branch_operator_decorator.py
[2023-08-28T00:18:37.463+0000] {processor.py:839} INFO - DAG(s) dict_keys(['example_branch_python_operator_decorator']) retrieved from /home/airflow/.local/lib/python3.8/site-packages/airflow/example_dags/example_branch_operator_decorator.py
[2023-08-28T00:18:37.539+0000] {logging_mixin.py:151} INFO - [2023-08-28T00:18:37.538+0000] {dag.py:2907} INFO - Sync 1 DAGs
[2023-08-28T00:18:37.576+0000] {logging_mixin.py:151} INFO - [2023-08-28T00:18:37.576+0000] {dag.py:3677} INFO - Setting next_dagrun for example_branch_python_operator_decorator to 2023-08-27T00:00:00+00:00, run_after=2023-08-28T00:00:00+00:00
[2023-08-28T00:18:37.599+0000] {processor.py:179} INFO - Processing /home/airflow/.local/lib/python3.8/site-packages/airflow/example_dags/example_branch_operator_decorator.py took 0.155 seconds
[2023-08-28T00:19:08.363+0000] {processor.py:157} INFO - Started process (PID=1159) to work on /home/airflow/.local/lib/python3.8/site-packages/airflow/example_dags/example_branch_operator_decorator.py
[2023-08-28T00:19:08.366+0000] {processor.py:829} INFO - Processing file /home/airflow/.local/lib/python3.8/site-packages/airflow/example_dags/example_branch_operator_decorator.py for tasks to queue
[2023-08-28T00:19:08.369+0000] {logging_mixin.py:151} INFO - [2023-08-28T00:19:08.368+0000] {dagbag.py:539} INFO - Filling up the DagBag from /home/airflow/.local/lib/python3.8/site-packages/airflow/example_dags/example_branch_operator_decorator.py
[2023-08-28T00:19:08.389+0000] {processor.py:839} INFO - DAG(s) dict_keys(['example_branch_python_operator_decorator']) retrieved from /home/airflow/.local/lib/python3.8/site-packages/airflow/example_dags/example_branch_operator_decorator.py
[2023-08-28T00:19:08.482+0000] {logging_mixin.py:151} INFO - [2023-08-28T00:19:08.481+0000] {dag.py:2907} INFO - Sync 1 DAGs
[2023-08-28T00:19:08.521+0000] {logging_mixin.py:151} INFO - [2023-08-28T00:19:08.520+0000] {dag.py:3677} INFO - Setting next_dagrun for example_branch_python_operator_decorator to 2023-08-27T00:00:00+00:00, run_after=2023-08-28T00:00:00+00:00
[2023-08-28T00:19:08.553+0000] {processor.py:179} INFO - Processing /home/airflow/.local/lib/python3.8/site-packages/airflow/example_dags/example_branch_operator_decorator.py took 0.192 seconds
[2023-08-28T00:19:38.788+0000] {processor.py:157} INFO - Started process (PID=1214) to work on /home/airflow/.local/lib/python3.8/site-packages/airflow/example_dags/example_branch_operator_decorator.py
[2023-08-28T00:19:38.790+0000] {processor.py:829} INFO - Processing file /home/airflow/.local/lib/python3.8/site-packages/airflow/example_dags/example_branch_operator_decorator.py for tasks to queue
[2023-08-28T00:19:38.792+0000] {logging_mixin.py:151} INFO - [2023-08-28T00:19:38.791+0000] {dagbag.py:539} INFO - Filling up the DagBag from /home/airflow/.local/lib/python3.8/site-packages/airflow/example_dags/example_branch_operator_decorator.py
[2023-08-28T00:19:38.805+0000] {processor.py:839} INFO - DAG(s) dict_keys(['example_branch_python_operator_decorator']) retrieved from /home/airflow/.local/lib/python3.8/site-packages/airflow/example_dags/example_branch_operator_decorator.py
[2023-08-28T00:19:38.881+0000] {logging_mixin.py:151} INFO - [2023-08-28T00:19:38.881+0000] {dag.py:2907} INFO - Sync 1 DAGs
[2023-08-28T00:19:38.923+0000] {logging_mixin.py:151} INFO - [2023-08-28T00:19:38.922+0000] {dag.py:3677} INFO - Setting next_dagrun for example_branch_python_operator_decorator to 2023-08-27T00:00:00+00:00, run_after=2023-08-28T00:00:00+00:00
[2023-08-28T00:19:38.952+0000] {processor.py:179} INFO - Processing /home/airflow/.local/lib/python3.8/site-packages/airflow/example_dags/example_branch_operator_decorator.py took 0.167 seconds
[2023-08-28T00:20:09.987+0000] {processor.py:157} INFO - Started process (PID=1269) to work on /home/airflow/.local/lib/python3.8/site-packages/airflow/example_dags/example_branch_operator_decorator.py
[2023-08-28T00:20:09.991+0000] {processor.py:829} INFO - Processing file /home/airflow/.local/lib/python3.8/site-packages/airflow/example_dags/example_branch_operator_decorator.py for tasks to queue
[2023-08-28T00:20:09.995+0000] {logging_mixin.py:151} INFO - [2023-08-28T00:20:09.995+0000] {dagbag.py:539} INFO - Filling up the DagBag from /home/airflow/.local/lib/python3.8/site-packages/airflow/example_dags/example_branch_operator_decorator.py
[2023-08-28T00:20:10.012+0000] {processor.py:839} INFO - DAG(s) dict_keys(['example_branch_python_operator_decorator']) retrieved from /home/airflow/.local/lib/python3.8/site-packages/airflow/example_dags/example_branch_operator_decorator.py
[2023-08-28T00:20:10.103+0000] {logging_mixin.py:151} INFO - [2023-08-28T00:20:10.103+0000] {dag.py:2907} INFO - Sync 1 DAGs
[2023-08-28T00:20:10.153+0000] {logging_mixin.py:151} INFO - [2023-08-28T00:20:10.152+0000] {dag.py:3677} INFO - Setting next_dagrun for example_branch_python_operator_decorator to 2023-08-27T00:00:00+00:00, run_after=2023-08-28T00:00:00+00:00
[2023-08-28T00:20:10.195+0000] {processor.py:179} INFO - Processing /home/airflow/.local/lib/python3.8/site-packages/airflow/example_dags/example_branch_operator_decorator.py took 0.211 seconds
[2023-08-28T00:20:40.796+0000] {processor.py:157} INFO - Started process (PID=1324) to work on /home/airflow/.local/lib/python3.8/site-packages/airflow/example_dags/example_branch_operator_decorator.py
[2023-08-28T00:20:40.798+0000] {processor.py:829} INFO - Processing file /home/airflow/.local/lib/python3.8/site-packages/airflow/example_dags/example_branch_operator_decorator.py for tasks to queue
[2023-08-28T00:20:40.801+0000] {logging_mixin.py:151} INFO - [2023-08-28T00:20:40.801+0000] {dagbag.py:539} INFO - Filling up the DagBag from /home/airflow/.local/lib/python3.8/site-packages/airflow/example_dags/example_branch_operator_decorator.py
[2023-08-28T00:20:40.816+0000] {processor.py:839} INFO - DAG(s) dict_keys(['example_branch_python_operator_decorator']) retrieved from /home/airflow/.local/lib/python3.8/site-packages/airflow/example_dags/example_branch_operator_decorator.py
[2023-08-28T00:20:40.899+0000] {logging_mixin.py:151} INFO - [2023-08-28T00:20:40.899+0000] {dag.py:2907} INFO - Sync 1 DAGs
[2023-08-28T00:20:40.939+0000] {logging_mixin.py:151} INFO - [2023-08-28T00:20:40.939+0000] {dag.py:3677} INFO - Setting next_dagrun for example_branch_python_operator_decorator to 2023-08-27T00:00:00+00:00, run_after=2023-08-28T00:00:00+00:00
[2023-08-28T00:20:40.966+0000] {processor.py:179} INFO - Processing /home/airflow/.local/lib/python3.8/site-packages/airflow/example_dags/example_branch_operator_decorator.py took 0.173 seconds
[2023-08-28T00:21:11.189+0000] {processor.py:157} INFO - Started process (PID=1379) to work on /home/airflow/.local/lib/python3.8/site-packages/airflow/example_dags/example_branch_operator_decorator.py
[2023-08-28T00:21:11.190+0000] {processor.py:829} INFO - Processing file /home/airflow/.local/lib/python3.8/site-packages/airflow/example_dags/example_branch_operator_decorator.py for tasks to queue
[2023-08-28T00:21:11.193+0000] {logging_mixin.py:151} INFO - [2023-08-28T00:21:11.193+0000] {dagbag.py:539} INFO - Filling up the DagBag from /home/airflow/.local/lib/python3.8/site-packages/airflow/example_dags/example_branch_operator_decorator.py
[2023-08-28T00:21:11.208+0000] {processor.py:839} INFO - DAG(s) dict_keys(['example_branch_python_operator_decorator']) retrieved from /home/airflow/.local/lib/python3.8/site-packages/airflow/example_dags/example_branch_operator_decorator.py
[2023-08-28T00:21:11.289+0000] {logging_mixin.py:151} INFO - [2023-08-28T00:21:11.288+0000] {dag.py:2907} INFO - Sync 1 DAGs
[2023-08-28T00:21:11.329+0000] {logging_mixin.py:151} INFO - [2023-08-28T00:21:11.328+0000] {dag.py:3677} INFO - Setting next_dagrun for example_branch_python_operator_decorator to 2023-08-27T00:00:00+00:00, run_after=2023-08-28T00:00:00+00:00
[2023-08-28T00:21:11.357+0000] {processor.py:179} INFO - Processing /home/airflow/.local/lib/python3.8/site-packages/airflow/example_dags/example_branch_operator_decorator.py took 0.172 seconds
[2023-08-28T00:21:41.865+0000] {processor.py:157} INFO - Started process (PID=1434) to work on /home/airflow/.local/lib/python3.8/site-packages/airflow/example_dags/example_branch_operator_decorator.py
[2023-08-28T00:21:41.867+0000] {processor.py:829} INFO - Processing file /home/airflow/.local/lib/python3.8/site-packages/airflow/example_dags/example_branch_operator_decorator.py for tasks to queue
[2023-08-28T00:21:41.869+0000] {logging_mixin.py:151} INFO - [2023-08-28T00:21:41.869+0000] {dagbag.py:539} INFO - Filling up the DagBag from /home/airflow/.local/lib/python3.8/site-packages/airflow/example_dags/example_branch_operator_decorator.py
[2023-08-28T00:21:41.883+0000] {processor.py:839} INFO - DAG(s) dict_keys(['example_branch_python_operator_decorator']) retrieved from /home/airflow/.local/lib/python3.8/site-packages/airflow/example_dags/example_branch_operator_decorator.py
[2023-08-28T00:21:41.967+0000] {logging_mixin.py:151} INFO - [2023-08-28T00:21:41.966+0000] {dag.py:2907} INFO - Sync 1 DAGs
[2023-08-28T00:21:42.004+0000] {logging_mixin.py:151} INFO - [2023-08-28T00:21:42.004+0000] {dag.py:3677} INFO - Setting next_dagrun for example_branch_python_operator_decorator to 2023-08-27T00:00:00+00:00, run_after=2023-08-28T00:00:00+00:00
[2023-08-28T00:21:42.030+0000] {processor.py:179} INFO - Processing /home/airflow/.local/lib/python3.8/site-packages/airflow/example_dags/example_branch_operator_decorator.py took 0.168 seconds
