[2023-08-28T00:01:55.061+0000] {processor.py:157} INFO - Started process (PID=37) to work on /home/airflow/.local/lib/python3.8/site-packages/airflow/example_dags/tutorial_dag.py
[2023-08-28T00:01:55.063+0000] {processor.py:829} INFO - Processing file /home/airflow/.local/lib/python3.8/site-packages/airflow/example_dags/tutorial_dag.py for tasks to queue
[2023-08-28T00:01:55.066+0000] {logging_mixin.py:151} INFO - [2023-08-28T00:01:55.066+0000] {dagbag.py:539} INFO - Filling up the DagBag from /home/airflow/.local/lib/python3.8/site-packages/airflow/example_dags/tutorial_dag.py
[2023-08-28T00:01:55.079+0000] {processor.py:839} INFO - DAG(s) dict_keys(['tutorial_dag']) retrieved from /home/airflow/.local/lib/python3.8/site-packages/airflow/example_dags/tutorial_dag.py
[2023-08-28T00:01:55.346+0000] {logging_mixin.py:151} INFO - [2023-08-28T00:01:55.345+0000] {manager.py:501} INFO - Created Permission View: can edit on DAG:tutorial_dag
[2023-08-28T00:01:55.359+0000] {logging_mixin.py:151} INFO - [2023-08-28T00:01:55.358+0000] {manager.py:501} INFO - Created Permission View: can delete on DAG:tutorial_dag
[2023-08-28T00:01:55.366+0000] {logging_mixin.py:151} INFO - [2023-08-28T00:01:55.366+0000] {manager.py:501} INFO - Created Permission View: can read on DAG:tutorial_dag
[2023-08-28T00:01:55.383+0000] {logging_mixin.py:151} INFO - [2023-08-28T00:01:55.383+0000] {dag.py:2907} INFO - Sync 1 DAGs
[2023-08-28T00:01:55.394+0000] {logging_mixin.py:151} INFO - [2023-08-28T00:01:55.393+0000] {dag.py:2929} INFO - Creating ORM DAG for tutorial_dag
[2023-08-28T00:01:55.395+0000] {logging_mixin.py:151} INFO - [2023-08-28T00:01:55.395+0000] {dag.py:3677} INFO - Setting next_dagrun for tutorial_dag to None, run_after=None
[2023-08-28T00:01:55.413+0000] {processor.py:179} INFO - Processing /home/airflow/.local/lib/python3.8/site-packages/airflow/example_dags/tutorial_dag.py took 0.356 seconds
[2023-08-28T00:02:27.260+0000] {processor.py:157} INFO - Started process (PID=92) to work on /home/airflow/.local/lib/python3.8/site-packages/airflow/example_dags/tutorial_dag.py
[2023-08-28T00:02:27.262+0000] {processor.py:829} INFO - Processing file /home/airflow/.local/lib/python3.8/site-packages/airflow/example_dags/tutorial_dag.py for tasks to queue
[2023-08-28T00:02:27.266+0000] {logging_mixin.py:151} INFO - [2023-08-28T00:02:27.265+0000] {dagbag.py:539} INFO - Filling up the DagBag from /home/airflow/.local/lib/python3.8/site-packages/airflow/example_dags/tutorial_dag.py
[2023-08-28T00:02:27.275+0000] {processor.py:839} INFO - DAG(s) dict_keys(['tutorial_dag']) retrieved from /home/airflow/.local/lib/python3.8/site-packages/airflow/example_dags/tutorial_dag.py
[2023-08-28T00:02:27.370+0000] {logging_mixin.py:151} INFO - [2023-08-28T00:02:27.370+0000] {dag.py:2907} INFO - Sync 1 DAGs
[2023-08-28T00:02:27.486+0000] {logging_mixin.py:151} INFO - [2023-08-28T00:02:27.486+0000] {dag.py:3677} INFO - Setting next_dagrun for tutorial_dag to None, run_after=None
[2023-08-28T00:02:27.512+0000] {processor.py:179} INFO - Processing /home/airflow/.local/lib/python3.8/site-packages/airflow/example_dags/tutorial_dag.py took 0.255 seconds
[2023-08-28T00:02:58.103+0000] {processor.py:157} INFO - Started process (PID=147) to work on /home/airflow/.local/lib/python3.8/site-packages/airflow/example_dags/tutorial_dag.py
[2023-08-28T00:02:58.105+0000] {processor.py:829} INFO - Processing file /home/airflow/.local/lib/python3.8/site-packages/airflow/example_dags/tutorial_dag.py for tasks to queue
[2023-08-28T00:02:58.107+0000] {logging_mixin.py:151} INFO - [2023-08-28T00:02:58.107+0000] {dagbag.py:539} INFO - Filling up the DagBag from /home/airflow/.local/lib/python3.8/site-packages/airflow/example_dags/tutorial_dag.py
[2023-08-28T00:02:58.116+0000] {processor.py:839} INFO - DAG(s) dict_keys(['tutorial_dag']) retrieved from /home/airflow/.local/lib/python3.8/site-packages/airflow/example_dags/tutorial_dag.py
[2023-08-28T00:02:58.196+0000] {logging_mixin.py:151} INFO - [2023-08-28T00:02:58.195+0000] {dag.py:2907} INFO - Sync 1 DAGs
[2023-08-28T00:02:58.221+0000] {logging_mixin.py:151} INFO - [2023-08-28T00:02:58.221+0000] {dag.py:3677} INFO - Setting next_dagrun for tutorial_dag to None, run_after=None
[2023-08-28T00:02:58.274+0000] {processor.py:179} INFO - Processing /home/airflow/.local/lib/python3.8/site-packages/airflow/example_dags/tutorial_dag.py took 0.174 seconds
[2023-08-28T00:03:30.368+0000] {processor.py:157} INFO - Started process (PID=201) to work on /home/airflow/.local/lib/python3.8/site-packages/airflow/example_dags/tutorial_dag.py
[2023-08-28T00:03:30.376+0000] {processor.py:829} INFO - Processing file /home/airflow/.local/lib/python3.8/site-packages/airflow/example_dags/tutorial_dag.py for tasks to queue
[2023-08-28T00:03:30.382+0000] {logging_mixin.py:151} INFO - [2023-08-28T00:03:30.381+0000] {dagbag.py:539} INFO - Filling up the DagBag from /home/airflow/.local/lib/python3.8/site-packages/airflow/example_dags/tutorial_dag.py
[2023-08-28T00:03:30.411+0000] {processor.py:839} INFO - DAG(s) dict_keys(['tutorial_dag']) retrieved from /home/airflow/.local/lib/python3.8/site-packages/airflow/example_dags/tutorial_dag.py
[2023-08-28T00:03:30.616+0000] {logging_mixin.py:151} INFO - [2023-08-28T00:03:30.615+0000] {dag.py:2907} INFO - Sync 1 DAGs
[2023-08-28T00:03:30.673+0000] {logging_mixin.py:151} INFO - [2023-08-28T00:03:30.672+0000] {dag.py:3677} INFO - Setting next_dagrun for tutorial_dag to None, run_after=None
[2023-08-28T00:03:30.756+0000] {processor.py:179} INFO - Processing /home/airflow/.local/lib/python3.8/site-packages/airflow/example_dags/tutorial_dag.py took 0.384 seconds
[2023-08-28T00:04:01.836+0000] {processor.py:157} INFO - Started process (PID=256) to work on /home/airflow/.local/lib/python3.8/site-packages/airflow/example_dags/tutorial_dag.py
[2023-08-28T00:04:01.843+0000] {processor.py:829} INFO - Processing file /home/airflow/.local/lib/python3.8/site-packages/airflow/example_dags/tutorial_dag.py for tasks to queue
[2023-08-28T00:04:01.854+0000] {logging_mixin.py:151} INFO - [2023-08-28T00:04:01.853+0000] {dagbag.py:539} INFO - Filling up the DagBag from /home/airflow/.local/lib/python3.8/site-packages/airflow/example_dags/tutorial_dag.py
[2023-08-28T00:04:01.866+0000] {processor.py:839} INFO - DAG(s) dict_keys(['tutorial_dag']) retrieved from /home/airflow/.local/lib/python3.8/site-packages/airflow/example_dags/tutorial_dag.py
[2023-08-28T00:04:01.968+0000] {logging_mixin.py:151} INFO - [2023-08-28T00:04:01.968+0000] {dag.py:2907} INFO - Sync 1 DAGs
[2023-08-28T00:04:01.989+0000] {logging_mixin.py:151} INFO - [2023-08-28T00:04:01.989+0000] {dag.py:3677} INFO - Setting next_dagrun for tutorial_dag to None, run_after=None
[2023-08-28T00:04:02.020+0000] {processor.py:179} INFO - Processing /home/airflow/.local/lib/python3.8/site-packages/airflow/example_dags/tutorial_dag.py took 0.196 seconds
[2023-08-28T00:04:32.244+0000] {processor.py:157} INFO - Started process (PID=311) to work on /home/airflow/.local/lib/python3.8/site-packages/airflow/example_dags/tutorial_dag.py
[2023-08-28T00:04:32.246+0000] {processor.py:829} INFO - Processing file /home/airflow/.local/lib/python3.8/site-packages/airflow/example_dags/tutorial_dag.py for tasks to queue
[2023-08-28T00:04:32.249+0000] {logging_mixin.py:151} INFO - [2023-08-28T00:04:32.249+0000] {dagbag.py:539} INFO - Filling up the DagBag from /home/airflow/.local/lib/python3.8/site-packages/airflow/example_dags/tutorial_dag.py
[2023-08-28T00:04:32.260+0000] {processor.py:839} INFO - DAG(s) dict_keys(['tutorial_dag']) retrieved from /home/airflow/.local/lib/python3.8/site-packages/airflow/example_dags/tutorial_dag.py
[2023-08-28T00:04:32.341+0000] {logging_mixin.py:151} INFO - [2023-08-28T00:04:32.341+0000] {dag.py:2907} INFO - Sync 1 DAGs
[2023-08-28T00:04:32.360+0000] {logging_mixin.py:151} INFO - [2023-08-28T00:04:32.359+0000] {dag.py:3677} INFO - Setting next_dagrun for tutorial_dag to None, run_after=None
[2023-08-28T00:04:32.387+0000] {processor.py:179} INFO - Processing /home/airflow/.local/lib/python3.8/site-packages/airflow/example_dags/tutorial_dag.py took 0.147 seconds
[2023-08-28T00:05:02.634+0000] {processor.py:157} INFO - Started process (PID=366) to work on /home/airflow/.local/lib/python3.8/site-packages/airflow/example_dags/tutorial_dag.py
[2023-08-28T00:05:02.636+0000] {processor.py:829} INFO - Processing file /home/airflow/.local/lib/python3.8/site-packages/airflow/example_dags/tutorial_dag.py for tasks to queue
[2023-08-28T00:05:02.639+0000] {logging_mixin.py:151} INFO - [2023-08-28T00:05:02.639+0000] {dagbag.py:539} INFO - Filling up the DagBag from /home/airflow/.local/lib/python3.8/site-packages/airflow/example_dags/tutorial_dag.py
[2023-08-28T00:05:02.649+0000] {processor.py:839} INFO - DAG(s) dict_keys(['tutorial_dag']) retrieved from /home/airflow/.local/lib/python3.8/site-packages/airflow/example_dags/tutorial_dag.py
[2023-08-28T00:05:02.728+0000] {logging_mixin.py:151} INFO - [2023-08-28T00:05:02.727+0000] {dag.py:2907} INFO - Sync 1 DAGs
[2023-08-28T00:05:02.745+0000] {logging_mixin.py:151} INFO - [2023-08-28T00:05:02.745+0000] {dag.py:3677} INFO - Setting next_dagrun for tutorial_dag to None, run_after=None
[2023-08-28T00:05:02.771+0000] {processor.py:179} INFO - Processing /home/airflow/.local/lib/python3.8/site-packages/airflow/example_dags/tutorial_dag.py took 0.141 seconds
[2023-08-28T00:08:39.693+0000] {processor.py:157} INFO - Started process (PID=39) to work on /home/airflow/.local/lib/python3.8/site-packages/airflow/example_dags/tutorial_dag.py
[2023-08-28T00:08:39.696+0000] {processor.py:829} INFO - Processing file /home/airflow/.local/lib/python3.8/site-packages/airflow/example_dags/tutorial_dag.py for tasks to queue
[2023-08-28T00:08:39.704+0000] {logging_mixin.py:151} INFO - [2023-08-28T00:08:39.703+0000] {dagbag.py:539} INFO - Filling up the DagBag from /home/airflow/.local/lib/python3.8/site-packages/airflow/example_dags/tutorial_dag.py
[2023-08-28T00:08:39.723+0000] {processor.py:839} INFO - DAG(s) dict_keys(['tutorial_dag']) retrieved from /home/airflow/.local/lib/python3.8/site-packages/airflow/example_dags/tutorial_dag.py
[2023-08-28T00:08:40.010+0000] {logging_mixin.py:151} INFO - [2023-08-28T00:08:40.008+0000] {dag.py:2907} INFO - Sync 1 DAGs
[2023-08-28T00:08:40.082+0000] {logging_mixin.py:151} INFO - [2023-08-28T00:08:40.081+0000] {dag.py:3677} INFO - Setting next_dagrun for tutorial_dag to None, run_after=None
[2023-08-28T00:08:40.137+0000] {processor.py:179} INFO - Processing /home/airflow/.local/lib/python3.8/site-packages/airflow/example_dags/tutorial_dag.py took 0.448 seconds
[2023-08-28T00:09:11.368+0000] {processor.py:157} INFO - Started process (PID=93) to work on /home/airflow/.local/lib/python3.8/site-packages/airflow/example_dags/tutorial_dag.py
[2023-08-28T00:09:11.370+0000] {processor.py:829} INFO - Processing file /home/airflow/.local/lib/python3.8/site-packages/airflow/example_dags/tutorial_dag.py for tasks to queue
[2023-08-28T00:09:11.374+0000] {logging_mixin.py:151} INFO - [2023-08-28T00:09:11.373+0000] {dagbag.py:539} INFO - Filling up the DagBag from /home/airflow/.local/lib/python3.8/site-packages/airflow/example_dags/tutorial_dag.py
[2023-08-28T00:09:11.383+0000] {processor.py:839} INFO - DAG(s) dict_keys(['tutorial_dag']) retrieved from /home/airflow/.local/lib/python3.8/site-packages/airflow/example_dags/tutorial_dag.py
[2023-08-28T00:09:11.464+0000] {logging_mixin.py:151} INFO - [2023-08-28T00:09:11.464+0000] {dag.py:2907} INFO - Sync 1 DAGs
[2023-08-28T00:09:11.574+0000] {logging_mixin.py:151} INFO - [2023-08-28T00:09:11.574+0000] {dag.py:3677} INFO - Setting next_dagrun for tutorial_dag to None, run_after=None
[2023-08-28T00:09:11.616+0000] {processor.py:179} INFO - Processing /home/airflow/.local/lib/python3.8/site-packages/airflow/example_dags/tutorial_dag.py took 0.252 seconds
[2023-08-28T00:09:42.096+0000] {processor.py:157} INFO - Started process (PID=148) to work on /home/airflow/.local/lib/python3.8/site-packages/airflow/example_dags/tutorial_dag.py
[2023-08-28T00:09:42.098+0000] {processor.py:829} INFO - Processing file /home/airflow/.local/lib/python3.8/site-packages/airflow/example_dags/tutorial_dag.py for tasks to queue
[2023-08-28T00:09:42.102+0000] {logging_mixin.py:151} INFO - [2023-08-28T00:09:42.101+0000] {dagbag.py:539} INFO - Filling up the DagBag from /home/airflow/.local/lib/python3.8/site-packages/airflow/example_dags/tutorial_dag.py
[2023-08-28T00:09:42.112+0000] {processor.py:839} INFO - DAG(s) dict_keys(['tutorial_dag']) retrieved from /home/airflow/.local/lib/python3.8/site-packages/airflow/example_dags/tutorial_dag.py
[2023-08-28T00:09:42.194+0000] {logging_mixin.py:151} INFO - [2023-08-28T00:09:42.194+0000] {dag.py:2907} INFO - Sync 1 DAGs
[2023-08-28T00:09:42.215+0000] {logging_mixin.py:151} INFO - [2023-08-28T00:09:42.215+0000] {dag.py:3677} INFO - Setting next_dagrun for tutorial_dag to None, run_after=None
[2023-08-28T00:09:42.246+0000] {processor.py:179} INFO - Processing /home/airflow/.local/lib/python3.8/site-packages/airflow/example_dags/tutorial_dag.py took 0.154 seconds
[2023-08-28T00:10:13.236+0000] {processor.py:157} INFO - Started process (PID=203) to work on /home/airflow/.local/lib/python3.8/site-packages/airflow/example_dags/tutorial_dag.py
[2023-08-28T00:10:13.240+0000] {processor.py:829} INFO - Processing file /home/airflow/.local/lib/python3.8/site-packages/airflow/example_dags/tutorial_dag.py for tasks to queue
[2023-08-28T00:10:13.245+0000] {logging_mixin.py:151} INFO - [2023-08-28T00:10:13.245+0000] {dagbag.py:539} INFO - Filling up the DagBag from /home/airflow/.local/lib/python3.8/site-packages/airflow/example_dags/tutorial_dag.py
[2023-08-28T00:10:13.266+0000] {processor.py:839} INFO - DAG(s) dict_keys(['tutorial_dag']) retrieved from /home/airflow/.local/lib/python3.8/site-packages/airflow/example_dags/tutorial_dag.py
[2023-08-28T00:10:13.380+0000] {logging_mixin.py:151} INFO - [2023-08-28T00:10:13.380+0000] {dag.py:2907} INFO - Sync 1 DAGs
[2023-08-28T00:10:13.412+0000] {logging_mixin.py:151} INFO - [2023-08-28T00:10:13.411+0000] {dag.py:3677} INFO - Setting next_dagrun for tutorial_dag to None, run_after=None
[2023-08-28T00:10:13.463+0000] {processor.py:179} INFO - Processing /home/airflow/.local/lib/python3.8/site-packages/airflow/example_dags/tutorial_dag.py took 0.234 seconds
[2023-08-28T00:10:43.638+0000] {processor.py:157} INFO - Started process (PID=258) to work on /home/airflow/.local/lib/python3.8/site-packages/airflow/example_dags/tutorial_dag.py
[2023-08-28T00:10:43.640+0000] {processor.py:829} INFO - Processing file /home/airflow/.local/lib/python3.8/site-packages/airflow/example_dags/tutorial_dag.py for tasks to queue
[2023-08-28T00:10:43.642+0000] {logging_mixin.py:151} INFO - [2023-08-28T00:10:43.642+0000] {dagbag.py:539} INFO - Filling up the DagBag from /home/airflow/.local/lib/python3.8/site-packages/airflow/example_dags/tutorial_dag.py
[2023-08-28T00:10:43.651+0000] {processor.py:839} INFO - DAG(s) dict_keys(['tutorial_dag']) retrieved from /home/airflow/.local/lib/python3.8/site-packages/airflow/example_dags/tutorial_dag.py
[2023-08-28T00:10:43.721+0000] {logging_mixin.py:151} INFO - [2023-08-28T00:10:43.721+0000] {dag.py:2907} INFO - Sync 1 DAGs
[2023-08-28T00:10:43.738+0000] {logging_mixin.py:151} INFO - [2023-08-28T00:10:43.737+0000] {dag.py:3677} INFO - Setting next_dagrun for tutorial_dag to None, run_after=None
[2023-08-28T00:10:43.763+0000] {processor.py:179} INFO - Processing /home/airflow/.local/lib/python3.8/site-packages/airflow/example_dags/tutorial_dag.py took 0.128 seconds
[2023-08-28T00:11:14.730+0000] {processor.py:157} INFO - Started process (PID=313) to work on /home/airflow/.local/lib/python3.8/site-packages/airflow/example_dags/tutorial_dag.py
[2023-08-28T00:11:14.732+0000] {processor.py:829} INFO - Processing file /home/airflow/.local/lib/python3.8/site-packages/airflow/example_dags/tutorial_dag.py for tasks to queue
[2023-08-28T00:11:14.734+0000] {logging_mixin.py:151} INFO - [2023-08-28T00:11:14.734+0000] {dagbag.py:539} INFO - Filling up the DagBag from /home/airflow/.local/lib/python3.8/site-packages/airflow/example_dags/tutorial_dag.py
[2023-08-28T00:11:14.742+0000] {processor.py:839} INFO - DAG(s) dict_keys(['tutorial_dag']) retrieved from /home/airflow/.local/lib/python3.8/site-packages/airflow/example_dags/tutorial_dag.py
[2023-08-28T00:11:14.814+0000] {logging_mixin.py:151} INFO - [2023-08-28T00:11:14.814+0000] {dag.py:2907} INFO - Sync 1 DAGs
[2023-08-28T00:11:14.831+0000] {logging_mixin.py:151} INFO - [2023-08-28T00:11:14.831+0000] {dag.py:3677} INFO - Setting next_dagrun for tutorial_dag to None, run_after=None
[2023-08-28T00:11:14.857+0000] {processor.py:179} INFO - Processing /home/airflow/.local/lib/python3.8/site-packages/airflow/example_dags/tutorial_dag.py took 0.129 seconds
[2023-08-28T00:11:46.007+0000] {processor.py:157} INFO - Started process (PID=373) to work on /home/airflow/.local/lib/python3.8/site-packages/airflow/example_dags/tutorial_dag.py
[2023-08-28T00:11:46.008+0000] {processor.py:829} INFO - Processing file /home/airflow/.local/lib/python3.8/site-packages/airflow/example_dags/tutorial_dag.py for tasks to queue
[2023-08-28T00:11:46.010+0000] {logging_mixin.py:151} INFO - [2023-08-28T00:11:46.010+0000] {dagbag.py:539} INFO - Filling up the DagBag from /home/airflow/.local/lib/python3.8/site-packages/airflow/example_dags/tutorial_dag.py
[2023-08-28T00:11:46.020+0000] {processor.py:839} INFO - DAG(s) dict_keys(['tutorial_dag']) retrieved from /home/airflow/.local/lib/python3.8/site-packages/airflow/example_dags/tutorial_dag.py
[2023-08-28T00:11:46.095+0000] {logging_mixin.py:151} INFO - [2023-08-28T00:11:46.094+0000] {dag.py:2907} INFO - Sync 1 DAGs
[2023-08-28T00:11:46.111+0000] {logging_mixin.py:151} INFO - [2023-08-28T00:11:46.111+0000] {dag.py:3677} INFO - Setting next_dagrun for tutorial_dag to None, run_after=None
[2023-08-28T00:11:46.137+0000] {processor.py:179} INFO - Processing /home/airflow/.local/lib/python3.8/site-packages/airflow/example_dags/tutorial_dag.py took 0.134 seconds
[2023-08-28T00:12:16.852+0000] {processor.py:157} INFO - Started process (PID=428) to work on /home/airflow/.local/lib/python3.8/site-packages/airflow/example_dags/tutorial_dag.py
[2023-08-28T00:12:16.854+0000] {processor.py:829} INFO - Processing file /home/airflow/.local/lib/python3.8/site-packages/airflow/example_dags/tutorial_dag.py for tasks to queue
[2023-08-28T00:12:16.858+0000] {logging_mixin.py:151} INFO - [2023-08-28T00:12:16.857+0000] {dagbag.py:539} INFO - Filling up the DagBag from /home/airflow/.local/lib/python3.8/site-packages/airflow/example_dags/tutorial_dag.py
[2023-08-28T00:12:16.870+0000] {processor.py:839} INFO - DAG(s) dict_keys(['tutorial_dag']) retrieved from /home/airflow/.local/lib/python3.8/site-packages/airflow/example_dags/tutorial_dag.py
[2023-08-28T00:12:16.967+0000] {logging_mixin.py:151} INFO - [2023-08-28T00:12:16.966+0000] {dag.py:2907} INFO - Sync 1 DAGs
[2023-08-28T00:12:16.994+0000] {logging_mixin.py:151} INFO - [2023-08-28T00:12:16.994+0000] {dag.py:3677} INFO - Setting next_dagrun for tutorial_dag to None, run_after=None
[2023-08-28T00:12:17.048+0000] {processor.py:179} INFO - Processing /home/airflow/.local/lib/python3.8/site-packages/airflow/example_dags/tutorial_dag.py took 0.199 seconds
[2023-08-28T00:12:47.986+0000] {processor.py:157} INFO - Started process (PID=483) to work on /home/airflow/.local/lib/python3.8/site-packages/airflow/example_dags/tutorial_dag.py
[2023-08-28T00:12:47.987+0000] {processor.py:829} INFO - Processing file /home/airflow/.local/lib/python3.8/site-packages/airflow/example_dags/tutorial_dag.py for tasks to queue
[2023-08-28T00:12:47.989+0000] {logging_mixin.py:151} INFO - [2023-08-28T00:12:47.989+0000] {dagbag.py:539} INFO - Filling up the DagBag from /home/airflow/.local/lib/python3.8/site-packages/airflow/example_dags/tutorial_dag.py
[2023-08-28T00:12:47.998+0000] {processor.py:839} INFO - DAG(s) dict_keys(['tutorial_dag']) retrieved from /home/airflow/.local/lib/python3.8/site-packages/airflow/example_dags/tutorial_dag.py
[2023-08-28T00:12:48.079+0000] {logging_mixin.py:151} INFO - [2023-08-28T00:12:48.079+0000] {dag.py:2907} INFO - Sync 1 DAGs
[2023-08-28T00:12:48.096+0000] {logging_mixin.py:151} INFO - [2023-08-28T00:12:48.096+0000] {dag.py:3677} INFO - Setting next_dagrun for tutorial_dag to None, run_after=None
[2023-08-28T00:12:48.122+0000] {processor.py:179} INFO - Processing /home/airflow/.local/lib/python3.8/site-packages/airflow/example_dags/tutorial_dag.py took 0.140 seconds
[2023-08-28T00:13:18.889+0000] {processor.py:157} INFO - Started process (PID=537) to work on /home/airflow/.local/lib/python3.8/site-packages/airflow/example_dags/tutorial_dag.py
[2023-08-28T00:13:18.891+0000] {processor.py:829} INFO - Processing file /home/airflow/.local/lib/python3.8/site-packages/airflow/example_dags/tutorial_dag.py for tasks to queue
[2023-08-28T00:13:18.894+0000] {logging_mixin.py:151} INFO - [2023-08-28T00:13:18.894+0000] {dagbag.py:539} INFO - Filling up the DagBag from /home/airflow/.local/lib/python3.8/site-packages/airflow/example_dags/tutorial_dag.py
[2023-08-28T00:13:18.924+0000] {processor.py:839} INFO - DAG(s) dict_keys(['tutorial_dag']) retrieved from /home/airflow/.local/lib/python3.8/site-packages/airflow/example_dags/tutorial_dag.py
[2023-08-28T00:13:19.056+0000] {logging_mixin.py:151} INFO - [2023-08-28T00:13:19.055+0000] {dag.py:2907} INFO - Sync 1 DAGs
[2023-08-28T00:13:19.102+0000] {logging_mixin.py:151} INFO - [2023-08-28T00:13:19.101+0000] {dag.py:3677} INFO - Setting next_dagrun for tutorial_dag to None, run_after=None
[2023-08-28T00:13:19.159+0000] {processor.py:179} INFO - Processing /home/airflow/.local/lib/python3.8/site-packages/airflow/example_dags/tutorial_dag.py took 0.274 seconds
[2023-08-28T00:13:49.451+0000] {processor.py:157} INFO - Started process (PID=592) to work on /home/airflow/.local/lib/python3.8/site-packages/airflow/example_dags/tutorial_dag.py
[2023-08-28T00:13:49.453+0000] {processor.py:829} INFO - Processing file /home/airflow/.local/lib/python3.8/site-packages/airflow/example_dags/tutorial_dag.py for tasks to queue
[2023-08-28T00:13:49.455+0000] {logging_mixin.py:151} INFO - [2023-08-28T00:13:49.455+0000] {dagbag.py:539} INFO - Filling up the DagBag from /home/airflow/.local/lib/python3.8/site-packages/airflow/example_dags/tutorial_dag.py
[2023-08-28T00:13:49.464+0000] {processor.py:839} INFO - DAG(s) dict_keys(['tutorial_dag']) retrieved from /home/airflow/.local/lib/python3.8/site-packages/airflow/example_dags/tutorial_dag.py
[2023-08-28T00:13:49.535+0000] {logging_mixin.py:151} INFO - [2023-08-28T00:13:49.535+0000] {dag.py:2907} INFO - Sync 1 DAGs
[2023-08-28T00:13:49.551+0000] {logging_mixin.py:151} INFO - [2023-08-28T00:13:49.551+0000] {dag.py:3677} INFO - Setting next_dagrun for tutorial_dag to None, run_after=None
[2023-08-28T00:13:49.575+0000] {processor.py:179} INFO - Processing /home/airflow/.local/lib/python3.8/site-packages/airflow/example_dags/tutorial_dag.py took 0.127 seconds
[2023-08-28T00:14:19.823+0000] {processor.py:157} INFO - Started process (PID=647) to work on /home/airflow/.local/lib/python3.8/site-packages/airflow/example_dags/tutorial_dag.py
[2023-08-28T00:14:19.825+0000] {processor.py:829} INFO - Processing file /home/airflow/.local/lib/python3.8/site-packages/airflow/example_dags/tutorial_dag.py for tasks to queue
[2023-08-28T00:14:19.829+0000] {logging_mixin.py:151} INFO - [2023-08-28T00:14:19.828+0000] {dagbag.py:539} INFO - Filling up the DagBag from /home/airflow/.local/lib/python3.8/site-packages/airflow/example_dags/tutorial_dag.py
[2023-08-28T00:14:19.839+0000] {processor.py:839} INFO - DAG(s) dict_keys(['tutorial_dag']) retrieved from /home/airflow/.local/lib/python3.8/site-packages/airflow/example_dags/tutorial_dag.py
[2023-08-28T00:14:19.930+0000] {logging_mixin.py:151} INFO - [2023-08-28T00:14:19.930+0000] {dag.py:2907} INFO - Sync 1 DAGs
[2023-08-28T00:14:19.950+0000] {logging_mixin.py:151} INFO - [2023-08-28T00:14:19.949+0000] {dag.py:3677} INFO - Setting next_dagrun for tutorial_dag to None, run_after=None
[2023-08-28T00:14:19.980+0000] {processor.py:179} INFO - Processing /home/airflow/.local/lib/python3.8/site-packages/airflow/example_dags/tutorial_dag.py took 0.160 seconds
[2023-08-28T00:14:50.754+0000] {processor.py:157} INFO - Started process (PID=702) to work on /home/airflow/.local/lib/python3.8/site-packages/airflow/example_dags/tutorial_dag.py
[2023-08-28T00:14:50.756+0000] {processor.py:829} INFO - Processing file /home/airflow/.local/lib/python3.8/site-packages/airflow/example_dags/tutorial_dag.py for tasks to queue
[2023-08-28T00:14:50.758+0000] {logging_mixin.py:151} INFO - [2023-08-28T00:14:50.758+0000] {dagbag.py:539} INFO - Filling up the DagBag from /home/airflow/.local/lib/python3.8/site-packages/airflow/example_dags/tutorial_dag.py
[2023-08-28T00:14:50.768+0000] {processor.py:839} INFO - DAG(s) dict_keys(['tutorial_dag']) retrieved from /home/airflow/.local/lib/python3.8/site-packages/airflow/example_dags/tutorial_dag.py
[2023-08-28T00:14:50.841+0000] {logging_mixin.py:151} INFO - [2023-08-28T00:14:50.841+0000] {dag.py:2907} INFO - Sync 1 DAGs
[2023-08-28T00:14:50.858+0000] {logging_mixin.py:151} INFO - [2023-08-28T00:14:50.858+0000] {dag.py:3677} INFO - Setting next_dagrun for tutorial_dag to None, run_after=None
[2023-08-28T00:14:50.884+0000] {processor.py:179} INFO - Processing /home/airflow/.local/lib/python3.8/site-packages/airflow/example_dags/tutorial_dag.py took 0.132 seconds
[2023-08-28T00:15:21.636+0000] {processor.py:157} INFO - Started process (PID=757) to work on /home/airflow/.local/lib/python3.8/site-packages/airflow/example_dags/tutorial_dag.py
[2023-08-28T00:15:21.637+0000] {processor.py:829} INFO - Processing file /home/airflow/.local/lib/python3.8/site-packages/airflow/example_dags/tutorial_dag.py for tasks to queue
[2023-08-28T00:15:21.640+0000] {logging_mixin.py:151} INFO - [2023-08-28T00:15:21.639+0000] {dagbag.py:539} INFO - Filling up the DagBag from /home/airflow/.local/lib/python3.8/site-packages/airflow/example_dags/tutorial_dag.py
[2023-08-28T00:15:21.649+0000] {processor.py:839} INFO - DAG(s) dict_keys(['tutorial_dag']) retrieved from /home/airflow/.local/lib/python3.8/site-packages/airflow/example_dags/tutorial_dag.py
[2023-08-28T00:15:21.742+0000] {logging_mixin.py:151} INFO - [2023-08-28T00:15:21.741+0000] {dag.py:2907} INFO - Sync 1 DAGs
[2023-08-28T00:15:21.770+0000] {logging_mixin.py:151} INFO - [2023-08-28T00:15:21.769+0000] {dag.py:3677} INFO - Setting next_dagrun for tutorial_dag to None, run_after=None
[2023-08-28T00:15:21.812+0000] {processor.py:179} INFO - Processing /home/airflow/.local/lib/python3.8/site-packages/airflow/example_dags/tutorial_dag.py took 0.179 seconds
[2023-08-28T00:15:52.543+0000] {processor.py:157} INFO - Started process (PID=812) to work on /home/airflow/.local/lib/python3.8/site-packages/airflow/example_dags/tutorial_dag.py
[2023-08-28T00:15:52.544+0000] {processor.py:829} INFO - Processing file /home/airflow/.local/lib/python3.8/site-packages/airflow/example_dags/tutorial_dag.py for tasks to queue
[2023-08-28T00:15:52.546+0000] {logging_mixin.py:151} INFO - [2023-08-28T00:15:52.546+0000] {dagbag.py:539} INFO - Filling up the DagBag from /home/airflow/.local/lib/python3.8/site-packages/airflow/example_dags/tutorial_dag.py
[2023-08-28T00:15:52.557+0000] {processor.py:839} INFO - DAG(s) dict_keys(['tutorial_dag']) retrieved from /home/airflow/.local/lib/python3.8/site-packages/airflow/example_dags/tutorial_dag.py
[2023-08-28T00:15:52.632+0000] {logging_mixin.py:151} INFO - [2023-08-28T00:15:52.631+0000] {dag.py:2907} INFO - Sync 1 DAGs
[2023-08-28T00:15:52.648+0000] {logging_mixin.py:151} INFO - [2023-08-28T00:15:52.648+0000] {dag.py:3677} INFO - Setting next_dagrun for tutorial_dag to None, run_after=None
[2023-08-28T00:15:52.674+0000] {processor.py:179} INFO - Processing /home/airflow/.local/lib/python3.8/site-packages/airflow/example_dags/tutorial_dag.py took 0.134 seconds
[2023-08-28T00:16:22.939+0000] {processor.py:157} INFO - Started process (PID=867) to work on /home/airflow/.local/lib/python3.8/site-packages/airflow/example_dags/tutorial_dag.py
[2023-08-28T00:16:22.940+0000] {processor.py:829} INFO - Processing file /home/airflow/.local/lib/python3.8/site-packages/airflow/example_dags/tutorial_dag.py for tasks to queue
[2023-08-28T00:16:22.942+0000] {logging_mixin.py:151} INFO - [2023-08-28T00:16:22.942+0000] {dagbag.py:539} INFO - Filling up the DagBag from /home/airflow/.local/lib/python3.8/site-packages/airflow/example_dags/tutorial_dag.py
[2023-08-28T00:16:22.951+0000] {processor.py:839} INFO - DAG(s) dict_keys(['tutorial_dag']) retrieved from /home/airflow/.local/lib/python3.8/site-packages/airflow/example_dags/tutorial_dag.py
[2023-08-28T00:16:23.025+0000] {logging_mixin.py:151} INFO - [2023-08-28T00:16:23.025+0000] {dag.py:2907} INFO - Sync 1 DAGs
[2023-08-28T00:16:23.042+0000] {logging_mixin.py:151} INFO - [2023-08-28T00:16:23.042+0000] {dag.py:3677} INFO - Setting next_dagrun for tutorial_dag to None, run_after=None
[2023-08-28T00:16:23.067+0000] {processor.py:179} INFO - Processing /home/airflow/.local/lib/python3.8/site-packages/airflow/example_dags/tutorial_dag.py took 0.131 seconds
[2023-08-28T00:16:53.243+0000] {processor.py:157} INFO - Started process (PID=922) to work on /home/airflow/.local/lib/python3.8/site-packages/airflow/example_dags/tutorial_dag.py
[2023-08-28T00:16:53.244+0000] {processor.py:829} INFO - Processing file /home/airflow/.local/lib/python3.8/site-packages/airflow/example_dags/tutorial_dag.py for tasks to queue
[2023-08-28T00:16:53.247+0000] {logging_mixin.py:151} INFO - [2023-08-28T00:16:53.247+0000] {dagbag.py:539} INFO - Filling up the DagBag from /home/airflow/.local/lib/python3.8/site-packages/airflow/example_dags/tutorial_dag.py
[2023-08-28T00:16:53.259+0000] {processor.py:839} INFO - DAG(s) dict_keys(['tutorial_dag']) retrieved from /home/airflow/.local/lib/python3.8/site-packages/airflow/example_dags/tutorial_dag.py
[2023-08-28T00:16:53.332+0000] {logging_mixin.py:151} INFO - [2023-08-28T00:16:53.332+0000] {dag.py:2907} INFO - Sync 1 DAGs
[2023-08-28T00:16:53.348+0000] {logging_mixin.py:151} INFO - [2023-08-28T00:16:53.348+0000] {dag.py:3677} INFO - Setting next_dagrun for tutorial_dag to None, run_after=None
[2023-08-28T00:16:53.373+0000] {processor.py:179} INFO - Processing /home/airflow/.local/lib/python3.8/site-packages/airflow/example_dags/tutorial_dag.py took 0.133 seconds
[2023-08-28T00:17:23.872+0000] {processor.py:157} INFO - Started process (PID=977) to work on /home/airflow/.local/lib/python3.8/site-packages/airflow/example_dags/tutorial_dag.py
[2023-08-28T00:17:23.874+0000] {processor.py:829} INFO - Processing file /home/airflow/.local/lib/python3.8/site-packages/airflow/example_dags/tutorial_dag.py for tasks to queue
[2023-08-28T00:17:23.876+0000] {logging_mixin.py:151} INFO - [2023-08-28T00:17:23.876+0000] {dagbag.py:539} INFO - Filling up the DagBag from /home/airflow/.local/lib/python3.8/site-packages/airflow/example_dags/tutorial_dag.py
[2023-08-28T00:17:23.885+0000] {processor.py:839} INFO - DAG(s) dict_keys(['tutorial_dag']) retrieved from /home/airflow/.local/lib/python3.8/site-packages/airflow/example_dags/tutorial_dag.py
[2023-08-28T00:17:24.408+0000] {logging_mixin.py:151} INFO - [2023-08-28T00:17:24.407+0000] {dag.py:2907} INFO - Sync 1 DAGs
[2023-08-28T00:17:24.451+0000] {logging_mixin.py:151} INFO - [2023-08-28T00:17:24.451+0000] {dag.py:3677} INFO - Setting next_dagrun for tutorial_dag to None, run_after=None
[2023-08-28T00:17:24.581+0000] {processor.py:179} INFO - Processing /home/airflow/.local/lib/python3.8/site-packages/airflow/example_dags/tutorial_dag.py took 0.712 seconds
[2023-08-28T00:17:54.991+0000] {processor.py:157} INFO - Started process (PID=1032) to work on /home/airflow/.local/lib/python3.8/site-packages/airflow/example_dags/tutorial_dag.py
[2023-08-28T00:17:54.992+0000] {processor.py:829} INFO - Processing file /home/airflow/.local/lib/python3.8/site-packages/airflow/example_dags/tutorial_dag.py for tasks to queue
[2023-08-28T00:17:54.995+0000] {logging_mixin.py:151} INFO - [2023-08-28T00:17:54.995+0000] {dagbag.py:539} INFO - Filling up the DagBag from /home/airflow/.local/lib/python3.8/site-packages/airflow/example_dags/tutorial_dag.py
[2023-08-28T00:17:55.007+0000] {processor.py:839} INFO - DAG(s) dict_keys(['tutorial_dag']) retrieved from /home/airflow/.local/lib/python3.8/site-packages/airflow/example_dags/tutorial_dag.py
[2023-08-28T00:17:55.092+0000] {logging_mixin.py:151} INFO - [2023-08-28T00:17:55.092+0000] {dag.py:2907} INFO - Sync 1 DAGs
[2023-08-28T00:17:55.114+0000] {logging_mixin.py:151} INFO - [2023-08-28T00:17:55.114+0000] {dag.py:3677} INFO - Setting next_dagrun for tutorial_dag to None, run_after=None
[2023-08-28T00:17:55.192+0000] {processor.py:179} INFO - Processing /home/airflow/.local/lib/python3.8/site-packages/airflow/example_dags/tutorial_dag.py took 0.205 seconds
[2023-08-28T00:18:26.277+0000] {processor.py:157} INFO - Started process (PID=1086) to work on /home/airflow/.local/lib/python3.8/site-packages/airflow/example_dags/tutorial_dag.py
[2023-08-28T00:18:26.280+0000] {processor.py:829} INFO - Processing file /home/airflow/.local/lib/python3.8/site-packages/airflow/example_dags/tutorial_dag.py for tasks to queue
[2023-08-28T00:18:26.284+0000] {logging_mixin.py:151} INFO - [2023-08-28T00:18:26.283+0000] {dagbag.py:539} INFO - Filling up the DagBag from /home/airflow/.local/lib/python3.8/site-packages/airflow/example_dags/tutorial_dag.py
[2023-08-28T00:18:26.294+0000] {processor.py:839} INFO - DAG(s) dict_keys(['tutorial_dag']) retrieved from /home/airflow/.local/lib/python3.8/site-packages/airflow/example_dags/tutorial_dag.py
[2023-08-28T00:18:26.368+0000] {logging_mixin.py:151} INFO - [2023-08-28T00:18:26.367+0000] {dag.py:2907} INFO - Sync 1 DAGs
[2023-08-28T00:18:26.390+0000] {logging_mixin.py:151} INFO - [2023-08-28T00:18:26.390+0000] {dag.py:3677} INFO - Setting next_dagrun for tutorial_dag to None, run_after=None
[2023-08-28T00:18:26.425+0000] {processor.py:179} INFO - Processing /home/airflow/.local/lib/python3.8/site-packages/airflow/example_dags/tutorial_dag.py took 0.152 seconds
[2023-08-28T00:18:57.619+0000] {processor.py:157} INFO - Started process (PID=1141) to work on /home/airflow/.local/lib/python3.8/site-packages/airflow/example_dags/tutorial_dag.py
[2023-08-28T00:18:57.621+0000] {processor.py:829} INFO - Processing file /home/airflow/.local/lib/python3.8/site-packages/airflow/example_dags/tutorial_dag.py for tasks to queue
[2023-08-28T00:18:57.626+0000] {logging_mixin.py:151} INFO - [2023-08-28T00:18:57.624+0000] {dagbag.py:539} INFO - Filling up the DagBag from /home/airflow/.local/lib/python3.8/site-packages/airflow/example_dags/tutorial_dag.py
[2023-08-28T00:18:57.637+0000] {processor.py:839} INFO - DAG(s) dict_keys(['tutorial_dag']) retrieved from /home/airflow/.local/lib/python3.8/site-packages/airflow/example_dags/tutorial_dag.py
[2023-08-28T00:18:57.743+0000] {logging_mixin.py:151} INFO - [2023-08-28T00:18:57.743+0000] {dag.py:2907} INFO - Sync 1 DAGs
[2023-08-28T00:18:57.766+0000] {logging_mixin.py:151} INFO - [2023-08-28T00:18:57.766+0000] {dag.py:3677} INFO - Setting next_dagrun for tutorial_dag to None, run_after=None
[2023-08-28T00:18:57.795+0000] {processor.py:179} INFO - Processing /home/airflow/.local/lib/python3.8/site-packages/airflow/example_dags/tutorial_dag.py took 0.181 seconds
[2023-08-28T00:19:28.524+0000] {processor.py:157} INFO - Started process (PID=1196) to work on /home/airflow/.local/lib/python3.8/site-packages/airflow/example_dags/tutorial_dag.py
[2023-08-28T00:19:28.526+0000] {processor.py:829} INFO - Processing file /home/airflow/.local/lib/python3.8/site-packages/airflow/example_dags/tutorial_dag.py for tasks to queue
[2023-08-28T00:19:28.528+0000] {logging_mixin.py:151} INFO - [2023-08-28T00:19:28.527+0000] {dagbag.py:539} INFO - Filling up the DagBag from /home/airflow/.local/lib/python3.8/site-packages/airflow/example_dags/tutorial_dag.py
[2023-08-28T00:19:28.537+0000] {processor.py:839} INFO - DAG(s) dict_keys(['tutorial_dag']) retrieved from /home/airflow/.local/lib/python3.8/site-packages/airflow/example_dags/tutorial_dag.py
[2023-08-28T00:19:28.611+0000] {logging_mixin.py:151} INFO - [2023-08-28T00:19:28.611+0000] {dag.py:2907} INFO - Sync 1 DAGs
[2023-08-28T00:19:28.629+0000] {logging_mixin.py:151} INFO - [2023-08-28T00:19:28.629+0000] {dag.py:3677} INFO - Setting next_dagrun for tutorial_dag to None, run_after=None
[2023-08-28T00:19:28.656+0000] {processor.py:179} INFO - Processing /home/airflow/.local/lib/python3.8/site-packages/airflow/example_dags/tutorial_dag.py took 0.135 seconds
[2023-08-28T00:19:58.987+0000] {processor.py:157} INFO - Started process (PID=1251) to work on /home/airflow/.local/lib/python3.8/site-packages/airflow/example_dags/tutorial_dag.py
[2023-08-28T00:19:58.989+0000] {processor.py:829} INFO - Processing file /home/airflow/.local/lib/python3.8/site-packages/airflow/example_dags/tutorial_dag.py for tasks to queue
[2023-08-28T00:19:58.992+0000] {logging_mixin.py:151} INFO - [2023-08-28T00:19:58.992+0000] {dagbag.py:539} INFO - Filling up the DagBag from /home/airflow/.local/lib/python3.8/site-packages/airflow/example_dags/tutorial_dag.py
[2023-08-28T00:19:59.004+0000] {processor.py:839} INFO - DAG(s) dict_keys(['tutorial_dag']) retrieved from /home/airflow/.local/lib/python3.8/site-packages/airflow/example_dags/tutorial_dag.py
[2023-08-28T00:19:59.092+0000] {logging_mixin.py:151} INFO - [2023-08-28T00:19:59.092+0000] {dag.py:2907} INFO - Sync 1 DAGs
[2023-08-28T00:19:59.116+0000] {logging_mixin.py:151} INFO - [2023-08-28T00:19:59.115+0000] {dag.py:3677} INFO - Setting next_dagrun for tutorial_dag to None, run_after=None
[2023-08-28T00:19:59.170+0000] {processor.py:179} INFO - Processing /home/airflow/.local/lib/python3.8/site-packages/airflow/example_dags/tutorial_dag.py took 0.186 seconds
[2023-08-28T00:20:29.710+0000] {processor.py:157} INFO - Started process (PID=1306) to work on /home/airflow/.local/lib/python3.8/site-packages/airflow/example_dags/tutorial_dag.py
[2023-08-28T00:20:29.711+0000] {processor.py:829} INFO - Processing file /home/airflow/.local/lib/python3.8/site-packages/airflow/example_dags/tutorial_dag.py for tasks to queue
[2023-08-28T00:20:29.714+0000] {logging_mixin.py:151} INFO - [2023-08-28T00:20:29.713+0000] {dagbag.py:539} INFO - Filling up the DagBag from /home/airflow/.local/lib/python3.8/site-packages/airflow/example_dags/tutorial_dag.py
[2023-08-28T00:20:29.722+0000] {processor.py:839} INFO - DAG(s) dict_keys(['tutorial_dag']) retrieved from /home/airflow/.local/lib/python3.8/site-packages/airflow/example_dags/tutorial_dag.py
[2023-08-28T00:20:29.796+0000] {logging_mixin.py:151} INFO - [2023-08-28T00:20:29.795+0000] {dag.py:2907} INFO - Sync 1 DAGs
[2023-08-28T00:20:29.812+0000] {logging_mixin.py:151} INFO - [2023-08-28T00:20:29.812+0000] {dag.py:3677} INFO - Setting next_dagrun for tutorial_dag to None, run_after=None
[2023-08-28T00:20:29.842+0000] {processor.py:179} INFO - Processing /home/airflow/.local/lib/python3.8/site-packages/airflow/example_dags/tutorial_dag.py took 0.135 seconds
[2023-08-28T00:21:00.934+0000] {processor.py:157} INFO - Started process (PID=1361) to work on /home/airflow/.local/lib/python3.8/site-packages/airflow/example_dags/tutorial_dag.py
[2023-08-28T00:21:00.936+0000] {processor.py:829} INFO - Processing file /home/airflow/.local/lib/python3.8/site-packages/airflow/example_dags/tutorial_dag.py for tasks to queue
[2023-08-28T00:21:00.944+0000] {logging_mixin.py:151} INFO - [2023-08-28T00:21:00.943+0000] {dagbag.py:539} INFO - Filling up the DagBag from /home/airflow/.local/lib/python3.8/site-packages/airflow/example_dags/tutorial_dag.py
[2023-08-28T00:21:00.962+0000] {processor.py:839} INFO - DAG(s) dict_keys(['tutorial_dag']) retrieved from /home/airflow/.local/lib/python3.8/site-packages/airflow/example_dags/tutorial_dag.py
[2023-08-28T00:21:01.050+0000] {logging_mixin.py:151} INFO - [2023-08-28T00:21:01.050+0000] {dag.py:2907} INFO - Sync 1 DAGs
[2023-08-28T00:21:01.070+0000] {logging_mixin.py:151} INFO - [2023-08-28T00:21:01.070+0000] {dag.py:3677} INFO - Setting next_dagrun for tutorial_dag to None, run_after=None
[2023-08-28T00:21:01.098+0000] {processor.py:179} INFO - Processing /home/airflow/.local/lib/python3.8/site-packages/airflow/example_dags/tutorial_dag.py took 0.168 seconds
[2023-08-28T00:21:32.021+0000] {processor.py:157} INFO - Started process (PID=1416) to work on /home/airflow/.local/lib/python3.8/site-packages/airflow/example_dags/tutorial_dag.py
[2023-08-28T00:21:32.029+0000] {processor.py:829} INFO - Processing file /home/airflow/.local/lib/python3.8/site-packages/airflow/example_dags/tutorial_dag.py for tasks to queue
[2023-08-28T00:21:32.054+0000] {logging_mixin.py:151} INFO - [2023-08-28T00:21:32.053+0000] {dagbag.py:539} INFO - Filling up the DagBag from /home/airflow/.local/lib/python3.8/site-packages/airflow/example_dags/tutorial_dag.py
[2023-08-28T00:21:32.074+0000] {processor.py:839} INFO - DAG(s) dict_keys(['tutorial_dag']) retrieved from /home/airflow/.local/lib/python3.8/site-packages/airflow/example_dags/tutorial_dag.py
[2023-08-28T00:21:32.226+0000] {logging_mixin.py:151} INFO - [2023-08-28T00:21:32.225+0000] {dag.py:2907} INFO - Sync 1 DAGs
[2023-08-28T00:21:32.253+0000] {logging_mixin.py:151} INFO - [2023-08-28T00:21:32.253+0000] {dag.py:3677} INFO - Setting next_dagrun for tutorial_dag to None, run_after=None
[2023-08-28T00:21:32.293+0000] {processor.py:179} INFO - Processing /home/airflow/.local/lib/python3.8/site-packages/airflow/example_dags/tutorial_dag.py took 0.287 seconds
[2023-08-28T00:22:02.357+0000] {processor.py:157} INFO - Started process (PID=1471) to work on /home/airflow/.local/lib/python3.8/site-packages/airflow/example_dags/tutorial_dag.py
[2023-08-28T00:22:02.359+0000] {processor.py:829} INFO - Processing file /home/airflow/.local/lib/python3.8/site-packages/airflow/example_dags/tutorial_dag.py for tasks to queue
[2023-08-28T00:22:02.365+0000] {logging_mixin.py:151} INFO - [2023-08-28T00:22:02.364+0000] {dagbag.py:539} INFO - Filling up the DagBag from /home/airflow/.local/lib/python3.8/site-packages/airflow/example_dags/tutorial_dag.py
[2023-08-28T00:22:02.383+0000] {processor.py:839} INFO - DAG(s) dict_keys(['tutorial_dag']) retrieved from /home/airflow/.local/lib/python3.8/site-packages/airflow/example_dags/tutorial_dag.py
[2023-08-28T00:22:02.460+0000] {logging_mixin.py:151} INFO - [2023-08-28T00:22:02.459+0000] {dag.py:2907} INFO - Sync 1 DAGs
[2023-08-28T00:22:02.477+0000] {logging_mixin.py:151} INFO - [2023-08-28T00:22:02.477+0000] {dag.py:3677} INFO - Setting next_dagrun for tutorial_dag to None, run_after=None
[2023-08-28T00:22:02.509+0000] {processor.py:179} INFO - Processing /home/airflow/.local/lib/python3.8/site-packages/airflow/example_dags/tutorial_dag.py took 0.157 seconds
