[2023-08-28T00:02:03.593+0000] {processor.py:157} INFO - Started process (PID=59) to work on /home/airflow/.local/lib/python3.8/site-packages/airflow/example_dags/tutorial_taskflow_api.py
[2023-08-28T00:02:03.594+0000] {processor.py:829} INFO - Processing file /home/airflow/.local/lib/python3.8/site-packages/airflow/example_dags/tutorial_taskflow_api.py for tasks to queue
[2023-08-28T00:02:03.596+0000] {logging_mixin.py:151} INFO - [2023-08-28T00:02:03.596+0000] {dagbag.py:539} INFO - Filling up the DagBag from /home/airflow/.local/lib/python3.8/site-packages/airflow/example_dags/tutorial_taskflow_api.py
[2023-08-28T00:02:03.606+0000] {processor.py:839} INFO - DAG(s) dict_keys(['tutorial_taskflow_api']) retrieved from /home/airflow/.local/lib/python3.8/site-packages/airflow/example_dags/tutorial_taskflow_api.py
[2023-08-28T00:02:03.873+0000] {logging_mixin.py:151} INFO - [2023-08-28T00:02:03.872+0000] {manager.py:501} INFO - Created Permission View: can edit on DAG:tutorial_taskflow_api
[2023-08-28T00:02:03.887+0000] {logging_mixin.py:151} INFO - [2023-08-28T00:02:03.887+0000] {manager.py:501} INFO - Created Permission View: can delete on DAG:tutorial_taskflow_api
[2023-08-28T00:02:03.894+0000] {logging_mixin.py:151} INFO - [2023-08-28T00:02:03.894+0000] {manager.py:501} INFO - Created Permission View: can read on DAG:tutorial_taskflow_api
[2023-08-28T00:02:03.911+0000] {logging_mixin.py:151} INFO - [2023-08-28T00:02:03.911+0000] {dag.py:2907} INFO - Sync 1 DAGs
[2023-08-28T00:02:03.920+0000] {logging_mixin.py:151} INFO - [2023-08-28T00:02:03.920+0000] {dag.py:2929} INFO - Creating ORM DAG for tutorial_taskflow_api
[2023-08-28T00:02:03.921+0000] {logging_mixin.py:151} INFO - [2023-08-28T00:02:03.921+0000] {dag.py:3677} INFO - Setting next_dagrun for tutorial_taskflow_api to None, run_after=None
[2023-08-28T00:02:03.938+0000] {processor.py:179} INFO - Processing /home/airflow/.local/lib/python3.8/site-packages/airflow/example_dags/tutorial_taskflow_api.py took 0.347 seconds
[2023-08-28T00:02:34.128+0000] {processor.py:157} INFO - Started process (PID=114) to work on /home/airflow/.local/lib/python3.8/site-packages/airflow/example_dags/tutorial_taskflow_api.py
[2023-08-28T00:02:34.129+0000] {processor.py:829} INFO - Processing file /home/airflow/.local/lib/python3.8/site-packages/airflow/example_dags/tutorial_taskflow_api.py for tasks to queue
[2023-08-28T00:02:34.133+0000] {logging_mixin.py:151} INFO - [2023-08-28T00:02:34.132+0000] {dagbag.py:539} INFO - Filling up the DagBag from /home/airflow/.local/lib/python3.8/site-packages/airflow/example_dags/tutorial_taskflow_api.py
[2023-08-28T00:02:34.145+0000] {processor.py:839} INFO - DAG(s) dict_keys(['tutorial_taskflow_api']) retrieved from /home/airflow/.local/lib/python3.8/site-packages/airflow/example_dags/tutorial_taskflow_api.py
[2023-08-28T00:02:34.358+0000] {logging_mixin.py:151} INFO - [2023-08-28T00:02:34.358+0000] {dag.py:2907} INFO - Sync 1 DAGs
[2023-08-28T00:02:34.375+0000] {logging_mixin.py:151} INFO - [2023-08-28T00:02:34.375+0000] {dag.py:3677} INFO - Setting next_dagrun for tutorial_taskflow_api to None, run_after=None
[2023-08-28T00:02:34.406+0000] {processor.py:179} INFO - Processing /home/airflow/.local/lib/python3.8/site-packages/airflow/example_dags/tutorial_taskflow_api.py took 0.282 seconds
[2023-08-28T00:03:05.101+0000] {processor.py:157} INFO - Started process (PID=169) to work on /home/airflow/.local/lib/python3.8/site-packages/airflow/example_dags/tutorial_taskflow_api.py
[2023-08-28T00:03:05.102+0000] {processor.py:829} INFO - Processing file /home/airflow/.local/lib/python3.8/site-packages/airflow/example_dags/tutorial_taskflow_api.py for tasks to queue
[2023-08-28T00:03:05.105+0000] {logging_mixin.py:151} INFO - [2023-08-28T00:03:05.104+0000] {dagbag.py:539} INFO - Filling up the DagBag from /home/airflow/.local/lib/python3.8/site-packages/airflow/example_dags/tutorial_taskflow_api.py
[2023-08-28T00:03:05.115+0000] {processor.py:839} INFO - DAG(s) dict_keys(['tutorial_taskflow_api']) retrieved from /home/airflow/.local/lib/python3.8/site-packages/airflow/example_dags/tutorial_taskflow_api.py
[2023-08-28T00:03:05.197+0000] {logging_mixin.py:151} INFO - [2023-08-28T00:03:05.197+0000] {dag.py:2907} INFO - Sync 1 DAGs
[2023-08-28T00:03:05.215+0000] {logging_mixin.py:151} INFO - [2023-08-28T00:03:05.215+0000] {dag.py:3677} INFO - Setting next_dagrun for tutorial_taskflow_api to None, run_after=None
[2023-08-28T00:03:05.239+0000] {processor.py:179} INFO - Processing /home/airflow/.local/lib/python3.8/site-packages/airflow/example_dags/tutorial_taskflow_api.py took 0.141 seconds
[2023-08-28T00:03:35.595+0000] {processor.py:157} INFO - Started process (PID=223) to work on /home/airflow/.local/lib/python3.8/site-packages/airflow/example_dags/tutorial_taskflow_api.py
[2023-08-28T00:03:35.597+0000] {processor.py:829} INFO - Processing file /home/airflow/.local/lib/python3.8/site-packages/airflow/example_dags/tutorial_taskflow_api.py for tasks to queue
[2023-08-28T00:03:35.600+0000] {logging_mixin.py:151} INFO - [2023-08-28T00:03:35.599+0000] {dagbag.py:539} INFO - Filling up the DagBag from /home/airflow/.local/lib/python3.8/site-packages/airflow/example_dags/tutorial_taskflow_api.py
[2023-08-28T00:03:35.609+0000] {processor.py:839} INFO - DAG(s) dict_keys(['tutorial_taskflow_api']) retrieved from /home/airflow/.local/lib/python3.8/site-packages/airflow/example_dags/tutorial_taskflow_api.py
[2023-08-28T00:03:35.698+0000] {logging_mixin.py:151} INFO - [2023-08-28T00:03:35.698+0000] {dag.py:2907} INFO - Sync 1 DAGs
[2023-08-28T00:03:35.718+0000] {logging_mixin.py:151} INFO - [2023-08-28T00:03:35.718+0000] {dag.py:3677} INFO - Setting next_dagrun for tutorial_taskflow_api to None, run_after=None
[2023-08-28T00:03:35.744+0000] {processor.py:179} INFO - Processing /home/airflow/.local/lib/python3.8/site-packages/airflow/example_dags/tutorial_taskflow_api.py took 0.153 seconds
[2023-08-28T00:04:06.493+0000] {processor.py:157} INFO - Started process (PID=278) to work on /home/airflow/.local/lib/python3.8/site-packages/airflow/example_dags/tutorial_taskflow_api.py
[2023-08-28T00:04:06.495+0000] {processor.py:829} INFO - Processing file /home/airflow/.local/lib/python3.8/site-packages/airflow/example_dags/tutorial_taskflow_api.py for tasks to queue
[2023-08-28T00:04:06.498+0000] {logging_mixin.py:151} INFO - [2023-08-28T00:04:06.498+0000] {dagbag.py:539} INFO - Filling up the DagBag from /home/airflow/.local/lib/python3.8/site-packages/airflow/example_dags/tutorial_taskflow_api.py
[2023-08-28T00:04:06.511+0000] {processor.py:839} INFO - DAG(s) dict_keys(['tutorial_taskflow_api']) retrieved from /home/airflow/.local/lib/python3.8/site-packages/airflow/example_dags/tutorial_taskflow_api.py
[2023-08-28T00:04:06.591+0000] {logging_mixin.py:151} INFO - [2023-08-28T00:04:06.591+0000] {dag.py:2907} INFO - Sync 1 DAGs
[2023-08-28T00:04:06.608+0000] {logging_mixin.py:151} INFO - [2023-08-28T00:04:06.608+0000] {dag.py:3677} INFO - Setting next_dagrun for tutorial_taskflow_api to None, run_after=None
[2023-08-28T00:04:06.632+0000] {processor.py:179} INFO - Processing /home/airflow/.local/lib/python3.8/site-packages/airflow/example_dags/tutorial_taskflow_api.py took 0.143 seconds
[2023-08-28T00:04:36.818+0000] {processor.py:157} INFO - Started process (PID=333) to work on /home/airflow/.local/lib/python3.8/site-packages/airflow/example_dags/tutorial_taskflow_api.py
[2023-08-28T00:04:36.820+0000] {processor.py:829} INFO - Processing file /home/airflow/.local/lib/python3.8/site-packages/airflow/example_dags/tutorial_taskflow_api.py for tasks to queue
[2023-08-28T00:04:36.823+0000] {logging_mixin.py:151} INFO - [2023-08-28T00:04:36.823+0000] {dagbag.py:539} INFO - Filling up the DagBag from /home/airflow/.local/lib/python3.8/site-packages/airflow/example_dags/tutorial_taskflow_api.py
[2023-08-28T00:04:36.836+0000] {processor.py:839} INFO - DAG(s) dict_keys(['tutorial_taskflow_api']) retrieved from /home/airflow/.local/lib/python3.8/site-packages/airflow/example_dags/tutorial_taskflow_api.py
[2023-08-28T00:04:36.954+0000] {logging_mixin.py:151} INFO - [2023-08-28T00:04:36.952+0000] {dag.py:2907} INFO - Sync 1 DAGs
[2023-08-28T00:04:36.980+0000] {logging_mixin.py:151} INFO - [2023-08-28T00:04:36.980+0000] {dag.py:3677} INFO - Setting next_dagrun for tutorial_taskflow_api to None, run_after=None
[2023-08-28T00:04:37.018+0000] {processor.py:179} INFO - Processing /home/airflow/.local/lib/python3.8/site-packages/airflow/example_dags/tutorial_taskflow_api.py took 0.204 seconds
[2023-08-28T00:05:07.967+0000] {processor.py:157} INFO - Started process (PID=388) to work on /home/airflow/.local/lib/python3.8/site-packages/airflow/example_dags/tutorial_taskflow_api.py
[2023-08-28T00:05:07.971+0000] {processor.py:829} INFO - Processing file /home/airflow/.local/lib/python3.8/site-packages/airflow/example_dags/tutorial_taskflow_api.py for tasks to queue
[2023-08-28T00:05:07.976+0000] {logging_mixin.py:151} INFO - [2023-08-28T00:05:07.975+0000] {dagbag.py:539} INFO - Filling up the DagBag from /home/airflow/.local/lib/python3.8/site-packages/airflow/example_dags/tutorial_taskflow_api.py
[2023-08-28T00:05:07.994+0000] {processor.py:839} INFO - DAG(s) dict_keys(['tutorial_taskflow_api']) retrieved from /home/airflow/.local/lib/python3.8/site-packages/airflow/example_dags/tutorial_taskflow_api.py
[2023-08-28T00:05:08.111+0000] {logging_mixin.py:151} INFO - [2023-08-28T00:05:08.111+0000] {dag.py:2907} INFO - Sync 1 DAGs
[2023-08-28T00:05:08.160+0000] {logging_mixin.py:151} INFO - [2023-08-28T00:05:08.160+0000] {dag.py:3677} INFO - Setting next_dagrun for tutorial_taskflow_api to None, run_after=None
[2023-08-28T00:05:08.235+0000] {processor.py:179} INFO - Processing /home/airflow/.local/lib/python3.8/site-packages/airflow/example_dags/tutorial_taskflow_api.py took 0.276 seconds
[2023-08-28T00:08:50.514+0000] {processor.py:157} INFO - Started process (PID=67) to work on /home/airflow/.local/lib/python3.8/site-packages/airflow/example_dags/tutorial_taskflow_api.py
[2023-08-28T00:08:50.519+0000] {processor.py:829} INFO - Processing file /home/airflow/.local/lib/python3.8/site-packages/airflow/example_dags/tutorial_taskflow_api.py for tasks to queue
[2023-08-28T00:08:50.529+0000] {logging_mixin.py:151} INFO - [2023-08-28T00:08:50.528+0000] {dagbag.py:539} INFO - Filling up the DagBag from /home/airflow/.local/lib/python3.8/site-packages/airflow/example_dags/tutorial_taskflow_api.py
[2023-08-28T00:08:50.551+0000] {processor.py:839} INFO - DAG(s) dict_keys(['tutorial_taskflow_api']) retrieved from /home/airflow/.local/lib/python3.8/site-packages/airflow/example_dags/tutorial_taskflow_api.py
[2023-08-28T00:08:50.682+0000] {logging_mixin.py:151} INFO - [2023-08-28T00:08:50.682+0000] {dag.py:2907} INFO - Sync 1 DAGs
[2023-08-28T00:08:50.717+0000] {logging_mixin.py:151} INFO - [2023-08-28T00:08:50.715+0000] {dag.py:3677} INFO - Setting next_dagrun for tutorial_taskflow_api to None, run_after=None
[2023-08-28T00:08:50.780+0000] {processor.py:179} INFO - Processing /home/airflow/.local/lib/python3.8/site-packages/airflow/example_dags/tutorial_taskflow_api.py took 0.273 seconds
[2023-08-28T00:09:22.851+0000] {processor.py:157} INFO - Started process (PID=122) to work on /home/airflow/.local/lib/python3.8/site-packages/airflow/example_dags/tutorial_taskflow_api.py
[2023-08-28T00:09:22.870+0000] {processor.py:829} INFO - Processing file /home/airflow/.local/lib/python3.8/site-packages/airflow/example_dags/tutorial_taskflow_api.py for tasks to queue
[2023-08-28T00:09:22.882+0000] {logging_mixin.py:151} INFO - [2023-08-28T00:09:22.881+0000] {dagbag.py:539} INFO - Filling up the DagBag from /home/airflow/.local/lib/python3.8/site-packages/airflow/example_dags/tutorial_taskflow_api.py
[2023-08-28T00:09:23.206+0000] {processor.py:839} INFO - DAG(s) dict_keys(['tutorial_taskflow_api']) retrieved from /home/airflow/.local/lib/python3.8/site-packages/airflow/example_dags/tutorial_taskflow_api.py
[2023-08-28T00:09:23.355+0000] {logging_mixin.py:151} INFO - [2023-08-28T00:09:23.354+0000] {dag.py:2907} INFO - Sync 1 DAGs
[2023-08-28T00:09:23.399+0000] {logging_mixin.py:151} INFO - [2023-08-28T00:09:23.398+0000] {dag.py:3677} INFO - Setting next_dagrun for tutorial_taskflow_api to None, run_after=None
[2023-08-28T00:09:23.448+0000] {processor.py:179} INFO - Processing /home/airflow/.local/lib/python3.8/site-packages/airflow/example_dags/tutorial_taskflow_api.py took 0.603 seconds
[2023-08-28T00:09:54.110+0000] {processor.py:157} INFO - Started process (PID=177) to work on /home/airflow/.local/lib/python3.8/site-packages/airflow/example_dags/tutorial_taskflow_api.py
[2023-08-28T00:09:54.112+0000] {processor.py:829} INFO - Processing file /home/airflow/.local/lib/python3.8/site-packages/airflow/example_dags/tutorial_taskflow_api.py for tasks to queue
[2023-08-28T00:09:54.116+0000] {logging_mixin.py:151} INFO - [2023-08-28T00:09:54.115+0000] {dagbag.py:539} INFO - Filling up the DagBag from /home/airflow/.local/lib/python3.8/site-packages/airflow/example_dags/tutorial_taskflow_api.py
[2023-08-28T00:09:54.131+0000] {processor.py:839} INFO - DAG(s) dict_keys(['tutorial_taskflow_api']) retrieved from /home/airflow/.local/lib/python3.8/site-packages/airflow/example_dags/tutorial_taskflow_api.py
[2023-08-28T00:09:54.215+0000] {logging_mixin.py:151} INFO - [2023-08-28T00:09:54.215+0000] {dag.py:2907} INFO - Sync 1 DAGs
[2023-08-28T00:09:54.233+0000] {logging_mixin.py:151} INFO - [2023-08-28T00:09:54.233+0000] {dag.py:3677} INFO - Setting next_dagrun for tutorial_taskflow_api to None, run_after=None
[2023-08-28T00:09:54.258+0000] {processor.py:179} INFO - Processing /home/airflow/.local/lib/python3.8/site-packages/airflow/example_dags/tutorial_taskflow_api.py took 0.153 seconds
[2023-08-28T00:10:25.000+0000] {processor.py:157} INFO - Started process (PID=232) to work on /home/airflow/.local/lib/python3.8/site-packages/airflow/example_dags/tutorial_taskflow_api.py
[2023-08-28T00:10:25.002+0000] {processor.py:829} INFO - Processing file /home/airflow/.local/lib/python3.8/site-packages/airflow/example_dags/tutorial_taskflow_api.py for tasks to queue
[2023-08-28T00:10:25.006+0000] {logging_mixin.py:151} INFO - [2023-08-28T00:10:25.005+0000] {dagbag.py:539} INFO - Filling up the DagBag from /home/airflow/.local/lib/python3.8/site-packages/airflow/example_dags/tutorial_taskflow_api.py
[2023-08-28T00:10:25.035+0000] {processor.py:839} INFO - DAG(s) dict_keys(['tutorial_taskflow_api']) retrieved from /home/airflow/.local/lib/python3.8/site-packages/airflow/example_dags/tutorial_taskflow_api.py
[2023-08-28T00:10:25.136+0000] {logging_mixin.py:151} INFO - [2023-08-28T00:10:25.136+0000] {dag.py:2907} INFO - Sync 1 DAGs
[2023-08-28T00:10:25.158+0000] {logging_mixin.py:151} INFO - [2023-08-28T00:10:25.158+0000] {dag.py:3677} INFO - Setting next_dagrun for tutorial_taskflow_api to None, run_after=None
[2023-08-28T00:10:25.185+0000] {processor.py:179} INFO - Processing /home/airflow/.local/lib/python3.8/site-packages/airflow/example_dags/tutorial_taskflow_api.py took 0.190 seconds
[2023-08-28T00:10:55.811+0000] {processor.py:157} INFO - Started process (PID=287) to work on /home/airflow/.local/lib/python3.8/site-packages/airflow/example_dags/tutorial_taskflow_api.py
[2023-08-28T00:10:55.813+0000] {processor.py:829} INFO - Processing file /home/airflow/.local/lib/python3.8/site-packages/airflow/example_dags/tutorial_taskflow_api.py for tasks to queue
[2023-08-28T00:10:55.816+0000] {logging_mixin.py:151} INFO - [2023-08-28T00:10:55.815+0000] {dagbag.py:539} INFO - Filling up the DagBag from /home/airflow/.local/lib/python3.8/site-packages/airflow/example_dags/tutorial_taskflow_api.py
[2023-08-28T00:10:55.825+0000] {processor.py:839} INFO - DAG(s) dict_keys(['tutorial_taskflow_api']) retrieved from /home/airflow/.local/lib/python3.8/site-packages/airflow/example_dags/tutorial_taskflow_api.py
[2023-08-28T00:10:55.902+0000] {logging_mixin.py:151} INFO - [2023-08-28T00:10:55.902+0000] {dag.py:2907} INFO - Sync 1 DAGs
[2023-08-28T00:10:55.921+0000] {logging_mixin.py:151} INFO - [2023-08-28T00:10:55.921+0000] {dag.py:3677} INFO - Setting next_dagrun for tutorial_taskflow_api to None, run_after=None
[2023-08-28T00:10:55.946+0000] {processor.py:179} INFO - Processing /home/airflow/.local/lib/python3.8/site-packages/airflow/example_dags/tutorial_taskflow_api.py took 0.138 seconds
[2023-08-28T00:11:26.056+0000] {processor.py:157} INFO - Started process (PID=341) to work on /home/airflow/.local/lib/python3.8/site-packages/airflow/example_dags/tutorial_taskflow_api.py
[2023-08-28T00:11:26.058+0000] {processor.py:829} INFO - Processing file /home/airflow/.local/lib/python3.8/site-packages/airflow/example_dags/tutorial_taskflow_api.py for tasks to queue
[2023-08-28T00:11:26.061+0000] {logging_mixin.py:151} INFO - [2023-08-28T00:11:26.060+0000] {dagbag.py:539} INFO - Filling up the DagBag from /home/airflow/.local/lib/python3.8/site-packages/airflow/example_dags/tutorial_taskflow_api.py
[2023-08-28T00:11:26.074+0000] {processor.py:839} INFO - DAG(s) dict_keys(['tutorial_taskflow_api']) retrieved from /home/airflow/.local/lib/python3.8/site-packages/airflow/example_dags/tutorial_taskflow_api.py
[2023-08-28T00:11:26.152+0000] {logging_mixin.py:151} INFO - [2023-08-28T00:11:26.152+0000] {dag.py:2907} INFO - Sync 1 DAGs
[2023-08-28T00:11:26.169+0000] {logging_mixin.py:151} INFO - [2023-08-28T00:11:26.169+0000] {dag.py:3677} INFO - Setting next_dagrun for tutorial_taskflow_api to None, run_after=None
[2023-08-28T00:11:26.197+0000] {processor.py:179} INFO - Processing /home/airflow/.local/lib/python3.8/site-packages/airflow/example_dags/tutorial_taskflow_api.py took 0.144 seconds
[2023-08-28T00:11:56.334+0000] {processor.py:157} INFO - Started process (PID=395) to work on /home/airflow/.local/lib/python3.8/site-packages/airflow/example_dags/tutorial_taskflow_api.py
[2023-08-28T00:11:56.335+0000] {processor.py:829} INFO - Processing file /home/airflow/.local/lib/python3.8/site-packages/airflow/example_dags/tutorial_taskflow_api.py for tasks to queue
[2023-08-28T00:11:56.338+0000] {logging_mixin.py:151} INFO - [2023-08-28T00:11:56.337+0000] {dagbag.py:539} INFO - Filling up the DagBag from /home/airflow/.local/lib/python3.8/site-packages/airflow/example_dags/tutorial_taskflow_api.py
[2023-08-28T00:11:56.347+0000] {processor.py:839} INFO - DAG(s) dict_keys(['tutorial_taskflow_api']) retrieved from /home/airflow/.local/lib/python3.8/site-packages/airflow/example_dags/tutorial_taskflow_api.py
[2023-08-28T00:11:56.420+0000] {logging_mixin.py:151} INFO - [2023-08-28T00:11:56.419+0000] {dag.py:2907} INFO - Sync 1 DAGs
[2023-08-28T00:11:56.442+0000] {logging_mixin.py:151} INFO - [2023-08-28T00:11:56.441+0000] {dag.py:3677} INFO - Setting next_dagrun for tutorial_taskflow_api to None, run_after=None
[2023-08-28T00:11:56.474+0000] {processor.py:179} INFO - Processing /home/airflow/.local/lib/python3.8/site-packages/airflow/example_dags/tutorial_taskflow_api.py took 0.143 seconds
[2023-08-28T00:12:27.320+0000] {processor.py:157} INFO - Started process (PID=450) to work on /home/airflow/.local/lib/python3.8/site-packages/airflow/example_dags/tutorial_taskflow_api.py
[2023-08-28T00:12:27.321+0000] {processor.py:829} INFO - Processing file /home/airflow/.local/lib/python3.8/site-packages/airflow/example_dags/tutorial_taskflow_api.py for tasks to queue
[2023-08-28T00:12:27.324+0000] {logging_mixin.py:151} INFO - [2023-08-28T00:12:27.324+0000] {dagbag.py:539} INFO - Filling up the DagBag from /home/airflow/.local/lib/python3.8/site-packages/airflow/example_dags/tutorial_taskflow_api.py
[2023-08-28T00:12:27.333+0000] {processor.py:839} INFO - DAG(s) dict_keys(['tutorial_taskflow_api']) retrieved from /home/airflow/.local/lib/python3.8/site-packages/airflow/example_dags/tutorial_taskflow_api.py
[2023-08-28T00:12:27.414+0000] {logging_mixin.py:151} INFO - [2023-08-28T00:12:27.414+0000] {dag.py:2907} INFO - Sync 1 DAGs
[2023-08-28T00:12:27.432+0000] {logging_mixin.py:151} INFO - [2023-08-28T00:12:27.432+0000] {dag.py:3677} INFO - Setting next_dagrun for tutorial_taskflow_api to None, run_after=None
[2023-08-28T00:12:27.456+0000] {processor.py:179} INFO - Processing /home/airflow/.local/lib/python3.8/site-packages/airflow/example_dags/tutorial_taskflow_api.py took 0.140 seconds
[2023-08-28T00:12:57.643+0000] {processor.py:157} INFO - Started process (PID=505) to work on /home/airflow/.local/lib/python3.8/site-packages/airflow/example_dags/tutorial_taskflow_api.py
[2023-08-28T00:12:57.645+0000] {processor.py:829} INFO - Processing file /home/airflow/.local/lib/python3.8/site-packages/airflow/example_dags/tutorial_taskflow_api.py for tasks to queue
[2023-08-28T00:12:57.647+0000] {logging_mixin.py:151} INFO - [2023-08-28T00:12:57.647+0000] {dagbag.py:539} INFO - Filling up the DagBag from /home/airflow/.local/lib/python3.8/site-packages/airflow/example_dags/tutorial_taskflow_api.py
[2023-08-28T00:12:57.658+0000] {processor.py:839} INFO - DAG(s) dict_keys(['tutorial_taskflow_api']) retrieved from /home/airflow/.local/lib/python3.8/site-packages/airflow/example_dags/tutorial_taskflow_api.py
[2023-08-28T00:12:57.734+0000] {logging_mixin.py:151} INFO - [2023-08-28T00:12:57.734+0000] {dag.py:2907} INFO - Sync 1 DAGs
[2023-08-28T00:12:57.751+0000] {logging_mixin.py:151} INFO - [2023-08-28T00:12:57.751+0000] {dag.py:3677} INFO - Setting next_dagrun for tutorial_taskflow_api to None, run_after=None
[2023-08-28T00:12:57.776+0000] {processor.py:179} INFO - Processing /home/airflow/.local/lib/python3.8/site-packages/airflow/example_dags/tutorial_taskflow_api.py took 0.136 seconds
[2023-08-28T00:13:28.595+0000] {processor.py:157} INFO - Started process (PID=559) to work on /home/airflow/.local/lib/python3.8/site-packages/airflow/example_dags/tutorial_taskflow_api.py
[2023-08-28T00:13:28.598+0000] {processor.py:829} INFO - Processing file /home/airflow/.local/lib/python3.8/site-packages/airflow/example_dags/tutorial_taskflow_api.py for tasks to queue
[2023-08-28T00:13:28.603+0000] {logging_mixin.py:151} INFO - [2023-08-28T00:13:28.602+0000] {dagbag.py:539} INFO - Filling up the DagBag from /home/airflow/.local/lib/python3.8/site-packages/airflow/example_dags/tutorial_taskflow_api.py
[2023-08-28T00:13:28.620+0000] {processor.py:839} INFO - DAG(s) dict_keys(['tutorial_taskflow_api']) retrieved from /home/airflow/.local/lib/python3.8/site-packages/airflow/example_dags/tutorial_taskflow_api.py
[2023-08-28T00:13:28.736+0000] {logging_mixin.py:151} INFO - [2023-08-28T00:13:28.736+0000] {dag.py:2907} INFO - Sync 1 DAGs
[2023-08-28T00:13:28.760+0000] {logging_mixin.py:151} INFO - [2023-08-28T00:13:28.760+0000] {dag.py:3677} INFO - Setting next_dagrun for tutorial_taskflow_api to None, run_after=None
[2023-08-28T00:13:28.798+0000] {processor.py:179} INFO - Processing /home/airflow/.local/lib/python3.8/site-packages/airflow/example_dags/tutorial_taskflow_api.py took 0.209 seconds
[2023-08-28T00:13:59.001+0000] {processor.py:157} INFO - Started process (PID=614) to work on /home/airflow/.local/lib/python3.8/site-packages/airflow/example_dags/tutorial_taskflow_api.py
[2023-08-28T00:13:59.003+0000] {processor.py:829} INFO - Processing file /home/airflow/.local/lib/python3.8/site-packages/airflow/example_dags/tutorial_taskflow_api.py for tasks to queue
[2023-08-28T00:13:59.008+0000] {logging_mixin.py:151} INFO - [2023-08-28T00:13:59.007+0000] {dagbag.py:539} INFO - Filling up the DagBag from /home/airflow/.local/lib/python3.8/site-packages/airflow/example_dags/tutorial_taskflow_api.py
[2023-08-28T00:13:59.022+0000] {processor.py:839} INFO - DAG(s) dict_keys(['tutorial_taskflow_api']) retrieved from /home/airflow/.local/lib/python3.8/site-packages/airflow/example_dags/tutorial_taskflow_api.py
[2023-08-28T00:13:59.124+0000] {logging_mixin.py:151} INFO - [2023-08-28T00:13:59.123+0000] {dag.py:2907} INFO - Sync 1 DAGs
[2023-08-28T00:13:59.148+0000] {logging_mixin.py:151} INFO - [2023-08-28T00:13:59.148+0000] {dag.py:3677} INFO - Setting next_dagrun for tutorial_taskflow_api to None, run_after=None
[2023-08-28T00:13:59.191+0000] {processor.py:179} INFO - Processing /home/airflow/.local/lib/python3.8/site-packages/airflow/example_dags/tutorial_taskflow_api.py took 0.195 seconds
[2023-08-28T00:14:29.272+0000] {processor.py:157} INFO - Started process (PID=668) to work on /home/airflow/.local/lib/python3.8/site-packages/airflow/example_dags/tutorial_taskflow_api.py
[2023-08-28T00:14:29.274+0000] {processor.py:829} INFO - Processing file /home/airflow/.local/lib/python3.8/site-packages/airflow/example_dags/tutorial_taskflow_api.py for tasks to queue
[2023-08-28T00:14:29.279+0000] {logging_mixin.py:151} INFO - [2023-08-28T00:14:29.278+0000] {dagbag.py:539} INFO - Filling up the DagBag from /home/airflow/.local/lib/python3.8/site-packages/airflow/example_dags/tutorial_taskflow_api.py
[2023-08-28T00:14:29.291+0000] {processor.py:839} INFO - DAG(s) dict_keys(['tutorial_taskflow_api']) retrieved from /home/airflow/.local/lib/python3.8/site-packages/airflow/example_dags/tutorial_taskflow_api.py
[2023-08-28T00:14:29.413+0000] {logging_mixin.py:151} INFO - [2023-08-28T00:14:29.413+0000] {dag.py:2907} INFO - Sync 1 DAGs
[2023-08-28T00:14:29.439+0000] {logging_mixin.py:151} INFO - [2023-08-28T00:14:29.439+0000] {dag.py:3677} INFO - Setting next_dagrun for tutorial_taskflow_api to None, run_after=None
[2023-08-28T00:14:29.483+0000] {processor.py:179} INFO - Processing /home/airflow/.local/lib/python3.8/site-packages/airflow/example_dags/tutorial_taskflow_api.py took 0.217 seconds
[2023-08-28T00:15:00.571+0000] {processor.py:157} INFO - Started process (PID=724) to work on /home/airflow/.local/lib/python3.8/site-packages/airflow/example_dags/tutorial_taskflow_api.py
[2023-08-28T00:15:00.573+0000] {processor.py:829} INFO - Processing file /home/airflow/.local/lib/python3.8/site-packages/airflow/example_dags/tutorial_taskflow_api.py for tasks to queue
[2023-08-28T00:15:00.575+0000] {logging_mixin.py:151} INFO - [2023-08-28T00:15:00.575+0000] {dagbag.py:539} INFO - Filling up the DagBag from /home/airflow/.local/lib/python3.8/site-packages/airflow/example_dags/tutorial_taskflow_api.py
[2023-08-28T00:15:00.584+0000] {processor.py:839} INFO - DAG(s) dict_keys(['tutorial_taskflow_api']) retrieved from /home/airflow/.local/lib/python3.8/site-packages/airflow/example_dags/tutorial_taskflow_api.py
[2023-08-28T00:15:00.660+0000] {logging_mixin.py:151} INFO - [2023-08-28T00:15:00.660+0000] {dag.py:2907} INFO - Sync 1 DAGs
[2023-08-28T00:15:00.677+0000] {logging_mixin.py:151} INFO - [2023-08-28T00:15:00.677+0000] {dag.py:3677} INFO - Setting next_dagrun for tutorial_taskflow_api to None, run_after=None
[2023-08-28T00:15:00.702+0000] {processor.py:179} INFO - Processing /home/airflow/.local/lib/python3.8/site-packages/airflow/example_dags/tutorial_taskflow_api.py took 0.134 seconds
[2023-08-28T00:15:31.317+0000] {processor.py:157} INFO - Started process (PID=779) to work on /home/airflow/.local/lib/python3.8/site-packages/airflow/example_dags/tutorial_taskflow_api.py
[2023-08-28T00:15:31.319+0000] {processor.py:829} INFO - Processing file /home/airflow/.local/lib/python3.8/site-packages/airflow/example_dags/tutorial_taskflow_api.py for tasks to queue
[2023-08-28T00:15:31.322+0000] {logging_mixin.py:151} INFO - [2023-08-28T00:15:31.321+0000] {dagbag.py:539} INFO - Filling up the DagBag from /home/airflow/.local/lib/python3.8/site-packages/airflow/example_dags/tutorial_taskflow_api.py
[2023-08-28T00:15:31.331+0000] {processor.py:839} INFO - DAG(s) dict_keys(['tutorial_taskflow_api']) retrieved from /home/airflow/.local/lib/python3.8/site-packages/airflow/example_dags/tutorial_taskflow_api.py
[2023-08-28T00:15:31.413+0000] {logging_mixin.py:151} INFO - [2023-08-28T00:15:31.413+0000] {dag.py:2907} INFO - Sync 1 DAGs
[2023-08-28T00:15:31.432+0000] {logging_mixin.py:151} INFO - [2023-08-28T00:15:31.432+0000] {dag.py:3677} INFO - Setting next_dagrun for tutorial_taskflow_api to None, run_after=None
[2023-08-28T00:15:31.461+0000] {processor.py:179} INFO - Processing /home/airflow/.local/lib/python3.8/site-packages/airflow/example_dags/tutorial_taskflow_api.py took 0.147 seconds
[2023-08-28T00:16:02.049+0000] {processor.py:157} INFO - Started process (PID=834) to work on /home/airflow/.local/lib/python3.8/site-packages/airflow/example_dags/tutorial_taskflow_api.py
[2023-08-28T00:16:02.052+0000] {processor.py:829} INFO - Processing file /home/airflow/.local/lib/python3.8/site-packages/airflow/example_dags/tutorial_taskflow_api.py for tasks to queue
[2023-08-28T00:16:02.057+0000] {logging_mixin.py:151} INFO - [2023-08-28T00:16:02.056+0000] {dagbag.py:539} INFO - Filling up the DagBag from /home/airflow/.local/lib/python3.8/site-packages/airflow/example_dags/tutorial_taskflow_api.py
[2023-08-28T00:16:02.069+0000] {processor.py:839} INFO - DAG(s) dict_keys(['tutorial_taskflow_api']) retrieved from /home/airflow/.local/lib/python3.8/site-packages/airflow/example_dags/tutorial_taskflow_api.py
[2023-08-28T00:16:02.150+0000] {logging_mixin.py:151} INFO - [2023-08-28T00:16:02.150+0000] {dag.py:2907} INFO - Sync 1 DAGs
[2023-08-28T00:16:02.167+0000] {logging_mixin.py:151} INFO - [2023-08-28T00:16:02.167+0000] {dag.py:3677} INFO - Setting next_dagrun for tutorial_taskflow_api to None, run_after=None
[2023-08-28T00:16:02.191+0000] {processor.py:179} INFO - Processing /home/airflow/.local/lib/python3.8/site-packages/airflow/example_dags/tutorial_taskflow_api.py took 0.147 seconds
[2023-08-28T00:16:32.493+0000] {processor.py:157} INFO - Started process (PID=889) to work on /home/airflow/.local/lib/python3.8/site-packages/airflow/example_dags/tutorial_taskflow_api.py
[2023-08-28T00:16:32.496+0000] {processor.py:829} INFO - Processing file /home/airflow/.local/lib/python3.8/site-packages/airflow/example_dags/tutorial_taskflow_api.py for tasks to queue
[2023-08-28T00:16:32.501+0000] {logging_mixin.py:151} INFO - [2023-08-28T00:16:32.500+0000] {dagbag.py:539} INFO - Filling up the DagBag from /home/airflow/.local/lib/python3.8/site-packages/airflow/example_dags/tutorial_taskflow_api.py
[2023-08-28T00:16:32.517+0000] {processor.py:839} INFO - DAG(s) dict_keys(['tutorial_taskflow_api']) retrieved from /home/airflow/.local/lib/python3.8/site-packages/airflow/example_dags/tutorial_taskflow_api.py
[2023-08-28T00:16:32.614+0000] {logging_mixin.py:151} INFO - [2023-08-28T00:16:32.613+0000] {dag.py:2907} INFO - Sync 1 DAGs
[2023-08-28T00:16:32.634+0000] {logging_mixin.py:151} INFO - [2023-08-28T00:16:32.633+0000] {dag.py:3677} INFO - Setting next_dagrun for tutorial_taskflow_api to None, run_after=None
[2023-08-28T00:16:32.666+0000] {processor.py:179} INFO - Processing /home/airflow/.local/lib/python3.8/site-packages/airflow/example_dags/tutorial_taskflow_api.py took 0.184 seconds
[2023-08-28T00:17:02.696+0000] {processor.py:157} INFO - Started process (PID=944) to work on /home/airflow/.local/lib/python3.8/site-packages/airflow/example_dags/tutorial_taskflow_api.py
[2023-08-28T00:17:02.698+0000] {processor.py:829} INFO - Processing file /home/airflow/.local/lib/python3.8/site-packages/airflow/example_dags/tutorial_taskflow_api.py for tasks to queue
[2023-08-28T00:17:02.700+0000] {logging_mixin.py:151} INFO - [2023-08-28T00:17:02.700+0000] {dagbag.py:539} INFO - Filling up the DagBag from /home/airflow/.local/lib/python3.8/site-packages/airflow/example_dags/tutorial_taskflow_api.py
[2023-08-28T00:17:02.709+0000] {processor.py:839} INFO - DAG(s) dict_keys(['tutorial_taskflow_api']) retrieved from /home/airflow/.local/lib/python3.8/site-packages/airflow/example_dags/tutorial_taskflow_api.py
[2023-08-28T00:17:02.788+0000] {logging_mixin.py:151} INFO - [2023-08-28T00:17:02.788+0000] {dag.py:2907} INFO - Sync 1 DAGs
[2023-08-28T00:17:02.806+0000] {logging_mixin.py:151} INFO - [2023-08-28T00:17:02.805+0000] {dag.py:3677} INFO - Setting next_dagrun for tutorial_taskflow_api to None, run_after=None
[2023-08-28T00:17:02.830+0000] {processor.py:179} INFO - Processing /home/airflow/.local/lib/python3.8/site-packages/airflow/example_dags/tutorial_taskflow_api.py took 0.136 seconds
[2023-08-28T00:17:33.710+0000] {processor.py:157} INFO - Started process (PID=999) to work on /home/airflow/.local/lib/python3.8/site-packages/airflow/example_dags/tutorial_taskflow_api.py
[2023-08-28T00:17:33.713+0000] {processor.py:829} INFO - Processing file /home/airflow/.local/lib/python3.8/site-packages/airflow/example_dags/tutorial_taskflow_api.py for tasks to queue
[2023-08-28T00:17:33.717+0000] {logging_mixin.py:151} INFO - [2023-08-28T00:17:33.717+0000] {dagbag.py:539} INFO - Filling up the DagBag from /home/airflow/.local/lib/python3.8/site-packages/airflow/example_dags/tutorial_taskflow_api.py
[2023-08-28T00:17:33.729+0000] {processor.py:839} INFO - DAG(s) dict_keys(['tutorial_taskflow_api']) retrieved from /home/airflow/.local/lib/python3.8/site-packages/airflow/example_dags/tutorial_taskflow_api.py
[2023-08-28T00:17:33.816+0000] {logging_mixin.py:151} INFO - [2023-08-28T00:17:33.816+0000] {dag.py:2907} INFO - Sync 1 DAGs
[2023-08-28T00:17:33.839+0000] {logging_mixin.py:151} INFO - [2023-08-28T00:17:33.839+0000] {dag.py:3677} INFO - Setting next_dagrun for tutorial_taskflow_api to None, run_after=None
[2023-08-28T00:17:33.871+0000] {processor.py:179} INFO - Processing /home/airflow/.local/lib/python3.8/site-packages/airflow/example_dags/tutorial_taskflow_api.py took 0.165 seconds
[2023-08-28T00:18:07.448+0000] {processor.py:157} INFO - Started process (PID=1054) to work on /home/airflow/.local/lib/python3.8/site-packages/airflow/example_dags/tutorial_taskflow_api.py
[2023-08-28T00:18:07.449+0000] {processor.py:829} INFO - Processing file /home/airflow/.local/lib/python3.8/site-packages/airflow/example_dags/tutorial_taskflow_api.py for tasks to queue
[2023-08-28T00:18:07.453+0000] {logging_mixin.py:151} INFO - [2023-08-28T00:18:07.452+0000] {dagbag.py:539} INFO - Filling up the DagBag from /home/airflow/.local/lib/python3.8/site-packages/airflow/example_dags/tutorial_taskflow_api.py
[2023-08-28T00:18:07.464+0000] {processor.py:839} INFO - DAG(s) dict_keys(['tutorial_taskflow_api']) retrieved from /home/airflow/.local/lib/python3.8/site-packages/airflow/example_dags/tutorial_taskflow_api.py
[2023-08-28T00:18:07.607+0000] {logging_mixin.py:151} INFO - [2023-08-28T00:18:07.606+0000] {dag.py:2907} INFO - Sync 1 DAGs
[2023-08-28T00:18:07.642+0000] {logging_mixin.py:151} INFO - [2023-08-28T00:18:07.641+0000] {dag.py:3677} INFO - Setting next_dagrun for tutorial_taskflow_api to None, run_after=None
[2023-08-28T00:18:07.674+0000] {processor.py:179} INFO - Processing /home/airflow/.local/lib/python3.8/site-packages/airflow/example_dags/tutorial_taskflow_api.py took 0.229 seconds
[2023-08-28T00:18:37.988+0000] {processor.py:157} INFO - Started process (PID=1108) to work on /home/airflow/.local/lib/python3.8/site-packages/airflow/example_dags/tutorial_taskflow_api.py
[2023-08-28T00:18:37.989+0000] {processor.py:829} INFO - Processing file /home/airflow/.local/lib/python3.8/site-packages/airflow/example_dags/tutorial_taskflow_api.py for tasks to queue
[2023-08-28T00:18:37.992+0000] {logging_mixin.py:151} INFO - [2023-08-28T00:18:37.992+0000] {dagbag.py:539} INFO - Filling up the DagBag from /home/airflow/.local/lib/python3.8/site-packages/airflow/example_dags/tutorial_taskflow_api.py
[2023-08-28T00:18:38.001+0000] {processor.py:839} INFO - DAG(s) dict_keys(['tutorial_taskflow_api']) retrieved from /home/airflow/.local/lib/python3.8/site-packages/airflow/example_dags/tutorial_taskflow_api.py
[2023-08-28T00:18:38.077+0000] {logging_mixin.py:151} INFO - [2023-08-28T00:18:38.077+0000] {dag.py:2907} INFO - Sync 1 DAGs
[2023-08-28T00:18:38.093+0000] {logging_mixin.py:151} INFO - [2023-08-28T00:18:38.093+0000] {dag.py:3677} INFO - Setting next_dagrun for tutorial_taskflow_api to None, run_after=None
[2023-08-28T00:18:38.118+0000] {processor.py:179} INFO - Processing /home/airflow/.local/lib/python3.8/site-packages/airflow/example_dags/tutorial_taskflow_api.py took 0.133 seconds
[2023-08-28T00:19:09.025+0000] {processor.py:157} INFO - Started process (PID=1163) to work on /home/airflow/.local/lib/python3.8/site-packages/airflow/example_dags/tutorial_taskflow_api.py
[2023-08-28T00:19:09.028+0000] {processor.py:829} INFO - Processing file /home/airflow/.local/lib/python3.8/site-packages/airflow/example_dags/tutorial_taskflow_api.py for tasks to queue
[2023-08-28T00:19:09.031+0000] {logging_mixin.py:151} INFO - [2023-08-28T00:19:09.031+0000] {dagbag.py:539} INFO - Filling up the DagBag from /home/airflow/.local/lib/python3.8/site-packages/airflow/example_dags/tutorial_taskflow_api.py
[2023-08-28T00:19:09.045+0000] {processor.py:839} INFO - DAG(s) dict_keys(['tutorial_taskflow_api']) retrieved from /home/airflow/.local/lib/python3.8/site-packages/airflow/example_dags/tutorial_taskflow_api.py
[2023-08-28T00:19:09.262+0000] {logging_mixin.py:151} INFO - [2023-08-28T00:19:09.262+0000] {dag.py:2907} INFO - Sync 1 DAGs
[2023-08-28T00:19:09.288+0000] {logging_mixin.py:151} INFO - [2023-08-28T00:19:09.288+0000] {dag.py:3677} INFO - Setting next_dagrun for tutorial_taskflow_api to None, run_after=None
[2023-08-28T00:19:09.364+0000] {processor.py:179} INFO - Processing /home/airflow/.local/lib/python3.8/site-packages/airflow/example_dags/tutorial_taskflow_api.py took 0.343 seconds
[2023-08-28T00:19:39.424+0000] {processor.py:157} INFO - Started process (PID=1218) to work on /home/airflow/.local/lib/python3.8/site-packages/airflow/example_dags/tutorial_taskflow_api.py
[2023-08-28T00:19:39.425+0000] {processor.py:829} INFO - Processing file /home/airflow/.local/lib/python3.8/site-packages/airflow/example_dags/tutorial_taskflow_api.py for tasks to queue
[2023-08-28T00:19:39.428+0000] {logging_mixin.py:151} INFO - [2023-08-28T00:19:39.428+0000] {dagbag.py:539} INFO - Filling up the DagBag from /home/airflow/.local/lib/python3.8/site-packages/airflow/example_dags/tutorial_taskflow_api.py
[2023-08-28T00:19:39.438+0000] {processor.py:839} INFO - DAG(s) dict_keys(['tutorial_taskflow_api']) retrieved from /home/airflow/.local/lib/python3.8/site-packages/airflow/example_dags/tutorial_taskflow_api.py
[2023-08-28T00:19:39.511+0000] {logging_mixin.py:151} INFO - [2023-08-28T00:19:39.511+0000] {dag.py:2907} INFO - Sync 1 DAGs
[2023-08-28T00:19:39.529+0000] {logging_mixin.py:151} INFO - [2023-08-28T00:19:39.529+0000] {dag.py:3677} INFO - Setting next_dagrun for tutorial_taskflow_api to None, run_after=None
[2023-08-28T00:19:39.560+0000] {processor.py:179} INFO - Processing /home/airflow/.local/lib/python3.8/site-packages/airflow/example_dags/tutorial_taskflow_api.py took 0.139 seconds
[2023-08-28T00:20:10.583+0000] {processor.py:157} INFO - Started process (PID=1273) to work on /home/airflow/.local/lib/python3.8/site-packages/airflow/example_dags/tutorial_taskflow_api.py
[2023-08-28T00:20:10.585+0000] {processor.py:829} INFO - Processing file /home/airflow/.local/lib/python3.8/site-packages/airflow/example_dags/tutorial_taskflow_api.py for tasks to queue
[2023-08-28T00:20:10.588+0000] {logging_mixin.py:151} INFO - [2023-08-28T00:20:10.588+0000] {dagbag.py:539} INFO - Filling up the DagBag from /home/airflow/.local/lib/python3.8/site-packages/airflow/example_dags/tutorial_taskflow_api.py
[2023-08-28T00:20:10.599+0000] {processor.py:839} INFO - DAG(s) dict_keys(['tutorial_taskflow_api']) retrieved from /home/airflow/.local/lib/python3.8/site-packages/airflow/example_dags/tutorial_taskflow_api.py
[2023-08-28T00:20:10.694+0000] {logging_mixin.py:151} INFO - [2023-08-28T00:20:10.692+0000] {dag.py:2907} INFO - Sync 1 DAGs
[2023-08-28T00:20:10.733+0000] {logging_mixin.py:151} INFO - [2023-08-28T00:20:10.732+0000] {dag.py:3677} INFO - Setting next_dagrun for tutorial_taskflow_api to None, run_after=None
[2023-08-28T00:20:10.766+0000] {processor.py:179} INFO - Processing /home/airflow/.local/lib/python3.8/site-packages/airflow/example_dags/tutorial_taskflow_api.py took 0.186 seconds
[2023-08-28T00:20:41.240+0000] {processor.py:157} INFO - Started process (PID=1328) to work on /home/airflow/.local/lib/python3.8/site-packages/airflow/example_dags/tutorial_taskflow_api.py
[2023-08-28T00:20:41.241+0000] {processor.py:829} INFO - Processing file /home/airflow/.local/lib/python3.8/site-packages/airflow/example_dags/tutorial_taskflow_api.py for tasks to queue
[2023-08-28T00:20:41.244+0000] {logging_mixin.py:151} INFO - [2023-08-28T00:20:41.244+0000] {dagbag.py:539} INFO - Filling up the DagBag from /home/airflow/.local/lib/python3.8/site-packages/airflow/example_dags/tutorial_taskflow_api.py
[2023-08-28T00:20:41.253+0000] {processor.py:839} INFO - DAG(s) dict_keys(['tutorial_taskflow_api']) retrieved from /home/airflow/.local/lib/python3.8/site-packages/airflow/example_dags/tutorial_taskflow_api.py
[2023-08-28T00:20:41.337+0000] {logging_mixin.py:151} INFO - [2023-08-28T00:20:41.337+0000] {dag.py:2907} INFO - Sync 1 DAGs
[2023-08-28T00:20:41.357+0000] {logging_mixin.py:151} INFO - [2023-08-28T00:20:41.356+0000] {dag.py:3677} INFO - Setting next_dagrun for tutorial_taskflow_api to None, run_after=None
[2023-08-28T00:20:41.382+0000] {processor.py:179} INFO - Processing /home/airflow/.local/lib/python3.8/site-packages/airflow/example_dags/tutorial_taskflow_api.py took 0.145 seconds
[2023-08-28T00:21:11.619+0000] {processor.py:157} INFO - Started process (PID=1383) to work on /home/airflow/.local/lib/python3.8/site-packages/airflow/example_dags/tutorial_taskflow_api.py
[2023-08-28T00:21:11.620+0000] {processor.py:829} INFO - Processing file /home/airflow/.local/lib/python3.8/site-packages/airflow/example_dags/tutorial_taskflow_api.py for tasks to queue
[2023-08-28T00:21:11.623+0000] {logging_mixin.py:151} INFO - [2023-08-28T00:21:11.623+0000] {dagbag.py:539} INFO - Filling up the DagBag from /home/airflow/.local/lib/python3.8/site-packages/airflow/example_dags/tutorial_taskflow_api.py
[2023-08-28T00:21:11.633+0000] {processor.py:839} INFO - DAG(s) dict_keys(['tutorial_taskflow_api']) retrieved from /home/airflow/.local/lib/python3.8/site-packages/airflow/example_dags/tutorial_taskflow_api.py
[2023-08-28T00:21:11.708+0000] {logging_mixin.py:151} INFO - [2023-08-28T00:21:11.708+0000] {dag.py:2907} INFO - Sync 1 DAGs
[2023-08-28T00:21:11.725+0000] {logging_mixin.py:151} INFO - [2023-08-28T00:21:11.725+0000] {dag.py:3677} INFO - Setting next_dagrun for tutorial_taskflow_api to None, run_after=None
[2023-08-28T00:21:11.754+0000] {processor.py:179} INFO - Processing /home/airflow/.local/lib/python3.8/site-packages/airflow/example_dags/tutorial_taskflow_api.py took 0.138 seconds
[2023-08-28T00:21:42.445+0000] {processor.py:157} INFO - Started process (PID=1438) to work on /home/airflow/.local/lib/python3.8/site-packages/airflow/example_dags/tutorial_taskflow_api.py
[2023-08-28T00:21:42.447+0000] {processor.py:829} INFO - Processing file /home/airflow/.local/lib/python3.8/site-packages/airflow/example_dags/tutorial_taskflow_api.py for tasks to queue
[2023-08-28T00:21:42.451+0000] {logging_mixin.py:151} INFO - [2023-08-28T00:21:42.450+0000] {dagbag.py:539} INFO - Filling up the DagBag from /home/airflow/.local/lib/python3.8/site-packages/airflow/example_dags/tutorial_taskflow_api.py
[2023-08-28T00:21:42.465+0000] {processor.py:839} INFO - DAG(s) dict_keys(['tutorial_taskflow_api']) retrieved from /home/airflow/.local/lib/python3.8/site-packages/airflow/example_dags/tutorial_taskflow_api.py
[2023-08-28T00:21:42.899+0000] {logging_mixin.py:151} INFO - [2023-08-28T00:21:42.898+0000] {dag.py:2907} INFO - Sync 1 DAGs
[2023-08-28T00:21:43.028+0000] {logging_mixin.py:151} INFO - [2023-08-28T00:21:43.027+0000] {dag.py:3677} INFO - Setting next_dagrun for tutorial_taskflow_api to None, run_after=None
[2023-08-28T00:21:43.093+0000] {processor.py:179} INFO - Processing /home/airflow/.local/lib/python3.8/site-packages/airflow/example_dags/tutorial_taskflow_api.py took 0.652 seconds
